<?xml version="1.0" encoding="utf-8"?>
<TestRun id="98ddf6b1-be59-429e-aa64-571b7d56833a" name="C278249@USE2DEVP00496 2022-08-01 16:09:53" runUser="EAD\C278249" xmlns="http://microsoft.com/schemas/VisualStudio/TeamTest/2010">
  <Times creation="2022-08-01T16:09:53.7192337+05:30" queuing="2022-08-01T16:09:53.7192337+05:30" start="2022-08-01T16:09:53.3472345+05:30" finish="2022-08-01T16:09:53.7202377+05:30" />
  <TestSettings name="default" id="a787fd21-ab02-43e7-904f-bde1715b742d">
    <Deployment runDeploymentRoot="C278249_USE2DEVP00496_2022-08-01_16_09_53" />
  </TestSettings>
  <TestLists>
    <TestList name="Results Not in a List" id="8c84fa94-04c1-424b-9868-57a2d4851a1d" />
    <TestList name="All Loaded Results" id="19431567-8539-422a-85d7-44ee4e166bda" />
  </TestLists>
  <ResultSummary outcome="Completed">
    <Counters total="0" executed="0" passed="0" failed="0" error="0" timeout="0" aborted="0" inconclusive="0" passedButRunAborted="0" notRunnable="0" notExecuted="0" disconnected="0" warning="0" completed="0" inProgress="0" pending="0" />
    <RunInfos>
      <RunInfo computerName="USE2DEVP00496" outcome="Warning" timestamp="2022-08-01T16:09:53.7062368+05:30">
        <Text>No test is available in C:\BDDPracticeFramework\SnapDealTestProject\bin\Debug\net48\SnapDealTestProject.dll. Make sure that test discoverer &amp; executors are registered and platform &amp; framework version settings are appropriate and try again.</Text>
      </RunInfo>
    </RunInfos>
  </ResultSummary>
</TestRun>