<?xml version="1.0" encoding="utf-8"?>
<TestRun id="a4aab6b3-af15-47a1-a6ab-4da089848eb5" name="C278249@USE2DEVP00496 2022-07-26 19:18:12" runUser="EAD\C278249" xmlns="http://microsoft.com/schemas/VisualStudio/TeamTest/2010">
  <Times creation="2022-07-26T19:18:12.2422719+05:30" queuing="2022-07-26T19:18:12.2422719+05:30" start="2022-07-26T19:18:11.1593515+05:30" finish="2022-07-26T19:18:12.2442705+05:30" />
  <TestSettings name="default" id="01ac16bf-239f-4032-92cd-18be2d81c55c">
    <Deployment runDeploymentRoot="C278249_USE2DEVP00496_2022-07-26_19_18_12" />
  </TestSettings>
  <TestLists>
    <TestList name="Results Not in a List" id="8c84fa94-04c1-424b-9868-57a2d4851a1d" />
    <TestList name="All Loaded Results" id="19431567-8539-422a-85d7-44ee4e166bda" />
  </TestLists>
  <ResultSummary outcome="Completed">
    <Counters total="0" executed="0" passed="0" failed="0" error="0" timeout="0" aborted="0" inconclusive="0" passedButRunAborted="0" notRunnable="0" notExecuted="0" disconnected="0" warning="0" completed="0" inProgress="0" pending="0" />
    <Output>
      <StdOut>NUnit Adapter 4.1.0.0: Test execution started&#xD;
Running selected tests in C:\BDDPracticeFramework\SnapDealTestProject\bin\Debug\net48\SnapDealTestProject.dll&#xD;
   NUnit3TestExecutor discovered 2 of 2 NUnit test cases using Current Discovery mode, Non-Explicit run&#xD;
NUnit Adapter 4.1.0.0: Test execution complete&#xD;
</StdOut>
    </Output>
    <RunInfos>
      <RunInfo computerName="USE2DEVP00496" outcome="Warning" timestamp="2022-07-26T19:18:12.0623539+05:30">
        <Text>Exception System.Collections.Generic.KeyNotFoundException,    Exception thrown executing tests in C:\BDDPracticeFramework\SnapDealTestProject\bin\Debug\net48\SnapDealTestProject.dll</Text>
      </RunInfo>
      <RunInfo computerName="USE2DEVP00496" outcome="Warning" timestamp="2022-07-26T19:18:12.0643523+05:30">
        <Text>Property 'Server:Url' not found in the configuration. Make sure you have configured it properly.</Text>
      </RunInfo>
      <RunInfo computerName="USE2DEVP00496" outcome="Warning" timestamp="2022-07-26T19:18:12.0683516+05:30">
        <Text>   at ReportPortal.Shared.Configuration.Configuration.GetValue[T](String property)&#xD;
   at ReportPortal.Shared.Reporter.Http.ClientServiceBuilder.Build()&#xD;
   at ReportPortal.NUnitExtension.ReportPortalListener..ctor() in C:\projects\agent-net-nunit\src\ReportPortal.NUnitExtension\ReportPortalListener.cs:line 34</Text>
      </RunInfo>
      <RunInfo computerName="USE2DEVP00496" outcome="Warning" timestamp="2022-07-26T19:18:12.2282722+05:30">
        <Text>No test matches the given testcase filter `TestCategory=SnapDeal` in C:\BDDPracticeFramework\SnapDealTestProject\bin\Debug\net48\SnapDealTestProject.dll</Text>
      </RunInfo>
    </RunInfos>
  </ResultSummary>
</TestRun>