<?xml version="1.0" encoding="utf-8"?>
<TestRun id="26704338-2359-42d7-aeef-6526ed497194" name="C278249@USE2DEVP00496 2022-08-10 15:53:49" runUser="EAD\C278249" xmlns="http://microsoft.com/schemas/VisualStudio/TeamTest/2010">
  <Times creation="2022-08-10T15:53:49.4954395+05:30" queuing="2022-08-10T15:53:49.4954395+05:30" start="2022-08-10T15:53:29.4724086+05:30" finish="2022-08-10T15:54:23.8592979+05:30" />
  <TestSettings name="default" id="b7d1b3a2-6fa7-4120-b174-fb46ac859c82">
    <Deployment runDeploymentRoot="C278249_USE2DEVP00496_2022-08-10_15_53_49" />
  </TestSettings>
  <Results>
    <UnitTestResult executionId="690fe52f-56ac-4546-a8c6-a5f89a7f99af" testId="8e0f11a9-14bd-9ab9-006a-2f5f5253209a" testName="VerifySortByFilterOptions(&quot;Price Low To High&quot;,null)" computerName="USE2DEVP00496" duration="00:00:32.2420000" startTime="2022-08-10T15:53:30.8254098+05:30" endTime="2022-08-10T15:54:03.0684588+05:30" testType="13cdc9d9-ddb5-4fa4-a97d-d965ccfc6d4b" outcome="Failed" testListId="8c84fa94-04c1-424b-9868-57a2d4851a1d" relativeResultsDirectory="690fe52f-56ac-4546-a8c6-a5f89a7f99af">
      <Output>
        <StdOut>path is: C:\BDDPracticeFramework\SnapDealTestProject&#xD;
Given I Open SnapDeal site&#xD;
-&gt; done: SnapDealStepDefinitions.GivenIOpenSnapDealSite() (8.2s)&#xD;
Then I verify search bar is displayed&#xD;
-&gt; done: SnapDealStepDefinitions.ThenIVerifySearchBarIsDisplayed() (1.8s)&#xD;
When I search for 'Perfumes'&#xD;
-&gt; error: unknown error: cannot determine loading status&#xD;
from unknown error: unexpected command response&#xD;
  (Session info: chrome=104.0.5112.81) (5.7s)&#xD;
Then I verify menu icon displayed&#xD;
-&gt; skipped because of previous errors&#xD;
When I apply 'Price Low To High' SortBy filter&#xD;
-&gt; skipped because of previous errors&#xD;
Then I verify 'Price Low To High' SortBy filter is applied&#xD;
-&gt; skipped because of previous errors&#xD;
path is: C:\BDDPracticeFramework\SnapDealTestProject&#xD;
Screenshot: file:///C:/BDDPracticeFramework/SnapDealTestProject/Screenshots/Verifysortbyfilteroptions_08-10-2022-03-53-54_ERROR.png</StdOut>
        <ErrorInfo>
          <Message>OpenQA.Selenium.WebDriverException : unknown error: cannot determine loading status&#xD;
from unknown error: unexpected command response&#xD;
  (Session info: chrome=104.0.5112.81)</Message>
          <StackTrace>   at OpenQA.Selenium.WebDriver.UnpackAndThrowOnError(Response errorResponse)&#xD;
   at OpenQA.Selenium.WebDriver.Execute(String driverCommandToExecute, Dictionary`2 parameters)&#xD;
   at OpenQA.Selenium.WebDriver.InternalExecute(String driverCommandToExecute, Dictionary`2 parameters)&#xD;
   at OpenQA.Selenium.WebElement.Execute(String commandToExecute, Dictionary`2 parameters)&#xD;
   at OpenQA.Selenium.WebElement.Click()&#xD;
   at SnapDealTestProject.Library.Extensions.DriverExtensions.Click(By elementBy) in C:\BDDPracticeFramework\SnapDealTestProject\Library\DriverExtensions\ClickExtensions.cs:line 16&#xD;
   at SnapDealTestProject.Components.HeaderComponent.ClickSearchButton[T]() in C:\BDDPracticeFramework\SnapDealTestProject\Components\HeaderComponent.cs:line 82&#xD;
   at SnapDealTestProject.Components.HeaderComponent.EnterSearchQueryAndClickSearch[T](String searchText) in C:\BDDPracticeFramework\SnapDealTestProject\Components\HeaderComponent.cs:line 43&#xD;
   at SnapDealTestProject.Steps.SnapDealStepDefinitions.WhenISearchFor(String product) in C:\BDDPracticeFramework\SnapDealTestProject\Steps\SnapDealStepDefinitions.cs:line 34&#xD;
   at lambda_method(Closure , IContextManager , String )&#xD;
   at TechTalk.SpecFlow.Bindings.BindingInvoker.InvokeBinding(IBinding binding, IContextManager contextManager, Object[] arguments, ITestTracer testTracer, TimeSpan&amp; duration)&#xD;
   at TechTalk.SpecFlow.Infrastructure.TestExecutionEngine.ExecuteStepMatch(BindingMatch match, Object[] arguments, TimeSpan&amp; duration)&#xD;
   at TechTalk.SpecFlow.Infrastructure.TestExecutionEngine.ExecuteStep(IContextManager contextManager, StepInstance stepInstance)&#xD;
   at TechTalk.SpecFlow.Infrastructure.TestExecutionEngine.OnAfterLastStep()&#xD;
   at TechTalk.SpecFlow.TestRunner.CollectScenarioErrors()&#xD;
   at SnapDealTestProject.Features.SnapDealFeature.ScenarioCleanup()&#xD;
   at SnapDealTestProject.Features.SnapDealFeature.VerifySortByFilterOptions(String filter, String[] exampleTags) in C:\BDDPracticeFramework\SnapDealTestProject\Features\SnapDeal.feature:line 11</StackTrace>
        </ErrorInfo>
      </Output>
    </UnitTestResult>
    <UnitTestResult executionId="84a64bfc-9e0c-4146-a41f-513b0e848110" testId="e83985a7-806b-673d-f050-42bf5bc8beb3" testName="TestingParallelism" computerName="USE2DEVP00496" duration="00:00:18.4400000" startTime="2022-08-10T15:53:30.8254098+05:30" endTime="2022-08-10T15:53:49.2654387+05:30" testType="13cdc9d9-ddb5-4fa4-a97d-d965ccfc6d4b" outcome="Passed" testListId="8c84fa94-04c1-424b-9868-57a2d4851a1d" relativeResultsDirectory="84a64bfc-9e0c-4146-a41f-513b0e848110">
      <Output>
        <StdOut>path is: C:\BDDPracticeFramework\SnapDealTestProject&#xD;
Given I Open SnapDeal site&#xD;
-&gt; done: SnapDealStepDefinitions.GivenIOpenSnapDealSite() (6.7s)</StdOut>
      </Output>
    </UnitTestResult>
    <UnitTestResult executionId="b3e08215-4e14-4db7-9ba3-9b13f15dfa1d" testId="f6086eae-b56d-43b6-0ca7-dd94dbd107cf" testName="VerifySortByFilterOptions(&quot;Price High To Low&quot;,null)" computerName="USE2DEVP00496" duration="00:00:20.3160000" startTime="2022-08-10T15:54:03.0684588+05:30" endTime="2022-08-10T15:54:23.3842930+05:30" testType="13cdc9d9-ddb5-4fa4-a97d-d965ccfc6d4b" outcome="Passed" testListId="8c84fa94-04c1-424b-9868-57a2d4851a1d" relativeResultsDirectory="b3e08215-4e14-4db7-9ba3-9b13f15dfa1d">
      <Output>
        <StdOut>path is: C:\BDDPracticeFramework\SnapDealTestProject&#xD;
Given I Open SnapDeal site&#xD;
-&gt; done: SnapDealStepDefinitions.GivenIOpenSnapDealSite() (4.4s)&#xD;
Then I verify search bar is displayed&#xD;
-&gt; done: SnapDealStepDefinitions.ThenIVerifySearchBarIsDisplayed() (0.2s)&#xD;
When I search for 'Perfumes'&#xD;
-&gt; done: SnapDealStepDefinitions.WhenISearchFor("Perfumes") (10.3s)&#xD;
Then I verify menu icon displayed&#xD;
-&gt; done: SnapDealStepDefinitions.ThenIVerifyMenuIconDisplayed() (0.0s)&#xD;
When I apply 'Price High To Low' SortBy filter&#xD;
-&gt; done: SnapDealStepDefinitions.WhenIApplySortByFilter(PriceHighToLow) (0.4s)&#xD;
Then I verify 'Price High To Low' SortBy filter is applied&#xD;
-&gt; done: SnapDealStepDefinitions.ThenIVerifySortByFilterIsApplied(PriceHighToLow) (0.0s)</StdOut>
      </Output>
    </UnitTestResult>
  </Results>
  <TestDefinitions>
    <UnitTest name="VerifySortByFilterOptions(&quot;Price Low To High&quot;,null)" storage="c:\bddpracticeframework\snapdealtestproject\bin\debug\net48\.\snapdealtestproject.dll" id="8e0f11a9-14bd-9ab9-006a-2f5f5253209a">
      <Execution id="690fe52f-56ac-4546-a8c6-a5f89a7f99af" />
      <TestMethod codeBase="C:\BDDPracticeFramework\SnapDealTestProject\bin\Debug\net48\.\SnapDealTestProject.dll" adapterTypeName="executor://nunit3testexecutor/" className="SnapDealTestProject.Features.SnapDealFeature" name="VerifySortByFilterOptions(&quot;Price Low To High&quot;,null)" />
    </UnitTest>
    <UnitTest name="VerifySortByFilterOptions(&quot;Price High To Low&quot;,null)" storage="c:\bddpracticeframework\snapdealtestproject\bin\debug\net48\.\snapdealtestproject.dll" id="f6086eae-b56d-43b6-0ca7-dd94dbd107cf">
      <Execution id="b3e08215-4e14-4db7-9ba3-9b13f15dfa1d" />
      <TestMethod codeBase="C:\BDDPracticeFramework\SnapDealTestProject\bin\Debug\net48\.\SnapDealTestProject.dll" adapterTypeName="executor://nunit3testexecutor/" className="SnapDealTestProject.Features.SnapDealFeature" name="VerifySortByFilterOptions(&quot;Price High To Low&quot;,null)" />
    </UnitTest>
    <UnitTest name="TestingParallelism" storage="c:\bddpracticeframework\snapdealtestproject\bin\debug\net48\.\snapdealtestproject.dll" id="e83985a7-806b-673d-f050-42bf5bc8beb3">
      <Execution id="84a64bfc-9e0c-4146-a41f-513b0e848110" />
      <TestMethod codeBase="C:\BDDPracticeFramework\SnapDealTestProject\bin\Debug\net48\.\SnapDealTestProject.dll" adapterTypeName="executor://nunit3testexecutor/" className="SnapDealTestProject.Features.SpecFlowFeature2Feature" name="TestingParallelism" />
    </UnitTest>
  </TestDefinitions>
  <TestEntries>
    <TestEntry testId="8e0f11a9-14bd-9ab9-006a-2f5f5253209a" executionId="690fe52f-56ac-4546-a8c6-a5f89a7f99af" testListId="8c84fa94-04c1-424b-9868-57a2d4851a1d" />
    <TestEntry testId="e83985a7-806b-673d-f050-42bf5bc8beb3" executionId="84a64bfc-9e0c-4146-a41f-513b0e848110" testListId="8c84fa94-04c1-424b-9868-57a2d4851a1d" />
    <TestEntry testId="f6086eae-b56d-43b6-0ca7-dd94dbd107cf" executionId="b3e08215-4e14-4db7-9ba3-9b13f15dfa1d" testListId="8c84fa94-04c1-424b-9868-57a2d4851a1d" />
  </TestEntries>
  <TestLists>
    <TestList name="Results Not in a List" id="8c84fa94-04c1-424b-9868-57a2d4851a1d" />
    <TestList name="All Loaded Results" id="19431567-8539-422a-85d7-44ee4e166bda" />
  </TestLists>
  <ResultSummary outcome="Failed">
    <Counters total="3" executed="3" passed="2" failed="1" error="0" timeout="0" aborted="0" inconclusive="0" passedButRunAborted="0" notRunnable="0" notExecuted="0" disconnected="0" warning="0" completed="0" inProgress="0" pending="0" />
    <Output>
      <StdOut>NUnit Adapter 4.2.0.0: Test execution started&#xD;
Running selected tests in C:\BDDPracticeFramework\SnapDealTestProject\bin\Debug\net48\.\SnapDealTestProject.dll&#xD;
   NUnit3TestExecutor discovered 3 of 3 NUnit test cases using Current Discovery mode, Non-Explicit run&#xD;
NUnit Adapter 4.2.0.0: Test execution complete&#xD;
</StdOut>
    </Output>
    <RunInfos>
      <RunInfo computerName="USE2DEVP00496" outcome="Warning" timestamp="2022-08-10T15:53:49.2844414+05:30">
        <Text>path is: C:\BDDPracticeFramework\SnapDealTestProject&#xD;
Given I Open SnapDeal site&#xD;
-&gt; done: SnapDealStepDefinitions.GivenIOpenSnapDealSite() (6.7s)&#xD;
</Text>
      </RunInfo>
      <RunInfo computerName="USE2DEVP00496" outcome="Warning" timestamp="2022-08-10T15:54:03.0704624+05:30">
        <Text>path is: C:\BDDPracticeFramework\SnapDealTestProject&#xD;
Given I Open SnapDeal site&#xD;
-&gt; done: SnapDealStepDefinitions.GivenIOpenSnapDealSite() (8.2s)&#xD;
Then I verify search bar is displayed&#xD;
-&gt; done: SnapDealStepDefinitions.ThenIVerifySearchBarIsDisplayed() (1.8s)&#xD;
When I search for 'Perfumes'&#xD;
-&gt; error: unknown error: cannot determine loading status&#xD;
from unknown error: unexpected command response&#xD;
  (Session info: chrome=104.0.5112.81) (5.7s)&#xD;
Then I verify menu icon displayed&#xD;
-&gt; skipped because of previous errors&#xD;
When I apply 'Price Low To High' SortBy filter&#xD;
-&gt; skipped because of previous errors&#xD;
Then I verify 'Price Low To High' SortBy filter is applied&#xD;
-&gt; skipped because of previous errors&#xD;
path is: C:\BDDPracticeFramework\SnapDealTestProject&#xD;
Screenshot: file:///C:/BDDPracticeFramework/SnapDealTestProject/Screenshots/Verifysortbyfilteroptions_08-10-2022-03-53-54_ERROR.png&#xD;
</Text>
      </RunInfo>
      <RunInfo computerName="USE2DEVP00496" outcome="Warning" timestamp="2022-08-10T15:54:23.3862958+05:30">
        <Text>path is: C:\BDDPracticeFramework\SnapDealTestProject&#xD;
Given I Open SnapDeal site&#xD;
-&gt; done: SnapDealStepDefinitions.GivenIOpenSnapDealSite() (4.4s)&#xD;
Then I verify search bar is displayed&#xD;
-&gt; done: SnapDealStepDefinitions.ThenIVerifySearchBarIsDisplayed() (0.2s)&#xD;
When I search for 'Perfumes'&#xD;
-&gt; done: SnapDealStepDefinitions.WhenISearchFor("Perfumes") (10.3s)&#xD;
Then I verify menu icon displayed&#xD;
-&gt; done: SnapDealStepDefinitions.ThenIVerifyMenuIconDisplayed() (0.0s)&#xD;
When I apply 'Price High To Low' SortBy filter&#xD;
-&gt; done: SnapDealStepDefinitions.WhenIApplySortByFilter(PriceHighToLow) (0.4s)&#xD;
Then I verify 'Price High To Low' SortBy filter is applied&#xD;
-&gt; done: SnapDealStepDefinitions.ThenIVerifySortByFilterIsApplied(PriceHighToLow) (0.0s)&#xD;
</Text>
      </RunInfo>
    </RunInfos>
  </ResultSummary>
</TestRun>