<?xml version="1.0" encoding="utf-8"?>
<TestRun id="5554ec5e-f05b-4e94-92e9-f2dc4c781390" name="C278249@USE2DEVP00496 2022-08-04 11:37:01" runUser="EAD\C278249" xmlns="http://microsoft.com/schemas/VisualStudio/TeamTest/2010">
  <Times creation="2022-08-04T11:37:01.5523013+05:30" queuing="2022-08-04T11:37:01.5523013+05:30" start="2022-08-04T11:36:42.5508494+05:30" finish="2022-08-04T11:37:51.5539568+05:30" />
  <TestSettings name="default" id="ecf8e679-4fa0-4a8a-b3fa-ed44c6f0e046">
    <Deployment runDeploymentRoot="C278249_USE2DEVP00496_2022-08-04_11_37_01" />
  </TestSettings>
  <Results>
    <UnitTestResult executionId="11c96030-046e-4e3e-94c2-114449022c25" testId="8e0f11a9-14bd-9ab9-006a-2f5f5253209a" testName="VerifySortByFilterOptions(&quot;Price Low To High&quot;,null)" computerName="USE2DEVP00496" duration="00:00:46.8010000" startTime="2022-08-04T11:36:44.8475259+05:30" endTime="2022-08-04T11:37:31.6484775+05:30" testType="13cdc9d9-ddb5-4fa4-a97d-d965ccfc6d4b" outcome="Failed" testListId="8c84fa94-04c1-424b-9868-57a2d4851a1d" relativeResultsDirectory="11c96030-046e-4e3e-94c2-114449022c25">
      <Output>
        <StdOut>path is: C:\BDDPracticeFramework\SnapDealTestProject&#xD;
Given I Open SnapDeal site&#xD;
-&gt; done: SnapDealStepDefinitions.GivenIOpenSnapDealSite() (5.7s)&#xD;
Then I verify search bar is displayed&#xD;
-&gt; done: SnapDealStepDefinitions.ThenIVerifySearchBarIsDisplayed() (0.5s)&#xD;
When I search for 'Perfumes'&#xD;
-&gt; error: Timed out after 30 seconds (32.5s)&#xD;
Then I verify menu icon displayed&#xD;
-&gt; skipped because of previous errors&#xD;
When I apply 'Price Low To High' SortBy filter&#xD;
-&gt; skipped because of previous errors&#xD;
Then I verify 'Price Low To High' SortBy filter is applied&#xD;
-&gt; skipped because of previous errors&#xD;
path is: C:\BDDPracticeFramework\SnapDealTestProject&#xD;
Screenshot: file:///C:/BDDPracticeFramework/SnapDealTestProject/Screenshots/Verifysortbyfilteroptions_08-04-2022-11-37-30_ERROR.png</StdOut>
        <ErrorInfo>
          <Message>OpenQA.Selenium.WebDriverTimeoutException : Timed out after 30 seconds&#xD;
  ----&gt; OpenQA.Selenium.NoSuchElementException : no such element: Unable to locate element: {"method":"xpath","selector":"//button[contains(@class,'searchformButton')]"}&#xD;
  (Session info: chrome=103.0.5060.134)</Message>
          <StackTrace>   at OpenQA.Selenium.Support.UI.DefaultWait`1.ThrowTimeoutException(String exceptionMessage, Exception lastException)&#xD;
   at OpenQA.Selenium.Support.UI.DefaultWait`1.Until[TResult](Func`2 condition, CancellationToken token)&#xD;
   at OpenQA.Selenium.Support.UI.DefaultWait`1.Until[TResult](Func`2 condition)&#xD;
   at SnapDealTestProject.Library.Extensions.DriverExtensions.&lt;&gt;c__DisplayClass21_0.&lt;WaitForElement&gt;b__0() in C:\BDDPracticeFramework\SnapDealTestProject\Library\DriverExtensions\WaitExtensions.cs:line 47&#xD;
   at SnapDealTestProject.Library.Extensions.DriverExtensions.ExecuteWithoutImplicitTimeout(Action action) in C:\BDDPracticeFramework\SnapDealTestProject\Library\DriverExtensions\WaitExtensions.cs:line 61&#xD;
   at SnapDealTestProject.Library.Extensions.DriverExtensions.WaitForElement(By by, Int32 timeOut) in C:\BDDPracticeFramework\SnapDealTestProject\Library\DriverExtensions\WaitExtensions.cs:line 44&#xD;
   at SnapDealTestProject.Library.Extensions.DriverExtensions.Click(By elementBy) in C:\BDDPracticeFramework\SnapDealTestProject\Library\DriverExtensions\ClickExtensions.cs:line 16&#xD;
   at SnapDealTestProject.Components.HeaderComponent.ClickSearchButton[T]() in C:\BDDPracticeFramework\SnapDealTestProject\Components\HeaderComponent.cs:line 82&#xD;
   at SnapDealTestProject.Components.HeaderComponent.EnterSearchQueryAndClickSearch[T](String searchText) in C:\BDDPracticeFramework\SnapDealTestProject\Components\HeaderComponent.cs:line 43&#xD;
   at SnapDealTestProject.Steps.SnapDealStepDefinitions.WhenISearchFor(String product) in C:\BDDPracticeFramework\SnapDealTestProject\Steps\SnapDealStepDefinitions.cs:line 34&#xD;
   at lambda_method(Closure , IContextManager , String )&#xD;
   at TechTalk.SpecFlow.Bindings.BindingInvoker.InvokeBinding(IBinding binding, IContextManager contextManager, Object[] arguments, ITestTracer testTracer, TimeSpan&amp; duration)&#xD;
   at TechTalk.SpecFlow.Infrastructure.TestExecutionEngine.ExecuteStepMatch(BindingMatch match, Object[] arguments, TimeSpan&amp; duration)&#xD;
   at TechTalk.SpecFlow.Infrastructure.TestExecutionEngine.ExecuteStep(IContextManager contextManager, StepInstance stepInstance)&#xD;
   at TechTalk.SpecFlow.Infrastructure.TestExecutionEngine.OnAfterLastStep()&#xD;
   at TechTalk.SpecFlow.TestRunner.CollectScenarioErrors()&#xD;
   at SnapDealTestProject.Features.SnapDealFeature.ScenarioCleanup()&#xD;
   at SnapDealTestProject.Features.SnapDealFeature.VerifySortByFilterOptions(String filter, String[] exampleTags) in C:\BDDPracticeFramework\SnapDealTestProject\Features\SnapDeal.feature:line 11&#xD;
--NoSuchElementException&#xD;
   at OpenQA.Selenium.WebDriver.UnpackAndThrowOnError(Response errorResponse)&#xD;
   at OpenQA.Selenium.WebDriver.Execute(String driverCommandToExecute, Dictionary`2 parameters)&#xD;
   at OpenQA.Selenium.WebDriver.FindElement(String mechanism, String value)&#xD;
   at OpenQA.Selenium.By.&lt;.ctor&gt;b__11_0(ISearchContext context)&#xD;
   at OpenQA.Selenium.By.FindElement(ISearchContext context)&#xD;
   at OpenQA.Selenium.WebDriver.FindElement(By by)&#xD;
   at SnapDealTestProject.Library.Extensions.DriverExtensions.&lt;&gt;c__DisplayClass21_0.&lt;WaitForElement&gt;b__1(IWebDriver d) in C:\BDDPracticeFramework\SnapDealTestProject\Library\DriverExtensions\WaitExtensions.cs:line 48&#xD;
   at OpenQA.Selenium.Support.UI.DefaultWait`1.Until[TResult](Func`2 condition, CancellationToken token)</StackTrace>
        </ErrorInfo>
      </Output>
    </UnitTestResult>
    <UnitTestResult executionId="74f427b3-19ef-4eae-954f-499aeb1053c9" testId="f6086eae-b56d-43b6-0ca7-dd94dbd107cf" testName="VerifySortByFilterOptions(&quot;Price High To Low&quot;,null)" computerName="USE2DEVP00496" duration="00:00:19.5050000" startTime="2022-08-04T11:37:31.6514790+05:30" endTime="2022-08-04T11:37:51.1569558+05:30" testType="13cdc9d9-ddb5-4fa4-a97d-d965ccfc6d4b" outcome="Passed" testListId="8c84fa94-04c1-424b-9868-57a2d4851a1d" relativeResultsDirectory="74f427b3-19ef-4eae-954f-499aeb1053c9">
      <Output>
        <StdOut>path is: C:\BDDPracticeFramework\SnapDealTestProject&#xD;
Given I Open SnapDeal site&#xD;
-&gt; done: SnapDealStepDefinitions.GivenIOpenSnapDealSite() (4.7s)&#xD;
Then I verify search bar is displayed&#xD;
-&gt; done: SnapDealStepDefinitions.ThenIVerifySearchBarIsDisplayed() (0.3s)&#xD;
When I search for 'Perfumes'&#xD;
-&gt; done: SnapDealStepDefinitions.WhenISearchFor("Perfumes") (8.4s)&#xD;
Then I verify menu icon displayed&#xD;
-&gt; done: SnapDealStepDefinitions.ThenIVerifyMenuIconDisplayed() (0.1s)&#xD;
When I apply 'Price High To Low' SortBy filter&#xD;
-&gt; done: SnapDealStepDefinitions.WhenIApplySortByFilter(PriceHighToLow) (1.5s)&#xD;
Then I verify 'Price High To Low' SortBy filter is applied&#xD;
-&gt; done: SnapDealStepDefinitions.ThenIVerifySortByFilterIsApplied(PriceHighToLow) (0.0s)</StdOut>
      </Output>
    </UnitTestResult>
    <UnitTestResult executionId="15ef43ed-d8da-4c30-9aee-cccca034f90a" testId="e83985a7-806b-673d-f050-42bf5bc8beb3" testName="TestingParallelism" computerName="USE2DEVP00496" duration="00:00:15.3240000" startTime="2022-08-04T11:36:44.8475259+05:30" endTime="2022-08-04T11:37:00.1713054+05:30" testType="13cdc9d9-ddb5-4fa4-a97d-d965ccfc6d4b" outcome="Passed" testListId="8c84fa94-04c1-424b-9868-57a2d4851a1d" relativeResultsDirectory="15ef43ed-d8da-4c30-9aee-cccca034f90a">
      <Output>
        <StdOut>path is: C:\BDDPracticeFramework\SnapDealTestProject&#xD;
Given I Open SnapDeal site&#xD;
-&gt; done: SnapDealStepDefinitions.GivenIOpenSnapDealSite() (5.1s)</StdOut>
      </Output>
    </UnitTestResult>
  </Results>
  <TestDefinitions>
    <UnitTest name="VerifySortByFilterOptions(&quot;Price Low To High&quot;,null)" storage="c:\bddpracticeframework\snapdealtestproject\bin\debug\net48\snapdealtestproject.dll" id="8e0f11a9-14bd-9ab9-006a-2f5f5253209a">
      <Execution id="11c96030-046e-4e3e-94c2-114449022c25" />
      <TestMethod codeBase="C:\BDDPracticeFramework\SnapDealTestProject\bin\Debug\net48\SnapDealTestProject.dll" adapterTypeName="executor://nunit3testexecutor/" className="SnapDealTestProject.Features.SnapDealFeature" name="VerifySortByFilterOptions(&quot;Price Low To High&quot;,null)" />
    </UnitTest>
    <UnitTest name="VerifySortByFilterOptions(&quot;Price High To Low&quot;,null)" storage="c:\bddpracticeframework\snapdealtestproject\bin\debug\net48\snapdealtestproject.dll" id="f6086eae-b56d-43b6-0ca7-dd94dbd107cf">
      <Execution id="74f427b3-19ef-4eae-954f-499aeb1053c9" />
      <TestMethod codeBase="C:\BDDPracticeFramework\SnapDealTestProject\bin\Debug\net48\SnapDealTestProject.dll" adapterTypeName="executor://nunit3testexecutor/" className="SnapDealTestProject.Features.SnapDealFeature" name="VerifySortByFilterOptions(&quot;Price High To Low&quot;,null)" />
    </UnitTest>
    <UnitTest name="TestingParallelism" storage="c:\bddpracticeframework\snapdealtestproject\bin\debug\net48\snapdealtestproject.dll" id="e83985a7-806b-673d-f050-42bf5bc8beb3">
      <Execution id="15ef43ed-d8da-4c30-9aee-cccca034f90a" />
      <TestMethod codeBase="C:\BDDPracticeFramework\SnapDealTestProject\bin\Debug\net48\SnapDealTestProject.dll" adapterTypeName="executor://nunit3testexecutor/" className="SnapDealTestProject.Features.SpecFlowFeature2Feature" name="TestingParallelism" />
    </UnitTest>
  </TestDefinitions>
  <TestEntries>
    <TestEntry testId="8e0f11a9-14bd-9ab9-006a-2f5f5253209a" executionId="11c96030-046e-4e3e-94c2-114449022c25" testListId="8c84fa94-04c1-424b-9868-57a2d4851a1d" />
    <TestEntry testId="f6086eae-b56d-43b6-0ca7-dd94dbd107cf" executionId="74f427b3-19ef-4eae-954f-499aeb1053c9" testListId="8c84fa94-04c1-424b-9868-57a2d4851a1d" />
    <TestEntry testId="e83985a7-806b-673d-f050-42bf5bc8beb3" executionId="15ef43ed-d8da-4c30-9aee-cccca034f90a" testListId="8c84fa94-04c1-424b-9868-57a2d4851a1d" />
  </TestEntries>
  <TestLists>
    <TestList name="Results Not in a List" id="8c84fa94-04c1-424b-9868-57a2d4851a1d" />
    <TestList name="All Loaded Results" id="19431567-8539-422a-85d7-44ee4e166bda" />
  </TestLists>
  <ResultSummary outcome="Failed">
    <Counters total="3" executed="3" passed="2" failed="1" error="0" timeout="0" aborted="0" inconclusive="0" passedButRunAborted="0" notRunnable="0" notExecuted="0" disconnected="0" warning="0" completed="0" inProgress="0" pending="0" />
    <Output>
      <StdOut>NUnit Adapter 4.2.0.0: Test execution started&#xD;
Running selected tests in C:\BDDPracticeFramework\SnapDealTestProject\bin\Debug\net48\SnapDealTestProject.dll&#xD;
   NUnit3TestExecutor discovered 3 of 3 NUnit test cases using Current Discovery mode, Non-Explicit run&#xD;
NUnit Adapter 4.2.0.0: Test execution complete&#xD;
</StdOut>
    </Output>
    <RunInfos>
      <RunInfo computerName="USE2DEVP00496" outcome="Warning" timestamp="2022-08-04T11:37:00.1893037+05:30">
        <Text>path is: C:\BDDPracticeFramework\SnapDealTestProject&#xD;
Given I Open SnapDeal site&#xD;
-&gt; done: SnapDealStepDefinitions.GivenIOpenSnapDealSite() (5.1s)&#xD;
</Text>
      </RunInfo>
      <RunInfo computerName="USE2DEVP00496" outcome="Warning" timestamp="2022-08-04T11:37:31.6504803+05:30">
        <Text>path is: C:\BDDPracticeFramework\SnapDealTestProject&#xD;
Given I Open SnapDeal site&#xD;
-&gt; done: SnapDealStepDefinitions.GivenIOpenSnapDealSite() (5.7s)&#xD;
Then I verify search bar is displayed&#xD;
-&gt; done: SnapDealStepDefinitions.ThenIVerifySearchBarIsDisplayed() (0.5s)&#xD;
When I search for 'Perfumes'&#xD;
-&gt; error: Timed out after 30 seconds (32.5s)&#xD;
Then I verify menu icon displayed&#xD;
-&gt; skipped because of previous errors&#xD;
When I apply 'Price Low To High' SortBy filter&#xD;
-&gt; skipped because of previous errors&#xD;
Then I verify 'Price Low To High' SortBy filter is applied&#xD;
-&gt; skipped because of previous errors&#xD;
path is: C:\BDDPracticeFramework\SnapDealTestProject&#xD;
Screenshot: file:///C:/BDDPracticeFramework/SnapDealTestProject/Screenshots/Verifysortbyfilteroptions_08-04-2022-11-37-30_ERROR.png&#xD;
</Text>
      </RunInfo>
      <RunInfo computerName="USE2DEVP00496" outcome="Warning" timestamp="2022-08-04T11:37:51.1589584+05:30">
        <Text>path is: C:\BDDPracticeFramework\SnapDealTestProject&#xD;
Given I Open SnapDeal site&#xD;
-&gt; done: SnapDealStepDefinitions.GivenIOpenSnapDealSite() (4.7s)&#xD;
Then I verify search bar is displayed&#xD;
-&gt; done: SnapDealStepDefinitions.ThenIVerifySearchBarIsDisplayed() (0.3s)&#xD;
When I search for 'Perfumes'&#xD;
-&gt; done: SnapDealStepDefinitions.WhenISearchFor("Perfumes") (8.4s)&#xD;
Then I verify menu icon displayed&#xD;
-&gt; done: SnapDealStepDefinitions.ThenIVerifyMenuIconDisplayed() (0.1s)&#xD;
When I apply 'Price High To Low' SortBy filter&#xD;
-&gt; done: SnapDealStepDefinitions.WhenIApplySortByFilter(PriceHighToLow) (1.5s)&#xD;
Then I verify 'Price High To Low' SortBy filter is applied&#xD;
-&gt; done: SnapDealStepDefinitions.ThenIVerifySortByFilterIsApplied(PriceHighToLow) (0.0s)&#xD;
</Text>
      </RunInfo>
    </RunInfos>
  </ResultSummary>
</TestRun>