<?xml version="1.0" encoding="utf-8"?>
<TestRun id="dfa7f89b-ee6d-4bde-82a8-5574557ff3eb" name="C278249@USE2DEVP00496 2022-08-01 16:22:39" runUser="EAD\C278249" xmlns="http://microsoft.com/schemas/VisualStudio/TeamTest/2010">
  <Times creation="2022-08-01T16:22:39.3778285+05:30" queuing="2022-08-01T16:22:39.3778285+05:30" start="2022-08-01T16:22:15.3497841+05:30" finish="2022-08-01T16:23:06.7599171+05:30" />
  <TestSettings name="default" id="ee09cc04-5dca-4e7b-b5b8-6a7ad14ed8d2">
    <Deployment runDeploymentRoot="C278249_USE2DEVP00496_2022-08-01_16_22_39" />
  </TestSettings>
  <Results>
    <UnitTestResult executionId="c62b7c58-9465-4448-b371-532db88a4d56" testId="cf572abd-d502-d2e0-ce09-3b856bfce869" testName="VerifySnapDealHomePageHasAllNeceesaryIcons" computerName="USE2DEVP00496" duration="00:00:21.9090000" startTime="2022-08-01T16:22:17.4547904+05:30" endTime="2022-08-01T16:22:39.3628264+05:30" testType="13cdc9d9-ddb5-4fa4-a97d-d965ccfc6d4b" outcome="Passed" testListId="8c84fa94-04c1-424b-9868-57a2d4851a1d" relativeResultsDirectory="c62b7c58-9465-4448-b371-532db88a4d56">
      <Output>
        <StdOut>Given I Open SnapDeal site&#xD;
-&gt; done: SnapDealStepDefinitions.GivenIOpenSnapDealSite() (7.7s)&#xD;
Then I verify the icons displayed on the home page&#xD;
-&gt; done: SnapDealStepDefinitions.ThenIVerifyTheIconsDisplayedOnTheHomePage() (3.2s)</StdOut>
      </Output>
    </UnitTestResult>
    <UnitTestResult executionId="bad9db56-8e15-442b-817d-88a7b63b2fd6" testId="0c14bfb0-219d-c933-8de7-3315f1dd063d" testName="VerifySortByFilterOptions" computerName="USE2DEVP00496" duration="00:00:26.6700000" startTime="2022-08-01T16:22:39.3888280+05:30" endTime="2022-08-01T16:23:06.0589139+05:30" testType="13cdc9d9-ddb5-4fa4-a97d-d965ccfc6d4b" outcome="Failed" testListId="8c84fa94-04c1-424b-9868-57a2d4851a1d" relativeResultsDirectory="bad9db56-8e15-442b-817d-88a7b63b2fd6">
      <Output>
        <StdOut>Given I Open SnapDeal site&#xD;
-&gt; done: SnapDealStepDefinitions.GivenIOpenSnapDealSite() (6.3s)&#xD;
Then I verify search bar is displayed&#xD;
-&gt; done: SnapDealStepDefinitions.ThenIVerifySearchBarIsDisplayed() (0.5s)&#xD;
When I search for 'Perfumes'&#xD;
-&gt; error: unknown error: cannot determine loading status&#xD;
from unknown error: unexpected command response&#xD;
  (Session info: chrome=103.0.5060.134) (5.9s)&#xD;
Then I verify menu icon displayed&#xD;
-&gt; skipped because of previous errors&#xD;
When I apply 'Price Low To High' SortBy filter&#xD;
-&gt; skipped because of previous errors&#xD;
Then I verify 'Price Low To High' SortBy filter is applied&#xD;
-&gt; skipped because of previous errors&#xD;
path is: C:\BDDPracticeFramework\SnapDealTestProject</StdOut>
        <ErrorInfo>
          <Message>OpenQA.Selenium.WebDriverException : unknown error: cannot determine loading status&#xD;
from unknown error: unexpected command response&#xD;
  (Session info: chrome=103.0.5060.134)</Message>
          <StackTrace>   at OpenQA.Selenium.WebDriver.UnpackAndThrowOnError(Response errorResponse)&#xD;
   at OpenQA.Selenium.WebDriver.Execute(String driverCommandToExecute, Dictionary`2 parameters)&#xD;
   at OpenQA.Selenium.WebDriver.InternalExecute(String driverCommandToExecute, Dictionary`2 parameters)&#xD;
   at OpenQA.Selenium.WebElement.Execute(String commandToExecute, Dictionary`2 parameters)&#xD;
   at OpenQA.Selenium.WebElement.Click()&#xD;
   at SnapDealTestProject.Library.Extensions.DriverExtensions.Click(By elementBy) in C:\BDDPracticeFramework\SnapDealTestProject\Library\DriverExtensions\ClickExtensions.cs:line 16&#xD;
   at SnapDealTestProject.Components.HeaderComponent.ClickSearchButton[T]() in C:\BDDPracticeFramework\SnapDealTestProject\Components\HeaderComponent.cs:line 82&#xD;
   at SnapDealTestProject.Components.HeaderComponent.EnterSearchQueryAndClickSearch[T](String searchText) in C:\BDDPracticeFramework\SnapDealTestProject\Components\HeaderComponent.cs:line 43&#xD;
   at SnapDealTestProject.Steps.SnapDealStepDefinitions.WhenISearchFor(String product) in C:\BDDPracticeFramework\SnapDealTestProject\Steps\SnapDealStepDefinitions.cs:line 34&#xD;
   at lambda_method(Closure , IContextManager , String )&#xD;
   at TechTalk.SpecFlow.Bindings.BindingInvoker.InvokeBinding(IBinding binding, IContextManager contextManager, Object[] arguments, ITestTracer testTracer, TimeSpan&amp; duration)&#xD;
   at TechTalk.SpecFlow.Infrastructure.TestExecutionEngine.ExecuteStepMatch(BindingMatch match, Object[] arguments, TimeSpan&amp; duration)&#xD;
   at TechTalk.SpecFlow.Infrastructure.TestExecutionEngine.ExecuteStep(IContextManager contextManager, StepInstance stepInstance)&#xD;
   at TechTalk.SpecFlow.Infrastructure.TestExecutionEngine.OnAfterLastStep()&#xD;
   at TechTalk.SpecFlow.TestRunner.CollectScenarioErrors()&#xD;
   at SnapDealTestProject.Features.SnapDealFeature.ScenarioCleanup()&#xD;
   at SnapDealTestProject.Features.SnapDealFeature.VerifySortByFilterOptions() in C:\BDDPracticeFramework\SnapDealTestProject\Features\SnapDeal.feature:line 11</StackTrace>
        </ErrorInfo>
      </Output>
    </UnitTestResult>
    <UnitTestResult executionId="3056f484-577f-4f8f-8256-3d15c11eb1e7" testId="e83985a7-806b-673d-f050-42bf5bc8beb3" testName="TestingParallelism" computerName="USE2DEVP00496" duration="00:00:21.3700000" startTime="2022-08-01T16:22:17.4537892+05:30" endTime="2022-08-01T16:22:38.8238264+05:30" testType="13cdc9d9-ddb5-4fa4-a97d-d965ccfc6d4b" outcome="Passed" testListId="8c84fa94-04c1-424b-9868-57a2d4851a1d" relativeResultsDirectory="3056f484-577f-4f8f-8256-3d15c11eb1e7">
      <Output>
        <StdOut>Given I Open SnapDeal site&#xD;
-&gt; done: SnapDealStepDefinitions.GivenIOpenSnapDealSite() (7.1s)</StdOut>
      </Output>
    </UnitTestResult>
  </Results>
  <TestDefinitions>
    <UnitTest name="VerifySnapDealHomePageHasAllNeceesaryIcons" storage="c:\bddpracticeframework\snapdealtestproject\bin\debug\net48\snapdealtestproject.dll" id="cf572abd-d502-d2e0-ce09-3b856bfce869">
      <Execution id="c62b7c58-9465-4448-b371-532db88a4d56" />
      <TestMethod codeBase="C:\BDDPracticeFramework\SnapDealTestProject\bin\Debug\net48\SnapDealTestProject.dll" adapterTypeName="executor://nunit3testexecutor/" className="SnapDealTestProject.Features.SnapDealFeature" name="VerifySnapDealHomePageHasAllNeceesaryIcons" />
    </UnitTest>
    <UnitTest name="TestingParallelism" storage="c:\bddpracticeframework\snapdealtestproject\bin\debug\net48\snapdealtestproject.dll" id="e83985a7-806b-673d-f050-42bf5bc8beb3">
      <Execution id="3056f484-577f-4f8f-8256-3d15c11eb1e7" />
      <TestMethod codeBase="C:\BDDPracticeFramework\SnapDealTestProject\bin\Debug\net48\SnapDealTestProject.dll" adapterTypeName="executor://nunit3testexecutor/" className="SnapDealTestProject.Features.SpecFlowFeature2Feature" name="TestingParallelism" />
    </UnitTest>
    <UnitTest name="VerifySortByFilterOptions" storage="c:\bddpracticeframework\snapdealtestproject\bin\debug\net48\snapdealtestproject.dll" id="0c14bfb0-219d-c933-8de7-3315f1dd063d">
      <Execution id="bad9db56-8e15-442b-817d-88a7b63b2fd6" />
      <TestMethod codeBase="C:\BDDPracticeFramework\SnapDealTestProject\bin\Debug\net48\SnapDealTestProject.dll" adapterTypeName="executor://nunit3testexecutor/" className="SnapDealTestProject.Features.SnapDealFeature" name="VerifySortByFilterOptions" />
    </UnitTest>
  </TestDefinitions>
  <TestEntries>
    <TestEntry testId="cf572abd-d502-d2e0-ce09-3b856bfce869" executionId="c62b7c58-9465-4448-b371-532db88a4d56" testListId="8c84fa94-04c1-424b-9868-57a2d4851a1d" />
    <TestEntry testId="0c14bfb0-219d-c933-8de7-3315f1dd063d" executionId="bad9db56-8e15-442b-817d-88a7b63b2fd6" testListId="8c84fa94-04c1-424b-9868-57a2d4851a1d" />
    <TestEntry testId="e83985a7-806b-673d-f050-42bf5bc8beb3" executionId="3056f484-577f-4f8f-8256-3d15c11eb1e7" testListId="8c84fa94-04c1-424b-9868-57a2d4851a1d" />
  </TestEntries>
  <TestLists>
    <TestList name="Results Not in a List" id="8c84fa94-04c1-424b-9868-57a2d4851a1d" />
    <TestList name="All Loaded Results" id="19431567-8539-422a-85d7-44ee4e166bda" />
  </TestLists>
  <ResultSummary outcome="Failed">
    <Counters total="3" executed="3" passed="2" failed="1" error="0" timeout="0" aborted="0" inconclusive="0" passedButRunAborted="0" notRunnable="0" notExecuted="0" disconnected="0" warning="0" completed="0" inProgress="0" pending="0" />
    <Output>
      <StdOut>NUnit Adapter 4.2.0.0: Test execution started&#xD;
Running all tests in C:\BDDPracticeFramework\SnapDealTestProject\bin\Debug\net48\SnapDealTestProject.dll&#xD;
   NUnit3TestExecutor discovered 3 of 3 NUnit test cases using Current Discovery mode, Non-Explicit run&#xD;
NUnit Adapter 4.2.0.0: Test execution complete&#xD;
</StdOut>
    </Output>
    <RunInfos>
      <RunInfo computerName="USE2DEVP00496" outcome="Warning" timestamp="2022-08-01T16:22:38.8418269+05:30">
        <Text>Given I Open SnapDeal site&#xD;
-&gt; done: SnapDealStepDefinitions.GivenIOpenSnapDealSite() (7.1s)&#xD;
</Text>
      </RunInfo>
      <RunInfo computerName="USE2DEVP00496" outcome="Warning" timestamp="2022-08-01T16:22:39.3648271+05:30">
        <Text>Given I Open SnapDeal site&#xD;
-&gt; done: SnapDealStepDefinitions.GivenIOpenSnapDealSite() (7.7s)&#xD;
Then I verify the icons displayed on the home page&#xD;
-&gt; done: SnapDealStepDefinitions.ThenIVerifyTheIconsDisplayedOnTheHomePage() (3.2s)&#xD;
</Text>
      </RunInfo>
      <RunInfo computerName="USE2DEVP00496" outcome="Warning" timestamp="2022-08-01T16:23:06.0619161+05:30">
        <Text>Given I Open SnapDeal site&#xD;
-&gt; done: SnapDealStepDefinitions.GivenIOpenSnapDealSite() (6.3s)&#xD;
Then I verify search bar is displayed&#xD;
-&gt; done: SnapDealStepDefinitions.ThenIVerifySearchBarIsDisplayed() (0.5s)&#xD;
When I search for 'Perfumes'&#xD;
-&gt; error: unknown error: cannot determine loading status&#xD;
from unknown error: unexpected command response&#xD;
  (Session info: chrome=103.0.5060.134) (5.9s)&#xD;
Then I verify menu icon displayed&#xD;
-&gt; skipped because of previous errors&#xD;
When I apply 'Price Low To High' SortBy filter&#xD;
-&gt; skipped because of previous errors&#xD;
Then I verify 'Price Low To High' SortBy filter is applied&#xD;
-&gt; skipped because of previous errors&#xD;
path is: C:\BDDPracticeFramework\SnapDealTestProject&#xD;
</Text>
      </RunInfo>
    </RunInfos>
  </ResultSummary>
</TestRun>