<?xml version="1.0" encoding="utf-8"?>
<TestRun id="e3a7dadf-1ef1-4da2-86ef-2a125d18cc03" name="C278249@USE2DEVP00496 2022-08-04 11:56:37" runUser="EAD\C278249" xmlns="http://microsoft.com/schemas/VisualStudio/TeamTest/2010">
  <Times creation="2022-08-04T11:56:37.2614959+05:30" queuing="2022-08-04T11:56:37.2614959+05:30" start="2022-08-04T11:56:20.3578898+05:30" finish="2022-08-04T11:57:36.4425088+05:30" />
  <TestSettings name="default" id="ec34f76d-8ebb-4b06-99d6-029dd0be93a5">
    <Deployment runDeploymentRoot="C278249_USE2DEVP00496_2022-08-04_11_56_37" />
  </TestSettings>
  <Results>
    <UnitTestResult executionId="a915cb2b-f729-4e90-8c3d-cd9117b00c4b" testId="8e0f11a9-14bd-9ab9-006a-2f5f5253209a" testName="VerifySortByFilterOptions(&quot;Price Low To High&quot;,null)" computerName="USE2DEVP00496" duration="00:00:49.6740000" startTime="2022-08-04T11:56:21.4198252+05:30" endTime="2022-08-04T11:57:11.0932323+05:30" testType="13cdc9d9-ddb5-4fa4-a97d-d965ccfc6d4b" outcome="Failed" testListId="8c84fa94-04c1-424b-9868-57a2d4851a1d" relativeResultsDirectory="a915cb2b-f729-4e90-8c3d-cd9117b00c4b">
      <Output>
        <StdOut>path is: C:\BDDPracticeFramework\SnapDealTestProject&#xD;
Given I Open SnapDeal site&#xD;
-&gt; done: SnapDealStepDefinitions.GivenIOpenSnapDealSite() (6.0s)&#xD;
Then I verify search bar is displayed&#xD;
-&gt; done: SnapDealStepDefinitions.ThenIVerifySearchBarIsDisplayed() (0.7s)&#xD;
When I search for 'Perfumes'&#xD;
-&gt; done: SnapDealStepDefinitions.WhenISearchFor("Perfumes") (35.5s)&#xD;
Then I verify menu icon displayed&#xD;
-&gt; done: SnapDealStepDefinitions.ThenIVerifyMenuIconDisplayed() (0.1s)&#xD;
When I apply 'Price Low To High' SortBy filter&#xD;
-&gt; error: Object reference not set to an instance of an object. (0.0s)&#xD;
Then I verify 'Price Low To High' SortBy filter is applied&#xD;
-&gt; skipped because of previous errors&#xD;
path is: C:\BDDPracticeFramework\SnapDealTestProject&#xD;
Screenshot: file:///C:/BDDPracticeFramework/SnapDealTestProject/Screenshots/Verifysortbyfilteroptions_08-04-2022-11-57-10_ERROR.png</StdOut>
        <ErrorInfo>
          <Message>System.NullReferenceException : Object reference not set to an instance of an object.&#xD;
&#xD;
  1)   Menu Icon is not displayed on home page&#xD;
  Expected: True&#xD;
  But was:  False&#xD;
&#xD;
</Message>
          <StackTrace>   at SnapDealTestProject.Library.Extensions.DriverExtensions.GetElement(IWebElement element, By by) in C:\BDDPracticeFramework\SnapDealTestProject\Library\DriverExtensions\ElementRetrievalExtensions.cs:line 16&#xD;
   at SnapDealTestProject.Dropdowns.CustomDropdown`1.IsDropdownExpanded() in C:\BDDPracticeFramework\SnapDealTestProject\Dropdowns\CustomDropdown.cs:line 108&#xD;
   at SnapDealTestProject.Dropdowns.CustomDropdown`1.ExpandIfNotExpanded() in C:\BDDPracticeFramework\SnapDealTestProject\Dropdowns\CustomDropdown.cs:line 96&#xD;
   at SnapDealTestProject.Dropdowns.CustomDropdown`1.SelectOption(T option) in C:\BDDPracticeFramework\SnapDealTestProject\Dropdowns\CustomDropdown.cs:line 82&#xD;
   at SnapDealTestProject.Steps.SnapDealStepDefinitions.WhenIApplySortByFilter(SearchSortOptions option) in C:\BDDPracticeFramework\SnapDealTestProject\Steps\SnapDealStepDefinitions.cs:line 40&#xD;
   at lambda_method(Closure , IContextManager , SearchSortOptions )&#xD;
   at TechTalk.SpecFlow.Bindings.BindingInvoker.InvokeBinding(IBinding binding, IContextManager contextManager, Object[] arguments, ITestTracer testTracer, TimeSpan&amp; duration)&#xD;
   at TechTalk.SpecFlow.Infrastructure.TestExecutionEngine.ExecuteStepMatch(BindingMatch match, Object[] arguments, TimeSpan&amp; duration)&#xD;
   at TechTalk.SpecFlow.Infrastructure.TestExecutionEngine.ExecuteStep(IContextManager contextManager, StepInstance stepInstance)&#xD;
   at TechTalk.SpecFlow.Infrastructure.TestExecutionEngine.OnAfterLastStep()&#xD;
   at TechTalk.SpecFlow.TestRunner.CollectScenarioErrors()&#xD;
   at SnapDealTestProject.Features.SnapDealFeature.ScenarioCleanup()&#xD;
   at SnapDealTestProject.Features.SnapDealFeature.VerifySortByFilterOptions(String filter, String[] exampleTags) in C:\BDDPracticeFramework\SnapDealTestProject\Features\SnapDeal.feature:line 11</StackTrace>
        </ErrorInfo>
      </Output>
    </UnitTestResult>
    <UnitTestResult executionId="13a18096-9b6d-45dc-b6d6-09a6eebe73e9" testId="f6086eae-b56d-43b6-0ca7-dd94dbd107cf" testName="VerifySortByFilterOptions(&quot;Price High To Low&quot;,null)" computerName="USE2DEVP00496" duration="00:00:24.8740000" startTime="2022-08-04T11:57:11.0942330+05:30" endTime="2022-08-04T11:57:35.9675070+05:30" testType="13cdc9d9-ddb5-4fa4-a97d-d965ccfc6d4b" outcome="Failed" testListId="8c84fa94-04c1-424b-9868-57a2d4851a1d" relativeResultsDirectory="13a18096-9b6d-45dc-b6d6-09a6eebe73e9">
      <Output>
        <StdOut>path is: C:\BDDPracticeFramework\SnapDealTestProject&#xD;
Given I Open SnapDeal site&#xD;
-&gt; done: SnapDealStepDefinitions.GivenIOpenSnapDealSite() (4.3s)&#xD;
Then I verify search bar is displayed&#xD;
-&gt; done: SnapDealStepDefinitions.ThenIVerifySearchBarIsDisplayed() (1.5s)&#xD;
When I search for 'Perfumes'&#xD;
-&gt; error: unknown error: cannot determine loading status&#xD;
from unknown error: unexpected command response&#xD;
  (Session info: chrome=103.0.5060.134) (9.4s)&#xD;
Then I verify menu icon displayed&#xD;
-&gt; skipped because of previous errors&#xD;
When I apply 'Price High To Low' SortBy filter&#xD;
-&gt; skipped because of previous errors&#xD;
Then I verify 'Price High To Low' SortBy filter is applied&#xD;
-&gt; skipped because of previous errors&#xD;
path is: C:\BDDPracticeFramework\SnapDealTestProject&#xD;
Screenshot: file:///C:/BDDPracticeFramework/SnapDealTestProject/Screenshots/Verifysortbyfilteroptions_08-04-2022-11-57-29_ERROR.png</StdOut>
        <ErrorInfo>
          <Message>OpenQA.Selenium.WebDriverException : unknown error: cannot determine loading status&#xD;
from unknown error: unexpected command response&#xD;
  (Session info: chrome=103.0.5060.134)</Message>
          <StackTrace>   at OpenQA.Selenium.WebDriver.UnpackAndThrowOnError(Response errorResponse)&#xD;
   at OpenQA.Selenium.WebDriver.Execute(String driverCommandToExecute, Dictionary`2 parameters)&#xD;
   at OpenQA.Selenium.WebDriver.InternalExecute(String driverCommandToExecute, Dictionary`2 parameters)&#xD;
   at OpenQA.Selenium.WebElement.Execute(String commandToExecute, Dictionary`2 parameters)&#xD;
   at OpenQA.Selenium.WebElement.Click()&#xD;
   at SnapDealTestProject.Library.Extensions.DriverExtensions.Click(By elementBy) in C:\BDDPracticeFramework\SnapDealTestProject\Library\DriverExtensions\ClickExtensions.cs:line 16&#xD;
   at SnapDealTestProject.Components.HeaderComponent.ClickSearchButton[T]() in C:\BDDPracticeFramework\SnapDealTestProject\Components\HeaderComponent.cs:line 82&#xD;
   at SnapDealTestProject.Components.HeaderComponent.EnterSearchQueryAndClickSearch[T](String searchText) in C:\BDDPracticeFramework\SnapDealTestProject\Components\HeaderComponent.cs:line 43&#xD;
   at SnapDealTestProject.Steps.SnapDealStepDefinitions.WhenISearchFor(String product) in C:\BDDPracticeFramework\SnapDealTestProject\Steps\SnapDealStepDefinitions.cs:line 34&#xD;
   at lambda_method(Closure , IContextManager , String )&#xD;
   at TechTalk.SpecFlow.Bindings.BindingInvoker.InvokeBinding(IBinding binding, IContextManager contextManager, Object[] arguments, ITestTracer testTracer, TimeSpan&amp; duration)&#xD;
   at TechTalk.SpecFlow.Infrastructure.TestExecutionEngine.ExecuteStepMatch(BindingMatch match, Object[] arguments, TimeSpan&amp; duration)&#xD;
   at TechTalk.SpecFlow.Infrastructure.TestExecutionEngine.ExecuteStep(IContextManager contextManager, StepInstance stepInstance)&#xD;
   at TechTalk.SpecFlow.Infrastructure.TestExecutionEngine.OnAfterLastStep()&#xD;
   at TechTalk.SpecFlow.TestRunner.CollectScenarioErrors()&#xD;
   at SnapDealTestProject.Features.SnapDealFeature.ScenarioCleanup()&#xD;
   at SnapDealTestProject.Features.SnapDealFeature.VerifySortByFilterOptions(String filter, String[] exampleTags) in C:\BDDPracticeFramework\SnapDealTestProject\Features\SnapDeal.feature:line 11</StackTrace>
        </ErrorInfo>
      </Output>
    </UnitTestResult>
    <UnitTestResult executionId="723e122f-44c2-48ad-b881-94b6835a4453" testId="e83985a7-806b-673d-f050-42bf5bc8beb3" testName="TestingParallelism" computerName="USE2DEVP00496" duration="00:00:14.9320000" startTime="2022-08-04T11:56:21.4198252+05:30" endTime="2022-08-04T11:56:36.3514963+05:30" testType="13cdc9d9-ddb5-4fa4-a97d-d965ccfc6d4b" outcome="Passed" testListId="8c84fa94-04c1-424b-9868-57a2d4851a1d" relativeResultsDirectory="723e122f-44c2-48ad-b881-94b6835a4453">
      <Output>
        <StdOut>path is: C:\BDDPracticeFramework\SnapDealTestProject&#xD;
Given I Open SnapDeal site&#xD;
-&gt; done: SnapDealStepDefinitions.GivenIOpenSnapDealSite() (6.8s)</StdOut>
      </Output>
    </UnitTestResult>
  </Results>
  <TestDefinitions>
    <UnitTest name="VerifySortByFilterOptions(&quot;Price Low To High&quot;,null)" storage="c:\bddpracticeframework\snapdealtestproject\bin\debug\net48\snapdealtestproject.dll" id="8e0f11a9-14bd-9ab9-006a-2f5f5253209a">
      <Execution id="a915cb2b-f729-4e90-8c3d-cd9117b00c4b" />
      <TestMethod codeBase="C:\BDDPracticeFramework\SnapDealTestProject\bin\Debug\net48\SnapDealTestProject.dll" adapterTypeName="executor://nunit3testexecutor/" className="SnapDealTestProject.Features.SnapDealFeature" name="VerifySortByFilterOptions(&quot;Price Low To High&quot;,null)" />
    </UnitTest>
    <UnitTest name="VerifySortByFilterOptions(&quot;Price High To Low&quot;,null)" storage="c:\bddpracticeframework\snapdealtestproject\bin\debug\net48\snapdealtestproject.dll" id="f6086eae-b56d-43b6-0ca7-dd94dbd107cf">
      <Execution id="13a18096-9b6d-45dc-b6d6-09a6eebe73e9" />
      <TestMethod codeBase="C:\BDDPracticeFramework\SnapDealTestProject\bin\Debug\net48\SnapDealTestProject.dll" adapterTypeName="executor://nunit3testexecutor/" className="SnapDealTestProject.Features.SnapDealFeature" name="VerifySortByFilterOptions(&quot;Price High To Low&quot;,null)" />
    </UnitTest>
    <UnitTest name="TestingParallelism" storage="c:\bddpracticeframework\snapdealtestproject\bin\debug\net48\snapdealtestproject.dll" id="e83985a7-806b-673d-f050-42bf5bc8beb3">
      <Execution id="723e122f-44c2-48ad-b881-94b6835a4453" />
      <TestMethod codeBase="C:\BDDPracticeFramework\SnapDealTestProject\bin\Debug\net48\SnapDealTestProject.dll" adapterTypeName="executor://nunit3testexecutor/" className="SnapDealTestProject.Features.SpecFlowFeature2Feature" name="TestingParallelism" />
    </UnitTest>
  </TestDefinitions>
  <TestEntries>
    <TestEntry testId="8e0f11a9-14bd-9ab9-006a-2f5f5253209a" executionId="a915cb2b-f729-4e90-8c3d-cd9117b00c4b" testListId="8c84fa94-04c1-424b-9868-57a2d4851a1d" />
    <TestEntry testId="f6086eae-b56d-43b6-0ca7-dd94dbd107cf" executionId="13a18096-9b6d-45dc-b6d6-09a6eebe73e9" testListId="8c84fa94-04c1-424b-9868-57a2d4851a1d" />
    <TestEntry testId="e83985a7-806b-673d-f050-42bf5bc8beb3" executionId="723e122f-44c2-48ad-b881-94b6835a4453" testListId="8c84fa94-04c1-424b-9868-57a2d4851a1d" />
  </TestEntries>
  <TestLists>
    <TestList name="Results Not in a List" id="8c84fa94-04c1-424b-9868-57a2d4851a1d" />
    <TestList name="All Loaded Results" id="19431567-8539-422a-85d7-44ee4e166bda" />
  </TestLists>
  <ResultSummary outcome="Failed">
    <Counters total="3" executed="3" passed="1" failed="2" error="0" timeout="0" aborted="0" inconclusive="0" passedButRunAborted="0" notRunnable="0" notExecuted="0" disconnected="0" warning="0" completed="0" inProgress="0" pending="0" />
    <Output>
      <StdOut>NUnit Adapter 4.2.0.0: Test execution started&#xD;
Running selected tests in C:\BDDPracticeFramework\SnapDealTestProject\bin\Debug\net48\SnapDealTestProject.dll&#xD;
   NUnit3TestExecutor discovered 3 of 3 NUnit test cases using Current Discovery mode, Non-Explicit run&#xD;
NUnit Adapter 4.2.0.0: Test execution complete&#xD;
</StdOut>
    </Output>
    <RunInfos>
      <RunInfo computerName="USE2DEVP00496" outcome="Warning" timestamp="2022-08-04T11:56:36.3694959+05:30">
        <Text>path is: C:\BDDPracticeFramework\SnapDealTestProject&#xD;
Given I Open SnapDeal site&#xD;
-&gt; done: SnapDealStepDefinitions.GivenIOpenSnapDealSite() (6.8s)&#xD;
</Text>
      </RunInfo>
      <RunInfo computerName="USE2DEVP00496" outcome="Warning" timestamp="2022-08-04T11:57:11.0972340+05:30">
        <Text>path is: C:\BDDPracticeFramework\SnapDealTestProject&#xD;
Given I Open SnapDeal site&#xD;
-&gt; done: SnapDealStepDefinitions.GivenIOpenSnapDealSite() (6.0s)&#xD;
Then I verify search bar is displayed&#xD;
-&gt; done: SnapDealStepDefinitions.ThenIVerifySearchBarIsDisplayed() (0.7s)&#xD;
When I search for 'Perfumes'&#xD;
-&gt; done: SnapDealStepDefinitions.WhenISearchFor("Perfumes") (35.5s)&#xD;
Then I verify menu icon displayed&#xD;
-&gt; done: SnapDealStepDefinitions.ThenIVerifyMenuIconDisplayed() (0.1s)&#xD;
When I apply 'Price Low To High' SortBy filter&#xD;
-&gt; error: Object reference not set to an instance of an object. (0.0s)&#xD;
Then I verify 'Price Low To High' SortBy filter is applied&#xD;
-&gt; skipped because of previous errors&#xD;
path is: C:\BDDPracticeFramework\SnapDealTestProject&#xD;
Screenshot: file:///C:/BDDPracticeFramework/SnapDealTestProject/Screenshots/Verifysortbyfilteroptions_08-04-2022-11-57-10_ERROR.png&#xD;
</Text>
      </RunInfo>
      <RunInfo computerName="USE2DEVP00496" outcome="Warning" timestamp="2022-08-04T11:57:35.9695093+05:30">
        <Text>path is: C:\BDDPracticeFramework\SnapDealTestProject&#xD;
Given I Open SnapDeal site&#xD;
-&gt; done: SnapDealStepDefinitions.GivenIOpenSnapDealSite() (4.3s)&#xD;
Then I verify search bar is displayed&#xD;
-&gt; done: SnapDealStepDefinitions.ThenIVerifySearchBarIsDisplayed() (1.5s)&#xD;
When I search for 'Perfumes'&#xD;
-&gt; error: unknown error: cannot determine loading status&#xD;
from unknown error: unexpected command response&#xD;
  (Session info: chrome=103.0.5060.134) (9.4s)&#xD;
Then I verify menu icon displayed&#xD;
-&gt; skipped because of previous errors&#xD;
When I apply 'Price High To Low' SortBy filter&#xD;
-&gt; skipped because of previous errors&#xD;
Then I verify 'Price High To Low' SortBy filter is applied&#xD;
-&gt; skipped because of previous errors&#xD;
path is: C:\BDDPracticeFramework\SnapDealTestProject&#xD;
Screenshot: file:///C:/BDDPracticeFramework/SnapDealTestProject/Screenshots/Verifysortbyfilteroptions_08-04-2022-11-57-29_ERROR.png&#xD;
</Text>
      </RunInfo>
    </RunInfos>
  </ResultSummary>
</TestRun>