<?xml version="1.0" encoding="utf-8"?>
<TestRun id="e5b56886-76ab-456c-998e-5194ec302bce" name="C278249@USE2DEVP00496 2022-08-04 11:33:55" runUser="EAD\C278249" xmlns="http://microsoft.com/schemas/VisualStudio/TeamTest/2010">
  <Times creation="2022-08-04T11:33:55.2294466+05:30" queuing="2022-08-04T11:33:55.2294466+05:30" start="2022-08-04T11:33:38.2097422+05:30" finish="2022-08-04T11:34:18.9164761+05:30" />
  <TestSettings name="default" id="9ba705b3-9be4-402f-98af-3c361ed21f2b">
    <Deployment runDeploymentRoot="C278249_USE2DEVP00496_2022-08-04_11_33_55" />
  </TestSettings>
  <Results>
    <UnitTestResult executionId="a44adc34-95be-4715-a9b3-0dfa5078d297" testId="f6086eae-b56d-43b6-0ca7-dd94dbd107cf" testName="VerifySortByFilterOptions(&quot;Price High To Low&quot;,null)" computerName="USE2DEVP00496" duration="00:00:16.9820000" startTime="2022-08-04T11:34:01.5144538+05:30" endTime="2022-08-04T11:34:18.4964712+05:30" testType="13cdc9d9-ddb5-4fa4-a97d-d965ccfc6d4b" outcome="Passed" testListId="8c84fa94-04c1-424b-9868-57a2d4851a1d" relativeResultsDirectory="a44adc34-95be-4715-a9b3-0dfa5078d297">
      <Output>
        <StdOut>path is: C:\BDDPracticeFramework\SnapDealTestProject&#xD;
Given I Open SnapDeal site&#xD;
-&gt; done: SnapDealStepDefinitions.GivenIOpenSnapDealSite() (3.9s)&#xD;
Then I verify search bar is displayed&#xD;
-&gt; done: SnapDealStepDefinitions.ThenIVerifySearchBarIsDisplayed() (0.4s)&#xD;
When I search for 'Perfumes'&#xD;
-&gt; done: SnapDealStepDefinitions.WhenISearchFor("Perfumes") (7.8s)&#xD;
Then I verify menu icon displayed&#xD;
-&gt; done: SnapDealStepDefinitions.ThenIVerifyMenuIconDisplayed() (0.0s)&#xD;
When I apply 'Price High To Low' SortBy filter&#xD;
-&gt; done: SnapDealStepDefinitions.WhenIApplySortByFilter(PriceHighToLow) (0.4s)&#xD;
Then I verify 'Price High To Low' SortBy filter is applied&#xD;
-&gt; done: SnapDealStepDefinitions.ThenIVerifySortByFilterIsApplied(PriceHighToLow) (0.1s)</StdOut>
      </Output>
    </UnitTestResult>
    <UnitTestResult executionId="8471b58f-6ac7-4b02-8c91-a9c46fe89915" testId="e83985a7-806b-673d-f050-42bf5bc8beb3" testName="TestingParallelism" computerName="USE2DEVP00496" duration="00:00:15.0430000" startTime="2022-08-04T11:33:39.9677460+05:30" endTime="2022-08-04T11:33:55.0104477+05:30" testType="13cdc9d9-ddb5-4fa4-a97d-d965ccfc6d4b" outcome="Passed" testListId="8c84fa94-04c1-424b-9868-57a2d4851a1d" relativeResultsDirectory="8471b58f-6ac7-4b02-8c91-a9c46fe89915">
      <Output>
        <StdOut>path is: C:\BDDPracticeFramework\SnapDealTestProject&#xD;
Given I Open SnapDeal site&#xD;
-&gt; done: SnapDealStepDefinitions.GivenIOpenSnapDealSite() (5.7s)</StdOut>
      </Output>
    </UnitTestResult>
    <UnitTestResult executionId="73967dd1-5b85-4f78-8104-bd5e559818a9" testId="8e0f11a9-14bd-9ab9-006a-2f5f5253209a" testName="VerifySortByFilterOptions(&quot;Price Low To High&quot;,null)" computerName="USE2DEVP00496" duration="00:00:21.5470000" startTime="2022-08-04T11:33:39.9677460+05:30" endTime="2022-08-04T11:34:01.5144538+05:30" testType="13cdc9d9-ddb5-4fa4-a97d-d965ccfc6d4b" outcome="Passed" testListId="8c84fa94-04c1-424b-9868-57a2d4851a1d" relativeResultsDirectory="73967dd1-5b85-4f78-8104-bd5e559818a9">
      <Output>
        <StdOut>path is: C:\BDDPracticeFramework\SnapDealTestProject&#xD;
Given I Open SnapDeal site&#xD;
-&gt; done: SnapDealStepDefinitions.GivenIOpenSnapDealSite() (6.5s)&#xD;
Then I verify search bar is displayed&#xD;
-&gt; done: SnapDealStepDefinitions.ThenIVerifySearchBarIsDisplayed() (0.2s)&#xD;
When I search for 'Perfumes'&#xD;
-&gt; done: SnapDealStepDefinitions.WhenISearchFor("Perfumes") (4.2s)&#xD;
Then I verify menu icon displayed&#xD;
-&gt; done: SnapDealStepDefinitions.ThenIVerifyMenuIconDisplayed() (0.5s)&#xD;
When I apply 'Price Low To High' SortBy filter&#xD;
-&gt; done: SnapDealStepDefinitions.WhenIApplySortByFilter(PriceLowToHigh) (3.2s)&#xD;
Then I verify 'Price Low To High' SortBy filter is applied&#xD;
-&gt; done: SnapDealStepDefinitions.ThenIVerifySortByFilterIsApplied(PriceLowToHigh) (0.1s)</StdOut>
      </Output>
    </UnitTestResult>
  </Results>
  <TestDefinitions>
    <UnitTest name="VerifySortByFilterOptions(&quot;Price Low To High&quot;,null)" storage="c:\bddpracticeframework\snapdealtestproject\bin\debug\net48\snapdealtestproject.dll" id="8e0f11a9-14bd-9ab9-006a-2f5f5253209a">
      <Execution id="73967dd1-5b85-4f78-8104-bd5e559818a9" />
      <TestMethod codeBase="C:\BDDPracticeFramework\SnapDealTestProject\bin\Debug\net48\SnapDealTestProject.dll" adapterTypeName="executor://nunit3testexecutor/" className="SnapDealTestProject.Features.SnapDealFeature" name="VerifySortByFilterOptions(&quot;Price Low To High&quot;,null)" />
    </UnitTest>
    <UnitTest name="VerifySortByFilterOptions(&quot;Price High To Low&quot;,null)" storage="c:\bddpracticeframework\snapdealtestproject\bin\debug\net48\snapdealtestproject.dll" id="f6086eae-b56d-43b6-0ca7-dd94dbd107cf">
      <Execution id="a44adc34-95be-4715-a9b3-0dfa5078d297" />
      <TestMethod codeBase="C:\BDDPracticeFramework\SnapDealTestProject\bin\Debug\net48\SnapDealTestProject.dll" adapterTypeName="executor://nunit3testexecutor/" className="SnapDealTestProject.Features.SnapDealFeature" name="VerifySortByFilterOptions(&quot;Price High To Low&quot;,null)" />
    </UnitTest>
    <UnitTest name="TestingParallelism" storage="c:\bddpracticeframework\snapdealtestproject\bin\debug\net48\snapdealtestproject.dll" id="e83985a7-806b-673d-f050-42bf5bc8beb3">
      <Execution id="8471b58f-6ac7-4b02-8c91-a9c46fe89915" />
      <TestMethod codeBase="C:\BDDPracticeFramework\SnapDealTestProject\bin\Debug\net48\SnapDealTestProject.dll" adapterTypeName="executor://nunit3testexecutor/" className="SnapDealTestProject.Features.SpecFlowFeature2Feature" name="TestingParallelism" />
    </UnitTest>
  </TestDefinitions>
  <TestEntries>
    <TestEntry testId="f6086eae-b56d-43b6-0ca7-dd94dbd107cf" executionId="a44adc34-95be-4715-a9b3-0dfa5078d297" testListId="8c84fa94-04c1-424b-9868-57a2d4851a1d" />
    <TestEntry testId="e83985a7-806b-673d-f050-42bf5bc8beb3" executionId="8471b58f-6ac7-4b02-8c91-a9c46fe89915" testListId="8c84fa94-04c1-424b-9868-57a2d4851a1d" />
    <TestEntry testId="8e0f11a9-14bd-9ab9-006a-2f5f5253209a" executionId="73967dd1-5b85-4f78-8104-bd5e559818a9" testListId="8c84fa94-04c1-424b-9868-57a2d4851a1d" />
  </TestEntries>
  <TestLists>
    <TestList name="Results Not in a List" id="8c84fa94-04c1-424b-9868-57a2d4851a1d" />
    <TestList name="All Loaded Results" id="19431567-8539-422a-85d7-44ee4e166bda" />
  </TestLists>
  <ResultSummary outcome="Completed">
    <Counters total="3" executed="3" passed="3" failed="0" error="0" timeout="0" aborted="0" inconclusive="0" passedButRunAborted="0" notRunnable="0" notExecuted="0" disconnected="0" warning="0" completed="0" inProgress="0" pending="0" />
    <Output>
      <StdOut>NUnit Adapter 4.2.0.0: Test execution started&#xD;
Running selected tests in C:\BDDPracticeFramework\SnapDealTestProject\bin\Debug\net48\SnapDealTestProject.dll&#xD;
   NUnit3TestExecutor discovered 3 of 3 NUnit test cases using Current Discovery mode, Non-Explicit run&#xD;
NUnit Adapter 4.2.0.0: Test execution complete&#xD;
</StdOut>
    </Output>
    <RunInfos>
      <RunInfo computerName="USE2DEVP00496" outcome="Warning" timestamp="2022-08-04T11:33:55.0294469+05:30">
        <Text>path is: C:\BDDPracticeFramework\SnapDealTestProject&#xD;
Given I Open SnapDeal site&#xD;
-&gt; done: SnapDealStepDefinitions.GivenIOpenSnapDealSite() (5.7s)&#xD;
</Text>
      </RunInfo>
      <RunInfo computerName="USE2DEVP00496" outcome="Warning" timestamp="2022-08-04T11:34:01.5154532+05:30">
        <Text>path is: C:\BDDPracticeFramework\SnapDealTestProject&#xD;
Given I Open SnapDeal site&#xD;
-&gt; done: SnapDealStepDefinitions.GivenIOpenSnapDealSite() (6.5s)&#xD;
Then I verify search bar is displayed&#xD;
-&gt; done: SnapDealStepDefinitions.ThenIVerifySearchBarIsDisplayed() (0.2s)&#xD;
When I search for 'Perfumes'&#xD;
-&gt; done: SnapDealStepDefinitions.WhenISearchFor("Perfumes") (4.2s)&#xD;
Then I verify menu icon displayed&#xD;
-&gt; done: SnapDealStepDefinitions.ThenIVerifyMenuIconDisplayed() (0.5s)&#xD;
When I apply 'Price Low To High' SortBy filter&#xD;
-&gt; done: SnapDealStepDefinitions.WhenIApplySortByFilter(PriceLowToHigh) (3.2s)&#xD;
Then I verify 'Price Low To High' SortBy filter is applied&#xD;
-&gt; done: SnapDealStepDefinitions.ThenIVerifySortByFilterIsApplied(PriceLowToHigh) (0.1s)&#xD;
</Text>
      </RunInfo>
      <RunInfo computerName="USE2DEVP00496" outcome="Warning" timestamp="2022-08-04T11:34:18.4994747+05:30">
        <Text>path is: C:\BDDPracticeFramework\SnapDealTestProject&#xD;
Given I Open SnapDeal site&#xD;
-&gt; done: SnapDealStepDefinitions.GivenIOpenSnapDealSite() (3.9s)&#xD;
Then I verify search bar is displayed&#xD;
-&gt; done: SnapDealStepDefinitions.ThenIVerifySearchBarIsDisplayed() (0.4s)&#xD;
When I search for 'Perfumes'&#xD;
-&gt; done: SnapDealStepDefinitions.WhenISearchFor("Perfumes") (7.8s)&#xD;
Then I verify menu icon displayed&#xD;
-&gt; done: SnapDealStepDefinitions.ThenIVerifyMenuIconDisplayed() (0.0s)&#xD;
When I apply 'Price High To Low' SortBy filter&#xD;
-&gt; done: SnapDealStepDefinitions.WhenIApplySortByFilter(PriceHighToLow) (0.4s)&#xD;
Then I verify 'Price High To Low' SortBy filter is applied&#xD;
-&gt; done: SnapDealStepDefinitions.ThenIVerifySortByFilterIsApplied(PriceHighToLow) (0.1s)&#xD;
</Text>
      </RunInfo>
    </RunInfos>
  </ResultSummary>
</TestRun>