<?xml version="1.0" encoding="utf-8"?>
<TestRun id="06278717-7c0f-489d-b444-36689255e348" name="C278249@USE2DEVP00496 2022-08-01 16:07:47" runUser="EAD\C278249" xmlns="http://microsoft.com/schemas/VisualStudio/TeamTest/2010">
  <Times creation="2022-08-01T16:07:47.5320486+05:30" queuing="2022-08-01T16:07:47.5320486+05:30" start="2022-08-01T16:07:46.8642154+05:30" finish="2022-08-01T16:07:47.5330470+05:30" />
  <TestSettings name="default" id="13fa031d-774a-41c8-8afe-ed62c8bee2c5">
    <Deployment runDeploymentRoot="C278249_USE2DEVP00496_2022-08-01_16_07_47" />
  </TestSettings>
  <TestLists>
    <TestList name="Results Not in a List" id="8c84fa94-04c1-424b-9868-57a2d4851a1d" />
    <TestList name="All Loaded Results" id="19431567-8539-422a-85d7-44ee4e166bda" />
  </TestLists>
  <ResultSummary outcome="Completed">
    <Counters total="0" executed="0" passed="0" failed="0" error="0" timeout="0" aborted="0" inconclusive="0" passedButRunAborted="0" notRunnable="0" notExecuted="0" disconnected="0" warning="0" completed="0" inProgress="0" pending="0" />
    <RunInfos>
      <RunInfo computerName="USE2DEVP00496" outcome="Warning" timestamp="2022-08-01T16:07:47.5180533+05:30">
        <Text>No test is available in C:\BDDPracticeFramework\SnapDealTestProject\bin\Debug\net48\SnapDealTestProject.dll. Make sure that test discoverer &amp; executors are registered and platform &amp; framework version settings are appropriate and try again.</Text>
      </RunInfo>
    </RunInfos>
  </ResultSummary>
</TestRun>