<?xml version="1.0" encoding="utf-8"?>
<TestRun id="00bad4e9-9d84-45d7-8284-2078c193c497" name="C278249@USE2DEVP00496 2022-08-01 11:06:37" runUser="EAD\C278249" xmlns="http://microsoft.com/schemas/VisualStudio/TeamTest/2010">
  <Times creation="2022-08-01T11:06:37.3015423+05:30" queuing="2022-08-01T11:06:37.3015423+05:30" start="2022-08-01T11:06:36.8905411+05:30" finish="2022-08-01T11:06:37.3035405+05:30" />
  <TestSettings name="default" id="9d68be61-ab15-49f6-a9d5-b70c2087b0e7">
    <Deployment runDeploymentRoot="C278249_USE2DEVP00496_2022-08-01_11_06_37" />
  </TestSettings>
  <TestLists>
    <TestList name="Results Not in a List" id="8c84fa94-04c1-424b-9868-57a2d4851a1d" />
    <TestList name="All Loaded Results" id="19431567-8539-422a-85d7-44ee4e166bda" />
  </TestLists>
  <ResultSummary outcome="Completed">
    <Counters total="0" executed="0" passed="0" failed="0" error="0" timeout="0" aborted="0" inconclusive="0" passedButRunAborted="0" notRunnable="0" notExecuted="0" disconnected="0" warning="0" completed="0" inProgress="0" pending="0" />
    <RunInfos>
      <RunInfo computerName="USE2DEVP00496" outcome="Warning" timestamp="2022-08-01T11:06:37.2845460+05:30">
        <Text>No test is available in C:\BDDPracticeFramework\SnapDealTestProject\bin\Debug\net48\SnapDealTestProject.dll. Make sure that test discoverer &amp; executors are registered and platform &amp; framework version settings are appropriate and try again.</Text>
      </RunInfo>
    </RunInfos>
  </ResultSummary>
</TestRun>