<?xml version="1.0" encoding="utf-8"?>
<TestRun id="564b20d9-074f-4f96-b745-0d7ceef57563" name="C278249@USE2DEVP00496 2022-08-01 11:08:41" runUser="EAD\C278249" xmlns="http://microsoft.com/schemas/VisualStudio/TeamTest/2010">
  <Times creation="2022-08-01T11:08:41.8710041+05:30" queuing="2022-08-01T11:08:41.8710041+05:30" start="2022-08-01T11:08:41.5300044+05:30" finish="2022-08-01T11:08:41.8720091+05:30" />
  <TestSettings name="default" id="020a223c-d99d-48dd-8da0-57e9d16d9c65">
    <Deployment runDeploymentRoot="C278249_USE2DEVP00496_2022-08-01_11_08_41" />
  </TestSettings>
  <TestLists>
    <TestList name="Results Not in a List" id="8c84fa94-04c1-424b-9868-57a2d4851a1d" />
    <TestList name="All Loaded Results" id="19431567-8539-422a-85d7-44ee4e166bda" />
  </TestLists>
  <ResultSummary outcome="Completed">
    <Counters total="0" executed="0" passed="0" failed="0" error="0" timeout="0" aborted="0" inconclusive="0" passedButRunAborted="0" notRunnable="0" notExecuted="0" disconnected="0" warning="0" completed="0" inProgress="0" pending="0" />
    <RunInfos>
      <RunInfo computerName="USE2DEVP00496" outcome="Warning" timestamp="2022-08-01T11:08:41.8500082+05:30">
        <Text>No test is available in C:\BDDPracticeFramework\SnapDealTestProject\bin\Debug\net48\SnapDealTestProject.dll. Make sure that test discoverer &amp; executors are registered and platform &amp; framework version settings are appropriate and try again.</Text>
      </RunInfo>
    </RunInfos>
  </ResultSummary>
</TestRun>