<?xml version="1.0" encoding="utf-8"?>
<TestRun id="c00d5d5e-761e-49b9-b2a1-229146123b68" name="C278249@USE2DEVP00496 2022-07-27 14:04:01" runUser="EAD\C278249" xmlns="http://microsoft.com/schemas/VisualStudio/TeamTest/2010">
  <Times creation="2022-07-27T14:04:01.8833432+05:30" queuing="2022-07-27T14:04:01.8833432+05:30" start="2022-07-27T14:04:01.4003433+05:30" finish="2022-07-27T14:04:01.8853445+05:30" />
  <TestSettings name="default" id="67d5d3b3-d8cb-4387-badb-f2195ffcffae">
    <Deployment runDeploymentRoot="C278249_USE2DEVP00496_2022-07-27_14_04_01" />
  </TestSettings>
  <TestLists>
    <TestList name="Results Not in a List" id="8c84fa94-04c1-424b-9868-57a2d4851a1d" />
    <TestList name="All Loaded Results" id="19431567-8539-422a-85d7-44ee4e166bda" />
  </TestLists>
  <ResultSummary outcome="Completed">
    <Counters total="0" executed="0" passed="0" failed="0" error="0" timeout="0" aborted="0" inconclusive="0" passedButRunAborted="0" notRunnable="0" notExecuted="0" disconnected="0" warning="0" completed="0" inProgress="0" pending="0" />
    <RunInfos>
      <RunInfo computerName="USE2DEVP00496" outcome="Warning" timestamp="2022-07-27T14:04:01.8553423+05:30">
        <Text>No test is available in C:\BDDPracticeFramework\SnapDealTestProject\bin\Debug\net48\SnapDealTestProject.dll. Make sure that test discoverer &amp; executors are registered and platform &amp; framework version settings are appropriate and try again.</Text>
      </RunInfo>
    </RunInfos>
  </ResultSummary>
</TestRun>