<?xml version="1.0" encoding="utf-8"?>
<TestRun id="6ad24fc8-8ea5-49e3-abff-e7bba4ac7d2b" name="C278249@USE2DEVP00496 2022-08-03 19:36:37" runUser="EAD\C278249" xmlns="http://microsoft.com/schemas/VisualStudio/TeamTest/2010">
  <Times creation="2022-08-03T19:36:37.4498401+05:30" queuing="2022-08-03T19:36:37.4498401+05:30" start="2022-08-03T19:36:03.6243869+05:30" finish="2022-08-03T19:37:02.1245460+05:30" />
  <TestSettings name="default" id="3f2d534f-d221-4e8c-8a91-edab51ad700f">
    <Deployment runDeploymentRoot="C278249_USE2DEVP00496_2022-08-03_19_36_37" />
  </TestSettings>
  <Results>
    <UnitTestResult executionId="d68fd6d3-c8a9-41a3-b716-c8249fb60714" testId="8e0f11a9-14bd-9ab9-006a-2f5f5253209a" testName="VerifySortByFilterOptions(&quot;Price Low To High&quot;,null)" computerName="USE2DEVP00496" duration="00:00:34.4850000" startTime="2022-08-03T19:36:04.6186510+05:30" endTime="2022-08-03T19:36:39.1038398+05:30" testType="13cdc9d9-ddb5-4fa4-a97d-d965ccfc6d4b" outcome="Failed" testListId="8c84fa94-04c1-424b-9868-57a2d4851a1d" relativeResultsDirectory="d68fd6d3-c8a9-41a3-b716-c8249fb60714">
      <Output>
        <StdOut>path is: C:\BDDPracticeFramework\SnapDealTestProject&#xD;
Given I Open SnapDeal site&#xD;
-&gt; done: SnapDealStepDefinitions.GivenIOpenSnapDealSite() (7.0s)&#xD;
Then I verify search bar is displayed&#xD;
-&gt; done: SnapDealStepDefinitions.ThenIVerifySearchBarIsDisplayed() (0.7s)&#xD;
When I search for 'Perfumes'&#xD;
-&gt; done: SnapDealStepDefinitions.WhenISearchFor("Perfumes") (9.2s)&#xD;
Then I verify menu icon displayed&#xD;
-&gt; done: SnapDealStepDefinitions.ThenIVerifyMenuIconDisplayed() (1.2s)&#xD;
When I apply 'Price Low To High' SortBy filter&#xD;
-&gt; error: unknown error: unexpected command response&#xD;
  (Session info: chrome=103.0.5060.134) (6.1s)&#xD;
Then I verify 'Price Low To High' SortBy filter is applied&#xD;
-&gt; skipped because of previous errors&#xD;
path is: C:\BDDPracticeFramework\SnapDealTestProject&#xD;
Screenshot: file:///C:/BDDPracticeFramework/SnapDealTestProject/Screenshots/Verifysortbyfilteroptions_08-03-2022-07-36-34_ERROR.png&#xD;
iVBORw0KGgoAAAANSUhEUgAABgAAAALECAYAAADO2PvaAAAAAXNSR0IArs4c6QAAIABJREFUeJzs3Xd4VFX6wPHv9Ewmk0w6JYQA0kILGER6EVFEmrqKCopiARZXVPBnWwHdxVVRUVzBgqKwiKKCDRQFQRHpTYwQOoSE9DKZTCbTfn8MGTMkMymE/n6ex+cxc+8959xz79yE8577HsVv9HYjhBBCCCGEEEIIIYQQQogLRmLhN2dchrIe2iGEEEIIIYQQQgghhBBCiAuMBACEEEIIIYQQQgghhBBCiEuQBACEEEIIIYQQQgghhBBCiEuQBACEEEIIIYQQQgghhBBCiEuQBACEEEIIIYQQQgghhBBCiEuQBACEEEIIIYQQQgghhBBCiEuQBACEEEIIIYQQQgghhBBCiIvMV199Ve0+EgAQQgghhBBCCCGEEEIIIS4i5YP/1QUBJABwATB0bUPbH16l464PvP+1Xj6TkKsTz2q9cdPG0uqLf3l/Du2XRJtvXyRiZG/vZ1FjBpG4ZjamId29n8VOGE7rr14guGOLWtfZ+KnRtPt5DgANH72Vlp/OqLRPaL8k2nw3i+Tsr+lasIKOO9+nwUM317qu07X7eQ6NnxoNQKtl/yZ2wnBPfQO6YOjapk5ltvriXz7XLXHNbMKuu+qM21ofGj52G60+fx6lUe/9rOmrk3yuOUDzt6eQ8ObkOtXR+qsXvMde8dHTxE0b67P99P5ps+Kleumfitey+dtTKtUrhBBCCCGEEEIIIcSl6vRB/0BBAAkAXABUxmC0cdHkfb6W9Fkfk/H6UtRRYSS88bDP4G190zaJQd863vtz8bZ9aGLCCb3mSu9nof06Y+zVkbD+nf/6rG8S6sgwSnYfrHWdiiAdSoPnnAq+20T2Byt8tpsGd6PFB0+i1Kg4cNe/2NNjAuYNe4j75900+ff9ta6vIqVBjyJIB0DWO19RtG4nAI2fGkPsg8PqVKYuoQHmX38nfdbHpM/6GKe5hGZzJp/14E1N2DNyCe7QAtP13QBQGvWYBnXF2LMD4UN7ABDUKg5j7064S8vqVIcyOAhlkBaArAUryV+x0We7vnU81n3HvPe1y2bnig+fInb88DM4M99rqWvRGG2TmDMqTwghhBBCCCGEEEKIi4G/wX5/n6vPZmNELbjclB7OIGfhKgDcdgeNnxhNSNe2hPZNwp6ZR9jAZBzZBaQ9/yFx0+4hJLk1bpebghW/cfyf8wlqFUf02BtwmkuIGN4LhUZNwfebOfHCQlxmK9q4aJr8+34MSS1x5BZizy7wbYLZimX3QQxJLb2fBbdvju1QOsGnPlMa9ehbx1O4ehvauOgq2wEQcnUiDR/+G/rEBFxWGzn/+4GTcz73qS+oZRMMXVpRsHKT97OY+4fiyDOzd8RTuMxWAA5PfBWX1UbEyD4Ub0/FeHUi5vW/k//legDCh/fC2KsDWe9+TWlqGg0fu43Iv/VHqddhTTlC2vMLsKYc9ak75Op2aBMaEvvAMLSNo1AZgrjio6dxWm0484pIm7nQW3/s+OFoGkaSNu39ytfNDfacQu91KzuRQ7M5kwlqGUfxxpQq26IKNRBzzw0o9bq/inG5KPxxG0Vrd9S6T6PHDkbTMBJt4yiCmjXk+PQPsGzZS97Xv9Jo6u0YuyWSt3Qtpuu7oQjS4iopxdC1Lflfb8DYowMKtYqidTsDXrOoMYOIGXcj6nAjZSeySX9pMUVrd/r2aXJr7FkFWLbs9fncWWTx9k/2+yto+cl0Yu4fSvb/VuEyW33Kth3O4MR/FlG8MSXg/SWEEEIIIYQQQojLg0KrJvHH19DERlS7r6uklJRBj+LILjwHLRPi/Bg2rHYTmSUAcAFSGvWE3+BJuVOWlkXEyN5oG0ZRuHorlh37aTH//9A2ieXkG5+haRRF7H034nZD0dodRN91HSgUZL39JajVNBg/HFVoMMeefJuWi59FHWXi5BufoY2PJXb8cOwZuT51l+zYT2jPDoQO6ILKEIQ63EjBqs2E9euMoWsbdAkNUBr0mDel+G1HzqLvafbWo7hKbGS8vhRjt0Qa/d8duEptPnUZrmxN+JDu3oF1pVFP0BWNKVy1xTv4Xq5o7Q4iRvQmrG8S4UO647KWeQMAhitbE3lTXwpWbiLqjmuJHT+crPdXUHYsk9gJI0h4YzJ/DnzEp7zwG3tQ8MMWin7ZjSG5DWXpORT8sAV1eCgNJt2E7XgWmW8tR2nUEzNuCOZNKTW6dqbB3VAagnDkFBI3/Z4q23L8mXd9jtG1aIy2USTZH31fpz4N6ZZI1KhrsOzYT+EPW3AWFgOegI513zFv8MbYLRGXuQTb8SwMnTzpmwzJrXHkm7HuO0bLJdOrLN/tdBH/r/vJ//Y3zL/tIXrMdSS89hCpt03zOY+wQVdhO5JB9oKVAfuo4PvNxHVLxHR9NzSRYcQ9O9ZbduQt/WjxwZMcvOcFmsy4t8q+SHtWggBCCCGEEJeblh9Po+jnnWTO/fK8tsM0uBu2oycrTTCqidB+STR++i4MV7YGwLrnEMefnV9pYs3ZYujahibT7iH/2w117sd2P8+h4LtNnJi5qF7b1uChm4kZNwRdQgPcdifmjX9w4t8fUbwxhYiRvYm+dwhpzy3AsmUvcdPGEjtxJDhdHHn0TexZ+TjNJZUmIpVr8vw4Iv/WH02jKFwlpRT9tKPKSWK1VR/9WRtVfQdMQ7oTM24IJ15Y5Pf8wZOK13R9N/7o81CN69MnNiXun2MJ7d8ZZXAQ9vQccpf+dMaTsrRx0Rg6t6Rw7Y5K/+4/1xo8dDOxDw5DGx+Lq6SUgpWbOPyP2dW2q+L3wN93oj7uO31iU+Km30tY/y4oNCpKD6WT8eqn5CxaVafzra36uMdbf/UCtmOZHJk0+4zaoo4Kw9i7Eyff/JyytGy/+6nCQmg0ZRS6pg18AgBx08YScVNf788uq43cpT+R8conZ9SumogcdQ0NH72Vo4/9F/Mvu+ulzNgJwwkf0oPjMz6o9N0PuTqR+H/fT+mBExx6cFa91CcufhIAuECoQoNpPvcxmv33URRKBQqthqz531KamoZCpaJw9Vb2j5qB0qhHoVZhO57lHQA39miPsVtbitbuwG13kPf5OtKe+xAAbeMoQnt3IvLmfmibxHD86XfJWfwjAEHNGxLcwTePv3lTCrHjhxOS3BplSDAuWxmF32/GNDAZY7dEdAkNcFmsFK3fjTY2osp2ZL3zFbmfrKFo3U6KN6aQ/f4KOu35kJDkNpRl5vvtg5CubVEZ9DhLbJW2OS2lnn4yhQTsx5JdBzjxr484+eYXAGgaRRF1+zUYe3estK+7zNNXsRNG+MxSNw3qSvgN3cl8aznRY65DFRZCwbe/VVmfUqeh0WO30XDy31AoFCj1WvJXbKRo/W6UQdoq26LQqL0P4djxwzH27ED6i4sp3vIn+V9vqHWfApRl5HJw3H8oTU3zaZ9leyrRd12PoWsbgpNaYt13DGtqGhEjexPUKg5DUktK9hzCVWLzW37Oxz+S8fpS0l9c7Ok3u4P4mQ94664tR3YBbrsDZZCWiFv6YdmeyqH7XwLAvH43rZfNJPLW/n77QgghhBBCXH6CWjXBuj+t+h3PsianJsacPiml/K1WfRtPilXr3mNkzf/G+2+MoFZxNH11Eq4SG6k3PQ1A3D/vpvk7j3Pgrn9RvLFmE47OhMoYjL5tU4q3p9a5jIqpOOtLk3/fT+z9Q8n9bC3775iBrmkDGj99F83nTWH/HTMo3rIXt8OJda9n4DRiZB/yvviZwxNeAaDtj69hO5LBoSoGwFt8+BSm664ic+5ysuZ/S2ifTjSaejstF09j/x0zzigIUB/9WRtVfQfUEUb0reNRGYMDHlsxFW9N6BOb0nLxNHC7OfromxT9vIuYcUOInTACbXwsB++eWadzAAjt35nGT4zm8EOzKVqzvc7lnKnoe2+g8ZOjyf/6V9Kun0L4sJ40fPQ2Wv7vWfYNezLgsRW/B1V9J+rrvkt47SG0TWI59MBLWPcdI27aPTR9aQJuh5PcJavrduK1UC/PjAppg+tD9kffY91ziLCByaD0zWpevCkFhVpFw8l/q3SctkkMSr2OtOcXAGBIakmjqbcT3LHFGd3PNaHQqFAZ9Cg09TcEq2kYhb5t0yq/+6YbuhPcuRXa+FhCrk48J79fxIVPAgAXCGdRCceeesf7B2Ls+OE0fuYuSg+k4bKVUXrgBOCZ1e2y2mj89BhazP8/FGoVyiAtRet/92wvsWHZdcBbbtmJHNxJTnTNG4HLTdnJPO82a2oaQS2b+LTDsmUvZSfzMHRp5Ulb88dh8r/eQIN/3EJIj/ZoYsKx7juGIyPPbzvKo7Et5j+BpkEECpXS89bAxj8C94G5BLfdgUKpqHK72+0GpzNgGWUZuUTfPZjGT49BodOi1Glw5Jtr9aAt+nknMfcNJXRAF4y9OlKWkeuTpqgil81O+iufeP8BYBrcjWZvPUr88/eRs2R1wLboE5sS88BQ8pb/QuY8TzS9rn1adjyr0uA/QPHWfcTcO4SwAV3QxJjIX/4LJSlHiLylH5G3DkATFUbukv0Byy89cILoe26gy/HPUBr0KLVq3A4nqOq2hIjKFOJNf6RtGImuWUO6Fn3n3a7UqlGFGgLe50IIIYQQ4vJUnv5T37IJumYNsezcT87iH2n48C1oG0ZS+NMOjk+bj7ZhpE96VKVO491Wnh7VX7rJsOuu8pTXOJqyE9lkvP4ZzsJiYu65AXVkKMYe7Wnx/hPkfbme/C/Xk/DmZCKG9SLnk9UcnugZlI6+5wbiX3iQ0D5JHLr/JQxdWqOJDOPYa+96Z/wfSs+h5f+exXRDd/RtmqJtEkNwYgL6xARvvYXfbwbwm+Y0bsa9OIsshA/tiTrciGXnfo4//a737/uYcUOIvncIqmAdxVv3geKvf2v5S8UZqL76Zujahsi/9Sf383UcnvgqANaUo9iOnqT5vCmYBl+N+dffCeneHpetjPAbuqMyhRDUMo6WS6YBCp+UroVrtnvfSI4Y2ZuwAV3IeP0z0l/wzM7OWfwjlp37afXZv4idOJIjk2YH7NuKqXgPPTjLb38qjXqavjwRY7dEz/1UIRXvuRTompar7p4BiH1gGCpjMPvvfM57fNqMBTjyzTR89DYiR11D7pLVfuvzqSPMQPHWfaTN+ICwgcmED++FOtxI7IPDiBjWk5NvLcNVYvP5PuZ+uob0Fxd70xzb03MIH9oD84Y9pM1YUC99FdK1LY68Iu/kvMy3loPLTeyEEYRddxXWPw5X2abqVHvfPTCMwp92YLiyNZoYE8ZuiTgKLT4BQwBjz/bomjUiZ8lq8pb9AsD+26bT9sfXCLs2GZfVFrAMf2l8o8cO9nnWOHILOfHiYu+zJtAzo+Kz8fTjztUzA0AdE07LT5+rFFjYN/xJLAGCFW67w9s/OQtXYTt6kkZTbifqjoHkLP6xyvvZXeYg6s5ryV36E8UbUwi5OpGIkX3I/nAl1pSjnt9J3dthz8xHGaL3+wyvKND31N91Uxr1NJkxjrD+nXGW2ChNPe73PMP6JVG0bif6NvGE9u/iLTvQta/uvhAXP1kE+AKVOe9LytKy0bdtCm5wu9yAZ4C58TN3Ydm6j+3NbmWL6YaaDYo6HJ4B9ApUwToUVQziWrbuRd82AV1CQ+/Ds2TXAQwdW6BtGIlle2rAdsROHEGDh24m5+Mf2Rp5I1tMNwR8OHnr3bIXe1a+zxoESqOeKxY9Q9TtA1GoVZT8fghXmd1vGfEvTkAdGcq+kU+zNWII6a98gtvmf/+q5C3/BVepjfAh3Qlu14yC76oe/K9KwcpNWLalom/fPGBblEY9Ca8/jCO3iOPTPSmQzqRPy++P0xWt2U5ZZj5hpxZ2Nm9KoWjNdhx5RYRdcyVuh9Pz1keA8uNfmkBI17YcvO8ltkYM4dCEV3AW1/0P2eB2zXBZSrHuPYbb6SRn8Q9sCb3e+9+moIHkfb6uxve5q6QUVx0XMRZCCCGEEBcXw5WtiX1wOPbcQrLe+4awAV1oueifWPcdI+fjH4m8pR9xT9+FNi6G6Luuo8HfR5L3xTrvtoTZ/wCgxfz/w9izA5lvf0X+t78RM+5G4p4bh2lwN5rPewyAzLmeAcErPnwKQ5fWFP60A6e5hNLU4xT+uJXS/ceJvvcGTNd348TMhRybOhdrylGsKUc5NnUuJ/71EaH9kogcdQ2W7fuw5xbS6NHbiLpjIAClqWn83vUB0p6dj7FXB+L+eTeqMAOZc5ej1Oto9uZkQq5OJG76PTSaejuFa7aTOXc5+sQEEt6YDEDkzX2Je+ZuzBv2kDl3OSFd29Ji/v8B0GDSTcS/8CDWlCNkzPkcfZt4NA08+bNjxw+n6YsTKN2fRsbrS1Fo1bT44Mlq66tvwR2ag1JBwQrfN66tKUf5o89DZLzyCUEt406tcaeh6Jfd3muQ/91mCldvw5FbhO14FgU/bKHkj8M+94qz0ELe52srlX3owZfJfGtZwHONGNmbJjPG4S6zY9mxP2B/NpszmdC+SWS+/RW5n6wm+u7raf721LPSZ/4EuqYVBbpnygV3bEHxlj8rBQ+yPljBoftfIv/bDQHrK6+jZOd+cj7+kbCBV9LsrUcp+eMwJTtScRZbMf/6O0W/7MZhLqHFB0/+9X388hca/P0mEt6c7Pke33ktjZ64E1taNiUpR+qtv4q3/Ik6KoyWn87A0NXzdnvmvC/Z3ekezBt+99um6gS670p2H8DQtS2GK1vTaMooDJ2uIPPtr3BkF9D0pQlEjrrGu7/51z3YDqcTdcdAGvzjZpRGzxscfw58hEPjXgxYRvS9N/hcG6VeR8JrDxHUKs77rFEG60if9TFOcwnN5z5G6IAuAe/x8mej2+4gfdbHlKXn0OKdqUSOuuacPjMAyo5mslk/kI2KPj7/5X/1a63KyfpgBc4iCyE92nvv57K0LDJeX4rKqKfl4mloGkYS2qcTUaMHARA1ehANJt1E+PDenp9vvwZDchv07RL8PsMr8ldP6IAuAa9bi3ceJ/LW/uR8/CP5X/5C2LXJKHSaSudkGtwNTaMoilZvw3YwndCeHbzbAl37QNvEpUHeALhAhQ/vhSYmnLL0XAyd//pcHW7EXeagYOVGXGYrpsHd0LdtivXPwJHV4i17ib53CGEDkylasx1tXDSh/btUOTPe/OvvRN99PW670xPxxTNwHDV6EM5iK4U/7UDfMs5vOzRRYTjyisj9dA3gyU2mbRxVo/POX7GRhv+4hUaP3076Sx/jMluxZxUQO2EERau3kfHqp0SM6E1oz/beX4ChPdt7H3yqED1FP22neGMKSqPeZ1sgapPR+/+lqWmYf91D5KhrcBZZKPppu2f9g/hYClZtDjiLI+TqRPRt4jFvSsGQ1NJvW+JfeBB1RCgHxjzvLS/QtT2TPrVs+ZPYv9+Eef1ub244y879xNw7hMIftmDZspfwwd38lq+JDKVk9wFv5Nd03VWoavH6aEXhw3sROeoaCldvw7JlL5btqYR0bYs+sak3eh4/8wGKt+6t8X1e3euZQgghhBDi0mI7epL0F/9HaWoawZ1aYOzenqOPvAl41qUyJLehYNUWXFYbWe+vIP2ljwFQhgQT+bd+GPt28ptuUts4CkeemdTbpuEyW8n+3ypi7x9K8ZY/sWzZS6Opt2PPKfSmVY17diyle4+R/b9VtP7qBUL7dMLtcFJ64AR7rh5P1OhBhPXvTO6S1Rye+CqNn76LhDcfodm8KZT8fojMecu9M1JtR09yZPIblKamYU09TvN3pmIa1DVgmlO3y0XOktUcf+odAFylZcQ9O5aIv/UjfERvijf/6U236cguoNl/HwXwm4ozYkRvijel1Dit6pnSJTREoVB4U76CZ5Zq2KlBJ1taNtY/PYO+LquNgm9/o/FTYzzX4NRM/8jbBvikdC2naRABCkWVb0qX5+EO1LcVU/GCJ9WQv/5Uhxtx5pvJ/2YDZWnZ2LMKUIUGTstTWxXTz5ZTKBU48s1A4GvqKnN4jwl0z+Qt9Qxaa2IjKD2UXqkNLrOVwh+2VlsfCgUF32/iyOQ5nraHBBN1+zUog7SUHs7AbXdQsucwRWu2Ez12MEFXNPZJV6wKNRB23VUUb/4Tt8tF3tKfODrlrXrtz+z3V6BQKIj9+0jarZuD01xC0ZrtZLy+FH2bpn7bFNQqLmC5ge47Z7EV9am0xo6cQk7MXEj+1xvI/t8qOvw2z/usKHdw3Is0+ff9NH76LuL/M57S1ONkL/zem7feXxnVpfEt2XOI/aM9YxF5y3+h/fq3iLipD/o2TQM+Mxx5Zu9xOQtX0W79fwkf1pO8pT+ds2dGfXKZrTgKLT7piQ+M/hfw1/1sGtwNy+6D3omqwe2bY005QshVbT3rWLZqQuGqLaijwvw+w0sPZ3jr9FdPxE19yPtsbZXXLfqu6zEkt+bkf5d5f59pYsKJuLkvpwvtm+RZz2LVZpTGYKLvus4nDZC/ax9o2/lM1SXqjwQALhA+awAoFKBSUvjjVtJfXkz4kO7e/fK+/tU7m8A+sxBNZJjPw8SfgpWbyP5gBQ0n30rUbQM8C9XmmSstzAuQ//UGytJzcZWWeb/oBd9twpFTSNnJPCxb9mLde9RvO3I/W0v4iN60/f4VXCU2VMZgbEcza9QP6f/5H5rYcBo9MZqGj43CVWxFExuO7eAJ9G2bYhrSnawFK2ny/H10PrAE3G7PeZz6g7FgxW/EPjicsOuuQm0KoSw9F2dRScA6i9Zso+Fjo7jK/D1ZH67kyKTZ5H+1nogRvbDs2E/xxhSav/c4puu7ceCuf/s8/E7/I0ypVWPZnkrGK0uIun1glW0JH9qD6DsHodBpaL/xbQDcZXZOvvkFtiMZ9d6n5k0pRI25jpIKqaEsW/fhuu0aLLsOVlt+3rJfiHt2LJ1SFqLUaXBZbdiz/K/lcLqoO64l8tYBKFRK3E4X+V+t58jkNwBIf2kxLeY/Qfvf5uHIKUQdbaLgu00cfWIeLRc8VaP73Jvz876XatwmIYQQQghx8XKXOaocXKtqv7K0LO/PpfuPozIGo4uP9ZtuUte0AY58s3eSjstsJePVT/3WoY4yYTuSQcTQngS1aEzq354ltG8Sphuu9hxfWuZNnVm8MYV9Q58APLM0Yx4YRtOXJ3onZdmOZnrPq2jNdpyFFlCrA6Y5ddud2LMLvO2xHcsEt5vgDp63t82/7fFuy/96A3HT7wX8p+JUR4XVS1rVmnIVl+B2u6t8Mz2oZRy6Fo29AYBal11ahvsMUshWTMULBOzPjNc+Jf6FB+mUshB7eg55X/3KyTc+q1O7/Z7PaelnwZMupPETo73t83tN03O9nwW6Z8oDADV5wzpQfa7SMqwVvqOl+4/jLnNUeQ/pmjdCExtB87en0mzeFOCvwIYmyoTLWlavM/8rypr/LVnzv0Vp1BM9ehCx40fQ7K1HMW/Y47dN2riYgGW6SsvA7UZp1Fc5ebD8nrRnF5D/9QbPMWarJ13zad+DsrRsb356Q9c2NPj7SBr/353evO/+yqguja8jz/cZZ88u8KQhC3CP65o2ILhdAleeWObdrlCrcJWWndNnRn0rD8icfu6lqWmUZeSibxlHzserCe3ZgdiJI9BEm8hb/gvhQ7oTM/YGVCHBmH/9nfDhvfw+wysKVI+/66aOCkOp1/n8PrPsOoBp8NWVzsfYqyMlew5TmppG4Y9bib7rOkw3dPcGAPxde9uRDL/bxIVjx44dtT6mc2fPrPIL/9t4GShas53tTW7xu/33K+/z/r/LbOXP66YQOqALmphwzOt3++Tq29XuLp9j056d7/0DIW3GArLmf4uxV0fsWfkBo3gV6yyvd1f7u2vcjt+73IdpSHeUQdpKs+a97anQtoqOPvImx5+dj2nQVSh1Giw792NNOUpQqzjvwzR36U+YBl2FI9/scx5Fa7aT8/GPGJJaYt2f5rMaesVzqvj/J2Yu4sTMRZXa4TRbMa/3zAzJWfwjmigTxVv+9NmnYp+c7vg/5/ttS/kMparUpU8DyVu61vuHXLnsBSu9uTHB8zpioPLzv9lQ5X1TcZbNnwMfqVT36ffj6awpR9nTfQKGrm3Qt4zzXmsg8P1V4fpVVa8QQgghhBAoFD4DUOqwENw2O0EtGhN99/UUrNxEyjWTcZmttP3xNc9OTieoVLWrRq3CZXeAUoE6Msyz5lWQDn1iU1QhepwFxUSNHkRwuwTSZnrywhes3ETByk203zgPY4/2AcuPf3ECCqWCfSOf9uRXf24c0Xdee6pyfNZQUxmCAHBk5Vca/A5qFYdC6+mP8lScVU2iSVw3x3999azk90MolEoMyW28M8vL/63S7te3cOQUVFOCf9aUI4Tf2MOb37uc0qin7XevYN17lKAr4vyfq9s31Wqg/ixau5M93Sd4B5IbPvw39G3iz+nbyoGuadxz4/76IcA9U8667xiGzq0qDWJHjrqGuGljyZi1JGB9Hba9V/OGOxyUpedw6IGXK41RhA7oAm43brvDz8F1FzfjXuwZuWTO+xKX2Urm3C+xn8wj/uWJaBtG+m1Tdcrvu4ihPSvdd4YurbDWMJhhGtyNsIHJZM3/BmvKUSxb9nJw7Au0+ux5jL06Yt6wx++x8S9NwJDUkoP3vUTh95uJGjOI+Bce9G4/fd1FpV5H2fFMNDEmn88r3uM4nRSt/73Kf3+fy2dGfTIN7oZSr6M09TghV7VFofZ99pf3i3nD77jsDsJv7IGzsJjsD1diur4bpuuvwn4yl/yvNxA+vFeN6nQ7nX7r8XvdXC44LaW3OiykUuA0fGgPglrGYezZgajbB3o/r/g7xt+1r26buPjJGgAXqaI128ldstpnULQmytKyyV2yut5e4QnUjoJvfyPv83V1WvjIZbaS9/k6chb/6B0QrjjLp3x7VedhTTnqWWSnwoB7bYX2TcKRV0T2wu8BzwLFGW98VutzqUtbzlaf1oS/8uv7vjmdZcten2tdrq73uRCHkMOUAAAgAElEQVRCCCGEuHz4m62sCg3GdN1V3p+NvTtizy3EdiyzynSTAOZNfxLUvBGmwd0AzwBRx53v0/Cx2wBQqJSowwzeMi1b9xLcvjkluw6Q/80Gms6aiLFHe1ylNtr9/CZuh5Os97/F7XASNeY64p75awKRaXA3b9rXQFQheoo3pVSZWlSp0xLar/Nf6VH7dcZtd1C8dS8lew4T0i0RfaLn3KJGXYPu1Ozliqk4wZOqs9MfH9HgHzcHrK++FazcRMmeQ0SPHkRovyTv542euBNdkxjyv9lQo3IqpnQtl73we+xZ+cSOH+49T/CkY9U1jaXwh621OtdA/Zm49g2uWPSMdyDZvPEPdAkNatwP9SHQNa0o0D1TLv+rX9HEhvsMGusTm9Jg4gic5hJyPl1T4/qqotBpUId7rlnR+t9RKBSEDUz2tM+o54qFz5D40+tn0BvVU0eG0uiJO30Gbg1d26JQKDD/uqfObQp032liwslbvr5G7XPkmwkf2pPGT43xXit9YlOCWjfBdvRkwGOrS+Orb9eMiJGeHPYRI3t71nrceSDgPX76szHk6kQ6bH2X+JcmnNNnRn3RxkXTaMooHAVm8pb/gvnXPb7nPnoQuvgYLDsPeFL6/HGY0D6dKN6eSmlqGqWpxwntm4Rl98Fa1RuoHn/XrfRwBs6iEu/vM6VRj+n6bihDfFMzh/ZNwp6ew+bQ67zrIhx5aDa6uGhvLn9/1766beLiJ28ACFGFkKvaUrz5T+9A+JkEE4QQQgghhBBnT3kO9NO5LKWEJLehy/HPQKEAhYLj/3yP3KU/EXXbgCrTTaa/vBhD55a0/GQGjuwC1JGhFP2ym8x3vgKgaP1uYu4dQtSd15Lx6idkf/QdYdd2JX7mgxy4ZybHps6tsi3WlKPoWzehwUM3E3PfjTgLLaijwihau4P0lxeT8NpDfs8vUJpTl60MTUw4nQ8swVVsRWUK4eQbn1G8MYUTRR/S4oOnaP/rXOw5BSiDtN6+8peKM+uDFWiiTbVOq3omDk98lebvTKXNipexZ+SiNASh0KjJnLucrHe/IWrMoIDHV5XSFTyTxo49Ppemr0yiw6Z3KDuZizoiFHeZnfSXPyZ3yWqC2yXU+FxP/Mt/f+YuWU3cjHvpkvY5rhIb6nAjJ9/8vH47qhqBrmmjqXd49wt0z5TLXbIabaNIGk29najbB+LIK0LbIBJr6nGOPvYmLrM1YH3Rdw/2287iTSnYM/O54qOnKfv3/Ry8/yWyP/qOBv+4hegxg1BoNbhLyzj29Ltntb+OPfk2uvhYWi5+FkdeEQqNGoVKxck3Pyfj1U9QGfV1apPPfbf1PcpOZFe673zeyPCjeGMKJ/6ziCbPjePKtC+8fWzdc4iMV5YQOWqg32OrS+PrKrbS/N3Hif/PeDSx4RT9spuT//0CXZMY/8+M05+NUWFYduwne8EK3Layc/rMqKugVk3oWvQdCoUChUZFye+HOProm5SmpnFyzmcYkq7wuZ/zv1zPyf961jWwbE/F2KsjxafevLDsSMXY+6+faypQPc6C4iqvm/1kHumvLCF+5gN0Sfsc3G6cxVZvKmzwBAVC+3eheHuqz4TOglWbiZ0wAtOgroD/a5/w2kN+t4lLg+I3erur300IIYQQQgghhLg4hA7oQrM5kznxn0U48sxVprn0l24SPPm29W3ise49Vu1koNB+STR9eSLa+FjsJ/M8qYBMIaS//DEn36g8CGwa0h11mMEn/WV19IlNq0wt2mHbe+R/+xtFa3f4PZdqz/O0VJyB6jubyut02ey1SnlaE+XX05FnpuDb36qst6bnGqg/65Kytb75u6blanLPVGQa0h11hNHvd6G6+mpKadRjGnQVrtKyStfobNLGRWPs1RG33VHpup1pmwLdd7UROqAL2sZRNXoelSs/r9PT+DZ/73F0CQ058o/Zfu/7QPe4v+/L2X5maBpFcuWJZfx+1QMBy9fGRZOUupg/+kzCsnVfresJHdAFbYOIM76f61qPv+sGZ34/Brr2NbkvxPmTWPgNcGZrAEgAQAghhBBCCCHEJaViAKDiulVnU/lgH07XWR88Klc+mFvV2mpCVEXumctb+UDvxbaWXnkAoKZ+73p/nQIAl7JA1/5ivS8uF/URAJAUQEIIIYQQQgghLiluuwOnxYrb7qx+53pi2bL3nM+YdFmsuEtt57ROcXGTe+by5iotw1VSWv2OF6iUAQ9j2Z7qd7u2cRQdttZiEerLSKBrf7HfF6J6EgAQQgghhBBCCHFJMf+ymz1XPVj9jhe5P/r4XztAiKrIPXN5K18j42LlLLbiLLT4324MPoetubgEuvYX+30hqicBACGEEEIIIYQQQgghxAVNExuOtkmM3+3ahpGeRd+FED4kACCEEEIIIYQQQgghhLgwuTzLl7b69Dlwufzvp1Si1Gm8+wshPCQAIIQQQgghhBBCCCGEuCDZM/P4vev9KIO01e7rdrqw7D54DlolxMVDAgBCCCGEEEIIIYQQQogLkxssW/ed71YIcdFSnu8GCCGEEEIIIYQQQgghhBCi/qmboD/fbRBCCCGEEEIIIYQQQgghRD2TNwCEEEIIIYQQQgghhBBCiEuQBACEEEIIIYQQQgghhBBCiEuQBACEEEIIIYQQQgghLkH52M93E8R5JNdfCAESABBCCCGEEEIIIYQQQgghLkkSABBCCCGEEEIIIYQQQgghLkESABBCCCGEEEIIIYQQQgghLkESABBCCCGEEEIIIYQQQgghLkESABBCCCGEEEIIIYQQQgghLkESABBCCCGEEEIIIYQQQgghLkESABBCCCGEEEIIIYQQQgghLkESABBCCCGEEEIIIYQQQgghLkESABBCCCGEEEIIIYQQQgghLkESABBCCCGEEEIIIYQQQgghLkESABBCCCGEEEIIIYQQQgghLkESABBCCCGEEEIIIYQQQgghLkHq890AIYQ4U4bH/0bQwyNQRBrPd1OEEEIIIS5oPXv2PN9NEOdQmF1B5yINY9OCCXeozndzhBBCCHEeSABACHHRC5o8AkWEDP4LIYQQQghRUaHGzdrIMhwKmHpY/l4WQoiLiQM3pTix4z71swsXnnQu6lNJXTQoCEKFGsX5a6i44EkAQAhx0ZPBfyGEEEIIIfzbEWY/300QQghRA07cWHBiw4nLzz4uoOzU1jLAghMloEOFARUqCQaI00gAQAghhBBCCCGEuIRZVO7z3QQhhBABuAELDiw463S8C7DixIoTAyoM8k6AqEACABeY8AVTCL772lof5y4oJrv/VOw7D52FVl36NEnNif7pZYpfX07R9IXnrR1hs8ejH96D7P5TcR7JPG/tEEIIIYQQQgghhBBnnw0XRdj9zvivLcupQEAoGnSnUgWJy5vcBReCIA3qtk0AKFmwqk5FKEwhRC6bXp+tuqzoR/REYQpB16/jeW1HyMMjUSXEok6IPa/tEEIIIYQQQgghhBBnVwlOCupx8L+cCyjATkkd3ygQlxYJAFwAQp8YRcyG2ShMBmxrd1P65YY6laNKiCV0+ph6bp0QQgghhBBCCCGEEKI+FeHAjOOs1mHGQdFZrkNc+CQAcAEImTwShSkE0+wJABRMnoe70FK3sh4egUpmjwshhBBCCCGEEEIIcUEqOZWm51yw4pQ3AS5zEgA4z4LHXosizOD5/7uvRdevI84jmRTPXlan8hSmEHkLQAghhBBCCCGEEEKIC5AN11mf+X86Mw5s9Z5oSFwsJABwnhnGDvL5Oey18QAUTV+I82jdFoEtDyQIIYQQQgghhBBCCF8Kox79zb3QDeh0vpsiLjNuoAj7eam7CDvu81KzON8kAHAeaZKao+3b8bTPWhA89lrAkwqorsoDCUIIIYQQQgghhBDiL9qurQh7fQJRq1+ises7ote+fL6bJC4TFhy1noevbhNPxNIZNMhcTiPzdzTIXE7E0hmo28TXqhzXqfrF5Ud9vhtwOQuZfFOVn5teG491+QZKl28gp/9UdP0qR6QVJgMhD4/0W3Z5IKFkwQ81aosqIRb98O4oTCHez0q/3IB956Eq93UVFOMu8KxTEDSiB5pOzb3bnUcysX65wbv9TOsD0PXriG3t7jod669Od0Ex1i9/w3mkZm9anH6eNT1ek9ScoOE9fD6rSXuFEEIIIYQQQohLkcKoJ+SRmwi6tguKYB32HQcpWbTa++/+c8F5KAN3gQVV8wao2zRBN7grtpVbzln94vLjxI2llrn41S0bE/7+/6Hp0ML7mTI4iKDru6FqHEX+3TNx7D9R4/IsONGjQoWiVu0QFzcJAJwnCpOB4Luv9bPNk8e/cPI8bGt3+/0FqE1qUekNgorKAwmBBuLBswhxVW8MhE4fg23tLgofmecdrFYlxNLg8Ee4C4rJ7j+V8A+moElqUfnYI5nkjpxeaZBbYTJgem08waelPiqvz77zIPn3zPI5LnzBFILvvpbCR+ahNIVgnDa6ymOLZ39B4SNvV3mOYbPHVxkwCZs9geLZX+AuLKnyOPAM4Ecum17l4srlxxfNWFSpnwMdFzp9DKXLN5B3z6xqr48QQgghhBBCCHGp0F7dBtO8h1E1iqRs/R5cxVY0nVsQeVNPzK8vxzxjUa3L1A3ohGnO3zH/5xNKFq6udn/bml1kr9kFQMy2N9G0T0DXvS22lVsIHnMNpv9OQmEMrl0jyuyYX/yUomc/qnX7xeWhtoP/AMFjrkPdpmmV29RtmhI85jqKnn2/1u0IlSHhy4pc7fPk9Nz/pwt5eCTFs5cFnF1eMHkuMTvm+t1eMZDgT9CIHt7Bf+fRTO8bA+Wz1nX9OhH908tkdp6I80gm6lOD2QpTCNE/vYzCFELZur+CFOWz5FUJsUQum05m5wneAW6FyUD0Ty97Awb2XYcoXb7Bpz5NUotKx5XXGfLwSFQJsbgLLdjW7sK+8xCqhFh0/TqiahpLyOSbUJpCyL/nFZ9zrDj47zyaiW3tbpxHMj1vBIzoQcjkm3AXFFfZP5qk5t7zhL9m7itMBnT9OqHp1JyQyTehSWpBTv/Hqz2uYh8FjehBpGmaz3Hnim5AJ8I/ehxV46gzKse2egc5A5+op1YJf0pLSyktLUWj0WAwGM53c4QQQgghzlj79u25/fbbSU5OJigoiKKiIjZt2sQ777xDVlbW+W6eEOIsMj51OwqVkux+U3CkHPN+Hv7hFAz3D6Zs8z7vTHzdgE6oGkfhPJGD7dSAfX2z7zyEpvMV3jf+XXlm7H8cRRGsq9HxCrUKdfOGuIpKKNuy76y08VKhiovCMHEougFJYHdQ+sN2il/7ArfZivbqNuhH9cO6ZC1lG/fWW52hM+/BkZpW4wwZZ5OtDgEAdccWKDRVD98qNGrUHStPyq1ZO2RI+HIiV/s8CZnsP31PufAPHgs4OGzfeYiSD3/w+yYBeAbNSxasCphaBzyD8VlJE3y2aZKaE75gqncA/nQKUwi5I2d4B/HBs3hx8NhrCf9gineAvfwhq06IRZPUAnehhbyxs3yOA8/AeOSyaagSYjGMHUTx7GU+21UJsdh3HSJ/7Ms+56MwGYhYMIWg4T0IHjuIkg9/8EkXVD74X7ZuNzkjpvvMuC8wGYheO8sntU9FptkTUJhCcBdayO43pVI/hk4fg3HaaHT9OvmkXNKP6InCFILzaCa5I3zfhCiavtD71oWuXyc0Sc3PeTogt92Ju9iK2+z/zYcalVNiq6cWXfzmzp3LokW+M1Vat27NlClTSExMrHO5R48e5bnnnqNDhw507tyZvn37nmlThRBCCCHOq2HDhjFp0iQMBgOHDh3ixIkTtGzZkqFDh9KlSxdmzZrFhg0bqi8ISExMJCEhAYCsrCy2bt16NpsuhDhDusFd0SS1oGTxGp/BfwDL3G9QN41FkxiP82gm4fMfRdOpOa6sApQxJs94wLhXCR7VD8N9g3Hb7Cijw3AcykDdrAGKIC2muf8g7LXxFL/6OeaZS2rUprJt+9Hf2gdNx+Zourai9NvNlH67ucbnZJg0jLD/jMOVXXhOUxhdbNSJ8UR8/CSqBhHYftqFQqsmZNJw9Df1Iu+OF1BGhqJp1xRbZGi91qsf3p2y3/487wEAB+5a5/4/W1x42qOWNECXDQkAnAdBI3qgalr1oHpFun6dCBrRo9JAeUUFk+eiH9EDRZj/WcFhr433G0jQnpqN7zxystI2+87KQYGKil9fVmXbShb84JkV36k5un6dvA9Z+85D5N8zyzsD/3Slyzd4Axr6ET0qBQAACifPrTRY7i7wBBQaHlmIIsxA8NhB3l+6FQMtpw/+lx+bO2I6DQ5XfkWv4iLNeWNnVTlIXzR9Ibp+HdH27egT7DDP/gJXQTGWBauqTPFTPHsZwWMHoenUHP2Inuc8AFD2yx4y29x3Tuu8HMyZM4cuXboA4Ha72b17N++++y5PPfUU0dHRdSrz4MGDJCcnM2GC/++iEEIIIcTFIjk5mQceeAC73c5TTz3FunXrvNtGjRrFgw8+yKRJk0hLS+PYsWN+ywkODubZZ5+lb9++OBwOXC4XWq2Wffv2MWvWLPbs2XMuTsfH+PHj6dWrF6NHV05ZKoTwULdoiEKlxL77cKVtZRv3kt1vKgBhrzyAqmEEuTc/j23lFoJG9sD02nj0t/QGPBMBbV/+Rv4Ds3GbrbVOAVSR7cftOE/ehKphBNpubbBvSa3V8ZoOzVAE63AcTMdtttbq2MuJ/pbeKMONFEycg/Xz9YAnIBT+zsOEPDScgglzKgVeNF1boWnTxO8bIAqjnqBBVwJQumpbjfu/vFz73uO1vt51VVqH2f8Ajt0HcffpVOVbAG67A8fug3VuT4gMC1825EqfB4ax/mfsn8702ngy1+7ymyfeXWChYPJcQqeP8RtU0Ha+AoXJUGUZ1uUb0PbtSNDwHtUGG04XaN/S5RvQdGpe6e2B6iKugVIe2Xcd8htNdxdYsCxYRcjDI9FVWBehPMBR8uEPfvvQeSSTsnW7K62nUHHx5UDnalu729uHFdtTVQDDt82etENVrREgLn4KhYJ27drRtGlT0tPTiY6OJjc3l6+++orNmzfTtm1bhgwZQvPmzVEoFGRnZ7N//36aNWvG2rVrSUxMpKCggO+++46ioiLee+89WrZsSUJCAkeOHPF5E8But7N27VqSkpIIDg5m8+bNREVFsXTpUgDuvPNO4uLi+Prrr/n111/p2bMnw4cPR6/XA1BWVsbPP//Md999h1ar5cYbbyQ5ORmtVgvg0+4mTZpw880306pVKxQKmS0ghBBCiNoZOHAgISEhzJs3z2fwH2DJkiU0aNCAkSNHMmDAABYsWOC3nFtvvZVu3bqxePFi5syZA0Dfvn15/PHHmThxIhMnTjyr5yGEqBtVjAl3aRmuk3kB9yt87B0KH3sHVVwU+lF90V7d1pPuJD4GZ3ou7gIL1i/W18uAuyP1BI6Uo6hbNETb+Qpqu0qfpn0C2B3Yf68c1BCB2VZuoWjaQpwZeQSPuYbQF+6l6Mn3KVm4mvAFU9Df2gfXyXwUYQacB9NRhOgpmPQmwXcMIOjGbqBQeFI1qZS4sgrInzDH70LOugGdCH/vUdxOF6pGkeByodCoKVmylvyxs876udpx1+m4koXfoxvQBU3HFlDx3+BuN46UI5Qs/P6ctkdcnCQAcI6pEmJ9Boprsr9x8k0UTV/od5+SBT/U+VUmy4JV3pnokcumYd95kOLZy7B+Wf3iwWU76xZlVCXEoh/eHdWplEAVqRMa+D2uqrcUKrKfak/FAfXyQf1AgQX4axD/9HaWl6vt28Hvsa58s99tqoRYgu++FnVCbKWB/vK0Q/5SLIlLg9vtxul0cvToUV544QVuu+02hg8fTmZmJq+//jp33XUXycnJWCwWli1bhkaj4dprryU6OpqQkBDi4+PJzs6mU6dOREREkJubS0pKik8AwOl0smvXLlq2bIlGo+HTTz+lffv2/OMf/+D48eO88MILGI1G7r33XgYOHMiSJUt47733mDBhAg6Hg1deeYXY2FimTJkCwCeffEJKSgpjx46lqKiIl19+mSFDhjBy5EgyMjJ4/fXXueWWWxgwYMD56lYhhBBCXKQSEhLIz8/3m+Jn27Zt3HDDDcTFxQUsJy4uDqvVym+//eb9bN26dbRr146+ffuSlJTEzp07ufvuuxk6dChRUVGkp6ezYsUKb9rG4OBgHnzwQfr06UN4eDhZWVl8++23fPjhhwD8+9//Zt++fbRu3ZpGjRoxf/58UlNTmThxIt27d0elUrF3714WLVrExo0bve0YP348AwcOxGQy8eeff7JgwQK2bdt2pl0nxCXBsf8EiiAtqoQGQOUZ3epWjXGkniBoeHfCXhznyf+fnovzmO/aIG6rDVduUb21y/brH+iu7YK2WxsURn2tZpKrGkXitpZhT/H/1pIA62e/EDS4K+EfTiVkyi1Yl/2KdfFPlLzvGcAOHnONd1/DxKEEXXclRdMWUvzyUlRxUUR8+jTK0L8WZlaGh2B+5XOKnvoAdWI8kZ8+Q8jfh/oNAACgVUOBhayuk3CkHCN05j0Y7hmE/o7+WBf/dNbO/Uw49p8g/76XCH1+HNo+nVAGB+EqKaXs510U/XM+jv0nzncTxUVAAgDnWE1y/1c65uERlO04gMvPQrXVcRda/KaYcRd4ctubZk8g+O5r0SS1IHzBFEwFxViXb6BoxiK/g+fVBQiqUp4zvy6qS5NTsZ2nv/FQl2BF+dsDmqQWRK+tXTRYYTIQ8cEUgkbUPNhzLml7tyf83cmeqPcZsK3dTe6wafXUqkvPkSNHSE9PJy4uji+++IKbb76Z/v37AxAREcH48eP57LPPvGsEFBcX88wzz9C4cWNvGQkJCahUKrp27QrA9u3bq63XZDIxcuRIoqKiiIqK4oYbbgCgc+fOgGfG3Jw5cyguLubQoUOoVCruuusu74z/e++9l1deeYUjR46gVqsJDw8nOTkZvV6PyWRiypQppKen43K5UCqV9ddhQgghhLjkhYSEYLfb/ab3sVqtOByOass5cuQIAwcOZNSoUeTm5nL4sGfm7VtvvcVbb70FwD//+U8GDBjAunXr2Lx5M927d2fcuHGEhoby1ltvMWnSJAYPHuzd3qdPH8aOHYtCoWDBggU0a9aMbt26kZOTw+7du9HpdMyePZvw8HCWLl1KSUkJQ4cO5ZlnnmHmzJkANGnShJEjR7Jy5UqKi4sZNmwYU6ZM4amnnvK2UYjLmX3vcdxWG9qurbwDv+X0d/TH9MoDWN5dia5fR5wncsnq+hBusxVN11ZEfvrM2WvX1lRceWaUDSMIuj4Z69JfanScpkMzlFGhOE/mY996blLJXKwcKcfI7j4Zw/2DCbqxG8bHbiHsubuxrdtNwSPzfPbV9emAK9eMZd43ADjTcrCt2UnwHX9NQnOm52Fd9qu3bNvaXegGdvYGkarkcmNbu8u7/oR12a/ob+mNtssVZz0A4DiDFQAce4+R97f6HXs5k/aIi48EAM4xfR0GhBWmECKXT69zne5CC+mmm/xvL7CQP3aWd3Fa/ak1CoLHDiJ47CDy75lVL4ulhEwe6R38t+86ROnyDZTtPOhNhQN46gywqHFNnR6cUJr8r5FQbVmFFu/bBf548v3/1UflixKDZ/Fh29rd2Nb6zm4Imz3B7+LDZ5tCo0IRokdhDK5+50DlBOvqqUWXhlmzZmEweO41m81GWVkZTz75JEajkdzcXBo3bsyWLX/NRiguLqagoIDiYs93ICEhgYiIiDNuR1BQEMHBf13biv8PoNVqUas9j/+0tDSCgoLYtcv3/nS73WRlZdGlSxeCg4OZOnUqgwcP5qqrrqJZs2Y0b35+7l0hhBBCXNwyMzPp0KEDvXv35pdfKg+wNW/eHIPBQFlZWcByFi1aRHBwMLfccgsff/wxOTk5bN++nS+//JJt27aRnJxMt27d+P777/nPf/4DwIoVK3jxxRcZMGAA33zzDS6Xi2XLlvHGG28AsHbtWj766CPvosJqtZqTJ0/ywAMPUFJSwtixY4mIiGDevHksX74cgN27dzN69GjCwsIAz99QH3/8sTd9UUFBAQ8++CC9e/eWAIAQgH1LKqXfbSX4jv44Dp+k+CVP2lLt1W0wPnEbzswCShatJmjIVTgPn/TOxNeP7Iky1hSwbIVeh7p14LeH/LGt2YXzUAba7olou7WpcQBA2+UKFME6nEcz/Q86Cx+Wd1dieXclAPpRfQl7+X5Cn7mD0goz9z1BlTyfNzEc+9JwW23en90lpT75+115ZhQaNaq4KP/Xwu7AlfdXFgf7llSwO1CaQurr9Py60IbbL7T2iLNLAgDnmKvAgqrpua0zr4a5zJxHMimcPI/CyfMIGtGD0Olj0HRqTvgHU3AeyTzj1ezL334o/XIDuSNmVLlPxbz7lbd19LsNqJROCDyD94owQ8DUQuCZsX+68rRAjsMnvQsR1UTFNE/mGYv8pm9y1/GNjvpgW7OLk3F3nrf6L1UTJ06kffv2gGcNAKPRiFKppLCwkJMnT6LT6cjM9H2jJikpyZtLX6VSnfO8+pmZmaSnp1cKADRp0gSDwUBQUBCTJk0iJyeHzZs389xzz6FSqXjkkUdo2vQcP8yEEEIIcdH77bffSE5OZtSoUWzbto2SkhLvtmbNmjFy5EhKS0tZv359tWW98847vPPOO/To0YPrr7+eLl26cM0117By5Up2795NUFAQMTExzJjx1789jEYjBoOBpk2bMmvWLJKTk3nsscdo27Yt4eHhNGjQgKysv1KNHDhwwNvGhIQEiouLWbVqlXf7nj17eOKJJwBP6p/CwkL+/PNP7/aUlBSsVivx8fF17zQhLjGFT74POg2hz44m9NnRnlzsWg323w9TOPVdHKknsH6+HuOUW4hNfR+FXgs2e5ULB5ezrdmF7effCXn0Zgzjb6T41c8xz1xSq3aVbbSNHBMAACAASURBVN6HtnsiQUO6oYwJHGwop72yJQCOvcdrVdflyPT2wyjUKvLHver9zLpkHUFDuqFq6DsRzpVThKZ9gk86JnXrOBT6i3cSopLaD7qrGkcRfP9QggYlo05oiCJE71kHwO3GXWzFeSKb0u+2YJm3HOeJnFq3R1w+JABwjhVOnkvUTy+fs/rMMxbVamHfcqXLN2Bbu4vYnXNRNY1F16/TGQcAyhcptgR4myDQgrj+FjkuVx4AcB79a4DVk7+/I5qkwLOVtVUEDxyn1hzQJLXwu4hyVSrm9LcsWOV3P8U5iDCLcys4OBiTqfIfisHBwTRp0oQBAwbQpUsX7+culwuXy4VarcZiqdn9pdPpyM7Oxmq1ehfxtVqtlQILNdWiRQucTifjxo3zCT7Y7XY0Gg0ADoeD6OhohgwZwpAhQ/j555/54osveOihh7xvEgghhBBC1MRnn31G+/btuf766/nvf//LJ598ws8//8ywYcMYNWoUjRs3Zs+ePWRkZNS4zA0bNnjXFHj++efp1asXOp0OrVZLfHw8drvdZ/+TJ0/idruZPn06AwcO5NixY+zbt4+VK1dy6623+uxbMR2R0WjE5XL5BC1OV77+U7mUlBRKS0trfC5CXA7cZisF98+m8NG3CRp0Jeg02Hce9KZlATDPXELJRz+i7dUOt9lK6bebfcooevajSuXm/z979x8W9Xnn+/+pg4wog0Sk4o8mRLwgsppISCuaBkgbMSdCaxyvVjCt47YbyW41bo1uYrQlR4/maNz1R74tevbESTdCNutYW4hVzG7AbBTbJZji4o8jySRFxQIGGQRndOT7x/Bj+I2KouPrcV1cl8zn87nv+3N/wJj3+/68b8sb1K60Ynjga7g+Lr3ucbmOnOBabT1+D30dv4e+3vv7qWvA9cnp6+7vXnPt/FcMTU/GtDINx5osAIz/4xsYEx7G9Z/H2pzrPFiC8clHCFzyLI7VWfhF38/glDhPDf+7lB8DcV1HCiDo5/MZ8nwKA4d1EjsaMIABpiH4PfQAgQ89wJAFT1O/PYfa//n2dY1H7h1372/OXcqZ/ycu//bQdW0EfKNcBX/qdvNg8KzKd+Z/2ml9/caaS7jt5zE80HED25vRVTmeAcFDCfje1C6vM4SPZIhleqfliJo32wVo8Ep4NOw5hH/Cwwz+3jQM4SM73c/AmPhwywbA3kmGhj2HuG+H589BGT/k4pLMDtd6999Z2wODh+Lu5Hxj4sPdlv8ZNDniphMucucYNGgQ3/rWt9i7dy+RkZEEBgZy7do13n//fU6cOMGLL77Y67bGjh2Lw+Hgv//7v3nsscdobGzk0KFDfPHFFzc0tujoaHJzcykrK2P8+PGAZ6Xbli1b+Id/+Aeqq6vZsWMHr776KiNGjKCxsZHGxkYF/kVEROSGrV+/nrq6OpKTk1mzZk3L5xcuXODf//3f+da3vsWKFStYu3Ztl2VzduzYQWVlJcuXL2/zeUlJCd/4xjeora2lvr6eDz74gMzM1n/HN++1NG7cOKZMmcKePXt44w3PG9P3338/zz3X9X5l58+fJyoqiscee4z/+q//AjwLPUaPHs3p0wr+iVyvRkcDDbau3/Zxl1fR8G7BdbXpLq/CXX59K6GbXd73X1z65993WI3ek2sXHB0C2NJR7c9/zcCR92F6+QeYXv5By5sfzsOl1K7JanmbAuDSL3MY9Mg4TC/PxbT8+zBwIO6z1eDqeY8YXxCcuZQhP/g2+Bl6df7AYYEE/v33Gfj1r3HxZ2/2ehNruXcogtMPapZkEnaLEwDuL85TNav7fQOMiQ8z7J/SAc+bCXWb93Q43hyk7qkGfm+4CjwldYJ+8UOc+X9qEzAfNNlTaqinVfHB/5TOtZpLbd5qaL62Wd2m37T8uWHPIYIyfsiAYUMJ/XAD1c9mtEl2GBMfbnOtIXwkgyaP48rRz2isuUTd5t8Q+OKzBL74LNe+qsPx2jttxmMIH0nwP6UzeNY06jb/hotLMnHm/6ml9NCwf0qn+tnX2rw9YEx8mJDfdL55S/McGRMebnMffc0vcgxD/zaFgcNNN9XOlWP2lpqN0r1vfvObVFZW8qMf/Yj77rsPh8PBI488wt/93d+1bL7bG8OGDeO5555j3bp1+Pv7c+3aNSZPnsxf/dVf3dC4wsLC+MlPfsK6detaVscNGjSIpUuXMmbMGEaOHEliYiLPP/889913H1euXMFkMrF8+XIlAUREROSG1NfX88Ybb/DLX/6SuLg4Bg8eTG1tbUvZn0WLFvGDH/yg2yTAp59+yrPPPsvLL7/Mli1bqK+vZ+LEiSQlJVFXV8dvf/tboqKiSExM5D//8z85duwYEydOZOXKlbhcLrZv397hzYDU1FTCwsK6fPvgD3/4A9/+9rd59tlnKS0tpb6+nh//+Mc8++yz/PrXHVcji8jdpdHRQO0//N/+HoZPq1m4mYsvbe/0zY+rpV9S/y//3ubcus2/YdDkCK7+vzMEfG8qAXOe4Jqjga9+8k8d2q79+a87fTPk/F893/LnighLt8dvpUEMoPvdbTxMv7AQYE7odfC/hZ+BAHMCjZUXubhie6/GI/eOAeUkNfb3IO5FQRk/bNkQt681XrxEZeJLna7q9zYgeCih+W+0BPkba+pwNQX6BwYHtpTUufLpZ1QmvkRjzSWMiQ+3lDA6M2BGl20335+r4E8t9fMHTR7H14p/1XJO86a47fsa9Mi4NteF5m/AP+HhlmPg2a/gqr2izbXQec39IZbpbYL8V46Wca2mrs21F/8+syVR0FhTx9n7zJ3OUVfjbm6jOWjv3af3vPqFh2EIH0njxUs48z9l8PemtblX75+L7vYPuFnGbz/Cfb9ejmHMiJtqx/nvxVQ99XIfjerGjbj8u/4eQq9duXKFS5cuMWjQoJYNg2/E1atXuXTpEkajkcGDB9/0uK5du4bD4dkMqXnvgs76GzhwIIGBgbd9rwIRERHpG48//nh/D6FXli9fzne/+12OHz/eZRLgZz/7Gd/97nfx8/PD7XZjNBqpqKhg27Zt/P73vyc2NpZly5bxwAMP4HK58Pf354svvmDDhg0UFRW1lACqrq5m6NCh1NfXU1tbS21tLX/7t3/Le++9x5/+9Kc2byn8zd/8DfPmzcPPz4/GxkYGDBjA3r17Wbt2Lenp6Tz99NOsWbOm5Q0BoNN2+sNvi0L6tX/pH19xhfsY1N/DuGsYEx8maN1fM2jC/TCw5//nuVZVS92bv6XuH3ffhtFdv7v1+fvHPUTQL56jfud/UP/OfzDAFEDIngwGBg/lL7E/7e/h3ZCrNFLdixRASM46jIkxN9yPM7+Y6pRXeu4Hf/yUBLgrmC56Ft4WFxdf97UxMZ6fJSUA+smA4KEt9fX72lcL3ui0TE5XgjJ+SOCSZxkwrGMw8vJvD1Gb8S8tyQRD+EhGHv0VV+3n+cvkF7ps05j4MCF7MrhkzWtTOseY+DD3WV/qcN/uL85TsySTxpq6Dtc1JwAcr72DM//TTq9vvHiJ2ox/6XLV/OBZ0xhufanDPTZevMQFyxtc3nOoTdC+4sEftbyhMCB4KKYls7uco+ZSS+1L9gQuebYlqeDtyqef8ZVlA4bwMEJ+8wuqn32t5Y0G74RD/dsH+KqXGzhfrwGmAAYnxTJgyM1toOM+U4XzPz7t+cRb7G5KAIiIiIj0p7slAQDw0ksvERYWxs9//vMu6+4PGTKk5S0Cu91OaWnHut+PPfYYX/va1/jLX/7SJjAPnnKI4eHhbd5A6Elzn35+fhw9erTNpsF3MiUA7k13awC4P/hFjmH4rlUMmvQgjQ1OBgzy86zCdl6h0dX0xpDB4NmUGGhscDEgwJ/GmjpqXvo/1L+1vx9H3zk9/ztLJc4edwG4HQmAgUAod++GyvcaJQDucu1XpveFmwkaGxMfZkBwIH7hIz2vYdnPd1rXvi8YEx/2vMZlP4/bXtHt2wreCYDmFfGDJo/DEB7mqbFvP9/revnGxIdb9jPo7LoBwUMZGBzY5X03Xz8wOLBXczQgeCj+kyNa7vXK0bJezWlzGSLpHSUARERERHrnbkoASN9SAuDepABw7w354XcI/v9+yrULDi7MXYtf9AMEb34B95d/aSkTc98//z1Dfvw0Df9awIW5axn+7goCvh/Ppf/ze2oWbu7nO+hIz//OUstVGjrdKfL2CsBAkKrC3zX6IgGgp92P6q0HGGpJatmA9mZ5Vpbf+Irx27nprDP/TzfV35Wjn91QgLynPhtrLuH2qtd/vdd31t6N3KuC/yIiIiIiIiIivmMohjsiATCU69xfQO56SgD0s5olv2pTF/9GNV68RHUPm/6KiIiIiIiIiEhHriMnuGo/z6BJDzLiP9Z7SgAZBnLl09YFeq5PThPwgwYCvh/P6JS4lhJAriMn+nHkcrcwMIChGLjUj0mAoRgwqPb/PWdgz6fIrXTl6GfUv937ev1dqZ6VccvK9YiIiIiIiIiI+LKrp85wcfEvcRUeB9dVGh31XP7tYS4u/+eWcy79MgfHmizcZ6vB7cZtP0/tmqw7sv6/3JmG4tdvwdiBTf3LvUdP/Q5Qs+RXBMya1ukGs71x8e8zb2v5HhERERERERERX+PM/xOVU5d0e47jf7+H43+/d5tGJL5mABDEIGq4ctv7DmKQ1v7fo5QAuAM01lyi8tvLGfqTp6/72qv/7yx1m35zC0Z156jN+BeCMn5Iw56P+3soIiIiIiIiIiIiN8zIQEz44eDqbevThB9GFYK5ZykBcIe48slpav72zf4exh3Jmf8nKhOX9fcwREREREREREREbtoQDFyl8bZsChyAgSHa+PeeptSPiIiIiIiIiIiIyG0UhB+mW7w224QfQVr/fc/TT4CIiIiIiIiIDxvqVtVnEZE70RAMGBhALVe41oftDsRT819lfwT0BoCI+IDGC47+HoKIiIiIyB0r5uKg/h6CiIh0wchARmBkaB+V6RmKgREYFfyXFvpJEJG73uVNe2isVhJARERERMTbsCsDSKz25yd/HtLfQxERkW4MAALxYwT+BGC47oDtQDy1/kfgTyB+6L0v8aYSQCJy17u0/t+4tP7f+nsYIiIiIne83xLS30MQERGRLhgY0FSz34+rNHIZN1doBOAq17iGJ9jv15QiGMQABmNQyF+6pQSAiIiIiIiIiIiIyB3EjwEEKnQrfUAlgEREREREREREREREfJASACIiIiIiIiIiIiIiPkgJABERERERERERERERH6QEgIiIiIiIiIiIiIiID1ICQERERERERERERETEBykBICIiIiIiIiIiIiLig5QAEBERERERERERERHxQUoAiIiIiIiIiIiIiIj4ICUARERERERERERERER8kBIAIiIiIiIiIiIiIiI+yG+Yw8bVq1e5du0a165d6+/xiIiIiIiIiIhIHzB+9RXG++7r72FIP9HzF7k7DRw4kIEDB+Ln59cn8fqBbrebxsZGAAYMGHDTDYqIiIiIiIiISP+7T8Hfe5qev8jdpzk+39jYiNvt7pM2/fz8/GhsbGxJAoiIiIiIiIiIiIiISP8YMGAAAwYM6JMkgN/AgZ5tAJQAEBERERERERERERHpX81vAvRJAqC5MZX/ERERERERERERERHxHQP7ewAiIiIiIiIiIiIiItL3lAAQEREREREREREREfFBSgCIiIiIiIiIiIiIiPggJQBERERERERERERERHyQEgAiIiIiIiIiIiIiIj5ICQARERERERERERERER+kBICIiIiIiIiIiIiIiA9SAkBERERERERERERExAcpASAiIiIiIiIiIiIi4oOUABARERERERERERER8UFKAIiIiIiIiIiIiIiI+CAlAEREREREREREREREfJASACIiIiIiIiIiIiIiPkgJABERERERERERERERH6QEgIiIiIiIiIiIiIiID1ICQERERERERERERETEB/n19wBEfJHT6cTlcuF2u/t7KNKOwWDA398fo9F4w23o+d64vph/ERERERERERHpHSUARPqY0+nE7XZz33334eenX7E7zdWrV6mtrcXpdN5QEFrP9+bc7PyLiIiIiIiIiEjvqQSQSB9zuVwEBQUpOHyH8vPzIygoCJfLdUPX6/nenJudfxERERERERER6T0lAET6mNvtVnD4Dufn53fD5Xv0fG/ezcy/iIiIiIiIiIj0nhIAIiIiIiIiIiIiIiI+SAkAEREREREREREREREfpASAiIiIiIiIiIiIiIgPUgJARERERERERERERMQHKQEgIiIiIiIiIiIiIuKDlAAQEREREREREREREfFBSgCIiIiIiIiIiIiIiPggJQBuKxeVn5/k5Emvry8raXD39voKSj4ooeJWDtFb3RlOnqm7Xb1dBxeVn39Opau/x3H7OOxF2B192KDzLCUlZ3H2YZPSx/SMRERERERERETkJikBcFvVUfbJHzlm/zN//nPT17GD/Nt7+znd0Lvrz549S+9C8qfZbyvkws0Mt+IYR47dtnTDdaij7JNPKLsTcxO3iN22EJu9Dxt0FLF9exF9mVOQPqZnJCIiIiIiIiIiN8mvvwdw7wlgzDeeIm546ycXP9lDTuGXjH/y/pbPXA11uNwG/AMD8O+uOXcDdQ1uMAQQGGDoRf8uGupcuA3+BAZ00rKrgTqXG0NAIAHddluHp9tAOnTb7ZjcNNQ14MZAQGAAPY+4h/E29dXpOLq9tod271hOHA4X+JswGTs56nDgAvxNJjoe9rr2hrt34Gmis/ab+/fH1NnguhtPb06/J/TwjHqYf8/x3s5/uz57/dxERERERERERORuoQTAHWBYeBgBH57lAvczvOFzDu79mC8Nwwnzd1Fxwc39jz9D/IMdw/GVn+TwQelFAoYPhwsXaBgWzVMpj+L/SQ57T17kyhXYn/05MIa41HjCPj/I3o+/xDA8DH9XBRfc9/P4M/E0N135xz3sP+liWGgg7gt1BA7vLAXQwOkPcii8EEDoMLhYeRHD/Y/zTPyDBDSN6cPSBgI8B2kIiObJlEcJ9QyYnA9KuRgwnOFc4ELDMKKfSuHRUDi9/9cc9w/HdeZLXMOieSblUfybxusyGAA3bn/v8bq5+Mke3qlowGAA9xUImzaLp8Z7xtzQ3b1W/pE9+09C8zGvcXgSFC78e5WcuL0ceVuxZJwicpqJU3lFhPxsBxtnjPYcdJ4ka/Fi3naEEAJUV5uYv2ULaVGegK6zZCsLXspnVMI0jKeKIDYWF5HgPMTatFOYbRaimjtyFrE2raTtZzgp2bqQjKLRTJsEJXlFGOdvYUtaFMaqHBa9eorIwEMUGacR6TxEwblE3tixiElGKNn4GLaQn3Eux4Zj0iK2ZCTiys/gpXUljEqIhaICzk16hTcypmJfm8Ypsw1L62AoWptGSZvPfFOXzwiAs+RnrGCrvWn+D50lfNFaMhJHg9f8558zYqSasySzdcciJhk7m78SNibmkZS/lMiTWSxeYSMwNpGQ6nyK6sys3ZJGlBEo2chjthB+di4Hm2MSi7ZkkDiif+ZGRERERERERERujBIAd4CGigtcCoxkOC5KP/yIusjZPDcpsOlgKXv3HOT0mBmM916o3lBK4Ul/HjU/R1QAQAOle/+NTz9/lKceTSH10dPst1XxDXMcwwFcpez9qI7I2c/R2vRe9hw8zZgZ4/Gv+JgPPx/Ok6nxjDEA1FGydzdn20fBKz7hjw0TMH9/UtMbAhV8/N7HHLvwIN9wfcyHp4fxeGpKUxtQ8fF7HCwMxxwXQGnhSfwfNfNcVEBL///26ec8+tSDAHx1wUBS6nOEGTofb2XhHj74+DT3PzUcuEyl+xHMz0V5xlFZiG1/IZ+Pf5IHXaV82OW93s/pP55m+JPPET+m9Zjt09M88tR4DHzOwd1lRPxoBuNv+sn2rTx7OLtsixgNsPQsOYsWYQ23YYlyUrRxIcdm72L/jKYIreMQa1NeIz9nLYn+RWxc5OCnOTamNS0rt2dZmEMkGKeRMm0FtqJUVsQ2JQuK9nMsLY0V3p3bc1lX/TxZ1mmeledL7dgWbiQ/cSsz/IGiQ7h2ZGGdZASWsrRoI2mv5WNdmwhAbpGR39lsnrE7DpGx1cTS39nwdLmUQ2tnYCvJZ1HKNFbYikhdEevpx1nE/mNppLUZjA9ydvOMgLO2FVgjM7BlhHsOLrVjs6wjZ+JWUgCK8nFt24Wt6RmezVnEwuyT5FiimDgjlrWHT2KJimrqKodDFjNLnUWsXWhnfkufi3AeWkvamyVkLZ3kmf/cIoy/s2EbfRvnQkRERERERERE+oz2ALjtXFy0t24C/MnBPez5xMWER8eD6zT2qtFMaI5aAwREEzH8PPYz7ZoJiCYldQZRAZ5yQRfOnOGyYRAXz3de9d912k7V6Am0bTqC4eftnAEqyr7EcP/ElsA9BDIpYmTHhgKDCPzqOB+XnOGiCyCMx79v5hvDm9p48BGvNiAs8n7cZ8q4SADRKanM8AyYugtnOHPZwKCL51v2KQh68BFP8L95vCMj24w3NG4WqU+Nb1qZP5AxE6JayxSFTuTBwArOVvR0r/4MC4Qzn3zM6coG3EBA9DM819LueGbcgcF/ALMlhdY47GgSzVHkHbN7guS5KaTO8FqebZqG2VLCoRInzqL95KaktASWAcITzcQ2/XlSsoWi/ceaNpt1kG87hXlqeNvOQ0KIzN/O9kN2qpwA4Zi3baX5BQRiLaROai0fY4xNJqXkECVNO9gmmZNax26aRoZtKbFGT8mgKvspHMbRnLJXwaRkLEX7OdZ0nSPfxinzVNqNxud0/4zsHLaZSE3ynoVwpppd5BVVeb4dZSY5tnX+RyeamZR3DDtgjDWTkn+Yk56eOLa/iJSpUZ4+zW37NE6bwTRbPqeaP0gyk6Tgv4iIiIiIiIjIXUtvAPQrFxcr6wiNS+UbocCFWhqooDA7m8I25w1iTIdr6/j84H4+/tJF4PBQAocNZ3iHc7zOrm2AikKys9u2zCBPy3V1VwiMaNdC6DCGtt94NnASKbNDKfn0Ez60fUidYRj3PxJPfNQw6uqucKlyL9mn21/jWXlc9/lB9n/8Ja7A4YQGDmN4u+4Cgloj9nW1DQwd1t0dBRAQ6P19IEEBV6is6/lex8R/nxmn/8gnhTkUXnQRGBrNN+IfZUx3mx7cCdptVWAKCeFUkQMc1ZyLjWRUu9NDQsI5V+3AwTliI9sdHR1OJE0PNyqJtFMbyXfEMoND5LnMvNI+6GtKJCMnnEN5WaxbUITdPwrzop+RFjuiZWxthxdCSPg5qh1gAkJCvCvaOyjJWkGGrZrw2KmER0W2FLqBKJLSTrEx30HsDDiU58LcYTC+x1Hd3TNyYD9VwqHFabzd7rrI55v+EO4p/dTCFELIqeYNhKOYmriC3BILUZGtb1Q4cs5B7jrSDrdrNDyZpOY/h4Tc+H4RIiIiIiIiIiLS75QAuO38GRYeRVRTbDvKv4p3Pv2Ui+MfZVhgEAGE8khqzyvQXaUHKWyY2FoCB/jyw1I+7+L8wKAACH2E1Bmdt1wROIi6qgsw3ivoXnmRS3RS9DswjEmPP8Okx8Fdd5qDe/fz8bDvExE4iKHDZmCO6yRw7yplb2EDE1tKFgFffkhpFwMefl8gl+wXoNu0Rud6ulcwMHx8HE+NjwNcVP5xP7//cDBzn4nG/w7eA8DpcILX1q+O6moiw01gCmFU0WHOQZunVV1tZ1SkCROjKDrc7uhZe+sqb0aTlAqL8s4S658LyWs7e+pgCmeaeQXTzICjBOuil7CttWL2B6pd1LXpoZpq+ygiO4keO4u2knHOQpYttuVuTlrfbB2NZzCcjfUnl2TW3gN1500h3T0jE+GRk4jcspWUzuaiquf2o6amsMJWxPxpuZwy/5RwwBkyCpKeJ2vppL64BRERERERERERuQOpBFB/e/BRoinlk88B//GEjzjPp4WVrcfrTrL/vRxKLra9zHXZBQGBrSVwGk5yvOJa25MuXaS5Jf/x4Yw4/yltm97PezklXATCIu7H/eWnfNnQfLSSwmPnOwzXffoD3tlbQl3T94bAUIb5u3C5mtr4/I+cbmnDTUWhjfcOfonbdRkXAQS2DpiTxyu41qGH5nn5eofxVja31dU1vbrXC/zR9h4HzzS34k/oiEAGui7jAuBzDu4+2GUipT/lZudxtuU7OznWs55SPcZYZiTnsD2n9SiOQ9isU5kRa8QYO4PknGz2twSKnZRkWynyatuUmEZk1jpes5lImdYxau8s2Yp57aGmFeWAKZxRIdU4mj84lYWtud4P4Dhkwzp1Bl5VaVq4HHUYR4W0pjKcReTmVHsPhrTILNa9ZsOUMu2eWIHe/TMKZ6rZgfXtElpn+Cw5iyxknXR2bKwzUYmknbLyms2BOWG0V5/bafNjU7QRy4r83uQURERERERERETkLqA3APrdMCZODMX26SdcfPBRop/8Dl/t38872QYMgNvtz/2PP8OkYW2vCpz4KGP2fIhtbxjDqKOyLpBHJ47k2KXmM8bz6IRj7H8nm08MY4hLjefJ73zF/v3vkG0wAG7c/vfz+DOTGAYQ9jhPjs/hA9s7fGwwgNtA6PhwhrZLPBjGf4NHy/az551jBA4LxHXxIu6wOGbdD/A4Mx7Zz37bO/zRYAC3G4ZF81TK/RgI49Exe/jQtpewYVBXWUfgoxMZ2TrgtvyjefKJKvZ6jzfgQZ6ccT8GOt/noM213dzrxLgx7P8wm3f8hzHMv46LdQFEzXiSwKZ5m/GjO3EHAEiKreY1cxoOIzirYdIrb5AxGsBI7FIr9hULmJHtKQVTXW1i/rYtTQH4WJZuO8nieTN4OyQEnE5GPW8h1bu8kzEWc0oGC85m8EYnEXfjpFSW5r3EnBlvMjE2nLqTRTgS32BHFJ4V6LHTCLEtxLzOhZFqqk3z2bYllk7i/5imzid54UIW2pOZKoat3wAAIABJREFUiJ3DX0xi6SIz1pbsgpFYcwoZC86S0dlgfJGx+2c02vwGSze+RJrZhdH7+UcZe/UGAIQzNcXBukOprW9UGGNZarXz2iIz2UYjND23LVsSO38DRERERERERERE7joDGhoaGvt7ENKRu6GOBreBgB5K0bga6nDhT2CAf1dn4HL749/SiJuGugbchgACAzpp2d1AXQP4Bwa0LznfyXluDP6BdOzaRUOdCzo75mrAc6iH9ls76n68N3Gtq6EOVy/m+HrV1NQQFhbWhy16c+JwuPA3mToNruN04HD5YzJ1drT7a09azeTG2ui+IoynDfxNtHRRlcOi1+AXW1MY0W3/7YfqwEUX5560Ys6NxXYLy9NUVFQQHBx83df1//Ol6+M32qvDgcv7md4GNzr/IiIiIiIiIiL3CpfLddNt6A2AO5QhIJDAnk/DPyCwh0C6d/AfwEBAYDctGwLo7nDvzvMnILCLUfkH0NWhLjrqfrw3cW3Pc3cnMnYfXDd2F8Tt7toScnNSSLbcyv7bn9p1ELskN4eUngfjg/pufq+r1z5OKIiIiIiIiIiIyJ1BewCICM6iHA6lTCWqvwcC4Cwi51AKU++IwYiIiIiIiIiIiNy9VAJIpI/d2hIxt4jTgdN4o6vAnTgc9KrsT6/bcxpveTmaO7ME0L1DJYBERERERERERLqnEkAi0jduOPgPnrI1fTgWbn3wX0RERERERERE5F6gEkAiIiIiIiIiIiIiIj5ICQARERERERERERERER+kBICIiIiIiIiIiIiIiA9SAkBERERERERERERExAcpASDSxwwGA1evXu3vYUg3rl69isFguKFr9Xxv3s3Mv4iIiIiIiIiI9J4SACJ9zN/fH4fDoSDxHerq1as4HA78/f1v6Ho935tzs/MvIiIiIiIiIiK9N6ChoaGxvwch4mucTiculwu3293fQ5F2DAYD/v7+GI3GG25Dz/fG9cX8i4iIiIiIiIjcC1wu1023oQSAiIiIiIiIiIiIiMgdpi8SACoBJCIiIiIiIiIiIiLig5QAEBERERERERERERHxQUoAiIiIiIiIiIiIiIj4ICUARERERERERERERER8kBIAIiIiIiIiIiIiIiI+SAkAEREREREREREREREfpASAiIiIiIiIiIiIiIgPUgJARERERERERERERMQHKQEgIiIiIiIiIiIiIuKD/Pp7APeSwYMH9/cQRMSHXL58GdDfLSIiIiIiIiJy+zTHI+TuoDcARERERERERERERER8kBIAIiIiIiIiIiIiIiI+SAkAEREREREREREREREfpASAiIiIiIiIiIiIiIgPUgJARERERERERERERMQHKQEgIiIiIiIiIiIiIuKDlAAQEREREREREREREfFBSgCIiIiIiIiIiIiIiPggJQBERERERERERERERHyQEgAiIiIiIiIiIiIiIj5ICQARERERERERERERER+kBICIiIiIiIiIiIiIiA9SAkBERERERERERERExAcpASAiIiIiIiIiIiIi4oOUABARERERERERERER8UFKAIiIiIiIiIiIiIiI+CC//h6AiIiIiIiIiIj4rvr6eurr63G73f09FJF7gsFgYMiQIQwZMqS/hyJ3ACUARERERERERETklqivr8fpdBIcHIyfn8JQIrfD1atXcTgcNDY2MnTo0P4ejvQzlQASEREREREREZFbor6+HpPJpOC/yG3k5+eHyWSioaGhv4cidwAlAERERERERERE5JZwu90K/ov0Az8/P5XdEkAJABERERERERERERERn6QEgIiIiIiIiIiIiIiID1ICQERERERERERERETEBykBICIiIiIiIiIiIiLig5QAEBERERERERERERHxQUoAiIiIiIiIiIiIiIj4ICUARERERERERERERER8kBIAIiIiIiIiIiIiIiI+SAkAEREREREREREREREfpASAiIiIiIiIiIiIiIgPUgJARERERERERERERMQHKQEgIiKtaovZuT6Psk4OleWtZ31eeccDzlJy1u+kuLY3HZST1+tz7ya1lOa81cn81FJWsJOVC2cyc+ZCVu4spLKzq8sK2LlyITNnprJ4/S6KOzsJgEoK3lpPTqmzb4d/CxS/NZNleV3eyE1xluWweuFMZs6cyVvFfdhw08+/5ynWUrxzPevXe3/tJKewlPI+nv5bdj+3jK/+HouIiIiIiPgeJQBERKRVkJHanNXklbY/UEre6kwyNxd0TA6U2lhWAEFBvemgkiOZByi78+PXHpW7sIxbTXcxWWfZLpbN/Cazl60n84h3wNtJ8erZzFx/hHHJq1i1fDrG3IVMeWo9xV73X5m3jNkz13NkXDKrVr3IdJMNyxMz+VVxx0lyFmeycoeTsRHGPrvFW+bMcSq9A8S9mMtecRayeuZ6nMlbsGZnMy/mZhv0bruMA5lHmpI0TsoOZFLYJqdzhiOZFp56ZDa/6qskzK28n1vmLvs9FhERERG5I1XxUdZ2sj6quslzRLrn198DkLub0+HAhT8mk7HT70XkbhNNXFIlK4vLeCE6ovXjsmJyK02YKg9QXDmPiNDWQ6WFeYQmbyOiY2P3hNI8G+NWfcQH5cuIP+51oDKPzTsi2HB0CylNyZG4hBjGzZ7OjoJ0YpKCwFnI5sWFJFg/YFVc09+bcXHEhFp4avUuUnbPY2xLg7XkZe4gNP0gMffyX7G15ZS7kngxJYLQns++aTELlrO8TVB+Oem7LMSvbP98btBtvh8RERGRu4+T8/ajHC+txm0aTcSEiYSPuEXhLOd5Tv8Zvj5+JLfnn9yXqThayIkar4+Cw4mbHM7gXl1vZ9+mEzy05GnCb80A5RabkJRAze7dZDGbtCdGtDtaxUdZuzluSmD2hH4ZnvgIvQFwjyrZ+BiPPdb2K9G8FGvR9WQUq8hb8SRPrsijqtPvr6OlnEU89thjWGz29gdY9NhjLMq5tZlOT/+LuMXdiNwVoqfPoexAcZtSNZXFBzg+Zw1r5hzkYJu6H2UU51aSFBfdfCaFO1eycKannEnq4rcobFMFJoK0rBeJC6KpdFAOHRdSl5G33uu62lJy1i8mtanNhatzKO2h9Ehl4a/ajaGW4p3tSpZ0aNe79E45eevXs35zLmUUs6O5BEwnJZBiXsjmhbjQjv+DUFlOGWMZ2+bNiAgiYqC2tummy4opCE3DHNf26rEpC5hz9EDbUkClO9lckMbyOT2HnGuLd7KzuJba0hzeWrmQhbtax11Z2FySaCYzUxfzVmHHMj2VhW+xONXrnIJynF5td1oKqjyP9TuL6fhoep7L7vpr20XHdlqa6fZ5No8jj3IqKdy5msUL11PYfrBBcbyYldZjMmtsygLSjh5o87Pd/bw2//x5SkWtXLiQXeVd30/v5ripzfJidi5O9fS7cDUF5YCzjJzVC1vGsrNDrZ6efk+b5rO5jQ7z6fV7LCIiInJLneejrLf5fVEDweHhjPKv5kju2/zrofM30eZJcrI+6jxu4TjFH/5wCsdNtH59asjPWELmvqMcPdr0ZV3CQ3GvU3i5N9dXcPTvj1Jxq4cpt8gIRoyIIuX5BEzHd7db5d8a/H8+JYoRI9onB0R6TwmAu9TV2gq+/PLLzr/OVFF/tTetTCRp/nzmz5/P/PmzmVR3mDcXfpcV+b39T90IktZ+yIdrk+irv4aOrcugfQ5ARG4vY8x05hw86BUsr6X44EGS4xNIiE8m92Bxa3C2spgDx+cQHw1Qzi7LE6w8OoEFW6xkZ1tZY65i/VMzeaulpFAQEXExjDUCxrFQ9iKZBe2Ck6V5rC4wEhoKOItZPXs2O5jOqm3ZZGdvI33cQRY/sYy8LpIAZTtTeWLlZ8Sv2eY1htks8y5Z0tRuZuUUXtxiJXvbBpJH2LA8YcETKw8iIj6e+CkRBBHK5Ph44uPjiY+4johnRAwJ/nnkFnqFsmsLOZA3hinRTWu9o1/go49eILr9tU5nu0C6k4KszQStWkBcL5YiOcsOkLV5ManLDsCUBSyI8Yy7fJeFJ1YeZcICT7kZ6xozVeufYmbrA6Iyx8ITKz9j+hor2dnZbFs+heOr45m53vPcnWUH2pU6ar7wCJkHyjoJ3Hc/lz3116aliI7tRATRi+cJnrI1Way0zGTzZxMwL5ju+Tn0ZhxLTFwE1xvX7nlenZQdyGLz4lQ8j2QBMUFd30/v5thJ2YHVpM7cTO2CDWRnb2NVRDELn5pNqmUlx+OXY822ssFsZIfZws6W2l29+D11FrN+9mxsI9LZlp1NtnULacYsUp+wkFPZ9Eybf49FREREbqXTRRw3fpPvmxOZHB1N9JTv8IPvT2XI8XyOeK+av1qPw+HA0btgSK846x04HPX0XYtdCWfWkiUsaf7atIejL58gPfNom7Mu19RQU1NDz3mBy9TU1FBT06sMQq/bv9xdm5e7uba7Y9KkfRKgbfBf5GapBNBdycn54gPk/ncXgXrDaOJTZzGxxwjGJFIXLWJS87fPp7AxbQHZG23MT7Tg+SumipKcbLJzD2MnnNgkM/PNsU0Bfwen8qzkk4jFPAlTm7arKMrK5pCx3TFHCTZrPs5pqaTFdpY2OMa6DBuxVnM3r69VUWTbTpbtGOdGTcSc9jzmdm05Tu7H+vZuDtshfOps5ltmEGVqcwL7rW+z+7CdwIlmEk0uwL/t8Rwbebld9yHis4wxxCcv4GDxBpISjOAs5mDudKavCSLIGU/84oOUrkkgBqgtPsjB5GS2GKE2ZzXLa1dxwDqvZQV1UMJyrGvKmLw5hznbUtoFVoNISkvjxawC1iS1Hiu2bSY07QMigNK3FrMzbhufLk9oWmEfRMy8DWypfYKFO0tJeqFd6Lw2h/WrnKw6sIF5Ea1jyN7m5Km01t0LWtpd09xuKCkvZBPBU8zenEfShiQi4uKIqCwnFIiJi+O6S7Mb41iVncRM8yPkTPCUd6ksO07QPBvvd4j4t1Wel0Xu5Oksb64JU76LzbuSSP9D000Vv8XMrLFYNyR1WTbmeOFYdny6hoTmIG1tDquX17LqgLVlbghKYLl1DWWTN5MzZxspQZ5kT1z6EVKa6jwFxcxjwzYjC9eXUUnMDbwKHdTNXPbcn/f7DkERccQFdWyn9Fc9P0/Pz9dBaqcfYPe8mytYVVtgY9eYKaSF0st5BThO4dgdXmMEgjq/n95vnewiYc0WXmhK8MQt38CqgulkTT/A8gTPYELnrGHV0QmsLyxjXkRE735Py4vJ+2weG15onv8gEpZnY3VaOFhWS0qolv6LiIhIPxoSTeL3QjAEer49f8TG74/VgMEAbjcET+R/mKcwEjiZs51j/hE4y+24gify7bHl/MfxGlwuyLWWAV/nW5bvMN67fXcNf/jX/0u139cwXf0L1Q2j+Nb3nyGKEva8d5aJlhmt5ztL2JPd/JmT+noYMuTmV0kExz1NuPUEFUsmE3b5KJlz07EGxzE3uIZ3C2uwZL5L+uSORYIuH81kbrqV4Li5BNe8S2GNhcx305lcYeXp18N4N/NpgpvOrXh3FulksmdWBZlz57LpciJPh9vZlz+YJe82tV/4OgOssM6+h32XB8NlO/aHNpFvndUUs7Gzb4mFJYUQNhguV0DcJiubng5vOpZOxolwEifD0Xw7D2VkNh2TjqJIeR5ytu9m+3FglIL/0nf0BsBdycjImOkkJyd38fUtxg25kWYnkWqJhXPbySsBcJC/4rsseO1tDlUBjiJs6xby3UX7m16Vc2LPf5u38+2drPgcwShjEW+v206+1xtMjkNW1r1dhHFUZ8H0qfzsldn4H1vHxpyznY/RWcJG89Ms3FjAOYBzBWxc+F0Wer02cDZnETPmvYrtpANwcNL2KvNS1lLUPEhHPhkp83j17UNUAeeKtvLa20VenZzEapnHq28W4Jo4kVH2PNYtfBqz9WQvJ1LkbhdETHw8uw40rcAuPciu+Omech+hMUyPyKOwFMBJ8cFcpk+PI4haCg8cYEpaQofyKUEJZpIPHOhYbgUwxiWTVpBLy0sAzkJsO+NISxoLlFKQdYZ5yQkdgs7RCWmQVUD7vYprCw9wYEoaCe0GYYxLJqUlx9dNu0kLiLAdpJP9d29ALYW2AsonJJGevopVyxcwJ2kC5QW5nZQ9alWetwzLSli/pbm+vJPCzNVUvphOUkvc9QzHK3uogzRnepu3BbqaG4ISMCcf4EBhLc3PvjBzPTuLvcrwRMxh27Y5N1/vvoO+6O96nucEzHHXF/wv3tFUsqj5a2UqT6SXMm/LXxNNb+fVY870uD6vJTu2TY2pCKLjILTNjtxGoifHc/yzWujt7+nYGJLG7WT1+gLKKp0t7cStyma56v6IiIjI7TQ+lkc4Sva/2Nj7USl/rvH828Q0YiRD/ICz+eSdCiQx9cdYLBYsP57Pd4JP8fv9rTGC6moDifN/jMU8hfunmLFYvsWowEiSLRYs7YP/AA3VuCen8kNzCrN+8GNSv+nmcM4RaoZMYkLIFxwraf3HvPNUGTXhkzxtVP2BPXv+cN0lkTtz+UQhR+PCCeMy+RmzOJG+j0LrJpZsslKYv4QT6Zs6lgi6nE/GrBOk7yvEumkJm6yF5C85QfqmQi6HJzLX/i75LW9N2NlnDcbydBgnrEvYN3cfJ/ZlsilzHyf2zWLP6/taywptKyQ8s5D8/HzyC0/wblgGGXs8Ddmt6Wx6KJMThfnk5+dTePR1wjZlsKei+dgmCvdl8vrrmewrzGTypiW8q3pF3fC8CTBKwX/pY3oD4C7lFxTG/bfg/8FHh0cCRZw6WwWRLvxjk5k9NY0VKU253aw05vxjLoerZpDSw4L40VNTmMg6bAVnSTGPBs6Sl10ACf+LpNGdX2NKWMTaolxeem0dObFbvQJ2HiezV5D9xUR+tstKWlPSuGRrCgvWbSc/aS2J7Gfja4dh9hZyVkzzvHlQtZ+lT79KRraZHEsUJ20bya17gNQdWSydZAScHFr7JIt3N3VSdYqiL2DiKzvYah4NPM/+jds55V9HFfRZuSORO1lozHQiVh6gdE0cxsI8IqanNa00jyAmGRYWlPJCtJODu+KZ/mIQUEltLRxZHs+45Z21GE98Z0FvYwzJcyxk5lWSMicUZ3EuuxLMTSvfnVSdgR1p49jR6SgXdEg+OmtrIXpsJ4HjsYyLazmLqjPxTOgsDhxkJJRyKmvhpndkLd7MwoIErB+sagnExyWkMGXlIyx+y8xH7d9ewEnZzoXMXG9kzQdWWkr9V+aQmRXHi0d6eG2gPWNQm2Cz0/OAiO/8ARHf9IBCU6x8NHYXmZkWvnmgHOPkJNJffJE5CddfGqc3br6/63meoRhv9iYmpJF9JIXmKk69nVcAY1B/18xx9u73NCiG5bvfp2DXZpbNXMhR51imz0knPX0OMdqpWERERG6rkUwxW5h83s7xU6X8Iecwv3cFMHbqMzwTHczZU3YM4cmEtyyC9OPr34wkwGbnbNMa9WERsYy+nuhXQATfjGpdVTkkehKjDh/lz06YNOEBDh87hXPSJIzUcLTUQfgTTQGOEU+QlnYj91jD0cJ8wpqW5tecsLJpE2zaFweX89ljTcfyenDr6YMTmZs4l/wTLxM3ufXjy4V7sKZbaHvqXBLn5nPi5ZeZlQ5L8muYNSsY7Pm8Gz6Xd4MhOD2fPZ4WqKmpwG6/TNi/nsD+LoQBLEynddH+YOLmWki3HuXyrHDyrYOxvPuQV4dxvLwvDrBjtQaT7n2McBIt8HJhBXNnhd3IRN0jokhJ6e8xiK9RAkC6ZhzNNPMiRhflk7VxOwVFduz2U8DU3l0/OonUhHW8as3jpNlClP0wtmOQ9Ma0duWCvJlIfGUtSfkv8dq6HGJf8T52llOHzwEhHMvZytbmj8+ZgDyK7GtJdB2jABh1Lh/r1uZV/Q7qQuBc0SmqLCZPG5GvYJ7UHIgxEpuYDLvPeb4dEUnsA/DmujnMyE9mftIMpj2/ghldD1rE90TEkByaSWFpGkG5kLyhNboanZAGy4opS6glL2K6pwxKk/jNR7CmXE+E0Ehc2ossW5lH+Zw5lOVmkZC83Cvw60+67QTLe1t/xwiUVVJJ+/h9JZVlrZ8Z/Qv5rLzDSW2auVmVZWW4ktLb1ew3Ej05jjO5pVS+EO3VfS2F61Ox5MWw7YM1JHiNq3TXZg5OSSGtrJDC5ipGpeVQCYWFxcTEXEct9vjNHLGm9JjbCI2Zw6ptc1iFk/LSPHJWz+abtg38YUtSLzu6Pt3115t4/a18njELlvf889fjvPa+qM/t0Kvf06AIEv56Cwl/Dc7KMorzMln5RCbJuz+gQ+5KRERE5BYzjgxn8shwJj8BVx2l/N6WQ37wDxnlcGGKbLdMzxTMENdfWjbyHRJ8nf8zbwBDmw8CGRJQT40DGD+J8MMfcbRmElM4id0dzne6WOB4Yy5j31fI09YTzAoHKiqwY2VJ4r525z3E3LltP6mpsIN1CR1PnctcIDhxFlj2UTFrLpfzrTw0d5+nHJB9D0vSX6dw8GQSEycz+aF214cHE+z9fVgY4fYKahhMRUEciZ3G8iuoKCgkc24im9odmfxyz7MgIn1LCQBpw36qCBhFbPgIcJZgXbCQN09BSORUEqYmM3ViLm/u7rGZJiYS02bjv3A7uSUWKLJyyn82S6f28B9fUyKvrE0i/6V1rMs201qdvxp7CTDKRKD3+aOmMn/+VCaFQFWJ5zW/EJN3HyYmJs9n4uhwjM1txPq3acNo8g4PRWGx7SM2J5vs3Hy2v7abf3wtkIT/lcXGGX36X3aRO1g0CWmwLGsHoWVJvOgd8IuOI6lsMzuyKiF5Q1MpkVCip4xh5ZEynCmhbQOutWUUV4YS09UGutEJpFWupKA4lCNZaaStaj4vginJLjJLyyGm3Zr+8mKKiSamXeQ7NGIKYwqPUOZMIdTY9vwDZyCtqd3JSS4yS8sgpu2y8drCAxycPJ01fbHK2QiUV+IprNPKiROCvFfnl5O3zMLiMjO733+B6HbRaqcxiAm1BWxeXeD1YTmUG8lcXcuL1hjG9mK8odFTGLOyk7mhlrLiSkJjPCvuK0uLcUY0JxWMjI1O4YUtTo5MOUjphiRiQsfCjlLKiGlTRqa8tBiY0Kup8dZTfz1venybnmcXejuv1yOoj+fYa7S9+z2tLaO4PIiYptccjKERxM3bwJrPxrG6uJwXovu+GJSIiIhIZ84e3cufQ55hytdbP/MzRRMbXkSRAyJN/jj+UgVRXkmAmhrq/U2YgC52Tuyey42rzQd11DcMYbQJYDSTIyHn6FkiDGUQ8YxXlYAb3QMgmMlxiS2B9MTgdCZv2kN63CyCg8MIx8Lc/JeJ674RgsPCwTKX/Je7ODM4kblhc9lnf4iazDhm5Q8G7FjTrcRlFrKpeZV/zT7yOdp5G22EEf69QuwVENchCRBGWMJklry7h7la7C/S77QHgLRyFmGznoJRZqZGgbMohzdPhZC67UP2Z21kxaI0Eq9zrxZjrJnnR7mw5azFtv0co543E9uL/xaaEl9hbRIczs6mtTp/OJMSgXMhJD6/iEWLPF/Pm5NISX2exNEwIjyWUYBrYkrL8UWLUklKMvO8eRKm5jYOF3HKq3bI2VMlXvPg4OzJLzAlLmLtNhv5//U7XplaR8Gr2XidJeLzouOSKMvK4uCceNou+I0mfs5BsrLKSIprPRI9Zzlxu1ayusBrtXNtKTsXz2RZVlkne4W0tpeQVknm4tXkpSV7BXyDSFiQTu3qlewsba2j7iwvYKUllc2Fnayqjp7D8rhdrFxd4LXmupxdK1d7/RM2iKT0ZdSuXt2mXcpzWLm+gOT0lNYSQkGhjKWA3BvYFCA0IY3kgs2s956P8hzWby4mzZzgCQo7y9hpeYr0MjPZ2+Yx1llLbW3rlxOI+ev3ef/9dl8b5kDccqzvbyCpt8HtTuemltKdi5m5LIsyp+f74sxULCtzKPe6tLwgl8Jx4wg1gjHOzILa1azeWUrz7NWW7mTl6h7+J6HTuey5v55dx/O8FXo1r9fnhue4V8Ptxe9peR7LZi/kV8Ve81lbSG6BPxHaAFhERERuo5AAN8c/ysfuHcmvP0mRHUwmGB0ZjrvsMCfrmw9e5c9Fp3CFR9Lt8r26Gv7S1TGXnaLWBnEcPcoXIRFENv3bNHhyNCZ7Pnl2A+HRXmvj+2oPgMkWMsjAehQYHMcsSyab3m3d04CaQl5/Op19NW0vGxw3C0vmJtqe+jpPp+/Dc2owiXMf4t2XX+fdWbNIHAxQQ01FGMFeQXr7Pit7RvZmoOHEzbrMJmshLdsRXC7k5cR09tWEk2hpdww77859mswTvZ4JEekjegPgnlZC9tat5AO4zlGUk8exugdI3ZFKFIDJiD/V2M+ewxEZguOUlYw3r6MEEABRJFkm8ua63exmFD+d2ttNTEwk/uwXTM1/lcOu1s+mps7ngby3eWlhCL9YNA3T2Xy2r8vmWEgq23YtJTYqmZ9O3c6r/7iUDONSUsIdnMzazj8WfMHUX/yOrSmjmZo8G/+83axYEclayyRMZ/PZuPFY631V57Fi3jpOTZzPGxmpRFLCybPAxHBCruPORe560fHMYQe18THtSqgYiYlPhqwg4r0zA6EpbHvfycrFTzBugZERI5xUVRmZssxK9gvt22jXVUo6oRtWk5Dc9jxjzHKyrb9icepkVjlHMMJYRZVzAuY177NtTmdh3VBStu2m0pLKlIeMTIgIorzMSNKWNSw4mOvV4QtkW+m03TVJXgFOYwLpm23MTp3ADhewwMZnq3pZjygoiQ27y1loeYJxtUFt+liV0HSXpVmsOugCNmCesqFdA/GsP2JlTp+tXg8lZdv7OFcu5olxCzCOGIGzqgrjlGVYs18gxggQRNKG3ZQvtPDUuJWMnTAWyo9TbkxmVfY8z2p0YwzLratYPDuZyas8LftPMLPBuhoyu+m+i7lgROf4AAAgAElEQVTssb/e6O3zvCV6M6/X6UbnuFfD7cXvafQLWLecYbFlMpuNE/j/2bv/4LjrO8/zz+6Wu2WhL4i0YlmdODSYkmJKPfiu2YA0YekLNRLDSTtAT4VIN1N0ji07QyFvCnlngjMzFrN1IjOLUjnbRYKr2BGXW5lJjcB78oGtXXLNkJLAR9eZtANjLXY6/GjZnlZQ+ApJ3VZ33x/dLbWk1g9kybKl14MSlr4/Pt/399v6+X5/fmz/4r9w9r04t337OZ5b9ecpIiIiMs1R3cQfjhyl72fPE7RlJuZJJm1s+VoTPheAjyZvL0ePPM+AzQbJJJTV8If+hdL/1Xyt5hTHnu/ipG0bX5+9EPBmJ/bTPTw/kMRGkqTdzTce8Ez/neLwUFN5kp+Pf42d+ZMPLHsNgNnKuO8738L3k+MEfnIfvvbjRL7zLe76STHFwPnzZXz3xRe5r2zWacU+2o9H+M637uInxcXAec6XfZcXX7xvagqf4rseYOe3vsvWqVECO/nWD+Bb9wUIPrCVkeCb8K12fnDXm0uK1B34Ce3fDbDzLthaDBPnwfeTo5nYAi/ygx98C99dExRn9931oy5+NHuKIRFZdZbx8fH0WgexURQXF691CFPCnXfw7SP5W0q56Z4mdu3aRUN17idYlBNtLXz/9dHsIV6eCFTyw0PD7D9+kKbyGL2t9/EU+zl+sIlyZn+cZZ6g7X/6Pq/XPMn/1eUvWIWP9bZy31Nk283bfqKVf/P9Abz7j3MwuyMa7GBf+0uczoZlr2pk/zPtTM3OEz9D9949HBoYzg7bK8X7xEGeafFk1x6IE+nZR+Dp1xnN7fe6CYWMqetHg+3s3XeMwVzxodTLE88doKV6rRdwFJk2MZHpS3E1fW/JiWd7rzuuv35F5tNfTpszj///+A+3/O/smJNQj/Ppp5ku2ou1G/80vuxFXFfjeVyW+Kd8mgmIeW8pdwwOrp/noMx9zb9//ssXeJZLuN4SWl7y67kqlvJcP3eTy3vGS297oWc1/TxX8p5ERERkY7lw4QIVFUvqUr6AScbMcZLY2GyUFOjNGmfMTIDdYOkz8MSJTzpwzNM1dnLMZBw7RoEG3z/RxXvuAE1L7eO4EiZGGJkopqxs8b//JkZGmCguYwmH5s5gZGSC4rIylvXX5cQIIxMUPn+hfbLqVubrb65cPkJWXyKRWPygRagAcAVdjUm6pYibJgnsGMYy//LPFgASeUn8KxJX3CTz89+YN7FhZn9BKNxEdv/l3LvIKrqaCwBr6tN/4V8cX5w5fczZ/8T//Acf81fn/mrRuTNFRERERGTlrFYCcu2cobcrwo5Aw8yRAyJXIRUArn0rUQDQGgCyKIdhXFYCPNp3hNe5h0bfyiX/YQlxOQyMeZP/AA4MY77kf95+Jf9FriH/Qu+/v5vmv/xH3v2XTM/l+Edv8nf//u/49NuNLHHyHhERERERkYLi4fcYrqxW8l9ErhlaA0BWWZSB3tPYH3oOn7H40SIil+eLND3337j+P/wlgbv/nFgCsJfzr/+X5zjyVwuvQyAiIiIiIrIY2/Z7+eYOJThE5NqhKYCuoA05TUc8Svj0EFTW4HEp9SaykjQFkIiIiIiIXO3W3xRAItcOTQF07VuJKYA0AkBWl8OFx1to2V8RERERERERERERWU1aA0BEREREREREREREZB1SAUBEREREREREREREZB1SAUBEREREREREREREZB1SAUBEREREREREREREZB1SAUBEREREREREREREZB1SAUBEREREREREREREZB1SAUBEREREREREREREZB1SAUBEREREREREREREZB1SAUBERERERERERFaFzWZjcnJyrcMQ2XAmJyex2WxrHYZcBVQAEBERERERERGRVVFSUsLo6KiKACJX0OTkJKOjo2zevHmtQ5GrQNFaByAiIiIiIiIiIutTSUkJ6XSakZERksnkWocjsiHYbDY2b97Mddddt9ahyFVABQAREREREREREVk11113nRKRIiJrRAUAEZEZJom9+wtOJqq4f6draqsZeYvgW+8xPL4Z54478d3pxsg/bex93jiZwOO7jbKpjR/y1ithhvMOK9l+N77qGWeKiIiIiIiIiIisChUARESmmIR7fkaYUhL2StiZ2Rp//xV6Tpbga/oT3JvHifyijzfObOH+6pKpM6MnB4hubuLu/OZiEc4mXDTdu31qk82u5L+IiIiIiIiIiFwZKgBscPFPPubCmIPyinJKlvTZYBLu6SIYnd7idPuob/JQvlpBroBYsJ0+Zzstnjl7CPce4cixASKmgbu2kebmJjyreTNmmJ6nD9ETMan0PkLr4w24HYUOjBPtP0ZXTw+nh6Cyxk/LLj/eNXvQEU50m9S1eFi/KWw77vpH8MQH6B7IbTM5FRphe/39uA0AA7fPjzv/tHiYk5EteANlsxsE22YMY/0+MRERERERERERuXpZ1zoAWUtxYr/8OceO/YJzY0s/JxI08QYCBAIBAoFm6uy97Gk9QWw1Q71c5jBDczZG6W3dQw/1PHGgm+7uAzxRDz17WumNFmhjRUTpaT1M/JFn6O7upr1xlMOHw8TnHBcn3Plt9oXcBDq66e7upiNQyYlVjW0xbnxNVes4+Q/gwDBmV8LiJJIGW8piRN4K8sprb3DmwsxXLHYyzNh2L7fObi6RJMk40VNBXnklyKkPTSZXM3wREREREREREZE8tr/8y79sX+sgNoqioqttwEUS8ze/4kzMwU2er7KlYC/02cYYfPU0FQ/42OZw4HCUUHbr16g8dYjBHfdTXQKxcC9Hf9ZH8ORHFG2/DVcJQJxo+CPiJSO81/cKg4YHtxEj3HuUn/UFOflRkopt2yjLxWBG6D/2U46+dpKzI2W4by3Hkd0eHp4kGX6VrqOvcfZiCZXVFUxNxJJ/Xt6+scFXeafsfuoqpu/EDHbSXvI4P364Ojv6oYiS8mp83nF++OOL+O5142Dm/SS3bWebUQTxKOGP4pSMvEffK4MYnsx88IXvPV+EV19z4v9TDyWAo/w27r2zYu5QnMjPeOy1Wg7/1d2UZ3cWGdu422vj2Kkk3upyxiNhhm02osFXeX18G7dVODAj/Rz76VFeO3mWkTI3t5bnvagLPdOhET567af0vJY9zxim/790cfS1/Psw+WhwhM0VBkWLvQ7ECPU8T89rJ/moaDvbOMsQFdOv79Vu7APCH12Hp7ocGOOD8Dv88ldDcIuX/2Er/Pc3/hu/TN/EVyuKgfd54//5hFvv+x+pKIrxRvdrTHiqMyNiLrzLW+EoyVv/FXW3bOLXA328OVyJ56bSFQlzcjJTTrj6vreIiIiIiIiIyHqVy0fI6ksmk5fdhkYAbEDxTz7mg3PnOHfuAy58GgfGuPDBOc6dO8cHH8QYu4yv4WhvK3t6nfgCAQL+KsJPB+g+A2ASOtzGnqd7iVV5qTHihDv30mv4CAQCNNcM0dnUQSgOxMN07u5ksMpPINCMN3GE3bkRBpEedv/xHrpML82BZrwcYfe+ICaZ8w7u7mSopjlzHkfY21mod33GYGiQFl/13B1uPwf2+zIJ/RP59+NmYN9eemOAGeJw2x6e7o1R5a3BWPDe81VSQx+vL9KLPxp+Ha/fN7e3vbuBtqZqHECkZx+tew9xurwGb6WdeLiT3Z2DVPkDBJq9JI7spvVEdlzGIs/0263dmLUBAs3VnN4XwL+vD+OeAAG/kxO7s68LEXoOhzLPeqHXgQg9u/dwotJPIBCgNv4Ce1v30RNZ+J6vdtvu9uOrrqB8223c+8BOCL1FBBh5K8RF99fwFCpu3Ho/u3Y9zL3VFRgV1fj89bgiA4Tn+6QUERERERERERFZQSoAbDjZaX+OH+f48f/Kmx8mIDnCmX86zvHjxzn26lKmA4pjmubUW7S/k0NDjdSWhznS5WX/vjpchoHh8hBobaKvJ5RNwjvw72qlobqaciPB8DC43S4Mw6C82k9Hl5+bHBDrO0z0kQ4CHheGUU5105O0VR7mWDaZnmh8nLYGN+VGOdVNTxAwe+iPAQ43Tc904K8uz57XjKcnyGDBe4gRjTixz9MR25FN5hqeNp5py92Pl0f80BfKJtUdfna1NlBdXY7BYveeY1Dts3P4jwN0ncntiWPOSggPD4ZwGPkZ5TjRcIhQKEQoFCYaBxjC+8iT+L3VuMtN+g5HeaQjgMdlYJRX0/RkG5WHj3GGxZ9pVaAFn8vAKPfySMCFy9eIp9zAcPloqnuJYIGHOO/rEO6hu3Y/++oyr62r7nEe8c6dgOnaUsaWLXkfOrbgtCWIM8K7Z0exjZzilVde4ZVXBvhwfITTr5wiU+OJE59RUHPiNMYYMa9k7CIiIiIiIiIislFp3ogNx0H5732Dxm1xJkky8qvXeTNaQvXv38XNJUDR9WydM23NbH107j6dmT7GcOOtb+SZZ+ooj/USGTrCUy19ecfGiToDmNwEeHFPrZxq4Huile4fBmiJOKnx+2mpr8MNhAcHcNXn9313cJPHRVckRsAFtZ4qplPj5bjdEMm2WTrUQ+ehPgaHwTRjRBN11M/zHAwDFsvDOow44Z4OOvt+wygm5lAE5+PZnV739EKwscgC9+6dijce6qQt0sI/nnDS176bgy0HabUfZl/kEQ42Ta/ua3dWQqJQRDGCnSFq/96DgRfP1OrBQwwOuJj52G7C4+oiEguQWOSZOuerhCxgvtchFongcjpnXKvKU8vAnBauFeVsd5kET17Ac3dmDqmxMyc5W7KNnWym7Gu1lE29ViZnL45R4nZiAPHwqxyJ7OCbTdWZ6ZEunCRsuvBdzStmi4iIiIiIiIjIuqECwAbkuPFLfOVGgDgff+iAaAkVX7mFW65fagtNtHe34Zm92bSD93EOHGxibn4z02venr+p3EtLRxctxIlFghzevY+65zpw2u1zkt+jiWEqnQsvPxsPdbDnhI8DHc9lrx+m846+eY42qPKadIZMmhpmtWsG6Xg6TqDDw8DeQ/BEB50tmWNiva08NXVg/t0sdO95TUeHqKv3Yhjg7+wg2L6XduzgnXmc21NLf/gMbd7cFEUOXB4vrng/J0wXTgcksM8IYe5jGyUxXInTKLhzSc90WewUvNa1zOWrZ3tPH893G2xxmFyMu7jngZ0YgHHrbUwvLRFj+NRFtty2LTN9k6eer188ypHnT1FWlmBkrISaej+utboRERERERERERHZUDQFkKycci/19DGQN7+9GTpIW8HJ3yP0tHZm55Z3UO5uoMEbJBwBT/0u+k/0502dc4Zgj5u6gpOs510rNkSNzzuVgI+H+ggucLyrPoDjhYOZaWumxOg/eJjR+jpcDBON+/BW55LkUQb65unHvsR7N1yVhEK5hQFc+NqfxBMZYNicmSB3eP009R2iJ5I/N1CcSM8RhnY1MnflAg/1u/o50Z93/JkgPe46PI7P/0wNY/mr9ZZ7fJh9A0w/ijMEuwtPxHTVKr+blqb8p1zBnf4/5ZEH7sX3h9/k0ZZ7ubXgSJly7m5pynt9Srj13hYe/ZMm6uv9PPKnfu6sKHSeiIiIiIiIiIjIytMIgA0tOx3QzQ7KF532ZynKaXrST/s+Pz2uOqri/YRoobPDTW4EwDQ3jbuc7G4J4Krz4hwOEbZ30OEBaKbDvYcWfw/eOgeD/VG8+w7iW6SzerlvF8buPbSHanCaEU67fDTXLpB4Nnzs7zB5eq+fQ04vtc5hBkLDVAU62O8zAA/+5i72tUXwumHo9DD3NDYv496nOby7eDy4F7/fidfnZDgYYtT/HI8P/5CD4QO0TiXkqwk8t4vuvf+GhriXeg8M9p8BfzvPNBUeY1Dd3IF7Twv+Hi91jkH6o172HcwuJFz9+Z6p83JGBrj8dPjb2dvQR01jJUOhBE4Xcxc0vgYVlRjLuw9HCZdRUxEREREREREREVkWy/j4eHqtg9goiouL1zqEKyZumiTsxpKSnvMeGzcxE2A3DD5P7vTzXHvGOcxzrbiJmbAvuVf8kq7/ee7tcz6HzL3ME+8yn+nyxDHNBHbDYLCzhUF/N3734mfJ0k1MTAAb63uLiIiIiIiIiKytXD5CVl8iUXCR0M9FBYArSEk62RDiUU70hPG0NGTmuo+H6Gw5ga97H171gl9RKgCIiIiIiIiIyJWmAsCVsxIFAE0BJCIry+HCW93H9/1+TIeD4WGD5meeUfJfRERERERERETkCtMIgCtIvXRFZCVpBICIiIiIiIiIXGkaAXDlrMQIAOsKxCEiIiIiIiIiIiIiIlcZFQBERERERERERERERNYhFQBERERERERERERERNYhFQBERERERERERERERNYhFQBERERERERERERERNYhFQBERERERERERERERNYhFQBERERERERERERERNYhFQBERERERERERERERNYhFQBERERERERERERERNYhFQBERERERERERERERNahorUOQERkXbgQ5rVIGffcuS3vG+sksXdf5/XQh5gYbPPey723la1hkCIiIiIiIiIispFoBICIyGWLEx4IMencNqOqOvJWD8cGnXz9mwEC3/w6zsGjHA2PrVmUIiIiIiIiIiKysagAsMHFP/mYDz6OMTa51DNMwj1BonM2h+kJztm6+pZ93TDd7UFi8+yNBg8yu9lo8CAHD856W4t7jpvE8z6MhbrnxDrXwvcrlyk6wKn4Du68NX+jyZkI7PDtpMIBOCrY+fXtjL0bxlyjMEVEREREREREZGNRAWBDixP75c85duwXnFtyp+Q4kWCI4TmbIwRDc7auvsu47tDw/GnY4dALzG52OHQaV32AQCDvrda1rGtfjvChffTlZfLLa5pYShgL3a9cjjhnQh9StnMnZbO2J5IllOVvLN+CkUzMKOCIiIiIiIiIiIisFq0BIKsiFu6lLxhhGBd1zX685QBxouFBqPLgcmQPjEfJbHLhIEa4t49gZBhcXprq63Ab2ePMCP19vYSi4Kyqp6mhGmPqaonp680+b0abdTT7vZQXjphQzxH6o+Cqa8Zd8Bg7dqeBYRTYFY/Sf6wnE5/bR32TJ3udZdyTGSFsluKMvE5PKJrXnkkkNEg4OsxQKESo3E5ljQfncIQhwzPVbv6z9/obqZt62Pnh9nOsJ0QUJ25fPU2ewk9FlmDkFKdGtnF3tQM4Q2/3RWpb7p7n80xEREREREREROTK0QiADSj+ycd8cO4c5859wIVP48AYFz44x7lz5/jgg88zHVBh0d5W9vTaqWsOEPC76d/bwsFwHDAJHT5MKL8juhni8OEQJnHCnXvpNXwEAgGaa4bobOogFAfiYTp3dzJU00wg0EwdPbS2B6enUelp4+mQG18ggN89QHugizOZSOht3UOvvY7mQAC/u5+9LQcJz+l+HaFn9x5OVPoJBALUxl+gs+fz3HGM3r1PE6lpJhAI4HP2sjvQQ3S59xTpYfcf76HL9NIcaMbLEXbvC2JiUFlVhdtp4HZXUVXlxukAM3SYnkg2khOt7Ol14gtknv3Avr30zp73J9bL3qcj1DQHCAR8OHt3E+hZg6mM1on333oPx85arvxYkJV1xx13rHUIIiIiIiIiIiKywjQCYMPJTvvzq/wsfIIz/3Q8kzS3ufjXzQ9Qc/1CbfTS3hJiZr/yYSLeZ4AwR7q87O9pyPai99La4SdwaADTU7NAmwmGh8HtdmEYYFT76eg6Q9wBsd7DRB/poK0608XdaGhjV2g3fVEffjvgbqU14MkkYL1ttNX56AsHqOYIXd799DRk+/N7W+nwBzg0YOLx5V063EN37X566jIpXKPucR5vPMLAnBhDHNrTwpGpjxt5srsFD8MMRyupcpVnYq9r46BzCIMEg8u5JyDR+DhtDW4cQHnTEwT6nqI/5qOh3MBw2BnOG4mQ/0oanjae8bkzIywML4/4u3gqFKOpIf+lGiZaWYWr3MDAoK7tIM6hQsMaZHHvM/gbiCdf45UPAcYZGY8zEDyDz+cEkiTiMPXFEk+QXLNYRURERERERERko1EBYMNxUP5736BxW5xJkoz86nXejJZQ/ft3cXMJUHQ9W0sWa6OJ9u42PPmbYr20vgDEIkRcTpz5+1xVeIJBIixUADDwPdFK9w8DtESc1Pj9tNTX4QbCgwOE+nfT8kLe4cMRvE1AJeCtmjFlT2WVhwQQi0RwOWdEgqvKQzAYgbwCwNzjHFR5agsUALw8fuAgTXPmdqmmudPLofYWDg27qfU346/3YMDy7gmo9VTlFVjKcbshssDTm4rciBPu6aCz7zeMYmIORXA+PjvcZjq9h2hvOcSwuxZ/s596jwoAy1OB5+tfyyvCDGFeHGPLl8uwU467YoTQeyaenZnnO3LqXUYq6jQ9kIiIiIiIiIiIXBEqAGxAjhu/xFduBIjz8YcOiJZQ8ZVbuGXBXv9LZYdEgkT+prhJ3O3CwIFhzOyxPkO5l5aOLlqIE4sEObx7H3XPdeC022lq76bNU+Cc2dPbzAllRiTEzThul8GMKOwwM2AYTXy+hYUd7gbaOhvIrHNwhKe/HeLx7gDVy7mn8Oe6dJ4oPXsPwRMddLZkEs6x3laemhst7oY2MuFGCR95mm+HHqc7UL3cC29gBttuuy3vYxtnT11k+60VOIBttfdytvdnPH/GiTM5zLBtB40Pb1urYEVEREREREREZIPRGgCyssrraCztYSCvu3oseIzT9TW4MajymvQNTM83Hx3oy/a0j9DT2pmZHx8H5e4GGrxBwhGo8vkJ94WYnro/Su++DvrnrSTkQmmktGcgr+d8jOCx09TXzFzit9zjw+wbYDqqMwS7B5d+z2Y/nW292es4cHnqqTdCRGIrf08Zw5ijhbdH4z681bne/FEG+uaOYzD7O2nrzT4VhwtPfT1GKLJgLUWWqpqm/AWAS7bhe/hRHmm6l3sfeIRHH66jYi3DW8S777475+3DJX1Orn/xC+/z/oU5C4hciQvz/vsXWIMrr7nJkQ/55Og/cOFHB7h49B1+N5K3c+I8n5w6vzrPZeQsv/3n365GyyIiIiIiIiJXnEYAbGjZ6YBudlC+6LQ/S2XQ0BagfZ+fXlcdVfF+QgQ42JnpXe5qfJLaPa34g168nGbYW08jAG4adznZ3RLAVefFORwibO+gwwMOHufJ8B5a/KV46xwM9kfxtD1DmwELZn+MBtoC7ezz9+KqqyLeH4LAQTpnd3R3+enwt7O3oY+axkqGQgm8dd4CDc5eAwBofJLuljqa6/fR6u/D66uC00F+c08HB8rdsJx7WkRVYyOH2vwcc3jYdaA9b2IlD/7mLva1RfC6Yej0MPc0Ns99LHXN1O9rxd/nJRPub7in44CmpVlFRSUG18IkS6H3Ijg3z9zmKruNbUsIPvZGNwNbWmhapwNJEiMf8REV3FrhWPzglWQOcvIklGVHlWwUY28e4JPAexS1P8ymnbfAyNuMPdDJ2Pf+ji/et5WikbcZb4dNRxtX/rn88//NePAe+N4XVrplERERERERkSvOMj4+nl7rIDaK4uLitQ7hioqbJgm7gVEgO7O8fXFMM4HdMD5nwmep5y23/cXPX/l7WigMEzNhxyj0cJdznFy1JiYmgJX53nLHHXew/z+/vWgCf3LMZDxpY7NRMqOCPG8BYHIMczwJts0YJStXc46PmSSSNuxGyQongCcZM8dJ2uwYJYu1HGfMTIDdoNChC8W4YPzZZ2azG5SYb9DdB/X5I0tW6ZleNUaCDN33No7gXr6Q/6k98Q4XfAewvPg8W4qPEf0OXH+0EfvEKJMTdorK7NjnNJZgbCQBxaWUFPgySUyMMjkB1rJSpna/eYCPg/fwpe/dvhp3JyIiIiIics3L5SNk9c2e3nw51mHmQK4WjgWS2svb51hmsnqp5y23/cXPX/l7WiiMwoWVZR8nEnuD7ldHKLNfZGjcho0kCSq555v3U13yPq91/YIPkwkSg110DYCx4wH8d5Zx4a0e+k6PUbKlDEYuMlZSQ73/TiqI8Ub3q4w4Sxj5yCTp/jqBe2/NXGsszNGfRakJNHBr7vrxMEePZLeNvc9rR18nkrBhA5JJO+57HuDeW0vgTC/dF2tpuTtvPMuZXg4PVrGrqZozvYc5bd9O/KMIibIaHvDfSVn+cafhy2MXGTG24DAvMmLfQWN22qbYG930UU/L3eWZdvgyYxcvkrRBMpGgtOaPeLguO8HTQjEutA8YO/MKP/vFEJudWygyh5l0OklOR7nAM10/zKM/JfWd9pnJf4Di2yn9QR2fRc7DVwH+mc8C/ye/i9iBUcBHyfE93Jg9b/R4O79r/xCrbweceptPvvodbviRj1IAzhP77p8TfxMoBs6D7Ud/R/l9W2f9YjTKJz/4t4zRxo3f+1es2GA5ERERERERkStEBQAREQEgOW5i5s35b8vv2T5+kaS3mUdvy6RAL7zRzbE33qe64VbuDdw6dwRANEjfYBm+R/xsK8pt+imvvbGdlrsBxrmY8PLNR2+bOT1SiYcdzgFOh+Pc6slcPD54lhH317iVOOG+nzOy/Zs8emc2KW6e4uiRXt4qf5g7l3CPw8M2Gh95FFehn37DJsYfPcr92Wz6hTe6efWEi0CDu8ChBn/06P2ZxPvYu/QeCfLWbQ9zZ1kmRvO2Zh7daeQa4h9eDXLGfS+JheLfHKbv9QQ7mx8lc+okH752hFdzBYAFn+l6mcQrQeLUBYoChRfLvs73KNcBnAf+Sz/pgf+DL92VSemPvvjv+N1P3sP47g6KIi/zux9t47o326fKJ7/repRPX/wqpd/aitn1feJf3c8Xf7Q9M2pg4h0uPNDJyM7/mDcd2igjXd9njCdxfu92NtYYPhEREREREVkvtAiwiIgAcDHUQ0/P9Nurp/JWXbV9Gc9t0/2fK3Zup3Too7zFs2eKDkawbfdOJaoBXDvcJD8cJNOqjS97biu4NkL1jpsYOTuYXeJjhFPvmrirXBAf5NbNPUkAACAASURBVOzFSmrunO4Rj7GTnTeNMvTh0paDvWG7t3DyH6ByJ3fndaWv2LmdzUORgvd4w/ad073uS27D8+VsDNkYd+zMu7OKu3k4cD/VyYXjjw+e5WLlDqZPLWJbjZvcsgyLP9P14LekItuxbl3Cobf/AcXZ5D9A6X0PYj36Sz4Dfhd8Gct3HswbOwE3+Brh6Nt8xoeMd5Vif2D79JRBxbdTcfw/Uj513QSjL36fz/75YcqU/BcREREREZFrmEYAiIgIAJVfD8y/BsDmEkrzPzbKKElcxJzncNNMMHrxKF2Ds3YYO3INUlI6+6ysWz24B97g1IiHOzlDJOnmXhcQG2GstAznrMNLSzYzNmLClnlvbUpJ2UIrGttmxTp9j7OvObudqRjMwjEC8+7LnWsyRmnZrL0VWyjjYub0RZ/perCVorv+mXgEmKcIMEn2lxf3tpm/xJTdiPX1X5ICOH+B9E++y8c/mnXyzj8Bfkv69e1sWqjI8OZ/4tOu7ZScqsuMOBARERERERG5RqkAICIiK84w7JSWNc4zNU1skbNd7KyC3lNRttvOwvb7M9OyGGWUjEYYBvJbHRkbp8SVSciPjlycsTeeSC496GSCOEyv12GOMGY3Co5SmFe5E2P07JwYWUL8BiWMRmbtvXBxqnf/ws90/XDsvIOxN99j8q4dc35J+eRHDzG+9VlcvoXbsG6twPLdv8P1rUJZ/vOM/dFZJs8zb5GBu/5Xbvjuf2Uk8A9Yuh6mTEMARERERERE5BqlKYBERGRFjFy8MPW+q8pN8uwAZ8ZyWyaJvtHNT1+LMLmEtsp23oYRCdIXseG+LTuRi6OK7VuGCL0xfR3MU5z+jZPtVQ5wbcM5NMipqWEJFzgZvrj0G7gY5uRU05N8eHKQhLsK19JbALbjnh3jhTfo/ulrRGwLx++o2s6WodO8NTWfzxhnTp5lPPvR5T7Ta0XJfX/CphefIhb87Yz7GnvzAGMv+tj8wOLzA93ge5D0j37GJxPT28wX/x3Rn5wlwVaKHxgl0fUOU7sn/l/O+77P8NSzt3Odbx9l3znLZw/8eEY7IiIiIiIiItcSjQAQEREAhl4/zOHXZ26rvGcXTQXns5mp3OvF+bNjPH/WRtmOB/Df6aPJ20vvkecZsNkgmYSyGv7Q76Zo0REAgMNDTeVJfj7+tbw58R146v+Q4d5jPN9lwwYkk3bc33gAjwNw7OTrt5/l1Z89zymbDbCxZft2Spc6Qb7Tydhrz9OVyI/386X/MzF+g4tH82PczPb6JtxFDlgofjzUf+MiR3ue573sM9u8o4rKXEHDtdAzXU928IXjT/Lb7/xbLnyvFIqBiVFw/wGbj/8ZNy6lN777Qcp+8Awjvm8xVmzPnH/XHm7ILvprD/xvxL/75wzfRab982D7yY+4oWxmM9f59mEpPsAnvgOkj+/hC2UFriUiIiIiIiJyFbOMj4+n1zqIjaK4WHMIiMjKmZjIdEteie8td9xxB2+//fZltzMZj1PkcORtiTNmJsBuUOKY97SC3j/RxXvuwusSTI6ZjCdtbDZK5ia/J8cwx8FulLDkS57p5fBgFbuaqomPmSTYjFFyeWn1hWJcMP7cM9tsUDiE5T/Ta83kxCiJCbAUl7J5WZ/mCcZHEjDP+bn2bWWlS/9cERERERER2eBy+QhZfYlE4rLbWF+dBkVEZE3NTP4DOCgxlpNaPcN7Q5XsaJjnOiULzM1fVILxuSbun8lRYqxIMnihGBeMf9Fnttxneu0pKi6l6LLqW3Y2l9lXsX0RERERERGRq5vWABARkatOPPwew5XV3LrWgYiIiIiIiIiIXMM0AkBERK46tu338s0dl9GN//Pafi/N2+bvKS4iIiIiIiIici3SGgBXkNYAEJGVtJJrAIiIiIiIiIiILIXWALhyVmINAE0BJCIiIiIiIiIiIiKyDqkAICKy2sbe543gu4ysdRwiIiIiIiIiIrKhqAAgIrLKoicHiG52UbbWgYiIiIiIiIiIyIaiRYA3uPgnH3NhzEF5RTklS/psMAn3dBGMTm9xVtXT1FDNwst1moR7Qjj9PlzLjjZGuPcIR44NEDEN3LWNNDc34SlfdoMiqy8e5mRkC96A0v8iIiIiIiIiInJlaQTAhhYn9sufc+zYLzg3tvRzIkETbyBAIBAgEGjGO3qI3V1nlnBeiOFlxxqlt3UPPdTzxIFuursP8EQ99OxppTe6+NkiayV2MszYdi+3rnUgIiIiIiIiIiKy4WgEgCyDA8Mwsj3+Dar9u/C2DhILVFMOxMK99AUjDOPC62+kzuWYOjMRC9PbFyQy7KSqvomGajuxM4Mk3B6mD4sTDUewV1VTnt1mBg/T5d1PT1P1VAzl1U20dyTYfSiIr8OHgUmkv4/eUBScbnz12dEB8SjhITtufkOw38Tb4sNFjHBvH8HIMLjqaPZ70UACWXnvEzpbgqe5HIjxRvcAW1qaqF70vCvnY0vDWocgG8iX0ifWOgQRERERERGRDUUjADag+Ccf88G5c5w79wEXPo0DY1z44Bznzp3jgw9ijE1+vvbMUB/9lS4MIHailT29TnyBAAG/m4F9e+mN5Y7soe3pQarqAwSavYwe2s3BMBijvTx1LK8bvxmk88gQjum6AYOhQVp8BdKmbj8H9vswiBM+uJvOoRqaAwGavXBkbyfhOGCGONy2h6d7Y1R5azCyowl6nT4CgQD+qjBPB7pZbAyDyOc18laIi+6v4XEsfqyIiIiIiIiIiMhK0wiADSc77c+vzLxtCc780/FMAtzm4l83P0DN9Qu10Ut7SwhHtr3oIAT+c1vmY08bz/jcmd78hpdH/F08FYrR1ABQy5PtfqoNgGr8+5tp/eEAiQ4/tQf7OOMPUA1E+17C6T+Qt6ZAjGjEib20cDSZQoEDd9MzdLgzhQiqm2j21BEcbMNTCTj87GptwA0Q7syMJqjLrEZgeAK0NgXoDvnZ51WmVlbKCO+eHcVWcopXXjkFJBkZH+HiK6cw7t95GWthrCz1yBYRERERERERWb9UANhwHJT/3jdo3BZnkiQjv3qdN6MlVP/+XdxcAhRdz9aSxdpoor27DU/uw3iYzm+3E3yuHZ8RJ9zTQWffbxjFxByK4Hw8d6ALV/5KweVu3H19RDraqPXt41g4QLUnykDfTTQcyE/EOzAMyC9ZFGKUDtHTeYi+wWEwTWLRBHX12Z1edyb5D8QiEYaOPEVLX97J8SjOgAkqAMiK2cz2r9VSlsh9bHL24hglbuciC2aLiIiIiIiIiIisDBUANiDHjV/iKzcCxPn4QwdES6j4yi3csmCv/4Ua9OBvbKcnEmX40CF4ooPOlkyKM9bbylN5hybyz4ubxKvcGIC7voUfdoWIGxGCtX4OzsjDG1R5TTpDJk0Ns1KnZpCOp+ME9pfTtecEvgMdPJedzD/ceQfTOX47+e96Hz/AwSbN+i+ryUHFrbdRMfVxjOFTF9ly2zYVAERERERERERE5IrQGgCyAqKEBlxUVQ4TjfvwVhtT2wf6BvKO6+FEf3zqo3goyOn6mkzPfFc9Dw1383RXL97auXP9u+oDOF44SH8sf2uM/oOHGa2vw2XGGKrx4S2fapy+YOFoy7310DfA9KoDJqGDbfREPv+diyxdOXdfZQsAi4iIiIiIiIjI+qYRABtadjqgmx2ULzrtT778NQBgeNjOPU92sK/cRbS5i31tEbxuGDo9zD2NzXnn1eMI7SZwzIOHMP3D9XQcyKVDDXwtTp46WMc/FsqQGj72d5g8vdfPIaeXWucwA6FhqgId7PcZgI9dxm72tIeocZpETrvwNdcyWCj88iae9Lezz9+Dq66KeH8IWjrpcBc6WEREREREREREROTaZBkfH0+vdRAbRXFx8VqHcGXETcyEHcOYZz79efbHQx3siQR4zr/w8qhx0yQB2A2DOVdY7NozD8Y0E4XbEbkGTExMABvoe4uIiIiIiIiIrLlcPkJWXyKRWPygRWgEgKw8h8GC+feC++OcPjHKQ60LJ/8zpy+QsF/s2jMPXmKhQEREREREREREROTaozUA5OpghghST51WRxURERERERERERFZEZoC6ArSNB0ispI0BZCIiIiIiIiIXGmaAujKWYkpgDQCQERERERERERERERkHVIBQERERERERERERERkHVIBQERERERERERERERkHVIBQERERERERERERERkHVIBQERERERERERERERkHVIBQERERERERERERERkHVIBQERERERERERERERkHSpa6wBERGTtRKPRtQ5BRERERERERK4wl8u11iHIFaICgIjIBqYf+CIiIiIiIiIi65emABIRERERERERERERWYdUABARERERERERERERWYdUABARERERERERERERWYdUABARERERERERERERWYdUABARERERERERERERWYdUABARERERERERERERWYeK1joA+fyOHDnCSy+9xK9//eu1DmVdufnmm3nooYdobm5e61BERERERERERERELpsKANeYI0eOEAqF+Nu//VtuueWWtQ5nXTl37hzPPvss6XSalpaWtQ5HRERERERERERE5LJoCqBrzEsvvcRjjz2m5P8quOWWW3jsscd4+eWX1zoUERERERERERERkcumAsA15te//rWS/6volltu0dRKIiIiIiIiIiIisi6oACAiIiIiIiIiIiIisg6pACAiIiIiIiIiIiIisg6pACAiIiIiIiIiIiIisg6pACAiIiIiIiIiIiIisg6pACAiIiIiIiIiIiIisg6pACAiIiIiIiIiIiIisg6pACAiIiIiIiIiIiIisg4VrXUAsnpioW5CpX4aqh0ztpvhHvrtjTS4BukJOfH7XIBJuKeLYHRmGy5fAH/lIN2nnbT43FPb42dOcHjIQ6vPNaPdIPU0eYz8qxHu6cfe2MCsMDIiQQ5GqvLaiRHuPcKRYwNETAN3bSPNzU14yqcuQk9XkOkwnbh99TTlDpizH8CFL+BnRlgiIiIiIiIiIiIi65wKAOtYeaWDl7pO49vnZTr3btLf1Q/tfohHCIbIFgDiRIIm3o5WPPmN2A1wlJLoCnLGF6A6u3nw2FO8EGqjyecnUxaIE+7tIdHinxVFnEjw+/TgocvvmrXP5MTBvbzg+vtsASBKb+teQvX7eeJAK+WOOLEzfRza00rkmYM0ucjEbHrpaM1GGR+m//AeWqMHONhQPnd/3m2IiIiIiIiIiIiIbCSaAmg9c9VS/5sTnI7nbTP76aOeuoIJcQeGYcx8cwBU4/UEOR3JHXeGUNhPc02QcCy3bZCBQT9ed6F2ayDYx5nZmyN9HBusnA4teJgu737am6opd2TiKa9uor3Dx7HDQcypMPPiK3fT0PY4lccGiBXan30rNPhAREREREREREREZD1TAWBdc1FbP8iJ0HQFIBY8hqOpjs/bIb6qtopgLtsfOU3QU8+uOoOB09m0/JkQYV8NBfP/eGhuDHP4hJm3LU6ouw9fwDe1ZTA0SIuveu7pbi/1g/2E43N3iYiIiIiIiIiIiEhhKgCsc67aJgaDITK58xgDfQb13vnS/720t7TQkntrD071qnd46jAGTmMCsXCQqtoqjJpazP4wcSByOojHWyB5n4ujYReeIz3TowBifXTxCI1VUxuIRpzYSwudXYrdOcRwrn4QNzHN3FuU/s5DDDXWklsmgN726XtoaaE9GCvUqIiIiIiIiIiIiMi6pjUA1jvXPfiHfsiAWYfPfJ2eykaem7f7fxPt3W0z1wDIMWqoNQ8TjntJDFTi2+8ARy31Q4c5Ha8iGqyitnGhQKqpb/ohXaFm9nkdnDnWg9ffhSMxkN3vwDASmIn5W7Dn3unrZPfp7KQ+wxGMR/6eAw3l0wc2tdPdVvAuRERERERERERERDYMjQBY98qprTfpC5lEB3qp8nmXOR9+OV7fbxgIhemnDo8js83jGyQ4EGLAyG2bn6txFxw+RtQM8sJgM/4ZAwYMqrxxgmFz7olmiOCwj+pcjr+pne7u7szbP+6ntO80w8u6JxEREREREREREZH1SwWADaDc10i8r4uevioavMtfDtflrSe8bx9DtTVTawi4a3yEOw9BvXfxdQUcXvy1vTy97wilft+c4131ARwvHKR/xow9MfoPvoBjV33h9QWMBnb5uukKaYEAERERERERERERkXyaAmgjMOqoj3+fp256jl0L5v97aW8JzRghULXrAO2+bNd7dw0+w4XhyZtup9qLZzhEVc3SlhWu9jdjD44SKFSIMHzs7zB5ek8DnZX34HMOMxAapirQwX7f/O1XNwYY2nuMSJc/UyTobaclNOMu2HWgHV/5PA2IiIiIiIiIiIiIrEOW8fHx9FoHsVEUFxdfdht33HEHb7/99gpEc3WLmyYJwG4Yy5yyaPk2yjOWa9/ExASwMt9bRERERERERESWIpePkNWXSCywYOoSaQSAXJUca5D4FxEREREREREREVlPtAaAiIiIiIiIiIiIiMg6pAKAiIiIiIiIiIiIiMg6pAKAiIiIiIiIiIiIiMg6pAKAiIiIiIiIiIiIiMg6pAKAiIiIiIiIiIiIiMg6pALANebmm2/m3Llzax3GunXu3DluvvnmtQ5DRERERERERERE5LKpAHCNeeihh3j22WdVBFgF586d48c//jEPPvjgWociIiIiIiIiIiIictmK1joA+Xyam5tJp9P8xV/8Bb/+9a/XOpx15eabb+bBBx+kpaVlrUMRERERERERERERuWyW8fHx9FoHsVEUFxevdQgiso5MTEwA+t4iIiIiIlevdPZ/lnl3LmHbohdY2i5L/sbsfAgpS+b93GZLOvsGpFOZfalZcycsNpVCwXsVEVlHcvkIWX2JROKy29AIABERERERERG58iwUSODPn9FP5x+fe98CWCxztxdsgFlVgFyy3pK3q9DJSumLiMi1SwUAEREREREREVkVlqn/FZCeuy+9QAI/bZl1vCXvw1nbM83PaigNpNNY0imwWPM2WrO9+tN5p6exZKoLWjxRRESuaSoAiIiIiIiIiMjqSGfn1JnK0E+/n7bMrQykSWUS/YWaKtBKmukUfjr7X/77lql0fhqLxYIllQJSmUYsZI+fvkKmAJFfOLAxdbCIiMg1SAUAEREREREREVkdllyKfuYcPfkp9ly/++kj0wsOGpj7voVULqkPpEhl++5b8o6Y/ihtAYslk+zPXW+6zVTe9EK5MoMNERGRa5UKACIiIiIiIiKyCtKz/p2d1p/ent+jn7ye+7P7/VtywwMsaaYy+AXGBlgsufmBZm5PWyyk01aw5MYBpElhwZIrOuQtJ5C2ZBb8tcwXPjMLEiIiIlcjFQBERERE1sx5jv/1fl6+kL+tggef+hvu2wqcepbdP35nxhkVDz7F39y39UoGKSIrqcDXNbf/Gc89tpPC3xNu58+ee4ydVzDEq10ymcxM5ZKdPiY9a9HW/H0AqVRqznHpdBqr1Trj4/zzC71f6DpLOS7/mHQ6PRUPMCOGpcZxrUmn01hyfezTmd72mfu0YLFYSafSpNJpsFiwWS2kJpOZA622zGsJpFJgtWb78KfILPpLmnQq2yiW7Dam5/ZPpTObpuYJSmeS+1YrKZJYU1ZsFmumxz8WUqlJsEyvDZDOtZtOw6VL2DZtIpXKG5lgAYt1KasD6Ge9yIajn/VylbGMj4+rYH2FFBcXr3UIIrKOTExMAPreInLtKvTLf04Ft98O77xTcGfeHxAick0plBDIuf12bn/nHQrvzUsWyowEOhROlOcS6el0umBCfqECQqF2Cx23WAEglUpNbZ+9f76E/uzjcsde2wWAJJAinU6TnMwUQIqKNmG1WEml0plcv8UKFgvJVApLKg2pNKnJJMlkEtKZ53IpkeBSPE4ycYm0JTPH/6WJOJfiCVLZYyxMJ+WLioooKirCtmkTNpsNm82GtciKzbEJbJlu/jabFYvVStEmGxarlbQlRZIU6XQqO02QFVvaAskUFquVVCqV+fyzWrFardiKbHOmJJq5TrF+1otsOBvkZ30uHyGrL5FIXHYbGgEgIiIisgbOH3+Wly8U6uV3imd3/5h33qHgH/+nnt3Nj995iePnd14zfyCICMApnv3xOxTq5Xf++F+z/+V3eKfQH//nj/PX+1/m5ZdOcZ+SgUCm13x+Yj/3b6Ek+VIS54WS7vn75rtO/seFigize/fn5AoYucR+rr3Z29eLZDKJzWbDYgGbNQ0psOZm6E8DSUhemuSzz0b55LcjjP3uMxKfjfPp7z7FNE0mJiZIT05SZCsinUqRTqYoKirCarUymbiExWLFWlQ0NWWQxZr5N5kdSWCxWiGdG2UAaZuNSWsaK2kcDgd2ux3HZjslpdexuXQzpWXXc8ONZZTeUIrNnpv7PztiAQtFNhvYbBSa/Gf2TEH6Wb9y5ivUzWc9fQ3JtUQ/6+XqpAKAiIiIyBV3nlP9F6DiQR6b85f9Th577s949ll4rMAfADsfepCKd16m/9R57lNWQOTacaqfTK5v7hD/rff9DU/xLKd2PjY32bf1Ph66/WV+/E4/p9ip6QGAyclJIJPgyxUDUqnUjMJA7i2XVM//N/d+Mpmc0W4uwZjbnjs/lUpNTRlUqEf/pk2bpmKZ/S8w9XHuLbd9doLSZrNNXWs99PzPsVmKSE1mn6HFitVq49L4JBOfjWOOfMpvh3/L6KejjI+NMf5ZnPT4JayTQCqNzWalzHYdm0o2YUmDzWLBbssk/61WK0U2G6k0FJqcP79wc+nSJRKXEqSSKeKXJpm4FCeZTBFPmpiX4iTTKZKWFGkrFBVvouyLN7LlS5Xc+IUb2VxaTNEmK0bZDdiLi7EW2SCVIpVOU2SxFlwXIEM/6y/X7Gm7liK/QLcevn7kGqOf9XKVUgFARERW1OxfzfVrt0gh5zl3Abh9K4X/rN/JY4/Nc+rWzDnvnDsP85wtIlef8+fPAxXcMs+X7db7HuO+ec7deksFvHOe8/qyBzJTu1y6dIlEIkEqlWJycnJqeHwueZ5MZqaPyU3Dk9+zP7+nfU6hXv+543LJ5snJyTkJRYvFMnWN2W/5hQCr1ZrtBW+ZatNms2WmqMlNT5NXKMiP61pPYiZTKSwWK/GJcS6ev8j56BCJz+KkkiksabBb7RTbi7n+C9djc1qxT9qwJiART3ApkSB1aTLz+iVT2CwWbFYrqWSK9KVUZlSBxTK9DjDT0/Ck05nRAFaLDYd1E2lHCVZLZjWCZCqFlcyBlyYTTKaSJC1JEiRhkxX7dZtxJG1M/G6MxMQ4bIJPR0dJk6akpIQtlVuxOxyL3Pk1/LN+vlz7VfapuJz5rK+yW1i2haYkk7Wjn/VytVIBQEREVlyazB/XttzQ99njoUU2vK3cUgHvLKeXz/nznAcq5vvLQkSuSlu3bgXeWVaP3vOZLCJb9WUPwPj4Z4yNjTE+Pp7tMQ+p1CTptAWrxZJdCza77Gw6k4CGXILMgs02c5Z2SJNOW6beB8tUUSE32gCgtLQ0L8mWXWCWNEVF1rz2pnsfTxUjptYsSGXns09n16zNFgvITI9TXLwZu91OcXExRUWbptq5pqUhdSnFuf/+Pr86/SvGPxuj/AvlfKHsRkpLSim2O3BscmDFSnIySTKRpCidmRcomYLkpTTpSTLz8KetmSmDyPS8t1gyc/JbsJK2Zvalp5fuzf5Cml1YOJXOLuCbxmq1YE1OjyApYhMpaxFpa5pLlhQWRxEl1xkYZTdg22xnsiiJdbMVu93O8Ce/5dNPP+WGsrKCBYCZn1nX8s/61OKHMGuKq/xP1WX8zp+mcEJ/+kvAkl30efrAtGXuOda8F2F2GLn1oOdsXIbZ30WWZEV6SuU9qRnfH/K/Dy3T5z49//NkWU9k3dHPerlaqQAgIiIrLPNLaZpJ0ukiLOk0JFOks390X+29U/JHkafJ/GGRz5r3i+3Vfi/y/7P3rsGWXNd932/tvbvP694778GAIACCAB/iC6AIi9TLsmSRgmhGtijJsa3YslMqU2RSlThfXUWVlA+pivNJTsiwKimpYjmKFFu0LUVFS5YjRTIfEh+ASAokSIIkHgPMAzP3eR7de++VD7u7T587dx4EB4OZ4f5VnblnzunTp08/d//XWv91M3OKR977IB/98GP89see56FrvkF4no996KOc4UHe/x1sCZDJ3JI89F5+8o7H+OhHf5tHH7nUGuCyPPohPvwY3PGT7/2OswRos9/7TX+9r7iw+QLPPPM0rnCMBiWDQUnKATdYsRhjSf7ygrGGWhVjbDevEEOyb3GWEGL6pDWNoG8gQl0ru7u7nDt7Hh8Co9GIu+8eMBg4rDUYKzhnuwqE4XDIYlFRuEHKeG++rywLdvZ2GA4GTOcLCmOI4lH1aEyBB19H5vMF0+mM9bUN7n7lPUzW1lARrNhbSlLbH7DQoJz/6vN89t9/kuFoxIOvfSPHjh9HjEGMNI1203aJKFEiXgNCQA2opGoOIxZRi1EFEQxLe58ogAoaI8YIYoTgA8aCCPiYLJ3EGqJq0+A3BQPwPg34rAUVonocaR/yUZEQKYoSEw1xEZmUE4jKoBy2PzjNu7WGWvn1t/C1XvoNJw/qZdFP8mmEX1WQJvDVVN/YcggokdiNoaOm8XQkBeesMZjmCF7UTfBMFI2REJQYIvNFZOuicv7cLs8++wJnn9tia3uGqmILwZUlx48fYzweU5Yl6xsDhiOhLEsmI2FQCkUJ5QCMhajCoBCcBSUFDo2lCQSmXg9B025hrYCA0eaXmibIAISe/q2a7husOXiNdeJ/+uEpVGUNYtIaEkkJVHVdAzAYjFENqMbGNiyFL0S195fVkhekWcgDzhp6uW25byK5lqCjdn9j99wAtnvL3EonrutJvtZnblJyACCTyWQy1x9VLAYJHoKCDykPrx2Q3sTJbN1YVemayaU3BIxBnTSN3w78VCZz7XQ3nVOstwAAIABJREFUCB/iYw/98jU1+Vs2E8w3B5nMrcdSDPzwhx69pOnnwSybCb43B/06vvGNb/Doo5/l4sUXQCNrkxGDsuTwxgaDsmQ0GFGWI4blkLIscaMBYiQ1jrUWZy1iDcELxlqMNUm8U5Ams3w8Khm94g5OnTwJknz+ow+IE1Q9xEAInhgD0ddUVaRa1CwWc3ztiQqLqsKIYTqfUs3nzKoZvl5QVXvM5nvMpjOm0znzecViUbO+dphXveo+Dh06xNr6OsY4NOqtPcxQGLoBd6wdQwpLnAWqvYpyVGLKIgm/osvcYU3BGDXt+o1YayAKqpEoBitC0EjUiHE2ibYKxtokNceIWEk2P0ZxzhE1EkKkHYSm7zQYWwBNE2cjGAzeRxaLijgzRCISAs5bikGBFYOIbdRerr5tbtlrfTvWlZ7I36PdWO1fNV2yT/B1GjNbh49JYEcsHggBfJ0e093A7t4eW1s7bG/tcHFrl4s7FRe2PC+88AJbW1tsbm5y/vwL7O1UzKaB6V6gnlvqWhgONpqAngeUGEIXgCpKsI3aVTiHs46idGA8roTxZERZFJRlwWQyxrn0fDweMZ6MKQqHiDKZDBmNUzXOoHCMR47RyDEYWJwzlKVJ8ynKZOflLGXpGI0GFNZircE5oSyWy2MMFNZQFGk3CjU4ZxtLKosr0/cFbbeD7QUampso0a4apqt2kfYo0oN3yy5IcMmGTP8eJPxf9p5NQBqLtP6BcLkyjlv5HPYtk6/1mZuTHADIZDKZzHUlieaGGGv85g5PP/oF6s1NECWKUijYmzgA0NEFAKQZDwu1tbz6x38EM2qbAGZvo8y3wyke+eX38+T7PsxHf/FDnPrIVbKEHv0Qv/jRyzUTzGQytwQPfYBf+skP8osf/TAf/Ngv8ctXPJaf52Mf/PBlmwl+J2MkXZuj98zne2y+cJbp3i4aI86kKgBVEJKYb8uUCm6spSxLiqLAFikYMChLikGJsZaiKBgOhxTGITisdRgsUZOo7KxDJbBYTKkWc3z01HVFtVgAwqLy1HVIacAmZZFHTZm+RuDchXPU1Zy6mqGastrLwYjhaMSgHBFHAY2xeZCsa27mrIlrRFUZjUYEgWqxoKoqxEEdQxpPWdDYCLixEepVU5WAsxgB9cnmSYhYW2CNQYNPWdQiqEoTxEkZyRIV6yyYVAEQoxI0pP3D2iZLXYmaxFLvPXVVs9AaCgsDgYHFlo6icF2/hkBTsRDiNfZnuDWv9ZGie276u6D2KmQbwXiZC978tQV7c2V7GtjZ8pw9d5EzZ89y+vRpLly4yNkzm1w8XzHdg729FAibVQvm85pZNFRqqKuaEEPSq1VAHWAxOkJDQQwGig2MGOpQUdc1hrQ9fV0z1CFSQVVVhJD2M1cYfDQEDRgzJ5IqCIxtahPE4KwhxtBViZRFgXMWmgqGtp/HcCA4F4gaGZUDBsOSGD3GCOXANQ2qJQUkRwNGE48tZmnNOsfaeMjaZMRwNGQymjCZDBgMBowGQ8rCUZYD1tbXKIqC0WjA+toYIVUjjCbpHsUaGA97yf6aqhPQJoXpEv+jywcT++Y90qsSuLypj4K2QSKznPrWP11dH/K1PnMTIrPZLB+iN4jhcPhyL0Imk7mNmM/nwE16blFQX/PC57/Mb/33/yP1175JET2ikYHK6o3ETUbf9qf9a62l9p61u+/ip/7l/0Z5/PDLtnyZ25BHP8T7mqyf919OGLiWaTKZzC3C83zsg7/YZPheThi4lmlufy5nAfSZT/8Zn3/sc+zsbGGs4ozg63my1QkRX9XM53MW8wUhRLb3dqmqitr7ZSNgFFcUFEWRqgCMMBgOmYzHrK9tEIMmEV5StQBAvagIROpqTrWYETTgfY01gg+KEYcYx+HDR1hb3+D1r38D8/mMSOTo0SN88s8+SagrxqMhxoBgQZomwK5ETMEr7nwlDz30Vu48dTflcLC0lrlFbAcvsQDyyuZXzvHVzzyOKRzjtQlHThxHHPimR4IPNXWdHqGq0ZlHvDLfW7CYzjEIhZSMBkO89/i6Thn+2jZ6VurKozEyGAwYDIeoekII1N4jwGg0SpUFIQVYUgApEoNijU32Q0SiVYrJkPVjG0yOrFGMBrjhgGKYsruruGBzb5s7X3mKwWSM2KWN0RW5xa71szBF1BKjQ6NJ3vtKFwzzUZnPI1ubyoWLnudPb/P06TM88/SznD17lqeeeYYLWztsbcLe1OODb6pr2gQbCzRNr3FEATWC4ogmTaOtoKwmPY8GcGhIsvR4NEFDJHhP0IDEJv28tXdqMt6VtNwq2vyFpYWRWdl2Ykzah1WTmN6ktEvrrKPSJQEJim0bdxMxYkBi6vEBtP74KpCaTjRWVNp+e+zm0z4fFCXWWOaLOcYYDh3awJpUHRBCYDAUhkM4enSDql6wNl7jyOFDWGsYj8esra0xHg+ZTCaUpePQ4TVGo5KitJRlwdq6oyjAFckOKT0XnJXOOSg9l2WxgKb/S7ufS1oG70EDjIYQI8QQGZSm14BDLhdv+A7h9r/Wt3pE5qWnqqqrT3QVcgVAJpPJZF4SBKHwyuF5gGnNIFSIBBy3QAAAVpJYnLNUVc1ovmhuLjKZ68hDH+Aj7083/R9+34cuvem/iQSBTCZzPTjFI7/8S/DBX+SjH/1FPsj+m/5bWxC4EViEgXPUhSOqxxCxkqxebAlmMkDjmDQaMaiBqvZNFr9tvOBjY68jRCIaFLGGwlqigq89deWTDU3y4mBtUmKdxdgxRsAVyXKmcI6q8ljjiEE4cvQY6+vrHD+2wWwxQImcOnWSZ+48Qahr9vb2msxaS6QRBDVlrRsDrrEpMggxNlm9tzIxibSuKBgMBjjnEAdWknheREdRFATv0UEg2Jowr6nmNWINBsN8UXH6uefY3dvFuWTnsr2zw4WLL3QWQEVRcOTIEY4ePZr6M4TAxYsX2dy6iLWWwXDI2mTCobV1Dk3WKV2BoDhXII3PezARW5RYazuhN1UlBJBGSG6V0W9F3bzFrvXGlGztLvj0n3+Rp7++w/YLkQsXFzx3YYsXNrc5f/4CW5tbTOcV02nNdC+AOkSS7U1UJaigmkz326SaviTcVg2bZgdPorMkndwIEtuMHLPaa4CmygZFJRJNQKMSjHb3GEmoTiJ0I+HTGU31LI1EzWrGezTdDYD0bHfELBPohdRfJH2PSUEBFDGpD4JI24qazqqn7S3QLk8g2VC181dRjAjRpyCJGlJFzHRIrH2ywUIx00hZCs+d32Mxm2HtlMlkBx88wft0fjJCDB4kMhyW+FCleTYBVecctlCGw1QV4axjOBo02105dHgDkRTcGAwHjMdjRqMRAMPhgOFwhLNK4QyFEyalYTIylCPhe7/vjYyHkGpIbq3+JdeffK3P3FzkAEAmk8lkXhpUMBEGPiLBM4g1KvGmbwjVG4t3uBBRrTH41TcymevF5YSBm0wQyGQy14vLCQNZELgWjEiyhYmBUNeIS2KUaKDV/UQi2mTailjUBjBQlIK1Bq9g2uxda3AmifEak/2MMcPUFNYrQSOoYI3BFbZpAqqIhRA9g6JgOquwpmA2W6CxolpM2dm+QIgpY/qFc2CJ1KGisCbNO0YIqUeSqAMiEhSidkLz7ZBDq1HREJvEYKWua5xxSJGyrbX102/sF1MgRxiPxwzLIb6qOXfuWZ46/Qw7OztpvVhhb7pHHWomownOFEznc/Zme5w5f6bL6p7uTfG+oihLnHWsrU2wxnB44xCj8ZjgYydAJx04jfVCCPjaI4XFxAjYJtM7zTdGRWMj+l4rt9C1Pqhhd1f5yEd+m8986jRhsc6iHjI3jtBv2CAlRoaItQSvBK+UpkSb3l8iQty3jpYZ9ymbPnUOI2WaNyK7iYJG6cbl/cKSGBWVplE0obF9ik0wbznftEG1sRFqmjVrXLG6T+eKZW8vI409FOk8003XjP+XAYAmvBiXnvsGi5gUMFJJn1eNtEextMo+TW1AW+DQ/iuWQGp6PBwOwaaeF3MfKI3DWqGqa3AlwRvUFHhfE3eFEAyTtcOp14WPqfl5vYCqoCjWmgqbKjVNdmlf3toK2KZZedBp87sV4+ZpmYyhrqpUISXSWSlZYxiORoQYUV9TUjMaVJSjKf/iof+BwTD9riw2Qr7WZ24m8jGZyWQymZcGaQa7xhNtBAQbzYH9pW4m2syhlSoFa6jbBsC3/n145mZlRRj4IA8+CI89doabSRDIXH9CSJYAVVUxGKQMPBHBe4/tNRw3phENYlyx2NhvtyEi9O0M9r+/f9qDpmmzBE1jhdBO1363c66x3YipuWbzurWW+XxOWZbEGCmK4pLvzPRZFQbe9+SDPPjYYzxGFgRa+vY3ItIJxRIjxJQxW1iDNRHRSAw1RgzWJLFKQyAAhSmwrbKoHhScAISU/RtbC45GfBSB6JPAm4x6QMBIBA0YDLYJQEiMVHOPUSXUntIZop8znyUrkOl0xmQy4fzZPXxdYWkszWmazhqLahIdi9JircV7j3NFOv7MrZX+31o2teeENiu6tC6t/qgURYHaVkVuzjdNA1MfAkQl+CTseu/Z2d1la2srnVfKkq3tbTa3NwlENtbXEGsYjAZMp1PmdYXXyKKao6pUVZV820uHSEANbO/ugBHqGHBiUtNgY2gaRzR1IykYpD6gRQpSxJiE1eA93vvuvPwtcYtc64diMLHkwqZhczYh6gSkJGLTWF7TtgSIbVssEZwztI5d7XFr4qXzl8ZvRjRZxqTmystxdtf/tkvM6XLqgaaiwLjUKVdjYw9klp9vhX0BUe3Nd58PvrZmNTQBhOX7sW2mK0s7HDGpTwCkyqGo7XcZ1JkklMe6uVZaou67cWhXXvtflsEF29wkGSPUi7T/YlNTYVFFfepxEqqU7T8ajVBTIEBhhVCl+y0Rh0bBMSRWsKgUMFgZdgUUAEbKtOpU0zmotfgJ0lk1lTroppdmJahGpjPfrBNhYQ27e56NSZ2Sv5r12p43M/lan7k5uLVGE5lMJpO5tZAIRFSabDo1N/2D1OILwWDj8jUVIYjJA9nMS8tDH+Ajv/ST3MGZJAjc8ZP80k0kCGSuP20zyrIsgdSIshXO+oQQumBBK6q0In3/cZD435++/7jc++182szcftChFfdEpFvG9nP9oMWt4lf+8nOKR375I7z/QaARBB58/0eyIHBVlqYe9B7W2t5DMFZw1qAaIYb0UE3G1a2pORHTiHJGwEgjyGnrzx0bf+/0njOWQVlQlg7nDNbQmIukh0ZFo0eDp64qgvfEGLDWEX06jpfTJzFNJHYioEqyBlmVCW8N9p9T2nNIG7hpWq1203WSrvbtVdLwsUswb/72/tC6qWjSKpN/PK3Xu3be/3Vdp54BwRNioDVy70vJUXoCcFq47m9azqWdS/d7uqV/kVvoFrjWJ1sqgzLEM8BTEKUR2S/32C92t/M64NHf5leyBlVpA2arr3X7V2MbtNwpDLS2PtdwELUfjdL7rn2PJiqIK1Pz8DqE1Fia9LkIBNVuPmILjHPEKwTg049frgTTjAVgef00TcNqZ1orneVxVBRFGhOsfMdVts9VHqKms0Qymqy35MCHRdQu75FwqDpQh2uE/+90859Lydf6zMtPrgDIZDKZzPWnG93fmnRSglz1viGTuf6ceoRf/sgpPvQh+MAHbiY5IPNSoI1YVRRFl13fz7TvZ+dfTVTfn9F/rdNfLmjQz/4/aPp22jYw0Yr/rU1A5tp56AMf4Zc+9iEefegDZD3g6oghNdoUkse2oRH2V6YClcZ+o7cft9NJEtLa91b22QMqa/oy8Yqw3SqZ7esxElSIJmBtTE2ExTKZrGGMS9nC6pus20gS0Jbqt4q2rUP7VuW3LBojhCYR5DLnhXY9iibxX1UR1WTf1Gyh/ZVKUZpNLo3oHyOKNhYoAe99mjeAKCEGxAimyd5eof2v9rZjs59o1J7w376u+3eRb52b/VqvV64gu+5fp5qUdLmWa1f3odUtqcv3pPf8gAKEF7V8tffJfswug+RpedoqueT/316707Xw4N8Te8eDNFXTsbnmijFJkjcmjQ1iJPpkNxVDwDqHsQZf+xQ4iJqKH66hWcjl1u3lXr/WfaCN/SwbB+stf+56KcjX+szLSQ4AZDKZTCZzELL//j+PYjM3kof4wAde7mXI3Ahaq5wzZ87wu7/7uzz77LMAXQPK1mJifwZ++/xylj/9z14LSzFzKeC3r+3/nva1GGPy8naOxWLBxsYG73znO3nwwQe7oEDm2jn1yAd45OVeiFuEvk0HJtl2tIeBCsTGkZsmkx5tsoSBKCYJZZqmM5LCALqSvdweD/0AmO0aaSZxOSImpiagAASShpkEYhMjVVVjjAUVhoMRMSghaGrSaULqZaqpy2+yGqGxFNEUIBDaX3JLsD9o2LyIxtj9Bun9VXrVAOk/KUATFYJ2v12Azmulj/T+xFS1ISixqfSw1mCNJcZI9DWiEWJENXYZ3wdlephO/G8aRcdeQGBfVcO3xy1wrW+OnfRzl8cZsNr/oP/0WwwAt0dat057O0kXeDa9wPO+ipCr0Q88vdhgwMp1NqamvSv9OWS5bywWC5xbWugdFJTXGJEmUFBVVVcF2NphBdL8ZrMZhSsuWUdtY3KMSZZhYpdVREsVPgVIu0BDE2gTkN6ZJfY+s7Tjaq2BDl7Lya5JMCh1CAjJniv1xhAkBHD2wM9+p5Ov9ZmXixwAyGQymcxNTn/geZk7tW9jrtfUXE9vjyZ8mUzm5sOY5D/9q7/6q/zKr/wKZ8+exTmHMYayLCmKorPXaYX/tkKg/dsX79vXDrL66dO+t3/61v6nH3jYbzUEKUARQmA2m3Ve2CLCF77wBf7ZP/tnHDt27Aatwcx3Hk3Gv1HEKAS65pqpKsAgxiT//iYNuG3ECU3WeCfMpaxdI6CtwNjVDLQGL+3/mgxbAVVpvO1ba8CUuqytTKcGxGCMpSiHlOWIjY0jOFc0Wb6NmExEG+FOTSPE0Yr/2gQoVjXRW4X23BPj8lxlGp/3vpAcBfpeLe2/QrKG6SzTe6exg/pJdVurmXFRFAwGJcYIs9mMEHyzHKt9VPavWG2y+7UT/S89z/YrAm7b8WGTjb8asnnpfms/I/7qJPH5SmUYKfD3ElYwHHhQ9gL12itBOOjjqt31/6DpVoNpuvJ666HUfl6MNEGJfcGXlQNl3/1Ub/V1lUa6OrXu+6TSNlDeFyz1gYDft7pv0+Mik7mFyQGATCaTydwUtPcZ/fFnuu9Y3vml/LHWN9esDE4bF4D0+auMObvsHwGJVxicy/LrxbQ3qZlMJnN9ERGeeOIJtre3sdYyGo2YTCYcP36csiy7jELfNJ6sqip5XLf+1t53PQL6wYH+/C/3ve10q97pFuccRVF0z51zDIdDnHNYazv/4d3dXU6fPs10OqUsS5555hm2t7c5efLkDVl3me9kGnufLrsVoodomjFDVEJssl2lp20pKatZmnR7aa7vveacaSyRPhSbz4soPgZs02QYsQTSMWfaEUxjwdEF30SwzmKNYTAcgDHdYCfNXtKgZF+ibLKaeYlX3w0g6ZS9LGKh+eERcGm8FvelcysQD7AeucIKSWPH5fttj5LxeExRJFu1xSJirU1BzIMiCAfNN2paVKCrw2jHhX1z+ttxfCjLzfWyfL25/Bd31T7pf5ed7oYdQp3wfo3f2FbUtecuVgX/g6r6ui/a970hBsqiJHh/wMaSS14ybaCzqTJINUuN/ZZI2q/bjU8TlJSmX0rjuXXJt0g6j1ljMdJ85y3WvDyT+U4gBwAymUwm87ITgWDAasr2Cs3I0ihEUdIQNeKlRCSV1RcqqBi8TcNtq2BjuqeLzc286dX5Rlne7wWb5m2vME5PrrzNvZ0qQQQzKG6dOvxMJnNLUdc11loWiwVFUXDvvfdy5MgRiqKgrmsWiwWLxYL5fN49bwMAi8WCqqoOFP37Wav7aV9vGxGrKkVR4JxjMBgwGAxWnpdlyWAwYDgcMhgM8N6zt7fHdDrtKgHaRsC5B0DmerDfUqZf+ZKqTkzK4g+KMTZZvkjKmsckecsAPjbWFyY1Bk7WQMmjuxwMQIQYA8YKhbFoY2EVWj9+Y7BiKKztGtR67zGDgkgg1AEjBjQkjV/Ax5roFZ0HymHB1vYFisIynXqsSaq/bfummlS1YEWIIQUUrAjGFnRuRzfpIZXW7DIjPjZBkhhCEgQR5tM5Ygt8SCsvaNN4WWiylwWMIRBRIwQUjOA1Is42zVV1WaHUerDH5O1fBc94bcKinhNjxBYm2ZOVjt29HY4dO8J4fBdnzj6HGLDWEEKNMWOiDzhrCXWNdRYjFjGNRVRM6n6ymEqDy0IKnDdoHTEY2lbSrR99N0y8Xc6B2jaJlcYO6DKWMFcQ7K84e00pQCv9ZnrzOqi3TZs0vz/wc23fd4VA0re5zVZ76DQVe733230jeE/frt8Y053TAHZ3dxmPxmgIrI0nzKZTxBhmsz0ma2u9yiSwRhBRus4h2v4O050y9gcnYnNnlW6UPESfKqZiQawd5WCEirCo91AbUTyIYtQcWPEyn89ZWx9QDpc/StvKnjb2d7scD5nMLUwOANxA5vP5y70ImUwmc1PSZv63pd6xGT8aTYNUkSYwYFLGlVWIKgQFn5JRWrtYoJcRJNLNq2huFoIsgwEmNl69VyEJEFevLMhkMpkXQ180sNYyHA67RyvO13W9KpDsE0X221P0p7nW779SsABYsQFqqwJijAyHQ4qiSFYE+SY/cwNY3U9TdWB6tM9Xpm7+9q0xkiDmnGvEdcGYJMzVYYFTQQWCSBMESDYXpVicsZRFiYqgIVJVFfjIwBWdNZZqAAHnDEKkquedDY11gqhBNTYCpiwzyknjnU40O+DX3Kx0jjENnRTY9VI4oPkuCtK2PF6+rcvk6JXCgJVzXNucN0asTd/mm8CNcQ6tKs6dO0tZODY2NgClqmpoxPyDxnTtd0i3zNJVY0R62yY22Sb7S1G7udwm58GVldSO1m8irpB1fyMbGLff1+2zvecHkQIcSmz31162fNu82lhDiJEQPGIuzeQ/eJ77X7zs0tKkXwGCEUfhHE4t0/kuGjxRA4VTavGtIRdNG+x9bkLKeG1CHXfZ2Z31Dli96XaXTOY7nRwAyGQymczLjrDM1g8C8yLdDyowKyxWFaewMOm5jeDGE4Ixqccfy+x+39yfKLDrFwA4r4y9EAzMXZp27BUJ2lUZHER3C6fcPplcmUzmpqUNABRFQVEUXbZry+WE/WsV8C9H//P9KoKDposxdtMYYyiKgrIsu0DF/qbEmcxLwX5P9mtB5NJjJ8bIdDrFx2QP09r5SAQfI5V61AjGWhwQoseqspAZag3RwmyxwCBsrK1TFmXjyW2wNvXyiE0Ab7FYdEGydin6Htw3WrB8SZCDHfE7B6BeKcOKJRPLTG5tRPV+o93+uulv++X5SJos6tStwbUZ1SJM96Y88cQTTCYTCldChBAuc57rJ5KsbA9tU6u7HhJp2W4jsf8mQqNe1QLo5Vj/rW3e/h450CxzY+Wlbe8wPdjfX8QQoyfEiHOuqx4JMaJNUN3XNdYYvE8ifXeuaJ6Ya7EcutLqkRQEELUYdRA8a2vwpu+6lzvuPMLOdIu/ePzLnNucIjoGHa4GvPrf0QXictPfTOZmJgcAbiDD4fDlXoRMJnMbcTtVFUWgdmkMWVv4yX/yj/n62XN84jf/Da986M288Qe+jz/51V/jvf/w53nqubP82W/9JrNC+Gv/4O9w5K1vxIxH+G+e5j/8H7/ByXtO8Vd+9j/Hz2aY0vLNP/gT/vw3fgc1jtf9Zz/C6//Be/mD/+mfc/Fzj+N8bPLR+jeCy9GtLi0wl4GATCaTuc70G/YCK+IWsCK6X05c7zcEfjHsF/evdbq+GLdfpMuBgMxLxXJ/0y7b9krNWMX0RWjpsv53d3fZ3t4mKJRl2TW0HpdrTNbXObaxhikKvK/wizmznT3EB0ajMYPRgBe2NlnMF6DKqBxQuKJZwPQnhIA0jTr7/TmstNnUt9fAom850rRX6KyB2imW57qlbdCq0N82100sE4ovVR5TBYASNYmypXWpR4pP0y4WFTFEYpwzLMskth7gi96fZ/NlXVCmC5C2y9Ce72K8Lfo0XJbutxmSDdCN3WdvpoBYmyckAFGxVgiND1E6/zQVPWJpm0xbUvBP2h4XYroDRCA1KlclNNZ5g8GAGEJnrxdDwA6GVFWVguzGoGUJpGADVnDOEeqKqqqwzhLaIDyKUd+c+NranFRmHTU1NKdWrBlSWoNzc9728D38/M+/i1ffN6EYKFWARRT+6T/9l3z2M+eYzUaIVrTb34fQnTM7O8Hs+5/J3NTkIzSTyWQyNxQ96CF05dW1gVkB0aVgwLQwxMKysI65M0RjCDh2dxb83m//Do9//FPUO1N+59d/k+efPUtx+CjfeOppfu1//Qj/5qMf5dhb3sqhE6fYcpZTD9zH5hNf46G//teZWUe0Re82pr9Eq8sLXGu/uEwmk3lRHCSW919rrXcuFyzY/7z9/7VwrRUA7ff2l2P/PPqZkZnMS8Uy6HTtn1k5xprn3nti1KbhtWM6nbG5uc323ozN7Slnz13k2efOcP6FiyyqgMEgGE6eOMn9972ajfV1RoMBw7LEOrts/tv0F1g9DpqgWJOV27cLQV988O7mYl8F0DJtuVfB1L6372//I/2s/5XPNue//XY0TcZ1u18Yk7zKRdJ5U6NirO2dww7OVO5E//2va/95ajDdBitub/rr+KWwADp4HbYBof4Uq1MK8YYcMwfNPwn++4lNILIrTODS/abtQaIaMSJNw1zBOtdd4+u6pq5rhsNR9/tiDIgRrHXE0CYDQNRUUVSWZff66mER0m9Qln9THACLoPUM4SJv/yt380/+u3dz//0TxuOIc0o58IwGkf/2v/kJ3vxlmfLGAAAgAElEQVSmOxkUNTRtgyH1DhIg+OVrV1xtmUzmZScHADKZTCZzQ1G59AHgND2EpgmwpM54KgbFEMUSmztmUcPEDdCtGeVuDRdnzM9uYReR+azi6PgwD7/+Qd76xofYff4sF6sZ82NjZGODT//+H3PywQc5eupUml9aKi57E9Jb7szNy+0hnGS+U2lFKWvtZUX+a8nO/3a5WgVBX9Bsl60NCOwPUIRwgCiQyVx3vrVz/0ofDQzWOIxJx12MivcBVWF3d8rFzS2eP3OWb37jaZ599nkuXtgiBmU6mxN8anBbzRedF32MceUY2W+JdWkVT+8Y/zbXws3CgUOlXqDmQAugdrJVt//mo5eK8dJ0f20tnUQkNe7VpuJCpLFVSU2CAQwGZ123ja6FyzZPZ1l5ksce3w7JggZCZ0fTPkSSp72KHBgAaA+hl77K7KB7g9aOZ9l4t3unvXavNEsWUNs4SAnGCLGpEmg/46zFOddZ6Y0nE2bzWVqCdrrmfBFjWPm+rkeQFVT6x4uCBIQaI3MsCywVlhqLx1LhzB53njL8wi+8k1fc5RgOI87BoBBKqxTO86pXrfO3/ubDDId7bevgNPf2fNYG/dtlyodEJnPTkgMAmUwmk3nZaT38RUExUA4QsfhaibMqNfu1hrkGVAzgMAhliJQLD1aQUOMXC4brYw6fPMbr77+f+1/1ama+YtsEHv4bP4Ic2+COV5yEnQvc/Zp7mVfT3hJc/pIYs/h/Q9hvJXLQoxVBY4wEH1ZsFTKZW5HWU7gV/9vs1fY9YCUwsH9fb4X3g46Db1Uc6bKXL2PrY5sM2j77j81WwEhWG5nMt08rpLfirg++2xfbTFxrbSdEtZ/pP9p9uy8AJz9+C7Te8RbU4OuIdY4QlNlswXw+Zzqdsbu7l2wvimR7QRP8asVguLRRtrbe3iFQVfXSOiuuyJnp3/3WOKrLSoFbZBwSmyzj5JOe0qG12WZJlAfVRjik37hUu6z/NqhYVdVKYLGua2wjlELKrm77j7TrZ1AMUjPlNhlaBfWpwkODogEMFm2CNl0Wc7Nv7beR6lchhBCa5bFYa6nqeqV5a+ZFIgAeTIVIjYhvhGZFMGBsetzIRdLU8DkZHylIRE0EUUQsoelSLSZgywLjCsrhkCgeUcFqARFEW2s+SfMkIqoUzq0EBmOMLBaLbp8M3qemvM2+LmKYzmbNOctgjFDXns2LmwQVjCvxGlHrUQJK2qfHI0NZbHPk+A4n7piztj7F6CYlc0zYw8Q93v2ud/CmN6xRlhFjIyEota+bZbZI8Hz/991PDJsrlqkigvcea0w69woYl3sAZDI3M3lknslkMpkbyuVk2ja/xQV45i+e4M63vJm/8jffzX0PPMDO2fPYnQUb4hi89n4e/okfw809n/zDP0CrBUznaAiUzlLOK77+qUf509/8V9zxuvt48KHv5tTGId70wBt4/vOP47anfO1P/hP3vOmNPP9Hfwa7s2te1twH4NujvZFu/UJbMaYlWTGsZlPtzyxuhVAAsQffqGff8Uwmk7m9ucTuCkWuEAhe6UmhdAKwdDYcrZCbBPhBUXJxaxsfa5yzeO9ZLObJa1uVqvaEEFGkSUyIKxU7zROcS+KYQbrm3j7UTZZsP+NdllZA9F6+RUnroBfM6HzQu39ScCP9s297ylIIjRHvPSLCYDCgrusUfOmsUZbBhBBi934IgcIVaIjEEBpbllUboS6oChTOpWlZ7V0i/WXdb3nWs6nJfCv0fXFSKbAYMDGJ7UYiagIQUSlAS5IU31YJ3MhFbUMA0jnoGAHRGmMrsAHVXQSHkQJiQdQIUqPqQVr//fTZ4FN1wzVVFYukxrrGIIBzafxrrEn2QUZwbh0xhoWvcYXrMpasnXPHK0re/j0P8K4fe5B77z1GYSx7u4HP/vnj/PH/+ym+8vg3KcsBb3jD3cwrEImAQUWAgEaHYBDxrI3hgVffw198fjv9llTO0B0TVTWnGBbMZ5e/p8pkMi8/OQCQyWQymRuONha4ppd1HyVl3AwCfOU/fpJzZ87jjqzz+Y9/AvvcBSbTwCf+7e/BqWPM9nY54h1O4KuPP84zzz2Ha24Sv/nJz1EOHmeyt+DcXzzOF567wHiv4uO//q85+7UnMTEwKyJ333U3sfbY7qbiMqXesnw3y8ovnvl8zmw2Y29vj93d3S4Dsw0GqCqLxeLA0vy+hcJ4PO4yokajERsbG4zH45QVaB02Zx9lMi8b+/sCZDIvFX0/eWmMt/uNY6/MspmpMYZOkZNG7FMoC0fpDAYH1lBXqflliBFiEpprH5o+RtKIZv0FbBtzk7y5Tcra7fzojaDaNlS9NHCw2jj31uaSaqKuomFfEL/3e1fskpqqqH51QGMQ1E1njUV0aUdWVRWL2XyZcKApu99a2y1T+z1t1VUIsau66GiDFCsv9qpL8ujwRdJua5PuBWISmkUqjJkjJqLGgo5QNUQd8vKs56ZCWC2CYAgYqUDmwB6Fi0zWxgRvmE8F1QlIAFOhxFTVjAECqim7Pp1mZKVi6cBvltRo2DmXsuvF4pxBFWazGaPxkOAVCanyLvqIEYdIxca652d/9q/xrh97C4fWoSgizkI1N9xz94P84A/ey+/9zqf41Mf/ghPHR1TzyGDUnAtpgxapysHgqGZQ2FXpcBmwU6xzeL+gLIrrvP4zmcz1JAcAMplMJnNjkZgSVMQQYyqxFTW4piuVVYgv7HHh449R2ZgysyIYFZ5/8kl48klshFjDSGD3qeeYffMMI9LgOJ4+zwIoVFEHF3e+iVOhOn+R9QgWZVAbLn7pqd5FsL0JX5KG6723Mwey314Bkti/s7PD+fPn2d3dZW9vD1XFe09d112pfUtd18zn8y7jr291spKJt09gcc5RliWuKZOeTCYcOXKEw4cPMxqNGI/HlzQk3W+hksXKTOb6kMX/zI1kKSi32bVXE8sj2vhya198FJesfzAY4zDGIVrhqzlr4yF79Yx5XTEYOMrC4QqDVJEQA3UMTZ+i1RFE9x1iG0FZu4z15bJKZ50lYpLfOZdafLVZx7fKodUZ+qiCMel3x9jzPG8qLg4YWEkyW2n+s7RFKgcDfNNotKoqqqoCoCwHnSd5jK1Fj2MytoxHI+TwYQSYTafM53PqOk1rxVAWRVeF2D93tRZMK+ezXq+BvkXajWlCezvSD6hYUAvUjCZQljXveeSv8r3f9zCf/+Lj/Mvf+F3mC9Dg0iduuONSW5+c7kMMHjF7jMdzfuhH3shP/e0f5S1vOsnuDnzi41/j13/tdzl7bo86WLZ3atACY9IZIjX/VQpXsKhrYqgpmv2wv/+FEJJ9z3hMvagYDAZYa/A+2YgZ06w/heFgmKpegieGGtUFKjPe8F338e4ff4ijhx3WRBQPEQZNb4w77zjKf/GzP8o9rzzB+toAZyQlRIkSCKycJY3gSlYSdNqA3HI1KdYZfKwPXIsr/YxCBElj/6qqcM51FcD9v2VZMhqNGI1G2Work7lO5ABAJpPJZF4WlKZRlKabZ9v4Y4pqyrr3go2g0uZ5KaPaYBVcExCIgFFlENLMolEkNn67zXuBdBNq1OKiUiiUARYKoU3+hybzD/rlxQYIjb7Q9ijILJlOp+zt7TGdTtne3mZra4sLFy4wnU6ZzWbMpjOmsynT6ZSqqgghsFgsUvl+Q1+YH41GqeQ/hKWvLzQ3P+n5/goBYwxFUWCMoSxL1tfXKYqCsiyZTCYcPnyYjY0N1tfXGY/HjEYjBoNBFiozmevMfluNTOal5GChPPau5ZdOv9/CpUu4j8nwuy/y7u1tc+rOO7hj/SRVqJktZsz3pqmBpzEETUEANYKSsvpbWyGgs5ZJmbtNM9Pm+6y1TZZ/m3GeLIikybhN87hNxOVWMI+xJymuNjhHaYIgaV1EjZRFwe7ejJ2tXeazBZubW2xvb2OMwVrLZDxmvD7BSyTGwKgccfzocY4dPcrJE8cZj8d4XyOAb5IM9vb2OPP889R1xQsvvEDtPevDNdbHEw6tH2IyGmOdI+pqk9XmZ/RCFtr9psy3w7ISB50xGHr+4T/6Md7zyDsoC8Ob3vL9hLDLr//6H1F5i3GDXoCp+WQvCPjSoCDJVx8MyJyynPIzf++H+IX3vZMjhyxG4ORhuOe99/P93/ML/Nq/+Pd87GOfY2dngVgHKCp1E2hMFEWBsabXV8KwqCq0CUitr693djrtuSqEQIy+G/NGjUn4jymppjAWjcKodHzv29/CkcOCMx4jBg22sUiLze+A0ajgh3/4uxkMBWMgNu/vT4mqas/5szVPn36WKGtdr45rXoO9PkGqyt7eHt57RsNRc5z6bozfP0dvbaVjXkRYW1tjNBp19wZ5nJHJvDhyACCTyWQyN4y+220Qwds0+JdmuFlExUWYWUNtAYSyuZ8Pqik3rPHkqQ345t7BAN4kQX9Sp+FrbVL+ShAlNkloFgOxcRHtqrxNM40iClZf2luJ24ULFy7wxBNPsLW1RVVVnbXPxYsXuXDhAufOnePs2bNcuHCB8+fPM51OO2/efqZT29DPOUdRFN1NQP95/0aj3yOgFXTaLKHJZMKhQ4c4cuQIR48e5eTJk53wv7GxQVEU3fsnTpzg0KFDl4hCmUzmxZOPpcyNYlkB0PMFV3qe25cKVAeLVjEFDpp5tZZCwdecP3eOcrpLFKWua8qiQDU2wltIdkA0XxdXM8KFdj4BKQxoxIeK2lfNskRi1KWnuJGeT30bnLh5AwBLKX+JXPJ+80qk57SYghyxGbvFxktfRLBiCASiKufPneepJ7/BuTPn2dudMp8vsLbgrlfcxe7eHhe3NxGBQVMFWJgka1RVxd7ulMW8wocqVRXEiPc1s/mU+XzGfD5nUaXH+XCG9ckGG2sbnDx+ghMnToA1q+PALpgjS8OfJnDRNnnOvDhSYo3HFjN+4K++kUf+xltYX5uCnwOOn3nv9/H5x77Mpz9zgYiDTkS/gWM3acedHmSXt77tVfz9n/thDm8oIxMQNWitOJRX3ev4hz/317m4PeUP//DzLBaK97qMIDUHTgieEKXLpE9Ns1O/kKjKbDbDWdf0r0jnJZP+6cTvrqG5gjMGWxQQAs5F7jhxDGsVJyRroGi6ey3tEp2EsiA1yl62KkhBUJUuiOkjfOZzT7CodKV5wbWOn9vpptMpm5ubXZJPURQMGeLssiFyP0HIGMNisWCxWLC7u9sF/44cOcLaZI3hcHhZ2888ts9kDiYHADKZTCZz42j99AUqC2uvvov7X/8G1sZrfPPsc3zl0cc4MZzwure9FSkLWEzZ/MZpLmxvct8bX4sPgS/8p0/zirUjnHjgHh597DGOHDrC69/0JsqTh/nGs0/z1B//OeuHj3DH6+/nsU/8KePJGq9/w5s5/8TXqfbmjO48yanvfh1nv/402499nUKUY/e8gu2w4MLpZxl6KEI/qyuXnR7EV7/6Vb70pS9x7NixlbL4nZ0dzp49y1NPPcXFixfZ3t5mb2+Pqqqo67oT8C+XPXQ5y5+Dnrc3A23G//r6eheImE6nKzdIMUZGoxFbW1t86Utf4sSJE7zzne/s+glkMjcD1toV+6v9llVwZZF9/7TXO4O4f1Pd9+Nu/9+378pkrid9H3ntfNuXFi2qijWpGW8S09rreMq0t2IJMUDbTF4ENCJGEVGMBlQ9IVT4WFMYS+2VandKHZK39cZkkjJljWKsQUPERoPzBrUGYsAag689xhYQBGMtEkAlsLezDbEm+BnGFhhn0RBRArGpZJToiE3zUNv8Po1L3/CbgV7IBUNTIUkKZESUoCDWEOq0fjQkgdSSKh2CRmjFTCwYQX0ALCrKmXMv8PRTT7O1vcPOfEoVaigs23u7XHj8C8lKUCPeR9bX1zl58gQhep47c5ovfXkTwXD06DGMMUz3donBI6JNQEApnMU5wVeKiGMoY7Zmu9RnA8Wg5OjhI53vkpSOIMvAkLUWE8EiWG0a12pKKkmVDe0aylwNgyIEjNQ4t8vf/Tt/g/FIQXdwEjDqOLo+4Ed++A189tHfQ3VAjMPm0/2+Gdf/uGj7f4EgahFRkAVBd/iZ9/4orzo5YOAUiQFBUUnBPNXIvfeM+cfv+3H+5P/7U4K3+HoIOsZYwFVEDRQu9ZyQRnmPKqnZrwhGFWMtaFM9pMpivmAwHLJYNA2uiwJrHYtqgStcqp6t9ijLGsyUrd3zwN14D0TBoZ3BVldFgRJN86pqY8Fl2kOz66giavjEx7/C9sUCVw6IWELw3RigKAtEFVsqRUETHBNUI0KyQZvNZpw+fZq6rhkMBsQYWVtbI2pMaWAHjBva8VAbCPDe473nzJkzXQ+w++67r5t+MBgAdLZemUzmUrKqkclkMpmXAUMQw7v+0c9x/K1vYc8qb3jvT3D01XczvvcOXvdzf5fBK08xPHkH8xgx62Ne89Pv5c3v+y85/uDr0HtO8Lqffg+zk+u8+e//NMXr72HbKW9+5F1M7jrB0e96gLe960exkzHDE0e49z0/RnHsEBdYcOodD3LXTz3C69/7bvZGhm08d37PWxm89lUEMYjmQeO3Q1mWDAYDBoPBS+bZub+cuP3b70fQllS3pcJZmMxkMpnbmZ4Tv2n+9nz7tMkYttZinUVM39NFm4ZEEWOT53VAqBW8j4Q6En1AY2q2KdY01xvBGkvhHKKNGC4gYhExK9fA9FVJLRZZBtI6q6BOUm/S5Tt/ouu+om4ASZSVRmqQ2G6Ktl+DaRKJm/a63eZK1/OgkXIwYLK+xmR9nfH6Gm5QogaqUFOHVEnorEUUQh2SjROkxqqy7K+QxgeNXZNGoobGziWCeCCiEokS05rv2dOnTRRXXms3yDIQxS26jV5umjCSeJAFf/UH38YrXrGBs4IhYvBY9Uhc8Kp77mB9vexl4q+01LgBS2pTI2KJHD084YFXH8VoshntjmsiQkztPuqaO0+O+OEffAepw4gizNG4icgOVmbEeoprsvqNGkwvoCEizb4Vm3FrGuMuFgtEbDo/BU9VLbpxbVVVuLJs+ogMePRzX2V3C1DTiPlX6pJyqZ1au9NH4PEvP8vXvnYaZMhiUScxPgTKRnCfzeZUVZWWY7FYnVWzoba2ttjZ2el6ffUf3ypVVbG5ucnTTz/NH/zBH/D4449z/vx5qqq6pEo4j/kzmVVyACCTyWQyN5z2fsmORlS7e2xe2OSL/8+/58L5F9CiQKd7bF/cYveZM2yfPY/Wir5wgSc//gle98g7WZxcR4+usekifjIgxprzp5/niT/6U3Z8xVwV1FKUJbG0RAdbEnB3HOXQW9/Iv/3V/53CwuS+O5kPHIuRY14aIulGNFkE5UHj1bjUT3nZ6Ldt9tsX6dvp2pvy/Y++iN+fZ//5tVQOtFUBRVF09kJts+D2tRX/4Uwmk8nc2jQirVymwaw2Cn0KBifLnfZOWEx6X0RwzqVprEEk5ShHTfKeSpImjSuw5QDrCox16X3tdxCiq3iEpelGe7mRpk/BQUmq3bWJGytyXi/6Hu2dA1DUq/6WtqluOx5oxw9tAL+1Smmv2c45Cue6LGF6/Rtaj/4QQmP/E4ghrow/Lr/8/f2nHwloxwzL7RKuMq/MlVBSrMZjTcXbv/ctTMaWvhwsCqV13HniBCePHd93QNzgg6PZFYblkMOHpNslDloKZ+D4Icc7vvt7cBqxTHHmLGsbm7z6/oIHHphw5IjHmh0McxCPkGxIY0zVMSvVskrXHFhEqGtPXXsWi6oLGDjn8EGIfojGI3zu02d47LNnqSrBh/lViiR6USw1RBVUTVcG8ZdfeIqzZy9SlkUzjk7nSF/X0NhwCrC9vYPdV1UbGgujixcvrhzP/eScldV8jZZCbU+x7e1tHn30UX7/93+fP/2TP+Xpp59esRHKZDKr5Lr3TCaTydxwVCAK/F8f/jBv//4f4C1vfpDyda+F/3OBjzWydoijx44xxrK9fpStuoaofOr3/wN/779+P7vf9RrwFTqt+Oy//nd8z3e/jbe+4+2M772b5849T5gMWDjD+d0t1tZLQunwThidOsbauOD0U8/y9TNnWH/9A3zpi3+JGw+QkaMyyl6oKFCGxmZf1yswnU67gXtVVcQQO9Hfe39Jhj5wyd/99O1Fljfyl3p59psstg3UWtqbjf3TrjQMuwVFlUwmk8ks6TfsFRHQZGAhIohpPKx7V3FjUsPNul4AEdM2kjT0dN4kSqpEkLLx9o8pA1gsigFxIJE6KAvvqYJS+7BM2G9FatWlwq+rgr5IW5G2tAanJ2I3M6K9WJlbys5C0BQuWa7/bzVNvhc8aBugttUbad01wrsuG48bEZarSVENxAhRY9MkFZB2XHL1HMgUSGJlTNIuT/u3DTBkXhwiBtRz9PiY1zxwFxpTRUb3Pil4trG+wZ13voIvP/lk77NCiDd+MJe8+xurqxibxrpLjDbVRBHuveswoTrDqZN38Lf//t/kXe9+mKPHC4YFPHd6xr/6v/8Tv/lb/w5fH2G+OMTm1jbra2sY2wbNYhNkSsL/cDDEWEFVcK6gHIzZ290leM/a2hqLRUBiAWbI2ecv8Fu/8Qle+8C7OXFiiMaIMawehgL7g6XpMDGpaXnTg+2P/uNnuHhhlxgNYifQ2BU559jb2+PQoXUWNQxHQ4RV8V1Vu/5fwIo1Z1e1awSavtv7AwAr53hWk4FiU5FVVRWz2YzPPfo5nvz6k7z2ta/l4Ycf7hJ/MpnMknxEZDKZTOaGIb37YYAff897+Nznv8hnPvkZ3rX200zW1zj//HMEH/ncZx7FnDnDeDZnsD4GYPrceb78F1/g3re9GQlw56GjPPyO7+ULn/40m5/5FD/0t97DK0/dwbMXdpBhwV333cvxe+5iNB4R5gte8doHCEXBz/3U32F44iQ7ozW+dOQQ87rmxJ2nqB64l3JnysVnTxN98nbNXJn2Zjg2JcpJYKk7v//9dj3XWpK7Pxhwpena7/XeU1UV8/mc2WzGbDZjsVgwGAwIPgUK6rrGB7+SXZi9QjOZTOY2oBWL0n9W3uqyv1UxISSrmNYWoxGlWpugGCOYmAR/NSCGGAUfk2gZY2C+WLA3nSdhyxiMcU1Wq0VMSF7aSWHrxP9Gzk/LeZXf0S7zLUsr4kvqYXD13yKdz74x0mUIp+0WOv/vGEOXCU2U7jUx9oAeKMskBGOa4I4ma5XLBiTa3ivN8+XLl26xGAJR80DxW6Jd7dJ6tQcOHxpz5HCJULXNFLpJUxPagLWXBm2WFjk3ZMkB2Nre5slvbPGq+zaIGrGds36zTAIx1DirHDpc8TN/++389N/9Ke7/rsNEkv1XYYRX3TPiv/rAj/K2t93Nr/zPv8dffrFiMh5hrWmSWyJF4XDWEhqbnxBjz34sMp/Psc6hqkynU8py1BxrQBzy6T/7Jv/LP/99fv4f/wD33nMI2vF3r8roIIwIATAGvvHUDl/9yhmiFhTDAb5ufmcj7I/HY6azKa5wRE29vpYI+w+b/fcCL+Ycd6Ux++7uLl/84hc5e/Ysr3nNa7j77rvZ2NjIgYBMpiEfCZlMJpO54QiKUeXprzzJ29/yVurXzqlmU5756tcY+Ej1l1/lhx5+GLu7w/Of/SJff+5Zdr70FY6L4+t//HFOHT/K7s4UeWGL+f/P3psHS5Lc932fX2ZWVXe/Y+7FzuJYgNhdAAsQB0GAAEhCFgFSAIiFSUA2KYqmTMKULFm2FQpfclAh20FJ4SsUVjBMhx2mQhIdJkiRJkiaAI8FTVxLYHEujsUewC72np3zXd1dVZn58x9Z1V2vp98cwLw5dusz8WL6rMquyqzK/B3f38Ym7/nRH2NzZ5N6Y8yzX3+Incrz5IMP8t53vQfyjBP3fhn/zGkO3Qlf/J3f58RXH+DQkSO89i0/wKFixNYTT3HHG17Nne/+Mc488RSf+5OPoac2r/Vhuq5ZVmy0a4hvDewXS7e/UnT323UAVFWVZIl8DcJMoqhP2+/p6el5DtFE0s/kYNBdFq72mm9skvdRSNHbHWNSVG2K2CpGDGJsU6jWITY5AsraIwguKyiKAVleIGJwJsPaLGUWhLY4dtLQblRpZgbxWXubN+Z1ALoSQDew8Z/dxsVL+SVz4/9uWZDkpJ8XGu9m+YmRmQFYZ4b4ZXtuswbn+7qcFE9p0jQWMxFjjLPaAz2XgKYRIU1h7uArBnnk0PqQ1RWHaDmrz6ApqQdjLJWvmzF79Y/1Qnw/Va186lNf5Ed/9CVEbzDdjIXWGSFQhwm3vmyNv/N3/20O33QAm0eqqsaaHCJYhZUBvP0H72C8A//tP/kI587VRI24plg2KtjMIEFmjqYkZUVTAyOjqivyLKMsS+qqxNkMNR41BmcP8ad//FVOn36S977v9fzgW9/AoUPZrLgvSeAMMQaNqSgzRAKg0RAFPvzhTzKeWGw2wIdUsLjzg2eDKssypj45Bdq0JknV2Xcdn+7j9u87dQIsyxaAdK0/ceIEk8mEU6dOceedd3Ls2LHeCdDTQ+8A6Onp6em5BmRBWY3KQ3/wJzyodwMGFcVoxKN85L/7xwAYIi6mCfin/+WHcArlqQ0+dv8/RxTWgAc+9GEeYD5JdxEygS/+n7/OfRrT62pYU3jgD+8mGCgi7Dxzjnu+9i0yhG//0cd55E/+HBvBaMQpuNiXybkQ7UK8q1PaSgAtRv23tBP9xQn/xSb/ixJALYuawN3PdhcCu4sB6qyYmqruW6Hinp7LpVusGuZ92Vp7Xj2Ma0G3DXvJYrQGvD6rpudK0tV9h93a67ukIUjR+1a0MQqn0pdGBGvdLK1PxKKajPNZlnPw4GE2Nrc4c/ocOzs7eB8w6lEJrAyHrKyMZhHomxsbxBhxLufJJ5/k7NmzrKyscHB9hSw3xJAMatY5gkqT+SiI1ZmEDZhZ+2AuAaR0/BGdYd5RxLnuiRqT88QatAKJii5I881VjnRm+N8t89F+ri3d6KUAACAASURBVJX4mV9XjEnHOIRADJ48y2evKykD0TQSS+l403xfiNE3cxSHNYZpVVHkgyYquo1In8sOddsgdNqi7f5ajXadOQl6lhHxtWIR8kywMsWyg0RDboSbDh4isyAyRWRKJKDRNBL0yuraGja71mYrA2qJYY3P/MW3OHNGOHTIpqj82WeaUrsCiKUYOfJRgWpNqAWLQUJMxbFbWSsn/NAP3cH3ff9n+Ow9zzLeSgVFClcQ1QOCsRYNSuYc2zubrK6uNuMpXdtq7xmORmxvbQNCUTjUwsTXSFzjM/du8vFP/i5v+YGH+Lt/96d55atyXAZGAi7zWJMjTqjrAFSApQo5J08afuff3IP3a2T5EJtnbGxskTtLkRfUdSoIPBwWjMfb4HRWGHh2RDrrge5r3ynnBR9FXTo3McYwnU557LHHOHfuHLfffjt33HEHRVH085Oe5zXX+kra09PT0/NcZo85lijkquQRIIA2USXSiEA2ETWKEJttGL30tVXeRLHMmK2eFyeditHdz1sWpTJ7FujoHc9eWpDt+W5SfL8TWiPAstf3YnHR0NNzvdAumhfH0uU4z64Ey+py9PRca/ZyiM0zALrP2/GUJhJWDSEGJmVJWZU4m6cMshgpigEug/GkJqJMUMrSEGNNHA2xCEeOHGUwKCjHU6wxCE1dnDI5F1CLiEfFkGVZyjrQpN0dNRW7tXuMpVYuv1sz4IZDO9MumcsfpcD7C4Tfd86p7nrc/Uh6Yq3FSKspnvT+W4dCO99L+v/pTxr5HySSFNwv/+B223JDyzNdZWrvcVIzGsLrX/ty7rzjGPV0h/s+/xCPP/YYmakxRJR6piGvkmbxGgNlXVNWVeOcucqNF0glwJMDwGVrfPPhE3zpy0/ytrfdgrOKdANPBFCbouy7qSZJUwqlibRv+qgB1tYNx27KMALW5AQPMXryIm/6rM4cTlmWk2UZVVXjWyksVWIIrK2tMZ2W6dphBFvkGM1B13HZTXztG1v8p3/vf+Zd73oDd931Om67/TguN5Q+EILHWsUIRE3Ol099+itsb1ucHVGVgXK8iXM5IoaqrqmriizL2N7ewbjdEq+0WU/7cUouQR60S1mWPPjAg0ynU2677TYOHDhwntOxp+f5Qu8A6Onp6enZF7rRbRf4VPpP9vqcXrLR/4I0E/ie754LGV2ul8n09dSWnp4rQbc/dx0CLVfaGLVYYHXZWOrHV8+15EJZMSlaW2eR25CMkGXlwQgyyFGEEOCxx55ibW2duvZMpiWDwRDnLNYE1ldWOHr0MCsrK4RYIyjjnTG3HL+ZPMs5WZ9kOo2cOnUSX21TDHLWDx5iOFwj+howhBibYpSW2GQpiLlQtHgTRXxDG5h3S+40E0LOs/03Ed7C8p+7bJ7RvtQaRNuaDVGb66PpOh4iqgElojrXXlosKHq5lkqdewEu63vPS1RxBEajive+9038/N94D0cPZWhteOShZ/nQh34bY7cRSkTnklyNvZwYoaxKptOSa59ikTJKlIJ7Pv153vLWF86yduZiUwJiksOgufp0i3jvKkxO+p4VUG/wpcHgCALGQogeY9PnvQ+IRLIsY2dnB5dlxBDInEvZg9YmLX5rZ+OqCnWz/DE4kyM6pKoDv/f7n+Wz936Vd7zz+7jrfW/lphcUuNwSjUcRVDM2tiru/fw3MG6ArwXjHMM8ZS+F2hO8xznXOE0L6jCd/8ZmnF9ojnC5Rvy9vn+x11qss5w8eRLvPS//npdz8OBBnHPJOdvPZXqeR/QOgJ6enp6e/UGXL6lEL11yRbiAb+Cy6I3/VwpVbSIlwywlv10Mt9H3rZRJ+3wvnc5lLGqEtv/vNdm/VGP/YgS1qs5Sh/vJf8/1yqLhf5m8zn5KA10og6cr/9XTc7W5cIZZJ1IbRTCMxyWb22NijKysBKwzlFXNTTfdTJblnNvYpCy3mEw2CcFTFAVnT59ma/Mca2sjVlaGFHnGdFry6CMPY7HUVaCqaqbTKaP1gqxIcjRJLiggYgllldpiCnKSMdAY08xtzm/7XLpo/v6NdodKP02TrJHQ6Je3sf/zYr+tRvjcCC97Xs/m0h4CmuT/QojNPXxeIyA9n2+jle0RMR05oN3X0dkxX8g2WPxVi86CPU5hT4uCIZAXJa95zVF+6t/9AQ4f3sZoQGzObXes8bf/zge4556PA2OEiKoBifOaGEaYTqecOXfm2t9r1OC9UtfKF77wEKdPTbn55mT9N40TQMw8zyV9Z/mmrCVJVSmcOAVPPu4JPsPXBjUBY6EqS2L0ZFlGiKkugrU5zjkEQaPiQ8Aai4UkRWWS0zGqUtZVaosKNQEhYsWhOuSxJzy/9i8+xR//yf38tb/+Tt71469gbd1S1WOm05KHHjrBV7/yKL62RBWyLGNj6zRFNsRaC5pkQLMsw/uqM9b2XuNdK8lNQWbFiTc3N3ngwQc4fvw4x48fZzgY9k6AnucVvQOgp6enp+fKo43hvp9PPafoLsxbaZIuXWfAhRZq+2Gw3MsQ1E/qe25kuuPsQhJAV9ow0q2Xseyv+34I4eIb7Om5wux1zU9yL4o08i+ookSMOMBS157pdEqW58SgVJVnOq2JEQ4eOESe5+RFzspoxNrqiEOHDjBaGeB9yWRnTFmWhBAwWEQN02lFVdVkI4sxMB5POX3qFNZlOJcDQp7nnbGjs2D45b+rqZ1zQWP09UsrSdIRAUrXi/Z5G57f/tcNpl+4nu3lBIixqQEQdabbL83r6fzPdcBFzMwJoG1Y+QX2cTG0sfpfc2P0DYPH2S1+4n138ZIXrWLYSBI4xuOywJFjlre9/XU4F5uDa3d9uz2nk/Hk2jR/Rmpb8JHoDU89eYbHn3iGF9x8vBOptHtUp8j/3dFQ7ahI/nOlqmoefugpnnjsFMIIVUGjJ2ggyxyhkbbK8zylDADb29tkWYaIYmyOGKGqKpxzeO+p65o8y2iLiyc5JQ9N8WVjBpQ+4OyAp56e8Ku/+rvc8xe38p73vpk3v+klYCxf/dozPHNiE2NvRsjxvkIQjDWEkKL/tZFNEyP4ypMj112h3cUC3jFGptMpTz31FCEEbjl+C6OVUVMvpF8v9Dz3ub5GaE9PT0/PcwwLJO1bEFQisxnsdcKy3IDuFNAAoZmx98u9TtRe+3hJMdDF4r/L2K/FczcKqVsM7FIkTXp6rida47qIzApuLxrm93Pf3X0te9xmAHSL+/X0XG12j4NkcNOmS2qEGNM9IYaAwWCNQ8RixCEOptOKnfEY1dZQL1hjGRQFeZ5T157Tp8+h6rHGkOcFeeaIdXIeHDq0QjEYkA8sNjM8e+I0VXkCxDTj18z05lPmWSCGgJwXDdveQ2W3zXAftbT3g12m/7btmn7QYoafNJroyzIA9qI1/s+iiQWiarulmZMF2ns/oDJTIdIY0/vKrPzUfJ+LfQloCrbOzg/pHAkGou7yZ3SPwZKXn3808psvvmXED3z/7VgqRFPtLY0RZYdiUHDzzQeJssOyIxd8JAaYTCqM5MRrMhaa8SsR4xyhzpiWyiOPPMEbv/8W0kqiWefQSo+1/VMWthMa0StLQDm7GfiN3/hTzp4aY+0BRNr3QcRgmutHXuRUdcVgUMxqIYhR6qoiz3OC94ixSQKozbURk9ZdkqSw0EgEoliMzfFaE3yk3hQ+8fFv8eUvf5u3ve1O3v2eH+aeT30d1QLEYq1lOk16/xpTPYJ2DHrvcU4YjUbUusXO9s5VOie76QYgtc8X1yfd17z3nDp1CoBbbrmF0XCEdb0ToOe5T+8A6Onp6en57liefY9qhAgSLIU6iBVlqIDLS7W8XCPXlZi8iYKLYNtd546AYCQ8r1d0rXFduXAk8jKj4eJr+9W+y9FFF9M7AnquH9r+2mpae++XOgC6jgCYR0h2t/HdsujQm0fczvcTQtg1rs+X1ejltXq+e7rjYvY4xdDOouVVGx35psjvfBg0YtRKMjyGgGiYRYV6DQSNlL6ebbuqKsrphJ3tDargmVaBSeUx1nJwfY0X3nSEm44cpp6WTKeTVCZYBIMnaqCsfIq4DRExDmtTdUxRxYgiBIg1xgygawAXg5CyBrQxWBvbqIQvszJfhyjgY8SITdHPnmQb9XFXodT2XMYY0xk6zymfHCVo6Ej6pP+ts/gYwApiIYoihpThoQaiYFySGQrBM5cI0jQn1VTMVXFkWQEiVN6TZ5LOUyNZJFjwSqwiNs+JVYBCiNYQ64AJqfir+kCgCW3xKRshmCQ9ZUVugLO2vwiRN7z2lawUYLQGCYhajFgUiL5CjEnSTpCKOGjWeGsCqgNOnjjHeNMBxfJ9SCuRRwp357v3mcnC//M3IvlohXMbwr1feJIfe3fk4CiS5Rk+KNoa8NVixTbSM4aiyFEJGBvZ2Z4wHKxz6lnhH/7Df80nP/UIyAuTW8CBrwPB16gYikFOWVV47zHGcvbsWVZWVpNBH8jyHI1J+sfadn7eOBjbhBtNNVCyPIOg5FkBUTE2wzICETbOngZy/p/f/gIf/ejXiQEyd4AsK9gaj5v5smVre4s8SxlSvq7RGMmyAVE8MdrkJFAgzucAbVDOsmt5V46zfX4xWgcEtPJilz73aduS5znGGDY2NgA4fvw46+vrS7fVz2N6nkv0DoCenp6enn0jiFBaQ+kyMlMQnEOkvfVcWiaAXma4T5v6/V2h4BRsE0W4NZ0QTcaKK7gRFuH7js6jfhcNfpe8iYVInSvSrM7i4kL0k/me65Vu32yN7q0DoPvXdXZdCaP/YvTcsm22Rv/FdrT/X+i39PRcabqZXa3hVkxr/RdoinCmLEQwKjOpGNsa3qPuygLsjgMfko5/rRCwIBmKw0dDVGmKZRqCRkKMOBOI6omz+1CSn9Em+r3934h2RE6kjRlOhmkhRQ43AfHppzTvX42DehkY5nHPwCxLUqS1wXbmBpeZJbTskiYz+/DuLD4xgppUWLl7lOaXn+51DVIhV5ucLKTGprLLYWZInvlcoDk36bzMHKOSAkWkdXDI7l3dQAkbV4Xv/77Xk4kiOpeLm98fFCQ0J6cZs9I47oDMDnnmmUeoqiY75jJYvK9dLufdw6QVsrLUDPn6155me2PMsfU16qpEnKAmNPr8EARsnqMYKhUMlp0d4dFHJnz5Cw/wu7/zWR568DST8Ro+1ihbWGcYjQqMLah9jbUO78dYYxEDRTFoAgAgdu7Bw+EQawxVXdLWstA2FQrFWofgCKGmjlVycolgFAaDIYcO30Q5KcmLguDBGYNGYVpVs+uSiLK+tj4fzyLkRcH29g7YgM1jd+Bd2jHt8N2eqwvNQxazALqOiclkMssGWF1dvWa1Cnp6rga9A6Cnp6enZ38wirewWTh2LEymE85tbqXFtrYL84sTL3NCaL5Lo1NspX4EjIKJcHB9nVGRkw1XQezFNvGcp80AmD1fiPK/mDzJfmQALGYgdF/bNdmXzsS+X6X3XKe00bGtA2Ax8v9qyAC17VgmAdRmA7TGh5n2dkd2q6fnaiGt1vYF5hVzo3HzGU0R3HvRytK0xWPbaP305jySNLTjVAOReJ7xenGcziTqOu2WmfF83r62DsCNx4JeotLUPbjwb2kdJOe91t1yY+Sb3+M7nxE5z/iYPt+e+/lrbZpIu0uNynIfReOJmT1mVvhXVYkhziKQe/bmhcdvSXPzPftA2+/b92PjCLM4N+DEMyfxvgIzuCZz8Hk2mzaa+qm9j3/7DI88POXlLz6EWAjUKKaRAYogDo2QW9jYVj732Qf5sz/9El/9ytM8+q1z1OUA6w6mhQYkqR5RfKiQmDpsXXuGgxVi9MmBaAXva5zLkqOhmR9Mp1Occ8QYmsyo3UbxLMuopiWDvCDGgGjKmMidQUxga2uHUAWGK6tJ1icrqHyJ975NqkBVmE4nOGuT1r8q3nsGg4JJPaauK6qyvKrnBZY7FS4k/bkrm6y5Hk+nU06fPo2qsrq6el62Uksf2NBzo9M7AHp6enp69gUxlqlEnjGeT33rfrarLba1ZpwS4C99O5e53yuxXFZS5jqkeKTDmyscWT3AO1/9SqKzzCsHdIwJzwNm0W9xXvizKxGyn/I+y+gaQZdlIiyVINLYMR6c/92enmvFsjoarbTOomPrajgC9nLsdR0BrXNiWRv6cdWzn+zq+82fygXGgch584PWZdA1PUIT4d1oaMvM+NVxcjUGZWsNPkaiKiFGkizR3PnV3l9U2yK4MJsztJHmjYFpbpyaf/dyAyCuC5qD2W15jGHPydmio2PxmrZo5IvN/CM5GecOgW4QfvdoNyUVsM1jsQaxpglkaNsXZ9mmy3MtIrNaAZ22xhguO0v1+YjpSD4Z28mIaZSZ0pRamuLdKRsDAM1BDY8//mSSxrlGx7o7PpNcV8ocqcuMT3/iG/zQD9yMMRE1FjFDoq3AGkJ0TMbCH/3h1/it3/pTHrj/CQhDYlwjhiPE4JpMmkCIFaOVFablhBg7UetNxotzGTs7KUMgyzIAptOSvMgZDoYzh6VKkurZFfEOFFmGRRiPd1hbWcMVjp3xWc7unMJay5HDt1COBR9KxFh2phNC8Bg3X+ckWbOUbVPWFdEHbDsOYyRKU39DNWXW6K4coSvCeTKDnG/cX3y8eA1Z5hSw1qKqlGXJYDDAWjurvwCtHNv+ZC/39FxNegdAT09PT88+0Czc8oyvPPskD5TbTAmUYqiBqO2E8uKTp8uN6L9SC2YVCBKJAqdizWjzLEefOUGUVlrg+Uc3+m6vDICrTRuNvMwJcKE2Xej9flLfczVZ1g+7kfWLUfbXyvC/WIOgNYa2zsD2u91t9GOpZ79YvAdJq5mzR5eLxFkMd5S0CDYdc2/rBGi3aoxBNM6NlbNA8/TJGHUW2R5jwCSdoYX2dY3+CzoxnW3JgnNCWX5duBFoC/vSCBcpTQbARcIzVJWu/2Yx0xDaOchuh2P38a7rjew2+NFsz9pkHNXYzGciqJF5MfO9LlltP+jInyRHx413jq42p0+f5rbvOTozRl8UUdCIIJSl5+zZc0QCKvGahNzowuhM2TpQ+cC9X/gK0+nbWR1ZfBR8KWxPDQ8/corP/MWD/PFH7+WbD57GcBCNx4lq0GhQBJNDWXucMxgcVV3NHP4igrEG6xy1rzE2Y7SygjFKluVMpxMOHDyQslBiE5ADMw9iNx8qxsiZ02ew1lLVFXk2QTVnbb3gzd/7Wl75yleiccAzj5/hs/d+hdOnt3B2gMtTm5xLJkNjDYUtGI/HDAYDiqKgrmum0ymra2tMa48x1VU6K4numN/rcZe9rqnL1g+ROHMwXCjboKfnRqJ3APT09PT07A9W2KimPPjs05w0gQqTjOcRkMsxoMuu//Zkts6+MosxoxAwqMAYqGLgWydPzBeJz2eEixr39ttI2eViGQjd1xeNBYtRQD0915JulKGqNoX/zL7XALgQy5wAbTsWHQCLn+/HVc9+sevaLZI0qmc1AM4nkgIEdOH7u/TeZR6QrKQI/Nj0ZSOCtUl+JIZICB7vPT4Egg+4bL6v1P9T1oBzLqnTsPv980fG+fehWcT5DTSOZg6AjgVS9cLZgbNr2a4X99j+EiPfXvfxbnaFdpwsyeHSZgDIEokinf9JU2SUVKw0faljyO7t/xfl2ZMngRdgTUY7ulKV2It0bTWUpXLq9Dl8jNd0GOzuM03zMDz8rUd5+Fsn+d7X3MzJk54///R9/Nkn7ue++57i7JltRIbEeBPWrlJWFcYKamowUwJgswwfI9ZZqmpKnuezPlXXNT7UWOeYTHaw1lHXHmsteV7gfZIFCjHM+75RkNaZZjAaQQIuBxSOHjnCubPPEmPB67//Ffzcz/8ILhNOPL2NkYofv/kv8Zsf+gNqH6mDYpzrZDIpPtSp0C+Kr2sgyQuV5TTJF/nLyfHu6em52vQOgJ6enp6efUKY1jXTAJWmlOyoKarn0iPoO4n5l1z868qsxmK7qWYuGwW2qwnxxlmH7xtd418bGbkYmQxXzwmwGJV8oaj/np7rla6sDoD3fpcUUNcIv5eR/Tsteth1ii3bZrd9rfzGXIaDXVk4rfZuT8+VpGuESjrXnf4vAhppFSeSxr4So2CNxYqQ5zlipsmIHzX13RCIIRB9SMb/dlwxN/zrzDicjL8hJhmMqEm7H1Wcc6h66N7rBIwYYoxY6zDWpH2177eZA8aiCj5GNEZCSFHO6XvJ4aBRk3PjRmIxpYLdEjqy4BXR2GQMNNcZ75MQo2sMkMBM9qeNSBYRqqqJmhbAmpTd0Vx/gkbEGGIM2MYBYLMM4xyhqhFM46dQjHG7I9QlxaqkdirGpOwDazLUxxSZXZY33nm5Bnz1/of4yfe9pXFmKUIFUjXBQEtcYQqpVphhe9uztREQGSX9/6swjRN2O5qsmdcdsLMAJgEzZFIHfvP3HuRPP/kUf/zRj/PwN0+hcRVkADJKDiQNyVguhoBvUoxN+vmqKXEoBgwCURFjqOuavMjxoaawlrKMWKPJ+K4gooQQqaoSI8L2ZMyxo0cxFja2TrI6WCNMIiHucOjYAB9LYr3CeHuTlbWCqNt835tu54knHuZl33MThw7Duc0nefWdryMrIMsHlFXEZY5yMp0fmyYzoSgKpjtjxEi6hpHmA6PRaJbwlOo47HMAkJ6fFXneX1T2yqDszquWOWAVxfa133qeQ/QOgJ6enp6efUDa4J7GYC6IKhaIYi7DQNU1RF3ad/bHyKupsFe/zpuxV3TvXpPr/WYvHfILtkfoDZU915xlkauLi9K9jP/tZ7/b/S/bxoUcD8set9vqbrenZz9YLg2z6wMzCRmNAZWmWG/rOIgRDcngvlfSoDWGICbpkkvcI1OscT60kehI87QpOD8bW8vvg7oYKr/kNzbfvpTDcl2gS37PLuGXmUSJNnZCmfkJhGTkt87uci5673dlQLXXRWmMsd3z3+qmQzMv6FZfaM5HCGHWFwgRojTb3S1VlLbZRqzvbv/s/Rvn1FwjLJ//3Dd44qkNbn6Bw7kUnW5UkvTS0ttE6hmKcOb0JtNSEJOjcf/kN/fKLNndKmkM2+25t1TViA/99qcxEqnKyCC7mbq0aLRgdoAKpAYt0cYgnrZjIRpSseC0feeSodkHn+R1fIVxqUBtnudNf1c2NzcYjVYwVsiyDGMMh4cDqromF8fqcIVQTjl8cJ3bX/ECXnrbKg8/8jhfu+8MKyuHCTpBMHz70Ue4+fhL2dra4ejRdQ4cLAgRRCJbW9u4bMhkMpk5PUSEoiioqorpdIoYg69rqiqQD5OGfnJaPrfu/SEGLBZj++CGnhuf56eIcU9PT0/P/nOF5kgXjey4KobmTiZCzwzpLOSvlqH/UrlYn+gaLPsJfc/1RNewvyy7ZTFqbT/GXnebF9p3twbHYvt7evaLi3axzjU9Nn0VGlX65ppvRFINgHZbC8mGbTaL6UgFXWi/7edm9xOZ319U6WQS7NrdLMp093vtNeDGkxxsf0+3/MHSw9Yx2KeMjd3XvO41aFlm0eL1cff1SgkXmAOEEGYZB61zQlXnhYVps1UvcH1dcH72LEexPHNiypfve4TSayOzZYlkxD1MUaJmZmw/cfIkk3K6mExyTWgzWNL/hqgG7w3lBOrKYSTDOMWHEoiY9ncQwIwRUyKkDB/RuSFu3s8hqscawfuq6fNmV18HGAyGZFlGVZZ47xmPxwiCxTDdKSnMkAMrBW/6/hfzX//S+/mv/sH7+Ht//6/z4hcfxfsSiyM3B/jKFx8BHVFPR3zh3sf5kR/5QR595AnybIWiGFCW5Xn9u83MyfOcLMsYjUasra0jWETsrETGc4V2/M8chj09Nzi9A6Cnp6enp+cS6Cd+e9M1CF4PLI2WjsuNlz091xN7Gf+7BYH3MpLtVzsW99ltUytT1I+lnv1imdH3Qobxxejd3UUc51IyIkIrQHJeFsBMu34xyCBe2ArZZjzK3LDcaofHhXEqC/vYRSurF2/Eecf5v6U9X0trHLR0HCZzvXWdGeatTVkBZonkjogkKZ7mr3WgtLH7IQTq4AmaSkEng54SY6rn0GYYqC62cW6Yne2n03ZtMgx69kbV4MOQP//klyjrjEkF0eZEyZbXbWhGTjsmH3r4YUKjkX89yC3NuqwoeZ7hsowsG1FOa6pqTNANTL5FYINiaHCZAzGoKCqxqSkRF7bZkeCLu6X9nHNkeUYIHohsbm7gnCPGQJblrK+vU+Q5sZHlHLocrUuOHjJ88Bfewu23FwStedlLD7C6YlBfI9FST5THvnWWX/lnH+YTH3sUrY7zv/3KH/C7v/0JpjsZxmSsrq6S58VCWwVjHFXpqcqazc0dTp86TVXXyQlhGtmfzrjfv3NxZcfe8nuNzrKG+nlOz3OBXgKop6enp+c653IneFd+gWAaDdk2279n98R7WRbG1XSYLC4il2WGxIUihBdqa58R0HMtWTS6A7PF58UyAq50O1qpjRhj0tlecAS0RYC7++6jYnv2mwv1rxSdOzcCt/dtHzwhRkzHuB7D+Qad1k2QbFi7pV/EmD2nGKoKsY0QbtvYRJU3xrB43j2n/Wz6W9QeTwpByyWCrntmHo7dDkJBZhJNba0DmuuLEYO6dMycc3gzj1VMhU/zVCSVtvh4J9Ojc01qNdtDCFRlSV3XJLtkqtcgzflJBuWk7d8aXY0IxoC0TiLTiNG0u+rWRLlIcePnPZrOt8lGfOnL3+SP7v4MP/ETbyEyJS+EGOqZDNSyub4CTz/zNDZzTKoag0l6+cDVGhOz+ytJFqwtNK6qTMttrIOIISsixtTU8SzFaEiscqo64L1grEOJ6Rqy0O5d906NM+mr5t2mbohHJI2B1dU1nLOEpNXDeDKe9UmjCqEG3eR1r7uD219xGKs1q7nj3GlP9IKzFmOEPM/I8yPsbCof+9N7+fM/+wxRlcweYHurAqv4GLDOYbrySAhlVbIyWiH6gLU21Wdw6vi2NwAAIABJREFUSh23mEwn+3k69p0LSZu2dY92n6OenhuL3gHQ09PT09NzEZLupu8Nw+w2tptGF3RxAXw9LohvhDb29LQsOgAWo+yXOdyuZJ9e3N55GTX7uO+enr24lL6WDMOahFw6xrtWBAgxjU6/Noaz7vaaKsJAY7pEJGLFYE0T3dq812qUt5udmemjQmyLac9aPovmXzQAzrWHZq6H9HmNyWh4nbJ4FtrnpqPsHyVJLGlorhVNcdCU4tDch9vzICkav64qqvGEyeY2O+c22Ty3hYiwsrJCrsKh0Rp17plMJ5TTirqs8NsTvBF8XWHqiDMgVaDemlBvTwm1R9s6nibHOEOoPVEiWJdqApiauFojkWRobrMKxKBWZroJXVOoNjUDotCUE0694AZ12ewTQhmEs9vKb/zWxyiGGT/8Q6/mwBpk4jAEpO3nKo1kVFtg2/DMs6dQDNY6NFzFVgugjVyPgSQH5UHBSKoLonYL42oGgyEve9ktvOx7jnH4sOHYTQcYbxn+9a/9Mcas4UOjiz8bAKaznyRvlZz8nizLZu9p46yMqngfsDZQlmManyIh+lQ3oBlnxghZBgcOCO/7ibexsuqxGIIanj1xms2NKdFDWY/JcoexOcELgQm1rwg+J89Laj9lUKxgxRFinMldGWNSUVxrU/afD1hrcFnGtBojVshcfvVO0j6zWB8phNbh0UuH9ty49A6Anp6enp59QWO7WD8/8vpG40bU4d1PqqrCe49zaRrRTdtfZK/XLqdPdNOhl6aMX6Tw6DI5k/2Kmu7p+U7ojqG2D3f19dvHdV3PHAHtOGoN84vf7xYPvhAXM/R329hGwJ0ns9IYMbq/pafnStCVx4AUBZteSgY1Uai9R4ioEaw1qAiqgYjiY9KsTjbcZMwSiUSjBBOpxaMGpDHyWsAahxGXDLw+IihGI9F7okbqCAGDGrAG1Ch+UpI5ixWXCg+nAF3qqoLRAGMsxrrUbB8xKjgDPkZqDYABCUStUBkQNaS5hzSGw+vMqtxVJ/LNcytgFQgV3hq8WPAepgEjhmhAJeIsZM6gWXK5BInEECmswfpI+ewm8cQW2daEwbkxviwp5Sy5tawMhgS1THxOiBZMgX1qk2AgM8oRzbBVxG5ucFiFg34FojZ+BoFtgxOD1YzRYMi0rDH5kPJcBWaHbOIxA0VtxKsCgcxkGKuIiRACqoLLR4huMg2BwkAWFTTiQ6RSoXDZ8gP3PCNikbhO5Yd8+/Et/sn/9GHeds/D/M0PfoBX3XoYYQMft7EuOV1QC1ohzrG9XXHqTEnQgmS26t7LdFddDW0yb5Lzb6+cguUtTN9v6ng0zitDk7UTPUqJdQHiFKjICsOxm9a541W38Jff+Xre/KY3cPy4YzA0GJscg76CT/5/n+GBb+wAq8ydhibtU7pCQDrzDagRog9EPHmW44wQ1aDGkDvHcHAQH2tUA6oBR7ofawjEusaNIne+5oW8+rUvQpkQxRB8zre++SR1qWxvTRiMVpDgccZTh5IjN1le9KIXc+YUPProaVZX15lUJT6kDIDMOGKIWGOxDpx1WGcpQ0mM4Os6taGRQGsdeoJJMllL5hW75u0mHYxZXbHFDN6F78bONveb7jxoPB4zHo9ZXV2lKIp+ntNzQ9I7AHp6enp6rnOulwnW9dKO64OLSf1cLcP6suKAi+2YTeD3aNKiQ6Kn52rTXdS2hn7vUzTg4lhblOFZlAe6HBmueZFSPe/5ssV2KwO0uI+6rmfOgUWnRE/PlaLbV2Ns5d2a/ihJmsP7gDGCEiC2shu0UQkoSh0DJgZC9On7ElE1jQExKcerpkhdg2BRnChGkia3WENUIQTFh0AMAWuyZDqMqQ1BFWMEay2IIaoSQjJ0x5DkNWAuIyOSahsIsckoaPXlz5cNua5IiktEESwgPqAhoE5Qm7T7pQYbk3yKUdA6oHWNZJaogUjEWodRgaAYHynEUpgMMRmVerQOQCCWYyJKHpOB0ZFhohBIbUCTE8IoiApiwdgmJ2Em4C9kGlnxGROvGGuZBqWYeOy4xhUeYwusyVCbYWzWnHthkGWUdUU5nWLVYsTiiYTgU1y3TVmj/bWPNG1WQY1ByZC4ws4Y/vwT3+Thh3+VD/7sX+GH3no7x44dQ3QHEyOi4KwlRsf2TmA6ASMDfFPQYX5fkz2n5V1D8gVpHYlNxkFyYYcmtydis4hoTZGXHD5kue22l/HGN97B699wB69+zYtYXYPBsLF3p6SWdMmxkcoJx44d4Rtf3268Ym0hiYXj07RDxCBNUE3la9bWVqirCm2KAIcQ2NnZISsc1iXHp8MRa49EJc9y8lzIsynvfMebGYzScY8o02nNV+/7OqdOP8yx4zdz60uPc+RYzmte+3Je85o7OfaCHGsq/tW//BKPPfZxvE+BB6OVFaqqJIS5FOC0nLK2ukZd1Z0fYqgqj8vbrKpLZzGY4Hphr0ClEAJlWZJlWbq29/TcYPQOgJ6enp6enkvkul6EXwd0DZOLkcP7zcX2oY3hZ1lkc2/877nWGGPI85yiKBgOh4xGIwaDAXmezxb/rfbsvBjm/Hn3tUXj+8X6d/dz7TaKosA5N9t2u9h1zs3+2lR4gOFwSFVVOOfI8xznXK+T27PvKI1wfufe7FwGTdHdQJLPkMZYH2PSdm++3Mj7LWxT2/tFU2xYmuwaA2K6RYgjIpp0wa3FaNIIjwi2yX601oFJTrXWATBzYGhSwVcxKXshaZ8QYzL9M3NI3GC0zhgkWUODYoIyUItVi8NSiCVTQ10GglZUVU099jDxlOfGhBhQK3gLtYFaQUOq26DSRFGLIWudO6Gt6ZCeB00ZCQaS4yfptkBTXBhNWRjOe3zwSMiIMbBT1zz05a9iBxmjYwc5+OJjDG4+yODwGsWhEfhIMSrIsGRq0QhZBNvWdRUw1mLor31zIkjZPFKMFEQPjz8x4b//5/83n773FfzVn/gR3vSaW7GmxmpNlmeM68DW5lnqGpAMjc19ahbJ8d07mJuctZRJRHK+iXgMFdbWiCl56UtewDv+8hv5obfdzmte9VIOHs4ZjmhkeRQtlWJgqT24NlEnGMY7cO50iXON86IrB7br/pze7N6HrbVUVYVts/oQXJs9FEAk9TFRsGIRGyF66nqbF9865I1vemlyeKkBUbYn24xGgQ/+4o9z2+0v5pYXvpQY4cQzT/LQw1/gY3+2yTNPbfPgg88iRjl1+mlW1w9RVxXD4ZDx1oQsz5hOphRFwWQyYVpWjIrB7FhOJ1MGdi4N+lyim3UZY2Q6nZLnOcPh8Bq3rKfn8ukdAD09PT09PT2XjKrivT8vOhnOL1S6KN2wXyxKAC0WBG4n74uR0+1rV6ONPT170Rr4u2nuF5LhabNeusXoYow4586Ty2rf24s2e6bdR7vNvSS3FsdJt33dTIEY4y6ZsJ6e/SBFWqc/JRmBa42oBoKvmsyUJAFUeU8AnDGIWMQ4rNH0mEVdZyXGJLGRDI3tfQJCqBujXYoaVlIWjpGm4K8IJhg0RHzwECVl9AQa43gk+EDuGgea7pYraeoI37iOaQGMAQQNERuFAY66hunWNptnKuy5AlYtm/WYUmvquqYaV0gZcbVQVhU4izpDsEn+RMRiZ0V7BaLgVJAI+Ii1Kdo/+YS00eRv1JMkFVgFiE2GRU1kHGPjbEnGaa08Tz7xBGWoGZ1a5/DkHCtbR1i96SDDzTXylQHl+pRCCrZPnsVNJuQ15BiMsWC0yXLo5xMz2poPgKhBxKFRUDLGE+XPPv4AD379Sd7/nh/mZz7wDtZHBdvbJZGMkyc38ME09TMaPf5ms7G515mmr8msnsflHXtrTCoG7iMRj2FCvlpxxyuPcdddb+Wd7/heXvKSIcPCzTR7YuN3dEYIUahLaOuAeAVfwsc++igPfeMERtZTdg8GmzlAqMuSqClqP6qiMZBZhzR1MCQqwXusyyBGRAPWQJ4XoDAdVxxcP0QoK6xEvN9BJOA5x2133MzBQ3nyd5GyklbXHO//wI9z+nTJgw8+zUf+8Pf55kOnePbEBi4rEMmYTKZgIMtzDhxYJyLU3lNvbSExHaM0z8goy5oYIsGnDKhBUZBlOVGnjMeTNomK54p8aneeY4zBe8+ZM2c4duzYLEijS7+e6Lme6WflzzOqnR3qbIWV5059lp6enp6eq8zMMHme/ur1oa1/KXJAXQdAP1nvuR7w3lOWJZPJBFVle3ubqqpm/bV1vLWPQwjnPe86Ei6lNsaycdqN+G//utkAbQZA63xQVXZ2dphMJrvqFPTjqmd/SYa/1twbZ33fE2MgeI/3gRgDxliqKlD7RlZHIqb2VD45B5QUKD6TFYqtNE8K7damKG+MYeYwC6HZR1Xj6xrva+rMg7F4n8agyUyzLYWg1N6jGlMB2jDPQIhoqhEgBotpsgMWuO6G09zYKm20fWv8l4gKZMZiUaZnNnn0y/ezublNHMDaC4+w/pKjFINk1I8mw9ghDJQ49Qwkp8wHlIMhA8mp7DaMPaZW8Erw6RiamOSZjHEElBC7bVNUUuZfUCVIc+4bCScREGvIrGuSFgzE5MQZqCdbX2G4uko2GiBFjjUmGU7qwKlTJ3jg81+hGJcc+p5buPllR6AwpJwTSMbqXh4EaE6FJfUQnTm8xICQE4Py1NMl/+Jf/RH33vsV/oO/8eO85pW3khUF5zbG+ACBJNPVKvRDyggR2y3K3dznuio0e0xDZz1Xk8HdmTROV9cDN7+g4D13/Vv85PvfyotvHTIatPJ3SrRCVSqb50qeeWqLkye2efqJc3z7299mMilT5pwt2Njw/Mkff5HJtiMbmkaPSvAhVTG21uCk6R9NZlCRGZwzbO9sMygGxOjxvsa4bCZdFuqK3BWsDB3T8UmciRw8OGJtbcTRYyOOv/hW7vrJN3BgLcdYAMu0qnnmmWep65wQBnz0//0s33zoLCIrqF9nUsJoNERjRT5QxDjyPGNa+cYpmhwwk8mEwWDAZDLFOkshRarbkeeUZclgMCQaZTCgc6269EoM1yuLa5rWUVzXNefOnePgwYO7Cjf39Fzv9A6AG5Cv/9rP8I/vXngxG3Hbu/4+/8VP38nK3t/k1//mL3P3O36J/+sX7tzfRvb09PT0PO9Ypg2+31yoAPFiuxYjq7vv98bKnmtFt/8uLjT3+txihP6idn+XiznklkkALZMautRx1m6zlwDq2U9ia6iPjUG4qYdhxSQHQARfB0KMiEBVe+o6EKMkZZqo1LXHB/BBm+j+xnBvGuNxI+WTjP8py6WqSspySl3XGIHBsMCNhlhJ+v+Tacl4ukPlPRIixjqqxhFRh0AIHl9VZDZDmnFljMXlQm41FddVSfI/2mjXX+uDvRRtza5J17+5NKgxKQNDI4VxxJ2Sx7/xMKcfeYqV4QoHjhzl8NGbWT1ymDiwBJOchU4N1FBPK2KlhKomTEqqIztUp7fwZ8f47ZLJ5phyXFKFKTEEnIJDCApemoOGzv5hJdmfM4MbZOQrQ/JRgQ4ydJCRFzneRzLrsGqI3jOuS7K1IQdefAw5OMSsDjiwPiQXGBarFKXh0SicfuQpzj1+gpvGL8fkBUEgEFNhVq5Dn801QYBkIDW0WkkgGhBVBAc4xnXgC/c/w3/zP/467/zB13LXe9/BqdMTKs9uo34Hs+xF0V0Hfqnzu8kCAUVDhRXLYBD4K+96Fe//d17Pm9/8cvIMjEvfD2rY2Ijc97Vv8dl7HuKRb57hW988wbNP7VCOLRpStHtyGqZ9hGAZDg9RaUj7I41ziERfQYxYl6L+jYGoAR8CzlqC9xgjze/zIB4nmiS1KDl6dMgdd9zK7a94Ea9+1U3cdGzEC24+wsHDOYOhohLwQSgr4ZkTGzz27TN89b6n+Nxnn+L+r5xEdASmZjgcUNWREDe49WWHeNNbX8sfffRLlCXJ4SIkpycG5xx1XZNlGSLCZDxhkA1nr9V1DU6p62p22i+nFPONhjGG8XhMlmWsr6/3852eG4beAXDDcpzXvuNOjjXPdh76OH/x+7/MP7vlf+WX3n5wj+/cyc/+7/8HP5Xt7SLo6enp6em5GL72M6P5MsNl9/+rpf+/1366hVWttbui/9vv3rBSCz3PGbp9uDW2+yY6GeYyQReTCGrH3OVk4Sx+vyvj02rehiZysdvexToDbUG8Prum50rT9sPuY2stQZO0Tx0DMUTyLGd7ewuNkaqcMi2nxOgxxhGjUlaeEEoGxZA8aiNzETGmWRKrkNmM4WCERVlZWSVopPIV1jqKIgOEnZ0xubU4YxkMCtZXVlhbWUWAx594irObW9TeU04qjHWEppaAIWXYVHXA1xHncqyzaPBUIYI4Clc01k6dRTvHmAoQX26Bzf2l0TxptNlTfHcyvkob3RzAb43x53ZY14x1N2A9X+HQcI3RYBU/ENQkg71Vg3GGmA/xdZLjkazC+4K6yphOLONtwVQlWW2pvUO9YBUsQpTkyGkj/8UKYgzWGkxhyFeHDNdXWFlLUj5xfYAfZhhrkmZ/FExQYvSUVYlZH7L6giPE9YI4cowGloE1GIYUI8uh4RrTYPBndlK0f1CCUyBFTCtxXm/ieY0CFa35P9UESCUZiFk6VxiQjOgznny25t/84df4xOdPUEcYV44ojS5WKpHdZJu0zgRtHrfOn7nrxUiS6zmvPZoM7NFPGWUVWdzkv/xPfo73/+z3snLEsJKDjzAew8bWhI9+5Et88pMPct+XH2RzMxLrAo0ZMeYYbe97yeFkrE1mbyvUEpPkVFNngMbRmJx+giEiJuKs4H1JZi1BA5krMOIIcYyxY9bWIy996XHe8gNv5Id/+HaOHHUcO1owGOY4I2iA4GGQQ5TkWAkRPnPPF/nVX/kwTz/tme4MqKuMzKzgspyqnrJ17hwrq2vc/KIR/+Af/TV+7/fuZ2Nzm83tmtXVVUII5HnBdCdp3osRfJ3mJSEE1EWMMUkCzVqCKnn+3JKZWDaHaec/3nu2trZmtZt6em4EegfADcud3PULH2Qex/92Dv7iP+Kjd3+Oc2+/k/t/7SOce8sHePvBr3P3Rze47afezZ0rT/H5D32E+1/1bn7hrbekr+08xT13/zZ33/0QO7fcyVvf9QHe97pjnf2c5Mu/9xv8/t0PcfLY7bzjrp9eeL+np6en5/nCzLDfRvTI/PULRdjvJ4sR0IsR0t32Xe229fR8p+wVxd+trbHsM/vRjmWOvUsppN0b/3uuBK2xv+usjVGZTKaIGMqyZmPjHBoDGiN5njUR+wJqEBxGMsblNnUdCVERE/BRqYPHWdsY2OfyIiEErBGyLCO3FuvnS+bpdJpimosBQQM722OmkynTyQTnDKfPnubUmdNEwGYD6qpGjeCcJc8c1qaCxFhDXdVQVWlcA1UdOOSyRl5PCI2mjbXX31hSAdGYjnFXckXa4GpJ0kB1xJWKGVeIVMTtKfXOhHo6ImBQiRBjku8J6TdXVYBpjW5MmD6zQf3sFvXJbcJmid325HXE1AaJYDQiSjrGAqLJumwlZS5lkmGNw8YcVxqs8eAr6nFFnYFIiteXABKTIbnWiqwOmLVVJLOIBXFNqLYookrmhUEtuGkEnySkfKomgVFFuvbo5zNCMtBrWwlXG3u4oI1MUpsvoTjQgo2JsvXtcaojrUXajNBI4bRPWnS+3aW0r8+/E4PHUJO5HQ4ejPxn//G/x8/81Btxq2AzKD08+cQOn/rkI/zmb36UBx44yXQyxMccIQdyjHGpNoiEeb6JpnoVSirgHSU2v1+a/pDab8gQtElWMEANlECRpHtCJISKlXX40fe8mQ/+rXdx/LjF2fTTrVGsgboqeebZszz6zdN8475vs7V1hv/wb/9V1g4VGIGHHzrJww9v4ic3IayDCtEGyjBBJLC+lnPomOMXf/H9PPnkKe6++9NU3jMcOaq6xBrHdDplOBxSlmWT4aBkLkW9hyrJrlnnMM6gaqnK8fOiz7cZk3VdM5lMyLPkzO3pud7pHQDPGQ5y9Gh6VHOO++++m3s+9zk+tLFBzW38/F3v5s6V9PrdvDU5AHa+zq/957/M3RsZo6MHyO7/OB+67x7uvuuX+F9++vb5++MRRw+M4OSX+Z3/4XPc87P/lH/67luu7c/t6enp6blmXExjf/HxfrbjcoyMi1IpwMzg09NzrVlWn6I7ntpI/GXjbL+M/y1tNsBiGxcdbYvf6+n5bunKSnWdYM5l+BAYj8dUVY21hmlZUU5LFMX7mmpSEjUgxuJjpPap3/oQiQreR6aTCu/rVPsibwyS4zFGwWVb1MEzmZZYK+R5xnA4YjopGdsd8ixjNBoyLAYMh8NZ5Lmi1CGiNoIRfIyEOhUpDiGytb2DiCGERv7G2WREqz3j8YTRSqr90Ro6g1ecu/7uVdoIqYvKLDAgqjavJ0+A8YpMa3S7JGiJ3y6pdkrMeEqIgmpAoiIhogHqECkrDzsl8cwO4xNnKJ/eJJ6Z4CaC8WCDImqS4R6TZJoi2KamgijYkCL7bSXJwVCWhJ2aqdkBY/CiRFGMWAyCien8qFEqExhNa+L6KrYwiC0gF4KTdI6jYoKS14pMaigV1aRVnwy7jQOgZ06nGPAirXxU525C1MYxMHvRLHzmUvbZZM40u26L94oGrEy49dYB/9Hfeg8/9YE3kA/h3GbksQc3OfHMNr/1G5/iEx9/iM1zinWHCBpS4YKkC8Qs+6DdeOe3JRWvxjEh5/24lHGigJiUvUIqNo4aCKkwsbiIyJRXf+8tHL/FMChgMoZQw3h7g4cefICTz55h4+yEL37uAb72xZMcPbLGv/9znrUDQ6al5/SpMUV2AD8dQszh/2fvzcMtq8pz399oZrO63VXfFyUUUoCIgIIgalCxCR5DPEZjjOeq6W5ictKfPLk593qTnOfmPGnMTU5uck1nEk2uxg5ibCGREwIqiBRIAdJVUX3V3rX32qubc47m/jHmWnvtXbtopAqKYr08m1rNXHONNecYY475vt/3fjisNUhl0bEnqRf8pw9cS1xx/F+/9dccOSyQcYp3FhWl4ARJElPkYX5UqIE9YFEUlFXQwXvyPCdKNbIsZowE4U6/OetkYGn2Y6fToVqthuxNeWb+5hHOHIwEgDMCOftv+wdu3APVN25hFQUAnTm45lc+wvsuWt7y57uf/n1umhvnml//Xd63owbs5wv/+6/x6Tvu4L7rzyH69O9z09w6rvtvv8c7t4TP3PeXH+C3/+5vuO3q/8IVIyehEUYYYYQXJIqiWGQJsjS6vm8fMvz42cBy0f/99p3QF70MHBvZlYzwXGIpoT88hpYbX8PE/6kk3vvfN0y+DgsBy2UHjDDCycZSwkUqSbfbxTlPrT5GkRvmmrN470mjuLQLsTgk1hpwlnYvK4vwgtZBMHC+jD4vCwhbFwQ2KYJ3SLUmkUoTx2LA43U6Gc46vPZY4zGF5ZiZ5ciRgzhvOXz0KO1OD6EilPVEcYLtQVHkKCmJo4hOq01SqSKQxEnwoddRRBynVCp1lFTkeU6RB7sNfRpmAEA/0r+0/fHgZCkADBO9xqMKj8w8InY443DW4QqH00EAkNaDsTgLzlpMXkCWQVbgswLfLXBdi+sJlFcQ8jpCcVVCcVg3SD/wCAveOqwBW+R4EQotW+FCQVlYKLgMyJK0x4MRBVnkSKoJdHOkCcKAcw4jHEp4pPdIC6IA3y3weYj0dmKhNYzmwifEUmFPiP44l0ghS3LZAyrY5vQ/uExtHBYFdohF7w2yhnwpWuNoVFMi1eKXfvkdvPHa85Cx4ruPdvibj/4Lt9xyP4cOz9Nta0wW44nIjSFKY6wtqFRjPI48zzFF6PRSKpKkQlEYup0eURKjVIQ/bk3ZFwrKTD5hyfICvEHJCpgq0kts3iOKDEo4brn539m4cYxEVbl35yPs3Pkd9j5+H1e/+nx+5D1vZ2Ii5ZprruZ3PnQDvVabXjdHAd4qatU6vV5OmqaYXGBsgY4NOi5IU8ev/trPcNbZY3zkz/8Z6RsoDKCp1VOazQ4CifFBbOsHz8RRjLWWJEnodHpUahW8DTU0uvkxup1uOG3uzF4PDP+2VquF1poVK1YQyVFB4BFOb4wEgOctbuK3372kEvD4Nfz69ecA94Xnl7+fHzkB+Q9HeOi+Dqx8J2/c0d9mPW/60Ed5U/n+F+7rAOPsvukv+MvBx6rATnbthitGdYRHeKHiyB4emsuf8ubx+NlsHjlnjXCGYbno5BOR/89FNsCT2ZMsapMY2ZWM8NxjqZXWsPf+cvY/y3n3n4q2LN3/cAbAcm0bYYSTieWKYUdRxLp163j88d10Oh20jmjUxzC2GPhsA7jYY2Rp7SNjjLNDfdeHApfKoyOPkgsZYkmSIL2gUq0iSl/uOI6J47KYqRDYPEciSOIYo3KM7eDxpJUqlWoDGSVIHZOb4JOd5xqBJ4kTpJAkaS1Y1EQRUi6IatPT00ipysyAcKvuHMEa5LRBIDKlHziyD16FQII7fLB796Bd3xqntOgpo58hCDvKh3oHAjBCIIUsn4mFAuSu3MZLQCxkGUjw1pb+8n7QkGAbbxEiROUGaliWvvAeiUCVXUEMfdYLF6K3BaAlPhI4LZFKDEoeyOBNE8SB3IVgcCnLY1ES1y/AFIAT/eKnsrpaJPKFF0pbrv4+yiyTocyY5eaG4X/7+1x8HbNomfFD//H7eMtbLuDh785x01fu4cYbb+aRh1vkeQPnI/Aq1LIQHikFUSwxWU5hc5wrcHhUpJBOY42jKHp4IYhSj8ThCWLG4h8ZxCGBQ2uDTjyqYjCZAFdF+IRO1mRy3PPi89fyzve8FpV0uOPrd3LDZ24m66Qo5XjTWy7jx3/inczPteh2JVvPWsnWs1Zx+60P47HICMbGBBddvI1G4zbwEp8oOt2cVvcAU3XJT/zMe3nJxRN88hN3cMfXH2J+TlCvT5DbnMMHZ0jS6kDIq1Wqg582ysIqAAAgAElEQVTQbrUHtmyVtEan3UFHGpNl6ERTrZ05XvhPdl/Q71dKKWZmZoiiiKmpqdH9xAinNUYCwPMW5/FDv/JWtvSfRuNs2bGVReV/a1VOXIblCAcOAFuqLK9Tlu9Xa4wPv7zqIq65Bs47UZ3hEUZ4IWDVZs4eEfrPOZ5Z8dbhz40Wat8LfBkttzQS+dny2H+iBfaJSMul2wxHoD3ZPkcY4dnAUlL/RHZAw9s8G2Ou3xYp5Qmj/k9lO57OXkej+MzCMJnXfx5FMWvWrmXHjh3s3r2HAwcOIKQisraMFvaYIkMIT5GH6G+MQ6MHNg3OWYoiDySjBK2CE3kUacbGxqmmNaZWrKQ+1kBIhcOWUcQCU+S0ZmcpsgIlBd1uizzL0H0yH4WMUuKkhtARkY7o9nrkvd7gd6RxgtRhe1d6z8dxwtp1G9i4cSObN2+hWq3iBpG0p1fPDvy2WNSs/kNJ4MQprUBU3wMdWCDpHcILpA+ii0SCAIVDC0BKvJIhGyN4qiAJYoDzYF1J1Ntw7By+3KbfjgUy2XsG0diSEP0vvMBLgfcutAGJl+Clx0fg4wSfxNhYY2KJVjLUFSj7F97hXSjsiifUCcANvtv7F57B4OJ5esGX/2Qdh/7+n+7+xMCyBxCOF587yS/9wrVMH2zyR7/3aW6+6QGywuFlBZQM3v4uB9cDYVGxYGLFBJvGVnDOOZtZsWKMJNZUYoXwgnbbMDs3x76DB3l0z+M0Z3sUWYQf2ASFvolXZUmAjBUrY77/bVfw0os2cvMX7+XGz3wLJTLWrJO88U0v40feewWbtqVIDVdetZ1d33mEe3fu5t3v/QHe/e7XcGz2KB/63z7Cdde9mTdceylZMUO10WV8MsXaAqEUO3Zs5PXXXsJnPn0b3knq4xGveNVL+A/Xv4oLXrKJf/rcN/mHj32NVkshVUqRZ3glmJpYgZdhFDvnMMYMjmWSJHjvUVrRaXfCXGr7QT/BUmtwkl4gGpi1lqIomJ2dpV6vk6bpc92kEUY4IUYCwPMW6zn7oov43oPwt3DeeXDTzrt5qP06VpVJALvv/hqz1R2cd07//XEu+qH3D+x+2vu/y9HqFraMBIARRhjhWYNDqWhAhEkh0VqTF/lABNBKhci/MmJsAR4hFFGkyfMeSkY4b0eZ2ScJ/ZTq4Yj/YZJGSjmI3oNnThAu5/l/oiyEUETxeE/1EUY49VjsB/ykW/vFY2M4A6BPuA+/5oYsS5bLtnlGLR+0ww21SyCEHzwOdQjsosKs/doET93y6+nYggUyrX9UJTzhYwGl7/PS71gSjTnC8wJSykGf6keedrtdEJLNW89i05ZtNI/NcvDAAZrNJnmvi3cFnU6TudkjICx5ntHrFUgZlR71kizLkPUEZwqUluAdUniEd0jXodf1PL63TTfL0EmCkx5jDdVanbFahbF6nSiJqEQxjVqMKxxCGHIT4UWCdTGV+iReaLwTrBif4ujhw8RRjKkZ0moNHcfESUq1Vmdq5QpWrlxFozFOWqmgVYy1niQmkJLP7WlYBAEoF0j1QoXHwpevWYfwDqM1bQWqpnCJxkuBFeA0CO1QGBKnwQucExjA41FeULWQC0emLIhg9yPRRE6GyH7hENIFsceH3AEnBB6BdB7lyvlAegrhKITHlo5ByoN2Fi9CsVbKzwmvEA6EkHhr8WikivFK4RRoqUm8JvYWWxLDRktyC8TQyXuoiif2HnR8uuk1zxiiL8QswfAsu/CTVfmsL84s3uaJDo0vRbYg9Cx84Ykeh30OWwB5jp/7Q7aP1hGRklz/tisZb8Bdd+3m67fdgSmq6EjhyPAyJ4ks41MRW7euZseObew49xy2b1/HunWaSiUh0gpVZo4KwDiP8Y5unvPQ7jl+57f/kQfu7WJySehUFpt5IEFKh9CzvPwVF/JjP3YZlapishGz884HOHjgMa5945V88OdfxfiE5pvf2sn2c7dRr9WJYs/LrziPt7/j1dTHNV/88jepj1d4xeUX8C83f5vbbr+FH7j+DSTVemkv5Fm9qsJPffBaXnnVxcy3O2zZtpJt22ogE/793/bw0b/+MlmvQaSrWOdxvsC7IIoFIQSMsTizYOvVz6pIVLgXk0rirCOOY5zMaDbnjus3w3/91xYFDrjF9wZLP7P0r39fIeWpvaYvtakabt/wNv012cGDBzHGsH379lPethFG+F4xEgBesKhxyTVXEO28jT/7rb+geOelRPu/yt/+3Z3Mnf0+Pvyh13HJddcwvvOmhfeP3MYNf3cLe6Kr+ZUP/yQndBcaYYQRRjiJ2Lx5K3/w+3/A5OQk860mP/uzP8fjex4PEShKkSQJV115FQCP732cXbt2DX3ac+mll/Ch/+NDrFu3lp333MNv/dZv8t3vPvTc/JgzEEsJxz4J+WTR9EujOp8Knsjj/4naNfIqH+H5gqXR9Ev9/pc+H/7MqWpH35sZji8GvJwV0amBX0QcPdHjEc5MLBaSHQ8//BDeeyYnp5iaWsnqVWuREipxTFF0mJk5wO7dD9NqzTA/d4xHHtlLL+9SrVapN8YHRSyFDKRhEilc0UNKggd/EVN4Ravd5tj8PDJWxJWUyUpKUq2RG8tYtUYlSenOZXhTIOiB9xS5ITc9pNJ0uoapqVVoIbjkpS9FCoHzjrXrNxGnFXSSIJXGEqx+jPMcm5tHoahWGqRJsNSQ6vTq3/2IfqMCCR9IBY9AI1xOjKSDp5dlCOtIhCISqswGcAhrEIUjxPyDQeBxKO/QxoF1SAsyB9UF33ZEGeA8Tlhc6d8jAeUlVigcHuk80rlwnKUj1hKjfLDu8RBZj/JQYDFYQKH6wgICqUJdiDSHpAg1Hmzh8bnCmkCMSlMgCd8hLZCDd4YIQSQ01oaaEeq0sm06lSgtk3BIPGARZR5IKIvcJ0OfWQ8+0fXlRMvN/uvBNUigdcT4eMr5F64hTR31qmLb2RN0ulVWrZlk1aoJtm3byMtetoNztk9RH5NI6dEClGBgSSQoy09Q1r0ACgT1ekp9IuIXf/Ht/MIHP8Kx6ZxKIqlUBUcOtUh0SmOiwtZz1jIz+xAzRw9x9tnrWbkyYWyixZp1Y/zsf76O8UnNPfc8wKc+9Vl+6Rd/jnsfOczux/Zy3XXXsWJlRJw43vim7+PVr3odX/7id/j4x/+B63/wbbzxja/gE5+4ieuvfxWTkylewtSKmKtfuxELIRtHwmzT8pUvf4O5YyGDxfk8OFcJh5Sa3BTEOgnkvwvFjwUCqVSY34yh0+0SiQjnQ9ULYw2myFi1ZvwE5+LJM21PfH5Pp5kvYLhNfTGiKAoeeOABtmzZMsgCOB3bPsILGyMB4AWM+NIP8t9+Iud3/vIm/uy/h3oC0eY38is//zpWAex4Px/6mQ6/82dD76+8hJ/41RH5P8IIIzx7UEpxyaWXsGrVKowpQvopC76e559/Pp/+zKfxzvHhD/8hv/Fff2PwWSEklUqF8857MVvP2jIQDUb43uC9XxTV0o/8XS4D4FTjyW4iPMfbEi1tZ/9vucyCEUb43vFkMY5LcbyFjhDiuOK7y9XTOGWWO0NjY6kosdQ6a7nshSdv19OLjhPYp5FUIZYc/lEk3pkG5zztdpuj00d47LHHGKuNsW7tOtasWYP0Hq0lY2OTrFq5mmoloV6rc3S6zZFHHmXjps2cs/1c9u3bR1EUNMZqOGuYGKvT68wTRxLvBNPHCnIrmJmdw7U6xCqiEleop3UuPP+lxFKxYc1aJILu/Azt5gMYM8fsXJtmq8ASs3LlRvbuP8wFF5zPgf2H2LBxLQg4dOgwWguMtXTm52i3exydmWZ65hjznS7OOjZt2MTU5CQT442yP59G16glY9H367UiQjFdpZFOULWCWtwgsxrbtmhliApP4gUR/WKvEo/AipDlo1RYp8VOIY2mm0t6XTAtS9S1aAdeWJwIGQDSC5RzOOFCO5wdHCkvBQ4ziAkXJR0tPFgJXlJmfEgEEic8mTJo4xjPLA0PXko6SKRSSKmQWuKFJLaCqIC0ANH1pCrC2ByHRbyACoEOZlfvEcIhyUHYMmNA4omA6CSZAX1v17tA0CqMKVAqwSHICsdLL93On/6/v4b3EfVGTDUFJT1S2mDx5D3OWwQCJXRofb8JpasPrsyIQWC9xdt5Lr14LZe/YiNfu/le3vz9V3HJpVu5/95pvvyVL/GTP/02rnrtBXzpi1/mW9+4jwvOWc/4hOasc2Le8yPvZOXqGKTHWc8Hf/onUSLis/94A9XKKhr1FehIIGSOcS3+4iNf4ctfuJ3XX/tq3vYDb+Av/uJGvvyFW9i/v8t1b7uKjVsmqdUERoBW4CwcOZrx2Rvu4L77DhBFDbxQOK9DRq9U5FmPOElCoe6yKDrlWqCfiSUArTVFVgDhPk1HwVYrL4pneI6ffxjORtizZw/3338/F1544eh+c4TTEiMB4HmIHe/7OB973xNuwfs+9nGO3+T419df/Yv84dU57XYBUY3akqIBq674IL97xQfJ220KImpLNxhhhBFGOMUQIhTZS5KEIi8G0X/BFsKjpKJaDZEWOlp8WesT/lGscZZBbbYRvnd47ymK4jjLj5NB/i+NqOljuVTapdHPS8nRpaTpcDuXi6Je+p0jnMl4OvYz3wuengDQF6D6glr/tWErnaXi1akV24KRzvD4GBYj+s8HWy8ZR31R8OQhWIosdoB+oseBjjmtCNMRnhGWWkh475EqWFPNz8+zd/fj3HnHnWilOfecF7Fu3WrWrlkJQmGsoNs1oCJyY3FCkdbqNCYmaLdbdLvdsijnONVqlUatgkTSbs8yc2iGwwcO0c5yKtU6WkRgBWtXrmNibIw1U6votjp0tUKJQ3Szgvluhhc53oOUHucM3lukcszMHSGJE6ZnDjM/3yaznnY3o9VuMT0zw8yxOXQck1aqrF8bMhqsC/7boSDw6dKn+3NcyMzp1/UFQqh0ZgJh3vKw+xjiUJtkviDShqhwVFAkSiMihSv9+B3Bk194j9YaEUWI2IZt+j7jgZcFPLJMQZCAdALty8wAfNiXECgL2lMS/AyK+DoBWiyIASGZwGGlxWuDTRyx8OhIQaqIKwqZxigdo/B4kRFZQdK1mMNz+L3TqPPW4YXBGkt0BvL/UogQRX6i9z1UkpQ865CmoSZyr2fAxaHs7XKXq2exO0spMKagOddk3/42ItII4Vi7rlbWdeiihESg8M6WyobGA3khyUPCEF5Acw7272vy+L7D7N19GOEl27dv4sKXriWupUS64I3XvJR77ryXH3r71bz0khVMX92j3XmIq67ewvr1Ka965WX87V99js5/fB1jjZRLLz2bl1y0FaXBebjssnP55u17+Ku/+msufdkVvOF1V9BsSrIeRGkoMP7q11/CVa+9hMsuPZsbP/ttbr5pJ51OnRtv+Db/+rXvcNVrX8b3ve5y1qwbY2amwze+cRf/dstd7Lx7L76YxJmUKPLoSFBkBq0lSZIEiyXPQuFl+hkUmizPB2KOF4I0ScjyHOVBSYlfdO2X8IS95sxB/9pkjOHWW2/lrLPOYnx8+WyIEUZ4LjESAEYA4icl9uNa7QkKCo8wwggjnDoMbvyHFqLgkVLjnF3sK3n8p5f824dfZpsRngzeeYRa7IW5nDXJ08FS0v1EIsDTSRt+svYdZ53S5wxHeEEgZIicOoRg3addphDnQhG9fmcM/bbfV4dFLwbvnyo45we+/wuka1+I6ItywTrFDTE7zj3FDIWndXwkT0w9Lf+Zp3t0RlPA6Y/F1nFBjO71OnR7HXq9DK00t912G95bwNJuN1EKoliTO0+rk3P3PfdyrNlk9erVKCko8hwtBa35FtgCl2dIociyHs4WTE6MMRVFxEmKM5asm/HArvupVWocmlgBztOcO0Kz9TBSdzFWoHSCt5Isz0nTlEcffaQsFGmQIoyfTtajMOE3FEWBdQ6pykK4pZ1Et9vBl4T4aQsfxpqRpR0PkrywJE7QfXAfO//+n6ju2sOUjRFOoFBEQoII3t+IICLocr4LPv0hrFpIhVYK6QPzKjxIL/FltkCwYpFIJF44vBAYCUYEgUJ7QWQl2osgMpQErhdBIlTOh897CMKwQgqLkBKvBF55DI4eoDEkXg/sUBILtUww/+hBZu95kKnXrCNKYqw0lPwp6gxPPupHxEsPCIczTa585Xm860e+n4lGg09/+kvc9NVvMTdvED46bpI98Rx98mdjISCKInpZj698dRdXXnUO69cGYUgSskassaFzSI1AUxRwdKbNw49O8537j3LXt3ey64EHmZmZpdfNMT1Fd96hnWTVVMTP/8I7ee/7Xo7xcMF5L2KsGjExFqMkdNsOqSwTYymucFTSCtNHO3S7UK+FOUNKhQSKwvGxj32WT37in3jrddfzw+9+JZ/97Ld5YNdhLr18C2uqipUrprj88ilmjhm++tUH+JuPfoW8qKC0otm0tHuCv/zIl/n4x79EYyylMBYtUmaP9RCyTqwq1MfqzDZnaHd6pGkaAnuED3VSynLaWkfhCBlDnuchG6A8plprur0elWqFrNsiSiRxnJz0c/d8grWWVqvF/fffz8tf/nJgFFw0wumF03g1McIII4wwwghPDQs87ii8/1nBCQ7zyFd/hOcD/Cm+F/OI74G+CIRV8CqWCKEIxXeH9xRIdyHcItL95KP/nRKQpfiw0D7oCxJ9UcCX74f2OdfffnhfzwxeqKeRvjW62T6TMWxPJRFUkgQxOUlTNmm32kRpQp5l4MA6QV7ktLoZhXNIpWi22uzesxfjHGe/aBtJEhErgZACJSJMSdKPj9XRScLEinGQkl5u0FGEFJrZY9P0Wm1ax2apJBXanVmU1kRRlSiOSdOIPAclUyYmKljjyPIMgabZbNLpdOlmFuckhTPkRYEUkomJCZJKlUqlQpJEeBxSgvcWIU7P23ZBiKgX9CPyPTqO8M2Co3c/zMy3H2FszgWCUUiUFAglQ4i4BOE9ylLqiR7hPNKGP+E8zkJkwVuInUD35x4pSxEgEPJO9sl/SdH3a3cSZQOhqVyw/LEeTNlSWdYf8MKDkFjhsAKM9BgBTgisklilQkF24UGG+V1bqORg8y6d/dNMtTN8OjRnn7HLIc9w1pUYRIjnrFhheNe7r2TbNom3c/zwu16Jsx1uuGEnFh1OAIBYvnTwQmbJwMTp5LW6vH5Iofjqv9zBtrNX8a4fupQ1UxGpUuioggV6haDVhsMH57nzmw9w88138+1dBzjagrzIsa4AUiRx+C9JiZxivnmU/XuP4ExofSJVyEwRgkiCzaHb7FJklmpNsm/PIQ7snaHXcxR5l8cemWW+BY2xEDO/eesmfuFX/lcuuuhC7r73EB/96FeZn/PElYQLLl7P2HjK4cOz3HXnAW77t4c4fDBkCyWJRqgazkVMTU5iXYtWs433DlsUVCpVJleMoZTm6JED6EgTRxWc8xgTRkZfJEMonA3BACBCwV/nFkX5CwF4T6Qj8EHMfCFhaWCRc46iKHjwwQfZvn07k5OTx9kmjjDCc4nTcyUxwggjjDDCCE8DpSPQiIA+xRAyLF4LExb4y3mAn24YLjw2/HiwaHc+kBCI0SL9DEH/PHY6HWq12sBap28JNoi0JZDXUgbCYXHk/kKWiEAsej30nfK9IW/ufp8KEb5qEUnex9KuFaLpIc9z4jjGOYe1FmstWuuBJVBoaz+LxQ0sdpbz5H+mcM4d513rfSAHlFLLjntjzKAInpSSTqfD9PQxKpVKOfbCceo3Uelk0fEYLta4HHwZ0bv0J1pb0kUCRJ9bgkUuT0sdxKx1GFuE30IoyBqdVvYqIyzFYGxJSZZlwY5CxTjr0FozPl7BGEsUxVhjsMaE8Y/HO4sTnla3g9IRjbEaExMTNMYaWOcZq9eJpSDRmkSqAaHplKbhHN1uRqvdpt7Q1OoNkqSCkopEp0Qq2AvGiSAzYF2XTqcg63VxTqKEJysKKpUac3PzJBVHLzMcm2mH7/AC4xxCSpJKitYRmTEcmznG+jVriSIN4jRNUZOA75d67dPCHoMn1hrf6zF932PUjhnGqIAPQoGXngKHxKEQxFLjDUgXyFmweOvRCJxxaA+6zAhIlcbnFifBilA02eFAaKSDxAqUhODA49HeUhUabIFAIZwP1kBSYTz05GD2BuGxArrS0zQZY0og4xjvNXGUoFQUJholQEqUFdR8HLKl2gV0C/BxIEkNyDOQZQm+/g5ERhCHI/I8kM5KG97+tss5d0tErKYRiaAiNT943cV87V+/xVzTI6hjfAZ0CWWfVXmpFQv+OvRPyskn/733GC/o9Sr88f/4EjfccAfnnrOFsXqdeqNKVuQcOHCYfQeO0Jzr0Wy2yXoOR0yBBhKEcOVqwWK9Ibc+SEmx46WXnotKIOvAnj376HRazEwfo9ep471n3779HD48T7VRZ3pmhlbnGNWq4L57jvCNf5/mzW+Gc88HhORVr7mM5ix86hN38ecfuZG5aYlzEX/70X8n/SRILTCFI88F+Are1xB48kygdUxR2GCbikeIFCkctYbhbW+/hHe95zUAfOoT/87f/fUtYBXO94+4QniJUAo3yAIM5z7Pc0wRRnu1GmNMjhCCLMuJtcA4SxxH5cJncbbwmYbhrOJha0YImRF79uxh165dXHnllWf0cRjh+Ycz8NI0wggjjDDCCw2+TEl96ous0/Bm+nmEpb75w4vg0xFPZiU0HFE6wpmDarUa/L1L8adPUFvvmJtp8sjDj3L06FGUkljryLIc5w3elfY7PtgBGGMGj71zZYFp8M5hvcVZsNaEgnkO8sJQFAZ8325oYXwYY3DWYozBGIN1ISpPCLj11ltLIj2Q7NbYQf0Ljy/3x6K+urRA78lE34JISrHotZClEFrVR5qmdDpd0rTCnXfeyQ+/64dx3hPHMUpKlFZopVFaI6VE6QgpFUorIh2hdYiwTdO0fF8PXhdSodMKQoRCnJGKkFoihaBRa4AK3sSxilCRQklJrDValsUJtQqe4lIw1qhz8csuZny8EY6jDPZyIxuw0xf9+hN9GGOw1rL97HMYbzR46LsPcejwIbRStLIWRZ6HfhLHNLTC+RCRqaIKSIh0RJFbjh49xtxcEykcGkGsJIlUxFojpaLZmQ9FZJ0jy0NkbJRUGB+bIIoikihF6xibG3pZl17RxpqCvDDY3CKFRqmYNK2S1ySzcz1U25TWPgbvQxFbnSRUKjVUpMjyAiEFmzdvZvPmLURRVJKuz9XRfyIE0nYwFYgyG4BAzisHScdTyRTaabyHQoIqI/WVdKXfukeWArx1FrxHJxpb5Fhf4IXHS4/zjsxkCOcRkuArL4JfOt6TOEnsPNr6siZBOGgFGYU0SK1wEeQyZAB4FALdr2IAeJy0+MgjI4XyIHKD6hrcvApkdUXj8EjnwENkBbGVaBN0GseSNcaZOq+UUd8AabWKJ6dWj3nD972cVLdQosAWlkjGnLVlBRdfso2v/etBTGaDIqtC8Wd8sNqBcD7Cvk9NZw/XdB8y7GQVL6o89EjG/Q/eh1Th2uM9WGPKAAEBvr6QOTC4vpYiuNdIoZEyw/kOF7x0Ky968UoKA3nuufGGW+n2NAcOzbPDw/hkxMWXno8xBfWa4uJLz+XnfuG9pCl8+659PPzQIf7Lr/4eP/q/XM/U6oT9Bw5z81e+yd3f2kenFaNUI8gOztBuu7JbqUFgTsg9VIDHFBl4h3EW7x1SOLzKWbOuwk/+9PezcjKMjssuP5tPfeJfKTKDVBHGSrzTeCdK4QA8Fsp1vtaakLyjaLXmywCLYGnW67aIK5JWe/6UnL/TDcOR/8MiQH/8O+d49NFHueSSS9Ban942biO8oDDqiSOMMMIIIzxv8ETGGqfl/fELAMuRkacTlhKjyxX/HeHMRZqmgfxTina7jVKau759N3/78Y9z01dvptfrUZhQsFNJhfOBxHfelZH2IepYlp7Tfe/xYHGz4IHfj5KTQg2Ic1gYEyfsb97jrKWSJDSbTQQK5yzWeFBL/ff9wFt6Ecd0kvt0aD8D4r9v/wMh4vb4LIbwG5zzAwHkoYceQUq5iAwbbp+KojKqf3GWjltkLVAWRwYMkoHzsA//84BWOrwgQPjgK46HWIZsAe8XYpMRkCQRP/qj7+GXf/mXqFQqSO+R0gOLMx5GOL0wXCi7/5d1M1asWEUSp2zdehZ5njMzM0Oz2WR+fp6ZmRnanRbOeKzzWOsockOvl5XCmkVpQRJF4B3Sg/YCLTRKSdAeFSuUjlA6xnmwxgXRQEq0jhBC4Ywlz3N6uQEvcM7ijEcJUMrTauVMeUUUV6lUq0gVLGuUCtHqab3G+PgEcZrghaA21mB8fIxYabJeHqLsl6axPNcQ0PdSE6UguGDFKHElFRlZTWIVHoURAic9QoFXZTaA8DgTxBKhJNZajHS0yYhjj4g9NnJY7fGRQBgBLhT6HQSOI0KWBwqHQnkPPmR9ZMrRjSxFXZPFnq4ocNIHgch6lHHB67wknb30FBJcIjDKhvoQrop2AusYkNehBoFEWI80HuXK60Op1UhO38SNZwohJN73i6z38z8sa9etpFJNgXmKoiCKAkGeFwXXvuGV3H7739NrzxPFCcIrvJcgNIGOUmUGnsVz6ixk+tdxW4qKqm/tBKU4H7LrfOFRWqHkia8L0kMkIyJhWLlS8cPveR1rNowz14av/9t+vva1g7Tmq9x++wNc9soXMTaZ8MGf/1HSVNLpwvoNU6xe/XK+fddePv+Fm2l1j7B3b8Fv/p9/QrWeMrVigpUr13LOuedxz92PhRpBItjwSSHwfcGtXIN771DCIvBBXxECISKkkEiRE6U5173l1YyPg/Ehe66S1ilsl8JFZeBDAk4FiyaVY51B6Ygiz9A6Jo5SrHN0Ox1WrlxFs9kMx0JK4iQGDGmSnrLz93zD/v37OXDgAJs3bx4FGY1w2mAkAIwwwgKKoKQAACAASURBVAgjjPD8ggelYqwt0DoiiqIyajakvQ4vsLQOhYKfunf0CE8VcRwPFrT9myh4ZiLA8LkbJjyeLIJ/qb3Pco+Xbt8nJ/vRU6OF+ZkJa0MUfbfbRSnF5z73Of7gw3/E4/v2MzfXxHtPkkTYsgCvwBGsDfo+x32PGk/wL14QAAJBHohF52w5HsJYWCDPoS9PCrHY23hg3eM93W53YKPjvBtsv9QCyDkHou8LfurErH5Em1LquAyZvhXL8LYgiKOYLM9QUlEUxXHjr0/gIgVZYRjYPgxtt/i3LBx/qRcidUVJ2HnA5SFCWIhQ5DMUFJUUboj4HwgAHq0b3H7715mfnyeONXFcxXN6Zi6NENDva/0ISwClNFJGmMLhXHg+NlZlYmISaw2FKejlWei7ztHpdul1LZ1Om26vTTfr0m63KIoM5yzCi2BL7jzCSfAOEQlULFAqROGXwzJkJEiJkipkmFQ0Y0qT5Y4kTalVa9QrVSpphTSOg0XRxARxWkFIibEmjC0hkRKiNCVOEqy3oYitcwMRMI0jpNQ4546zsnquUQ63slRogPLBRsfJYOeinURZhRUaKcoUJrFwbR7Yd3mPEQJb0ahqhV5XYI4eQ4ochMEpj1ACLQgWTS7sywNYifACoz29qIzGBwrlaKaOfF2N1ZefS33HJtxYEoRV7xBKl2qmXBTR7hUULiNZ2UCtGcM1IorI05lrkeY5iU6DXRC+LE7cn2EWSpUrF+a5Mw0L2SgR4aAp8iJDRzlbztqI8x7rHEorkDJkZ0jPthetYWzc0Wm2qVYVvV4XpQSZ8SBqCFIkGnBDGQBP7fiFsfHklNbg+uP7XvdlNsDCBoP1rPf9jLvlSVtvgyWVLzoktS7vee/ref215yFjyb49bf70z/+Z6bkU7wT//KU72HDWKq7/watoNCL27O7wh7/7D6xYtQJPztduuZMjR4+ydlODi152LuftOJfLXvEikiQl76Xc8JnvcO/O3URJTLebhe8VQ13We5RU5EWBjgNZHyfBhifPOqRpQieb4bKXbOCa15+PLrNnlILWvMMWCabQCB8R6QSV1MiKFsa3iKJwLY+jKkpEOOPo9DpU0pRer0sURVhry/ksrLf665czGU+VzO92u9x+++1s2rTpWWjVCCM8NYwEgBFGGGGEEZ43kEryjne8g3379qG0wlnHOdvPIU5Cevm527fzYx/4scF9g3eeF5/3YpK0gnVlhOoZvzgdJtBO3Q1oFEVoFWw1oigIMcP+4E8HJyL4n87j5cjGPtEfbEA0SoVlz+J2LuSVnFwR4IlI2TOPGDgd0SfPW60We/fu5Y//+I/5xCc/SbuV4YVCKoW1jna7t2BhteBvw4Ln/PHe8zCUXdL/Q4TIOe+WFx2lXNj34DOBJwrUti+9zRd7/x/3fYMiwMfb/zzdPrzUzmspltqvDEdiD+/DWRb53/ZrGvSyHoIl9Tecx7mFqFvZDx8+LrVg8D9Mt91vwCLRwJdFCxcJCUIGa5H+y6WVAcIzc+QI8xs3smf3Hmr1CkmalKLE0zpsIzzLWCpCFUWBkhGVNEbrCGMKKpUE5xzdXgfrLHGRDMZRWqmSdw1q5Woq9ZS0WsG6fsFKjxQKJRRKRCh0sKTRwWoG7ymMCdY0WpdtCESnLzOEVKTRcYJWMUoKpBcIb1FChCwipYiSCCGDp78Nw5hup0tR2opZa4MrigeBIk0T4jilKAxKyZN8fTo56A9RWVruDKLefTkey+yhQgii0uRFlcNNeoEcRDMLOqbApgkrt66jFkk6B/Yzr/cye7BF07eI6LEiqlARCmEszlqkFyjlEd5jpcBIAcojHRTKM5dYJl+ykRXXX4F4yQZ8LUT5izxDJHE43vSJ1GDrg/FEWZcCwyyGnjK0TJf23CFWU2EqXY0gCACJUgi7kJ3kRCiCfGZDILyiP2mGY+hoNFIQdiDw9OvVIByVGqxYqZk53CTLZ1m1bpJao0qzlTE72wYTYQtVZnU4nsqErJUmL3KSNOHJcoCHr1l94WnptW94m6UZN6Fd4XNhneCYHJtA+kO890dfw/s/cDUoOHo054/+5FPcdffDSDYgZcT8vOJ3f/cT3HDjrVSqkkMHD9Cd1wiZs259jctfeQEvf8XFXHDRdhrjEXPNNrsemOGb37iLr9++k90PH6PIqkgUUmukUpgiQwmJ6IslpQgghSRONM5nKJGx4/wNbNm2hvu+M8flV2xj06bxYEkIZJng7rt24azEO4/SlrRqEarNynVVzj3/CrZu2cbU5CY+/rHPsOveR5AypjpWJc9yvPdEUUQ/mMFYS5Q8cdbECwHD6zHvPQ8//DD79u1j8+bNz3HLRhghYCQAPM+wf//+57oJI4wwwknA+vXrn+smPC9Rr1f5jf/6G1hriSI9KJTZD9Z985vfxFu+/82DG2VjbBnhG2OtG5B5Zz7CXfjTlgKe7L61fF94UFKitQwRy1YR6fD3VDmK0qnjlJ8OqRQ6itClp7gUCh1ZhFT0rb/73sWLsczB8Ms0dtn2L5CzT/EDIzxjHB85LoQsRT/Bl7/yVf7xHz9Ft9NDCE1RWMhtn7ka2PewKKLeDeYWv6gQMKXnRSkfCTnYz4CU79+YL/bqAWfLtokyQlSAt0EEKAUqrTW9rAdCLhDwfQLdi4Hndb/fesSgjYuDTv2if8IOhpsTIiCH2ykCXQ6l5c6A1BuIGn6RNU/5Y0EE335X5BhrUVpTlPUMhr9vgciVgYbwHm/sYF9LR02ZFzCIfhYLOwPvy2M2/GkP3uFK4jGQHQ5weKBaq/Pggw/x4T/8v/nt3/5NGo1G8DWSZ6hfxxmCYfLOWku71abX6tLt9EiSGCE9e3YfQylJpV4N9iMyZKUkSRyIMZlSGBsiyeOIwmQUqkApjfASiSZWMUmUEukYr3zwjbeWXq8HzpHESanjhYKXeZ4HkUF48EGQKpwD54lUsA+KdbBBMQK8MGRFxnyrjXCK6aPT9PKMuJLgSlEhrqQhsrYwaKUGgvXpZiHRzwAYeoXB2kP4RddVJ8vXvEcCGjEQC6xzKKWxSpALj0k1arxKdXIL8dopKhu3Mr5lP/m9B8j3zDF3cAY6Bb5niI2g4mO0BSs8wgXyX5Xj30hINq5Gbl+HnfIY5UGBiSyVOEOUFm7OBPsybBB7rS6zrZwJtUScIe92MHGMjjReKbwXWDyuv9YSfkCuhvnp9DlXJxOhL5aZE4QC6sZbavUKQniEDEdBAHgDGCppwpo1FR757mNcdumFvPVt17J563oOHp7lHz95C3fcvg9n6iDkQEt/MjgfMtScc0+ZdO6PIykE7impvuX1vF/vwjsiJcLv9G3e/vbLed8HrkRrODpt+Ks/v5l//vy/IsQkqDk8CiGqSFFj13c6pNUOZ589yRtev4MLX7KF81+ylY2bV9LpFuy6bw9///ePcs/OA+zatYdet43zlkgnrF61muZcQWEtpgg1CsQggEBhjCdJEvJ8HmSLyRURb/0PV/O2H7iUTZsb/Mn/aHLujgmqVYHBYJ1kft5z663/E2SHFasbbHvRFi6+eAvrNqwDUefw0X3s33+AO+/YxfTRo9TqNeKoSifroLXCmMVBCpGOcC4vsytGgHDdKoqC+++/n/Xr15eCyQgjPLcYCQDPM4xIwxFGGOGFhjzPwy2lBBDEkcZHGu8gShcuY9754yLQ41gMAnGlkOCfqIrAmYGhuOD+rSjQv5+Si54LWMy4PYkAIIzFS4kzOZGSTI03EELQ7SpskVGvpFTTmCSJiCsxuqeQuUDqQCoqpUjjKJCANpB+/ZtnIQVChQgmWZKpriQI+5HFQsgy0HfBPoDB+QUtBVoK0iSmVkmpN2qsWD3FxNQk1aSCUhFaKmRHkxtL5hy5NwgHSRQtsQLxSyL5+mRtaQPzRIXqlmcxRzhF8Diss6iScHLWgYhASro9y2w7wxPTavfw1uNcgZIa710o3OjLs+ss+NAjA/0d0vwtwcLCOYeKdBhjYoE8l0ictXhnSzssVUY+ErpMWROgb1XjPcgy2lQiwnd5C1KjdExmHIgELyK88Mg4Ca2xpW2BBG9tyXXbUFDRWqQSCCzeuYWod9+Pfgdc6OF9WrxP9Esd4bwnUHOhCCCqGgZV1kHGEukKrOmikIN92n6UJyBkRJRUcD7DlgKA824Q0QwMxoEQDlxOpDVCSKwxoc1ClIRcn1YL0cFSS/IiCCdKR0gUhQmZPJGO6eU9pHRIITCuQKuIiGBRppUgy9s4IdAqpdP2VBt1/vmLt5Bnv84f/9F/Z/PGdTy5+jnCc4mlNQDm5mZ54N77OXjgAEpp8qzL9NGjRHEg/qWQeB+y/uIkwjtPoitY53DW02g06HQ6KCFQMmLT+g2sW7OOrJfRnu9Qq9WIkpTcFEigVqkhFXRbHY4cPkyjXsd7h1aasbEx4iRifn6Oo9OHAUluHGefu50NGzaQpBXaWZdekXHw8CGmZ6YpiowkSbjzzjtotudJatUgXMQxlXqNDRs2su2srUxONAbj+Cmr688SRL9eh5SoUjh00qPw6DKI20mHxyExGO0hhkRIVGm3RBR84K0TITPAedrNeRqTKVInxCskcX2MiXM34t/qMYeP0d59iCO7HmPmO7vJ97bID2dE85YoSsibPepiAmEVkYlJ8hwxC51795Hts8QaiqLHXOzIZBdbdKlFNXSukLlEO40pLFY6cmXIdE4vymjlXVrTc6xaO0aExBSGWApQgkI6DBZhPbEToaaI4swuKyIWxB6pJBRlzRhhCRHhYK0vRRFHpCRj45LLrtjAz/7cO1i5agwpCrZtWs36sTfwO9P/H/fcO4sRdZ7qXNy39xPlmlFIwRO5uQ2LaANBkeHMN7GQD+p9IPnLahPea5SMMcU8QnYYr3ve/+Nv5d3vvoiJqZjWvOfzn/s2n/+nf+Haa69gcnKCb33zQR59aB7cFEJW0SomTRTv/8AP8PrXvxiH5tgxw+c/t4sb/+nfePCBIxw7lmNMhHUSZB0hBEXh6WbBWkeW40x4Qy/vIn2MyxKSaIzCFzQmJNsvWM/P/ee3cP6ODehIUWTQaR9h61mvCQKZLMDDTHOaV77mXP7Tj1/I5o2rqFQafPP2Y3z+xv/J0SMdDh48TGELvBd4lyBlyLDK84xarY6UbhCE5VxBr9cjqUoajUZpvRbqEiwtkrs0mwsYnLthK8DlCuwu996ziRN95+CeZMkc3Resd+/eTbPZZMWKFfiyPpQ4Ay3CRnh+YCQAjDDCCCOMcFojjmN63S7dTicQb2UhTOcdUaQCUVxG3jrrFy2qBh6zEorC0u11Trub6JOPfuRrwHLLY9F//UQ89gnW1CKK8IVBOIGwjvZ8izzv0Ww26XY7OJORdztk8/MUzXlct4syhppUCC3QBDueNE0RIixB0loFoUJUTK1WI44iROnPr6REyNIyZLDgL28iyteCOODwzpEmmsb4OFu3bGHNmjXUJsZpTE3QqNWDF7PUWAReOoxzgxtTiQgRzn2CsoyDDijvKH0/BPl4a5bhA7eQ1TCQWJ4QZ3pvPNUYnCXh+mUEy7PgyQvH3kOH+NP/58+5796dpEmNXrtJGiel/Y9H6wS8oNftBRIBh1QSKT1KCoQS5E4h4xrWOXJj8HhUpFFaIYRES4VwYSKKdFlAlNBPC2swJliNBK9cE4pmeo9EBALS50hvSSsVokqNdjenkxXoOCGOE6SUpElKpZISxYrCKwovsYWh3W5hTUGRd5E48m4LhEUIj1YSXQoQWZbhCZyUUOW4EgLQ5EUg3ydXrGXT5i2MTa7l4ExGnuU0KhFzRw9wYO9DTE2N02nO4TBY78vsB4EUgjSJSCIJBnJnEc4h/JAlCAwEEw+4KEZoXYoYPogwIgh4Sin6kfwQ3qs3xilcsBoyhaDWqLFh/WZ6Wcbs7DRZ3kFIRyVWjDXGmD44x6pVK5EUHNjfCxG7QhNXanRbBeNTU3zh81/kc6+9kp/6qfeRpPGz12lHeNrokyvOOXq9HkeOHGV+fp48y+l0Zum05wP50vM4b5AijOlelgEh4vfYsWao12EcjXodVxgqUUqM5uCDj9Go1hhrTCARtFstChzT0zNUKxXOPvscKknCoYOHKLKc9evWoqSi2+linSVNU6zpcqw5y8T4FCjJI9kD3HPHTrpZRu4MmS2Yac4ipKfeqGNMj3379zA2OcH4WA2dhiwAHUmyrMOxY8dYvXJl+P2cfteKflmUvh85HqwIc4ykr6p6wCK8wwlwwfA/fNZLnJAY64ilpqpSus0mj9x9D+1djlVr17JmzVoaUxPoMYlpFJiJBNauYt0FKznr2kuQe1rM7nyMmfv30ZmZp7uvoNPxqCZEKmIsdzz0hduY/sYtHGMOm7eIJmtkO9bREm1iZ+g9fgxxsMeUraMLTY6jqEgqWyYYO2cV0ZoKrgJTK9aEjCHr0NajvSOzBuNDxLNwLhQgBpwEdTqetJOEYD1TyskeECL40zOcrUPoIMIhpGfD+nG+75pLWLlaI8T/z957B1mW3fd9n5NueKHj7KSdmU2zAZu4BIlAEsHIIEFSoGxSpElRNlkSnapM0pJZZVXJZkl/2KVSyXTZIiWWJUqiWXQZlLHgggDBAIBchEVYYIHFbMTO7OSZjq9fuOEk/3Fud88uFgRgy4sN71vT1W9ev3593w3nnvP7fcMOAo8ODScO5/wHP3QHTz79IK61fCedk/1C8jcWXr/Za1/I9u45xWj21XZCpBaAiBEpWrSuOXFDj//sl36cH3vfneQ5XN2s+f1/8wX+ze88QFZk/A+//rdZXILTT8/41f/qt3jyiQkmK0ForJVsbEiePVPxxJNr/OGHPsFnPv0kgiVaa4jkaf7STdIFSWXbNqFTOmiUUtRNS1EUqakvBEpEgp8wXHD88q+8nzvvPsxsOuFLn36Gj33kYxS55NjR61ASmhgpVMkdNx/n5H/xU5y/POWznz3LRx74Q7765WeZTgyZWcRZhdCJdKNUsvULwrO8vLyfVxTSOSAEDBeGNHbKzs4OodvfMXzDofkGvNAx+KuO9wt9f7Hxrf7utYo1KSU7Oztsb2+zvLxMCAGt5yXYOb57mJ99c8wxxxxzvKSxtbXFr/zqf0OvLPfYFJFU+M2yrGsIpMmWD37f0oLEHhVS7jUBLl++woULF9hlLr0S8M08vHeL/Nd+yj1Xkr1fvvaNvo3H1hLaluXhImJa8+zpM2ztbLO5tcFovMPalauMRyM2r6yzsb6Odw4poMxydBSoTgXAtMYBUUrs1q7lCGyH57NrUtDqbmCv7DzUE2tL7jUDQvTJkSUk9tkjn/gLokh+vNoo8jxjoHOkkHgB5coSb3/Pu3nXG16HbtOiVWjNfpllrxNwzd56oW6J4JqKP1HIjre81wroXrX/nuK5vz3Hvydc27IRgA9w5uxF/pNf/CUe/erXsLMpKjqMKYjSEHRG4yzOKZTKEEWBEwaEInk+qO4iivQGK6wcOExVV6xvbOBsi5MCnZcYk2EBZy2+acF6ROMgus42ILHuo4oInUx1hPcQAj5EfAyI2BD8jMk0IKtZN8ZJfPQ4W5FrSTMZseUsSoIsBuRLh7HWMZ1WSBEIPuCjw3oP3iFEwAeB22PV7zIZu48VIEaRiqUqw+QF3jnOnz+HuLrNPa97G2XZ48nHvgpZzqHrb+Tq5XMgDBFJIO7Z7BAd0dUELMK3qOjS8YidzqArpEiRrmMvNZ4eTuTp17UHla4Y6x3sNgF2r+ngmbYuKSekQWpF1UbOX9lgOOiDzBEGnG9pZzXT2QYahVKS5eXrmMxmrG9ukZWaw0eOIIVG4hmPDJubW3tN5Vd8b/gVACkl3ntGo22urq3hncMFT5SKXq9HW1domZNnSdXiQrLvKcsSJyI2emL0zNqKTCi0VhxaPUguNe2sYnTlCouDISu9PlPX4vq9FNBrGyZtTYyO4UKfKCM6VyyWi2xtbXJ57RJNO8V5C1IwmdbIy5cTyT3PiVoybSo2NtdBC0bjbbRJGjOtNXme0xsOKco+Uits69gZjWibFti9z798FYwCUAFk57YVJTgJToGWGlc7pAss6xwpSp65dJFTp85ySmgWFwccOLjK6tHrWFjsERXMCGwoB8egf+NrWHjHbQw3KqonLiGfXGf86HnihXXKJnJiLFipLJVU1EWfG97yelZ+6b1YYSlmkVP/8oNsPnWKE3ZAHFlcZpgsSZZ7N3D9LXehjw8ICxoGJTHPcLbFdEXn+KodOHZnlzEp7qJiOp2lPIeuOSxl8vQPwiOYcd/33MbxG44h8XvFbR88eaF54w/cx+994LNMW8u/j5nRN8vEufZ59Q3H7doZc1LDESUqRlzYQcmGu+86xn/+X/4wb3nL9Vy+OOVLX3iaj374YR769GMEb7j16GGUSe908mSPX/nVn+bv/3f/mvHEEYVgPIXf+J8f4DdlTtNYprMaH3qYbH8efO0sM8SI0SmI1yhD9AEbki0QsUWoKW96+12MRzPW1jb56Z97KzffeoD7/+8/548/8kmmk4pD163yH77/hylLQ+MtIvaYNILHnrzKQ599go997GEunN/EtZLgS5QUhNgS8AivUVpifYUykeAFTQsCTQhJBdm2LXmeMdoeobJU3FYiKTJkl4HyakUIyaaqqiqeeeYZTpw4sWdb9fyciTnmeLEwbwDMMcccc8zxksb29jb33//BJOknMb93wzKfLxeF5074r5WZvtLCf58fwrkHIfa8QVPgZio2ir3iudj3CYqdfCI48BFieu2eZ0eMYCO0ltC04D26V9DfGbO6UyHHNQttZHLxCtXlS0w31hiPRrimoXB2r2YumiaVwLXAR8E4gA0gVfq+y6lPuQCR7l96rvsc3XIssbI7D2YiOBcIQCEgJ7HujE6NHykFAwwHs5KD5ZCTN91CbzigMXBrf0h+4SKisqBV97kDSA1Gp46RTG7FKAG5SYXhQCoOyyxVmUNnU6QVQUmCSscgFVsjeJe2Xe2GR4qXcRnnpYvn7FGR2P0feuAB7vve12Jbz6UL59leu4KLgTA8xsKxO1gqevggCUKjsh75YAmZF+i8l9QuSJx3xMay3E8KgMW2QedZksWzO94kCyBvHTiPiA4R/J7RTmL0BWIMBGfBue57eq5uK6bNdM9+yLYtrq2JwaO1JM8EbT3FTXeYVVNM9Bih8cGBlGR5hrcS2/jkzRxjsj+JonO+T9sZOkY9QXQNqi4nwbW0EYzJKVUPXRRcvnqV8XjK5sZVTHT4tsYUQ6rpGKUzjFIIlfaRF4JQDrDGEENAxtix+FMBQ4r9QG4QZEJTuAwhzV7IavpJpLW2u+avGdNx5HlL21TJVgJF8CIpN5zAYTqBTspHEN6xsLCYWOLTCTuzBmSGLgbcdc992NbyqU/+KVmWIWSyFZrjpY/d80F14d1t27K5uUlVVQTvcc6RZ5q6rgkEmralrmumsxlCKbZnY1rbIkNkVs0olMFWNc14Rj/LWShKdBSsX7pE8JHe8gLj0TZ5UbAw6BMF7Ex2mMwmVLYiLwqklMxmM8gkVduyNdpkezKmzHv0ij7eB0ajbVSR0UaP9S1CStqmpScKtMmwzjMeT9iZzHAxpMKZVNxw/PheBkjk5V9ES7Y/u/d58Aq8BEKk1JosBELbsugldy0e4Xa3gtuoOPvwGU6d/gtGzQ4LJ67j6N23cPze2+kfOciOaNnxU0TPEHsZvWO3cPid9zH56jM8/gd/ys4jVzgSFzniCqwwXJEVQhqyo8uovqEcQaMMfmpZDIqe01hl2LCBgSjpmR4NBuvAiFS48yFiInte5+pVXshzLoCE8+cu0DoLOqCUTOHupGmUkC233HIUqUWaZwLJkjOp7q4/fh0nbjzEle3LEL/z8fg5Ab9SoKSibdt9RXD8dtjincXknnzWI1WkbStWrlP8xF9/Jz/7c/dx4fyUf/JP/pjPfOoRLl+aUs8MMRxAari8uc3VrYabl3KUgHvuW+HOe6/nkx8/gzI9tMnZHlfIxAoAkaOLhig8MSRF8/OjI2II3fbv2hNKQmjoDy1/99f+Fm992zG+/MUn+cTHt/nx938/X3/6Ka6uXeBv/vz7uf324/R6GQeWeoCjVIbzFxv+2W99mIc+9yQXL0+pa43WfYIXhJAslYIPKRdFSIiW5QOK97//x/g/f/+PGG01eNdSVw29Qb9TZqWAdG0iIdRpX0fxbezzVwdCCDz99NO8+c1v3mP/v9QyXeZ49WDeAJhjjjnmmOMli2vluqleHb9hIfytfCD3f/bKnGjteWGGiA8eKSRKgGwbsC1Cya5Q7cE6qB0xeKKQ+OmM2NaEtiXYlmAt1jY0bYttW9q6ZraxjZ1WVLOK9fV1ZrMpTT3j3KknsdMZDY7NagbRsSgC+SCn7mvqOjG5Bv0ey8tLyYNfG2KmuTTaZKuaUTlLjBElFCLCbNpg28TmFzLuMYZDiBij6Q/6FHm+p/LI8wytJZnW9IUi8wGtwNqWpq5oq5q+hxUyStey8cQpTs+mrE9GPPGZT/GVP/sTirIgLwuMycizjFwZSpWRlQULi4v0BwOyoiRbWiBfWqQ/WCTrDRHGIFCILIMyRxYl5MnqyAkQukBp01kdgPApeFiqPW13wnNUBs87tte+ZI4XxK7SRQlFjL5jZEpsjFR1zWvuupNHHvkaxmRIpambBqVKiuVDHDx4BBsUo1lLbQOTBmwTwDR4XLKJsh5qy7PaEUREaY0pI84lRl9SGHVHKiiIEoFGdQ0gH/erXlIECDky+FRcEBEFxL5ELtKxwiKlSKGTKlqka4i2poyWIZ7R5ho7V84ynsyIPl2nSoJrHW3T0BnnI6ROhXdSQ09Emb5ECjbdHVt9CATkntWQtS1Yy3BQIGVk7UpLV7enGY8ZLi9hsoy8yNFZiVQarzK2rCBKk+w9gmA3I1J2mRmBdFwAiALVOuRuoyJEfEyWP0Uvx3vfl9p75gAAIABJREFU2SWFXX83qsruMQubxiGQFGWJ95Eyz1BKAI6qnmHrGevraxip8Ai8NBRLSzRt4MHPfA4ZA01rETRcvHCRum4YmOLFPXHn+Laxe67usiaT6is19Gez2V4Qr9vYIM9T6G/w6Xpo2pa2bambhqIsCKRwXukFhckRARrbIEJgUJYURQk+4Jxjbf0KMs/IckPrLCpTZL0cFwKjekK9s0lZ9uj1S7K8JFpNLBSNc0RXIRpBkRecPHkzM9uy00zxGbTS0TqHjYFcGWaTirb1NLamsZYszxkMBxw7evQVZxWx5wr0vOdCCATnia0jxoCKgV7QxGCY6R7N6iGW1BKDE4dYOnIUPexjdcR5jyfZjVkBE2cJvYaV161yVL+ec7NPsv21GQerIbkuKBSMN8YMx1P0gVWCEyzeeiP+2HmmZxuEDzjrcE4TnCW4gBKarCMFCJEK/iEGnHcp+0W+mouc3c0hSi5dvERjLUWWlLrGZImsoyKRmixLuU6JAKG6BoEgRofJYOVAH3B7OTnfCZRWSKewtiW4QJblKRNMiuesEb7Be/75nu2xu58LD6LBx5rDR4f8/M+9j/e89xb++I++xr/93fu5cqVFqAKtBxAVQmoCgdrWPPn1M5y44VZEFCxfl3HPvTfw0Ocu4ryg9Y4oFLudBmU8UTXEoLrMn12SyD5ijMlWMMS956UIXH/9Cm9/zwmWFjPu/p4THL/hMNvbY+688zV8z32vSc0VESA0BBp8I/FC8w//+9/hw3/0Jeq2x/U33Iw3lqpqkUIhhU6fB4kQHvBEZrzrR17Hm95yM7//eylYHWNYWlymahucc4zHYyTpWmyaumvEgAhyv+HzKsS1a9idnR3Onz/PiRMn5mHAc3xX8cqaVcwxxxxzzDHHKwlx/0HsPLKfszIIXXhoDIgQURFiPaOZTAhrV7Dra0zGO0wmE9q6wk1n+Ksj4mjCbDJOHv5NTdNMqZuKtqmpm5rG1kip0MbQVDWZ0fTKHsurKxRas5Tn3HbvScqyJBQGXxa0RtFImOWK0MvJ8xzrUhKgVhnL5ZAyLyHP2KinjIPFyyTD1t10xDVtkhXvKQHS59aZxmiDzsxzZLMyJoVD9A4jJUaKRNJ3lmAtwVvy2tJvIzmC4BxVPWXSVESpsN7SVKm5Ya1FBEvZtGTtGLfWMoqRrRhonCVA5wHvqeqmy5vQOC3xuUH2SkJuEP2SfGGRwXXHWDp4gsNHjnLoyGEOHDxItjBMwapKJDVBx1qOIi2i/ypB+hzfAruqFiAKQYiRLC959txFHv7iF+iVPepZTa8saMdXGD/zMJOvi8SYNwUeg8gKlM4RypCZHJVlKFNAf0DUOc4HhPKEMEOLiNAZkYD37KlmUsDbbmZFx7iXnatxDGkxHH26brt8CekssW0IzuK9JYpI8JbG1ahgEa6lmowgOIJtULYi7+Xkgx5NbVACnBQoHQm+QZAh8BAjztkUEBwVPvg9u4pwrUrIp2A/7yOxAFO0rF8+S9209Ay0TQXecfiGY1w4e7b7PYlQBqkNUWdIU6Rz+5pAxb3uzK4aJsZOFeQQooFoidF1uy4V+2MI+83ePSam6JoqKSQ8JC0QzWySinJEVOdJbYPDtTWZVjjnCF5jhkssrBzEush0a0RwLVIIvPPM6vpVauHx8sEuC17sMYolSkq8D0ihESTLLW8dk7ZlNo571oBN0+C9Q8oZeI9rLDpLjWVjDNF5KtuysDRE9jKsgjjMCHXk6OHjFL0es6Zma7pFFkt0nqUmgZJQzSiKEl1kjKYTauXJlgdoLwi1o7INRmRsT0asbW8ydQ1VsFTRUtsWu1Oz2FvA2qQKiErQG/QoBgVGpLBr0fmhR/HyvxeEXccwkWyAVKovoiPgfbJDyzVeeHbaFjEIiMIwuPNO7jvyZvKDC8TlHhPl2K4nzCZTctlnwUvazQn26g7DhUWmmWV94Fm85xD+cB932pOHIThF0Qo2n9lGPLVBcWSFWApuf/cbuTwKbH78EcK2JYSAG2r8gsGJZKeWlJQapVJjlUhiRyuVxvVXMaRIeTLbownOeowxVNU01bhFysMRJEWcjDo1pbvzWoiU34PyLC0PCNEiVKdM/Q7O+N0gea00QUaklDhr0zHq8EIBrbtWknucjN17kZxSlJZ77j3J3/jJt5IbxT/+Hz/Egw8+SmMzohwQyXHBo2iJCKK3eBd45KunePfbb0NrR1SCG25epOxprlydYvIyMeOlR8hIELYjEHT5OCJc0yCT6T4ubNowea08wONdwLaJErWyssQjD5/i2Wef4ed/4YcRVpJlkYsXtvjUJz/Pz/zkeylyeOKxCQ8//BTLS7fQuhzbpryRLDOAJLjUnCFqiJrABKUa3vb2H+D++/+SnVGNFAXO1sSQMo4gkucZ0VuETI0fIdOANWe476OqKr7whS9w7Nix7/amzPEqx7wBMMccc8wxx0sWMUbKoqS1lhA8SnZFrD2ILix212/6uditl4uuIChlYhZ5717ET/GdYXcpKfdserqvEHHRgk7yZhGBpoXJBnFjncm5izz9tce5dPYcp589TdgeEaopdZ2K21orBJE8QE9n9HolvV7JoNfn8Moqy8sD+v0eppdhJYhco7MMISVGaYzWNE2L1JIiz9FCE5XAKUmbaWopqIKnUZKgFFFKnBB4IASBCpIYFIFIf1CSi5KoJVppYgBvHaJfYoRERRBdxSMCXkSS44fYKyLIKJA+IIJECI0xCqlBxICMmkwMMEpgfKCPopQSnAPnEAIaFZj6Fts6cm0wKm1j7kHZSHCe1lqss9jgk7+6TX7T1lpms4bxeMzm9g5VWwMqFSxdixiN8DsVZx49xZe2dxiNdsjzku9/wxt4/VvfzOHX3IZYWQIJXgvIcmKUKFRqA4j982COb43kZ++RUhBC2ncB2JlOQQpc2yL7A1RecPzY9awuL3Lq0UeZ1bPEJibZwAShAEWIAqlUsoaRmpgvEcwQodM1obIcmedokyw8jNkN600BfVFIfOK17jcCoid4i2sbXNvi2yY9bhzYCjvdRGeGZjImM4qyX9DMJiitaJsaaVuCd5S5QRUG52rwgtxopIgYZZCtw7mAbSxt24B3e8UNrVKTKQTfxVaIvSA/oiCGgA0t3gdmdY2/cqmrzqRcDSUkG/UYKfxeuF8MjtDWQEhFm92A7mvG4tjZAV1rfOWDxZSKpp4ijSJ411k1pPdVWhKsRyqNlAbXepAlzpOaAVKhdIZUkuFwicXFATF4NjbWaaoJeE8IHqMLYt7DioxGGAZLC2ytj6BuwDaYIqNuWuKewdgcL0W8UOFOKU1uckQIaCEJUSbru5AatcE52o6dqrSimTVY26K9JFQOjMFaT55pLl++jDSKadvQ7/coioLN2TaXd7ZYXV7BBs+VzTWmdU00CqEVSIHUmiLPCCEyraa0MVljKC/RQaE9FCYnz0pGkx0aHMEoWpJ114Lso4LA2shwacCsqcnQxMZjBgbv3J7SYTf/5iWFb7I514oud18S6QRSShClQEbIIngP0qdB2wuwmSAuDllcPYLJNWZhiBwOk01YrphYh2halqRi2SqmT17gzGe/zMap04T1mpWbjnLLL72TyZLG9nPkoA+6pnHpPpHHHH1+wujPHmXx3huZHM4pbl3hyH/6Npbfdjd60kKUROlRy33ESoFfNLTSM1nbpFdZ8l6ygwrdXFRJmeyAwv5d+xVf+OzycXb/I4TC2ciF85scXFnBZHovtFZECSHrCv8S0Y21e+LH7r7rrSRGiXMe/R2qKiIpIHyX4e87e6Y9xr/gmuK5QO7ej2J6JAU462ntDkvLggOHAz/1N36UN7z+bj58/+f5oz98kGosaFuFFcnbUkSZXDOFQhFwbYtVgjNPjphOwAxbkJHBsKAoUvOIIDBGU9cVeZEY9yFqpMywbaToBbQStHUgz3pMZ+e5+74j/MAP3cdoe4PPf/aLGFWwvdGwtXWFtfUZ1x3OQcInPvkgw2E/hYjX8PE/e5R/+6//gHNnLvK+976XAwfg6to6o50JbdtHFZ7ZzKF1D+/SPGA/Qy1SNzXIhl6e87lPX+YvPn4KQU6WlXhXMx5PMXnesf01RakJokVI+x0rOF4NEEJw8eJFZrMZeZ5/tzdnjlcx5g2AOeaYY445XtJw3nHw4AG8cwipuqBXusWw6B7+1V6T6ecBpTTr62uJsfuSRiTsLZ47Vq0EjcI3Mwjg1jdoL67x+Mc/whf//E949tRTjNe3CAKslOjCMBz2WFha5MSNx7jx1ptZXl1Nhf+8ZFDm5NokJrNPvuWRiFcRrwRBSYRKDRMRkuWC6RuEUql40nG6vJJ4oxFCorxDOAe+Icb0XBCR1noQGolKbih0MusAUTqIAh0CMoBGoH1qgAjAic4+hJj89TtIKdFRorvoNOsavIJCC0QIWJfieKUUBJNhtUapiNEaISKCgMk0/X6J6PIPTEjNB5VLlBA42yK8QYvEV9O7ti4hsCQVvaJHpnRa0gZQfrcRJRFC4V2kmlZsbmxx/sx5HvnUg3zmAx/g2C038a73/wQ3v+UH0IdWCEWbLIQwRKl3Xdtf3FPuZY6kkElsQzpOXd06isEiqIzGeXxjycoeigi+wkRLJHlu6+iSZzCwP65AjBLPeSIaD1gBUSoQGmTywU+dJ5nCLGIk6hxM0TFDEzM9DTpdxkanEhBCdBkcFhEcbXAsr6yADzRXZyglqa0lz3JsNWPQH1BmirWtTbwyNPUkFZ6iI4b0JWQkBtsVo/ZZlM77vZqNkmKPUb1vjZCKVyF45C5bv8NukkDbpjeQUiUGdEzjFNERbYvsSum7lT8BKKWJ0dE6mwJPZbLxsTNHrnLaqsZohbceqbp+g4vkOsc2nhA9mTY4a/e3MypibAlesr02oZ2VCCGpqynCO1RIuQFaG1Q5ZIJhMrUUgwzdH+DxxFBj2wnBhz01xBwvTVyb9bMLKSQGybDsM5vOsK6myHNi9DR1TesC0kdCbdFZ+v16a9o16AS1bLCzGm0UZdFnbXMTbTTZOKdpUuOAqmVzZxuhNeNqSu0d0exmw4DODHmbQ4g0TYUjjScaRQiRgESRIrNVniFdundICZnULOZ9VvvL7MQd+jInLxVaZigkmTLdVwqn9yGiZHzpNQF4Ie3aCyMkp5h0X44CEQSyE0KZvGBrskMtJYfvPEk8UIAJCOGJjSO0gFOIqzO2T53m9Oe/xoWHvoa5MGJp4jnoMopoaOUMc8WyeGSVvjQULgcnELmhbSIGyWrMWf+zR1i87wTlO25HLg+wR/vkx/uIQJoPWE+QUNMyk46dxnJ1+woHrWGh10tji9bYEPAifIPV5Csm52efFv/C2C0aCwFR8czTF7nnNQfQuXrOPhExY5/NIrrTuHssDU0juHRlCyHM/6t9p7UiGJPmZ0mSt3+pxO6DxG7+KSRCJFVCakqk7VLaMSwCN968zC/+nR9Fm4xf//Xf5vRTZymyBZARqQOZymkCnaItqdGEaFHK0M4qnnn8Kuef3WbproIQAouLC2RGU2QFSImgZmmhpKltp2wTeA+ZFtTVJlopgstwTcttdxzg7/+Dn+auuw+CgHr2ExgJD37iGX79H/wm0YdueRCZzCqe/vplfvuff4w//9PPcf7sNvXU0e+vMBrDcBluvOUYZU8jjUmT2qAJtlMa7R4TEVBSMRgUWG9xbeRf/fYDaNGjVywy2tkmxtjZ2CT1QgwB6xwBi23b7/j4vVrQti2nT59mYWFhLydpjjlebMwbAHPMMcccc7ykcfC6g/zu//G7rK6sIFUKpwJAiL0J/gsVCPaRXieF5KuPPsqv/dp/y5kzz744G/8dIyJiJHQa4CjofLMjorXgPM2FC9RPPsX5hz7HU5/+LF9/5BFs0zDIc2658w4O3HA9h26+geuOX0/RyxFlxkwEfCaIOhU/mihSkBgC4yPSgZYKpRVKCmTH5E3cqEiU+0G9Xgm81qBUV3RNDQLhAtIFRNWkYqeosdZhfcARiChcTMwsZ31XFo1E51EoMqXRAZQLyE7tDMmBtPGOJnqC3F8YGgR9naFl8jVXmSYvc6SCaC3CdhLpGKgygzUmefQXBiEFTV3j6hYVIhkSgyIQusBS0t/KNdKoPduCLmmU0mTkeYGOAuk6X9bYLYRUqnz6GCCDnioYlke48dBh7j15kktPnOGZr57iod/6HXa+copb3/Um7PHrGJ68ETNcQsQAdAXlV0oR4UWBeO5DKXHRkxUFQmcsrV7HlfGEp596hnIwYBRKgsqgY59rEXEi2RlIKSGE5DkOaCwFDQhJlBKvdArtE4quYpSOlxJEBFJ1YYJKpCaBFInlKLrwN+8RdFZXLhCDxOgBtqm5+957uXjuWUYjuPvuezh9+jSbG1tkvQW2dsZsV44syxHC411LcG2qmouOgW+7vAGpUoE+eIiJIZkUNSE1qK7Zc7Gz6YFkPyBEQMVURHlOwTHuRgdHtDQoBUIqkAbve91LUpHTO0cIHhFSgSeo5HnrhQAX6KkeuciITOipDBstMYQ09kWFDJpIZHlhlWk1JrBDFLZzFPJJNRTStk0nFSEkhZcxKXdjoViEYkgcDBHlEjObsgD6w2Ua1+AaRfQSk2W4udzmZQcBlHnO6mAR0QbqOCG2HiUEhTSYTIIpWJ825FJTZDm6JzBKE0je8eguQDvG1AjyEds4rE1qw3wwACVxhNTwQuBCSPccKZBCoKJASwlSY5TEOUt0yXpL6gyd5ejMEIC6aYjWkeUGHQKurVD5MgumR5mVRAltcAgfUYFkeaVUKk++Am4F17i0Ia65x4cYcd4hMgOFYlpPKFRJKz2urlBbLRunznHhc0+x+ehZtk6dJ9tyXO9zrgsL9GsogsAryeYOjB+5TD2asN0Ewte3UVNLq1oqE3DRUUaBvbjJV/73D3Bi7fUce8cPYA70CcOc1gictymAPSZ/ei0jhQ/oEDHapAwA20KnbpKvcgugNP9WEBVfO3Wa9/3Ia8lURnS7DejQfd8n7SSkXA+tNdMqsLExJcbUWBHXnizf6u/TZUiE5zVz994kbZtEp8dBIWSDEC3QELyjaSruvucmfuzH38mRo9fzqU8+xIMPfolq5njf+97GD/7gTZw/v879H/osp0/XKD9M9nNx35cfnwLvt9Y3OfvsWe666x6IEdtcJcaaECx5rihLgWscUSmClwQBSjYsL2dcd/h6tjZmbFxpCFh+9mffw513HkB4hw2Ofl+TCUVZdvdr0u5VWrC6ssLnPnOGf/lbn0SpBYhH0KohEmhTJBcHDmtuuf16Hv1qTVsppM7SfDf6rvESgdR4d9ajjaapHaEVkCuaekae9QgxqQvD7q8AmckIIqJ3GwPzEODnYDfH5vz589xzzz2pGT0PAp7ju4B5A2COOeaYY46XNGKM3HHHHRw8eF2aKHXkVHGNIj5ZgDy3ViXkc61ZY4Sqrsiy7MX9AH8l9lc5uz7YofP7T8GdaZIvfSBcuMS5zz+Me+YMT3zkI6jLlxmMRnxfPmD19ru4/r47WTh5AtXPkAu95M0dAhaP8g2NEgSl8DGgpUBHAY1DWIGJEuE9rZ1hbYt3yTYkShBGJ/ZinoK/2qplvLnFrG5pnMVai/eeKAS9skRUFmEtQgRyJEV3oGIUtC5QVRXTSWLeKqCpKpxL0XCzukW0icG7pwAgUkePiz7ZCcWAEYp+liN6w87CJIARuCwDLVjsDVgsSsosJ2rB5sY6F7Y3qSQUB5ZoCBipWSj6DIUmziyxdqRKYKBqalx0ZP0CmRtUprFaUYdI21qUEAyHQ4oswwSBEQYyDVmG1BoUKCXxUiBC7JjhkoWeZnjvSW685XrOfOlRHv3yF8nzyIk3fR9XttYojh7luutvQBYDYlYShNpzh50vEb45BCJZRrFbKEuKGes9ZW+AKAqE0mRlj3Y6oR3tJB9qqQgxWUIFAlFGvEjFwD1GPIqIxhFBpMcBRZQ6LZ5NAULjo0zXrRAduzUVHoRQ7B09oVIhXoZda3zQYGip6gmrK0u87g3fz8fHm4y212irCc1sjMLhfIuSDiUUtp3hfUsMYY+pL7vGg9QaiEQfumDdtD922WZhb8H5zRfmscspkF2jQCjZNVxFCt2MAd82KCVRRqNFxmCwiFIGrRVKqu6aD3gfmE6niTXoAlJLpFYoGYmy5dChFTY31/BYIhGhNUYrlJIM8j433XgDV9cuc+789r5lBPtNCylTw8a5VJCIQSBINmWHb7yRkehxsYKgFKoYYEJgunYBpODI4evplb3daIL5NfYSxQsFdwoEoW6JjaOnM+Rwmel0Qq/ssbq0RCQym06oR2NwkcwopOlRZAVCCqx3BBHQOuuswAytt0QfUUERfEBmIuViSIEUms75B6UURhuMVGRRoaIAL7HWYZRGG0PU4F2krVt864gukAXBUn+RXllQTWfIOuInDWWvZCHrYb3DaEU0gkyqPZuSXcuul3sOgOqmO6KzMg8CnASEREpF00yJPqc3GNLsTLl0/lnOfeUxLj30ONVXLlBeaDhUldwQBvR9hrJAZwElIighKTYbrn7w81wOM0yA4zuaBV0yEWNmeaSIkapt8CVMLm3whX/3UR7+7EPomw4xuOUocbGHE4EQPbkyaKVQWtN6R7U1ZeX4TUk5JSSiU4K8uhVE1352xdNPnqdtNP2BJJJUW3/VOZvnOS4qLlzcYHOjRog83TO/jY6XUmovLN4H26lr5H7ROYprFgWRQFK5Gi0QviHWU3oDw6ETK7zrvT/EO95xC3/2p4/xv/3G73L+3AZSFEjj+cmfejNveOMirYU777yBf/TrH+T8uUgQYV8gESEzSYHkrOXcs1eQfA8hRpp2RH9xm59405t417tfy9am5R/+g39BjD1y02c6G3P8ppL/+u/9KK9741HOPjPjf/pH/xej0SXe8547UAg+8Ad/jg8t//HP/AgRuHpljEKyfuUq3q0gJZy85RZc/UWUHOBthnUWpSNNM6FpPQhFiIH/6KfezWOPfwAdS6z3KA34tO+atkm2TSpS9g1ZVlDkJdPKETypYeotZdHDOUfj2o4FJJhMxrhYsdAT33bz5tWGtm25evUqk8mE5eXl7/bmzPEqxbwBMMccc8wxx0sasWPYCATOeaQQKSg2iNQEYN+tYteCNdmwxOewT7JM471Ha/Oif4YXwrVMuN0HkV0peUAFT6waolBsPPY47Ve+Qu+ZZ3nij/+cxXMXWWga8hCY+ilHT0iWIuimxrsKbAMOCKC1ZBBaQlMzmk3ZmU2xTUusLW7aoL1AI7Cto3UttbN4BNJoRJ7RasnmdMzm1ibbWyNc0+KtRXmBERK0Iu+VYDTjnRFZbVnShmG/RzOtCW0y33U+0Hi7Z6+QZNi76gyBFpJCZRTCoMMuOzDgBbR4bFeQzbIMrOfCeMogL9BI2qbG4ckKQ5HnDPMeg6ygzHNkmbFweJXF5UVGm+t86v6PsrYzZeY9LliW8pKjSwc4Mljm6OoKg6LAaEU9mzHe3sZ7i0CwaSsqEcnzAmtb6qZmcWHIiaWDrBY9MqMZLC/RW1pCDvvIQQ9VZIkFDqAMCLDeIUzk1u+9jXIxY1rv0H7966zedCNbs6+zsTNj5eTtyAVDzNS3OGf+/zo7X17YCwjdHQc6z1+pNFmRo5XBu8jC0jLbdY1rx2iVbJ9E9ESXrj0pEgs4DRsKpEzNRZUjpcELQZQajEHoApnlXRBw8jmOMSmNtJSorsAVO5MBHwNRdFISmWwIEksfgpuipODq9g7/62/9C3ANi72Sz3/h82RG0tY1gUBRlEhpaWczhIxIAbJjJqe/DbvF/xg6CyyR7KikTI0BYuiskvxzmWfxGnbmrmKg25cyCqRUpLxkg3UWby3OO1z0WOeZTpIFgskyjNZorRFSkhlDDBElDdFElJTE4HHC0x/2uf7Go2zPNnA2ojPNdDzDRkeuJLPpiMeeeSJtr0zHN8Qu5CFJFbDOdSzp1BlORVLB2vpV9PAAlxrJTC8iesu4IFgaLOBmFZmWvOa22wlJi/FinKZz/H/A85mkQog0DlqHQVD2h9hphY5QZgWCyGy0Qz8vsdZikBitGPQGlGVJDJGqntJay3TaIq3lxsOHWV5a5srVy0zqipm3zNoaF9N9KEpQRmOEpCdTA0Aj0EhkkPR1SdPWtK7Bh+7azyRGZ/SKHou9Af0sJ7QNEwILKyv0igEmN+QyQyMoTE7MVcql0Sqd+7uf/WXOFFUB8PtZpk6CUxB9ROLJs5zKeZ5+6GEeO/d1rj7xDMV6w6Eqpz9dYFg5rrM9iloiUTQiMNOSuqepg0PWLXkQHBlpjmYHCTESwpRZP7Bwz3GOnDzCxSee4txTX+fED34vN999jKtxxOXpNrZvmO6MmU13aERI41Ovz6DsMSwGmChQeZnCTkPKdfHOvToYvHtMern/9fw5SJREodgZW7a3WxaXe11x3LHLKmdvJr+/v7RSbG1NeeTLjzHeqVBqMeV8xW9tBLT3CgFKqi4DIOz99DmvlZ4QHdIIgrAsDQOrw4K/9tfew3t/5G6sH/NP/+mH+cu//CKTcaRfHsAHgWfCs+ee5XWvuxct4G1vOcEX3/19fOADj7K5PcXZiFGaKNI5oYxCSsn29iYhOLRSvPa1d/Eb/8udXFmveOihM3z4Q39MCILoPS6MOXnrIr/8936cN77lCHkJKvZYXck4dGSVxWWFc/BHH/wL/vbf+ZuoKJERXBPxzrN25SrE24khcM+ddxEjNHVLUQ6REkJ0GGV46snT3Hr7SbJM8vZ33cUDH36ER758hWG+wGh7RAgOgUQrWFwa0LoJ73z36xn0DvJ7v/uHQI7SIimbpMD7lE+yF7Lczbm0MgjxkvdY/a5gd6zY2dlhNBrtNQBeFWPIHC8pzBsAc8wxxxxzvGwgBFy8dInHH3+cM6fPpOc6P2sp5R4zkK4IdG3RQGsIlgloAAAgAElEQVTN4088zsbG5ndr8/fQuYJ3S6HdiV9iBQeRiv8iOOqrV6nOXCRcuED9yb/g6mceYmlth0EdKXwqWw2VYPzIo1w9+xQH7rqNAzffQGUt1dRiZzXTyZTxbMr2bMr2ZMzmaERVN0ipuuDSVCB0UtCKSKsEk44FP21mXJo2eCkYmIyByRgqw4rJOJYvkLcwndVsrK2zM6swMtAXikwolJkx8BHV+Wv4LIWn2SATizrEFHQrYmd7E5GiQeKRHfsreYpHfNsQgseLVJA0QrKEpPSRTILpD2hDQ2MtvtrByZpKalog4tl50rC8usqRgwf5mdvfiCgyLjcTLs9G7ExmTOuWq9sbnL1wBikEZdmjrzOWdIkOAt9UCC2IoWVtcjUVV4WgurTGOJxmKDSlMZRZTt/kFCYjG/ZYOnQd+sAq5eoSg5UFRK9AGUEdWoTSHD66zMYVy+zcWWJVs3r8BoQo2PFP0T+pEKsrCKWhC7HeWyTs0pXntOU97GtpRFeiECAkeX/AcHWFaH0Kr4sBiUW6ihBjsu2IgSgUShmcSMx9k2coYahri3ckNn2XO6LQKJ0jZFf8FzpZRyFR0qCiQwSHTN2tVPaQKjFGhUwhw6TXxxiIuiCYZFHQVhMgsDEaEzoWsM4ydGaQSjLa2kQbg3NNKngrRZfz24XtysTc7wr+MSQHfxeS7RAxJDa/3G0CyH2WcacW2GVgBoAo8HG3gRFT8Q5A6T2JVQgRITUBaNqW1tr9pgykv6cUeZahlMJaS1M1bE4qmmfOMm0CQWiaJoApCTqnjZKgNDtVyjMwpiT6hugcIfq9gy5USgEJMezZEYUIi8M+s2rGbCYRBw+i8gKd9+iVKrGGteLoiRsYjTf5xvj4OV5KeKECiQC8S1ZyVVVR5gVCwGw6Y2Nzg+gdFy5eIM9zhEiNISk0wUaC9EglyWSG0nDdwjJ106BsJPdw8tAxWmfZouHc+hVG4zE6tdMQXpKh6KuSYdGjn+WUWY6rawKWyWxMVbc0LlC1Ft9GlBT0sx6DvKQZT2mnE5b7Q7LMMOj3UCbdD6VSTKuK6CWy7BpnYj8w9eU81IuYFAByt7kfIUiwsruJtQ4lBLmQzGrHicVV7ji5yMKix1ycUV26jIhjdJPG51oKZgNDedtR8tuP0TQTNr/6NPpyg1yvkTOLyzXjnqF8w41c/7feSTw8oPrgCHVccfMv/Bjm5CFWC7hTiNSoDw4rIj4TNHiU0sgAWRCEuuH8k6fBBrz3SBIRJXq/3+R/Hl4dt+drxs4omc2Slc+xE32UTA1bEQNSpAaCiLq7Q4uk0qksO+PIFx9+DO8yYhD73lDfYu/tKi+EECmIWUi8S/ee1Bhn17sRsAg1pRwIfugH7+Edb72F77/3NurW8oF/95fc/8FPsba+Q1EMMIVDGo13kRgzHn30ND/2vnsZlumcvf2OZUTYxiiIHiQhvT8OguXQkVWWDwxo/YxcD9FS8vE/+Rz/6nc+wfZ2JAaNDAtIVdHvT/nlv/tTvPmtR/G0bK5vItwyzazmzW/+Pgiws7XDaHOTm47fkOwxBYjg8Lbi8uVLZFqkWYnOCR6MKVL+1Mwl0kFR8MCHHuStb7mJlVVFLy/4xV/8YX7zn32Yz33+SaRI64C6qZFSUvaX+YWf++t872uP89v//GP40CCVxPoGrQygqOoKIWSyuozs5QZkpUbKaq8hMC9s72PX7qquazY2Njhx4kRSMM8xx4uMeQNgjjnmmGOOlzyatkmMXilZXl7i5MmTGG346Ec/ygMPPMDZs2dxPsmN+/0BdVXjg3/O5EogcD4FfX63sbu8idf4nEYh8Bg0GtFus/nUk3DmLL3RlKc/eD/tpx9iYWeCsZBHgY6puI3zlIBoBN4Fnn7kFI3WBJkRo6ae1DTBMRNgVWBYDiiyfmfLMcJ3G2CCYJAVDMuS4/0e+XCIWZQpNFUZjJS4ukZGyFG48ZS2rpjVDUPvCcIAAhWSL7KwyeNcpVUAoQ2JSenTCkYqjSCSB4GKCqcla75lrZliRURKifGeGwerLBULiS0loG5roksLcN9aiDWq0ZRSUEYJIkN6gfC+W0dGJJad85cZX1hjcWGRpdUVrlsacsD0kGVJvlyitUFmBmsUk+iomortnR3WNjfZmE7Zns5wIqIE9MqSYX9A//9h702DJbnu687f3TJrf+/16x3obnQD6MZCUFxAECQBUhIoaqFlkbYWKiQ7vERQNhUx/uJxTIwUtjwTngl7ZiQ7QjOiSFlWWJREQYRIShRFEiJIAqBIAMTSaAAEuoFG78vrt9eamXeZDzezXnWjwUWyADRZB/Hw6lVXZd3Myu2e8/+fkxrUKGe4uMzK2jKZNIyColWrkSxI7MlzaKkolCDpNNmyYzvt63ZR3zEHtRo4x7ZOh/XVVXqnTpMPLGaxS3N3EcnUtXk6u69BpE3yYNFCI8c7DBPz4yudHvrbwQdwUmCFiwY9DkyI/tle17lq7w2cevYIRZahGh3kcIjMRrFLCI9QoJI5nJjFFwFkn0LkOARCzoARkCgwCcYkSKPwQpfV4xteZJ4QOwoQJQEvxlYXQZSvJdZQuhDtpmSoxECJrLXQ2uDtCD8yEAryIic4jwySRCfQnMHaArQsK+JDXGAIeB8zPuJoKru0an+J50eNIBQWpXSsspQKLzc2ZAzEjhP3DWonjKuQvbWlwFp+xlh2KSZVmLL7AaRSJREgsdYRgsILBbUGeYB86BHp7HgdlJLRKikEhIhkkfCO4HKslwQsiLguyEBAoI1GCxBKUOQ5IgSykNNfW4P2TrTN8YWnEG2CjgRTnvXp6jbr9HE2g+AIxI6bKWnx2sJkxs9YWFKSomFYXY35MNmozyh4vPQsDNawwbEsc4z3ZHZITdTojBoUqxm2leCwiJrGahCdBJvBwlqXtWNrXD03T6tZZ5R1sfkIkVk6tTbz7c0opclyi8wlyguM0CRSQyFwUrKpNUfSSSiGBb3ekNMXFsmKHDFvGOBZytYRFPgg6C8vs1nmtDsdnHXkmWWUZSTUSVw9ksvOIoMrHVEm7MRe66iGKarAcQjOkxqDRqCcRzjwhUdpRe4KrHNk3nHtTfth6yzLX3qS0cnjrK+tMxj0IOvTJCH4giLVdJuK/W/bx8yte+mFjOdXzsDCiKulIUhY0zmZGtHcPYN481XYwYA1k9G8djPihnnyGYn3nsQ5RGoIQiELgTMSLwNeCZIidokVwpEri+t7isKRIrFFQPqA1C8l8b4/yH8Yn/BL4dzmKadPr/L6N+4ob0vKi0LIECJBhgRFHQJIrRiqNo8cepKDT5zE+U0byxQg/MWfU3UDU9pkChEXX2VVVUJDfH6iE0A4EH3279/M//EfP8COnbOIXPP5Pz/DH/7Rpzl+fIFgFUHNMCpAyAQXDEJ5AoYnnjzBieMrvOnGOYYu0KgZ8mKJdnOeHj2kzJmba/CWW9/AXe95Eze9YYaZTU3SRJNZkEi++pVHWL5gsa6BVobC5tTqPd73s2/n7XfsRUvLvZ/7EtddeyMuO8fC2WPcfNP7qSeChXPHeMc7DrBtazresQ4c2MoHfvGH+cAH3sNwIHjh+WU+8uF7CWGGPAOTCGr1OgGHx/L00+f44r1P85Pvez1JCre+dSf//qqf468fPM7R4+doNlsQPIvLi7zv/Xdw3b45/st/fpSnDp1AaIExCp85CpujVA1tDEVhow2TdTH7Jzj6/Yy5joj3C2UGgBifAzaKAoTYKNAKIYx/Klz6nkt/qrndK0GgV5/ny8Kf7+TncpBSIqXEOceJEye4+eabqdVqf+fjn2KKSzEVAKaYYooppnhNo9Fo0Ov18a6s2jMJe3bvZs/u3dx221v41//zv+a+++7jYx/7GA8//BDra12KovSTLitDL8XkDdorHVJ1+U+LpJsiIIZdeoePYBYWaC2tsvilBxg+8HXm1ge0CktlhO1EFACCKFABms5gF9cwaUKWerrCIdMWKqlhsowwGjAoBvTXC2qyzuaZOfbv2EOtXqeWGGpekPiA8h5pLW6U4fIC2x1CGECAPMvL7RkQ+ZBUKWZ1AkrFUMUgSWoGWYadJmlaVmIFfHBlwGdASBnDVkUg9ZFIGRpNd/EEfXKyANJBG8GsqbN/fhs1oShUFHJUyUDKCXP8Io9ZBEIEhsMRNo8hpMEHcAHnHXmeE7pDBr0zDE5AzRiazTqFkKAUSb1GqClMqhGJotOusXfrdejmLaTNNtYG+v0ua8srrCwv011bYzDMcELQnp+nldawwdNzlvrIUssK6sIhBdj+kKVTF1g88gKz1+9h87XXoDoNRLvBTKtDvnya4Yun0MMoyST1BJUI1o7mzFx7AGV0LDebqKr+PmEYvi0ClYAW0AGkd2ivUNJQBIk0DTy1KJiZBkVfYoRCCIEXDqE0tfYWgt7JyGm8WELJdZIgEPkcmRAUiY+Bj+WEM9pAXNx5EI9Lj0QjhCzHVf5MjNdXX2FphYEX+BC7maROkVoTTB0hHDI4vMtLIyEfK4OLPLbeB0EIrsr/JeAQzsUPiIddzCIQjhAkBoksLYKkNqiw0VUTZQiQIZoW+XJ9gvBlvkL52MeVmnwe/AThx3i9AYIoGQvBWAAMAkTSRLJhcSV4eeI9CIlUEiU1TrtxiLKUAVfkoPTYwchToLVEJYZiEBDakAhPhsSrGioBlMAXBaujQK5SBG56KL2GMUkWVX8jBFJqhDJIEW2lZIgZLTZ3BCMxiWE4GuCDQ2nBNdt3ka/1WR+sgPGoumIt67O+tg5S4SggH5CONH3XZyQtFI6GNMynbeZMCy0NQxvDqI2UtGSDxAucFSz3V5BS0FZNUmHYXJtBzhvWfU6S1nHK4VPFsOiyvtZDSE3eW6DpB2gdrWWkVEjhYuaICihd5m8EB0FdEed8Ud6jbPy/PD/r2GWoQyApK7Rd8NFHPBEEnRKSwKguqKeBfEYy2KopaGETR9jWZFTEDqdMevyWlPzalLOdHqt2wHJa0EQQfMCKgBMOHQKm8PjlDJnltAsNPqdYW0PSQlqPKyxFsAQlEBhEGju6cg3aOQqf0xdDeoMBc7JJrd4gyDxeD4SkKLsxJ21rvhdCm18WY2/9cSlL+Vti0jbnFpYpnEXqSvIuO0BwCHzsPnOGIjMcOrbEf/u9L5DnbQhJeakIiEssgEKY2Jeqx2HjyhsvxjGEd/xcNbYQryFCGM6dMRw9ep5P3v0wBx85zXA4BBqR4CXmbgkhsT5eX4SQnDyxzLEXz/GGG+aQQhEYIuUaQRbsvqbDe37sPbz/p36ETfMFh4/0+eSfPsTzRx/jV/7Xf87e3VuRKWzdOo+SQ0JI4/lIBTbN1XjnO29kth049Mwxmo02116zm//6kS/S7V9glK0yHGxFCs8v/sLfh5CzfCGj3Wnz5tv2cO3+q/iLL3yDw4cXePrgGZ4/soQSLXIhGOYZSWIQQiEQrK0WfPKeJ7juwE5u/oF5UIHd17TZfc0t9Ia3cPJED6NT5jYpTp/q8+/+7Sf46wdPs7aWIZXGWo9WCbm143seqRRpmuKNYzgakOgEoRWC0WV3m0ny/6X7VPXdXn6GdLn3vBJC/eS157v5vMu9djKfYmVlheFwOBUApnhVMBUApphiiimmeE3j3Plz/Nqv/Ro/8RM/we23386uXVfHyb8Q1Os1Gs06P/Mz/5Afefe7OfTUU3zxi1/k/vu/wpMHn2R1be3VHv63RFXNBA4ZPATH6tNPo06dptUbsfKVRzjxma+wteswFiKrFwn4inx0QmEFhCAYeksvC9BusvcH72THVVdz7NBzHHvsILP1DlfNb6OR1pBC4LwnDQliBPRHCOdJRKwQVtahEGhVwzdKy6IQ8PVQeqwGYLb0Eifa80TTY3zw5QRNlQS8AyGrgiB8iMR9vD+OFdMOibcWFQRJSQqmCJp4ZOHIBkO8ByeijYDylDYmpe95ebOtiHkCM6qGasixL7wI0eTDF5bgIpEaSksUpQTeO4TNoVegeoGaEojUYC94ChlwSuF1EyVTakLQMIqr0jnkVVvoBctzJ4+x1uuybc8ebrzrTsKmBucOPsu5e7/K8sJyDBJEUAsSVgasPPosvRdOMbdvF519V2Nm28zXmpw9d5rVwYhNWhGMRnpHujWweuoEs1ftIBiDUEnccyrGc1qt/LIQUmELhy8zQQQyBjoGgRB6HFIrlCaVBpnUUSEliAJkbNmWookMHiVjhbtzJcEdIqk1JrrKYyFW+lfWXt/uuwlj8SJQetGXHv1CKgQOgkcbgxDxFUr7sqqu6iCKxH2ofPGhDO8tq+o8EKJdgEGgAFc4VGIgRMHMV2SODygXqyd9VXVdrs14tIGXPA8l8VIJGuNnQcqNfTTISrSSeL6zoMeNL1PFAGEVfZ4rOyMhJVKBdy6OT0iMMdGqQAt0kmKSlIxIWCijolVQgMFgQL2W8AprwFP8D4AMkPrAJmnIZEoqAi5RrIwsQ2dp1OqITpMz3VMUhaVuA93BAru2X02zY+iLEWuuR6/fo5/nuCBITQI1yaLIoOijpSIEz0yrzWy7RcMYUlWPHWYqit11k+BsjssLUqEp8hwrMhIjSeqadrNJb33E6oVFQi2K11oo8lCgjIkh90UehUsZybpES5wEryWY6C/uy+6zKxmFluTSgQ4YIxkqx7CuaG2Zp7llCyJRFMqjZ2rYmmDT7dczu38n0gn8wCGGAe0kwnryQY+RsviOpu8G2GGGCg5pIReSIni8MzQ8DB47yQv/6ePkts/KmePI2Rqf/79/D2ESEifQRc5Q5eQyIJFYKekrgdm2iU0zbdJUMagHjEjYumc/IgRslscuRWPIgn21N+3fHcb73KQtz8vviFJKzl9YIMtz0rS8X/QghSpvWwrQgcJrDj59lv/wG3dz5qRF+g4eA+Jvsi0vRw5X2TieeDGv8/yzS/zq//K7rK4s4ZzGFgqtEozRsbBehGhVFBwIV16RJWtL6yycWcFZ0Br2XbeNn/3Fd3HtgT38wA+8jpnOHM8cOsrv/O7jfO2vD7K6NiCIVZ568hz7rt6K0nDV1fP4cBhErbxwO3ZetY19e7cAguuv3cvuq/dw990PcN+XH+BD/9M/4vVvOoDQsHff9SSmzjefPsLv/bd7eOed76LdqXPombPc/YmvMBzWyUcJzkrSWoLMYwZQVkQbQqUVSjR55JET/OqvfIyf+uk3c9vb9rJ7zzZMzaANbN3SYuHcKvf8ybP82ace5OSxNaTYhNF1pBJkWY4xmlq9gXWBLMtI0xrd7ipSahqNBoPBEjWtsNaOC1Qms5mm2MDa2hqDwYDZ2Vkq29oppnilMBUApphiiimmeE2j3+/xiU/8CZ///Oe4/vr93Hrrrbzvfe/j7W97O81WA2zAh8Ds3Cx33nkHt956K//0n/xTvvnsN7nnE/fwmc98hoUL52N4a55HOxr/0q6AVxIbU6hYnWtHXQSO3qmT6OUFGt111h49xMkHHqbVtdQLCEjCRLhWCNFDP5cCKyXCKwbOk2uNF3Dh8HHOPvkcw5VVtrVn0CNP4iUtoq+4FZFIl4BQGm1E9NwPkUf01mGzHEvAC/AixGp6Nqp0fAh45/De450viVZfEpOSUHp1ByGpAo49ASlFrNqUviQHJcFqOiTskjNYX1Y7U2CtpTscYMIEyT9BPFazC2NMDCoNsRW8qhKrXilFGdZYVjsrLYn5ipFEDD4KBSZE6yLyAg0YAiEUgI2ksZAIrbAqZhqMhGN7Umfn5hbFcpeDn72XsKlFTRnWXU6jVUeblFBYeusDjAeDIV/ps/DNF1k/u8jstnnSVpOW9SwsnAYPOxpNrJQEV1BTsDhYY8v+G8ow4WrNprMGoMqDfQkCgdxaELF9G+8RUiOSFOE83kY2P6iUzAdMEHhlcKKGo8Di0CIhCEcQtrLPj/uuEmXR4UTpuwhVfwq8zKROlMy9mHwsZRTMQiAeMqUcECIhKFEQKtEqql6+qqyXpT2PFCUpT3xN8NHiSBArh7VACIkPAecLgjQ4EY9tV3Uk+BCX58M4u6A6wibrPTe273jNy8fhJZz+WEiozhlQkvdc9Hz1+7It/QIK78eBxqWJEgAqSQnBEXwkPUCikxrDbAiiiU7rKJNCiMS/VAakAiUZ5QVzczNYOw0tvBIhXaCuDLW0TkMqRM2TBMGwGFJvtnAisOIUykpSAfVagkoVadpEt1q4kWF7XZOudFldWaeVptQ3z7LUXWaYDTAjaJLQqDeoJQnKQT3VqFoNqRW1Zo0kTRgMehit0E5hVEq73qJdb9NoddDOcmZ1ke7aKn4ItWYytsWw3lFPGljA2oJWp4ZJUlS9RjAKJ8CJgCMeNxMNb1ccYrECeAVBShwBS0A2UtItc6idHVDRbc1LsMKi5tvImTpaGbz1SAdYTxgUyG6CGY3o97vUpWR4totcG6Ctx0uNlRofBLVC0DuyTPfUGazJGMg+rfZVtIeC4ugyw5MrtHa02XHbtfQ2xfsHJTReKGau2sn8/By1Vh03E8fQ0fXx9xeIInElvH7vYsLb7SV74MS9dIhZRcvLy/T7fdqtNL4vBJyXKJNgURQ24ZHHj/L//tanOXkyJ/hZnFdVNUe8XsWtC0xeDy6+Cgkho+Ve8EiVoLXC2spOxhPb1aqClQBBM+wDoYWSkNRNOfxY5S2RiBCF5SzvUhR9mo2EmU6KVgobAloIrj+wg3/xoQ+gUs3h5wZ89MP38vWvHaTb7TMcBIRqESh4+KEX+Mkfez1Gw95rthHoAy0EGgQ0GnWMrqEE5FnB7/7Xu7nnnvv4uZ//aX7877+LT//Zl/ixH/1Btsw3WF8XfOYvv8aXvvIEzz7f5a4f+jGC2MzqqsHaFC1beCw2CCg7bPEeqaItYG49Jmlz5kzOh3/r83zyUy2uu/ZqOrNN+oOMxYV1Vldzls71WV4ZImgyzHOy3OG8p9FoIJBIIcmyAdY5QjaKHQAB+oN+nFc4F238pviWGAwGLC4usmP7jpfNEJliir8rTAWAKaaYYoopXuOIRNv6+jqPP/4EBw8e5GO//zFuvvlmfuEXf4F3v/vd7NmzixBiJU+9nrJnz272XLOL9/zIezh27Bj//ff/O5/61Kc4fuwY3V73VV6bEuP5lEPrwPqJ44TFszS6q/QOHuTFL96PPrtI03l0NC/h0tqogKSQkEsJKIqgKdKE1dGQTUuLrK2vU6836BZD5uoNKDyDrBenUVV1TlmpE0p2QSNjlX0IOKIVQTUVK2wePcdDJFfD2AMlxJDQqt06BEJpT0II+FIAIARKh3SUUCBCrKIOEh1gttOhjiLknlE+woeCWpriTWwerzhPP96KG5PPIjiCj1soMQlaSoQsqdgQKVVXhvbFCmKBLlUCUfrGeg+qFAmkjPtdXK+y80IUICQy+LgcAlqAVAabaPr5kBNHjoMSXH3VVVxYWWFrvUG3N2Sm06E202S42sN5i0SRZJb83ApnTp+jMBLZSCk8nD93nlanQ0sGgglQ19TFJlaOH2N2zzUI07p4XjwFcDE1Ecr/+eAxSQKoWO1vZOlXG73m4/eqsc4igi0texICCQiHVybuE9h4jESjnWh/E8sGyw8vPXco/YgnBICXFLqPw5w3iKRQdvEg5QaJX5InUTYL5X4oxn+NbRjGYwAlS0fk4Ak+iqMIR3ABKTXBewogYCLBOH6/Hx/nCMeYbhR+ottkgpAZ+xeVlg1+wg6iWmFRjXniXFG+RopYxX85T+CXoOwoKqUDkBOLEgJcPMdQbnetU1ZWFlGdWbRKsR6CUkiTYowpvyNJYR2tdhvn3VjkmOLKwcgVeO+QSuDL87WuJczNtpFGsrYeLfFqtRqtWot6Y4bnF07SNSN233wNc1u2Yk972qbOJlUDH+jMzrG6vkhRFLgi0Ko1kFrjnMfZnCIfEZyPORYiifui9EgVs2+01tTrNYTRdLM+a8MBQgdMorHKx+BYIUEq6vUGiY6ZAnnhMHmBNilKKwLRvdsxca29wnfQ4D1aGEwQaBs74jIv8B7ytYyQRKMzpQJKB7z3WAdeZPjcxnD3AOSWMLKwntEYCmzf88zXjmBPLWNcC6SOPz7eM7SkYpQNSebb7Pmht7Hzx25HCM2Lv/cFzh0esn3bNez9yZ9AHJjDCYcUBgoPSQ2IAcEuWM4cPc56t0ut3UFrjUBgrcWrb73eVzYud04ubxgrk/7qhhKBD45er0ev14NtKQBKaJKkRvA1Bpnma48d5Td+8w9Z7SUE2oCM6dCVkHKRAFB+xCU5IOPPJRaiZFmGLcPnN8YdNkSAIAGJK0DLerwfJYwvoRJRkv8BoyymMWLP3s384A+/lfe99y6uvT6gkrjM1AiSNPClLx/lt/6/v+KZJ1eidZdqYVJTjlvx1NMnGYwCzbpg//5d1FJPXji80wjhGQ4H9EcjRjbhucNHubB0ll/5tx/ijjvfwmc/+yD/53/4MI8/9iw/+uO388SjT7HWLfi1//0/0252eOgbR/nUpz+Pp47QChccQisKX97TErt8HYE0rSElWJez1hvF3B8nePapQyijsc5RT5vkmUV6jdB1bAFKK1qt8hiQ8fra7/djDpKK1+Ner4fWBq1V6XHvpwX/3wG895w+fZqbbrppI7B6iileIUwFgCmmmGKKKa4QCLyPVdijbMBjjz3Gk4eeZM+ePdx5x5287W1v4823vplrrrmGdquNcx4lFbt37+JXf+VX+OVf/hAf//gf8+v/z69z/MTxV3dVoqdOnJwITz5Yw3WXqa2t033iIKe+fD/h5GnaWSD10ZO7qnj15WQrep5DIQVWKgIKXavTG/XItOBc1uV8vspgsIhxgXmTskmmNJUpa5QD2mgQgiDBSxGtw4VAhVhd6W20T4mBnqEkVcO4HmxjMhaXJxDRroDYRuAnCL1SHoiV+TJWUYsAwkcyTuOxPpALhcchdKBu6uTBktsBmo2KZIQoicpxGa1FhQ4AACAASURBVHEpTJTVxHYQvVwnqFRB9XkeHxxSSJQsx11yucH7SPCLKB4453De4nHlOgmECGgUMY434Dz0fcFpO2A1OEa2YHu9QWt5BUKgGGWs5yMW8gGb0gbz7To299Gr3VkUEhx4l5NnWazh1opDDz7I6xJJs52wfPQFmlqShcBgpkNzvharmKe05ctAVjX0CKlI0zhJtkCiDThXtsXXyDIXbaFchvAxDDaS0eX2FdGfv6qt3+D14zHIOCy3IrKravaN42QMUb6gIss3fHw2qvVFtNIK4y6lECv5hESoMltAeMKYjI9tCZLYceOcxwVBDAUoq/nxIDesbwIiduUIxutImOgmQEWfrrHAISbGO7ky1QjL91Z/XWIfFL+HMBF6HsruoMlqzpcPz4udDrraSuWY4/HsqQiH6qwWswLwEl1rglIMBhm0NNrUSGoGhMIHgXWeWr1RigtTXEnwAvo4Bm6Eto6ec2TdPsF76jQwJCxlA2SzgbOONZuxdOEkPZ8zEgX54ilumLuO2dkZsu4SW+e2sLq0QjsY5lUNn+Tk0iPThAJP4S1SaNYH64AEJyh0QNkh3d4avf46xWhEzWgy78hdRu49Q58z8gVJs4bRYLEIrxE+inXD3oB6vcFMa4bcuWinV1hsYSGAVqo09Lqyz/SC2HFYd4JaDkkhSEix6yOOP/YUJ1eXkElCsDlaBoyA4ciT5QE3HDBaW0d5jwkBX1j8yCLygBx5iu6IleML7OkbEhwCBy6e77xW9FVBv2O46gdfz45/9G6KfXOEk+usOksRAhYIiUBsquNFhrAQCkmRRF5aBseZY6d55pmn2b15GzvmN2PtGtZZEqUQF6fVfo/jW3ce+hwG60PWV/sQNoOQ2ABhBIWr8eWvPMvv/MHnuLCU4FWNIDxSjspl6rKDrrrT+9bE6OT1IjEJhIC1NnZ0jn3bVRQUSgGA8bm+OqL8eI1iZ9qIAzds4x//s5/kLbfvY/uOJomJL/fCIXGA4bFvHObf/eof0uvNEWRCrdlgOOxTjDKkDGihOfHiCidOjjiwv87VuzZzzTXbef75YizrnV9Y4MzpZXbu7HDgxn38mxt+GZPW+ebTJ/nsZ77Onqv3U6u16Pb7/NQ/+ClWVzR/9umv88D9T3NhuU9eOOr1hKwYAR58beJaFkhSycxsh+3bN+N8xpkzxwnCsG3LDpaWzrNt5yZ27NjBsD/i/PlFmo06wkuENGzdtpMz5xZYW+uT5QX1eoOiyPE+gBM4F20O6/XGxvYsbx+q25wpXh4hBE6ePPmqd6NP8f2JqQAwxRRTTDHFFQRRks7RyiLPc44ePcoLz7/A3X9yN9u3b2ff3n28973v5a677uKGGw8gvMQHz9zcJu644w4+/OEPv9orEWELEJBnPdZeeIH53pD86RdYeuAhwosnaWVFaXsTymqlWLHkhKDnLcEkoDUDF21Bao06QWk26w41W+CVQc/Msdrr0u/16I365GKErPzwy6VCwCKIJjeUc7tImruSrCvrpKv0gYtWQ1z0W2wIBUw0OZS/K6ONysSj+req5tkTrYkqIj+GlpaVWhPLrJq6Lx0DXGyTUE0kRfm4GmNFGYqJ9/hy7ON3luPY+G9j6qsQ4xuoOpAQ7YW2NWq057bS0oaaC8w0N0Xxpd5hzeVc6K0xkBnbmzO0RJ1hv09dJgilMB50mUuQ2MBweZVjDz3CtZ06zV3bsafPYRCc+uZT7Lu1jmltIgTzigShveZx2U0QYuW/AJMkMXw2lGS9EoRiyMymLSxmA1w+QDUKfNEjqc0QBBRBltZVNjoTVAGc4x1RlgG3ECaIihBACaI9ARuBv1Rke/lHKC21JGWgrihrfct9DlkW2Ycopjl8uQe7stoylI/jMn1JqAtRnTMqojwKbASHKzJSbaKgGFwMWixtsCqxQJQTeF/ad110oL3s4/i5G6saxi+JGSDlUMZv8OPXfOcIY92kEv6CEONzR/AxwFFLQ5YXyKSO0CnIaOHkg0Qqg05qBKERQpEXFpOkWB+mx9GVBgFOwShYhCvI19exgxHeB0w+xKQJQkvqMx2WLiwy7PYRXtHY0qE3XCbLM7SSCKUYjjKarQ4zW3aw2FuljqZhUoSCkbMMXU4nqTPKC4oiJwhJkqSM8j7tRhsz08RnfYyo0Wy1yGWg8Bnd0ZCV7jpDV1BrNHHCk7mC3FvAU+Q5bpCRNNo00xqJcwipyYZDGs0GRsTgbpxHjwW5V3vDT6Acz8V5IJWmeUnHQojddVgfu/8CkDlSBC2v2G7aOOsIPqCdYzTsY3OBlAbpU5qmBUVBwCFUijdg0KgM0k2G67buIxw8Tuh30SpFZgU1Y7AyZ9AK7PvxW9n6D99CceM8Ax1Q+YgLWZ+QiHhu9eCX1wipYO34aZrtNnLHVrxJWDq/zNNPHyS4gm3bthGsw1uLsxajTRSPhYiVDa+l7+cVh6Ce1llbXmdlyeNdHa9B6oT1os299z3Nxz9+H+cWBD604y4SLrqoTvxcjLChHo/JfZsXKCVRKor1QgiSJIk2d7Yg3tnJS5Y3IaxXox43rAmU0uzdt4c77ryF9qxDyIAtBM8/t0K/W3DbW7fgRQzVXV+NHSpIyIsCpEKJmD0VHKyvBb7y5Se44cDb6MzCG19/C0e++RCCFIRkeXnEg/c/z4037KXZrGEJnD5znsefPMiPvvcObjiwh207NjMaJTzwwNPc/fH7OX6siysaONsBRhRFaV8pDCDL7Vl2KtQ8P/Nzr+eNb7yFQMF99z1Atzvk5z9wB7/5mx/nuuuv473vfReDfs4jjxzEWUORW173+qtYW22S5wN+//fvZ3VlxHCQ41xVNKRQSuPdRrV/CDZmJpUnhWmuzrdGCIGVlRWyLJsGAU/ximMqAEwxxRRTTHFFYLIFOP4dqV5XetD3en1OnDjJ+to62mh27drFjTcdiJ7dRBGAsPH+Vw/lRCY4gs+R3VU2W4F/9kXOfunrDJ5+nvpggPJlwC4QcNGrWwqsBCsMNBp0RyMQinajiTYG6wOJh1ltGGWWWqKYa85Q37wNqSReRO9J5x2O0mIgVI8FjmjJ44mkoPNuTO7F+VclwExQ7Jf40V88UStf9ZJJsUCpSF7HQODoTx7Z/Vi9paQk0ToGIwY/rpoOAS6dIE6Sd0KIaLNQhaOGDbmgshkZk5vj95Qhxd5f5EWulIq+/2PBIJZ/p0ajlYbgqVloCYWSilE2IhuNsKMcCaRCUBNxwqSNQc5pznRXObJ6nj3NeWYaDZbWV5mtt5AhWkioALqs2h6ePseZx5/k+p3bGax2GWrF7O6dnH7+GXbd+EaEmeHiiez3J/sgLvkNRMJJqyiuJDUQ0UYKpWImYAikpoYREuctwg8RboCiQKKQogq0LvBCjr/7ctFjoUyUGRaTHxwqW63JAZbz8qqoXoTqTBD/H0n5CWlLEF/kq5yMUoQqw4Zl9c+ECQvqgPDVcVjtywIhbFkV65BGIoNDBjVel1JCoNQdLuHtLg4B3njsS5kQhPBsEIAbNkESz0Y28SR7Gb7rEsHxabuyLasUhYqELIVNIWWZSxIIQpMVDoSOMqbSaJ2C0kilUcogpR6P5fv1+LlSIREYqfBYggs0anWUVDjnkEqRZTkayWyrg8wDw+6QWVPD1DdjmoYLp85w7rnjzDjDJtMhQXP2wiIjmcVzhBR45xm5gn6wKBnIyBnmObOtTViXgdW0221EakiMIRjFar9H3+ZkzjLA0i+G2GH0tg8qkAWHUZJmrYFSKSYI7DAjqddAKTJvMVKhhUQjkL48Xq7E3XPcDRQfe6JdU9X9JKVgxjSpqZQo5FlGWQ8zM0t9xzZmtu8AY8A7qKVR+/QWCkcY5PjuCFUoijOrHD27Qv7iEgRHWsr6AzekvnuO7e9/B/7mWdblkKVTSxy5+3OcO/Qc1+o5VAj4YYZKttB94Qh/8L/9J+Y6c9z2j3+aa9/+Jubm27zxzW8gW+zTqNfBxdyW8fk7TJyzL1r3V2ojv0qoTulhowHMOYHHcOG8JS9qJGnKqPD88ace4Pf/6D5CMUPhEhj3tTDBwMNLff9fHt57lJLj7jFrLXmek6RpvE6KWPYRKK1+Jq52FxeJbMA6wb1f+Cqbtgbe/w9up16v8YXPPcyn73mQREs+9sf/hvnNAiXrGJ0SULgQMzy0jq0CeZYTCo1ptjh06CT9we3MtgRvfvPr+NNPPIwQDQb5Gt2u4GMf+yueffYMr3v9NvZc1+att9/G+9//kxAcvYHlc597ik998sscOXyWPGsg6dAf5NRqDaQIeBcQ6CjmIzautQIgp9MJfO3rX+DcuQVuvukmtm09wLatc9z21utoNGocOXKIbzz6GLe/7R00mx2azQbOe/6v3/iP3HTDu8iLHt4LnBUY08C5ApUo8jIEOM+L8bYTCLyvCgfCeL4wxeVRFAWrq6t0Op3pvccUryimAsAUU0wxxRSvcXzrsjchJLfccjNvetObeMc73sE73/lOtm/fTrvdeslrXzj6Av1+/+9wrN8JAggPxhPWB4gLi4jTFzj1pa+z8OiTdAYZypc+8wKsCAgJVoCVgkJolEnojnKUSmg2miilCMFF4xMVLUvaKl7iC++Rw3iTHgR0EAShJwgFgZCirOAVZUgu0T/cWZwrhRMRSpI8RLONUoCphJjK9zuUFibx8QRxPrH+Pviy3SAatYwJTh8g2LHfsVIeJeW4OhkuFhgqVKQoMPbuH1cgho2ehLEA4Ku/q/f78fMbAlNACEcIRfRJr95Q9jcHIQje43ygh0RpPQ4T1VKiRPRNdYgouHhPw2i2z85xrqc4NVxjpGBmpsN6f0AdSSolysdqbOVBW8fCkRfZdOgZ5t7wOgZLyySbOvRsxvrCIjM7Z773SYbvEDEf4uL9QmmDUkm0eZGS4DxKpdEKRyeYpEmSNsmKLt4O0WYEboSSjbExgCvtHWJ47QRRPCaiY+Xghs+/GPeYvFzB/KV/x6r7MEEmleoAASEq//yqXyd2tMjy89VYUKzYcF8GWm8kZQh8DMbGIUPs5RE4RIg0TLWGgolumeo4mBzn5GMBZWJx6Qw02ZfjxwIHbHTvjB27KO2TvgtsSAeTVaKhzPMolxqic1E8VwjSRpOBh0DMexBC45EgJCEItEliN5nzTA+kKwsiQOICTSFjB0eQzDbaGK1Z666DFawsrUGSsmP7dua21ClqI4QTKCFpyiY1k9C+9jpUBhbDwtIqi/kAX5esj0aMco8RhrXhOkV/RJIY8rzASVAiIytyil7AycCgGFFLm9gQ6OcjFvvrjLzFiYA2EuvtWGwq8gIlE4J11JMao6KgNxwxn2zFeY8yCqkkUsqNjAx47XUAfDcQUQDJFYwMqARcAoWK3XYygJYKKwM+VbT3XUXj+p3Ypka6EAVLIXC2YOgdNsBAZgQ3olUIBnKJJTGgDeBBCxnze0TOlv1XIbcl+MSil4c89pFP0rvnCW4azdIJgbozSGMISqCCYeuoRjh6lqVtj3LV5p20brmG1pYOdlTQHwzomAQow+DDdy9mfi+hIv4rjXuY59TSlJOnlxBylvOLS/zZn3+eP/6TB8iLVrTxfLnOxSAuuy0vV/1/OQgpMcbErIkkifdnzn1bcrU6rDwChKYoGnz8D77BZz59EOcKur0RNi9o1Ec8+JWn+Ym/dwtRenel+B3t54osA8BoTRAKIQKPP3GYkye71A90eMObtrJ5vsO5s55Ed8gtDLpDHrj/GRYWT/Hvf+SfIaXhqw9+k68+cISHHzrEhcU+IdRwtoNSBmctrU6NPB+U9+px3eR4TQJVL6tEIYPmzrfdydGjZzl96hjvfPtN3P/lb7B39076g4ybb7qR667dx4mTp8mHQ44dexEhC/7Vv/oXHD58nIMHB3S7lkRvxhUS68qCJO/JshznSsJfeFKjGOVDjEnG98riItvAKSoIEYvXzp87z+7du1/t4UzxfYapAPA9gOeee44/+qM/4vDhwxw+fJj9+/ezf/9+fv7nf54DBw682sObYorvOUyPuVcSkZqSQqF0rFi1tkApTaPR4K1vvZ33ve99/OC73sWOndtJkxppLYlEbHnTuba+zn333cc9n7iHxx9/jLNnz75aK1MiknS4HHv+PObcMoOHD7H40BO0+zm1wqHKKhohJYVwCK0Z5BZpaow89IcZQqe0mm0EAmc9siTwCQEVINhYvZ+IaE8jECAFgej9HUnCSHpLIuEtq0LDknz0QZZhvmFcYRt98ifXpwpY+87v8idq1pmsyqIkAjyxih9fRCuVMe++YRx06aRuTNxPWmpOFOd5H8acbdhYysSAIokbKLscyhJuUXVEVFXd5bZz0Rh+bCsjnMcQSX9ZVp8hwAqBCzFINXWSZq1Oa1ODI2sLHOuvsm/LdmZcnVGvS2LqgITCYoDgBNlaj+e//ghv2jpPe8cW1k6cZvuN+1lZWKC5ZRcm3Wgf3hAvvv8IicutsdEGKSXaGFwIUNgYwKlN7DJJW9Qbc/QGy3if4XyBd7bc2TRCulh5Gjaq8JGVajRp9xAqLS2escZkPBPCQDXKjb1v42UxVHgcLHzpmgUfA4JFJQRUVP3EnjzukIrjqfZjAFkuN5T761igm1zORQMVF/16WYwPn9JObCyITPxbuPj1fzMuIJ4zXxpBUAkAIXZKhDIJwDlQCSatI3yC9xZ8QAoFQiJKItakMUvDTgWAKw4iRH/2BIkxKWndM1NvIoVCz2hGWYYJimF/yPpql9lWm6X1HqO8j+kY5rfMYlDImiIYxckz51laXyZTgtQYWqJJIhz1pE4+yugPBgytjvmkSrOS9XDWYl3OaDSAzFJz8Ro7yEdY4fAqYIymkdaiOC8lTgS61uOVRyaCdqeNzgsYZTTbLXrZCK8ESEmQIv6MhepXdZP/7VB+Xx4oJGQarJYx/9V6EhS+cBTa0di+mWT3Fmxb4bTDDD15L8MNYph5XjhUkiC7BaxnhMxiRgXSA9SQ3uDRZMFjWinpVbOItKCwjuNffpT+F57mxvUZ9ocZhoMutVyCTiFVrJ3rkizDtlGHuUXwZ9YINzpUvQaJpnt+lUZnNtoYymmF88UQZSep5sXjF+gPJHf/8QPc+1eP4vJZCLHLI14gyvtGoYCL82AmMc7Tucx2NomJxHtRELRGq5jzU5HSoXz/WESTMgYFS7lR6FJ9DsQdFIeQkrxIWF4GHwwehfdDQhB86a8e44d/6BZmZ2Zjd2DwUWAOsWvUe09eFIjgsV6wvmY59NRR9u57A3Nzkl2757lwrod1ASlq6CQly9ZZvKD4rd+8j24v5+jz51lfsRS5QOhNG7k/waO1AizGyNLWMI7fleeGeC9PeaOqIRgee/QIn/rkX/LGN93EKGuyd+9NzG1SLFzo8swzx3jm2Wd56+1vp8g9c7M7eeKJJ3jwq8/wsz/zAZ58Yplzp58n+HiJ1SoBkZMkKUVhkTLekyutyPMuJjHj7tspvj0WLiyUnSzTHKIpXjlMBYArHL/927/NRz/60Yueq0jJz3zmM3zwgx/kgx/84Ks0uimm+N7D9Jh7ZSGEQkqJcxZfOIzR7L1mH+/+kXfzoX/5Ia69bh/NRgOEwLsQqz8FOOs4e/Ysn/2Lz/LR3/kohw49hbUZQiiEiJV11YTi73wCV5JhF1f8esLaGnp5lfDiGU7cez/J4iq1LMdYF11LZWlBIiWFgNBsUghFr8iRMiE1dSS6rHD3+FA5kYuNOVbFePtQlTjFp7ygatGVJZ+/YdMRxo8jx1YxhxMWSgKqmmiq13xLAu3Siv3Jv+Ql/QGVCBFK//RY5RQAWYaYXmYhUHUoTC5rYvIYqqrqi2Z8L4PJ76siSy96fRRZ4qOy8tiVb/RxTutFwAlwGpASA6Q2YHoWXVPsnJ1nzVpeOH+Gt1y1F5fnZM5hQhmb6sEIaAlB98x5Tn3jca69605czdA7fgK3OyHPMkxaw1UhsdXm+j7Dy61ykiYIFUUZnI/EsJSgE8g9wjSotzfhl44hEBTOljkMKobWlukXQVZx0pPEeFXf/tIBjGvnXzKwyeNkYocKEtCI0nIrlGT35HtCsOVOGIlBFyg7D8ocgYkPi8S+K9UugS8tegKyDPQW+CDLYO4ybED42NUyPl9VBMnlLYC8CFFYKB9HtYx4HFbBB6UScDkLIMF3satW2kcI0fZgrOz5SslE4KKFFhLnPO1OB+fK7JKqOUEplElQWhOUpl5vTCfeVzKUpLCWVCvqrSZS60hSmQQtoNFps7q2xkp3nbReZ37fLk6cfJELS+dxtcDM/ByqXufswjJLK12CdWgPidds6cwwKixJkpBlGUsBesUIJwXKSKzwaKNRQuGygnatRqvRZDAaURQW6x0q1aRJglGSVGkIkAdLKiTBll1CUqBrKYpAHhxDWyC1ppDx+mHL64gUXNFR1QLQkV+NWeNiQ3OULtCQhn42JKSS2d07EJs7OO0R/SGPff5rHPzsg9gz69RFg2KUk9br5EWOdgUiy6hnjtaiYlbMIUNCgWKAQzVT9NYZhimMspyFbxxm15JhX9hMve/BpyR9GD17gW8ee5GTn/sq9RMFezvbaZh5wtCT9Uf4WUNiErqjEaEDlLYz3vnv1LHmexLV/Vq89xLI0ory7IUev/5fPsETjz6OtTN4l8YCD2HjydwLopp2uevkJZ9RFqBcavVonUPJeD9vjKHf6wFgjKHIc4SInv4VIW2LgiRNx7ah8nK2WlLFjk+xcW0TSIRO8AgeeeQFzpxeodPukOc5LhRIHdejGqOUMZOmsJ68MBx9fpGiCAil2LVnE489skyrMcMgE2T5gFpzjrMX1jj+F4doNtqMhp5Et5EqWl4JCUqW1zvhCSGKHGMx/6J1qO4+JM4GVpZHnD/fY20Ndm7fxZ/+yZe5996/4l/+8j/hdbdcz8Nfe46vf+05bjxwB1Iajh87w13vfi/Pv3AKJeucP79Eo97CZh6lBOCQWpONhtQbdbIsj9+/dzRbTRAF1vb+ZjvT9yGGwyHW2ul9yBSvKKYCwBWMyxGRl+IjH/kIIQR+6Zd+6RUa1RRTfO9iesy98gghYIzhmmv2cNttb+WOO+7grh++iz179qCNwrsyGLL0qz9z9jwPPfQwX/jCF7j//vs5cuQwVYe21kkMrQqOV5olneSdI3focctL6NVVzn39EYZHj9EajtA+R0aTCmyIgb/CJNgAIUnpjTKEF8y0ZxHoWBcbLBVDVk3GYCMot7LWH1cGiYur4CerC6utEvWCcgLkS0/zEEWTsY3H30Y3uajaWF5C5kticf2G834IVVW7wldVzZcIAJWtz0s+asI65aLnv4UCcJFl0UZzwgYNelGFkx//e/V6VQkRInrNVwKLciCtRVvHNplCe54j+VmeW11g9+wM3YUVdNC0VYJ3BcJ5UiBoxfLRE8ztPU6nfj02URTDAedPnWDP9QdA6fE88PuQ/y+x8X0GEatm0ySNZL4QECK5LqUCnRJ8hlUNdFOBSBEiI3iHC2ULvdDRwV648ti4eKbtiV0d484AoFKOqldeusddOs74V1n9j9zItwjVPh+zAcLGEUy5UwHVcSlK64KN/TZ2FpRdOQICsZMHBDGmT8ZtVAkH4+MxjK2O/MQ6bYz44sd+4vFGeECIKcgTguKGVDIpAHz7KsFqERfXal76orKHofRJr/TOA/tv5MWuJLiywlSNEwkIwgACpWNwovPTisUrDV6AV4KVfEAdReIFvt8jzy1BCkw9ZagCA2nBO8JgjXoSyDoJw5HiwrDH2lJBf5QxLCIhWROGhjHMJQ2SLJBnBdZ6UmPY1Ongup5+KAjekdYSgvW4wlPXhlQntOo1rLVoKanpBLQkkZJUKDq1Js5aQh5IVcrIFXQHQ2ARaQxD68hkIPOOZtqOQaaUAtbENfvKO7+P5VASK1AFGBfFgODjdtce8NH2Lk1STLPFUMPwQp9n/vKvefaTD1B/scfcgqfV76G9RicFAzfE1DRF5ki1pCaapC4hOElIDYVxFMrhEsFIOLLcYjJPOzTQmWaIZZQo1r55mgu/9ecc6Z1n24rlQG+WWlBkw0AzbaJNDeMh89Dr9cjnCnR13hlXCFTn/o2z1ZX3XX2XmNwnq5UVAusla+sFDz/8DMK3CCElBAlYEJPV/oLYsvntbyYv19VodLzv+f/Ze/egSa6zzPP3nnPyUvVd+65L62apLVm2jC+yGV+wZWxhYJARCzOBAgYMi/ACwyzBLLHBws54JyAmZididv6YHWYwsRMzwa53DQZ2MGBsYYzttSXLlizrYrVk69pSt/ry3b+qysxzzrt/nMz66vu6W7Js3bueiI6q/iorK/Nk5rm87/M+T/CeYF3LwFdiCGNm+uRczViL9/6s+0PdVkJfkuG0tknyIi+JEZaXN7jzjke45k2vx7ocIRub01ubCEsqEHwk+oamMdxx58MsL69z4YXzvOktF/EXn7iXzdFy8hbKhMp78nIGsRmDuiYrMqKMiFqn4wmCRIcR15oMu3Y+szU/mTgJVAXRlAD4q098jdXVNYzO8qm/uo+lpeMMBo7/+w//lvmF2zl67Cgbm5H/8p8+gTGWJ48d5YtfuI8D553Hn//pFzl5fIBqAeKBul1nFNiuLVWJqlhrGA43sS6Oq23TWuMV/xR8R+jkSLsEQFEUL/YhTXEOYZoAeJni8OHDzxiI7PCRj3yE6667bipNMsUU3wWmz9yLh927dvORj/wB11xzDbsWd2HagLbG1sw1wH333cfHP/5xPv2pT/HAgw+wurKSJu7asWc1MX5MYkm/sFXbW6ZmKRAcqZZOkW08Rf3EYdbu/gq94QZ58El32wgNkSgRbw1r1Yi8XGAwalgZbXLB3L6kQqITevUdP7kT3m6D+WOvzC4aqYoYGQfN6LbZgY5Y1BYJpL/RLm63ZTIm3z+LRt2WANgK9W/9Ei1feTIYnyJ742/uiNmdaZmhbiqwVgAAIABJREFUnSEZnHbRn3ZZMrGp6OnbytOcq7RB/+67eWgbX8EbiE6Tn0Jds6tX8JoLL+LWxx6hLDJ6fcNoYwiSUxqHxiotrqKlXhtw6vC3WDiwl35mMINV1h65H3PRhcjMIpEt3fZnPsFXGiKWABiiWNQkbfzCCVgHCIQNyGoQh6kCwRUMbcb8gfPhgTvJm2WiREI9xGVDMHNodIhxqWJHJ4MW7esktgwlUCxBbHrONLTs9Dg27U1H3K2QDUhENKBGiCpo28mJpuBlCpJ0FTdbQfRxtqF7nbwtx34IrUa+CsZZQoikQwtI6xWQTL+7wJUZn+bW72y9TFYmyETfQNCdj3X72kWJ0odm/IEZ99GqbcWDtD4gmFb6S0BsCjTFpu1/zERmQBNzThvUKE0MFFIQEC649EoeuvcJCDnODPEMENPgTUmQPrhZGmewpcHY1E4pSDUNWrzUMMkAVtU0jhtDLZHaKKEaUURHNdgkhojJHFWtDGgY2oDGSDU4SSEbrG+sMtBNqsZhdEgdAlYcvmlwrs/ANwzLHuvDivVY05OSRZuxaEqK3m4qExk58NHiTUCNJ0SlwdMQMc4wM9snM4rNHNp4nI+4YNGoqLcY20OjYaAK0WN9SsTZEHHOYWJSI7EYLMnoeEda+iUC2dbnaJu4nzxSY2zrYxKw1qBGCQacCI5UneMdrDcVFKmyovYVTXSsnFjhG1+8h/NkgQtndzGzNKQMAac5WhtGcQYrBvXzuEbJBDKURjxGDaYaMsLShECoI70sY8++vaz5hyg1VWmIdcgg0n9wk2viDLuDZc461l1ErGUuz7BO2BytoxoZDQY00SNEXIjjaYVpM49RFRWzFdd+6V205xyTUzEDGONaE3qXKs1C02rit+Qbbb8lgdMmct8mJvuEdI+1v9/KMnXBfmsttpXmgcTO996P+5ItdJNm06bBbZtIT6SXJihWHDEW3HbXMnsvEvJyN43PCHU6rwh478nyrCWxpMq+I4+v8uSRDS69aJ7Lr9jPgQsKjhwJNF7A5oQYUtJdAkU5Q+N9evJt8uSy4tqWtakQVyOhrRJ0LsOI4pu6XdsoyccAci049mSFYnAOnnpqGe8Nzu3m2NGao0dPopIRvOHRh1eTRFLIOPyN49x791HEOqzJ05xBUnLFiCH45Gml7e+5zFE3FZm1KDElOiFNSzr50HYNtvPajVvfSFuhLONtJreNE0n6yX0+3xXcT/dbO49x53eeCSLCcDikqipmZmae2wOfYoqnwTQB8DLFRz/60We9/Yc//OHn6WimmOKVj+kz9+IhyzIOXXGIhYUFQgxpYt80LC+t8pWvfoU/+IM/4POf+zzrG+s0TY2zGdZm48mpNYYQAiE244TAJE5fCDzH2BYUU7TxmM11ZP0kq1+7jXD8CTJfYzvmsYIaxVsYaGANwwyW9eEGe2Z3gU8BxRSZTsIe49XmBPU4GXl2vzsRuNsx8T6bsPC4Tdr26ZhRz9a88xnbhHjaGnki5L+N6S+cfWJ9pqOKE/s+2+T9jPt6Vuc4pjql/U4ERU3swpzp/8FAsO1CM0ZM7ZmdLbl0cZ6nNtbZt7gIwaDNiIN5j6zSdBZRsE1g+bEnqJdWyOdK4rEn2H/JZSw/+jB7rno9xnY+DOdAxGEbFAiIKFYNtbRcfaNYMUn3HYUwTKy+tDlEoXEOs7gPXJ+8Sb4OIdaIVESZScF5Y9P2p0fAt7Azm9ZWq6Bd4B5EFdFU3RMx492lBICChhTgNgbarVJ31Rr3SkSx4+c7Pe8BVLYCbu3NJymy327YLZxbDfLYMgbVY8bH0YXlO4+QMwVlWsZrew6TDP9xWiLKRGVB2zDdc6ZgpKs5kDZAQts3jU9qvE/tAiiSzmvL5JDUtkRQS8QjmmQ4FEO0LmlnZQWRjLTUaUArwCM2h3wO6hmis4hLCbsUkDjDaU/xksHkWJ1M2g3OWUyj5C7HlgoaWVpfo8gMUQNVXSMSqYPHD0aIadh/cC+79+1Nev2DAYONTZrNGhkG1tc2me/PINbgxbC6sYFs1hxc2Mu++b0MYuBUHLDcVFQEgveAUkbACjZ3zGiPOBoxWttEm4bZ/iJZMOSuj/YKhoN1fKiwpcE7weUZuUlLcvVKbh2ZcTgEiYIR2wYlX4pIT38bChv/P30kiOk+UbxEoijRREqSjF7UyFAjpnCoj4w2N1kYDOnFGeY044LZBc4bKP2ja/SDYnwgN6S+0FrER8QrWYgYacBFahspMPSayLAKNKub9IKgszkXvOkqNi//Jqe+tsxs1kuGwVj2jIQiOHJjOSmbHJ+NHJjPcAszaaplhNFggzx3uCJDYoWLim9bIcaYkqAInjbAcq4Mx7LzrQCOJMWf+uatiq80tqXxKZy+g527bqnkkwnAM8E6hx8MsMaQ5wXduBSjEkJMGvVVhfcBl7k0/zKne0ppO2dMlXk28f+NwQj4oEQMn/ybr3H3/ctsbkasbUlGKBoDzjmGwxFF3qNuGhrvWV2J3HXXOq9/M5x/0X72Hih5/MgqUR2iBrWCxoi2HjVZZhGx6VxV23NoiLEey/4keaNULStRkpCmKmDxTSDLC3wVyGwyXK7rBoA86yMijOpEmEinnUgSGiAES1GUNKMNjCmIIZKqExVncxrv26JdIbZeCzEmgkQyXNatqcEZcKbrN/ZoOIuv1+T/d0q3vlAeHDuD/Wf6/e8kIdE0DXVdP3cHOsUU3wamCYCXKQ4fPvystn/ggQeepyOZYopzA9Nn7qUBEXjyyaPcfvtXuPXWW3nssceYm53jhhtuADr2C1vvaY25QpLROHXqFF/+8pdZWlp6wSaO2+AjcTCEYYUeX+WRO+6hWN2kbBcrhiQHEhQaEU40FZpnrMaaot+ncAWmqpNR7thp8+zM9ueCyTo5OVcFsR1DZ4KRcxb5nbNja3sz8RvaSrSoKvGsRmIvwnV7OoxLLbbD7Nykfd9dNQNoUKQOXLBrH8c3hzy17plxfYbDVXaVkcXgU5yTDFUYrK7z1Lce5uD5u9k4+hR7z7+Yk8ePs+eKmpbGPPGLUxgjbVk+MLlwsxYGQ6J1zMwvgs1QTbq9GiMaIqZlrU+yWUUmaj/MRHA7fdi+wlaWoQvCp6oAHYslp2qN9O0G1ZCqRjrGIW3iQCJbj0GrsTMReE+/lxjzSY7oLA2xRcdLAXwRQlScbQMq24iQO90Eur+nIF67m4lAj27/DU7vldIjom2FSvtPu/bTVLnUPkddglHa5IV25yXC1ifpiTKkIESX2DUiGGPIc0dd1+PUm2qn052OKssyostw1iHikmn89Jl5WUEUcq/0gsFEw5zJ0LzV3nYVi/O7MDGwyTIYQ1Slqoe40nHB+Qd43Rtex+x8n6qqqEYVg5UBjx1+lG8Nv0VeZoQadvV7jMI6cdCwvrKBNDAykeiUEANqInnmyNIRceTxx8lsRrTS+gkYrCmSwe2opjeTs3d2lkHTMLTD9JyESJ7n9PKS4XCIMZYsy3HOsWV6/8pAo6my0ZF8AGxMfUrhHE2MOIWeh7UHHmc+d+wt+rzl9a9lcPvDbOhRGjNCTU0jTTJmNQYNAWeTWIu3EXKHrR1FE5jHMlwfsfKNR5l7/1UMz3fMfe8hXv0L72ftD29j+f4TmM2AaRNJIQRWQsP6nDL7+oPMXnMQe94sZIbc5xw7coyyLCnyAg2rhBDTmGGU4AN4v31MOCcxzmw/zTbP/r5+prls0zT0yh5VXeFDug7e+/G47EcN1lqck6fdV3dk47y1pnkEIliTY4DlU0NWlx/EaPIcmUSMEWfN2G/AijAcbfCV27/Oj/7Yq+nNWC65bA+333Ycl83QQOInoFjraOoKax0hJA8Dacc5YwzWCiK2Pa4UcB+NKkSF0hVjLwaRQIwjxAYwKbjvTI4IKZFAwBgQcW3lXzdOpvn3aDSkKEt8bOWEJLWMDynB4WNsq/ZSuzSNxzlHUw8o8uTHMMXTQ9v7M/hAVVXjv8Fzs26bYoqnwzQB8DLFgw8++Ky2f+CBB7j22mufp6OZYoopdmKaAHiOIWAksUHn5xd497vfzXuuuw7rLK6V+OiMM880edIIPgS+ftfXufkXb2ZpaemFPwUF8ZFY1fj1ASdu+xrxySWKJpl4iqRFcZYVDELNSgysq4EgGKmZ78+gGrHOtSa5LXF4MkK3jTvfvTvDZPLbWqNKG8g7c6Jhx6bfMWRiMTgpBSRneLf9/y/fhbaSrp2LoKOGns3ZN7eX+5dXecJU7M4NRbVJmTtck+5f025/5MGHuOh1VyKhZvPhRyhfMwujIZK5NkbcSt6cSwHNM5HyFZwRbGbTx9pVybQB8BCICGVvFsoZwlpbah4CGjxGI8ZkLUO/NQM+7ccm3rcJg1R9ExNrn617OsW7x9lJIMkDpSB7q/OvW9z57lhhWxgeuuQAsfXYfYZgik6GzNM+xQjRx3FS77QvkEx1Uw+wXcLs9FyfjPcLIGLaHqM9ky39sfG5pnOz24oZUrc9ef5xa/87khvjyiZpP+8SBzEtol2RMxwO0v66vEwbBPY+JGNIMUneSRwxjHc2xcsEAmRemVGLUaUMQDQEVbIIPTUUGLIgWCM0UXC9GSoqQqgw0uCygErENxV5FglaYxwUvR5VbJhxJYsLBdFWSOWJUen1ejTWY4YD1HuMy0CgaTxNVdFf6IMxOFHmds1igpBjWF/ZIAwbTOYxVY1rPKZfEGJENElriELusjEzeXxHvgKY5F1fIMakRF1U8BHNlNrAuq+ZzUtslnP06DGqWct5hy5n/ztex7oI9WiDsLhKszxCxKXeKbPEpmbGOELVMFrehEGk10Q0BjIss5Vl5YHjyDdP4S6cYW0W9v7om1nYt4+n/uttbDx4lKWTS8TBkJmiRzE/T3HxLi678R2U77oKv8fhDayeWOLJR49w5SWXk1s70a9tBfPwYfsJv7LyNy8innnOZ42hqqo0RoVAUZQphRwjoQ1co4pzjhjTGLg19k0ytyeqASZZ312kX0oyV6Ia0tSgHfMb77eqVY0Zj3Signrhrq8dZnkpMr9oedO1V/OH//lLOOlhTEHAjCX0knlvOn5jDU3dkLsC1YhvPD42rZSpQaOQZSW+9hhn8aHB2ZQU86NAr98nz3KcS23jfYMyoigto6rB2YLYCBjPcDjAWYfJcoy1OOeoRxUiQlEUbG4OybIMay1106AoLsta1n9qw7zIiaFGz0remWISIsKoGrG+vp7uyWngf4oXCNMEwMsUO7XTnuvtp5hiiu04dOjQs0q8HTp06Hk8mnMLPnhEwLrUh83NJa3EjkyaqmRTH7cV7BnHoxCTdGYLUYqyIIRwhl95ftHOjxOpd2OEWd3gxD3fpLdekwdNAS5SkGvoG3xRsuIHeNej8p7FfpEYO3HrHM/wC+P327Q1v8O+v42ttYyiydezl/A+PbYr/e844vQmdpUGW0yYnfveuTh7uUIUjLaB2Tqyt5zDyhobMWLyjOFwwMGZ3fTaKgCj4BRGGwNWjjxFb9cMg0cf58Krr6FePkk+10/JIDEI9pl+/hWHCU78GILgjEnJw6gY4oRPgiR2m8thbhH/VHuTB48Ej6CtnrBJXhJjw9/22yLb7+gtjS2MRqy2AlRKy2rvkgjJhjfJ9wQsLYO9qyiIoe3UwrZ02Jh1L6Qgfhcg1y5BMOlMYdrkQgq2i2rqP4gQI5JZCGF7RcMEjLaJgvEZdokIw04zZG1D/aKdVEDaXo0dpxDTH1PbCwGUJD80/gVtncdbP4BO+ofULClD0EXUWrmDrgpAktRZQMeVSEVRMBwO6PTiMQY1yexXBazNk0cDKbmj0bC9R5ripQ5RcGKYK3oIniJYmthgNKK1T4Ezm7FrYQEkMhhtsO4rIhGDUOSOXmnJg8VqiYtCUVhs5vAhUlWeBQeFOMiFPDfMzs3hc4PrGTaWa0bDFIyzJhIaP644ao1gyG2GE8NsMUMzSrrjuXXMl32iKHUOQ2piiK08ice5QNPUiR3aSmukqcHL//6UNgFgNSUAFAi5hV0z7Nt/kNxkSFVT1Hvw8xlV4SkPLDDbfy2HrjgPOVXBoIEsI8ZAFKg3kwm0P7nCo399J6M7jmHUgQg+GAot4JE1jn7yDg5etgt31V7WisDCOy/lwn2zyJOrnDpxgmZzyExeMrdrES7ag77mQqo5GNjIjFGOPPIERGHX4i5EDMa1zGrnEJpUCaBjZ5dzFmeb4z39l7YGtzPO6toJqE68P32TJPVpraXxPgX426B9nuc0TYOzbls8ZOxh8zRzyW368yok5wqTxlJpMCax8421aTtVgrZm89ql3jPW1jf5whfv4OBlb+GKKy9mfk+P1eUBeZmnfiEviLFBrEtJCk3SRU3jqUcNWZalADxKXQVCrIFI0Stp/Brl3Axz8wUmwvpKw8ZKQPBEDaxuLBHigCuvehUXXnyAssg4/MARjh+tMaakqiMLC4sE72mitmbKgbIsqeua4XBIr+xRNzVN00qpTszNU9VuQDVS+5q6mkraPBOShJOlqipGo9GLfThTnGOYJgBeprjhhhv4xCc+8ay2n+qRTzHFd44Pf/jDzyoBMDUAfu4gIlRVzdra+o5gsG6V6cbW3HbiO5NBZFWlrhs2NzaJz1qu5rlAGzQLHtbXkOVl1h85wt5RwCQpzuRtqUJl4aSvWPMRyWdQBiwUM2zxZaU1mnv6X0wL0WQMrNqVCjzNl2QrRC90a6yJEGS37mo1WY0KaCR2AbpnXPltMaFNZJtWvjzt916haC+nKNgmMNfLuGT3Lh498QTr0mNdLI/VkVcVfXI/wmjEqWAbZfnJY1y0+Go2Ti3TnDoFg80UUD6nGnASsu1l/NfJzBuJqWZEU4DbZURxBLHMLuyhEtvK5qfgu6ELkLea/BK3PXPbEljbfCoEq4ptNfb9zkA3iramxYYA0YPp5IFi+psm49IkiWPQcUInBRi2+IVmbA08fnJl61mU8TGl5IdqbAP1iQ25XXu/3bZ97kWTtnnaecfAT8GBbZUQkliOokryIpFtv60tC1+ipmvQ3qemTSYmf5FkjN1mc1GJaZ+2Y0KbVvJs65C639CW9d+aBiDGUJQlw7pqgxQGbQOPMSqZK8iLgsY4EItgWxmH09tiipc4BPKySJ4/o4DEgFpDMFBrIOuX7LJ7GAzWWRtu4GxO0IjBoUFpqpqgNVW1SVU3jJqK2gdG3pNlJRogyxxqwfvAwFcEsTy1usTSYIWYQ683CxpYX9+AGFit15mbWQSNrKytsqu/iFcQl2EzQ9HLmdUeIY+cbDaSLIf3+FbbOyUDapq6HmtswyuiCABVxUbFtBLwag3ayygP7qO4eA+xUYxAX4RKKpayhhNuxML5BbMHLsXUKdkXVamrihACw9VVYhQ2Hob1LwpuUFPEEmtzBsFjyeitGtY/dT9PzpVc/LPvobpsEd83yOsOIFefx4IcQkNAoiaz2swwlJo6y1hfXeOuu7/Bifu+xdUXXc7i/DxNU5PHSGgabNvljvOUXUVWl7N8uV+0Z4ltY+Qzdadtu8l47tk6XYiOv6vjCjehq2Y7E2IMuCzDNw1FnrO+tk5ZloTgiTFixDwHZEgD6kjJ/IDGhjrU6b52DtP5D7XjjfqA10Dhcnys+fxn7+BH/5u38MijD9H4CpeViCSZuxC2/IJijOPKhV6vR/SxlfsZJVNg58itJeiAhV2Rn/7Z9/Du617L+Qd3sbG6yZe/cBd//idf5fFHlgmhYtfeATf99PV84Mb3sHt/SdMElk82/B8f+Rz/9U++gqGkqStUIctyvA8piWLBWouI0PgGEcFZRx2aHUSkdE3yPAfTkOXfRROfQzDG4L1P1UMtpoTdKV4ITBMAL1PcdNNNzyoBcNNNNz2PRzPFFK98TJ+5FwcihlMnT/GhD32IPMvHQf7TDJg0TaaQ0z9LbJbEpNtY3+DJJ584zbjp+Ua3uBGGmOFJNh97gGJ9k6yN2SYBEKU2wsA6lkYjNhHmrCU3QiEWiTEFCFqZjBSrjNsWmJ3MtZB0S5MMSUM0ERMdErOWSSht4H7r+GKi5aIENHTc3ZaNCxgCKTzpCOSIJrZlWqh1/MQ2MaGTC8EtbnYb6htXPDQWrIa2smGigkOEs9XPq27t70XHdzFPV7baSKLi6oaL5naxcPI4ozpgtOT+0SYLJuNC1SQPhdA0gZUjx7jkoovoxUBz5Ci9174GfI2YAuy5pzvQSsDvyEElBn8IHmsMUUjBmq7c31jEZUTJ2HPgQp5IGTisEWJTJY3+EJIpr7FjRZoUsJDTKgAm6gqwxqBN4Edu+PscOXqMe+69n8FoBKpkRrBOeNP3vBln4PZbv0g0hoBFCFgi73zHW+n3+/zFJz+N2GL7eYXA/v27ed97r+Njf/THWGuJamnqkE4QSapAIbH0NAYuv/xSXvfqQ/zNLZ9ms/FdDo/GB1KeIVVJiEkMfm2rJWZnZ/jRG2/k/vsPc/d997GxkYwBuxu/q3BAhV2Li7z3ve/lr2+5hUEVqJuAdknZ6DEC1775TfQLxxc+/wUKV1BVNSazvObq13L+BefxN5/9DNqkHm7M0px8yERAZSs5maL/rRqHpmulkfn5OVbXNnDZbkZ1JM8LaoTgIyEoYjKMdVjjUnWAnt6vTBfhL3EINAJN9GQiDKshGgIRZUCAekSW5ayONlldX2XoG4wpMOQ4U5C5giIvEJMhQWmGm2QuIysKRlWFqT2l9cxmFqwyahqaANE6ag24PCNmabxzzkFu8KFBZiwhCxixDNeG2HrIKEQG9RCHgyanig0r6ytUxuMFnMmwLieo4qzFmlSxJMbgXGItRyJWXmKVXTur885SpyCtN0f3HSOpjwkaiCZHnWGjqkAtpSgSPY2LFDFihx4bAhAgJn8gj1LVo5QkDR4Qgq/SPEZSALVRTzCCSMZCnCM7vsbSn93F5saQ+etfx3nXXonbNYsWGXUuVKpkxlA2EVN7zGDIo/fcx5dvu52wUfG2q9/Iqw5e3MrHmLbfMUTfGpC3VVzjcUBeGUmb7wZnE4IR2qSJpgquxB8JICGx5qVNCLfVZSZmoLbdZ81EuvuM7RtjJMuzFJi3rg2wpv11MpqpYmNr1D4Tkl2QTRSC1uAWGjAhVQWK4lw29p5RhRBDmqvHiLXJxyOiZHaeB79V8+hjkVtuuY3MzeLF0vgRQSOCBdFWCiZJFhnriCGZFTvnqKqKzqy+bhpmZhw//49+mJ/8h9cw00v9oeyf5fJL38FrrryMD/+z/8Dayjr/3S/dyE/85LspekkqtciVxbk+v/Kr7+WhBx7nvq+vMKoaYohkMZmSAzRNMkxO6ycZyyelZ1moqir5I5Ce8eFgCCYQgj9je05xOowxDIdDoCMyvMgHNMU5gWkC4GWKK6+8kptvvpmPfOQjz7jtzTffPGUjTzHFd4npM/diQRlVFZ/5zN8mqYeJBWcyit2aLTnbLhBiJ1fRMs5a7WdtDTBfUIbF5PpCIvgBsn6C5olHcFXVMs46RW+lEViXwAqBxpXUTc0eNwM+pAWRpJJiP2HUKZNzRiG1k2llMkwE8Un6RAQjFtShW3G7lrWbGMXBpEBDIvMqURSb+LdEQnusQqMGi4xNPUW6k5w47cmDopO7EUK3YACibDGOu/DBM1+fl84MWaQr8f72A4bafiN2bSYpGZPHyJxXLpvdzUPr6zTAskaWm5rzBSyKRMFGZbCyxuDUCm4mJ548BSurUNWQ9ZgKD7eQNgEQA0Iy9tUYILaSO2IQV6CupD+3gLbyNU4UDU3azkSQpBe/3Ry3Y3pO3ItdxZFCCJ5ennP+gb1c9+638dv//HfpZYYYPb4eUZYlv/DzP8Mn//IvaRpPCOCKPB1fqPmB738Xe/fu5VO33EI9UXXTSf9ccvBCfuqmf8inPvVJTi6vE6IFHNa5ZEY5pqOm+/KSgxfyD37ix/jSFz7P2tIpXOaQ1vhYOpa8KsH7lDyUSKyH3PD+H+V/+9f/nD/647/iN3/7f2azC7RLJLEgZRyK2b24yM/97M9w3zfu566v34O4ArE2tZMaskz4ofdfzw/+wPfzT3/9n3LbrXeysLDA8uoKb3vrtbzjXe/kc5//LMF3CdMuo5Oejwkv4PHpJcZt1z60/SMUvZKN4+uYhf0Ym+HIqFUIMdKENhAkBqwd11J0gZUpXrroqvk6hm0Q5dTaMnFYM1jZILNJOkMzy1MrS4TVwOZgE2KDs5bgFZtnOJNhcMkY0wTyrKRXprtuONpEModES8wNtTREAyPn8dEzHHi8BeMMlR+xvLKEyyyDekg0NWu6QfCRQvoEJ6yOBuzZM8vi7nlUIt/41mF6vZzK1+SzPawBZ2xKwCHYNtgHKTh0NpmulyTaJP62I94pm6ZKUEWsSRVSw4oHv/o1jgxXiSNPLyoWT+0ixium9ugooE3yS1EVagKVT6auDEf0FJoTG4SHnuKiuQwNGVobJFiiWPywZj70kGNDHvmzO7n/trvIrzrABVdfxv5XX0J+yQF0rmAjBkZPHmf1kSe55/Y7WauGfM9b38zVb78mGf9WDVEyXLZ1fTTGlHBt5zctj2KrjzrHsC1Zfbb+dEeFWurr0xikEoiqREkVbg7Tkkq6Vk1SejshImMd9RgVYw0oVFVFXuSt708kyzKqqm6lRdMRWGO3ElQT+3POUTd1y3y37byhJsRInqXxs26asfa/MckA1wPayXcBYgQfDSeXHffe+ySiM6yuVIgt6PX7YBzDQQ1I+j8wHAwAEjmg8YQQmJubw1nLcDTCGlhcmOEHrruSXWWaX1sDDQFrhbe87Xx+/df/AZ/73Jd43/vfTK/fsfZtW21ccf75Oe//wbdw55f/lH5vH03TEGNksL6BR8nz1qNEBGsc1ahiZmaG0eY6eV5gjBl7AKimtjWZpSimc9BvFyJCXdfjxMpkJfsUUzxfmCYAXsb40Ic+BPC0Acmbb755vN0UU0zx3WFTQ5tkAAAgAElEQVT6zL3w6FiZqmnKf7r++9Zyo+kMM3d8pio8E9Pn+YZA0vYejKiW19g4dqIN6qcS5y4xEY2w6YRlAlmZsToYcHDufPCjFNzStkS6Zdqlaba2mtjQapy024JiUXJMmyTwFqJ4QhtQFJWkR44nmogXIYghmiYFUrAYFBcFqylAEQioDCF6pDtuEbxJ3wXBdKXd44WeYqJiNTH0QlqbYSLY8SU050QAbrw0ku6eTu1UIGQxcuHCIo+tL9OQ9NIrafAmS9IHoTV78w2ry8vMlftYOX6C4tQKtvIwdw4aAD8NrBGCtpUy6onBt4EaQCw2K8DmuN4c2BxikyoEYivNM0nn7Jr0DEGdbakAAXGOxld86dYvccMN13P1oVfxjfvuYzgakBl429+7ltl+yVdvu525+QVWNkdg0v1vJTA/k7Mw04MQ2gdkSwZBBPLMMNvv4UybiHMZ3iuhaUBMK6mc5L8QcJllpsyRGHB5kfrRGIkxYLN8HGjvfiWzhl3793HjjR/g83/3Za644jIuv+xSlu/4Wlt9JKc1hDVCrxCcGGyWYbOcuklBB+egGg4xeC45uI9/8eHf5p/86v/Aw488gvoRvdISmiRjNU5oikmszx0mx5Os2hT7T9I+yUMAxBjyvGRzcIKZeYO1GQRL1ImgTGsAaU3qe8caz1O8ZDFZqdclAFyWJca3EbKiwIpQVxXDpsI6S2esXeYFZVGwsr6Js0UyuxRHmfcwLum2xyD0Z3LUNjQMiSFyfGOT1WFGNCYF4oww8jWSZZT9AnEGH3yqtrGgVllvVqj8AL8e6WdzzJS7uOYtb6YhEDXwjcceZGmwjhBZLOYJmhTFiTquLuIMry/XWPK2pKlJbGiPos5ircWORujSCmZ5CTOocUHRWDHQCl81GK/YtjortpWKag1eA1YM0qT270XH4qGDzBzsc+qxNfTEgGzgyH1gNs+gFnoBDlaG/tGKtRNPcvyzD/HUjGVzV8lmafAakZUBZlCRZ5Z3Xfe9XLXnCnTD4xYKpJdTo+Pko9kpxfhyvUjPJb7t9kgEkzROtX29prmi1QZL8rBpawAmkuBpBDBPs3NjTGLsG0Oe53ifqgABBsMhAmRZtp1Q1EqDTq4xFB0n4aJuEQBc6zMAkLUVOt3p+taHIKSdAMmDTIHQNNz+1ft429u/j1s+/ShN1aOuILKZvEdqZXNzEyNCWZbj48hskuwL3jMcDtNz44S9++dY2A3iNK0vTJrfGCzWwDvefTEXXTLHwnw2QbTp6EY1jbeUPSF3jqapie0awxhDmWegQt14irLAN5GyVzIYDCiLkqiRalTh2naMMRKioiES4qTPWsRsL66bYgdCCMQQx4nfKaZ4vjG9017m+NCHPsR1113HRz/6UQ4fPsyDDz7IoUOHuPLKK7npppumLOQppniOMX3mXgxMyGzomf+ePjs9KdAlD170YmxtA1SbQ6rldUanVtKqgG7RY1OZcNljfbgBzlJHz6wrCBpbLeBWJ1xozTRlXGaeAmYyZiJpVJpRBWVGledkGAqFuh7R5EqTZQybZCw7lzl6qoixNFg2VHAtw3GAJfpIbh0SFGkCWVCyGDs1DrwxDK1lPXesZ8mA1rVSBUYE7z0ZwkJVsxsLTd0ymZOp7Vgn9gx65OcOFDRgQ8ViVjCHMDc3y4wTZHOdyrnUMiFpJDsxNHVNqD2DUyvUp1bJI0iInIP+v2d8ukUhs45Gleg9qnGcMEtfMIkFL5asN4O6HKmbFNqOkeh9ukGRVkNexkFm2B6Q3HYgtNI4WB599Anuu/d+fuxHfpBv3Pll+i7JRvzEB36EO+/4KkefOo5mGeoyfAw4IkXu8KMBvk4sv63zMpguudbKE2kMyXwvBhCLMa0R4TiwkZ6p7pyEiLOGuqpQ7RacQgihNbNMWsoaAm94/Ru59JKL+KVf+cfcdNNP8f3vfjdfv/sevHbh/50JAEM9ClhrsMYQvMdmGSngkGSHRJTbbr2Vfn+G3/qt3+C3/qff5qmTnqYeUpYZ1nTHa9qjNqQ+MgUuVNimK71VBaXdRUmSLHnSMU4PgyXElCZNLFPaioeY5JNiJGwzXJ7ipYox+18EaxNjuJ8XlL05YtEQGk+ejRieHLK4sMCoHlKFNeb7JU4Mm0YxJuCcUORZa6ypxFAxNMqFFx+g8TXVZsPm2gAdJf+hRhUpHDhLrhm93gz79u5mYW6efr9Hv1cyrNYxMw39MsMMhFv/5nbWl0agGyxvrLBr/36OHn8SKXM0DGmq1izTpH5IZEtv23TjvMgzev28pNFW50hrIGTaaia1QiBiUUpxXHXexRzad5C8Add4qjBkZUYpDuylWJyj6PUxeQayFXCP3f58pFpdw68PyQeBfuwxOrrKxr1HePLz91M9so6rCtSkpE82CuwZBfblszj6hBEsrUfWRTE2p4glThTbL7hAdpHXBi37BIn4pkLyPPX9MY7no9tmLtOO5NvDVufdklUEjKdfRHbv6XH+ebs58viTnDi5RpQeQXooGaLxaYP/kMYw2wbmNSrW2GQaHSPWWGgTgzpx0aSt5kimv6l6UFtDXGnHSOPS5Cr4tnpgR0VSJ+ESY0pcRE2B8M4XIobIvfc+xI/9+LXMLZQ8+tAKmZsl7xliiFiTJT8TTfI7kMZt0/IPYkwse4BRtcmpk8dZW1V2z4EzaYzsts1cxeys4arXXIiRsOW5A6SUY4ZEwyPfeowQFJs5QpfUyDO8Rpo6IDZJ1BjjCHXA2FRR3TSeoizbhIGgaom+Ro2ik/H/icv9nXdlXeLilYlO2mnSt26KKZ5PTBMArwBceeWVU4PfKaZ4ATF95l5obC8h73B26f4zTZ5eAqxojVA1sDlCBzVGE29fNY4lL4L3ZD7StxmjALNZb2wEOMkyIoIY3ZLL2REoUAHJHMPZHs2F+xitDVk9uUSvzBlkAd2zC104Dys5D9/7dS4EIoaVrOSCN76ZA6Vw//13sfs1V3PBRZdw25du5bwLLuK1l1zKQ5/7/9g4/CCZgjeW2hUcE+WtP/mTXHjd28Bk4CfOGYXBgG/+1Sd45FN/yy6EHNuakU7iXE4AQFCPhki/yNmTZWRFj/39HhujESvNiD2uJIriYlqI+sYTGo+Rhmp5jX5IFRbnHs7+XDvnCLFpDe5iksinDZCLwVpHxJKXM4jNiJrsdtO1aJK5OFsyOejEInRHU08GpmOErCjZHA655dOf4V/9i9/go//pAN88fD/vvf563vzGK/l3//73sEXB+uo6dmFPq2EN0deUuWO2VxCaCsl7ICloIS1bOCUAA5lJlUCJcWeSae5kJKqrxCGSO2h8jYjiMouKJdQ1WTmDVz9egHrv6fcd17/vvXzj3nu57+6v89e7d/M7v/sv+b2P/D5h1Iz7q8kmMEYoS0cInrppcHkPH5KhsXHgmxEgPP7YE/z+7/8e/+H3/iO/cPMH+Z3f+V2yzDHYGLa5q5ZpqdIaIydtZDRsu9Tj6qK4XQquYzAKFmMc6pOJs7Cl9S+kCgjrhBg9qoFz0rHzZYSd1X+C4CLkaugZRyBpsc/MzFOvb1KKY352gT1ZH0fgqRPHmC0dQ61wTumXDivgnGVxcQ7VhiuvuoQLL9jL0tISx4+eIjQ5y6tDRhpxvT621yMvelx64cVcfMFBztu7j927FynzgpNLR3lq7ZvMzea4Qc79t9+LHwQWFhZZXVtlSOSue++hmOmxsb7MwsJ8a07aMf0NmUsSIsa0nhwvWmt/d0icix3BLAVCxLayYw2RoJGsyCAqVgXXBEJVoT3DrksOUF5+AbqQJFGiRqIGxCYJQ+8D68ur+NrTzAjRWjJbI6NTVFcV7HnVlRzc3+fUx76Cf3RA3+V4DC4UFN6QjwImBpTEdg7WpXvKR9Z1SJ3n9PJFKEpWRxuYmR5lkRLxY/PyLgnxdMPutFsBtjdRl+aNbVJYJJnOB7/GG77nVfzizTdyyUV7eOLxU/zLf/V7HH54haCyVeuqW+nn7v5qGk+e5VTVKI2jYylQTV4RCEVRJEJKXuCbLZ36GJVqOCTLcqw15EWWKk7aBEIX5O4SWcC2igAADXHifboptubn6ThDjDz80BEefniJD9x4Pf/xf/8Y6pWmhrLsEby25IF2jKJLHsQxyac7LyOW48eX+Oa3nuCqy19FaFKivCtW1OBxkuR+QCA0ab/iAIeoYflE5LO33EGMFkIkz3IQYXM0TDJHeZkqda2iMdX+pSRHSkQ0TdNWL6f1iJWJudIZ8DRFlM+MF+EZeqFm08lX5NuRP51iiucGU5GuKaaYYooppnghEIFRDZVHRg0mrUmSJm6IYITBcMiMWs7LZymi0rMZJpICYc8CKjBwysa+ed7y4f+RN//GP+bE7hmOZoHH8Fx+4wd4z7/917zjf/0dFt75To7ZghO9GdwbXs/3/NZv0vvet3PEFez5+z/Eef/tB6mvfSP2h69n9uafw73mKuqyTzAFgZKBlBw3Bebq16J/73s5vmc3R8uCY2XBkbLHkf4c1fe8gStu/nnK172KKnOomrMUcY/Vc18BSAuhsy2GJqECtYlU1mNFyTND1jTsF8PuvGCzqccSV2nP0DQNxIjxkeHqOqFq2kDxuYoz3DcCTe0ZjVICoNMHTnRbg7EZiiXLyySFIwJETFQIyTtg8p7cuTibTCuOfTUQjM2oqoaqavjaHXfy2COP8sGf/in27V7gx2+8ga/c9lUefOABRqMRUs4k+YEY2gRFMqvtqoZa7uC2+LTGSGg8MSRmnzUCMSQGnyQVsA4aE6OxaUKSVxDBGUPmHDQp8O+cxRghBk+RZVxy8SW88Q1v4GN/9DGquuHuu+/hxImjfPCDH6RjT7Z7H7/6psY3AY0xaZobg1HFZRnOWGyWY43FOsNjjz3Ov/m3/4bv+7538NP/6KcIsaEsM+om6SBrJ/uw85puo9luRd6SfINsBX40VQ+IGMRYrMkw1hJCSramyqmIFZNERaYSQC87CJCJwUVwUcgw2ChYr+xf3EPcHFF4mHcFMvTsn1ugXzpUK0QCReGglRnxvgFRotZ43SQrAriKhoohFZV4KuupxUMmRAs2t7jCIZISho2v2LUwRy935FapqgFF7lhcnOfyyy/nwP79XHDB+ThrWVhYIKqm59C45AUUQutVFLfLib3MA0KT52IUTEh9W5ICjFQaCFYQa9HC4WcLdP88xaUHsAs9MitkAqZqiGsD/MlVWNlkThwLZY9+nuEshNEAlynDmcjDsxs8uHtA9pYLmbtqHz73jPwmw2aIF5AsJ2BoXEGVlQTNMHVGNshwdYGTHsEVDAsHu2ZxBxYJsxnNxPC6jZDBREJSXqiw4csME4NlZJLPLagGRCoOHuzxC7/wQ1xxyNDPj3HZxZEbb3wr/V4NNKBbuvo7YcxWcHwy6RRDQBWMNTTeI8ZQjUanSYr1+zPJ0NYIPgZ8WwmAgkXIxBFrTwyaklAIsfVv6u4E1UgIntBWG5zpWOuR5TO33MV17znE3v0lZd+QuR7VKPJs5r6Cg1DyX/7zn/DQw+uoGozmmOgwKuBzTCgwIUvynQpGI6KCBMPmGvzFn93Jk0cainwmJf81MhgOcc6NkyUhbJ3L5PmEENIYb9LcIUkhtdKj47lqmwTckSTb4vNvXSdpJ1DjxAepv3hh0SZu0FaelYnrO8UUrxxMKwCmmGKKKaZ4SWP37t382q/9GgsLC4SwVVs6WS65c5HcfXby5EkOHz7MbbfdxrFjx/Dev7gLag+9KuKqQFDSYkJToDiqUGukn5WUs3OcODWiEIuEJpXVtuwjhbFh4NiINOlajNlpUYUsK1gbDHnk2JNc/qY3M/vqyzn+ta9zqp9z4D3vZEkb8rLkqh+4ns/eeS+rNvC+970L5hxfv+su6pgziAKuz7qUrI5qiA1r4vHWIERsVGwI2DJnbbDJeUsr3PnHH+Pk7V9hBos3OctZyRs/8MNc+9ar2fXqKzh5/zFiVWOioGaLR6waoJM1OsuMO2m5j//zjM0tTDJGd+7sLL/BdnmTs94v0r10TLAUhJSW2dbtKZ5WfDJZ6aDjgGQ0qXBCNOCc4eTmEtfsWqCfWVba7ZxzKSGkoD4QmoboLesrq+w7U931uQLp2GmtoStJhsdlOdVmg0oKKEeJIJZgEzXe2BKJBmdytJyHaonRaIPc9dB6SBErRtKjtSJBuyg/Scontqz87n5RSYz0ZFdpybOSpaUV/uRP/pJf/cWf4fA37uGKyw/xm//sf0nPsBryoqRaX6Pfd1QbI6QsCK7PwAs2yxPTn7o9r0gwgDU4o1jxmDiikIhvJQxiFIxzqAjRB0QyjMmxxqTKAQFCIHOWkXpMTMFPXzWtdE/F9de/j1NrQ+64+wHE9Ti5tMLH/98/55d++Zf5+J/+MSdOLDEajDC9PrGOuH6RtLmNkBdF8qpohY/jqCY4QaLBmJwmCJiMWz7zd1xw0aX88j/577n33vuoQ8QVfYb1ILXjODYQQBkzbXW8QI8YDRCSFwlBEQs2y1NwsWnSqxN0VGNshmkDj+KSeeF83sP6SIz+lZN3fIWiM5Dt+vOoQhRDdDkbVY0TQwDqYUV/dgZYYXV5jb5z9Iwj7/c5ubmJRItGpa4rZhfmcM4yGESsZFgJlMUMvqrJnSHmwly/oIpJIsSI4FSxMVUTGVGMejIRZnJL3UTERwxZ6nPE0ITI1792F2/63rfy7re9nXvvu5s7vnobWVky25tjOEiM5SZ4MpcT1CPRgGEsKYIKpuPsvQTvU1XGY2CULYkwGdcfpefOG0WMUqpi23EyqGJ9QNQmJraB/u4FbK+HIaKbQx664zCPffl+1h44imsg7+fsueICXv391zJ/cJHltWXu/vNPIksVl732Gva//iDeRdacZ+b1B3nyrm9i64Z+4zC1J6og1qVjSr04Ft+eQyTahpBBbRqijZRzM2SZInUKoKoFg0ViGrdTnxrTuUs7p0k5yJfk9Xq26ObY7dB3GjqvLojJHx4DhK1OfLyhYVujtPr2vtlE4yo3/PD7eM2V8xhZIpdILhlvesPF7N6Vs7bZoNEjZ+OuiuCbBjGpCk6jtlJhFtUk22NMkty0dnv4S1Vp2iRg8LGdyZlx4Nw3gcxC5opkKh0VJY1vPoywRIoieek0zZCiLIkhtoFwIfhAlEDZ6xGC4Z67H0dMzrve8zY+/v98jjw3WCvE9lkXSUn+qNoev2lPUTGSJHjqeoQrS+684xj//t/9Jb/+az/O7n0O1/p8oYrEiGhIiZOoSW6JGsHxhb97lP/r//w8kUWCCiazbVDfUtfJA8y21Uiqig/NeMptTTaW0AshnWOWZfh6NPZOQOLEvd9dM0UMiBWMJKN1iSYVZUbBBIvEgHiFoESNaPTtvCZVAHWePUmqaet18h8kIkAyKJb2u1tJjKhKVAgxJWFpEz/YlkNj2uB/N9do110dQz8lPsz4fWc+Pfn3sz1HZ4K1dtt+rD2XiTxTvBCYJgCmmGKKKaZ4SWNxcZGf/7mfZ+/evUmHu8XOBIAR075n7Bs5GtYYKzz22OP8yi//Cp/69KdwzuG9P9NPPX/o1kcbQ2SzwtSBcYxYUtDYx2SAWbicSgVRg7MWo3XSFDETkeT2rXSBz+5nugkqig6GuL7jyB13cvkb38gV73g79991D/mlF+P27OX2L3yFK66+mr2XXoQe2MupaoPL334tJ448yNLRJyBafC1oZalrS7NZQePxzjJUoVEoNTEojSi+rpCNTcqTx+g/+iC7gqMyJSdcxlOPPQzXHiKWJSFquzYI6RrKZCPBt7NingyhP9N2zxbfFttngpkpbF/niuxY9347mQdpi74F0EhhHY2vMRLIUiyIGCPOFi1bTiAqsQm4Qlj+/9l782DZrvLK8/ftvc+QmXd6k55m6UkCCSFGA6IxNlhlY7owLsLdhcEuR0OFK8Jd7aooR3eH3X+Uu6I6OprurnC4ytXVtotwuKLaGOMBPDGYwW6BQRgQICTxNDyh+emNd8rhnLOn/mOfczLv09MAtISEcoWuXt68mXlOnnHv9a1vrd1x30XyfcE4fJvoyQna4kgvUldYZ1MQMIIPraJLkl1I0MkHV4KGfAVlMny1i5IheIsODRUeURrxmtCGErZC/fRISGHY7cJDO3knAFoRRfOpz/y//Ny738k//cV/we133MHtdxylcR7nIYQZ2ghZdDRRCJJjKSFfwUdB48lIwZmeFLYdTfKu31hd4fijj5JnkcFwhcY6bGt146Mk4kBlaTt4j8ky/HRGVVmGQ01WGKJvABgUhhgDl152Je/+2Xfzn/7zBzl+aodiMCJ4y8c/8Qn+6X/33/KTb38b//H9v8P+Cw6wszvDlAXV7i76igvBCFlZUJYDGusZlmWaiDuL95GmaVhZWUFnA6xr+P0/+CNedO1L+al/+FP89V//Nbb2eCSRPP11PO3MTg2YzI8CIq3FAr5VGLYFOG2SjUL0RCUEJcS2g0LFtlNDkSwPEJRtMxSWeN6gt+LQBpUXNM2sDYIGjKFqGrJywNQ2RGA4WsHFhmrqQWmMyXpyyGiDoAlecBZ87ZnsTrGNRUlOpoQYQESTiSGPKTTTaIVIIEZHdAFxlmE2QOuIVxobIpuTMSrf5id/+EfZ2t7hli/8LVECtXWISR1wzreEY2yv762SuWv4UYCKz/0sgJa77B+H2MbRyHz44zUolXLNTYw0QpIHR0EFaIBQZAw21lDDAqZjvvSXn+HWj3yO4s5dLpsMWSGnsTMeMLdx8ta7ueG9b+HFr3oJxdUPc9c9X+G23/kEF73p5bziJ9/EzFmqgwXNgRx7qiKrHTpmhJbl6w1XJBAkELQnEgnaIZnGDDNUmeNCoJ40ZGi0mPmYM6brscS0/2gLAKod1zzHd9nTQzeYkfmYe+/fOaczS6DvnFt4WTz3demVmkiMlkMHBvzg66+lyGe4WUXwEaXgyJWHufzyw9z/0GPIk4zOvHM0tsEskKciul9npZ64E1Pae7mX2I7HaUnzJnX0DA3jnW2mUxgMD2BUiXOeKB6jM/Jc4eoG5yxFWbY2ekOcc9imQWuDyQzVbEZelEzHNR/72Jd5+csv4s8+krG7c5rBYB9K8rR1fEApRaYTGS9tBlGMUDcNWmlWV/Yxm2yzsno5n/rUvVx04Zf4x//4RsqRoI1K90UJtBUZdNRIljGZeR59eMxv/Ls/5pFHZ1S1QSlP1oYlK2UIPoBSlGVJ0zQMh0O2t7d7ezLbrl9sswAGgwFN0/RzkfNqcyQCHkEjMSfKgBAMBNO2hAhEDSFPJaL2/q8kINK0tmhpOyyS74vEe7ePu8cdsd5bqolJFkii02OVpWWSpYVJQZAcxLRHckC673SeY28xqH1RiOa9P+8c83xiNSB1Wjjff7cllnimsSwALLHEEkss8ZxGCAGtFUortF4cHHWTjQUi7pyxVZZpQoAjR67k9z/4Af7RP/o5PvXJTz5r634utjc3CeMx1tqkEGonG0ndmHw9syxjbBskDZXpnYDnX7fHXgJ9/pwCRjhGW5ucvuU2dn78MTZefgP+8kt49Q/9CPWZXe7/5M3Mzp7lzT/8RvyRi7hy/wGiyXnwi19geuJhYqOZ2YbaeWbW09hIsIIr19nJRxgHeQyMs5wdgZmzWG8JWUYc5ISg8EqhcsXavgExBlQUTFQUUWGiUO9JAf7+QypMscej/Ilf3AXFRYxoDBrnfbJqUYqZq1nJ86RcD5Gmrtje3sYVgZMnT+CcJWoNMTwt26HvJ6ROj8c/H0LAOotzrg/4izES24m+VgYi1NaR5TlWzYO2e4/npPVbmLzF89dwFjzKRQSdKYL3mCzn4eMn+NBH/pyf+emf5AN/+CdMG4dSGUZl2OBRSqidA6NxMXBmc5PhyogomoBKrfW9xlaYVhYbhPf9H7+GC5EQoHaeW796G//uN/4D1idVnFIGomd3POaiSy/lP/zWb+F9xOgc5yN/9pcf5fd+7wN476iahrIsePF117G7u8On/+pTFFlOVc0wKvLoIyf47d9+P9e++CVsrG6wM50RnEeXBZIXTGcNJ0+e5uzmJnXToHTOrLFkxtA4x2C4ytZ4ig2WxgaaxtNUu/zar/06eTlkPN5FmQwa2zOG89BXnrQy103Opb2ehhjTJF91NlzSX2N7b+gQ0sQ7BIKX815fl3juQkSIjSMLIFFhZzN8Y8lMhjaaRoRpUzGrpkQDtauYupp8NefgwYPs37+fPM/QWnPw0CG2trYwRpNpwXvHaLjK6a2KKkyIlUObFALsRWiCp4keFwNeAKORPKMJs0RkW4dkGUFqJvWM+x96kOtveDmSKz76iY+ytbPFmqxjZJYsNkjFC900ScFcFPMic5vv83y3AgL6ItwivLT2LDEVACgzGBZEER679wT3f/YeXhou49IRrG011GfHFFKwqwse+/IOzcvP4K7OKI+8hMMXnGT3i8fIj52Eh8+QX7RBsW8NMxogqkaJwmuFVW1xYnHdmHPZ3gd8CGlfKI1WisFgQLQB33hEKfTSNuzpIyayWIsHGpDU7dmVuLTUXPviF3HxhYeIbpKs4touu8Z7rrnqam7+3KNJJe+Tehvo8zOAPYRwbFsVYnzqfbTHCojUJRfFotWEfRuKyy7az8bqkBiHnDq5y0MPnmVqS7Qq8GIJwVNPIctzClP26oPxeIzROgV7K0mZTT4wm07ICvjszV/m5Te8h2uuupa77rq3t75pv0xrDer7DIEOWmuUKOq6QfSAyVSI+ZDf+71Pg2h+9mdfx779eRI5iE8FgKiIQeMmkROPOf63//UPefR4RTYYogqFtel4D3F+DggwnU57CyCt9ZzUVnoP+R1C6hzoxRdtV2u6iHlQFpEKCOzuWkw9Iq8FoyErI3UA7yIuRJyD4DOci/gQ8G5GU1mapqZqLNamn6ZpsNZS1zVVVfU/adyjeqGXMRneRWweyTy4AD4UhOrZ0NAAACAASURBVKAwVlFrhc5SXlQ+G1GWOc5FQpihdIWKnuAV3qUgaO99n5XUNA3Oud4qyVrLeDymrutk0XkOnuga3jQNPnhyk/eFle+H6/0Sz10sCwBLLLHEEks8p+GdZzqdsVLVe55f7ADosNghIAKZyVE6tVaORiu8+13v5gtf+ALb29vPzsrDHuIqxsjW1lZvZZTmKa11DxpPxOQF9XSG6BR0hw+kzuVkF9TbjaQ+535GPW8TTq9RmWY1Uzz22BkeueteLn79q7j6zW/gspe+BN845ORJvvXVv+PNb/lBLnvDKzl48WXMNk9x9uhR4mSbbLQfjcNX2xhlsbHmlN1h9TXXcVmZMXSeTCk2JOOeL3+ZE3VDVZRc9KY3cfBFV5DjCcpwOBty8MprCJOG2fGzFFEjuFaJnXbUU9YA4jn/Pkcg5/wm50xI9zzuJ5rnYzO7bdASkW0+gm0sJgTWiiGzepbIEkAFsNOaqTvNVI/ZWRsSXIC6JmZ5CoN9AaPb8iIkNVtrkdURxBJJ6mGVbENwjjwvsEql4Njey7aTLXbhd7H1m6ffhefNBZBA9IHoHFYCxcoGH/rwx/ja7Xdz21dvBVPgfEBpQRMJPpFKonNEaX7/Dz5EWZZEUUnJL7RatLSsY/c9yP/0L/81eZa1ZLciBDi7tYOP0reu65Z4uOuee/ml//5/TJY8LnUxZOWA+771ABFFVgxpmgrnAke/eTf/4pd+mYceOY6LIEq3vQeKP/6jj3DRxV+idp56c4ds335cYymKASdPn+X//LXf4MGHH002PG0RwiIUgyHW1Xzkzz5KZhQ+KpwXinLEQw+f4H/51+9jbWODqrIIGpA+bJCuM+YJGPq48KeeAAoBlG6JCtXeF+aEUDofUwEgeJ4WUbTE9xbn3u9FhOAcJoLRqVReNQ4tGjurqKoZ2aAkKww7rmZzdwtTZmijyIuC4XBIXihQyXYhMzlqqFgZrJDpjOl0ym61idKWKJ6U7aExWYbOc5QxiFYEJXgFXhRBEvEUlUcXBZgpATh4wQVUdU3dNDjfXmusYxyn5DrDt8ef8x5lLSrP2uuB2hvo8TyHLPz0mSkCXqVfXAQn4FRShg+Gq6yu7Gd9V4jTTfIalNeY4MkzjfFCkIxt55itr7Jy8CBrkjMKCi2KJlPsakujVXv91wSlcJI6DlIdWLoHdP6DSqu0Xk2DnU6xMw2FQbdjrM6Kcc8XW+JxmI/rAtE7nMwQmXLg4Ar79u3n1IlNbGMJccJllx1CxGObGk0gU1lbjPFcfvnlSHtPkCdohcmyvCefjTFMxmOU0nvsVHqyWus93Qh9oTkGylxo7C5XXzXi537mJn7gFVezsbqCc44Tj23zl3/5df78o19iWjtqG9O4PaYOhCzPsdZiTLbHzsWHgLUNo9EKdV1hjPDIQ1v87u98jOPHT5JlJcFHmsZS5AUhzjMNREnK+tG6zbcBkxsm0ylZXhJUzqSBnR3P+9//FxgTeffP3MjGAY33LQGPJgTh7NmG9//Wzdxyy2NMqhwMWFcj0ZCZjC7zSJQmLwpEKWazGbNpRVkO0K06PSzsAmN03/FQ0w3q58NdiYKiYPvsFu//7Q9y110nyAYXsXHgClZWNzh44CBFkSOicN4TYkjHgZuC32Gy8yC2PkPT7OKcT0WB1t4nLPy7vb3Nzs5OEnu0Cy/Lsj+vRQmiMoSS1fJlGHUgjQ20QhmDznLyfMjGvpzVtRnDYhfiNsE3eB8IPqZsCOcIrXigaZq+INAdQzs7Ozz00ENUVbXHsrY7/s6HW2+9lY2NDW666Sa01hizpGeXeGaxPMKWWGKJJZZ4TuORRx/ibT/xNvIs36OqOF878rnFgNe+9rX86q/+KpdccgkxRC655BLW1tae3QLAArIso25qlMjCIFraRvQ0+FbSDvRFkoIFkqK747/O4cE6dXn3VNcVYAEJmlWn+dyH/4L3vOE13PTWmyizAdM770OdPM5k2zKY7fDa170CrQpmdx9j62tHWWkiYRRZmU0Yjc9yERXrbkKstrn0qktYP3IleVa0nqqKO8+cQNUz6rNnOHTxlcQLLwRtyTKD8jl6Bg9+7hYe/NLXuVo0XnUTf1q676ln0M/FOfb5CP9esdw918nT+9c+nsjsSwOdsk1rnEScDxRakYlQAVZFTAzoABBwjccajesC55yDLH9mvuxzHHvIpZ6cV70iT5SkAErasD2lUK0/sHOBoiiZiCYqwccUytn553ZIZHOck879H7oiXGdLE/G+ZliW1HWNl4yTpzc5efarFHmOdTVaaZyzvUetzgqapmZSN9zzrfthOkNGJWnOrYiSThoRYXdS8eVbbyOSlIc+0KoF563wvlO6+8DZs5ucPP4gRZ4DKQh5WAyYVnWapCpFOVzBOsvxU6cZb9+HyYapYBCTZ3LEc+bMJmfObpOXA1YOX0hVWWIUGutAR758y98x2n8ItKB0IlqbWYWPSXl37133oiSQlQVZMcQ1Hq1LTp08y0Pfegg1HCCi+kLHwpnxxPtduqKo9IrpECMohUiyAEAlW6BOSd15QXvv+sLpEs9dnPdeT1JtRhPIURQrisynQGs9yKn8lBqY2Bm7422a6FgdrDFzE3YmY6Z1hSoKjNI0jUObDEHhZjWzScOJE2dwtaCiJtM5mckZ5EPK0TCJaj14n9TioS0YKp2zsrKabLVEsNYzzJMA4YILDnH67MlkYyGCEsE6S54XqSgn6bqv86wlq1LB4ftJCXpuHb8L2Awxolvv89CGmedaMVgfcsUNVxHiCXbuPYkeOqrZBO8r7EZG8YojrNxwOc1IUW9atrbPku1b5fJXvoTi4oOcHURmTUXlHD5EvLTLVCym0KZriLT5ICLEdtsnYtDglWC97wsGj7PyeI4JE54rmG+hQG4cWem44WVX8s//2T+hKEpuu+1u/v2//4/UruKKy/ZRZAIxhdU774Ckni8HA7RW2CfppOzGXTGk8WRjLaNh3v8N0rFVliWzNgRYiWCyDFq1PSHg7JgLL9T86r98Lze89AIKbdHBoCg5dHCFI1ddhNaeD/7hzawML2JWRQZFTtU0OGsxxmCMZntnQlEU+MYzGg4ZDAZUVYU2GmctuRpw29fvSRoepdHKMCgH7Ozs9DYweV6gFBiTMZ1NGQ2HzGYzJjNHVmhqN6V2DhM0ZbmPxtf83gf+msMXr/Gj/+VLGIyEiCY4YTKFD/zBl/jUZ+5la2uAtFk9sRWVpHGQQ+uMohykTASXDPnyvGjnJPNu5e7xoByws7tLNavwzhPF4a3Hu0BwafyhTckXPvdVPvxHn2Q80RSjLQ5c4Nl36Ao29ivyPCnfk3AhFQC830HcWbbPHsPVJ3F2M3VNk7z5w0IHTgiBra0tNjc39wQXQ3tqdk3UShHDCuvFwVZoACiV5imZYbCScehQZG19m9KcQfwmOEcTLSEGXEgq/87ip2mavtATYyo8jcdjTp06xWw264sR3f58IgugBx54gNOnT/OhD32Iq6666ts+z5ZY4tvFsgCwxBJLLLHEcxohRO666yixnSAuWm2ci72ErOLYsWMopfi3//bXyfOCw4cvYH19nYceeuhZW/9FZFlG0zTknZK7tSMJMg8vbQ1IEQLe2z4zLYXrxfYv6cUic/J/7/YQnE/k+wFd8Oi9x3noEzdjy0jpI1u33cUFs4ps1vDZ33g/K1ceoZlWlI9tcvCUpfSGGTNOfeJT1Ld+DTl2D7tHc267+07qEDC2DfhUSUkXjz3AttZ88u9uRsIoBS2qihAs0UYyq1gZT1ivPLPaYguDJ6DEY0IKRJZzHF5VS9ym7QSIoGI7b3+OciJxLoD6rqCVwotgo8eoAts0qSgQU/hkWljHO4RkaaNkocjwQkLH9odzNn5AqZha+s8h6NPJk+wdAoL3KfCOc+wDgvNEH5CMvoMgqq5bo936IaTMjbjQJUDASDehFeoQYbCOyQxIIPiUmxGCZTAoqGqPdR5EoUKgHK3A6irT6YTQJuJ2dQhB8EFQ+RCjFDEGnKsRozE6b1WDOoXnxZiqSlqRD0Yopairihig9gFbNag8xwUITYO3DSFGTDFIHszQFio8eT6gbmbkWUk9npGN5l7BWZbhbMVg3wGqxuKbBlUMsLNZ2mbekQ9KJM9QWphNJxQmx8VIoTNiiIz2HUjt/a0ffxeA2k+an4Rkmxd8ZF4AktQBEJXpHafT86GrOrYkgX6BnjfPb0SBRhy1nTLwwsBklIOCzBh0kbGxscHuqSmnT58iSGC0vsLOZEyQlHkhqgsOT3YOgmZzc4eTDx+nqmbYOjLbrYl1JAsG7RWhdngaZOAIdUM9mRKbmno8YXvrDLbZ4VH/MLtbNc24ptQZrm6oJzM+8Rd/yWQ2JtYWE4VmWrG+fz8rq6vs7u7igyMCJkvqf9X6V3fkEvJ0yuTPbURJlj9dGbaD8gFDRgyB2bjCbe7CoXWKA0Ouf+ur2b3sEc5sFDR3nSD3B6FQbBw5wOoPXUt42WGmccbqmTPc9cADXP6qF7PxpldzbzHDFwXN1pTq7BhCxHdq7wDJKq+7Z867S7oQUx9C20mZUQ4LMhWIjSe42FqLPd/3xjOPTuQiMeCaba570QF+/r1v4/BhizaKm256MaPBP+F3fut3MRoiDedU1ue/y+PHiHD+ecBkOmFtdbUntGMbAKu0YjqbkJkiFZtixFk7zwnAs74O//O/+nle/ooDZGaM+AbFEC2GLAeTBf7rn76Rr952B1//+jbICtNmis5MPwaYzmasrqzigyeGwM7uLmVR4HzT5o9EmioiMUdpSfdwH3CuoiiK1EEQk7o9+tRFsLG+TlVVZFmODY4QLeUgVbM0GTqkDqJTm2P+7/f/CQzewd/7sesxOfgIX/jSg3z047dy6kwgG6xjYw0xAzTEJnUZSrJV8sGjRGG9Td0wMQV693Ovhb2wOx6zsrJCVc1QuhUg6BRqrJQQyZiOKz7z15/l1NZJCCsEvcms2mIQLqYKMRVBRLX38WR5GYJH4hQfcnxUhCB44nnHAp0tUGfH04UDPw4xIiFiA0lQAej2i5vomTZjJtaRN1uouIkJM3RQKAG7ECJ87k93HC4GEz/Ra8533Ygx8sADD/Cnf/qn/OIv/iJ5/sIU8Szx7GFZAFhiiSWWWOI5jUU/88SvdW2V5x9ILfyGiHDs2DFOnzrD5VdczsrqKqurq8/sCj8JdGtHlGxIOvoWXEyT0yzP2Z3OqJ3FZAIh9JNlFdMAGEnkeOpW74oC7JkaxRCT2llrog9c4A23vP+D1EXDQALDyrIRhILI2a98nbtu+wY6avZ7xcVljq8tKkS27r6PzQcexE/HiNEcf/RhvAhZ0FilabTGi6K0FjWbUJyMkO9nrErGUpO5mlVbsRoDeciRQcmZYUQFcHUgG67itSQFu/UELUSjyH1gfTxmbVa13qLzgXPnBvK9Ft0lJdIcsvDvouro6WKR3hGl8cB0NiNkbXs0jiZ4skQ3p70eILzgCwD0DHDXAQDJ9qfMcyaTSTpXnEuTU2hDX9tJrdK4EFE6R0S3Vh8K5yMSAqn5Zt610ZHMe/Zv71WfLAZiSMR701gikiabWpLHrXegDD42ydrLp8wG7wNiUpv6dFaBVojuhumqtT5I4eCxJdF8R0ZlZer6CcneJwaPaEWMHmUUIURcAJwny5JPsbWebDCgqWtMkadvmOUEUX0IYWgzKEKMeA9a54lwyMt2fQ0xBKxPHsDWenyMSFH2NkQREKOxPhCtRQWN6BzfkvQBhbUNEiIhRKT1wF0k5XpibuH4ThPrdAYqpQi9+tL0VgmisqTOpj01FPgQ+qDIlAGgUiHjeU+vfv+iJ8FZKOIpRU1gGh1a52QhElQgBku1M6FYLRiUBUqgHJSMBgOmOzVoRTEoMVmGMhqEFGJZBb555z3c/Om/wWhN9BElJXXtkue41kTSOTkYDcjzPJFcOnXv1bMp3k7SfT0YmollmA/I1IBLDh+m0Ibt3S3wjruPHUWMYXV1FU9oyTchSLKZyNFYZ/sCxbwYBs+P47Q78/ciCKCFqFM3jhKFIqn/cx/RDuoQmB0/w/CCfegDGeGgpnzdpVx+7UWo7QZ8gELBvoLdQWSqHeXZhuNfup3dbz2KvPEqtkY5W3bMZXHIY988zuqmZeALQLU5RN14Is4b8kT6e7poTeUainJAVc1otmYM1kepcNtu/xhCe52Zj01iiF31sd0Kz4+99UxDxJOrXX70h9/A1ZcXlHqXKBMkltz4yguo3vUG9u+rMGaG4AHfb7yIo6knxOjSfXxer8F7T5ZlqbBOKuSlrr6k6Nc6a0nuiEiD1kIMKhX8RRN8es5k0gorAj/2Yy/n+hs2ENWkrhw04Imk3AKl4MorD/CT73gj37zzzxG9ios5th1feO/RbWHeO0dRFERSeK8IWOvQ2rTFCQ1RMDrDd2HgIul+qBSZSYHTyWomHW/GGMTkaJPjXI21DVFFrAuoGNGm5Fv3T/jf3/cRXBzyppuOcMc3zvJv/s0f8+D9U0Q2EOWQ1hpRYiTEmHJLUH1HXdM0/XXXO5++R6tmn8/BIM+zdn1BJCCqPR9EtedVYDKd8Mhj90OY4mKF8jVVLfi6BOcQs4bRK4jkIDnOC0o0LpIsDYNqO/XkcUQ7pEL+4g/sFYpJe26nrLhIRoPRFT7UmAyIDb4ZE+MmvoYY0jGDEnzXUfgU6JZ93sLDAs73d90es3feeSfW2mUBYIlnHMsCwBJLLLHEEs8TLKiBnubrY4wpcDeENFlvPXq/1xCSql0R2om/UPk0EHf1lMpbTJ6IuhBjUikDhqQWmodezpWyi0b6SiAvDWclcLL0hOEqo4FidSSoaGE6Yzyx4CI2eA5dcgnWRwjCJCsZiGFgMgZRQMM9x+7FZsKRV15PMRqxYYZQDGmyAqcMbrzL1r1HOXXXN3nJ615JfsXV2IHBnT7JI5//LPH4gzjrOGktr3rn36cg428/83le/+NvYXT4AqLSDHVGLDKiUYys5+wn/orNz/1tS/bs3XbPGchTPP42VjYdEwrfe54Lzntc9EimaZqaImhUVHP7qBgJhJ7AQEmbJfxCox5CT8r3XSJtS7a1FhVTMU1pFookklTiXUdNFwCMgDJJNhc9ilSc6wsA3f7p1I1JStivieo955OyLHb5D6p9Xec5nUxMcLFtrdeKjjgTc76IysU9KkQU6LjgLpU+JxVJ2+W1RdAQAlFS4ciGiKYNV8+y/juFGLqSSN9IoXRbmBCdWvPRhAix3VY9KS9ATNeojkCIrc0SQOxKZVqnLakUMSSbDe8DonV6h56T/3N1btpc53PpTy+dF39Uq5yehwAr8On5KOdMvmPE2obgM4jSFuC+12XFJZ4Me9STAjFTTHEoD9ELoZmlLhYi2aShsRV5llFmGUq1x6akAh9dQLRqPwxFNbPs7lSsr62RqQxxkoIim5QDYIoCiQE/qZhMZi3ZFLDBE70lV4HcGJRo9q3sg5gzKEZsn93i2muu4XOf/2wKlC0G2JCsKmYuFXaRpDpvnEXnWatAnxc8nnf6/ye6BbXndVcklwg6gHIRHWCAZrI15sw932Lg9mEOr6DXVghDhTsUiZkmhprZZBcVFfsaw8lb7+bRv/kGh6sStW3JfM41q5ew/eW7GX/6Tg6f8QydRpB23CWE7toZu+Mq/R4FZk1N04CXSDFaYXNygnx1QJ5l+Ma119m5snf+PZfXj/NBCBzaP+AVNxxhkFdkOgXPGmPJS+GN/8URNrfPEOMULYmUVoTurs6JE6f6brbFq3SWzTO+TFEkoYS1lEWRAlp9wKi23UsczkWKsmQ29qgsWcRJdATr0CpSDDyvfvVVjIYWrTJiEIKYfkwVQkTEUBTwxje+kt/a+Cinzk5xoSTLcxrb9CHkzloiqeCcmYysvddqpaiqight0dxSDgbYybS3ismynLzI8c5h23yiqppRliWhndM0DWRZgbczRmslQbvkoQ9oVdLUG/z6r/0V4+k7+JM//BT33VcTfYloh/RZOOlOnZkMYwxVVVHXdRoLxJiCr2Ps7Ve77pjznddKWoFSh4VuzCgOH2c4ZuncEQfk1NMcO6sw7MfEDUSvoGSEChkoRwxTnKsIvrN+TfOfRYufPcfZEwhg0nrTjlMczj2GkUj0E2bNmBBnBHZZ3bCouIqSgygpCaQCcQxP77zuigBPlAX2RDDGMBwO+6LLEks80/jesyBLLLHEEkss8UzjnDHVoqLwWV2N3mJEaPvQgYhozczVjG2Dj0IVAwNVIiomr2GSa0WEvlVXEjffW+IsUoZehJO+5vSBVa7/+Xdx5AffgDe06mQwwZDNPHf81d/wwBdu5qf/+T9DD4d40Ug5xNee3FoGjUX7wDf+83/iyI2v5fArXkJ0DSuVJTSRTHKszlFGs/GaV3Hsj/6A+190GZe9+nqCdQyai7nu8ov45u//IfrUmFloqK+4gJWNCzj2d7dw2WX7OHjoAN86eozcCy4JolivPaPtHfI2BDQ+EZnwTOwj+M6XJ/AdWwB1h2NL5oskdX+IiYv2sadV6QyjenV0a2cj6oVMQJy707rtA6H18o/dzgktOS3gQyJ+UIq4YAcTY1J5pkDZJ1/y4qQtLUIBJrFLMRUScK4l/ufnPXTEtkK1vTxRUthvCvn2rUpPIVEtHFzpFfP5djspj/NP7B4JSV2MaAieSGivQQHV9hfF4BIpimrVbpEoYUF1HOddN93v/dG4sB36b/U0irUS+lfEhf9DoKuZpM0ViU9yXHdrAvNuAaIgOgcxoAxKDEGpFDCoYn+Sp6C+8gXbOPN8hkjyybeuYaeaUjuQxuGtTeTfNFC7CpUbfPQ0syqF7Ga03voxnU5aQUi/CxqlMrJsSGlyXN2wUhTkyhJFyAYFjbeJCGyvxM5FiAElOqnDoyZ6weJR0RF06qbZ2d1lY98+vnrb15jVNeWoZFpV1DEQYkAJyeLNexbqWi1h/r3bzt8ZzsnBedJXtl8vBMRHcq0YN46H770ftXWawYEN1g4cpByNMHnOjgSyusZsN9THt7nn81/nG3/+WS68r+YSWefSMxnNlx7i9qO3sfuFO3nR/Y5L4xriNV6pVCCWQKNSJ6JqlcVAWyRMx8d1L70OLQLesXFwP+VwSJg2e9a9JxaXOAeP3+ej0Ygrr7ySLBvjQ0Nmkl1dUztWVkasrJVt3nVI94aoIGog5777HkbIcT72tzpI49mke0ie/967ZEfn0r8+eLyfADHl+SC46MhzTfQWY9K9wltP8IHB+gr71/ZBhOA9Wul0HIe4cN+DqnZcdNGICy64kFNntlJQbwjkeU4MgaZp0EqRZxl1VaGNwWiN957KefI8p8wM3nvKQcnuzg5FUfaktg+e2WyWxh4IQUKvEhcgU22R23vW19aYTqep+00bnIvMKof3NbMm8n/9xh9w5tQMazVFmYoK3nmUpBmDiGDrhnpWobUmxIBWyX6sXx/vcd4RQ0RHjRj1BOd1WPjpoPrA77QF0/UySkNgi8gpEMus2kSpEtFDlF5Dose508BZouwiuiG6+KTztqdFnoul8g8Q1SbOT2ncLiIek0GUAcgI4mLP59NHN/7oCjlPhsWu5u6Yfd3rXtcXipZY4pnEsgCwxBJLLLHE9y20VmitUaqbjT7NQeIziBha4kEEkeSzLUpRETgdk5VG5T2FSKfHbYn/dpJKN4hu9cLSPl4YGDuEaZ7RHD7Ekbf+PR47s8nH/p8PYyYVtqqR4YAfedtbWb3wAPlkytc/8CGmWtgpS97wD9/JxsYBPv37HyZ78CGUt2ydOsGFl/wE61nBzR/+C+S++ynQjCXjrNa87K03se/i/ZRHLuRR3zBwloe+cTtrWcbLLr+cQ298I8c+/lkqqznbzvhPCzyM4+zuWW699yilV/gY0Aj7as9lxx/lipCIFYmh/45dEeTpFnD6DokWc7He3uf7v7f7Zk5+PsHnwnxiKF1nxqJGe+86nMPv711m+/9EwQoSklLR+7QIF5P6LKqUAJE2oaBi8qPvCKPHCRJfwEiK8Pb8aYn0TkFGjMliR2l8jMmORmWtSr6b3CZinJjsgs67jG5HxsXrSlIZCwrEpwwCfOrhCR21n4oAoT3He+IDSCmGXYt9nwySlhEV4FtSf27/1WH+2znBxd0WWWQWW/swiYEYPEoLSiK+s1oh7FEdLx6/84/sSgwR5iWMhVcuTqPbYmdrZRT7IkEEUa2dT6f636t4frJzfVGJq5RC9Z0JClEGJVnbXZHCA3vrDwLVrA1B7rbN8sR5zqMnWQQKrSm0onGO3UlNhiBaMRGHCx6voXaeZjZFKcFGKCRLPvsmdYgomftWK2UIXjGbWupgYRZYHa5gVIYLAdc4ZrOKIAHRqRPLxuTdn5nU3UJMFiNVcATn8RhGG2t87NOf5Jprr2bXVlgV2d3dIhuMEJPItthaX4X+eF68AT2/D8x+n3Vq/5hKpH0ptC3E+ODxShiMRqxLxu7mLsfvvotvnPki1jnIDWPtMTtjiuPbhPvOEDcdF7tVrmGdfa5k/JUHuefuu6kmu1wjQy50OSpovDKA9Ory7pp1LiKw/8B+Dl15BePW/qOua2SqyIJq9/Fi7TV+F1X/70fIOT/pucOHD1MOSpzfTuRyDCCKPM8IwSE+ogzEmGwvYwiIGJpG8+ADpwmhSOMroW92TdduWrsfnYhU79M55D1aC3kb8qtihrMWrQM+NmRG8FXDoCyIWQYhMiqGrA4yVDvepA3o9dGhVVKnCJAbjfWQFxllWRCkpKprnAv9FnDeY7KsLUSEdK2JkcEgx/sUIKuU7m2MQgwoJek7xdSR113nILadeOk1RVkm3/vGUlc1SlRvP5PCw1WyLguaegYSV8iyQPB+oZsojYWMNmSlIbb2hMbkfVC5c+naln7vBCbqcfON9KVby7+uS4B0XnR2PdbNsxZoi/u5EbTyGGVxwRF91r9G0AAAIABJREFUTQwTvN8khBrXTNBMECxdjkNcWPa5/z7lYdkuPMRdalcRogWxiAaTGZRqz+VunNRef3VrGRhCmHdCLCzzifLonkxo1hUAyrJERBiNRrztbW/rl7XEEs8klgWAJZZYYoklnheYq+efPqy1FHlBkRfp96ahaZqneNczjVb5q1qur538NhrGEYxRVD7ZjiilEgv8VEz0ef7slKYRjcoGXHLJBm/8gTdgtqcMV4Y81ow5euwoD3zmZsKZE+zesonVkfHGGuU/eAfrgwGTY8fIb78D4y371kYcMJoLMTRfu5P9DzxMqTVeGyTL4MZXYA+VWCzj2YTQNLjNs3z16N0c+amforz+OsyDj3HmnqOcnFaUK7AbApMYWC0LbvqRNzOwHhFFqQz7Z54Tp8+gTp5ME74Fg45vW3H3RG94kg+SJ3i8+NZvZ8r/9Ne5VXmLoEnkgycSYuoEoCX81XmX/t20HzzP0e+QPXR3K/SOfUdHZ9cTiYjSbdhcTEG7Ws8JhvZa03k6C+ffh93kTtg7GRXRhAUSX+GR6Eji87Qv2x4OkKS6S6HXgdbPhJ5laifLKoZU8FkkzxfFwTHsbcF//MrO39MtC49WEL1vCyKJpIsSUd2CI4DqFzRfQmtR0toydDUHJbRuyV3b/Zwt6+g2IRD77SOpQNPvv3QOLF7yntJXN8wLAP2k2yeCSUnq6gghJuIxecGAUjTtZH5eFFji+QARQSHkURglST8+RmzbPSLDAsThbUVlHbPQYGIKVi91gTYGrXU65LoinErqf0FjG0eoHaUaEiXZXs2aCqyAStZVQaUQ0UgKBvciBAzoDNpSboyKqBWD9VVe9gOvYuPgBje85lX87Rc/z3B9FedCLwDoil/nkkaLXtbPp1aVzsJrUXChIpj2pyNxo4ATyDNNEzzWCCuHD7B+aA3lhbjbcPzESU4/eoLdyRifQ7HPcuGRAYduHPHoXY/w8Ofvwp+21LWFqXBFKDGSw+4MkZwmz7EosigYYnsPhfMrAKC2Fpxjbf9hogh1VWNyQ6aLPQXU70UX6XMfi0WrxxewYghY15BGdSaN7SQmh7wQSZlf7T1aDJubNWdOVcRoUpdjW8SJdOdNKgB0hDUIw8GQEDzWNdQzCxEUkcwotLFYuw3BoUKNtzlGl0QP4g1NVaEpkRBAUiaNhEh7G0nLFaGxQlXVWOcIWIzJUFqR5zl1XRND6jBLXzpSzSqyLKNpGgbDAUopqlnVdjKlEZ11juFgSFVXZCbrv9t0OmVtbS0VOoxhOpmQ58Wea8X8OuFRKiBZKyBpNCE6lE7FB4hY55Co0DpjOpuBD5jMtJ+Rfpxr5x0x7RO12HpxvvNmcXB+noF6V6zp/i4hZX/oENDBtR1ZikBNwBNDg4oNufI4SbfzVJN5ctL/ia6fe1/kSJkOYeGSqtqfeTh8v7rtGMFau/d61hZtv5vrgGnvRW9/+9u59NJLv+cCtSVeGFgWAJZYYokllvi+xXA44HU3vo6NffuIESaTCbu7u4jsDbJ6tqBEpcG0UviQ1H6dz7+VSA14A7buOE2ZK+S+DQhCScH4+DZf+fTNXPKG13PoxtegbSAIXLFS8LJ9K+gffwsf+KX/gfjISWQ6JRsNkbyA9XUykzOygXUnqGjITZb86bVGQkArQceADhFnHU0TcI1naifYepdVWzM8dZov/sVHufbvv5XB61/K5vQ429Yxs56qsTRNTXVmkzv+9guYSU2mFMZH1ivPBccf4TCpQwJJJF/4LsbGIcbFmIQnVuYsbsdFpv9Z7B5J3EnybA8xBbh65uusYiCi0CoRLMspQ4t2jtoRBF1IturUtJIIiNS5kWx3fPTJIqjzpU4zfGgLL5o553PeRcbYqhXneyEseEjpVmWv06w3Tag7Il9aIqNTnBFShxAtQS/tNYM0CRehfW/XRdB/baAjtcKeBvw9SlW6Y7gtbIR0flncgsVQW3gMrn/3nnMCWWjp72b65ypp50rI7s3S/78rXyQWsC/t7dnGc/IoduvaNxTsZRk6tXQqNiwQjta2XSAKFyLBR0xnrySSwki7Y2GJ5zTOvVZ3BYAwa9AuMtAZ2coID4xdjSfiRJg2lmlwxFzTuNAfD9qY9nwXiAqRrFe5pkyL1AlkvcWGpOSVRjGzNfmgIKqIi54m+P7e7EMqe+mYJTVsjK0NkOcbR+9k/6GD3H7PUR46+RhOwentLUblkEJ1is9OPduKUFN14vlDCHX8oDzu6fYeJegIxpOsd0jF7CDgJGIFGgU2F9TaEHVoHasDMTMcetVFXFQHpHEEHZMSufEEq7j45AR9/RXMPvgltu/aZtUWDCcWo8CrgnEm1KTlrdr5eqnYjbC6S8/8+j8e7/LQvce44Lp1/K4mP5QlAtC5ZNYW59+tDwhtL4XdFfF5stf+f8Zewr8vihMZT6bUdYMpU5ByP2ppO9nOZY+VMgiax46foWkiotrzKjzeeq5bVuosiEymk3Sua43WRaqrR493YwbGc+MPXctrX3aEIxcfZDpxnDhxgnuOPsjxx46zs30cwhrGJJudnljvdm5775tOA7NqhnMOhyUzaR12q11MZuaBsDGijSF4j/cp+Nc2qfCsje6LFyFGsixjOkt2PqG1AlNKUQ4G1E1D8J6ivX6de02cFwI8qAqRiGaIVnnK3KFmOp3QFRq1ShSgVgofkq9+mp/oNjNNt9e0x2MxFFctXJ861ftTXbNUL2rwKCxCjRDajui2PzI6PCFldMQMjcLHbkziz7uMJ12utGMUiRDdQieBgqAWxniP/4wuAPnqq6/mvvvuY2dnh9Bus3OX/XS+f78d2gJWnue8853vTAHP38b7l1jiO8WyALDEEkss8bRQsbVVUW5sUJ73z1tsscHGef+4xHeD0WjEe9/7XgaDwbf93quuuoofefOPUBYFznlOnjzF1uZmazfxbEIep94LvdomkHy5I4GIVzKfQCrOeZ+0POZ8AtU/DvPXxghNFMrhkOb0KW798z/j2F33ktUes7LBpND8xHt+imsuvoDRyoChD7gAM4kY03qjNxUDQDuLqydgGuJ6xqv+q7fjvvkAwTYYA9pozMUHsT6irCEXTbYNwzMNl84M0/se454vfoWDN7yYF914I4PRGtWs4cD6ftTUYoc5w8OHyUJMqqsQibUjM4GzWyc5pAy6HfeHfqr+FOjnkpHO6ue7HlLHhQntueK2Th2d2Od2wtVOShcnSN/JYuPcWGVJVZ4fsWdkdCL7lU/2OkrjZzOyaEGDVaCDAxsRb5DgiW4CmaXRORHFIMtxQNQBEYv4iJik8AX6faGYK81ilJ6IhtamqSUAYoAYJL2jI/pb5b4CYgxI9MToOxobkNbuB4jSKt+A/tHcP7/zq53jnIJQ//c24jd6wCMq4IIFCQTnyPJ0jVQ6I/iuoCG99ZhE9nTHd37ZSenMnuuUatc9SERCz9zvVebFPsFkzxqnj1ogg2J38ur26zhUdETvkGjTtmjPQaUURqn0yujREsmAoAZI9IgP5CFruwMcNJZQ+zQRXwhNXuK5hXP3SbK60G1RTKOVxuiUjOJDoK6aZO/gI946MmNwoUEFwEdOPXaKRx9coywLNtY3KIoSiRoXIqrQ1K4iGxiaylK5hiwGfIh4H6kbR9SKOqSA9qIoyIymrmZ4Eax2VLOG4XCNxjdcc+VlbI+3uOKaK/APeU48ehxCZFgMkme3d2SZSVZEbVEyUwZpadKEMCewnkPoxQkxkXp9fU7SFUp1FzlI16GYuiW6rove5FCktWFTBOuYbo9ZvXADP8yoM6FwEY1C8gIxgaghlpHKevxolX1vuQ69vcXJnS8Rj22xnpV4F1ORPKQxSbJkS+MrBZjQjrzEJ+V5VGiv0SqiI5w6fpzh1llGrGErmyyjdI4oQQcgJDEEWqOiQjkFgfRdBLQPcy/w5/MlJc6tXc7bhXu+wm2U1kGltWNDcXazYndcs5pZBrlHRQ1RL5jcxT0fGAJ4Lzzy8Eka50i2eK1C+xzVu0iyzlm0mIntumut8KGiHASuPHKQ/+a9b+HVr76UA2uKXHm8UxhzHVUFR+86SjlKIcQikpT/Xd5Hf3wnIUlVNVRVRZaXqJjhfUTpiDEa7xwiQp7nOOcwWhO1RolKwfNhXhgREqGu2gDj4WBAVddopVKWCem+FlqbI+9Sd6D1ljzLU0ezQPDJu1+URklJjBqPS+IGnwbQxmT9Nmsai40Ro1N2ADIXHBFT93SWZX0xIHVXPB59MUDOOTAWjvngXcoZkrbeLl3RvrP1iW1Xa9oiCtC0XZhJ9ZDGeJLEFKlIMB8RK6X6jITu9+57dgWWxWN5z8EbA7Q2o6rdv50oYHV1lRtvvJHbb7+dnZ0dlFIcOHCAM2fOnFf5/2R2P/1mWbiXaa0py5Lrr7+eF7/4xed97xJLPBNYFgCW+M5QbbFVlWws2c4lvte4/+P8+keOLjyxwXXveAdvvXLjO/u8raN85IO3cOG73sPr24/Y+ptf4V2/8jWufP2V3H/L/bzyfR/kfW9u/1gd5Xd/4T38Jq/n9dzCLfwCv/ub7+G67tR47G/4zX/163zwKFz3rl/hfb/wer7DNXvB4uCBg/zKL/8yhw9f+F2RM1mmueOOO9gdj/vnnpUW7ie0l5CFf2L7X1LXtnRhmh4sqLzTj3RC2vbtC2qqCCK6JQ0Dq+urvOEfvB1WC7a+cRS1PcXIEL82YrB/P2xvMz1xgv3TmkIJswAmRKgbiqrBzypMiJQ+8MhtX2X/lUe4/sdugjflUE1p6h22q1226hlnH3iU+OBJDm8cYuP4BMZQ7lj0oOCOr9yO2befyw7ux9QwrMYcIWflsU0uuHzE4cuP9F6hMUZy78lnO4xj8lDXsSuVJDwdl8x+E8X57888nlz7t2g18jhS60net0j+q55sCTxlOu0LBLFlpxUKjQXxONEYUYi1GFwSeklEYrIJEPJEaocpgRmNUqioKJRhCkTlidK0Wd3CwikGdJPlcyaTLRIBnToIYvvMPLkhJoI7xtaKx7cFydh/rqAfr6SV1AXSWer0vNrjtsZ5OkJaGyOJHU+f7A0Cvj2YYsfmt4UNHkc49uT/ng+XhRVYLHSlxzq2yslOEbrnnercD2vRqepSsUNaWXFPEkWPBAc0SPSp3yHJPQFFovoC6IhSAe0jSkrAIiGShQw8SLREZ4mt1YHw9INLl3h2sWjr0JN/Soi5oY4e7xxZSBSSNAE3qTCZsJIN0SNomhneVqytbeCd4+Mf/QQf/5hl/7795PmA0coag8Eqp0+dxUvEikN0ZLA6QkfV+k+ElMvSOCogG+aUWYERIVeavBxBSOtSliU+eC48fJjLLr2Uo0fv4sypUzTTGbk2ODRaNJFk6QEQQ6TICjJJalcVJXXZKWk51cDTu/M9e4jJraUfwizWxYN0T8wLp14UTqmuFJm6mSJ95k2uDN45zj54nEdPHYeL9qFXh6yMI6NdT4liO4s00ZMPcigUxaX72cmnFK+5kPzWDeyDD2Lz5OleqpzCK/K+8BDxOt1rdVBpm7a3ZAkpt0VCSPtTgxYYrowoDgyI5f/H3rsH2XXd9Z6f9dj7PPqhlhzZbcuWZTu2lRcoDwfZBGiIAZGQVHNDSOdO1aDLhUHMDKCiuFMqbgpU3KopzdyiSjBDXRWZywimIAqXC+KVKBCCAglRHnZkxw/FkW3Zsay2nt2t7nP22Xs95o+19j77dLdky3Fsyz6/stzd5+z3Xnvttb7f7+/7U5jCIjyowmFtma2hQ20D68GGMUqBR7no7/ha6EviACR2xSteOoP95WrKCEXWg9PnOqy9toVnHqrxSxjpDgLIgiwzNBsNTp46i7E5iCYexWDORn/fSZqitCbrdkGr+E5zZJ0Fmm3P+utSfu7f/zg/eu9tCLOA9xleCGQSjiRtwfe+/Yag/Bd98YZ1Dlk7vfIw825G1uvhXIpxFmc9UvXfmR4wxgRLoCwjSVPyItiPOmcZHx/HFAVZr0cjTelmGaMjI3Q6HaQMgLsQglazFYoMW0ur1aLb7QIi1jzQQUAgJEUsgpwXDiUljUZCmip6vay6pnVQXIpQnFdIgUJirME5V2UAlMdfAt3P+05cMRARUfcUMu18vI5lwt3g5kQcd0SrQR9EFJVAIHYw5XgrcAL9HdbV+N77UGS52aTRaNBsNjl9+nSwZaqNsn015il/6mo/Zbt697vfzYc+9CGOHz/O2bNnOfXsKU7NnsJ7X12b6gxexHPebAag4N3vfjdr1qwZjjuG8bLFkAC46mKOI/v3c2Su/0lzcivTM1uZfJFbnD28nwPZFDu3bSo/4fC+3ewNiCW79uyogFCY4/CuGXYd3cTWTSc4cmILew7sYWqIaA7jlYrZoxyemGb/dHwC5o5xYNc0e3YdYteWKySoju1j285jbGqeYGp6O1sB5g6yc+9m9h3ZQ3hCTnBgeicHt+xnegKO7tvJse2HOBIfguzILqb3HeXQzi2QHWbX9EGmDh7g8CScOLCdbXt3cWTnlpfu/F8HUZgiDkYLkiR90ds5duwx/vj/+2M6nc537Nv4okPIKsWzfgxVgav6+O9FHZ4ELxFOMO4lvdPP8fCffZI1b38LstFArh3BZh5pOsx/+QEWv34/ybMXaHlFYQvGu4YLn/0ivXXf5JqFDG8dSSFYv+h56pP/wOKjs+ixtUExiaUouvSyDucXLnDhyZOMPDtPY2yMi8e/RWv+Imu7i7S9ocgsZ//2MxSNhIaFrhHcaizZMyeZJSjm66hl4jwbehmTuaTlCxIERWncOyC/v3Q8X6GuS2WBVKoj4qC+pjarJg/01cI+sgzfrcG7xwe7KEocuiSEokY02koJEciiq1pt+B3GcvpFlEowT1SSl3JViUhU8A12DmOielAMPoAiKh+DerWcjJaAVq1AL4NtaeWjO0gUiApzL9VmV/qwv9i+a9l6ZYcjgnI6GBaFq1jaKL3Q9uSiDVJdlVntpvYM9Z/DF5uFtYrqzvf9ePuq23gsEYQIPsvx2GR4rq0NwAQrAKhhvNrDAaSanrBYLCpRQblato8Iyl7TGmOxV6BEA4xHaMn1k9ejU4+UnqWlDmfOdiiKWUzhMcbhnaQoPNL3SNJgudFqJCRaYREoW6C0RCqF8J7Ee5SQGDxJ0gwgmgVfGBKpuOONb+TcmbOh8KVSFFoFZTIerVToD6xFx6LEgSQsLQPjeOFFP/OvnnACrAArBwlthUAai3YSITSdbsGZZ08x+6X7MUsF/vRF5LPzyIWczFsoDGmiGX/j9Wz9X36G9W+8joutBdZMrmep+RzGQqo03obnXIh+fxZs9YjcZYAEq34r9slFUVA4gfUO70E1m1jtkdahUAiThzGbjbZNtb68nwn2eo74jvTBssd5mLvY4+FjT3PrHXcglUFg6Fv/BLK3orU9pEmTrOeYffYszmo8sUaPW10q4axlaWkp7hdkFM60RxPaIznb3reVd33frXh6eDqkWlJ3AS3vv7Ol9Z7ovx6jRU8dPM6yjCzrYUwLqRokjSQKTvr9j5ShOK/WuvJ6t9YigAvnLyCkqAoXNxtNlpaWYl2D0KaSNBQM9saTpClLSx0gzImctaRpA49H61rR4KiG7/V61ftw+dhUStW/1LH4r5ACnWiyLA/kggpEQPlercelgG8hxcAY4JKto06oxDGBk6uv40T/3+A2BpX01113He985zu544472LRpE7fddhsbNmzg+PHjfOxjH+Pxxx8fOPblcwPnVo5H3ve+9wHQ6/UwxiDbkg0bNvDUU08NzONWuy6XC+89zWaTNE0ZGxvj7rvvRmuNNRalX10k7zBemzEkAK66yDhxcJbN+3cFcJKM2cN7mZmZ5cCB6SskAeY4tHMb+9jC3OTmSADMcWjHDIenD3Dg8CTMHmL39E6yQ3uZasLcwZ3s3byPI3siWXDiANM7D7Jl//RQ1TyMVy6aE0xMxBY4sZUde7YzdeAou7ZshewEhw4c5NjcCyDLNs1w4NAEx/ZMc6L87OgR5mZ2sqm/EFMzc+w5mjE9NcvRQ1NM7+y3/ubWaaZ2HeXEzi1smpvl2PQMeyabcfM7mJo+xuzOLS+asHu9RpaFYlmXSkO9VHjvee70c3zly1/hv+z7LzzwwAOVsuYVjxLIrgaNEVQO+lVKHa0osakXfMgOjaTZyZkwBU/82d9RHPocKklJDJjcoqTA9XroXsa1hUYjUF7j5zuc+PODOClxi4u0kxTnHE2hWHOuw/nDXyGL6qiGFGhhEN5ihWPCeEZyhz/fgYtnkU6SOg+dgrWaoI7rSFqFJIniuJ61KED5QS975aFdFLScRjlwKqTVWxEAg8teVl/z+vf1Ab/rq9iqL1euv7xp1GF/YoZGUCjVQZna774Eh+PdKCdQ3uNkX7e9mna/XKskL7yAXp5jK/Airut9tJAqz+f1DfxfKpRU0YKpf/VERLXLy2WMxVoX7ByiH7ccuDuhWFzwCo/Pa/15XK6GrD50UeHv+7cnkkW+JCSqtlIHQl5o1GSZq008K/LKL1unPMqSxAq2CtYYVKJjIcaazHNQmNmv6SsGPl626z4J0LeO8APfre4l4Vf5/XkibkepeO/KgqpKxQKOARSRvn8TlAogq7ch+6J/z4YP0VUTwlNgMMpjE0HPW5x1GOkQiQLnEIVjtNkkTUaZ0G16TUWhLPf+6L3ccefNLHUu4JwnLwRLiz2+8uWjPPCNh/Fe4azDe4tuQENrvHMoLD1jaKUJxhhcUSBl4PC8dQilSdIG1jrGRsfIuz1M1uOmDRv44pEvkeU9ss4S1uRoJWg0GhjrKqKyyHqopiJVCYlUCOfxNgDLWl39bdOLlYBeKAwsUNYhjCFVsLbRhnXXsVFPoOcN84vP0bECs7AAmWUNGlP0WOhd4Jl/foA7bttG3m7QvO4aFhMdCAAhB8ZPrlIRl9RufNt6X7NaDHWGdJJwzTVvYM2114HW9BaXEE2JtT4qpsui0bI2xijBz7Jg6gsTKrw2Y/DlIFBkhebog09x93vuYHL9ON5fxJqlYEsDiAhgey/AS9LGCKdPL3Hy5Bmc0ziREDJgDKuRx9572u02vTyv1NlSSaRyNBqCH/yht9NuWXTSo9vtoGgiSVY57P47SHhBWdK+n83gSRR0Ox2ss2it8UKhdUJe5AGEj3Y0faFPLIIbySWtFK1WC+csaVT/e+lIkpJEgDRN0Imm2+ngPRSmQ7PRwPtQONYi6OU9ICj1iftRSoaC9yoIHOoWlMbYUNcoZsuBjwB/OL1e3kPrpLLTKd+pq4HjLyYGxhUE8qG81ssFOaWw5lKhtaYoCsbGxrn3x36cu+++m9tuu42xsTGOHz/O7OwsS0tLnDp1ioWFhUuC8yoSHUnSt0ey1nLTTTdx44038sgjj7BhwwY2btyIEILHH3+8IlqEECuuzeVIgPo4SGtNkiRcf/313HnnnQCx5tSQABjGdz+GBMBVGQHsLCHHiend7D48w+HZaWYmYe7oAQ4cniV7XiuUJlt3H2FbdoDp/fGjuSMczHayZ9tk8Dmf3MbOHfvYfXiOqW0THD0yx8zOPhTKpilm5vZwNJtmaugGNIxXXcxyYGYnc7v3sX1Tk7kje5jedowDh7bXAP1aNCdWElkTE8wenYUaZD87e4ITzAFNJiaOMTsH1Ypzsxz7/CyzwKaJSTYfPMCh7VvZNplx4sA+jkztGoL/VxhLS0vMzMyQ6GSg6NILWrezxMmTJ8l7OZ1u57t0hC8mSvC/D9w6QWUT4pd9d0XTSAEST8t6dCZo+x7FxQK8IPEBRI/eJ/3JN0FtmDhwFxeD2h4PSuKbCu88o7klkQJDKPybAKm1CBw94fDe0LAOLx3GSYxIEDak4qfOMRJnGaO96BGuBGM+ePEq3wcGJRGodx4hNFZ5jIy1EV7ghfBQU+NdbqFVPq5PPOqq8Hg/Blarg5lRQSaWL9Pf6GV3XIL7wRqmnCgJcuso/GCZvLKVBCC7nICEdHq8XMlivIbjUndYEArcSVE52w6A4kJInBcYa3EWhEoiELesKKd3FYgfthusYlyNUFqGkcdav8sJppLJow/MV5kF/spumai1htqxrbgyova7j+uVs/24ajmR9dYiUvDOImSyYrOrcR7175cr/peD/1XmxOWeyeUXc2DvdaKkdhQ+kKZSaLwLhVwRIthARAsOoYK9E0KglERpiZAeZw2iZjM0jKsrullGbgqcy8l7jqLbwxpLryhIlWIkbTGqU2R7DdZbnnM9rArezuuuWcPaaxoopch6jmY6zsmTz3H0wYdJdIotDNJ7EqnRUiEUaKEQQNdYWo0GWktcXiCcZWRsDIRkfmGJ0fFxuhc76DTl61+7j6986Qjn5y5gsFhX0GylNFKFVwJTuKD8lxLhPFpImklKKoO1jHCxyLi++qfstTJFQB9WFTGDQngXwFvlGEmbNLQk9XkYR/QkrqvRXcFIx+BcgUgVvdMLNJoNeqnASLAiev1TqvoD3K98zDwQDhcV3rhYg8AHaqAcXxTWILwjTTQW6Ha7tJsjCMAaE8ATIQbPRfRPShAU6K/nLkWIIHwoi8aPjKzn6Dee5tHHTjM6fhMjzSYiyfA+ePuXPHZ5HY0RLCxlnD03j/etIJkQir5F3MrodrskSULSbFIYQ5FnaAHeONatHcH7DGd6SKmq1+CAgl1Ehrv23uxbDgmItnUCuLi4WKnAtdb08mDlY60Na0nIi4I0TSvnLudCxo9UClMU1XymFa1giqJAaY0pTFDlC4I4QQR1fq/XQ0pJkiTohkbZsi6Op8gLkkhMJomuzmegLoIPhYZ7WY80bZDnhlarycXFJYQUoc6al5V1UZZlaK1J01hr4CUOt8r4oDyf5xMA5L2c2++4nf/wH/433vzWt9HpdDh06BB/8Ad/wGOPPcb58+erDIwylt/rkuSw1tLr9QIhawzr169nenqaZrPJ2NisyDJuAAAgAElEQVQYY2NjHD58mF6vV2VWrJY18EIzAJRSjI2NAaFO3YYNG0INh0jaDGMY3+24+kcTwxiI7MgeZg5sYd/ubUxkJzi4cwu7dhxjz6rofJOJCWC2voE5ZjdvGgBBJzdtZfZE8JCbmJhlEAudZfbECZirfzaMYbzMkc0xNxfbeHaCg7v2s23XIeAYs7Ob2LxpkokJmNi2m4ObZlcv4nup2LKdXXtm2LF/D7umJ5k9uJc9B4CdAJNs27WZbTN7aO7dzhaOsn/PXo6xLazbnGLHjj3csnUrP7QJTnx+M3tODe1/riw88/Pz3H///ThXKnFeeGilUToMtge2+gIHai9JXGZfLs6ALX1/S1emx1fzx3IwXJthXnqLRIgSF1Vt0nsSFyYakrLwXcRCXVhDe4lyoLzHUeClwwqJLSdmAvCOQgkMBoUHH4r3JUZG1ZKmYRxe9xBYpG+hjQ4+vyqAKdJBwwaCw3pIIrBtJDXbHRmKsyoZvFhj4S8hQDoQwfV7VQV9Bbr6ur3Sy3ivL3VM5c9KBf0C1ov/nBB4oXDxWikhUCIAFkrUJq2eaKX0epxAlIQalfJSeFlZaASJbgkix/STWIzSOo9xLpbclMu2GkFn75BeEcXyYcLqoFQixpK3ca1Schr2V1I3inhPK5Dbg3B450vq5orPuNzdZaOaSy9fUPT/CQnORKsRhxD+ct1WOFbPQFr+aoVay89XzwCoH0p9Ir3a7+VF8zWGJW4kMhVSSDwRSPAi2DyJmiVBXE+I4J8sZNnfxPq/wwyAqy4SAcoFwtQ4j3UW6xw6TdBKI7VmfmGBFoo8z7jQW8S3o3E9DqUEOhG0VQLe00hD0UudaKz3OB+8va1wpCJhfM04KtF8+9lTSCSjrRFa4ynSGJSUnD5zjkRK1o6t4Q0TCVmeYz1kUjG+8WbOnD+D0AIhw/s+t46mTkhigdCx0dFgrxeVu3VAyFqLlPqq7t77gH9Q/leUXkDM8UkgZLvekFlDYXOaLqcrDZ3EU7SicrbVQPgU1qfc8KZb6fW6aAGdxQ4942gRLFGklOAsAosXEu8dVoSRlvPh/SkJZK7wcawjQ69/7sJ51pw+zbo7rqE11or9SxiDOmtxhQngrA+1XLx18b3Qf99fzffqO4saYSvAe8HcfIe2sfzFX32WjTfPMHm9QgpPW4YxalUyglDgVSjNs7PnWOwUeEaCsAGJp7wPcU/L3ivdLAsZX0KgdUojbZD3zmMKgxIKfAK+GQUd0dansoqrNkrcaCQlxMDrwTmYm5sPIwYlQ1sTATg3xlbHo7WmyHO01hhrkUKQJKEWgNaaZquFs5bCmGhFJ+h2uzTSFKkURWHQWqGTIH6SSqGVDtZ12Eqhj/fIRoqxNmQRREDd2tAfJjohzwN50MtydFwmTROKoqA90sYaG7KaXACou90uaRoygHu9XnW9VwPsX1CL8CvH4uI7yJL53i3fy6/8yq8yPjbGgQMH+PjHP86jjz5KURRVpniSJOR5fsk5QHmNpqam2Lx5M/fccw+33347Y6NjXH/D9Tz++ON84hOf4KGHHqIoCprNJrfddhsPPfTQi86KEELQbIY+vtPp8I53vINGo4HzLhRjHsYwXoYYtrSrMuaYm5ujLAMwd2QPu2e3c2ASsqMnYPM0myYmgC1s33eIo9lLJ83fsn0Xe2Z2sH/PLqYnZzm4dw8VFjqMYbxCcWTPjiqLJTsxy9Z9R9i7pQlsYcf+KfbunGLP7Gamt29nZvpKi/BOMn3gIFsOH+LQ/mNs2rabvc3tVZtvbtnF4f1HOXjoAAebW9m+bw/80eHw5Yn97Di4nSdPzISMgxMHmN6+n62XykAYxqqhtUYAhXfomAXgSt/m5xk8Gmtw3kXyoB4v98ysBCDDxN95j6u0275yFQnwZLCT6Qt1S7j7hQNUDo8XgoyCwgefUWECcO5ShUPiuz2E1uTSYzy0vUK7qDj0jkI78kSQOElDKHrGINaPYbod5FyOtiCcpKs9C21Nc3yMzuk5lPE4JRBrxsjnC5Tx5O2U8VtvoNvNmHviNF5KxtZO0BYpF86eJfOW9vq1yESzeGEBu5hxze0bOedzUiVIzsyjLlyslNzLr0JdbT34uxtYRvS/uuSkwIv6/K//h4jA78AR1JdbfjwxRP3vehtYBvmWOK0X4f5ZPDmCeeFYShRF3tejURY+JUxifVSJPi8Y/BqNgAH3CTIRpZxJkmCNQSoBzpLIRrhOzpI20qp9OOewxuK9IJGazAWbLOsswczb4XDICBKVvv2lOlBIcC6C1FFNKmI6iK+U/jUSKP4TEYTqo+2XvoED37xAUqveDp1zFXEkCBYWPjKQSmlMXsTifyvT8esHUc9wqbf65X649f2uWg+gpuZfqfhb7W8BRJAtXlPnXAAOPVjfT+P3HpROB+xViDUApBQkOgCrvV43ekW/Th+cqyTqbagidbyn4RXjqkkucjI8TmgyctIIqOTOkve6dB3kWZfRdRPY1KATFUkuG4G1Jr0sAyxKBaBYSkGiGlgn6PUCSNdqjdNsNRAoil5BR2SMrhuh3W6xcOECiVKkSRL6C2c5c+Y0N928iR+5+0cw3vKtJx7nGw8/iBeOTqeLV5p2ux0eZwupTgLQXOvLPdGK4ypqo55Yi8PbAcBQCIH2VLYkQR3u8UqRWwcSOsKhxscYX9NE9SxqsWD8prU03rgBu1hghaZpBbazyMY33Ujj+2/FjCSI2Zwz3z5Fy4lYVDgUH1Wxw3LCrcgg9L5fDwAi3eg9KIGO3uxCq5IhDAruSBNb7wMSTBAtlBYvHkLGRhQivP5YgP54tTrz0P2SF54HHnyK3/2/Psmv/Mq/ZfK69Vh/EUWBUgLnyrFwgPiPfes4WW7jffPVtoh/+gjcOzzGWoyzCCXRSoe25RyLi12E6PLQN57g+uvfSKdjSGUoCo8o8L4/bgj/RQLfC0BjbRhHOGcR3uOwYOHM6fPVO91Gssl5T5IGWyFrQnvQWiOkREfbGOccUgSiyxMy8LRSiLic69jqnRWseFxlNaOkxJUkZ5wXWVfWsaHqu0LNAldlM/Zyg1JJUJlLHazvcCgtsSbHiwY6SYNQyoexkJShTZd2NxD6YWPMFdcit9ZSFEX5uAyQAVci0LEukB633HI7MzMzfPrTn+aBBx7g4UePcfHixUjA9IvzllkLy2uulZ8BtFotPvShD3HHHXfw2GOP8eSTT3L//ffz0Y9+lGeffZajR4/S7XZpNpts2bKFJ554onofXYoEqJ/bamRJ3WLpnnvuCZ/Jofp/GC9fDAmAqzIOsHv6SFQxz3JsYieHS///bXvYvW8X26aOMbllOzM7ptm2+SXc9eQ0Bw5u4fChQ+w/toltu/fS3D6E/4fxysbW3Qc4OBNTUI7uZeuBo2TbpmgCzc3T7No/zS4yThzZz85tR9h1eCdXpsOfYNPUDDumwl8njmRs3VJLeZncwvT2uMXsMLMf2cwmYPboIZoze/tg/6YpZpp7OJHBpqFl1gsMQVHkQLDsKIufXkm4qKx5xdDRmt1HhfRTQlwlnOuxPqStq/J74aup1JUOCx1gpUSvXcuW92zl8QceYeG5s/S85a33bOXRY9+kN3se0Wrw1ne+naeffBJzYRGWcoT3ZMbC2jVsfd8Udu4iXzj0WdKREd7+kZ9CPTvLN/77P0ARJjAdLehNruE9P7+dp7/6EI/82UHGJ9bxpm0/xLlvnuD0w8cREyPc8pM/RnP9ev7+P/7v9EzOe37mp1h48JvMLsxToBi/dSMjayd49Gtfp9vNuO373sGd73wzKMmx/X+OufAIwvvLXg9XDrjDLDxe/v59fyEUiq8vVJvAvxjVU7newCRH+BXHUJI/AUAIB+CAXIIRnsVEoXphEtbPChncR79tvT4nEQ5Rqewh3LaykJ0SAuF8yGdxFpxDKhXbSx8IKifk3tnQz9gCvA02BT4OmfviwKhYFFUz8RE7KFXp9H9ESMNXR1uncygBjsvdupcgk2UAj/KiAstL3/wSXA+++LJ+unV6pfrghba0lc+OG9xodWqXOUfh+gSaJ/700WoCvPNolQBhYi7jvScJmUpCBCsKIYI1FAJMkYN3wbM7XpzhJPzqCOGBwtH0Cgz0ujnaOppSk6YNMltgbEHXG3o4ZCrxNkd6KhFBkio8lkajibOGwuT0el3SNPTBuTF0nEdbgc0KkkYL42FkdJSs6GGdIev10ISioGk7pTnSIm2kWOvQWjE6NsI/Hv4cabPBpk2bGB8b4/Tp0yiVonSCinYk3jmKPMdaT6MZMhHKwrJSSup1Za6GkEICNqqofbBii0StLPtJEXqCrsmR1pM0mqCbTNy0HrnxOkjCQq2eh15kHhuAiiSDh0JaWm3Ncw8f59y3nuZm00RaATYAhoKQFediYlCfBCj/6L/whQjvXeccmckZmRincJalTkaDBlIo6n7/lThAhiKx/fBVl/76ijhiFeFnJXHwHpQCUqwd5b6vPcPv/M4n+Y3f+Hc0xwSoixjXwxRZyLyhgTMZTz59EucDmC/K7L3aRS1MEYrrao1OE1SRUOQ5zgSgONEaKwRrxtZx+PNf44embmO0vQ5pLNYthEMTfSLfe4sXLuxPlM9cIMq9F2XSAM7D/PwCUmmcie3GDb7j6sVc61Z4Ukm0VuR5UZFGjnIM4tFJQtbtorSm2WjgvMQaQyONCn+twRikEBSFqcRNUoa6J2GI49CNJnmvQCJD3QoBrbbGFDmFsUARgf4kkiW1dk0fIF9e5PbFFCT33mOdW7UHu6TYYJVI0xSlFB/+8E9z8OBB7rvvPowxFEXB2rVredvb3saWLVvQWnPhwgXuu+8+vvrVr5KmKcYYrLU0m03uvvtuvvCFLzA2Nsav/dqvkWUZv/zLv8yePXuYmJjgxhtvpCgKrrvuOlqtFr1ej7vuuou1a9fyxS9+cUVWY/08XwixIaUkz3MmJye57bbbKoJlGMN4uWJIAFyVsYO9h8siwHMc3D7DkdkdbN4EMMHWHfs4tAOyuWMc2jPNjqmD7Nt2BZrn2YwMKpuULJsd/H5iE1MzOwhY6AmOZFvZMrT/GcarJbZsZ9feGQ6cmGL75GF27Zhlx/4ZNtFk09ZtTE/s4sQsV9Bm5zi0YyezO/eyffMEc0f3s2v/NnZFkX92dB87Dmxiz55tTGazHNq9m2z7wUDIbdrK7P5jZDOxpkZ2jCOzm9g+BP+vKISQrBlfE5TOHrqdLtaVxYBX06JeckvfpSN8ceGhqgOMFBXw7EU5GBT9//syVdlzeflN8Ch1QtDxArH+GrLveRNz9z9KIRu49WM03r6Fjdes52uf+Ud0u8nYD7yHNYni/EPfwnYNyoEebXPaZpwyHd5w7TXkSoAWyHabc/PzdIRF4dEi6ni7PXqLXZYefwI10mLeZDTXjCFGGmRNgRSWxdOnMXNztBsJSgryxQVOnz6JlTZM5HCMtpskWlKkisVTpzj9L+cZT1LM/BzgkZWlyrLJiV8FaL/aQqzECwJYIZGoaNsUpsJCxgLR0ketXQSyhS439bqK8HTIWKahf/Yy+kp7VyrKbVDLSRlUm97jfDl5l/11PZRgg/elzQOIarJaFnGOf7uoSg8GWwhitokPE3zZ5/0qskb4QaX95QAj7/ukUdXGn+cm++WA1IodCPAyZrV4UBLnDELJgeVWYPQvaH9XGpeyAFptz37gszpwURaRdM6HDAcZewsZVMEACI9UpSIwZIMst3gYxqsrViNlhFC0VAPdHmMsadOmQZb36OHIbE6qFIVw5MriTEGz1UDK4M2ulYrq2LDdhflF0nSEJNE0morR0RZFVuB6FikFKlHBj1taOqaLl1AIR5Z3sRdzur2U3HSxS4ZrWpqF+TNkmcEqz/i6NaTtFmmzgQeybo7WCb2iACHp9TKSpIFOdCATkuAF7nwE82S/Z3ktwETlkAeobF+0VmityYqCJVfQ9JYR5XEJeOlQWkAarAvn2pKeMYwITaNrSRA89qkvcvyT/8Q1px1tO0JiBdoHS7eVhYfDVZTehmPxokqw9MRlYiFVWxRQGEbWjWF9gXfxLpSEOyKQy9TGHyUJ/7olEkvBTb0fl5FAbwZCS7R46BvP8vv/9yf5xf/xXjZen6AbHVQTJAnOj3DmguPEU6eRshluSo0AdoRdpGkKhOcFwDmLTkLNDhkJ32a7zfm5s3zxX5/gj//oCP/Dv/1+mg1HIjW2JOGrl1wYLyBjZgeeJJUUeYaK5HLcNYuLHbTSePokQP39Ub6PTFEMEMumMHg8aZKQiqQ69vIdL6UkTRshC6JUmEe1ufeevCgwRYHXOmQpJQ1ARNubKEbQiqKXk0iBt3kci/ToLi0G2zOlQsaiS3AuvAuNy6tMl9Xq9jgXshyklNjL1GG4kpBX+Iw452m3GmzceDP33nsv93z/97Np0y3cfsedrF27trIsCnZpkqIo+PVf/3U+85nPhHM0hve///187GMf46Mf/Si/9Eu/RJ7nrF27lg9/+MPccsst/NEf/RHtdptut8tb3/pWPvShD+G959prr+X3f//3r7gO3fJotVoVIfHe976XiTUTQ9HBMF72GBIAV31MML1zG1v3HWZmzxQn9s9wcNN+dk01aU5sZnp6KzsOn2Dftheod57cwraj+zg8N0XgDGY5dOAo23ZGtHTuEDt2zrJz73Y2T8xxdP8u9m/bxeHv1ukNYxhXHBNs2zHF1N7DzOydYsf0dma2HmTrzFY4fIAT2/ZxYBJmD0yzg339zIHLbW/PLg7u28nUoRNs2raT3Qe3UybWNLfsYM/cPnZPT3GMzczsPMC+qUi4bdnBvs0zTG07wNTmjMNH5ti+78AVZh8M4w1veAP/+f/8z6xdu5bz58/zG//xNzh16hQlCJSmKT/2Yz/OyMgIxhg+//nPc+7cuasADC4VaBG8pJxTCqIGCenDXCQIVl84QiW8RFqPzizzx55AeUWWe5Ke4Kl/uQ9rLGt6CucsF776EO65BZjPSG3wY3WFo50ILjx9is7FE4yrBr5reOKvPoPMctpe0fAWHcfC9nyXR//4v9E5c4F2AYV1PPh3/4DLCtLC4ec7PPF3/4j0lnYnZ0QIHj/091ycmyc1llRJTj38MHNPnUAvLDJSWM7c9yCL3jCvJM3FDtckiqXFRbROWe6Y3rfmqQGsDIKSpUKvD2hern2UOntRZWkEjFDUvi//lcViLw2WLgdj4xGt2KevthdhzgjO9nmOOnxSAihRklZ+9zoEMn1Ul4aIuvxSlV/aIwliYWhHMPMP3r3WCpwHTSAFynX7avNSub/8wtYyTETY7qD6q2qRlDZAZZrBAMReLrvKPVuuvqvHpW6xr7Xz/jrhGEV1fP3dllsTSuOdQ6o+GlZLFlh5HH75d3G/tcnsan7BZdZBUIkufy5WA/vLk60XAa4tVzKnosxiAOs8SmmkENiSOKurM2VpUeGw1hASIC5VWWQYr7YobSm8lLigcaWRpGSdLksX5yiUQ46kpK0EnUoWTVAFj7aCWlgpGRSzkQTTWqKkRkhBYTIKo/DSY6UjxyFkgpGGxdyDkaHIqCgodA/nPK7IQBic8FzozrG01MF5TbPR5plTJ3n729/FwsJFnnzyBO32CNY6sl5BbgzeGLROkSoW+dQuqmU9PtYpcSKogwd7/6svvKiqsABx5BP7WiFAWEfa0GAs86fP4jUoD7IwiMJghOfiqKSwDteD+WfnOf3Qkxz/1BdY8/Vz3FBM0nIK7QU6gvNehB64Xq9EepA+WMWV44AyGcADUine8n13MTIxgU4TFoucZivFFhZvywzD8u1P9XdZz0VIAYar+2Z9R7FyECJKEkAkKKmxzvPVLx3DdRb4n3/pA2y4qY2WGQiFo8mzp+Y5c2YJY67BC1WNjcKFDqSLtcGqS0pJu9Wu7F+MMSilMM5inEM32yxlOX9x8MucPXuW6Z96N3e88Q1ooVBCBNstH6z+QrZKeJ04aykKKHKDbKURSA/jvfm5BYxzZHmPNG0Fv31jq/akyuxDqYIdWa8Xi+yGbVgbxiSl+ltIibOWvJfTjEWBs14WFP9CYJ2r6AelNN6DMQVSKbJuF611HCumFJmg3Wzg8nM0ki533HED77rrnbRGBOfOn+Phh57g+GNnMFmCp0EhQKhQQ6e0/hm4d68SgNqYgsWlJZ566gT/5kMfwlpLmqRYD0eOHOGxxx7j29/+NqdPn6bRaPBzP/dzvP/97+eGG25gYmKCubk5rr32WhYWFrj33nv54R/+Yf76r/+aT3/607z73e9m/fr1VZbBn/zJn/CRj3yE97znPSwsLPCHf/iHzM3NVWTIi5lfeu9pt9tVnYZ77rnnddxHDOOVjCEB8FqILTPs3L09KJ5ndtKcnmLbgSm2Tcxy6OgE+/dtAY6wRxxmypeZA5eKzWzft4Ud27ZyYOtWskOHaO45xP4S7ZzYxp5dB9m3c4pDJzaxbeduDm5/KT2GhjGMK4ytuzi4rFE3t+7iSPxs0/R+jkxnzM1lNHfurDJbJmcOcvCSmzw4+JxMbGZ6136md62+/OTUDvZN7VjlmyZbdhzkyPY55jLYPTFxZQWIhwHA6Ogo9957L5OTk1yYu8B/+k//qQKRhAClNPv27WPd2rX08px3vP0dnDt37pU+7EtGHyjsg8hCyJoXbQSCX5jQd9WQwjOeNMjOzfHE575Ao+dZmzQoFrqcP/ooynrWFeAKz3P/8mWcNTR6BUlEBbW1tDK4+PXH6FkYsYD3ZA89gfee1EBiQ4a+MCC6YE6ep+1BeoXzkM3OIYHEebTzuCx4+LdMmMq5M+doyDAZF8birYVOjxaABzd3kREhaaQJ4+1RbrjjVr755S8FVVTMknAVoFn+fP50Yr/s52qxfOpaLt+fCA0SAN9p9CHNiMz6Gt0TbU6cX3lUfey1pjx8HRIAVZS3onb+Vc0QHxfwLhYADoCNdcH+R0oVQYoa0FAVD14NnF4GsNc+Eyt+72+nEuIPrHuFN+0y2S511d7AFmPfIvzgRSqfGSUVxuR9CwCCDVB96VX3eIlDX24lMHBc9UICl4sruCQB5Aei3YCQKvACZXaA7JN+UgavZO8CAfAqwTeGcYlYbrdQEjqq2aLwHVyRoxCsGRkn0ZpTc6fxRYFqSrSSOCzdoocSCqXbWOtD/YuoFFY6xXvJ+NgY1167jl7eJc97pO0G0nmkcEhvcbKHBS4uLeBkqP3R0BqXOHQzEFDNNS3WXHsNT584STraZO36a3jr934P3gnm5xd45pmTNBotuLgI+IrMEKXS3/uqKK6QQcFuX/VihucPTxRyl11sDAEIC00lESLB5T2OP/Awx88+w2KR461FdXuQZeQ+Z6ENzjhaSwLx7QXmjp3ixqUmb5I30LZNrJGxqGwgXo0EJ8FW/VoA7JWL2Yv1Z796rQvGNm4MBYKtZfFihtJjWOPQ0Ve9zOAKJL1A0O+T1es6A2D1EMKHG40PGVo08K7JAw8+zd7fO8Cv7vwIN9y4Du8N1iqOPvAter0EYxKQCqRHiDIPxpW3qYq8yCsRkMkNvSxDJIrCFeH5cg1OzXb4x3/6Joc//wV+4sffxbvvupNbb7mVa9aN0mw2aejQTjtZDyU8jUaCc0W0+9N4bxEejIGlpS6FKfA4lBQ4C2maVGPSAE4nQZnvA7BujI3v23jgnkp1H66RRIWiQEgpaaRpyCKw/Voa1OyElFJkWUaSJpjCkDZT8p4g1S2svUi7WTD9wa38+3/3I9x4UwuZQqfrubiQ8V/3HeZTf/0A5y/kGCcRSmGModFoDPS3q1oCXaZpf7ebvVKKj//Bx7nvvvu56aYbyfOCBx96mC996UucP3+excXFQOJIyebNm3nLW97CHXfcQVmUeW5ujnPnzrFu3TqMMTz44IPcddddnDx5kna7zQc/+EE+/vGPc/LkSX7v934vEEnG0Ol0qrFk+e9KozwGCJkAb37zm0MGo2RoAzSMlzWGBMBVF5PMHFyOQk4yc/BQ/H0rOw8dYWc2x1zWZOdEs/p8l78E9D85Q32Tzc3b2X9kO9ncHOzduwKwnKg81YcxjKslmkxMvILQe3OCV3L3r7mIA8z+wBQajQaNRqMaREkhsf6lSVN9qcP5ldpzUZuc4vwKuNFXXz7v1kEIhHeInkMYj0xAe8VYY4yOLfDekCBpCigc5N0OEtBCBt95FdRyTQOjef8IvIfEBfzUC7Clso6QpaA82Gj/qjyklI6wHm1dKPZHKFgrAC8JrugiLF9X1IWJuUCKkKp/+vQpRloShQ/KyCu+6i9/XFIhtApIXX0ulv25TEEtqJEQYsXCr1/g/zLhXLAA8gEdDmrNqKz13lEK/KWUtWtao1d8bPQrv6myDpwfVN5XRAPUMlJKisf2wX9fV8Gv1l4Ggf56MenV2tdypXt9myuaRpXh4INHsFSYwiFEPeNkRU+1cp9xNw6/Aiy4bAbAZcP3f5TNndWvEJWlk0BEpWgAAErVKJV1VpmJIatj8HhnkcMH51Uf9UKyZVHnrDDM9zLM4hK6Z1jTbDE+OopIBOe6F+hmGSbvIb1DRYsrF+0Dve+T73luaTQS7rnnbt78tjfhyXHesLSYUeSWRChMViCQOAFpu43FIpWk3WjQTDSp0qTNNoKEpaUu/8ee3+Hi4iJIycf/8L/iDFy3/lqE0pw7P0dhbCAkEhkLgWqazSY6CQpUoWS0BuzbgLx643kIzBre6aIavwTeZbRXo7DowjKSasZUyi03biS9cRLfSknzHNnLKEyXrnY00Mg5S/JcD/eunHNffpyF+2bRDppIlAtjDSt99P33+NhZSx9JwTjSGOjjAvdOojXdJ55ArdtAyjpGR0dQSYLJu4hEg+2v5Wr9KNU74NV8r16KEFBaIYkXIIIQDuhFtUg5Lg9gft5LeOThc/y/f/hPbP+5n2Lyhgl6RY9HH3kKSRvvyiLMkdRZVgy7AqadJ/GpS9cAACAASURBVDc51tlYN0NQ1s1wIohiknSU+XmLZj3//b89xJ//2b/S0AnXrb+WG2/YwMaNG7jltjdww42jjI+ltNst1qxpkSZNlA5kocPTKxy9niE4yDmMyTHWoIUOhXpjRqLxDhfrSggpKZwJBYqXjQF9bK9SSpSQ9PIcayxahyyCtNGgyItQjDj2ByVp6Jwj0QnWGHAeJQxJIwe3xFu/ZwPbt/8o161vIJxFK8XomCdJU37+F99L3lvkr/7q6/Q64xXZ74oCpVRV1NhFwD9k79THOKvc5oExaRSyvITkZaPRxJiCc+fP8elPfwqtQ3Hmi0tdsiyj0+kAYIzhtttu4yd/8if57Gc/y/Hjx7n33ns5ffo0a9eu5eTJk/zlX/4lN998Mz/wAz/Ab//2b3Pq1Cn+9E//FKUU1157LY1Gg06ng5SSyclJfvqnf5q//du/5ZlnnulbIVl7ReeXJElFKGzcuJH169eHbKFhDONljiEB8FqNlwBwbE5cQd2AYQxjGMN4BSIMOPsKbQ+kjfSVPKRLRFSEVcqa2uQzqrdLUXA5MRa+xCnDB0E35Kv1w/J9NRAMKiWVcDQ8iMKRSsizRYQELcELRyHDRFzLMJFzzoCQVVq+8h7pSjA+KN5Kax1H3VM3hPSUlWwRwqNd3w22PB8BuKj+9YByfQBR+upKRTjBB3DPO6RKOPnsaZRIQwZAXLiuwB4owFVtpz84Ly0Uyuj79RLB4brKqd+2VsPpaxsJ97T6YvD3gRD9z0JxRyrBfrWA71+PsHe5QiVWB4FFTIWvLGvqF/x1E8HrGYLKUHiH9wKPQkgobBYePycRoomTgFeoRorvddFGob3CeQmJYrGTgW5AlkBhEBRI4XDCU5pzhZDhwnsXfKR9UNOH+xYeBlEBTOUD7mKb9uBrRIDs/3rZM11O+sSW3v+4pkStFKpxF7LW2Hyg0QQR8LcGmSYI71HOR5BOVIDYQEOtk5V1y5zyeMqHT4jYX6wGh0n6juZ+4F9VgFi4CCCUfsxhe7IkCp1HOocrnxURwFypE6wDKRoBWJEWZ8P3UlmksAjhg+0DNhQKlUnYV/1pfFUDrq+/WF6UUkpBokFJB6kkLyxnO/OMijYFnrTRZn6hC4VAuxQpBGOj46SpRsbaFxBIojQNRXeVVqybWIMnx+O49g1NvA2SdWtiEUshEFJivAUsWkgSFeAzg8OYDK8Nuc9BS0Yn1nDXxtswPcOz3/422dIi2eICUgraSEaSJm2foL3GN1JINEmSkkgVejZRVv15NcLKPoKCochoeYyh6Geon9BoN/HK46wjcQLtg1DAKBBxbaUVeW7AO4rcMDo+yuRbb0ZvuAZaCd4UoTdVHm0cadcH/3JjIbesf9utPNX7a84/PM81S5o1BryS5NLjtAoknwcvfSAcBFhZDj4iYejDdRZesLjU4YlHjrH+5ibNc206RtG2I6Q6oTIwWkbClr8KIcNZ+dceIT+YuVVaxcWBX1nVeVUyoES6FXhJadfmRAulRyhsxpe/8jROHeLnf+FnSBtjnD0rcXaU/jsmFG4X9T462jiJ+H7qLHVoNBoYY0nSBsYZPA7pZRDWCIF3GovCeo0Qo/hC8vjThseefJLky0+TNhxJw9FuN5kYH+W6665h3bpxrr1+lMnr13HD9dfTak0w312DJ2SPFbaH91AYh4lkNEJgrEPSqshmpAuAb51zKseszmOsQUS/fxlFClJKTGHQWmNjJkC5nrcOrTVFkVeAtJAS77rk3dO8970/wk0bm6SqwLkMa1IcFinh2hua/E//6zYee/wYX/vaOZRag5aQFwYpU5wNJHqop5NiHFgXnlUX3/MDzVvEOkmrEkKiGgf0KYSyHZT/Vhcu1MM5G/39FWDwPtQl0FpX3v8AGzduZOfOnczPz/O7v/u7nDt3jptvvpksyzh27BjHjx+n0+nw93//9zz33HM89dRTCCE4d+4c69evr2x+ms0mRVHwEz/xE7z3ve/l/vvv55lnnqm+L7MAlos0LlUIWClVZW3ceeedpDHDYxjDeLljSAAMYxjDGMYwrsoIqs6AM8lKASpIkmRgmeeL73qtgIEBsYhFK+ljXqIOVA8C2BUELfrrlJBi9VFNYVsRAkAR06RTBMI5rCxwXiJ9AOFNaYnhLAIZMWYXsfUwSbHL1Ler4dr1kOWBxblvv1xxDdYX/XT84MXbnxJUS3sfQFwfvFKVSjDWgtZ4UawE5Ve5hdXxLvtM1P+ory+WQ5XPo2isqRpLUDTCsSvWHgD5a3fX1w6ougpBshinSNGTfvmxrNZkv8vN+NUcsnLVL0FkFYE6sL4I80yvQeigChQSlAKTkZgUqRRdL0ErMm9IZBucBisR3iCEraao/bsrag2vniFgKS0KAsheLt8vEOy9CXgAVMDJpW7f6n2YCL71LFfd9wsL+xKYqViucshfXqfwnRQe4wxaJCgBwhRhkl8SW9WZlH+p8sAG2lxJXFVNNZJj1ecDRy8q0q28NgPkBQLhZby8fSpPeB+yhRzRvsdGYCdeb0+wMrAgVRJqP2D7JIhweNELB+QEfTu2BO9l5Cz8cFJ+FYQQHuEcuALdkFifsrhwEVtkZFkWgGcnUL5BQ0qkkjTTFloJtFSo0kbOWYRKYmH1WMvFR5so6xE+2PM5qYIaVgpkeGNCpLFCIVmHFBZHjnEFSZqysHCRhx85xm2bbqdzscvZ2VlSlbBufJyRZpM1uk0zaaIaCYUQZN6SG1uR7XiHjJlwr7YOviQ2Q59Wf9OLgb5AN5KoHnYoL1EenPQY4RGRyC+weAmJDgW80/ER0jeM41KP1g6UZgFHx1nWqrQaiOTjkqVUM3Hvnax/7E08c/5+uicME07gJRgRRA4q9rWBWnRIPIUMz7nzfeJdANoLmlKjR0aZGBlDNVu4hsQYg5YK1GAeYhif1foLMUgkvrYjArkQgH0sfYV/LXwEeX3ZTlx8fygcGmRCYTP++V8eJjd/wQc/8EFOz1ryTIHqi1IcJdHb37sgkABSSBKd4KxH6wRbWJAw0mxzcXERLTS56yGExGuNIEHLFvNLS0jVIE1TrBAsFR5hBPNLnmefM3zj2LN4niFteBpNgdYJSZJw7nwGjKBUaUcazq2fPecCUO3CO1OEXzAuR/g4mijHAIMjbBKdDCjDvfeV8r/+GfgV8xdnLd4WTKxt8Z7vfxdSORA5SlsctiIVpbBs3DTKT334PTz0jT/DFD0azZSJiZQf+/EpbrllE0+ceIp//df7eObZOfIlT6O9DpU0yfPuyhFL9efKsYwQg2dZZXIRSPuy9lLtLFa2oeqcS4JEVmB7o9FAKUWj0SDPc37xF3+RD3zgA/zsz/4sx48fJ89zfvVXf5X169fz0Y9+lN/8zd/kkUce4W/+5m+4//77McYMWPCEeYdlbGyM66+/nrvuugutdZVhIKVkYmKC8+fPr5qhWScB6qG1Rmtd2RO1Wq3hWGMYr0gMCYBhDGMYwxjGVRlh0DgA6dZx9lftwKquPL/kMuVy1UQnDJ2FCMBDNXheBaT2BAzZiQCyhXXKiZJEOZBhOoKLYH112cp0fGozLN+fbKw4j1XC1Y67fkz1D2v4OaVXeSmSKhWE5f2zNqRCZ1mGUgqErO27b1fyaouB6yOq/10ySgBz4LNSRS1DgTZ8xBoEsaCt7/98HUfVfgbEZwIlA+FVPkvelwC5iuCvAxEsgsJElCrbIlznQTA9TNwHo8q+8QwAiMRnydefn5foNpXEZ0VHiEgwxImnx4aD8AxkBa3YCMQiyeF7qQR5UdBMSxK1fO4v4U8bVfqDx8HA75dsm6IE/pf3DLXfRT9Louw3Q39RKwgs3AAJnCQpWS8oxMusIylCoWegKhRJtDfwA9fy9f0cvVpjVburSCa7+K6XWuMEXOwsURiDSIN1SIFHaEXSSIKtRun7L4Oi2Dlf9a02EnZehDekwleApvQRtESiIqCNt0hilov3OGNo6pRCeEyvRyIV165fz3vuuYfPf+6fedtb38oj/hucfe4UvV4PWuNYLTA4cufpmJxCAIWmiFZFFdpZScy/65f7O4/q5V67dyIKCoKzEU54FBVli1CKwlmcloxfM4EaaeGt4emvHWNx9jyb3vE9XDc5wZMPPMb5f/kGN7UmGH/nHbRvvw4aKet/4J0sPHie/NsnKFSgJZwQwQ4GiYqF4IWX4N1g8XIRx1g+vG+lEMFWcs0aGBtjfI3CazCFqZ3kyvFQPQPxtR/LyeX+ffbeUqtiRPXFit/Du0rgcT4BJnjwgVnOnfkU8ws9vIrFvuvvCb/K5ghWPErpqqaLdQ5bGJzxJFKHwqtO43yo+wKQ5zmtdjuON6EwQWGvVBgxay3ROiEvcqzxZJ1wbkoJbNEItR7iMQVlfywsLT0CA8LgZRfh44i7bkvqVe0U4hgivqsLU/SvlBDIyvps8D28vC4KhONoN5q0WwWttsILh5NRZ+/KJF2PsTkezzu3vIXrr2uhdIP3feCH+Dc//SNce32KVIKss4mFhSk+9Xdf4+P/zz9y5qwHQyiuvVqfXNosxu+9W5bB9xLEauOZogjXa8OGDfzCL/wCd955Jzt27GDdunV84hOfYPfu3TzyyCPcfvvt3HDDDfzWb/0WX/3qVyuLn5JEqJMAP/iDP8j73/9+ZmdnabfbLC0tceutt3Lrrbfyuc99jjNnzlxRHQApJc1mE6UUSZJw6623kiavxmz1YbweYkgADGMYwxjGMK7KCF6+okqZ9QN+2stDRBDIveIKzwDQXXqK6IXsq2TCzDROUOsa5DiTDt48K7YhBrACT24MSZJgbYHUGqUUubV4KclsAdLT8pLElcRKbWD7ImazVwRI+/7VqJ9KPb3WOTnw2fL9XMn+qrKsYiXg7kpJfvRwrRTMcYVKwRQ2VFNd+xfk5dm3aqod82qHXi5XB6PLEKXNAn2A83n3/PoL4YmEkaf02vc+TsKFxjtf1QdAxNT6eGNrvwZ7CMrbFKpahC9kpYINBSfrfVAdtI5A/Ar8f/CvK+uRQiHFah/x2Jb3ays9+FefsAoRiDapFHmWrTJZL9crQfsBCo+yHy73WY9LFbdbWaOlRpIEBiWodgceE1/9q54lKZFCBt90IUjTFN/LUbIkCj1KSKyPcJM1iBLotXbgTIZxFYUQyERTeEfRy3HGk1tDnueAJy8KrPf0ej10Q5GgK2LOWweuX4C336sL/n/23jzYkusq8/2tvXM459yp5pJUVZJVkizJ8tAI2ZIlbGwaGyPMZKbAAQ7c79HN449HBBAB/A8REK/fi0eb6HhBAEHYDQ4CkI0bbEuNwbNsl1SSrMlSaShZQ6nmurfuvedk5t57vT92Zp48996SqiRZqpLPpyjVqTx5cty5c+/vW+tbAVOLgfGhtY3ntkSrL5EoKAmxoKdI7C8Mwmw+YHW1QEslk4Rh8Gjl+cd/+Ad++F0/zOFnn8N5x8pwFRTcqWMYsZgshSTBqWJ7KTY4XCOkt93JhUQrdw68ET9FCAbUEO2CmqGLgFew1uArhzOQzA4IieHwQ0/z5b/5DL1TFRf1tjHb30R1+DT3/f2/cuS4Y+HK3Vz5az/Bjh+5nvzyXcxefRlH/+0JShv3K5Ki6jFqsMFEYlbj0x+iRDB+9uvjUY2E4vLRo8ycOEG2PMOSBrK5PkmTOUZzah0bxwbte71R61+PaO6pAwI+KFmWIBLt97wHo+NcSG0HTt13RoPa3FItaMLqMjz6yLOoHxfGnoSs3wTj90NjhTMzM0NZFCiKNRbvA85VGGPJ0qwes5n2HRnCuMZI827xIYp71qa1xUwUy4NXhHRy76G267KWsirjmCJ1qLrYn6giWAhJ3I4qeS962jdFa5u/RZtjMTFDSZrjjNcqChSGqvIT71trLaLCyunTZNkIYyGxJoqlTVBCc34hvms3b8q48Z27ed/738/b3/Fmsp5HZIQBskTYtjnhlz/8dsDzsT+7naUlX3t/mnUvzgm7w7WtpTPObwMVOn/ObU42vlfBxzndO97xDnbv3s0dd9zBxz72MZ5//nl+9md/lptvvpn3vve93H///Xz1q1/l61//OlVVtVkEja2Scw5rLe9+97uZnZ1l79693Hnnnbz5zW9mMBiwb98+jh07xj333MPi4iKqyszMDMvLy9E+rh5/rP3TtKUm+l9VWVhYYPv27dOBxxSvGaYCwBRTTDHFFBcM8jxFoC6kVEIdDQ+TESZrB18i0O/3WV5ZJsuyNmLkfIMCaqSJKWwj94E1Yc7NuW5AEHc2pgIOCL2UFZTKBPJEMXgWyyEjA2+45mo27djMc/vuA+fbaKu43XOnls81/X1tnBisJ/a997EAWgiRfn0JxH/E+Nq1l/IM63Viq9b8vnvQMpGp8XLQEpyq7T1fOynqRlOOpYwNNrTRRX0do6Hd17ZWaxo7ipqk1jraPYnqT2MBo3Wh3y5P0VIV2twTOqpAU1I2EIv6NkfQ+bvNmlGoC/+KBtpSep37c663auNWv77gLjQiwBm2UB+3TRKqqiJNLRJqu4GznZBLs53xs9UVAzae2DfXp9OtdTbXXuvQuTY6Nh1pD19jxkUjDHofMAJVWWL6piX5YqcRYvYUirVSR2yO78n3aQGNCwIbFZKG2qYHpShLQhWi5ZNAYhJ8iM+2c440j9G2WZqSJhL9tenUjWnHCc27oWNZUTfQ8TijJp86fazW641GBYnJSK0yGo5whWNufo4dOy7mS1/+Ent27eb4yROolWgnkWcoAavE5w6hR4pvdl6/CdZHU5/faAtu05B/8ei90NY0EK0fS42CSowFV7wV1Mb7qkXFYCjsYg45fBpWlUuvuIy3XbSXi48d4eS9z7H05W9z8XtuoMyUZNscq1JRWYsJAbGKVmMLoAlhUwTVWHxFTIzcbvq8JE1ZcQ5JE7L5efJkWEeQT9Yaak5QZT3B+bqHeMCBVNi0ogolGhxVkdDP5puVap647tVf8LLUz2QYj+e1CYBZt+ZGQgJUlWuDgbwP5HlG8IGyqsiyDOdctI2r77kh+tx773HO0ev12oAiqO+jNBY/BnA0Q+LxYcWxgaiSGENVDEmswaSO2QXPZZdfzKZN8zzxxEGefuow/d5OXJkxO7uJE4unYnFhYyiKIgYsEMlianK71+vHbKF6r6rKqChascDQFASONlUhKEliWVlZ4fnnT3HxRZuiZlV3Ic0QJj5zwuxMwq//+s+wa88enFvGSoKoh0pJEYJUYAMf+MBb+dxnv8G39h3C2E3oGcJONmz7dQfQfjOxiq5d8KIQMdi6Dx0MZviJn/ppDh8+zD/8wz9w4sSJdr19+/YxGo244YYbsNZ2ruO4Px8MBrVoHIv0/s7v/A7PPfccMzMz7Nmzh36/zz333MPHPvYxVldXGY1GeO+55JJL8N6zsrLSbq/507Wkbd5dTWHlsizZsmUL27ZuO2NwxBRTfK8xFQCmmGKKKaa4YKAqzM3PMzc7AzJHYhNm52ax1tYD/xhdsbCwUA/iG5JJMNaSpAnD1WH0AdWNo2Ffc4jEABtLjDCsnWvjV4bW/EfOPKFSwBlDmcAwBTeTMbhoO5s2b+LUI0+gwxK7cxM2sTyy+Dxv3bMF7WUwGo63oeOB+atRfrC1Apog9+I/nHPMz8+zvLzc8Q7feBtns+y8Rz05i8TCGmGLzoR67c9evSM8/7COSdY6Uhdi6n0Y/91MvAKgSggelcn+oCX8QkMOx+ehlY/EYBoCWqj95rUWFrqT2rV/10JFqxvVxPM53LzIDUrnuBqyAhrbori4Tr/vbrsjTDRHlFrLcLRKls1iTIySJ+lGONL+hta4o8mG6B6+1vtqCNszW3RNnm5or0f085c1GRMx0lY2vK6AxMLjqg4xgncVxkRhQCASfB5i8V/Fmhjhrfjoh/yq9HBTvBysEwGIz1xqLL00ixkl1qPOkyUJlXfYAJkYZnt9enlOMRyhauO6HRFgcqu2JoNtaxMT7c01JtxJ/C720a72t6/bp1g0xILEM7PzuDDirnv2s337xZRFyZH778NbYaUqSHoZmqeUIWCNYo0QRNE0hsh3o5PbYPILqZE2/fEGHYAhkvKJg2DBq+IlCqPGGCQoRoU0z8n7fVgcceSpZ9gqN2DSjFWtOPTss+ycmWfxmaNQBpg32Pk+halwxpAS6z5oOe5PTIiF2xsTMcGPL6lQ9zlKVVWUpcQiw8GT5z1MmlAMh3UB0snxSTfq/4Icb7wEBAQRj5gVrnzjTj5w67uYn5vj3/7Xg9x95yP160HrrMpujR6pxYPmOjW1XmK9FowDFVRSlGT8ltqo7ct4fJcktc2PKsYIRVFSVRUipi7y7ZmZiXY/3gdC8IQQcJUjy/P6N0VbqDWiK+rXn8eKNOOXVPzeOU+awGDG8GM/cSMf/si72H15jqAMh8JDDzzD/7ztHr7+pac5cfwIWRoLFhfqSNIUF6vV41zMbrbWcHp1mSRJAcVaQ2oMNkTRQmuhIoSAek/QuhBvErOYPvf5f+WNV/8M/Z4ntfH9FzMFx1afNkm5/LLLCUEZDGaoyhgRL8ETixxXILBpfp7LL7uEfd96biI7edwnj+clZm3gijRtILYDRdAQCNKR3ifGKDYGFWxgudi2v6BcccUV7NlzKfv27WPbtm3s2bNnQgB45plnOHDgAFu2bCHP83aOCON2k6Ypv/Vbv8XS0hKf+cxnADh27BhlWXL33Xdz8cUXc+TIEUajWFum+V1VVYxGoyjCdPrqcW0Di0gzJhQEizGxYPPMzIDNWzad8dymmOJ7jakAMMUUU0wxxQWDfj/nj/7oDxmNRjUHFy0fZmYGBI0pnX/0h3/IiRMn4sSjMxez1vLY44/xZx/7M5767lOv3Um8CEpX1d7GSlAQQoy2qQMVm2hD6AQkKzT+OU0RYIfndJoy/+Zr2XHdNfQW5lg6fITFBw+QDlKu+an/iG6ax4tBTy5T3XuAHsOJCaxqqItxTg6a135ei7PKAmjndd3IueZ/kwKEqaObmvPzzrf3e0OP83py0xQNg8beZ7zjM3mYan0gZ1dAejwh1NAUYN5gu2tmr52azu3v23u59jTW7rM5lwuJDPoeY+I6ibR0g00SimIUo900CgKuJfRrQaBJvyeGp0pdJFLryHbVGFms6rFBak5L4zpN/QWti/vWJIGpb2TMLGge3LpwpGodRUyHHNN1baQ9t7XRci3nMH4+Ivm/9rk5Q+tpIpqJrKLUga82SQjqSfIeVTHCJEmMhqyj+5vIyDipbdjIRjR5qZFsSueEGBdNboTH+Dm0UdqNcNFM5ANN7QZjLaox+hG0LnQYSeJEJJIfdRtAA2KiF3jwDg1+3fM0zh6bPmjnI0RAvDLIeqRqCElgJJZQlGTGktuE5apkkPZY6M1gU8vhxVOQZu07VKRj3aZCVXlc5ehlCU7AJBYf4rPh1cWn1BhCMLhAbcMVnz0hUA0rEpQjx45zerhKMJarrr2aHTsuxjnP888+x5NPPIZag7dCJUolARcgMQ5bCwtGTOv7HU/2tbrKLw0NEaZItFGp+18rggkahZkgJHUJkWAEDVGIrEIglA5coD8/y64rLiU/9iTp0gogJPM5W35gLycee5pTaunt3gQJqK8IwcWewwghdOjGbsC4gppx/9K886MlXBwvWBNJY2OiCJDmPXykvOsNjQXbuooIqqHuH+XCE2vOGYpKgWGFzQP4jY/8FJe+YRaVkku3vZO+rHDX3QcoC4uSogRqBbYmdessOO2+Q7Qe39rOuOhM77KmbzYx0Edjlmgk9CuMtfV7LT5HIShV5TDGtuNI1RCfM2vrmgBN5DZtcND67Lnue25cuD5+Y4GCNF/l537hvfzKr76bTVsN/bTAVYF0YLjxhou4Zu/7+dQb7ubP/7//yWjUJ2gPYyylK1FjEDKsSeO7iRFJmrTCUuU8XutshE77akQNMYIxCaqeEDL273+II0few+49OXlr7Tm2sozBAgavFUGVURHt8uKmLaI22vA1gSemIEm6OcJrECMTaO0Uo6KPc4rXGZAdYCq8lHiabMh6jK7dB2bj+YO1CTMzOW9729uYn1/gkUe+w/79d3N6Zchv//Zvk+c5P//zP9/a8oQQePTRR7nm6mt43/vex4EDB3jkkUdI05QPfOADHD58mOuvv55f+IVfYH5+nv3797OyssKxY8f4+7//e1ZWVvjwhz/M7t278d7XmeexYPDhw4fbNrL+IvQIXuM1FI9IjzzbhqHPaHiY7dt3MDc3d9ZJllNM8UpjKgBMMcUUU0xxwSBNU2699cc3/K4ZqL/7h989Xha6A0nhrrvv4q/+6q++h0f4ciFUvibBTCCoYOsoRW28ShuSTMdE+9qBpApIZlkxgR0X7+KkWhYPPMOz99zLZrVoknA6lPSNUBYe4+yaAXhDbtAWOTxbnAv533yMXGijbtRRTZ2ZV5M6a2wUQtI0xYfoIT4hSrT3ezxRH2/nVchiWHOtxrYRXRGgc7yd3250dCqNB3qH7K2jmKZzhzXQLqHTEDmCL6s6Ii1gOqR/81/r9S3j6Xzj7U397IXgkRBa4ijurykorHWbbSyEurVI4jZkYr26XXSj2V/gkVkXvD/xgfH2WgFi4w0267R+HM3ZaqyF0BAhSZpQjIaIanzefNzeCxPhjShwtkJAqCP2x0RcY/BjxvTE5HmMtbyW/IfmmYt9RKijP7UVABSvHmsMtpZoRBV8jECNllAOIUxYukxxfmHjQtaCFSE1Fo+Q2pS0b/CDgoW5eZLEkpo60lzBFUUk+61BrMRME9G2zwg+cPe37uLLX/oyg16fvNcjn5vDK/TzHlXlUR+FozRJca6iKIcU1ZCyLCnLgpWTi6gPVC5w+PAxZuY2URQFh48c5rvffZrTS4sUxQgSQ+VcfLebpr6NkthIOGtNXo0jSln/kj8PECNdJxa0z7LBxCyJVgyImTZWhTQISYhigNY2fLpEygAAIABJREFUbWVZkojFVyXLR48zt3sz87u387YfvpGD9z7NiQNPwoFnSW7YzXX/+4dYvPpSdHGFzTe+BebAjjzLx46RGIvUuvy6mkG1WNN0K821bURdJfq4K+M2V4yGyMhicotNbF07Ip5sM2YR0/jIh7Y9dUWC1xuCBLKeQcuCm66/jr07B+ThJJIXDHam/MiPXMqDD99LWfaRkAOCmlCL342s27z/OiS7jjPK4mrhRS7heBwUQqizABK8j4V+Qwj4uv2lafRfn5mZYWV5mcQmeO+pakGg1+vFLeq4lk6beVMflKxt7HHPzbeolrzlLbv4jd/4EeYWAupX0SoWu27a3JbNwkd+7e0snjzOJz7xVTLp42v+2yFALFYcAxSEaDHYtTNt3uOT5LOxMVDHq6eq4paeOniSu+8+wEU730LI6kyY9tC7xx/aQIDxODWaZqmkgGFUFDx/6CjWmnZusBbj/kDaz9H+Jifr7aY/5ymrRTQcJfiSmObcrW32wnCu4tZbP0RZFnz6U59meWUZay2VV5544gk++tGPctlll/Hggw+SpinXXHMNmzdvZu8Vezl48CCPPfYYVVXxu7/7u/zKr/wKf/M3f8N73vMe9u/fzy233IL3nueff548z1lZWcE5x+HDh7npppvYsWMHhw4dwnvP5s2bmZ2d5cknn1x3jIrBhQFOe2gosTZlZmYLCwu7SJNVquIIF+3cTZ73XvR8p5jie4WpADDFFFNMMcXrAhvOjzsLdQNO6VWHOZMn9hhN0LrWkUhtcG87UH5xKIERJf0058mvfhXNZplbmOfKrVsYPblMtbzEgU/9O5VNWF6tmDUpF9d1ETYmW84NL/b7bvDzmPyLR77Rb51zdVRejgFmZ2c5evTo6yc6tyGvta6vNl48ccsbYkHUtBHf6zbEmh9936Am/tfaMcjYwkfq5RCQoBBqEcBoSw61E+Bmgt31968Lgdbz70hih9CSSjFjhlqgGUc2NscX7/GYtGjFL5QzxdWNyQidvK1N9OS6wLnuficlpiY7QGR87jEzAZBIOAb1sb548C05GQVIZVwSpCHgTXfz9fE0Ucsv3Aalo5OohHhdWrGruS7d89i4vZu6QKK1gmq0L9AQ6kKv9XZFGVOQoRUNGoKp8XXvHvPrpm95HSNGrRbRT99F8Sh4T1WUlIVSFiVlWRLwZIMUh+IJ+DoCuXnqUg30egOWl5Z59OFHmRvMEFRY9bHwZ7/fxzutiWXB+SqSW4lgLCDgg2MmSXCVQ0zCju07wVieOvgkqsJoNCLLcub6A8pixIqro5WTeiquilEgKBbBIm29G62/v5A5ZVGwCEl9btT9pNdYG6AySmotWUhYOXoCc+go/qJ5XOI5tnoav7jC0v4HGOzdTLVzBvuhG5HgWZKAUDA6epgD9z7ANumRqiJBKJzH2DTeOxGCCW0fY87Yp8Rr7L3HV45EY2BBUZZYMaTWEsnZMF65Eyne3quuYvk6xOpwyELf8Na3XQ1SABWCo6iWecMbtnDF5du5954VglogrX3ymvefR6VqJdwIGY9p2lewrr+EoaWx8T6QpglItAAKIcTsYLS2zXEkSYoqhOCpqpKyKEiShLIso5iXJhhjarsg6RSPh0an3/hd0CXKA1AxO5vwCz/348wOBK1KjNGJYZoShb5+Jvynj/4YX/vKYzx+cJWYwhKfeCPRCkkI0R+rFsplrNufGbU40B+kpGYbK8uH+cqXH+Anbv0PuKoiEUNbT2QiDdW0r76mX8RWBA0EEQIZ993/JI8+dghj5zBqaeozjO1+Nj4wxeDUIGYzWWIxsoorBzh3guAXUO2hja1gnV2o8TZPjIVFhCRJ+Lu/+7uY6eEcvZpEd6HigQce4PTp01x//fX80A/9ELt37+bQoUM89NBDXHvttTz33HOsrq5yxRVX8Gu/9mt89rOf5eGHH+Z973sfw+EQEeH9738/y8vLHDx4sL3njz/+OKrKb/zGb/CZz3yG5557jre+9a187Wtfa8XNSRhI5uktbKMqS0IQJN+K9LaTJScpS8vWrTuwNuH13kdMcf5iKgBMMcUUU0xxXqMYFXz7/m9z6NAhktS++A866HLJSZLw4IMPsryy/Aof4Tmgjk4OIYynnmt5vYb2aiaRtQigzWSkVgfaKWYTTMw41V5EyKyhqhz4Aj8URstDhn7EfIBEEmwFQwObLtnJZTsvpnzgO4irLU/OYPXzYhZAZ1sQt7taQ8Y1xRjPJB2EEK1a8jRj586LKIqSpaXFsWDxCgg74+OvY/l1HGMWr3NDbsbPZhyMxUspmFzvKn5u577ri5E28VHS3H/qH7arvZaq1nmGOrq/mT12nyOaorDa2MjEIr4SFEwTbduQO5E07lrqyFp7qvq5a6x+pLNuM2lvH9IuwT9Rf6Tr2b/hCXW+W/N5Ahtsc+KyjCf8TfRlE60qEiN2Q3CxHVsbbXFoJqkR6zOBJov/njua67rB6XS+Xy92dX+gNQFkqVxt59Te6yjERI//5p41bWFMqkwrAFyYCAIVgTLEqFecYzQaghiCekZVSeEqilAQ0n4s2S3xT/uEiOK9p/AFvvLM9GbZNLc5FpQejajKQC45YgWbRL/nEDw+OLx6NHgCARMM1lh6WYZiEDWUhQcruNLTSxL6JmW4uky5vAKVQ2xav0cMVmprHGPJk5Q0SdvCkQ0pZy5wvmiyCG99/yyMJBBSS6WBBChWVjmy/362XXEpg5XArEtwpyq+/cnPc9VMj80/fiNmU0ZIhKwAOXSSr//lpzj0zQfZE/aQeU+IPoqIlbb48ITwp9BYoKxF4+tts4x8ZgYZ9Bn5glYUZszxtxHZnf6o1TFf169lpd/P2LZtDqFAcSiBLBOSxHLllbu49+6HKMsKk4CKktu0rqVRZ22xNsZ/fU98dpdQ8M5RlGW0+fPRti+OyaI9k7UJ1ljKqsImCUmaxgwB5yiLkiRJEGPazNJxIfu4/RdCLCZcsn37gKuvXiBJBe/Mul+JQmoSrDXML1hueddbeeiRL5D2ZlEPgsH7FZI0iW+s0GS0Qe0H2pzuBleAtmB5WQa8WNTn3HvPEzz04BFuuH4HaNkOOttMDFmzDY2Wez4EEIPzKZVLue3TX+XYSQ+a4cWcU9suHYyqDK9bMHYrWZYx29+GlUbmdCAjxuOJ9e/98Rg/jtPyPBZ13rVrF1ddfS3vec97GAwG/P7v/z4f//jH+cQnPsGjjz7K29/+dn76p3+aSy65hOeff569e/eyfft2lpaW2LVrF6urq1x//fX85V/+JQB/+qd/iojQ7/ex1vLUU0/xiU98gne+85188IMf5J577uHOO+/kmWeeGR9XB6pCmm0FLgUTcJUQZBav84TgSMwsF+3Yg5HGqHKKKV59TAWAKaaYYoopzmucOHGCj370o3jvX0IW/Di6SCQWBlteXp6I2vieF20bh7LShNC2ET2dYByB1qu8nUpq9EU1Ld9Y01gynippHeE6/iyo91SrJaGXQ5ax6hWx8Ibdl1EeOUoInoUdm/mhW9+HvXg7z3zrHvyBDE6vtFkH54punQB9kdmvTsxlwsS50qQXy3gSZmt7D+89ThwHDx5ky9YtLC0trrF5eiWgbSRVl2/ppoOPP8vLGsKvpfnXN2+p24XWVkxjIcA0x0odgX5mZ9bvO2hNcrfPWahJ5jrqP/LAjRAXEBvvoojUE2LtRNs1k1FaQaBLpo8flqaugLZtuPvos8GSsX7zQq1INl5nw77wxVvjmASrNyORHI/e5nGzSWIjiaKhIzCuO/yXj0ZP6+gak6el7feTOx4TBJEYDVhrKatYKLGJlG6fzjaLo3lOOhG81M9yS/hcwAzr9xECUKinIuATITioXKBCKSWQ5RmDzOISYThcZnF1BZeAR2OxXRlngiRJAt6QSII6xReOfn9AVVQQAqlTJEQPewiI86g6UIckBpumSJKiZYX4mIFiU4upPEisUyCqJE6ZtRmDmXlGRUkhlsIreWbJkgyjQi/NyGxCaizWRBsdeZnvmfMFiuIlRvx7A95CaaHKLWITisUhhEAvyTi8eIz9n/8KvVOO3qllZoNl9bljfOOvP8PgsccJe7cyt3UTy08+w+F932bx3sfY6y/BjjyZWlwAk8S3ZpBYZDjUSqPV8IJmZc45RBLSLKNyjvL0MulsTpqkqHM0Au+4L+300a+HG/UiEI1j1V6e0OuByggo64Q0ixXlyst3kSTfIU0CQZYhcQQsBIOIBUni30zaSKmuJc43En8jmvEyKFmeU7mq9WqPgTbaFvYNIdaMMiIMh0P6/cbyR0nSWPC+qQHg3fqaMGe8FvUAXkzJ7GyPmYGNtYybYeya7agaqgqynuFNb97G1q0LnFockVjFJsry8ilKdfR7A/LeHBoSXBnbsapORMVPHEdjFVYX2w1BsKbH4qmT3Pn1h/kPb9lDmsQcqNaiqr2itRVWUJz3iBHE5igpwxXhv/4/f8v/+sK3cWxCQzL2+D/T9eggiBBEcJqiGCAlTRIG/W30U0cqKwiL9dqesSA3OYdQBV8XRxaJAUGqcNNNN/Hr/+X/YHFxkcXFRQ4ePMif/dmfcfr0aUIIHD16lGPHjnHLLbewf/9+Tpw4wdLSEm9/+9u5++67+ZM/+RNuvfVWhsMhd9xxByEEtm3b1o4DnHN885vf5L777qMoCrz3HDp0iCzL2jHk+Bi1FnT7BDcPPsGSksgMQo73i1gZsG3rxXQmclNM8apjKgBcgDh16hSLi4tUtV3DFGePNE1ZWFhg06ZXpvr69F68NLzS92GK1zec9xw+fAignjCcPbrkvohgGoPX1wrdwn4dNJ7uTdExQ3fi8BIO2Fg8CcOZGfb+2I+SXnwJed7DPXeYR/7xn0hcxc6LdnJi5TRzR4XH9t3LtuUheTgrB/8Jsn/dd+ca+nYWUY3N5MZ5hxVhdWWVNE1JkrQu4MY5CwEvVwSK9RigwxS/THQmZTW5EDoEcxutjWDEnvt1/n7AWDlryf9GUBv7xjekcC3ytIV64/UN9URb6ohbrzFQ1LY7kDXEv2J0TAhpLdNF0jqMqbt11lqTos2ZilKf+UTPrc1N+ObX2TZxS1p7549FOEGifU7L/sdI2ba+gtLZf3Ms53JM2vmzdjkT301qDnH5xLL6PIyxqDqstW1frw0p0hBz2tRtqPspCZhOlOGU/L+AIFDiKYgiQJsJYJRQDJlNDSIByRMS6TEaVvja/CcgeKg9rw3D4YheMgCNNj9WLFaFXC02Ueb6fVKbYNTW9UAUFxxeA0E8Dk/wnpnZBYKL1kRJmuOzWLizHFXM9HsszMzGdug9w3LESefRsmBhZpZeNmBldYVETHyXhU4m3iv2jnntEOvZxCwpL4ozEKzgEsEMcnpzc4QsJ3cBg2P3lj7bLnsDxw+fgksuwS6WvMEbTiwvcswrp58+yrGnD5MsrbDroku59sevYuFARfGlp0jIcMGTpymrVUUiQjB1lz9Ro2WNBF93YbEmhMe5irTuE6uqIjExIyOekLZBG7GbHIvCjUj8es0sEiBLU/I8YGyJMQHUocEikiMmYdeunVjrSNIhe/Zu5U1vuxSccP++Rzl06DRB+6hG65sJ7/+1aFMt2gXdL9vrXhSj9t5EAceQprGQs8jY1mc0GpJl+YSebq1FNbTiQZrVb/uzGBcqjUDtyHoCIoyKQJbEOjQbI+BDYOvWefp9oShh284el12+ib1XXMf8fA/nAwcfP8aD9x/m+GGPK9tyPNHAbE2foKp1mksCIQPKOHAxGZ/5zFf4xZ9/Lzt3WBCHaKyN1YgJrWufMaTWMCo9w6HhgQee4+Mfv4OvfeNhimIe1T4qtlXs152eNOP/yQukAYIGPA4rGeiA4Af0MoM1x0FXX/Q6r0WsRRD41G2f4q799/LEE0/wkY98hFtuuYXRaNQW5H7++ed57LHHeNe73sVf/MVf8PDDD/PHf/zHvPOd7yRNUz760Y9y77338qlPfYqyLNmyZQtpmk5YL1prWVlZoSiKaD3U67U1Wja4BBg1JD4FPwBNSUOfRBOMJpRFYMuWLRu059dnXzHF+YmpAHCB4dSpUwyHQy6++GKyLHutD+eCQ1mWHD9+HOBlk8/Te/HS8UrehzPhk5/8JLfddtuGRXpeK1x++eV86EMf4pd/+Zdf60O5oBAJ3lcmXdL78OqTPA3Z1ljc6Nh+oJvRGyeT8TwV6vRlHUemnuMAMct6FCbhsFHUF2wn45nHDlCFQM8kfOfeb1MdeJStW7exe9M2wslhJ+a9c611PKh/IQugceR/fUYvNHmaCJRr1pX2n/Hv7uRGMAgawKtiEsvp5dPrChCu2wl1FLBOLnlhnPn7tYJSXNZsORZZUyUWm6zXP9v21jgJxOiqLgHa+a/lR6UmKpqjbdpWaH/x/YQx/dwIJIJisVZigcba310xIAaRDBMMhBEGV9fb84hkBMkQSerUew/eIxowqog02TFSCwcgDaU4YS3T5OpAS1I0QgOxPTdHHufxuuHzot3nYs0zuX797r/X3H8ZZwlFG5Em2r0+gpoQ0GBwqogkSCiRqiIgWDEYwDeiQCtUdfdTt9kmqk0nn+cYxdzpRzoigrbXoPPUtqR9PFUjtTCq9bY11sKQWpARMW1X0lgxGV+RpCnex/tifcD4IgrBpOSpgDhIkun8+wKB9761qVCjOKOMfElwJc5XpNaQ2xRflQQNlNUQrw5MbdWhltTkiPRiVqGx9Gd6hDJQeY+xFjEGlUi4uaC40jM76DOb9dHK00szSlexPFpFU0OQwKiq2JLNoYlQVRU2ScEIR08fJwwLBjMLLPTmSExCMRqRkrJSLDEjKXNJnzzL8WWBqMe7ispXdZuMT03QuobIedROY5YVyJquqOUmG2G0FmMTjXUARAQ1QqUBNZb57Zvo796JaiBUDiuePAs4k7B15MjTHn61IAspVwaPVyEkCi5gS08iBirhyMfv5LEvP8GJPugokIdAUnkSk8S+xAiCJTTFnxn3Oab+g8aMw16a48qKmTQlmckZhYLCVeTGknjFuIBxCkEJJkYki4+isdXIab8EV8ALBmIEYwNQIgSQWKzWmAo0MEgtOc9z3Vuu4Jd/9V1cdc0eyjLlyXfdwP/73z7Oc0+vABkamqCe8Titm8vYfTc0S5p3a1DFqmnfSd77SOKbuE3vXLT18b6uE2OZnZ2NdmHEsZZNElxdCDh4HwUda2sRQcaCTwchdAoF11kPhJyq9FSVJ4TYRyEb5O5INL1BAnni2Dp/mrdf/0Z+5mffxRuvuYS5eYup287KMjz5xHE+/alv8k+f+Qb4edTnCK7uFRKon6cQlMTEzD0RF8VPSSmGnkPPez77+Qf4lQ9fB6YiTTIIlmA0CqEat2FsRuUsBx4/xr/885e5/fMP8vSziyibCJqApuNxKhvoks34taMOxHe2IpQY47D0EAyGBNFZrJSEcIzxEzgeJ6y5bBNLnfNQBy88+uijHDt2jC984Qu84x3vIE1TyrIEoCgK9u3bx+/+7u8yMzPDqVOn+PM//3O++93vEkLgnnvu4ejRoxhjmJ+fb+95d9zuvceYKCg1mSRlWa6bAzV2imW1glBgbB/nowWZsw7cIipLzM33153fFFO8mpgKABcYlpaWuOiii6aE80tElmVs3bqVQ4cOvWzieXFxcUr+v0S8kvdhI3zyk59sU/v27t37im//peKJJ57gv//3/46q8uEPf/i1PpwLBuNB1rnPfNeSr69phGc3kKkT1Q3UKdWxROUEldlEsG7AAb7o7nwgSVIuu+xydlx9LYnNWFiqOPidpyiXTrFl21YqgaRwPH3su2wphqQb7Kh2wz/r/UpL3p1LNHBnXdngcycQ0ntPkqZ1YWDbWfUM++ts/kyaxMRvXwbL0rUJOlu0+1ZBqIv7bnA4NdWJjJcSG1QjFjTFbl/HrMMZ0Fyjmi8DsRgRjDXjrCFjYrQ7Jk5kgyChxJgSsBgsRjICWZygGqmjfQPiPWjA1ER5U0pPmwj/bhZBE7FIV0rTsS2QaSa4QqQk6+f9jO1mo0a7cUOWDT4160ddqbOfjp+VSiTQjUlqIsHEaMPSRT/iOnvBRHWrs/mNegadeOa6NSsiJ9gVO8YCwOSW4pKuAGLp3F+VaBWhob6/BmNsfb09QQNiFAklueYshwohEnMSRrW4k5ImgpgKbLv1Kc5TtPZ2qu17MahHfUVwFdTtMzUWQSlGo0jMl0O88Xh1iEBmE04dW8JdCiZJCdayWlXkSUYQJUhAjbI8XOV0VZCYBJvnLCxsYnNvBuMCi8dPkmKwQfBecF4ZrVaMfMlcb0Avz0myDIeSmiXmB/P08wGuCnh1rK4UMXugcPTzlEGSY9OENLGUZYHNE5QApuln1ojy5ymExkJNEB3bs8QlkASDVYuKoGJweFCDiuJtQGZSUItapaotZQbzA0pVitmM1aBkJmdgE0wFfjjC9GYgtVSLQ4r5hFFmOJkEcgd9gcxDSryGopGMqzVDTLcWiI6Fc1c5jAh5vwd5jslzsqCU3uM0kAQwXjG1DUljN4cPkQQHgol97fkk2LyS0OAI3qGhFqo0CgAqAaMls/0BO7eVfPjnfoBr9xpEv4tJN3PlVRfz4Q9/gP/2p3/HcKVA2ncgRPK3E/jR/SDrlkbrLhTvA71exurqCtYm+BCifRagGmrBF6qqRMTgnas/S7sdU2d3+BAiwW82ztaFOGZrRIPUZPG8Q4+jR5ZYWSlr9ad5w689nyiWiHj6ecl//k/v5z3vuZE0hyQraeQPUchnYf4tm9i9+8fI+sInP/l1RLchUqGioOP31jiAJG4bIGiCLzOGw8Dnbr+bD37wTWyeU0bVKmk2BwhewYQUsQmlU2677Zt84uO388zTnpXlPsom2pNpg0u69YPGwQxtcERzw5r2L4qhRHCINBZcWl+dFMgQkigiIWhwZ2p26+5DCIFer0ee5zz44INtcGHznfeeffv2MTc3xw/8wA9w++23o6rccccd0VK0Fnoacr+J7G/fM51MgAn7x84xTC5QvFvEyxFEEoIRnEnwJhBYxGSrpJl5SXOFKaZ4pTAVAC4wlGU5JZxfJrIse0Use6qqmt6Ll4FX6j5shNtuu+28I/8B9u7dy2/+5m/ye7/3e1MB4Psca6fyQWP0uJiaaJOXJ1aIKhZDOHGaBz/7b9z3z19hc5pjT5yExVUCgWzHAmViKBV2X7QN98ABOBULJI+j2juEPrA2AyBMFDMdn9y5WOqsiyJ6EXjvyfO8jQTtDtDPBc0EBmIk2bnie2fPECdPAdAQ5Rcj2gpCBoORQGjztl/BXV+gmLwEDekUo7jE1DOtZgIXAhpi8U7V6Dkbo/htJIbbyR8t4RhqEcDUxe9i29G63WgnP2lc/0La5ycSTKEJkw3xf037MXLubfecodpG6eqa5araRtZHESCuYY3gg48Eh1GqEKLwtsEj/7LpSQlr2J414gmh1hVidkWXWGyii62N1gTxngWM0UiyBo96Hwni2guaUBdtlo0ljCnOfwjQx9JXg5qEpJ9QmRIJca5UBUepFStuBKmAhYFkuFHJP932ab74pX+nPzNgYWGWrVu2MDOY4eBTBzGpEOqMARLBEThVLOGPlRxPclIxzPVnWF5eZbFcZnZmnsRmqF9lsVjG9BIGecpKucqp5SVWQsHmrVupcsPp0WmK4YiyKMiyjJAYxAhV8HgHlfd4iUVSx/ZyNdbo5BcaVKASJSSRH01NtM8hKFp4Vo+cImQJxgLBo1ogzmI1gWJEb9DDiVJpxercgHxuBtmUMQoe50q0WMENR/TVIi6QNNHbNmZzBKIf+fjtoO1xqcaCxLbWLpPEsuo91hiGp05h8hmcDWBjhDKwvi75RriA79eLwflAMaoIPsWQYhjG7EwfEOPI8sAHf/JHePNbrgKzTKC2CdIh1//gdVxxxR4efXiZouzGe4/79RYvcA3b9zTg6jm5tRbv/ESUfhdVVcYC24ntbGf8Dh6PAWL28Ua7l1pcaLLapPaOOnl8lScfO8Ebr9wZ60XoJJEdD8fV2YaON113KW++9hrAYawnxuNTE/nx3C0l27b2+ej/9pN85zvPcfddh+KYhu7xKzZJok2Vta3VloghyTJwjieffJ679j/Je39oD3lWEVCcBJQ+p0/Dgw8+w1994h/51l0HWF7JMWYLQRLOJaCkif6XNakvhpgpQh09LxpF2iQbUfqTpHn09n+pD8zy8jLGGE6dOsXv/d7vMRqNxmP7EHjkkUd46KGHuPnmm/niF7/IaDRiNBpNHPcrVRdOJSBmkao4iE2UxF6MNSmWDO+UNK3HmUFR01Zyo+mVppji1cBUAJhiiiled3jyySfPO/K/wd69e88rW6ILBU1a5iUXX8K1b7qWPXv20O/3KYqC0XDEM88+w/79+1lcXASUmZkZrrzyKq644oqJbSwtLvGtfd9iaWnpVTpwxvOZzpiyGxzfBHBL7Rm7NkC3/e05jo3VK3lu8Ksjlk+dwrlAtrJK31WMBsJiKEg2bWZ+do4ts5s5/vjTcGq5Jde6nrZrSbLW7kcnl70UrN1Og4Z8bY6hWSUErS0WLL5y5HlOURT1GLqeTJ5RQOlOMNfSlmda/kKQjp1LwzMrhM5Avi7o0JzLiycYdAhQjRH9Rs04Q6S2PhlXke4e+wYT6O8r1NdEm4noOPocbSK7fPTXDnUh2Pb5i1GDTaHfJg08EK2VVD3aRNzVxPGE9/PEta/vYdt8mw/dZ0vHi9rfnuW9k/aH67/YsG0J40K4a76R+pJpQKS2KPMBY2wd5agIBjS0E/zxVgPjiXtXGeiuJ+MdqXaOvVlnTVHiiT1oR7xoblT3K63JftqIz1inIIxXqjNj4lEquDK2gbqpvI45utclGrLGiqEvCQOTYtIMa1NKFZz3VL5CbRR2qzptxBpDNSwZJLMIhmcPPoPNDT440ixluLpCKgkHj391AAAgAElEQVSDLMeFki1bt7Fzbh6sRXygXB2yenqZalhw+MTx+JxYRSTFmoR8IcevOoamonTLLA+HnFxdQoyQUXJ6VHB6eRl8wHmHrozo5z2Mh1Mry1BA6R35oLfuBSGdPxcyKhPwCYgBb5RUUtQrzz50gKdOHmNUlmQCWhUECSSlMCs9lo8fx7mSRb/K4A07uOFnfwy7uY9TT66G+Srh2Xue5Pj9j5M76FkhUyFUDkQIEgsPB+kMpeoPSi0CMP6+9I7Ku2h5RiwOG0KFCiTm3OpQvV6RJQnD1ZKyMAh9wGOkAhQxHtGCm256Kz6MYo0AQKgwMiTPMt761qt58NvfAE1fcsMOtTWLsSaK097havI/7m9y7BqjvKOne7SFi17yEEV+ayyVi3UAksTifawtUxRFawXUBI40RWC1zvpABEKPu/Z9h/e9700kieDi5aD9IfW/JVYhEQExBSpFjARoTfk7v1NP0BGDmR4/+mM/yP33/xPLq54g0NEw6sCGQJBxRoUSz9WKsLi0yje+8QQ/fPPVuFBikoSiUB5+9Aj/8un9/PsX7+XZQ6dQswVHgoS0zV4429vTvsnXDDOMKMGNanvMCiuBJAksrzzPzNwqaIG2wUR+3N81MTYvcgBpmlIUBarKs88+20b/x9/GbI077riDm2++mcFgMEH+r8XEvINzn9fErMTTuGpI8JAMElLbw+gcLsT5Sp5nF35nPsUFjakAMMUUU0wxxXmOwKA/x69+5Ff5rf/zt9ixcwd5lmETQ/AB7wNFUfDvX/wif/AHf8Czzz7Lf/2//m8++JM/wfz83MSW9n3rbv7zf/n1V08AeBE0Y0AToq2IqCIbWOe8pLGiAZOnbL/yDRx+4BHK5YrZTMApPkl54w0/yHW33IgYw1Nf/jrLqytsrmceE6munfFvE/Hf+HNvWAT4JUTib3SCE9H9a1apXEWeZdHwpk3dPru04c4emJyVbbT8HLeouqHwcFa1AHRM8TSJ8KoxxsxSC0QdwnJ8ZWpiV8JZhiV+v0DH4kw3g0UhpuEror6NII/ervVV1TD2gdVxcd+GuBfMBsR9bcHUmbxL/bvxsskUcpn47Tmw0Xqmdc/Qzprnuds+6k3EiDwikVF/4UJFbi1IjIK0Eq+F9zFjYnz8THwed106nrVPLGuOfSzSILHp1muMt9Wcz8SJhFqM6dYbietFki7ew5i11FhiNUJPvPchVBBcJGBMc72ms/ELDQbBBiVVoVLBeMW5CheiB3cMGoi1HVQV7zx5MqBYHtGf7UMVyPoZRXAIgYsv2slb3nwd77zxJrZt2oz3AZ9m2F5OahO8qxitDvFVxfGjx3jyiSe45667OXz4CN475gazqBeWV4Y4VSpXUaAkNmEljKicY1VLsiylElg5vUKpnizr4b3BiCGI4olFctfKgRd6C1UiCa8GpPbgt2IQ75k3PXbmmyhNxQBBpaBwI8rgGJ1eYeW5E/Ryy97LdrLrTdexfdNmnCo9zVh95BB3/tMXeeIzd7Ltcc8bdAt5iG2jchXGJIgRPDouSzKpI46PUWKPIUnCwpbNuKqkl9g6k0gBD1MBAADvPKOh4+iRRa7du4Vo4RIQE7A2IFIyN58gpmrHMuAwMsQFw/atcxijhA0yys4WUof/q2r9borvbmtNK2RLbQUIMTMoSSzGmjpeJFBVjiRJyPOc4XBInvcIwVOWFWkaLYZa0dHWtQV8JO+tre3xXBSUrZ3hwQeeYmUZ5mabikSdN5WCYDFBUONqvd4hphakJaVRpZrXkhhFQ4U1hp075hgMehQleI3+/wDOezSE2soo1gNQYr0s9T7K4ZrzzW8e5MmnT/PGKxc4cbTic/96J5/4H5/j6e8WaJjH++14k7aCGAjmHIaUTT2e9cuV4AsCHpUlvHpcKFgdPc9gISUoWKKnP4zHuefa5zXkfTc7uFl2++23c9NNN9W2US+Ml5MBIAREhxhRqvI50iTHzMwgIYAWWGtIUvPi84EppvgeYioATDHFFFNMcV5DxHLzzTfz+7//+1x66Z6JaJCGhJudneEnP/hB7rv3Poqi4Fd/9Vfo9wcTRdhEYPPmTaTpq2vdpXWEbTOabeJwm0F2KwLUn4LEQp2Njb5uPKZ+kX0KwQhlP2Hu2j38x3f9IHNk5EdOcecnPkmoRtx327/w7X/5V4Iqaem5pCg7UThrtjcRia/nfkCvIERikVfnPTZJqcoSay2uWp+uHWAi22Idzb9xwFInNpkXnIUYGa/X8p0Sl6/bYGdf68oc6OQyjIn3EOpGHjo86pj6n9j+FB204XOxWGgzna0Jgxj1XkeGh5rcF8GYWqxBwTCRyh5vYR3tp3UxYNWOi3/zjGgr4IyLFwZEQy0GhNbGJraF2COY7mG/2Nm9wHobNQXtPLey9gsf2t0aJHok12S5qaPnxCaIxIyAJEk6D5XQZDWIyIS+IGv+njiWRoQBxt3JZOFkCC35EPcQ1h8/MZo4EiV0ov6Itj82YESjrVFQCA6CJ/pVT8WyCxGtXYNA5PwMIUDhC4bDWMi+rEZgIDcJfZvhg0NdQIJjrj8gSVPmZ2ZZLVboz/R4+403cMstN3HZZZdSrA6xYphbWKAEKgXnK0gT5mbmSZKELbu285Yb3sqN73oH+/ft4+tf+RrHDh/FjwCboyKINaR5JNNW3Sg+78ZDmiFisD2LC0pC9Is3JloAUtvUhO474rV95b5iiHVEophtA6Qq4A0L+SxZPouGQE8FqpLl8jSLZcnpzQVbr9zDrst3s+Way9FNfYJRlh45zMGvPcAzn7+bU1/9Dpe7eS4Km1mwOVq6KOrWfX9Ao/hQj61gsh9prrUhdgubNm1i+9VXs6IQnOP04hLpIEOm5H8LVUFJeOqpw3DTtcAQoYxFnjVgpGyJ96a4axR+KiwVM3MpaWpwPtC1szlXbCx4t19O3OgkSVBVnPNYa+r+I1r6FqMRvX4P7x3eB9I0RUQYjUbked6uJyLtdsqiACA1cXTgvOWZZ47zzNOH2blj6xkunEVIIiG8LthkjeTXDEDVIMEQXKAqFZFZEptRuRGgpEmCKjhXxexYm7S1hnxnv489foyvff1pThxf5m//9nN8+asP4XWA11mMzOBJ8GqJXvx+4vi619m8EHktobYo6pyTAFIiMsJzFFctsbS6xLbZAGYWZC0duXG24tmgIf/XHvPDDz/M7bffzurq6saH/UoS8hprHuBPMFxJmJ+dR3sBkVF9R16G6jXFFK8ApgLAFFNMMcUU5zUGgwE/8zM/ze7du4AYzBkLwcZJQ1V6kDi4/8Vf+kVmZmbo9fr44CFEa4iYEqo479eleH6v0YzhJ4b5HWJ/bRRta2Ojkbz0RJLxXMbDMdoukozDkyc5dvwU/UronVohA1ZWh2zftY0j5ZCrrrsOVkeM9j/YWqRMWpSMjYk2qgXwakOaKO0QSLKUUVXST3pUYiYEjHYKsWZcP44ynrwpGy5/kTnBOp/ml4pO1HjoigU10WwmIqKEOKGe+oVOQCPVMyGPCDhXxsj+2i4GiUSzwceCvfGhqwtxC6rRVoDGLqiOWhdqYrkhuwOMMwLG3v8Tf5QoFrST/bBG0Nmw5OHLuQh1pOr65W0WRL2kESVjlsPk2tZYVKMHdlkWkGYxo6iOtoyClXQvc/3sTRbNi8LA+nbauAF1+5m1xxqTBMbH3fTb8Z8NgR//bSTaMXnvSJJ47CJaiwae1EDpXLynvqzFH0VdrAXRtIGmW5tG551f6GZQjd/fQjAGyTK8MRSjChc0CkJBSFXIbIo1A7xWOK2Y6w9YmJuj1JLTrmLbli184IMf4AdvvB6xUFQjsn5KmiSMylXEpnUtkICIJyBUIQqHq1XJzHyfH33/e7n2mqv44r/+O9/6xr0EhSRN8Cj9mR4uKKOixPsQ2ylgRejlOUajsObrtmzEIFbARFuS7rN0IbTJNjOwjR8GDdr2nxkG6xVcFACsj5Z+6gNYQUUonMNowPR7LOzczI5d25ndtQ0d5PjUcvKJp7nvn7/M4a8/QnjgMBedynijfwNzLse4gDVQ+UDSFoHVeqzVsS0MxL6gowZo8/wLlK5i5B0z8/NIf8DcDGgKVVO7paklUL8/ujVjxv0V6wd4ryMYY1G1PHf4OCvDVXp5STJB/Erbn8Z/2jjoFYcSyPM0Rr6/QtJWjMi3VJUjEEVtYwxpmuFcFd8TRhgMZhgOVxmNRhgTrX6sjZH+TdR/PLdoCxSj6k2sHZCmQCTarbEokFhTn4LigrI8LLnr/oe4/h3vRnxnYNeeZgC62aoKoSbdpS4gjI0NDkOCRYJlZWg49vwKw5GjKEHsuJ35ENCgiDEkdlJM0XYQnIDM8Nd//QVgxKmTK1RuG0EyKldgayU9imBRiOxakrbX+UXvxJr7KQpagTuNFCfAn6Aqj7MqqyBbUbL4m9hxd/ayfk+dq3nmvW9A/jfLDxw4wMLCAsvLyxv+dm3B35dbh03EoeEEZfEcswOPYRmoWO89+DrtJKY4bzEVAKaYYooppjivoRq47ro3Y8TgXeDQoUN8+tOf5t5772V1dZWdF+3k1ltv5T0//B6uuvIqsjxFg7K4uMjnPvc5Tp48yckTJ6gqx9FjRzl27Nire/zCOmeWrucsnb+po9ZMTYJ17S60LgR7NhDAqmXgYLBYcPA7B1g5epK8qJhdLfDOoYlh71vezI2/9EuUDz7OfY8/Qzj9fBsz1A5+wziF+bUk/htMCCkKiU0QIE0sZbVRhdIXoFg7FkPtOQrj63yW4/JXmpwZT0Si/PNSU6K/P9GwLpF81sbaR6J9TEytj1H4qEewcW2h9vmNdRcUbSPK43MYOk1JW6FoHM1eM0s1mVwzRFGxJLQCwdgSoBYVJlrf2eFMzW1sS7ThF+u3016q2N/4jh+DBo0ZESHaCyhgkmRtjOLaHa0RAM507NKSZhNuRhKte8bd4VigiV/X8bwaD14MqO+m+kf7h6Dx2ENdBDixQklV3w6HIcT7EEKd8RHJqguAY/2+xVoBQBHSXh+T/f/svWuQHdd13/tbe/fjnHlghgAfICmRIGUKkBzKkCjLlGJZsH2j0InswGW7LmxXueAvLt5UOcUq3w+0btU1Pzn4cHOLVdepYnJTCWPHCp0r2YzsRLAkW7QtSxAlkhBF0uAbBAlgQIDAYB7nnH7sve6H3d2nz5kzIAgSFAHMqgLOTE+f7t177+5e+/9f679Skqkp8rLElg5fOgyWyHk63jAbzWATQ24zenmPqakO/cUec3Nz/Pzuz/HBD9+GseAqWTDnHb7wQYrPKViDabKxPOqUyIZ8Pe8dTh3b3n8jv7j7F7hmy/X8j698Da8eMUK/t4KKIbUpuSsQDMZ71DmsD0EL1UwcvvcZRqIPr5dGnuy9bm0iva6RUj+WLELkwj1rFcSH57BTT2ksmXc4zel2Y7bc8j7MTdfgTcmqFLh+zokfHOFbf/Tn9P/+JW5+I+bm1RmuLeeIc4tqgjc5mJClZERCAEVFQNTo4bB9NIB/3fD6b8vLy/jDr3D19jnkbBcfT4U/RiaQBi0CwFTPMurMlAo4HBcvu7xMcGW45teOvo5aQ5RGoDnQBp3rSAYIKXVhuzERS0urlK5k4vvqAsyIwdVR62Ka3i/LENEf3t8R/V4PG0V0OgbnHGUZ5H5mZqYxUpJl+dCfUyVJ0yqq3pJlg0YKSIxgfFWPqXpPla4EUR578jnOLH2aLdMygQOaJFUZauwELbxhgIeoxWgMzpBa+KuvPYGQgDE4FyLtm6y5CdOtcT+q97LzlhOv+3AMOvhqzgfCv/ZFqvevmsbHqf3hEATxJjC8QDvCXdQjWiB+FSlP4UpQXQTjQeZQSkIGwLk9i/O19YB7ay1Hjx7l6quv5ujRo2ub3Xq/vH0zjV8oUlLmJykyRxSF+yPPs+G4XdbPiQ17r9oGAbBhG7ZhG7Zh72lL0y7X33A9znm8L/mDf/sH/MEf/AF5llO6kO76X/7ov/An/+1P+Omf3oUIvPDSS/zL/+1f8ld//XWAKgq1lo4peLedLi9gBTCCr9iASUmgNdbVBvonlASYbNVKI2iaC53MUy4OeHr/I5RJByswf93V+FcXEImIN8/wiV/4Zxx7/jle+d5BpCwxWjYOsPd10c9hVBucHwlwvkSBVAtp1nHa38xKV9LtdimzjCiKyIuiWaooNJkWTbsY/XmSBND4d970Gpr/hhtG5BvGuQQZ21atp0aIjRYxJKoo5cic8OOM0oaNWt2/k8axwds1RPY2GS7VgroVwRmyTeo71WMq8FlrQEO1Gp8w4wKopFRwYYhgJ6zCpbknNBxnbBE9salvlXDTybBT/cQZIZGqeedr7WRfk45Ve+vvGYtXjxHTRF4H8sIHoEWHlItIu4j5EDSYZMYMny11MV/QSqJDUfFNbQAUVCY9MdtXOOnvgeRRBfEOMdWnDxIHIjV5YIYdsmGXjEVRSp57RGNQG7LVFLpxgi2UWdtlOuqQ2IiB9DmF58yZ05Ra8L/8zM/yYzs/gqSGXHM8gZDCVlmD3mBtkH1RwLqiAhjDM9mXJZ0kBecoy5Jrrr2Wf/7zn+PIa8c5+IMncXl1V4ghSmLEK96V+IARYtVU4DHgtdKINtRxt2ZMUutyMOPBKkEiifB+8wY0NfQpyWJl05bNXHPDtcjVsxAVmNiSnOrx3F9+i0f/5C+JXz7Lh/uzXDfoMp+nRIWHUjBSUIrH47FWKMtQx8WqVBkWsoZEH0KtY6Yw6PfJen3SvKAcDIhNQpTEw11Gw9svToe9V00EayLQiIUTp+mtFsxtShHNmQxwEwh4LEpEEs/y2qsnKPJilIS5AGsivk2QqzPGDOv3AHleEEUh0waULM+IVRs9//oYi4tnmZrqkthkhADIsiwUEK+yh8PlC2VREkUxWlbvOnHYyBKns7z00nFOnFhk862dCf0wsXOAKGQCYEBt+Iclc8JyT/nKV57j2WdP4v1UKKpripFMm/X859HtwTMJ2+r3+fCdDrSkCNtO7FD2pyYk17fWe1hbP2gBmlG6AokcaRxP+G59h77zEjl5nnP27Fm2bt1KFEVNzYiLYa3VG3GkeLdKXghx2gGU5eWlxqfasA37YdgGAbBhG7ZhG7Zh72mbmZmm2+0iImRZzpNPPkm/32ucUOdKlpaX+M6BA+za9RlAeOqpp3jiiSeIohjnXANmux/2gloE56sE5QpoVmUkwltruZH6AuvI1HUXSlLvBo1DD2JDUUyPxxmlHwudG65msHiWaKkgO3Gag3/6FZ5/8RWulQ7J0ipRK4K4iSZuERLnAiQvJDugWYA04Xitq2pJNY1qIA9/KoqC6anpUADUeaY6HVZ7PcS+O1q9a4ZDgozByNqpRvnXHbuxP+hw31BuFowLS2epgFdZF/DcsGCjC+OwQB/284gEkPHUxfqiZkHmh+RUdTxhqNs/XDCHm7eRlKm+O2xDxRYozSReP+L/fLe9+XWPm0yaKzq+D00fBSJSMSpE1uK9wxAxlDoKe9UAZcibeGttNWKabzRR/00/tW/4Cf0lfmz7pM+ggOy1RNQEXWoFtKSWYgr3k2xE/l+CJgiUYEuLVwtO0DyMZzfpgCuIfETkLVNRh04npuwopwanuenmm/jET3yC0ruwEJYheeVcqPORRFGQ+3GKeg33gFGsNVgTVdHqLsiGGaGXDRDp8NP/5Gd58ZWXef31U6Rph8jGlGUZ5AhVMCqBYMAEOcM6TFekQscDKWWq51aT3cL5ZwC+V01RvAmkSK3JX1rIrKezZRNXXbOZ6fkZzHRKScbi8iJHH3+Ol772XU7+7dPMHMvZ6meYMjFZ13Ky47DFgMgJiTcYiSiLkhRDpCEDzJqhNGA7G7MhLXUIetZP9SiKMNZirSWJYkqniKui/UXCeJ0j8vqyN1XEWHwZ4XzKy6+c4NrrbiCxFvUTCICqDosiqJliMIh5+cUF1AeZmws1qaSy1GtDTtfZBzXwHSR+LKYiCJIkqXTiPZGNMLGl0+nQ6/UI9QFCTSkjhizPq8h5TxTZcF8ai3cO530gkyUGFTw5CuS55/UTPV54/gg7brktvBsn+Lajv7eBeMH5aq55KFX4m28/x7/9f7/E2RWBKMZpH8SF7AOd4EPWx6X95pywj6zdaz2rI+svyM/3niCg1cP5ggjF2i7N+mI9l2i8uW9DvlVEOHPmDEeOHFlzjPHo//b4vPVztilFDzhMVOJ8D6+CGGVx8cwFXcOGbdg7ZRsEwIZt2IZt2Ia95y2JE0SCREev16uieep02eCcnl1awnsljg0rKyv0B32KomiOMXTifogrNiHo3TLq70rrX00AhEjjIQB+7mZLA6B7Vbx4Cq8U6RTbPvohrrrlFlbwTHVSjrxwBJeX6FLGS489Q1l63siXuDYfLtzqc9fkxHD7+S0UztdqYGMkHL/ViEZOhOHlt4/uvaff6xHbqFrQJRhrm/JlF5vvaTIkqp+1Bprb19KE+0+6Ahhe2ehnPQcEQUuPhSqd+srEHN7cJgHF7eGoJ3NV/LcmVHS4Aq1koxHVIAdUDYLWQD6tUzQgUC3iAWvA/xG6oNKJbrDt+m/C+rNVL3jBO26T5kwN+gs0WSehmK8GbXxCwcO8LCoCxI/O+faxqj5uL57PhzAcRiFq00/1sdeSfhOIr5HKw6M/N5kFPtRzCHINVRFghvdS65I27BIxUSFxEdfObmGlt0w0B5qVDFZXmL9mM+VKDzLP8tlV4inD1OwUzjviqZgP3/4h4m6C7UQM/IBSPAGXDtIhRkyI/FdBbIRRMM6jZYFzDieeNE7Ji4xBnpN0YiROKDLP+7bdzD/66E4e/c53OX1qkZnpCLwhMRGRsYG7coG8jtIIEcWINMVx8VrVCpA1QOGlbk4EYw0+EgojiPWUBqaumae7bStm8zSglOLIKPn+oad46bEn2Ta7iY997nPMnlZMT/A2xscRhfEY9XQEkr6jd2iRk4+/QlEGuSFfKnGVSVEJtTSmhNo69fa2d6guyJ5ZDcexIpiqbkCLna/2Pz8A9XKz0nkMCaodXj58gk/e+QGQ3sQ56/Hkgx7J1GaiaJp/eGaBwy+dII1nyEpzwb3nXKhTY6wFBGMMZVmGwvUtMNc7h3cgRiiKsqoNEFGWjiSJybKMbrdDWZSIhOyBoiyIo4g4jlHVRi4oFC52RFEIMvHeg1hsnaGmEUVmeemFY/BPbgsFqJ0byTgYtwCue6yNUbUUmZAkEas9wx9/8RG+8Gff5eRZA/EMeeEamUppXtznek5U71OZRDy0gmze5FmjoaHn3k+FUMOAsZtNgRKlj0oBaqkU14JW/tgVrDsf3satJhIIoCNHjrzpfvVn3T8XTjx4vGbB97MWYwKRdOzYsXfMr9uwDbsQ2yAANmzDNmzDNuy9b0JT/PXt25ui6RfPjEGMVJFL69s4hvxmNpTQGFqUxvR9xubrr+aqH9vOfD+nOHEGyQq609PEOz7Ajbfdwgc/+lHk1FmeeOA/wvH+RGf3vVD8d5IZY0Ixt6kpjLGUZUGaJvTynDWriveIBXmH4W8TrQIm68gxxRFiRs1whw07pzWAe5M+M95nNREgVX+3o/7bC92Wzq62jzMJUmooyfCzVi0RPxbR3h75dymTYzK/0HyMgwEhkDLIaHjv12fhWjYJYFjPfFUYWevI/Ml7DY+1/mlH8hIaokc9ggvZGUqTZSC+elY2iN/lB7ReCSYKkYOOxJw6G7T9p9MuZb9P1h8w3Zmi041YLZfo5yWaZfjIM8gHXP++G1Cgn2cQU0X5OgQhThJ86Tl7dplcQ96V8UokQjeO6aYpeZahkWKjGIun8J48z+mkM5Ra8mMf+xjf+e7jRGmCmhD1n3Y6TEUdxAkuK8n8gJqhNMZibSAdJoH/raSwS8Amk5kqUBpCJXErlAbUKD4SulfNIrNdShQ1HokNzsNHf/wOfvRHtrMp2kRXp2ClANMBLCIe9TnYEomB5QGDP/4+5fdfQbOC1CSU6oLcS0W6jkdiA7TzvGr+UIBYbIjCdh5rkpAJJTIs317LpbXZ08vc6mvWqlCt4EEjnn/hVdQbTGRQlaqWRXivhnpXQqkFsTEsL2V85X9+gzdO9RAzGwDjd6L7WmMbCveeG7QtilArYjAYBAm4aldrTSU3qqRJJSspIWuHdWVjhvSRElGUCS++dJTVQc70dIyqb2QhJ04XtVhJcM6ysqScOZXz/Sde5M++uJ9Hn1lgWTZTllGY72KCH6jrryHa1z3ybqtqVVQfF8Ha56J576oqXsuQJaGKNvJD765Nqk80nNNr/719C52g6lDNsdYQx5ZXX331PbeW2rAryzYIgMvOMl5/6WVO561N3c3cdOO1TL3Loz1YXIT5eSYo4F0Zlr3OSy+fZnQobuLGa6cuwo03YHFxQGed/r7ix2LDLh+rg6/UMb5qCJF7IW22lvyRMY3FAJK/O4u1NSA6o/rcddTpSGsmeOWqwwWDthZW4ff2fvUKI2wtvUOB73/jGzzxyN8hpWMWmF3KKeKYN86c5I5bfgo/N8PBv3qEQX+VrpFW9H8NYr61/lovvXbS9jrbISQwnDsSabjEGl6/iODw5HnBdKfLIO8TpQnGWJzWoiTjgOvbv5b6gNr6edLYTT6njMIjE3ZKPKQAXsFIKGSLYiDolmsFblNHII5nEVx5FmaSoU6GqYGaJDIUhRIK/lZx+iKoRMSiqIAVwfoiFI70IKYCkCV8z7gS6wPkEYCkammnw8h1IXyn3hY+ak19qSS9dI1+bsCQ1t4H9R/fzrwd3sPKmhNTRcGONyZ8AbEBFE2iBJG8KqYcNdcziY8dIRDeNLJwdJGtDWIw9rdKDkja7cPjZQjAaVW/QdEQyU3QVLcCxitF6bAS3gtaET1IIGacd9UxLu+ynZeytSMxGzk/oyyZnDP5Eq+vnmZLchVRHHS+3zh9Ct20mWTTVaSbZtHc0S9y+j5n7j9kqXoAACAASURBVOp5ZuY3QcfiXEkUWWIRikzBwatHj/Pcs8/z+uunWDj1RnivKqRRzFWb5pifm+MDH7iVWz9wMyb2GGMBh7ECLiMW4cbrtpBaoeykWBNhMMx2Z+iYhEQtNoYsyljq9XEqGG8RJ4g1JERYtRgVhAqY1FYx0ffMJK3fO+3IZh37N2pqQvntxFusCzWWvXq010cKT9SNKQn3aSoxnViIr5lCJMWXglzVwYunxOOlRFWIbRKk26YNq5uVQdrnmsWSKLb0jJCI0HGCUU8vCu0yBALCV28Jj1DaUJPBeOg4oVMKeCUznsJ4YucxpaKRVLXeg38ZnouBng/dMnwf/xBDTS6KjfqbtvHDj732BqvLOZ0tUvmLQcdexeDUoAbSqYiiTPned57lO9/6B2B2iKfXbm0T8LD2nO2aMnWf2igUjy3LkjiKqnYpeR5kfEIB+Kh63lNlCEf4SjKoLIqGbMuyDFtF9asqSRJTlMN6Yc45kiShLEsiaysNecGa4BWEWVW1UbscO7rMmTOe+c1d1GTV/vV7PtT7MJLgvCBYTp7yHDr0Ot/+9j/w9A+e5+kfvEyeCT0/hYtSqEiKRhaM8H42Rip5MrtOtHqLSCT4Oq4tYXWewSRyjl+899ho2L71J/0ojd/OJnyn7HyB9YsLwFdBCNRkAmG8jSGOY1577bWQARZtwLAb9sOxjZl32dkKLzz2KEdntjJX+2T5D/j2N2f4yV/8OW6bupBjLnLo4Yc4sHUPe++crzYd4uEH9nH//sNsu+se7r1nNzsqdHlw6EHu3vsA3HknHDgAdz/IA3t3XHng88oLPPboUWa2zjEcim/zzZmf5Bd/7jYubCgO8fBDB9i6Zy/NUDxyL3vuPci2O7dx+MBhdu57iH27wh/fbCwWHnmA++5/iEPsYM+9+7i7PuiGbdh71Gosadx58z4U6DI2LMKstZWjPPp9YyJMpenZ6MK+W5EYa05TFx8dOvRrAoPq/ysZEqmWGkMipI071xuDIrd4YfPUDLfv/CirK32y1UVWFxeQvOBE1ue27bdx6/vfz9989atsS1KWpqbRs6tVZG67DW9Ne3jy0mP97edla77QWmAbi/eKUyVKErxXIhvhyqLaJ/SX1IuTSYeX0UXSebVHZHRxOh79zHCxNn6eNnHQ/D0gERiF2AsdAvCvYkOBVoYSMqaSbalZAKnaU39eiRYi7ML9X8fsi0IaGwZ9D95Vy0/Bi0WNwVRkmTWCcTlWpFqYO9AA7KiWGFcSKVgMWhXwrcek/lfPBlEX4tZVWveSTATgh9YGnyfBH2/VauKheoL4Wu/+3Fb/XVVREwppxhKAFleGooeuAeNpsrIuJGJu5Lk1LgM0diipyK8QTeirWi6KVoWI66LFgbQJkKR4xRqPVV8RAIL6AnWV/E9F4HlftiofXpn3zqVkDREgcJoeR1ZPsKw9umVM6TJMJBSFY7m/QhTHdCQFgTMrS+RTOVfNzGMTi7OKV0/poBxkdGyHA3//Hb7xV3/LyVNnMFHUzGvnPN4FOaw0Tfj7b32Pm7fdwGd++pP8yG03EwmIdxhCpsCm6Q633vw+nnr6WVypFAUsnTmLMx1s0qUclJRFiS08No4xJsIaQxQnpEmXTpQQmxihBiRb74j3lI2/4ccl0Opfaz/HYBRSD3EZCn57p5w99jqlNXRuvJbMevIiJ0WJjMepYlyO8TYQokYRW+K1CO9HYnAxuuJZWl4i7xRsMhGqhpXY4iQmUug4T24GqAvSX2rAiyIKThyliQJQnUPihLQIZG6ZGAYxzJSC+hrcHl65V8VW/ltNSIpMrLpyyduIjKYOfZn+qrJwfJHNW1K0ylNUAY/FSwKmg9iIxx99kT/+o68x6HcQP9W8kepncX08JvxcW7vQfGRDge4oso1PX+v9O+dJ4mT4Dq7GrK4X4CuJuziOqiuyFf8c6nxAyDBtnbmSFgr9MPybAwxeDerL6l1reOXIEguvO27YZsk91L6JMYHYs7aDqrBwvM9ff/0AX/na0zz7cp8zZ1aIohjv53DGY0wHXKgXEscxApRV4XFVT9SJEbHh3jKGosibZ2QzVhM6tJbzk/NkFSf5seE4ShzHFGWGbcZzneNNCCaaJE10sezdWev5BvxvreBQDeuUTqfDa6+9xtLSEt1u911oz4Zt2FrbIAAuS+ty4yc+y6e2DLcsfu9P+fK3X+G2n705bCh7LPcd2C6z50wNOMQDd93DoW0dDu/azd47AQ5y/+59zN//AI/cO8/iwQe5e8+D7Ht4L9s4yAP3HGLv/gMEDHrAgXt388DB/dyz86Jd8HvXujfyic9+iuFQLPK9P/0y337lNuqhOO+xOPQAd91ziG2dw+zavZc7ARYf5p77d/DAgX1sA+AwD+2+h4d3Psju+XOPxeCRe9n98C4efugRtnKYh/bexf33HrgCx+kUj33h/+b/+c+P8NQbOTDDzZ/Zy+d/dy93XH0++/48v/Vbv8U/3T777jf9CrRBPw/RJtZiZBh5ZiOLGNPU0vM+FPiK47jZJzjHRRXV8+45nSNWR++8JX0fzumfaxN1XJ9CELUkGjPoweunljmdDXCRsvW2W1n5h0OkixlHv/8kL7z4Equ9Hj5Nmemv0PF+bPFQn6OKnH4vpK1qHS0czBqDd45BnjM9NUWe58MCihcYQX1Rbb0Fj7aj2+qFQwVyViSMMRLWmxcMDF/Otg65U8Vmjkr6SIjXU0WlAsfrjCGpdOKhmUMBUC+hIg3DOLWla5Qab6+grhbJ0wbDtPn+8KsjaNIICH+hc1cQvA6JO5V2fOKbm6pCFWmd5zlRFJENMtT7Jqvqnbivag3+ybkJvqkHXG+avC8Nm6AVUYqAUVcVWGWEUSjLEvGhCLCxYbgv9eKqV6IJynSaIM4xnaSgnuWlRXCeufm56g4H1JHYiOk0JZMlpqamiOMYV5bVfRr8iVdeOcxf/uVfsnDsJNMz8xR5EUheDS/gKIqx1lKWjuXlZb594AClHzB/1c9z3XVb0KogsDWWCOWWW7bxzDPPoWKYnp6iWC1wUYyJLAMdkCQxnZlNqLGYyBJ3YqJuiulE2CQiiuIQzesFDCHD4D1r696Zo3t5RZzHOI/BAxGRCIunFzn04ou8nvdxUVVUPcvIfUaRl8iSQ84U2OWSThkIBHUlZaW/7iVGSyE51WfzirCadLBFhCmF1cSQRY6OOIyrii+LqciVDC8exTQyS0LIECuNQaqMBS+G0oQMAfEaaorUaWDr2OVIJ9bguaoSCuYYAhkQsXD8NB/+8M1gCjwDMDleHGo69AcdnvzuUf7jv/86pxYEdbOhcLdUBO4F9pS237utQ3ivqPe4Gtwe81uNCDZOUPUUVRaAMWZE/121Kv7dymTL85xOp4PzZagTUssLSpASNFESApEEVvunefKp5/jQzmvxarEmBoWyMKwu5zz7D0c48K3n+Pr+73L86Ap9l5BhwSQUhRJFSUUyBKlBEcX7ogpwiYk6Eeo9WdavIsuT5lnVBABUvVSbNaF+QU1ejPv651sPYM04TMou1Pqftj612X9csvTt2NuV7GnL/njv3/RY55PdSOW3+xB7gveesvRMTcWcOHGCY0ePce21127ID27YD8U2CIArxOZv2Ur3r4/yBjfTff6rfPnbp+leMwdnT3LW3sRP/vNd3DoxJH0bex7az/yhfew+XG06+Aj7d9/L/p0hWnx+517uufNOHj64l3vmD7J/127uaQLJO9y5exf3HjzMPTu3XfwLfc/bPLds7fLXR9+Am7fQeytjsW0PD+2f59C+3dRDwcEDLO65h2HPbmPXnkX2HRywe9u5x2Jx4RC79+xjayd8b8/du9h9aIF7dm69mB3wHrNj/Plv/zIPbvkd7vtPv8ftN6SQneLZr/4Bn/+FX+OX/tMX+LXt4/v+Lr//x7/H9qtTyJY59tSDfP439/LUv/sCv3N7+sO8mCvC0k7Cb/7mb/LZz36WJE6a7dZafvzHPw4SHPaPffRj/N59v8egP2j2SZKEl19+mT/5kz/h1BunfhjNH7ERt0/H/qJViFqzJJ2s9ynrxvUKhfP0I4Obn2J26/spJOfq6+ZZWThCvnyWrMhwdOlrzqCT0jG6Jvq/3bYLcrJluPga+a60F2Wj5EWzn6xduI3tDlRutghFUVA6h1hLWeR00g6Dfn8Yk3jefvZamZa6bUMIeXTxpJUkz/gwTrK14z6+Y/jdILgKrBYvTRS00E7f3rAaehqq99db6+iy4UKtidIXgpQSwylmkBD5Vy/+WxGONcmm+GGweuvLQVN+wrhU52BdrKiSD9Jhy9+xor+tuWnEBFDtLZhqJanmfOgXVUpXYm08JDUm3MPn3b6Rr2jrQ0c2DW20HoBMOqUP8lhNrYxmXILmv2hVkFFDFkcgIDZqAFyqFivMdbp4Y4i8kqYJriyxsQEnFEWOG/SI4mk2TXVYLKCTpkQ2Cu86C6gyOzvL0089zeLiWWZmN4EYnAvR5qqKNSGYIBQZzSlLx1XzV/HUD57ijjs+wtat1+BciZpAHTrn2bJlC+qVJIpRF4o/elFyV4IxREnM9NwsuVNKX1LiUVcihWKthpoEIk12ynuQyn5rplWWhHeYqnC6EYgUrtt0FaglXV3B49EiJ4oLfJ5RDHr0jp1l8NIystBnZmDpOqD05Hjy2FLGMU4s87nhejeL8QniDVMmoig8DkdhwEqEiqGspGlS50nI8GrwXvA2FCf2MfiYSlHOYHwtySTNtYQPbd4/V0gZgJZplfcW4R0sLCySFx8g7XRxlHjxOInIy4QDB17gj/7zX3H6hMHnm4AEbwCpNYBsIHvP56xt2bgKoC/LsirKG7ImxQidboeyLAMZMHqAMF5lGc5sbAjMGTu+Vt8LWYDhOZCmQQLIGINXJbK2OV5zbB+CCtQnPPr4S/yLX/00Iil5Znjl5Tc4+PiLPPHYSzz9g5c4eWKAL7sMsnkkiokjMJFtyEk8qJeqBoFUMkKhgPgwmMhircU532QmjAQgQMiUqQIK1CvIsM3jfiyE9z4yLiU02UK2RZBFUjfZx1D1ODf0j+qsg6EE0DD05ULMe9/8u1AbrwswTgaN7/dWCgPX8ydkbSj9fp+FEwthLM5dDm7DNuyi2AYBcIVYb+E0KzPb2cJx/u7RPh/+5T18pAKZj//dQ3zzB29w609smfDNDvPjqjCDAZ2toyDxtm1beWQAdOaZP7TAIlB/bXHhEH+zsABsEADQY+H0CjPbtwDHeeytjEVnnjUCPfPzLBxcAIbjsbBwmMMswo5zj8X81h08/NB+9t55F1sHh3nogQPsuvdKAv/h2Jc+z7+e/X3+8r5dNPH76dVs//n7eHD28/zTf/0ldj34S9yw7r6z3HDHb/PgF25g76/9G771jc/zqQ0O4KJamnb4jd/4DYBRDWqBqtoY3ivbd2xn+47t+LZDKvDE40/w1a99lTdOv3FBjtw7aZNhX8ZA4XM7xqHt4wBWWID0Xc6AhJtvuZH3/6MPY6TktaeeoNfrc7bf57af+gg3fvSjvHbmJDddfw0Lf/Qw7sRSc9zW0YYA5lvsp3Ap9aJZJ26XZkO1pGwvRiYAc5Mio6tyoqxmfdI0BWNQ50iimKzIAqfyllo+tBHt2UbCp3W08QNXQ6atn0f+NrKpvXN9vLW0jjRUz3pSMRvWJmea3yvwP5A3LZkeqWMXqz6tppoxZmTOiZjwnSpiTdS3IJ/6JD5EhGqIKh+dm0M6YqRdzd9G978Yz6Fw7f4tRrmHiMhwaXW0vKEsCyIbdJeRYX824MJbOMVIzHBV1yJY67j1jjAy3RvIQMM56/vSNxlMoOoqgMkF0kykKt6gFTGgzXi1nkQbdomYKPi8wKqnzHOW+33iTkrkYzJXMt3pkhLjnMcaJU0sklcgVBWxG0BHYTAYcPbsWUSEldVVkqRLnFTFO71WWS8BxCpLR1EMKEpFJef48QWyrCBN46BFbi3WRiRJSlmUiM+xGrF502a6cYdOlKJJiXee5X6PvHTkLscBURphOzGpdphrMhUhkNJrXh6XnAUS2zWkXAOgZyVb0mm2TM+HYqtZju1nmNU+ZbbEkkas9BTOJszkKVNEePUMpGTgIC9Dgd5NhWGemEFR4iq9PKsFKgUOh7MW0QTF4CXCUBI5E4r7eoMYwYmQWUEtJEZIVcALxoe8sVATIgC94ofvgXXcgMvSPDQgsqrFeXj99SWyAWBBowgkxTHL3//9szz0hb/ljVMxrphGNK3q15ZQZWtNJHPXsfauzjnEBOLeVxJAYgzeO5xzTUT3aO2msSh/AjE89EdDMEkcJyEbpPq+MaaRBLTWIGLI8wxrhwWHvfNI0P/D25SnD53ilVdLlhZP8d8f/hqPP/oqi28oeRaBT0CnUTXEaRSCPdShJYjaKtkwRBqEtgJiMCIYK5TOVRryQarMlSWlKwEhsvFwXSMQx0EGLc8GiJGRTN5239gqC8J7H67FnB85HvplffBdK+K9fje3wf/GP3sbJPz5Fu5drx7ZesV/J60Na6LhfNvbPq6rsi+cc7zwwgv8zM/8TCNbuxGEsGHvpm0QAJel5Zx9+RCHTobfVhae4dkj8OG7bgOWmZs5zTPffJLNn9jO++ZTrv/0Hn7lnTr11ru4d8dd7NnX4f69O+Hgg+y7/xDc9U6d4BKz/CwvHzpEGIoVFp55liN8mLtuA5h5+2Oxcy/37tvD3Q/u497dW1l4+H72PQTcw5uORWfX3dy97xbuvPMzbOMwf7NjH8evKPmfZ/nqg2/wW/9XC9Bv2eyu3+Mbn0xDIc432Zdtn+O3Pvev+Ytv/zaf2rUhBXQxrdbmbNu43yQtaSCi1s8KURwRRzE/PKt0cEUIJcEq0MxU0WUi1Yb1omDX2iTQTfGkiWWzhxe++D955gv/nUQcZbHKbBQzZ+fxmeXpF17hjn+6i5e//zhl6YmYEAnzNpex6znlTZRNvQgbiaZf/5w6tthu+AUjZGWJjWPSKCLr9UniGGtMVfSMZkXuz3FJI82VYf9q+1ytfepjvRP+uzbHE0KJwmZrMzW8VNhl63xag5qXNexwfma07rHQE0ZCtH9tdQaFCeF1FTgeCv5akWbRVxd5rO9UpUQpGRa9DAB+DSLUEebhHIoZC/sfjcnzDfEwPM4wQm58EXohNsoJykgfvPl3h4tSEaEsc+I4ZtDrQdoN/aY0LKzUQA41WdWmuCa3X1vSSOLra9ZR2Z+64LUOZ/VQoGkUuBfq+yBce5MpE6rCIybIvZha1snXxI2OtXjDLhUzVijLjLzMWemvBu1slNV+j36e0ZUIv9ynkCS4ArGSZxneOSKT4AlR9mVRMDc3ByjdbkqadskKR5kXIftHPHnhK4JQ6U51GWQrWGuZmQk+X/A7ygoUhdXVfiAPbCDRsjyrInqVrNcnG2QYk2KiuHrue3zpibwQo+E9IG2CrSKxLoOZqgacCdesCmmSkuRKfzUDFaZMhOsXaL8gcZZZnxD5Luog9XF4PhmHtYYOBd2yxGIovKMXGaTMybvCYlri45LuVATOI72C2VXHVKFoZKti7gZRSBwY1aAlHytWwXqIfOARnQmiQaJUROLQp2ioyzbOHLDby8rEVEV+VVBRvIY3XV4ULJ7pMciEdFNCv1CyXofHn3iZ//Af/pyVlQhfTmOMA6lIdAHEjGRPjPs1F9RG6mONvn/HTQGMNDR849s5T5KkFEWOMbaSCIK4LgBc1QapSQLngk8gIpg4CjJRIogxnDzV5//8P/4Th186zMqSoyiEqc5VeFfX9xDABG6aMBdBqvoJLR9AqaSFQmaQU8VaS5HnzbWKCEmShLWFY8R81d1e6qpj1XEbJr3uk9B2L4KXpprD257G4z6MMRf7xqgchvOcTHX9BIycN+nxllozRjAYY3j88cfJ85wkSao2XGYPiw17T9sGAXDZW87Zkytc88lf4yeuBZjlI//il7nmyYM89tdf5K9XLHM37eQzu3asjS6/IOuw895HePDgw+x/6GE6d+7lgX3wnx95Rw5+aVt+lpMr1/DJX/sJrgXembHYyu6HHmbnI/vZ/+Ahtt11H/d39nIP8GZjcfjBu3l478sc3lNVD3hoN3sfvJP9e6+QTI1Tz/HY8V3s3b7eDilpHc1/6vCb7vvB2z/JVx87zO/vuv0db+qVbtZaTp06FRy0NqDWRPKw7kKrHZRirLC8vEzpyokpne+KSb3wacUBS9sHb23XihCQoAMq1Xelip0NIGcrUnb0RIhzRL0+c2Kg8BhxIQ64cBhgOkr58U9+BkOHG3d+ku/+z2+RydBZHbaj/jx/CaDGmV1vfx22uwb+muJ6Ik0mwFsam6pfi7IgEkNnqku/1yftdlhdXUGsWZtcAcPU84lzqAVkruOgr+e2T9r/nPBNxftoa6eCUAGgxm4bkmTsIOoVdbp+f1/21o4al2pZXc8vGlA47BCA/gA2+0rmQSssW0ORPhe+IGLw6rGioHVhYMGrDB8u6kFdAPSlnk9jGrw6bCe0Ix7rue9Hxm5keNeM6bkWiusTB+3797wi7lSb/bwPhGLQvnYYa8M9Wu3jtdZyPn8b4SfqSGBtPQ9Um8GrAzSba9DhXK/boD4UI1QfCgJbI+H5qA7VEtFQ9Dkygi8DgCdisEitZL1hl5IZKL0nV48zYNOE3JU47yGy9MqcrByQCkwlgDV0Ol36qz3KPKc7N4UrHYgQpynX37CVTidlaamHiRKQAFQZE1GUBXleknZSjIGyzPC+ZHpmhq1btzI9PU2v1yOyBiVIdZw6eRKD0E07WKIgHVSUlGUZ5Op8icVivCGKLWIsTkA0kFWBbKjuh0qK5lKbpfV7tcliEPAWSgsYxRtBKh32hJhu1MEVBa4sMBLhFFxRILkjdp4Sx8AoZ2xBMR+hV8VEaUJXBO1lLC1nJP2C9w8UZ5Rs3sOPXsfMrdciLscdW2L1+bMMjqySFiXWWvK8IJIOqfN0nOC8x1WR/SlK7JVSwKUGiSQAJ9XzBgi1p1SrZ5hUj67L/T3sQUIEvycicwUnVwYsZjCbzLJ8NuI7Bw7zx//layyvTGNshJCGfquK5g6pcqjCK9YEd0yytg9lra0y1MAYizUepy4Q9xKe/+u/5wxVKkLje9Xvf1c6rA0ZQNNTUyF627sRKRcRwTuHMbYZb/U6ErRBYTj09Cm8zlY1PRyFr9cx4Z1pxCFS1a5pHLshOT7UzaeZZ9YGmSBjTFUTLUKq9ZH3wx6sMweKvKjuRWkIqybWiCFT5b1UfRlhI4J4PW8+Jm9muu49MQTFLw4APrw2bbzCdqFywrZQCKhaY9VZoO2Z9vZ6oJ0BUIP+L7/8MmfOnGFmega56ITIhm3YqG0QAJelJczdsoMdlYrMjuQkf3jwIIu3fbwClme5/iOf5nMfAcplnv+b/8H+v5tjz6evP+8zLA4GI78PBosjv2/duZu9VTT54JEF/tcdVwioPG7JHLfs2FEVAd5BcvIPOXhwkds+XkP8b38sYJ5tu/Zw967w2+EDA+5s6fhPHosFDu7vsOf+VvWAXXvo7DvMgG10LviCLz1Lxjcs/4AvPfgIx6pfb9i1l1+6Pp+874a9K3bixOvs2bOnKVxVm2kBTus5j22n00aWs2fPcuTIKxenoedpIxGylTNumnTYtus/3Lde/DdFPWvArOWYjoLCgsFgHEQ6LEYVFlyOxAgvHjzIM68eodCSzarMHVugU9MLI+m8poWkvjUbd/rXpODWC+dmIVJFM2EaEuC8zkPonToVu3AlNu6glaZ72kkZ5CGiyzdo+vBjfQJgdG6Nt6etYTppv3Gg9ZyZDQzHsCaDCqqMANWRc4yrzftG6/zKtJHo+lYf1svXuj+bCCypIzjrAsABSFZ1YQ4FeeDwsw/RZN4HoH9EIojqHqzAA6lJnDbAv+a+ad27Nfs0OiWbn9ZbNMPkudTefZRAGwUTzgf8r9PcrTEU1SFsVTy1SVuv+1Z9iGiU0bl/LmvH3NfPsRYOgzCBcKxBED+8jkrloCr8boN0AeGZahr9/zofJIyzr8AcaytpBwko5cYy/NIxEUGtoNZQoqg1eAcqUkX2CnnhQnRtYkimOvTzAf3VHlk/Z6qooDpX4g1s334bn/jEx/j61/+W1dVlpmc2oVbodBISH1GWQfqjLAtKN0CM8o//8Se55ZZt9Pt9ut0ueZ7hKxDuxMIJkjjCGkMapWSa4ZwyyHOyMhTz7MRSFaEFI7Yq9hsK0mJrsE6r+QltQOuSMK3v85a/I0FyxxlBDUglvaOl4kXRyJAXDoxDYiGyFhMbnPUUJmclVrL3zTD18W1Mf/haXFeJRLH9Ak4OWPj7Z+k+dZKkE7Hjkz/Kys/cyvHpPlHHck3ZwT/7Bqf/5nn6T55kamBxeCILvsixJqGgYMX1cH6VVAfEWmI0pvAFooZIDXiPL0rqgAXvfQU2VxdNc7mXqWkgAERQbyFJOX5mhddO9rj6xuv5xiPf579/6bssL80Hn9blGK0i3sXjawR6BGBt9dY5Oq5di6muk2Gsqe7NobxNvz8gjgLMJWYSOS0NASDN2AWrQX1jLHmRA/V7wgSCufZjIWSXrXnXCSErwFaAfMhHE2PDO6zKfhPxFSlSZ5PUtWtG5QqHEnfhWHmeE0cRqiEzoShKxNUZQsMIe60cWyvheRj8IR8yAuq5Kj4EP9RDIOH5o77KYnxHJvGwf4eftX/SXvG8gzZyyHqsaxKgbE09QTRCsIhWRZebwtTvzB1cywaVZUmv1yNNU06ePMmjjz7KTTfdtBH9v2Hvum0QAFeC3XoHHz74ZR576eP87E3P89UvPMvWX/wcH5kFolmumUvIzwaAk6xHjymmzqVjvmMnO/bt59Deu9kBwEEefnAHOx8GGHDwgbt5aNs+9t21lcHCfu67b8Deh68sbfn17NY7PszBLz/GSx//WW4tzz0WWa8HU1OcW1J+kf1338PCWKmKJQAAIABJREFUPfezd8c8iwcf5N4H7+LeR+DNxmLbnQs8eGjAnlAFmMGhAyxs23tFgf8TLdnCBz/1KbaR8ewX/hWPHP5Vfumt8DEb9o5bUeQ888zT1ABebdIiAMw6DpTXoRNtxFC6Yg1IdjGtdm0bV7JOMx0/rwhWTCU5MvyunIf/HYrgjhxs+E9rYJOKRFBEM2JVbN4jWwY/mxBvnqM4UtBh6JiH/tWL4pu/HRv369sdVM8I5z15WZAkMVmWMT3VDZF9NRDaAonH5YDWkxiS5r9hDFGzcHoHrG5TWJwZ6pkgIo2cgLQb02p3ExntPcRX9mKiPSRGITI2rOe8C9G1BPDf4CpNf99abNf35jAqTQlR7+AIdQA0yOl4WmRAnQ0QYhtr8abR6VFFKgJIOE6DdtdfXvtYaGy9zJyaGJWKPWyi6SqQoQH9q6jEcH0BEF838m4EDAkAufclnU7CYDDA+ggbRdRFkQPg4FuA3yjAP8mCpnml2d8wnlKNSS0LNiQGjLbLAA+b6StCoCYGai1o70tEIgyVDJSGIs7O5QG0qfrfSBjPK/uuuQRNQI3gTVBkEQ9RE1kMiJAB/SKj5zKmTIpqIPdWllaZvXoOKjXAPB8wMzPNP/7JT1E6OPTc85w4cRIR6PWy5l3ovWAjw/U3XMvHPraTz+z6KTbNTTEYDPDeUXolstDr9Xj11VeJopg6k8ZGER5P4XJyl+EROlG4+50qzoeo4git/JY1rOClb63C6l4CWWNkmM1YChTWU1QvPO2XpBSUvs9ScYae7VHOd7nppz+E/MRNHJ0bcEzP4hKlozGpXE30I1fR+/bLHPveM+zc0iHdOoeTnKXEsWIy0k9sJprdTnTqLO7ZJVJSTOTJEk8Z5Sx3lMGtmyk+OM/KVYaOLUhKG7TmIw+iaFHiyxL1HtpzrmWX07DVZqSmfGuRuyBVFScJy0tneP3EgD//8uP8fw99kyKfwZCg5KBBVqYhttHJ6iwXwG/VQRjOebwL2v/WGmZmZkKx3CpcQry0fL2qCDVBMx9dWzhXRIkii2pSZZj5JvL/XDZaVHd0nVJf5GhNgvbfWtHp9Qu+1W/GGKwNckPWWtR78izI89VZK5NbF67RaCjabGoCoMpsFJs1iw3TpKCOH8kOfSKlycgbrz+29nrrPpCx3985m0jABBa1vaXyqVvjrAARVrtYjbCahqysRp6ptnot9PazsJwLpNXU1BR/8Rd/wS/8wi+QJEmVsfJO0g4btmHr2wYBcEXYPLfffg1fPPg9Fm/9OJ+44wX2/9kf8oOZOWbys5x1W/nkL94MwPFH/4xv2rv4lU9NKghcH+4u9t1zL3vuvIttd27j8P5D7HpwP3fNA3TYefc+Fh+4j927DsGOPdzz0APsemf0hS59m7+d26/5Ige/t8itH7/tHGNxnEf/7JvYu36Fcw0FzHPXvnt5+IF72LX/MNvuuof7Ht5bETPnHouddz/Ajj27uOuhXewYPMKBxb088NAVVATg6m18MPmvPHcYbm8nqKQ3cPsdNwDHOPbvEz647er1923Z8ece45Mf3GAKLoaVZYjAGbd2lLq2HMDRoNHhL66B494996qJLB9bIZpxrK9y3keLy1bRKFQHaYOBw61rz1cfp4myrz8kRLZoTKGe93/oR/nQP9rBjT/+UabLnBdX/pA3Tj4W9mvj/lWKNawXkTxq7cjj9QpqjQCZFQDQvpawzJTxkOaJ55vUIqcezXPSODjWeV7Q6XQZ5Bneu3VB++GitA20thZiDZg60thmyxpyYkJbJ16FhCKPUiP9qhgsSoFgEPUhB2S97leqsX2PsTXvqtW9O3p3WBOi2FtaVqBVwUDqgrEVESBUNSOqxW0FrgeQ2kFDFgznwfi/piDuWNtGZshI0FvreBOGbySSv3UfNpJgNTnU7FsfVmsOIAAuOoxUfPMMgEAYBpAkgA3eOTrdLv1+H/UuFCpUrYrwXsiCXptLr4mWYdvWlxtr+khbv6sGgsB7SlcGXMM7MEH2x0rVB86hLowjBBLAiAyfNRuReJeQhajc2MZolKCl4AuL845YDYUvKH3QvS6dp5dlJHGH5aVVjr52nG07foSVbBmbCN0kJc8zbrrpRn75V3Zz8tQbvHT4CCdPnGR5eZmiKIgiy+zsNNdccw233LqNG27YShRF9Ps9kiShrKKRoyRhYeEkr588yUw8DRrqDqhUsj6RAW+Jo4hcg1dixYbng0LhCjwuyFdJm0h7d32Xi2FGBdEQaStqQAVb3bsKlEbJrDIQKBPQtEM8G0NkyKYM2YlFFrMVOtEy826VaZtwbTxLESmRxqRlSjIfM//R7cw5wzMH/4FNW+Daj9xI1rW8QcaZGct1H7uZ+PsLuJPP4085Vk1GNqX0opJk+7Vc988+wuL7YpamPK5cZG41ZZPdjNEUNBAArgzx1DI2QleG1b5peMcM+gOMdPkff/4t3jh1lkE/QZ1gbf2Qrt8PFbEzcRpPIgXW9uiIT8kwilxV8dV7XVXIsgGmlvAz4bPW9DdGsWKq74YMW5GYyFi8L3CEFMAiz8PoVrJAiBDZCkj3azMuh/WAdNi+kfda0/CR9tfZBiPX2+wfPstK2L8m5Iu8QMQQRTFl6RqyoV5JiAl+fFNnSBXvlCi2GKuoZiAlSoGRMnxXw/rASERZ+uBSDhsbiDrnsFGA06kChWoSxvtiJEPv3bY6QyJYPUfrfFnF00FIEXJUQ70WyxYMsxXx4aglVxUTXEVaPlVj5/McrvqIMDahmHz4XlEUTE1N8eSTT/Liiy/yoQ996G1f+4Zt2FuxDQLgsrMtfOpX1paRTW/7OX79tuqXH/059vxoSW+5j7MJs61w/+s//euTi9DeeS8P3zn8dX7XPvYfGLC4OKBz//xY1PhWdt39ALvufvtXc0nblk+xdihSbvu5X6ceivl1x+J6Pv3rk8sB33nvw9zZ3jC/g933PsjueyftfY6x6Ozk7ocPsHdxkQH3MT9/pcX+385nf2uZ//1LP+Bzv3P72kyLw9/mSz/4HL/9wfPYd/kR/uuX7uCzX7763Wj4FWgy8ef1pVXa4O3kY70XUi5HWqA1EKlo7bRKey9pAlDauOFEAqCFm68tJiogERJbBibm9p/6GSJxvPTVrzMVpbzudSi1NH6w87T1oorX2z4U5xi7EmUEkFsvYGw9c6pkeRbAnSwnAtK0i8sGOO8mfqdZPI1LFdU/1wAq7Tk0zOhoCB9pDd8YcbMujSEKWkk+aZBw0gqGjeTcCtBa66CoXoFAZhsRrsdHm/+NMVhpAfnVfVYTAc3IVcB9Dbh775sO1wZYqIFjqaLGBSMEAlLrgrJUoPZwPtVASWicDutOtGzdyK/WMZt96/Gth3rsWdAGFqQ6xprvNv0x6e4LwL8QdI6ttTjnUB8Koar3gQSoyYlJk/1NTNWPtHvkccfwutazhs6tAPxaJUVdTXSE8a1gC6gyDpwrQ1xgRRzU4P+lD69eeWatJbYxNkpDAeAkRGUXzpE7C7ak8OC9Y7XXx+BZzVc5+upRXBH0u1FPUWSoOooiRMLecONWbr7lZga9jCzLAG1kRqanu1gbMRj0ca7AGKEsC9JuF7GQ5TnPv/B8dW8arLH4UhFrwj+1YIRSPHmWYSUiSVMia8PfI1tFx7dYQqGay/YSnqSCqMH68M94AS8YL4gP2TleII+ULBFyYymiLlGU0H3fNUz92K3MLGXER4/z8ssvMff9JbbdegsfuOoqCq8sn17Gv36CwdHTvHjyDFuKmNUTK7z2V09wcy/jmg9ez3XTMctzsOWaWdjxfk4/fZx89QyDJKeIhOUoZ/MNXfwHrmJlc8lKucxqr0+WDyhczLxPSbzB5wVlWTbycDU4euUQAIBaDB7BYcQipCwcW0Y1CnJWVqAC0lF7juiF5oDV50SvdvJv1fNbNUTrOxeDgqmi5AEofEPMu7IkiWIQB9onMaBqcWUl6SQpEiliwlm8VyQyoU5EFFW3oVI6hzWG7lQX7z15VYwXHfUTVbXJ5Gw+Wu9bX/nbxgjOlSPZfCKMAOlSE4hAWTq8emIb470njhOKwuGdI47jkEGk4fvqw75GLFOdlDxfQkyONT3mr0q5edsNGAOvHllg6WyGKwy9npKkUzhfNO/ZssqsMNbSZCrUvlR98Y1b8u7eCUOJpKpRdXsoQSqpNzUIXSxXY+MUp47SOZL4OiIzQ6frwRyjEj6iEodcE3wxUqRr/Ra1/oU+yvOSTsc386Xb7SIifO9732P79u1Ya895xA3bsHfSNgiAK9YipmZn3+YxOpcdaLz87CP83Yu9kW037Pxn7LzhYp71nRiLC7fO/DiBc+XY9l/9fXb92m/z+W3/jvt+aTvNKJz6Fr//O/+G2d/9Inekb77vv/lX97H8u1/g5zfw/w07lymN/M940adaeiTo3ptKTaMVFdygY5MXQ3Xk0ZsvsTREOOUDTjzzDM998U85s3SGuaKgf/QYRiQAFpVG9qVuqlAUZVgUAeo9nU4Hnw1CKi4Xb9Ee8EVlPDY6kARjAinjDakWe+Oy/rIOKqpokJe64m1tErW1VYRaayE31J6tNlQEAFQyBzV4XqHKAfwfRhqea/nXrm8hVXFfaU5dI/+j54TJS8r1amiM/9zed3Lx3yEn1DxrzuP+NkbIi5I4rTNpgtxAWZZBcz82mOr4Q0S+PvG5jz1SCFnqeLmWTENDAFYHHeur+lRiTQD/K/m0muSpQYpAVvjqngvflLH7z/+QIhY37G2YUgF3Dp85xBmmTEocR6hA7jOsKot5RpkVEDmKPCfpJhx97ThPP/0M2z+yHbEOEU+aRrjCkaYJoJQuJ04tne5s89wty5yiyOj1VkjSBDQQSkmShExFk3DkyKscPPh94jjoC3nnEYmoZa1UPKUvKUtPbLpBck4CuG+MVEBQzSLXRCO8tytUnN/9YxSsCpEXjLfgBfGVvJcq3oBGgksNLhIK48iMZyUydOemuGrb1czdOMfWW2+k9/wRXvzKd+gdP0uiKWVf2Xym4GaZQldWOCGO2R3vx103w4nji5w5fJypk0t0pqbwH7qNeG6O/tYZHNCZmaGjBl1d5PTp10lOLpBvmsIn0DeGQVlyJu1zsxmwJYtxeUaR5xSuwPhJz1Jp+W2Xp4kKtWyM92CagroepAj/mkK77cK3o8cZe8O13iFvraZRXVy7qMH4yqwVrI0xClNTUwyKATPTKTduneLazRFlYTj1eo9jr52mdH18PEXpq/vPGPpZRpIkZHmBsZZOJyWOIsqyYGl1NWTITfDp37LpeoT8cCLVWvIIGEwgs61lMBgQ2ZgkSSiKAlvVPohiGyQQRYJEWbEKushMt+Rf/OIn+dXf+CfctG2awYD/n703D7Lkus47f3fJzPde7d1d3Y1uoBcAbOwgCAIgKdIkJZKCKJHiYi0WLcuyPJJtTcRE2PKMxFFYEV4UGnvGf4wUI8lWOELSUI5QSKZFjmSR2riJFEEKJECAJACCjaXR+1JdVa/qvcy8957542bmy1dVDTQ2djfwPkSh872Xy839nO+c8x1OnSj5yO98gj/52BfRep7hcIDWsRF3OwMh2kSx74XWMUEgBj0CRrPlcRglULQ/v4B3rrQy+lUY2Ww6XmPjVRZhPOgkllTNk6XXYLt7GXpQvkDbObRNMZ0hEpYQyatKCN0kDbSDU6LiX6j+HVV7VGPZ5IhV8nGuxBeOkHiKYU6YCczMzvKZz32O73/Pe1jYto32Na82eQ4TTPDSYRIAmGCCFtL5qzlwYNx4uITc/AQvN7Lb+Ln/9B/57X/9v3Dvr+RcdWgPWX6Mx84e4IMf/kN+7d49Fzfvz/02/9d7X9Yo0asaM9MzvOlNbyLLMpz3fO5zn6Pf71e/CsZYjDEYY8jzfMywtNayfft23v62t9Ob6rG0tMRnPv0Zls4vfUfG/mwEs9QGf7tiYZwFrv4/Eh1pm9aiRj0ONtqcWxnXNREYUEyRYpZWePJP/pwylPRDYCp3JErXiqmtMbHl9IWwZfPOZ52/ThtSG9KAW0SuGh/TxjVsPR3HW3iHTRKs1viiJE0S5pIOfT+ohRaaeS+Ug7YRW+1dU/7dHk0rU3u0HzBiZDfuVUUTqVgOn4tQVNItRiKp0PSFeAWTC88PasO/NA6pCGSdDkHOR6JNAKUrYj4SfwqPaUq1PVlqGEql7RwA0YxllEuIlRkSG2pXdeLUGvs1sa8qsr+uNoj37+gqi5r0MirRvwA2kgIXo0Fc/zvqGyAt55vW91uVt0cEHTP0g6rGqRXOObIsoywcKDsaTxgPZuiKHBp7ZrUehhsDMLWfHptZx+M8kniL6w5EGaNRqLOq84gRNazRiHgUAa1C1TPAg3cYVdOvAU3dzBlKV+AltJ4CE1zOaN8LWmvEe7x3rOV9RGUkWRcSjTWW9dWcbtbD2SH5+joLU/OsmyHeCusra3zmL/6Snbu2sX33NvKhR/di5qwI2Ko3gHMeLzEQFoIQQrQ3siwhBI/CkNo0ZjwrhVJdvvqlr3Hq+BmUN1H3PwhaexCDBI81JjbWdh6bmRjsl0jsqaCrV4NBoTHaIiEGMb/TWbUXh432Sq2VrTa8zuM967XH6UCqNEYMIVhA4XWgVAFnYhVAIvF9h8lIsCyeCbhjp1g6t8zRfJmpbVPMLnbZ/bbbSdcFKeH00TOkD5+g/9hppjod1MHdLP7dtzA4tABpoLO2jnrkKKe+9i0e+4sv0Nm2SHZwJ1d/312omS6FEfTaKuHI0/RXl5g9b+nu6nFOB/LMUojjXNnHiKW0A8I2g97TYzX0SfslminKjkW8QQ0CA1uQpAn2Mg/dXBQUVYIK8V0nVXY01RdSS8/E6kWpydf6AS1bvKMBmrrGOlBQNW2v2tXWL4aNyRLjNqkgSrCpRbsSHWIgra4MIzgEh1ae4E+w7+qMf/pPfpC7X3+AndsTvIeTJ9Z4+KHH+e9/9AkefOQk3u+gyA1aazqdDPGQ2ikQi5QKpUMscFBuZL9vcXtuHdSPNq9zDm1ik2DvXZSiE4VzPvbXqch+Y23VvywS7dYkzW0Wgx4xCBBECM7FJuISgwTeSxWABMSj1YCrrrH883/xw7ztbbfTmyoxMmAqVVy7P+Xn/vkPsLgwzUc+8lnW1hRGTceEJKXQ1ZhigEE3/oSvpZBEMDoaWaOm5fVRUBtOXBXSVLVMz3Np69fPljrBo15RqOy8rYNwNNWJkVDXypLoKTS7SXUPyPEiqBBtv/rA1pKQouLz2AuoYHB+Cu8yxAfEF0goEAagCrRygKeWXx3ZdXFcQQRXOoILhFCSD9exaYdjJ5Z45FtP8cZ7FvBBSOpCgM2u4AQTvGSYBAAmmKCFbNf13LzrUo9igu8odryen/y1T/KT+SqrBUDKzMwFWi8/n3kneMkwP7/Af/g//wM7F3eS5wXveOc7GA6HOOfodDrccOgGfvmXf5ksy/i9//p7/M7v/E6zrPeeQ685xL/5t/+aPXuu4stfup+HHvradyQA0DhMo28AWk1mR/9vNw1DRvM2qbEbDUDV8I6jNT2HkVgT1IqExINZd/SkbEamCKB0bEcgI2K+rct6URTEc2RIw2YSU7X2d/w3NdruBYjPcfd6cwBAG82wzMlsSqINbpDT63RJVSR6a3dCtljFBclWxQV0bNkcqWmtVm2cpZVZNfavAq+gQCjFo0lQo2Ly8cWq6SawcIHtv7LRIp+oA2mxmWa3m+GlbnoLtXatJqBUJAaie+gJ3pGmpiVPo0BMNV2T+60qgyaqUEkDxa3GRsGtJrejqoGaiIZRoOClx8aGwe0LYqRF23rmbF4D2oD3ITr7BLSJ2bpSHQfvHdZW3molaxT/VaNqgw0jqK/RkWxQdefVPVCqqglpSffUx81X628yqau11vupdU181L0aQuxTEDxG6aqqyUV1XyVorSh9GU/jpHrmssfGChetIjGfpIaghSEFBFjLhwSBtdU+890ZdszvQHVKpntTyFTKkXPHcGHAE48f5m/++vPc+553M9Wbo/AObSwheIaDIWliUdjquonXR6jI+LKIch3ex3skSQzWWh568GHu/9KD+FKhnCAWQLDWEgRciLJDUYZEYXUk/HwZK/+0MYgHrTRamRgAkIoo21gOdslR34WVNBEwel/XjULjc6a+a50RlBWCUQgGCToGGE3V/FeDkxI/CBCEUivKpQL9wHnCg08xXDmPee1Ott11A2bPLLZ06MKT6JRdhSf7xmlOfewLrDx9Brs34cBdezkxUzCQAZ0Fy+Ke17D9wA76f/olznzlCWavmsJev8CJtOS4GWI7c/T2HkAOn2D1ieOk+Xbmd85zVkdycOgHnA1CmXrmX7ODHabLiQcPUz58BJF1CmsIyqC9wlFgEwPqCpf2qIl0VduQ0pzR+k07krtTTW+HOpFhcxS4Za+KAiwEU22qei/U8lctg6kVbmi+F6h6SAmlcxRljrGGxCb4ECXrlI7vJm1Lrr4m45d+6ce57ead9LoebeI9dWBKc/DQzRy6tcd//L8/xufvO0uZd0iSDlortCQYnaEkoyiHeEq08ah2hnlzuJ49WB9ClCJKkqQVrAcfYuWaj2wzvhUgcKHEVpVB3rfelUqPVfaNvq+2VQX5VQBNSZJ5/uFPfj8/+IN3EMohiRqiQ0CweBRTvZT3vu9u7v/KY/S/fApXStU7beQ/aFPbR5U3UVU6oQIGT1nGhBtVXRfV05pxC7ie1tU+XGxz3XgtjvoSjBIyNkE0YGKwX8egkgsDirJPKkOwsyAW9BAoCG4VY3xlO3nqRtVBwHuDkRlSO4vuJJRe4XzOsFjBuSW8nEMpqYIITZbDaLryUrwP+FLwAVxQOG9Yzw1ffejb3Pra28kyTSBgLstg7wSvJEwCABNMMMEEANkMF83lP595J3jR0FqzuLjIVXt2s7q6ikLhfYk1CRKEbrfLu773XUgQ7rvvvk2ZINpoOp0O3c4UM7MzGHMJyZ5KfmOjY6BRjTa51gZ8dKsvfqRyASJvy0EAlTTNFkkzrygYRe0eFK5A2xQUOO+wicGUIRrtKkq/BFW7GBHh4g/qlhCJdOlGP/HZAgvxH4XWJhYEK1U5M5sJ1WY7SJxvQmSOoc4EjBh3kFVNWrfPcUVaKaViA8GaKBeaTP56TaLay9aauHX9TEWStAl+FcYCAeMYOYubM9nG7+0RsXZhbGy2vWV2XD31bOuqiZYW+RpCwCQJRVGQZfFFqLUiJh2qmP235aBGQYBRDt+Ld3RH1QStdakolyCxG3CkKSspIAkBqbqwiwSUHgUsJrj8oVrRJR88oqP8xvr6kH7Zj6QfBpcXhMKxvTPN4sI8Pi85fvIk/WKNYApS2+VvvvBlpue38ea3vBWdWLSxJEYBKaiANQk+jIJ41liMTtCZjcExozHG0O/3eeqpp/noH/0RZ8+dpZN0yLJKhkObSOR5T+kdSMBXvTSMMYiRKlPXR81vqXcv7teVJ8W3IbjfvrkqeRCP4KrKG6+EQCT/Q6rBJBA8pgzMeoVbdfRPnuHEU09z2g+5/vp7SHbOc5x1ulboCphiiMoSeMNBOrtnGH76Yc4dOc7S40fQt+5AZhJODQesp4aZW3eyY+btKNNj/dxZksNLzFy/wNpgiHVgZ+cJN3Q4841vs/jUCtuLHlM7pzk5oyiG63SBVeVZ3Zmw+6oDZNs7rJcl/VNn0IUjWI3raKaGAePZOoHjFYAx+6O5RjdkH1wgSyLGfnXzF+tOHVAQK/GkklepD95zH8AQfCVLY3A+NmkW8VgFqECaCR94/zt5/R0H8L5f0c+amOvtCcFz6KYD/MzPfJBvfONXMWVKnhdoZRHRuKIPDKJUmMTkItU081EoVdG2z5mAMQrOhxAbFxsTm4A770nTBO89aZriQ4jTSUJZ9ZxQyjzn+596HGNw3HzLAd75jtsYrDmmsoqWr4l98aACu3bP8La33cMX7/tDUN2xNYxL7GywISrbwFqL98PxN3JdjdiyceQFBzTj9aAwI5usWpfeJD+UEp2pAgg4linlBMgMidYY1UPpQAjLrA+OMj0ziNVY9bABwZLY7Vi1C8MCJRbtQJsSpdfJiyWcP0kIpyAsxUbUtKQMWygdDIuAyQ1FkZH5LkrP8uUvP8IPvKfgmp3di0rmmmCCF4tJAGCCCSaYYILLGj540iRtPhdlgYjgQ4nWGqVV1Pk2mjRNNywtjW6mUDnd+tK/+jbad7EprUKCR1sVS1CDUDeFbS9UOxkjUZGL1P9XW8w09t2IbNiqSenLBjXa1lZDfPZlt3ZIarToWrxSFN4z1evhihIRFRtHeoUX31omzl8noz2f8VzMvJE3bsmjNF1cBRHVBGa0imX1WsXmc7YqHdGy8fqppGrGGqBNAONZcdU3jBr/0jimqvpJUenDV7rbUT+3lVHfkM1N2l0rCCBjmYovBJuaTj/LbxcbBHguXGg9ImHTb1rrqulgQj4cVoSLbgiAS4FaiqCNJnFUAkrFyoD6HPpQAoKEgHOxSWUIl1t29QQbEYPjoyaZVBrMxhi0rXSuRcjSlG53muWlJVbX+hTrA4xSZEnC6XNn8UnAqRxJPS54Pv3pz1GUcMedr2fXrp2s5zndboJWMatYqmdCnfecF0WU6CCSgP3+Gg9+7Wv86Sc+wcmTS5gsRWlNkqWE0sUAQlniqustKBi6EqU11gpKawygrcVaO7aPuk4WeE5S8fJCM+Zq0Kr6LgbC470WDLhE46zgEiFPNMNUKBKDYDFBYW2G7U2zfWaRbVddzblHvo178gwzp/bi9/fIlcOKMGsyvAOGjh2zCxy45x5OlQ9w/P/7PNnZ69l117XMTmckGFxZsm3/1ZQ3nuT4nxzm5Ge/zjWde9i2bYFln7PUEULWZde115I9eJTs5JAZNUXpBaMNGY5BYjmVBPpZweL12+k8tYfQX8bmjkKEXMFC1cvp1YJ2COCCbx4Z/6ArqTydoh0XAAAgAElEQVSjS0Qtk3Y8s3PTLC31KQpLkGy00Nj1v/lmUCpmo4cQ8FXgRSuNQtAW9uzdxuted4AkofIBQrOctZa8LBHx3Pm6g/zIB76X3/0vfwNaU+QltqNRuiSIZzgo4rY6GRIErROcVxilkVBLwMQxSnu41QejDSazFEURq35UrEhsHz8fwtgtX5YuBqp1rKx5toD+VgddATYJvPbOA/Smemjtom+hYtWjYEALCk9iDG94w410OorB+tZnsjZ7oiyaq7ISBMTR6xiKvGwuhHq8wb+EN4NoFIYgmuBq+Z5WsEg2PjBVNb4cL2fAW8Q5sIsobSjzo4TiGaamBFEpgdBK/tH0ertQ/iqKvEvhNN7H6sEgM9hkBptMkQ8tuQS8DBExld82GoOgCKLIS0UWpijKaYpyBmu2s7oC9933KNu/7w6m0lafgyvpoT/BFYVLz4JMMMEEE0wwwbPAaDOWiW1trT1t8E3WTyRBI5HTNlrjtDE6ylUIVbnppYNic0a4iKArotEohZeA97EGIBIBgJamKkAaiZGRw/XcmSOqZp+pS7prSc1Ibo7ITBnL3NrEOL/0aAU3GvJuQ+KXak9ciPjf2AC1+k5EoQVy8ZjSkaUpRVmA1nTSjGGlBa6qrGBpzPewJa/5rK7MFvPXh7N2nNqBheYsVvurgqoyqasAgFZQxhHF7Na4L1EWolq/EANGkyqADRg19IXNHHUdQquLyrWOjjwhZqhZoyvS21ffSeWsjztn9T1dB3dG3z5/XDhr/+JJ/WdDm9RvyPutZxwLNKiKbK2ft7ZqBpymadQvx4zN+1KO+TnRCgKMGjcL0typVaPgqiJEa9BGNRmjE1xZiOcw6lA77wg+4CVgrKE3PUWWdsiHXQjC2vkVTi2dYeeORWa3z3N29QxBBYbDNbpzU3jv+eP/8Qm++ejjvPnNf4d7Xn8naZLiQ0GtBV3LblhrER1FUFzwPPnkk3zm05/jwQcfjE8EG7OA+4M1CAHxHhWq6hhjYjWaHmUKBwlYHfsHaGNIEttUIEXCLz7LR5JZVw7q+1BV7+vKhIlNMhFEQ0hiw1+XKvIksJ5CYeP8lur9N2053itITI54x8ojhzmZ9JF79pHummd4fsjwvGNweoWp88LZI2cpTq+yUGhm8iHH/vJ+nn7sm6z0hIXONAvZHDO79rNvfgfJNddz7L5vsnpqid4tV+OumWewcwo/m3H1jp3oxRx95DzdY6ssDC3pnKVwObPdDLUwxfkk4ey0Z8fiFKSGJA8EF8hRiGZLiZhXGjZelheURqwwsk4EhSPRAmqZm27fwY/8vXuZX5jj85/9Ch/96BcZDuOcdY+WUULHZpRliULFXmGlayrDVNVTYGFHj6v2zlOEIYkWEpuQ50O0jQHENEkQUZTO8b73vpNPfuwhjh9fo5QBCX0Wd89yxx03sWPnblZW1/nqAw/x9FNHUWoemI7b17qx7QViFUP1QY0sPUAqeZ9A8L6R8qkD7Fpr0iRhMBiQ1vvjaxumel9JLZuz8dkwMpxVS0opyWDvNV1m5xQWAyFWWihdW0EQeyUY9uztMT/fYTAIW0ZzVEOoV591JK1FIM9z5qZM0xaoUlPEe795RReNVuKFxCBI8OCcjYE/TRUU0FXAvx60Y2wHVElgFSWBYT5A3Gms75APTmLUGYQZRKVEyyH6ZEEpRGeITCG6g2iFiEakJAQBiQFfkzhUOQDVB7XCqLdBfcYVgqYMCeh5knQ3Si+SF116YYo/+8TnefMbbqOzaDBGjfZ3ggleBkwCABNMMMEEE1wBeD4SNxdYw2XiiwlsKg9VSsWspLKoSMpW41+loszBc2UWv4S24kYn7oo1Q1uJiIGYEZb7EptYjE0oiwKUwmhdaaND7aIqFR3POjdLbfSznscYnu3USWsexejYj0lVKdVk/m8aQ03+NxubYARpsr9r0lCpUGWjVndY5anWDrjWseGmhICyGq2jszlOZFdVA7VWfXNtbExFbxeTs2FauFAoaTxoobb8Tm8R6BGRJpt9oxbxVuR8vcwmqFHWbvv3JmAgUXptsL7eBADqy/Wi5AleYrTpIagDMYFafzsGiEMTAVIqdtSIQdbn17R8gu88LnR+fAgMy5JhWUaCKcTrf1AMsN2ERFL6K4FSe0gUmbaoQUCpQJal5C5HB8vs7BQPPPBVDn/7Cb75za9zw6Hr2XfNVcxum8Za02SxOufo9/ucPHGaBx54gIcffpg8LzDGULgSbbPqulOxUtEHMpti0wRrLUYEURpTkWFGG4wyeBeJwHYxkaItRsfY9JUC1fp/PaWFSO1Llbkr8RlsBDKp5LqDkBYetTygd7Jg+IVHOfLNw8xfvZvZt9/N/HXbkBmLXx+weuw8K48dZ+VrR1g/fJ4DyQKD1HB+e5dtbzzEzYd2c0atcer0ceTbx1GPP8O50w/QufYG9qVTnF/3LJ08zbFZTylLuOOadH4Kdi+xqDooHG59nW7SIR/2cQwoVnNSm7B3317O75zCSsAXBSoEkiCkoigTja1IxCvvzD039FYmx7PsaG3X1JKI0Z4KuLDO7qsU7//APRy81tDpFXzvu1/LV77yBI9+cynKtVHL8V14M51Oh/X1dQaDYWu+6h0rJTMzGUknQZshShmKIqfXyyi9x7tYTRwQlDj2H5jh4LUzHHnmEQ7dtJe/+8Pv4N7vfyM7FrMod+ehv/ouPvnJ+/jt//ezPHUkUAxLTJKiqCWNtjgGIvgQCD6gK/kwnSSx4e+G92xRFExPTzMYDMcC8fV0LAgdGZfRPpTKRmyT3nEsNhGmZ2y8t1LwRdW3SIV4iJpgQSBJYWraMka8b8IG6TxVn91qPEqaQOYmu6jqXxCnqU2o+kdCZa8HpRClq+kqUKEUPigQi9UJSaZZK85WY6gN/npfHI3VXBnagXifYgok9ClyBbJOYjyq6nhgFBglKAnRTtAB0Y4yeFwBXhROXOMdaDJMNgfFDMpOo7S9YCAsdp/qovQCqAVyl9FfF1BD/vrzf8sH33dPfRVsvYIJJngJMAkATDDBBBNMcFkjSHhJ+t/VFQLhEjTTU/X/REYGb0Uq1MZ6lBmIhKUnkGsIYWO/gJc4K+Q5yOkrHm1SXYExluADgyKnm2UYa/HORS3nSh7AIYipUxeb1TTYTMC3tE23Op4y+q5uHxudhmptTabaxrUrBsCaEpxRBFfXJYwjeKkaN6tn99depfBhXMomHitpggAjne0qR8tEKS5VaTElxlQSUaEh/GO+W6gIcmiaFobaJW+5s2P6yO3vxi+UOlt9TPFD1cuphpCP5HzMwGtfD2Na+I2sFK1lR1tqFhu7sOtsxa0fCPUxtMZQliWdbjdmOTfHt7oHZHSVP3sVw/O/SDeurtEVruRhQoh6yu1jrqpjqHSdPRhJYpGAD2WlHf1ishMneLkxCt7Fqo0Y0IpZslopjDagDRIcw3xI1u1GbW8lYA2mk6JSTTfNmJEu23ftIe1ZllbPMyxKlvsDdu3egffC/fd/mQcf/FumpzvMLcxibczK9yEwHAzpr/VZPr86Ni6UotudQllLkqSkJuX00RNoYmZ/J+ugjUGFgAuCUQYXfLM/oSIAS1eSpFmVOd/qF6TiM+VKCQLUEkBjd3pFBmoTA6xGgQoeipIkKIwHMwx4EfzQka55umfXSY/2UefX2X/LIfa95++wcmCKc9InuIKOnmP+4H78LWus7n+S8kvf5sR9jzGfbuP2974T3nqI0zMFM8axkB8iPbWKfvgE5z7/CM88/jRTyyVT0x32/IN7GVy3gJrNCCt9ziyf49TpU7hBYGewFMbiewnSsYRhQt4/z/pjjzPzzePMvfEWzPkhZXA4PFNak1CRl5fuFFymMI2doiWSzWW5zJ1338lrblwk6ayitDA3v8C9776Nbz3+MYKfITbhFoIa3QEb7wTnHAqFtQbnHFrHZrWlq4P/ScyINzHLP000eZkDUUJUJL7Xs0ShtGfftfDu2UP8Tz/9E1z3mkVElRg1QGFAK+bnNO9/353svfpqfvlX/pBHHhvgvWCMqiyE+L5qEnrqTA8Z2Qfe+2h/WtvYJHE5IYgwGA7ZrJXflvyM71klEhOIZEgI66BKkiTKifngCd5jVY5fX0Nyj1cBhW+CA4oox+SVipI+wVKWNFWmddChbd42yQiVLJGqnnWxoq6sbKJ6idBkwKu6aXiwhJCgVIcgpjqfoXViDbFHRP051j8HSUH1SKZ3ophB6YR0/SjSP0wQR8z6rzL/m7LA8WOlKGKihCoqc8hjbBqXr2y8aB8aFBkSugTdjftgXAzWiI+VKcEQyEC62M4OxJ3GVQlF0lRpAFTNiJWncCVlEGwwOJeCZBglPPjgY9x957UcvGYeeyl71U3wisckADDBBBNMMMFljdpBfrFMdTSqR9nA36mszyZ3X9cEbTsCUNF7ahQACOLwQKGiQR5X0s4WfnEkwJg8R726hjusaOm2JvYV7MXWapr1HjvvYkZPEAZ5TifNSHSCH+Z0kwR0Sr/MKZVUVRejYyTtU7EJNfnJiKAd/2ks77tFl9I+n2OhHqMZAKsScEYjDkyLaI3nMcpFhRDixifSoZsgFSlcX/f1M0CbSpZCK4J4qMi4zCZQSXEhEjN3fRmb5YUAIYDWzTms79sorRUJ8I0l8jVGZIDf9H1NZmutUWE03QQn9Ch7vW6i15YIic+O2oGOzEMkEJsjsfngqJZzfyFmhREZCaCNYZjnpCGgTCRb0iwbY+dr0mJj5uKmjW+xnVE1S00kVg0Em8w+NlVDCNLIE9WEbWwkGRCppFTq+1B81C6uJAtipY1M7pnLGO3rz3vfVL+EECVXjNaYJImZo96zttZnmOfxna+Ffj7g7OoS3gzxOud73vVW9uzbFfX485JhIRSFpygD4gXnc4piwPnl5UjSed/IAAFkWYYxljRN6XQ6TE9N052aJut1KcqSpVPn+K+/+3sMV9cpy5IsabT2CM5H+b4A4jzOBxCFtpa6z0G770+973IZvojVFlnAY7dR9S7SRqOcwvkSQ8BUcntKRapUvEMH6BiNwaK9xhQ5as2TKDiqHIOwzrRbg2QabyylEvpFSVms09nVY+7772bxtptZ0n/MuUePs1oM6XYsZ3oFa8M+HeNJ90/Tu+Ymtr/5VoZ/8Nec+eT9HLxhH+YthzjeGZIET6ISZucXWdi/iH/8GP3jZ8j278ZfvUApge5QuGpuG8unc05+8ev0zvaxSUIy10Mv9AgmHgRd0Z0TVBANolCia3ocLTC/LeWeN9xMkhZoPYjEqmhuvnWeuW0F5844RCyhMsJqe2yrI2utpSgLtNIkiY3PBwzeO06cOMfZc2vMzCVkxqK1gNSSPdK6jhWdDL7ne2/iwL4D7Nw1B+TEgDbEypVI0JtEcc/du/jQj72Bf/Mrf0wxMGhjR6E6qRMEaALsSmusHr0T614fnlomp7p+qoCnbmwXVQWu47sLquOJYBAIQ5Sc58D+Ht/7fW/l0KHr6PYsZ88s84W/+SIPffWz9M89g9WBNNG4srZBBKg19A3ew2AdVpcGlL4bZRGNIc/zUZJKXRxQjctohQslSgKpTciy9rOqlSCDJj7dEpAeVm8jsdtQEgiSgyoZyfYoaBPoAhIUhA7o7djOAQrZhkiHTm8RkwSENVCDxhaLRyfW8daGuzRmmQfxKFUJTOn4/K39M63j+VMqgzANajqOTwUEh9LSNFAWSQghQyfziJ7GhQyRlHigTLU/DpQH5VlbP4ftnwMzT5rNEJxBYTl6ZInPfeZvOfD330Vt7lyCgsoJXgWYBAAmmGCCVxwOHjzI4cOHufbaay/1UDbh8OHDHDx48FIP41WJNonwnd/4aFJv4AVV9Z3RJjqMEtAIomIprK+cZK1a5LNqrePl5gXUyNtSF1M8cZnxFHVT3QbRM8BLYFjkdJIMpRV5WZAmKVmaEsocT0DUKIjwkvjy7RSqenLE9cTvqvGpKoPQV5ISWlUZWWzIVpatyNUJgKphbTomAVRnd8VeGh6pG+5VDqAx0fEuiiJmYUloiPiaaI+naJTtHzbxx9GB3UyEy+i7KjOuPs9bNQBuE93t32uCu5b7ac83Noot1tmWAqrX0ZYUerbgaP2bqaoAjLUxmzLLLri9F4L2Pm+87S60T/Wf1rqpAmhXCMS/GCzTrQdZmqWMIrEveMgTvIzY+lqqrkWlSY1FJQonMcDXH67jg0cpwauAwzH0OS6so1KPmIC2kGUp3akeqBSlUoxNSZIEEU9R5HS7XUJVOSgyukA29ruwNsGmKTrRDIdDnlSHYxPhsqSbZoTgKUuH87ECQAGpTmOGbkX6GWtJqv5GlyPZ/3xQ33tKRdm9OviRKEvXJoi15OLoS6C0gp1OCVYjaYrBYh2YWUfnmh0MV9ZIO5AcPcczf/RXZI9dTXLXfvT2jGskZbbsYkyHU6kh272dG97+Rg4f/3Oe/syXuXXPIjfctoO8M403npNuwLczxzP7F9j+w29EmcBXH3uSGwbrmJ5lZdBn23yX0heIhukb9rJiSpamQeYt/UHOdCdlfm6aRf86hifPs/rNpzC75tn+ttvp7d/JsANeQVISSeZXqgbQ80JsMKtxUYKPKnhEwbaFjAPX7sSYlZZ55JmZmWXfNXs4fXIlFg1UNm+trL4RwQfKsiRJEwDKIsr6GJswKODpI6c4cfIc199wkOAGuOCxW2RzGKMpipy3vvlNlE0vAaos9wr1OxswWeB73nUnv/5bf8axk9X6wkajji2vAaUUwQec92g13nNHgoCuGgLX769WxVHNaUdKfZ2pbsEP/8hb+Il/fC8zc4IxYC0Et4v3vucQJ4+/gxNHDqONpyjLaL+IHlUSqNo0NgwHiuEwB+lUvyo6nU41rhCD6IzG6oPHGktiFSLDKMOkosOysWop2rAZMMNMdz+JnQM9wJXnq2PkQDuCrvqEaN+SOzJonYGeQkI36vVLSpBtpNlOsN8mlNGuGm25zt4Jje0vVSJWk/MgoxAFMGq47EfdwHT1X4PKUFfKoNEIBiUWQg8ns3jlIZlBqymMGASHV+eQ0EfckP7qMTqdKfAzFHmKG/QYupLP//UDfP+9b2LXrrmqd8yr/uExwcuASQBgggkmeMXhgx/8IL/+67/Oz/7sz15WQYDDhw/zG7/xG3zgAx+41EO5YlEWjh3bd7C6utoQPtPT09TZOcYaFncsNvMLwraFbRhzaV53TZZw67v258Y/CJGAMihUiHN4AS8SG01p6jqCxrTdyiy8KNpgK5JuU3KuGpvveeFCBOKz2LHPx8SNmTGt7N8tpjcPaTM9C+AkMHQF3SzFDwvW85xup0MnzRiUOaKiEzKWzF2fwA2H7mL2YURoqvHvFI2jMeoiF0VhYsZSPOebHN/KM44FAAomDU3HICJ0Op14XdSZtK0KHKlI4aj3I1V2sUJJbGYniQEV3T4nHu8dNqTEhPLxLLfRX/u7NpkdWr9EJ7X+vZapaWe6x+/12DrHyIimEmBrcnTz9ltb3/QMUM06L3Qc29uz1kayJUkoK/11rWmeSiN3WlpX7cU9T8bIf7WR8B/NMxYYqYJgNVHbkLO096m6v6BJq/Pexx4GkwDaFQcNJNqQWgtJgi+r6pwQmOp1We6v4kJAadDW4JWwurZOqkx8twaF9pEoK53DGIs21XNCG5IspShca4ujIFPwsXm0tVFmw1obs2SLvNLyr4Jz4sEHfOnwzuO8IMpgkwRtDMYYvPPxGdOSOLriseH5EoLHOYXzmiJ4BIdkmmTbDKEHRSYMdKBQsfIqw9LrdvBBmJrvMSeK9W7G2SefZEBBxw0pBo7B0hmSx5fpnnUY3WPVdplPZ7j5xpv51lcf4Msf+e/03nwdU9fuoDvfZef2WdKZDj4EtvXmMW+8i8dKz9nPfY29d93Erh3z9IcDgtXkzjEwgrlqETfIsas5C2kHVwaO56vsumqand99J3YlJ59NmTu4l/VM40SijFHh0GnyKpbyFuqySYWgVI6xOWkieO+QUqHEs3P3NrK0BHF18jWIJ7WWnTt3olhpclAasroxuuppRZImOOcp8hJjDUEk2m0iJLbD+fPLPPzwEd70loNkaQouj/dnC0oR+3kUJc5F8t+5Eq0UKD2qxpFmJAQc23Z0WNy5wPFTy9W1X2d9j79X6ndVdXTQSqOMwnkH1fMgzke0+VvSZ83y9bICEhzIkKnpkg/9/Tfzj3/6rUxNlZR+ndRaJAhWC9bC9dctcui6RbQSvC8ZeRIGpTUS4r0nWtFfHuCcI0kSXICiKJoKRKgCW6190lrjvMO7AptBlnUrw7WugGjZu2hEUpJkB8bsxpg5lBkwyAESROsoLSg50QKuW0AbQKNVirHTiGQgsdoiKE3QlqBsPCsqkv21ydX4WWM2+8jOFqga+gIqRF8rhKqKg+iTNZlELRupqlAICGhNCAnIDNbshe4iIrMkahatUsDjZImyOI33y7hyyPr6Efo9odu5nqJIsUqzvDTkv330f/BTP/nDpKmd5CVM8LJgEgC4wpCmKUVRkKbppR7KFYuiKEiS5EWvJ0mSybl4EXipzsNW+LEf+zFEhJ//+Z/niSeeeFm28UJw8OBBPvCBD/ChD33oUg/likWSpPzqr/4qw2HV6EvB/NxcnFTwQz/0Q7zhDW9o5hcRtm3bxo7tOy7FcBvKSbU+COMNjWsjU4tUAYCY1RMk6pX7Kju1doLaqpIbITzLj62ZVGt6bLy1oxE/VPM8T0JCMWbwbxrfFrM/H0jbIm5nTLWmL2qM1YB88OROkWYZIc8pyoI0y+iEwMCVkaatSOGxHVEtF69dnfGsg9+w/fqjijlGCl1NVye/2q9AqEqn2wuOpoMP1XHRE29hA7rdGABQ0nL4JBLwdfl//b1CSJIkygI5j1Ix07fOBpPg2azJ21pH2zfcRCq3CfnxddSSPqP5Nv5t2M5W29703fiFoFsO/MZgWR2AaH9WqiYjNq+/rgCI69VR5iTTFfE/HgQY3Rit9TzHvbJxmxsDI5tQ3Yu1tn+zj60s7faxNMagtSbP16Nms0x6AFzu2PR8Vwrx8R7WUitEK1DxWT4sckzwGBXvrf76Gk4UVgxKJSiVIGi8hzTpobTFaEuQKGujjR2FrtpBNFGNLIbWpiLtBXEuylCVJcF7NIpep0sv62KwlNphnRCUqciiEHuG6Pq5H8l/7/3FxsouW0S98NF7OYQomeIMFAZK5WKwJTPkpsRpEKsxxmKx6ELj8xJWBzxx7Dj9lTV2v2YPt73rdSyHAXnXM90xhOkcvW7Jn3iC85++n+GZPou7d2M6HdaDZ00FVs+dRUwfnnbMlkI5DCSmCzO72LPjKu44cCuPfuqvOfX4Ga55y21M7ejRWewx6KWs6oLulGX52BHC8VUWd+8hnZvlZKpZN4bOLdeQfOsIw2KIn05YdgOmmCURHcn/V3X2bksCSXmMWeH22/fx3d99D8GVfPJPP82Th59i7949JEmBECIJqwKIA/H0ur1GOROlqgrZViC3tnmISRBKa8QHghe0MtRhA60TtOrxqU/dx0/99FspdcBKNb7WKdJajZIAVL2swVTPlUYGsmUnS9CEoCgKwSgbx3HhQ0I7DT2IgJIR8V//qhXBe0IVbN/4OIhcdKwUTm3Oa1+7mx/90TcxOwVK5xgtqOCir6AUKtFIGFb7UL/vqsA/CiOxD4LzgcRq+v3V6pjWconjUazoz0RHQqGqygsLQVOWOXleRuEdUZX7YKp3cUwJEMnI0kUCMyi9gLXTGONATSN6Gk8XWCbQR5SrDJIYuDXKYs0UTlIEWyXpOAoRRE0B04CHEIMc40etPpKhsgZGtomEkfWihCYgEk3x2BC4XTUQz2EMSojyKG3wzmLsAp1uQmEULs8IoYOoBPBovYOkcxVWjlP6Z1gfnGJ5pU8nCfRSzVQ2R2Iy/uovP8vttx7iu77r9Re6kiaY4EVhEgC4wjA7O8vZs2fZvn37hHh+ASiKgrNnzzJXEYYvBnNzc5Nz8QLxUp6HC+FDH/rQhGh/BcJayz333B3tQV031oLasNu7dw/7rtnXfCcC2owyhrTSVUn6dxaN0RgklvQGHzNqfPVbEFQQDAbwKHRT8jyWbl6vhhbH/jzJgrqZF3Dh7LQxfrI1U1W+/RxbeH4D+g5gI2nY7iihBEJZ4L2nl3UIwyH52hrdbg+tNYN8GIMxGmDkBAYYOYQvYExBRvqvcZCbV1Q7KbFy4AISVu30Jn35HftLCaU03W5vJAdTZXm1JSpGOvMx8ys64wJS68rHdcXlw1iGblsWBGgCCqOs+nq6TeS3AwFbx8o2yv3U37XP/2YSv76O4nNvvOKAsfnacmgbP28cx8YqA131P6g192t94CxNq52R534mbQg4XAgjTd4L/14TsbWEUb1PQXzMQIxpmnFrlZxTYi3aKIq12AQyVog853AmuETY+Pyu32EqSCWDESXSjFJYk6CAxBoQYZD7SM5rhbYZSlkEi9YpiU3QyuBFoUlQKoWgYn8I/OjNpxQiquofEqLsg9boxGKMbQJKLhRIkmC1RkJAK0ViLEYsOjFYA14pSufJCxebFKuokU9FlNdNfzcfhHosL9thfulQZ2ZXj0dtNTpLyLsGNZeh53qoXkqSZVirCd6hSkF7SPICvexQ5wYUZ5ZYP3eK/Xfdhj64k6Nuld5MRgdHuTrAKMP2228g2XsdJ67ay9JnHmb1G09jOh32veMurvqBN7K8UyHTijDsky0PyB89ydOff4jDX/wCR86U7JvZRZfAiYeeoHjyJP2rZ1ja02XuhmvYvn2B2XSKXd2dHH30MY797ReZ27uTcO1OhjumWJ+fJ9y+j9XHn2AuOLqppaM0+EBuDRohU1tXa74aEKqEF4Pjjtv28XP/4u+RdQuCOG668Yf4jf/nv7B3T4/g17CWRjpH8NStbpUKNCWYqkX+b4D3LpK2xuBDwPUtkvwAACAASURBVDbN4KvsmZDy6CNHuP/+p3jTd12DUQac23Jd7XdhfN/Fd6mutl+H8AUFknDsmcC5MwWEBNA0uvIvBCr2wdFaN8F1bcYrO5UA4jE40qTPvfe+lp07gTDEaoUXQalKqjAAyqMrOR4ldVey0ftSpArYScC7kuGwIPjNx2LDQFEqBkyyrEOer2N1VYlRrseEFS2oDXZPHH8CoYtXKWVF5Ced3SgcqAJhlYGcIBRHYzCIeJ48xOe3ZPFPWQRHQNBmjjS7Dq/mcfkJQnEKwhmg3DRy2TCeLX5sfRBUCLEvU6jTr9T4HLXppTJMsoBSXYLTuJAgYmIQSxdoSdCqE+VeVWBQrFHky6ysPo4mJ0tfg0miPfLxj/0Jt9xyiIXtsxc4/hNM8MIxCQBcYZifnwfg+PHjTfbVBBePJEmYm5trjuOLweRcvHC8lOdhglc+RpqYkCQ25pC0SfwmG7smvsYJNmnKkKsM0UucXhelAcbdGKVihrmpUlmDGhW/jnSsY7ZO3dRWqsbAYzGQmJrznGPYIid3HGMxh9aHZ5HZaS+snscxHlP5HnM2Lma6Nc6Lyv5Xm/nEKtvHB0dBTppYggh5UZBkKZ20Q+4KCLGh5Nj2W4dmLE+7IXfHJYraqIn/cYmW2u0NSOV0BppigDrpaoujWzu6XMzpf3VAooNqTIL3UQ88SPxXKi34RAsGj6nuPyQ2GI3H3BN8GYOGEqJTrgy64fNH8jZtaaGgRk2BR8GZ0Jw4kRj1W9yxnQMH9vOVrzxACK5qVmy5/bbbeeaZI5w9ew5rotSOtbHZ7q5du7nlllu4774vMhhEJ1tbzS233sq5M2d56sjTGK1jRrKSOHat+b7vu5cyL+l2uwzznNOnT/PII48wLPKmkTBVlYOxljzPmepm3H3XXUzPzKCAsiw5dvw433rsMSASrEWeY23CMAQUAe883V4PVzpee8cdFEXB17/+dUSiPJtzkVUwxjBeWbSB4N0wFaRusNy6/tXocWesJgSPNlCURRXU0fF9EFRMEmUUjBGk0VyWALFB5Sgj8JL1iplgS7SlcZpAjwKbWkSB18LQlSijECWUwwGld+RlzmDYBxGmeh0ya7AqBvIcgBeUjtdCag2JNVibEJTgxCG+rLarKsmfJGYpo9A6AQwSFKUIWgtlCChtUCbBu4ARjVSa1Fo0ohTBC845QFWZyrGJZkJsBGmNBTRBE7NmVU34cVk922Mj40gklhpEC7ap/onyWgmBYcdzembA7FSHnW+/kez118CuGXwCLK+T+BKlwfuADD0yDIRhoBwWmOBIgkPjSCSwPeuSqAQdElKVka449HKf9TNrTGdT7L7uBr712Bk6B/ew731v49xuzbqsQQiYjkVns3Rm57jzlhs5+Sdf5uk//ltWTp1jzZTsvPUg+7/7Dtavm+fsVGDgCla+dZQTh09yaGoXu1yXw2uOo8dPcH54jmTHLOnuPVy9sJ0zvZOcWxuwXTKS87G56GAevApk9gpPEGvsz/rzxpisNA/kUZhbYma7AicDpmYLfuofvYuF2SEurCHiuXpvlx987z2sDc8gLkebjLrJryBgA5AzqiDTI6Z1bHhx+1prgsT7SasROV0HC4NKGKxP8ZHf/SvuvvsfkVlDTSy393V0k0VSvA4OR0JdYgY9Gm1SSg95YfiLP/sS588vE2S6GufoGVXHLYT4To5m2ujl1dh/YVQFOGpaLyhtNht8UvsMMQD/muuvI000VluCE2TDfqn6OG06fKrZnnceowxD5zl//nz0lS5gT4ZK4ixJMpxzDNbXSVKDK3OSjsYmScsXGV+BiEJ0TilLBOUISiNYjE0q78YhqoMph6DOE1gHKWNwQjI0M4ieik2hcYhyOBGCmUalV5Ek25FkGxTzhJU1tgoAVEd2dDCr8xHzElo11koQVSBqHVSOwsTnXnOt176lQkSjSdGiQUyVUKIqXy2uN6h4bWiZITV7ELVOOXySIltnMDzK8pohy+awxnP0+FE+/ZnP8IPvezdCrNDQE7tkgpcIkwDAFYj5+fkJcXqZYHIuJpjg5cdwOOTRRx/l/PJ56iad3oeRYR+kcSCD9022TOMYVOWrSZLw9NNPf8cDdmNJ9oqq6WidjTOaR1GRwlXqf538Gp2aivxS0eisl29RVu1NbIJiRGqN5Sa1tTmDtL5Wo59aHXBlwzJbItQhiotETMMejWPTyMeno/l94ayki9qkNGZ/dQ7iAS6LEm0hTVKKsiTkBVmWolTGwOVVyfbW62z7pqPzc5GoHN9GkqbKNK0/xiOqmvGOqkOqxVuBr1cv2s5mfVeoUXM9o2NWr4k3lvcBg6ClemaIA6qMcmsIJfgyJ8lSnKoa/aqolauD4EVHqaBasJfQVIUIKgYaQiT/al/YWkPwsTno9ddfx8/8zE/zP//Tf8ZgGMn6NEn4hz/xE3z84x/nU5/6FMO1NWwaM5Vd6cjSlP/1X/5LfvM3f5OP/dF/I00Srt67l3/2T36GX/vVXwPv0DqJgQ4RkswyPzfHL/7CL/DV+7/C0tJ5Zmdn2bd/P489/i3+j3//71k6v4yuyHljkqbvxOL2bfyrX/x5HnjgocrZT7j5llv46Ec/ykc+8pGYOa0UwZV0Uks+WGdmZpbB2ho33nADv/Dz/xszs7P86I/8KCsrKwQnWBuDMSKyofhow11fBWSaAgBRUZO3ImiaKiYNzpd0dBdXkbXnls4RJGCURsTEZbWGSvZA8PiyKvdXmsI7QD8/CbEJLgnq/hNNFY4Gj8cpYYDDaIN3rsmkN0rR6WZ4V+JDjusP6c1MIeLQ2iDG4oHpTorV8Z0XxOMlSgBFHXBFmqaIKJzzOB9I0zQ+C0QTqrakIhqlk1iJYBLEg8agg8ZoEwMDKIpQ4H0gSZOY5RsgUQlWJSOCqZbq0NUzTVo86OV0ibp4L7qqYacWQYtqbBaCZzkZsPaaLlffdgO977mB1T2dGNg428ecXaMXFJJlOKuwNiOZMTCvyLUgyxl2OnB26QwLWkiM5fxwyLB0DE4ukT9yHPPMCrKaMwiBHWuGYpiTTaWUScmqCnRUfJ4UIqz4kmFHszg7w8633clM0eOZTz9AbyFl//vfjrtpgRPTA1wKU2GGHVMzDHrzLD/4NEtPnKN39TZuevfdHHerqLKk/9QJzhfLyErO2SNneM3AoztR0skA4ZXSk6eyLyJJXcnp1VGpJgGiTq6oI1axt04Ia+zdN8fV12SIP4tVKurbS5/X3bGfM2enscqQVA3lRznjnn5/mZalxkjGZfx9UVeCGWMoiyIuHQJpkhCCq14kKYm9is9/9gmOHR1y/b4YmBl7D9WJFtW3sblrQCkdR6UE8DgPaEvuNV976AR/8Ad/xdraKlknA2yLRJYmOWkksxd7iPgQpb5q+Z9a77+2hRUxiBZtk82nROko+1jkGmN6CJqi9JWxqJsdU2rUPazZyea5UlmVIQZOotS95vzSeZLEXqhAAhDSNKXf72NtUiUpxSB/URYxAIOM+xHtg6z6lP4EXjli3WXd/BxiGpTHJrNkySzr5QpIURHqHYyZipr64kF7RAWCWLx08BrKsiAoBUkA3UOFfrXd0Njk49ZHXcvRNqrjtSYE0DnoPoo1kOl4XUhsad2c4vq6DxrxGiUlClddMy2bvVp/kITg50jMXlxYQdwK3vdZGxxjZW3AzNQ0zns++Wd/xpu+6x4Wd+4gBInV7BNM8BJgEgCYYIIJJpjgMkbgzJnTvOOd74iGltYViRaaUvl62jf63C0yWQRjLHUjOqUU5lI6ZRLwIcQx14QuFbkbwFQGuVT530qr9u5svcrW7xdjHl4oiyS0lX6qDOf4oWW5XgSis3TxeLlp63Zgo40NeUnN/wdFTgieLMtwrmRY5HTSjCxJkbLAVwEnxhyGFz3KUfabkias04xULiKc8KoPAGzEc1+FqvUXCeG4TJJmuEHMVJTgY4NQwDkXr2+l0BVT3gRlqjVueRaqoQyHAyQEOp0OiphE0O/3MdbinMcXBbOzseS72+1S2vjsqhsSHjlyhN///d/nH/z4j/OlL/4NKysrvP/9H+SJw0/y+OPfJhKR1RNFacrCYW1Kkmb85//8n3jwwYfQWnPohhv4t//u3/G/f/jD/OK/+iVc8PiyJEkyhvmQbqdTNThN+K3f+i2efPJJZmdnuemmm/jwhz/MX/z5n3Ps2LF4rKzFB48rfXzGAjfeeCNPPHGY1915J+985zv5+Mc/zmAwYCrrjDXqbTdTHG/qK2P3VsxejIHTmoRqiKBKo1jpmCW+tHQOpdNquSq+KL7ZRnAeElUFgTxra2uvjMarr0KE0lWSFhprkqib7WJj5yKPVTWZsqjUIOJw1pNmXdb6A9bWBszOZyiB5XPLTHWn2bZ9Gk/kx8oQsGkHX5ZobSkLj1aW2ekOZRmzZbWyUWtcx94tIRSIDxTrOVYnSOHRqYnkTSzxQ6KQNSYxUQqi1i6nasvZyFrFF3LTOPRylKkyVb8EpTAS0D6OP6iAMQmlzikWe1z9PXdx1WvvwC1YrMsryUOFJBaXJviZLkUvpUgThtXz1SUKzQ72JrehHj2OPH2aI9/8Bvd/+xHs4gI79l7F7O55phfm6RaK04efZvXsaUKREx5/mnNf/ia7/3/23izYsuus8/ytYQ9nuFNOSs2TLUsekDxgyzbgNm3CbUMV0HQRBRHd0a6Gfuh66CKguqodEDxUNQ90dfHSID/ZVBlcLmgMdlC4cHgQMrZlSbYlWfOUgzJvKjNv5h3POXtYa339sPbe59ybmZIsbJTC56+4ynPPPWfvvfb4re/7f///T92OWras1VtUAoeGK0yKmvNPH0MeX2e5l7P/0EHWy22UNgyXV8gRKlezVUxY25eSvfN6hof2Ef7yO4zFMbzqILUYLDDoJbzw8HOEs+vIMycZ/XdnOXDtfpw4RlZIL7sD9oPG7vEGiZHstdddjSFq1gfvcU0svjDsszAcUFU1oarRapqOrWrh5InTUXZFmRmSSPu03g1tNHVVoU30kgjeN502oesYTpOc0Sjw5S8/wI3/43t5OTMBpdruMICoN69sgkfz/PObfOxjn+XEiXMMB8t4mUoGAl1iPIbQbaUkPq9iUVGiwe4eSb7Z52M7H2iXRzv6ENn0RjTPHj3OrT9yPYai2U0KJbGYEIQmGU9XyKHroJ4prjTPVO8D29s7jb/JxUNcYyxVVWKMaQzQNVrTyQbFA6JAS9yOmaWIktjhrAJaWjLP7HljQOVYu0CSLsIoA6lAom9IkjiUqdDeI5JggsG4BBPABkfwdVPsrxtKxszxeEUBe0AoiNJEM+QxmS1IKdqujynZalqoaqN31W2PRsSSmEWCGzAZncWYijRPKcuMXp7QzzKOHj3KZz/7Wf6XX/1V7Fzec47vI+YFgDnmmGOOOS5jaLI0a1glUebBOek0MpWOury07KQ24JpJLnWJf2MaRv2rmOwJgaqqqKqKrHkrpi8UWukYTHuHSKD2NUElXcgqXcJ5d/Ls4qnsPVAv+utL4+Jzrovi1UxDvxIWfJeCVA07S0HpPXhHkqYE5yiqijRJGGR9iqqMrGEz4yXwCmLzXTJBze8igidENmkrEUSUrklMNtUC6tC2qYfYeTHPY75stIzaTl6jnccBeZ4z2QIXBN+02ccEn0NCEifsOvZ5RMTE10tNMJM0RQN1VSEiDIdD3vve91LVddczMhwOSZKEsixxzpFlGVubmywuLVEUBZ/85Ce57dZb+dmf/VkefPBB7rjjDn7nd36HyWRCnuddh1OSJNR1TVVVBO+jUW+egcATTzzBv//3/w//97/7d9x444089fTTJGnaSCbE+6z3nl4v6+QANtbXefzxxxERlpeXWV1d7djY1lqKYsJ4PObAgYN86EMf4j//6Z9y7ze/yc/+45/j7rvvxnsft6XpJvB+mi14set2199kOqnurlwdOyeQ6BEzmRQsLvXxYVogaCfqIjTrbRiH3rO1vjkvALwmoQg+3gG9C1hjEQxJaqP+vleoSlBeSBJNmg1wScrm+jaf+dPPYvOMQ1dcwaA/5MpDhxkOF1haWUH1etz+zneANVgFVuLyWzLB0089zXhcYFSUJHF1LOiDsDXaoJqMOXnsJK6qyU28V4TmHu4DuFDHglnTeeKDkCjBEGOU1CYYo3d79VyOaPJfEgndmJYJG6Lmf0VA9ROGt92AjEvWBgotFT1lkeAolKCXB1R5gu+n1InBa4XVihRN6hVu23H29Am4/1nOPPQkO+WIt7333Rx82y3YK1cIucaJwwTF/rM7cGzCzkMnef6+7/DkX/4NvUcfZeXmw8iN+ziVFBxRwnhS4k6tc+jICDlVUq4X6M0xkz/7Ejes3cE1t11FPbCMdEZpErxWHL7xarbedJb1bz3CzuNHSG9d5gwT0iv7HF58C1XIefye+xmdPQ8WCqtJEZJX+RBdDhARDh08GF8T79eJ1gTxTIoJwYM1hqIssJlG6ZignowDZ06PgBUQM5O0nqatp1B450mSJHbphGjI3T6hgyi0BNY3Nsn7Pb5531P8/IffxpX747dDCDMeMtMlt93GAMoafAAh5dy68J3vPMvHPvYFHn74OM7nkfltNK28Twi+IXS0ifzpthKgdCVTc/vQ+RGJp7ln0EiOhV2dae3z0IWAQlMF4Utf+Qbveu+VHNyXkiSe4KYFA9VJEjZ7rpUh6uLLKSNeNwWHrZ0xXhR7+/TaZdZ1vHeladIUJuPnjE7w4nY921EB713TKTmtKHjvqN3Fu7EVBqUsRqVANFkOQUh0QMIWhDWMSlGkKJWDyshkQs0YkU1UWMe7c7FwMHPOXBxqz7/TL3QduaHAyzZIiu5Sp5cwUBPpCjq7Cj/dWiR2eUkCIUXRw9WKsiiRuqaua1xdI3nK4uIif/aZP+fHfuLHufWWW7D2H0hH0RyvOuYFgDnmmGOOOS5bKKWo6hjERQO+mCTt2HGhNancqyetLho07132pf72A0GcieCdo5oUZEzZLyIKowyJiawY8VC6Gp+AKE3rbzBlQbXMoN24cGI0fb/9g3qZw52dINBMatTLyJO9dBr0lWO2e0HtYcRciun/8tCwkLRCN6SeOnhcFWJCRhtc7ennCTbrMyonlD4aOQcVZlWSXjZ2HStp/SvojGrbDpH275m14GWmQ2CWMdZ+L3BpZ+c59uLCqZ/gRciybPpOc91NzYL9zD2jPQ6yZzkXh4QoRWSsJUkSFhcX+ZVf+RWGCwvoplPppptuIoRAURRkWRYT8f0+dV2TJAnGGP7kT/6Ef/V//Et+6Zd+iY9//OM88cQTTZdTTGS0HQNax6Ki0OqOQ1XXDAYD7rv/fgbDISsrKwQJZGnGpKwjo9/FSbxznquvvhrvPUtLS/zCL/wCGxsbnDt3LhYxs4zt7W0WFxfo9Xo457njjjuw1vLwww+xubXF//AL/4RbbrmF+++/P0qraH1B8n/vfutYzzO/72JBqrDrM0ppRuMxSZpG+ZW2UCChu2d2Hg1NQkUpBT6wtb3FvHvmtQclYLRGa4N3Hi3RvNvYhJ2NLawypNkQaRihyivyhR7KJIwmE0abE8bnRlhreVY/jTKGoDXpyiLX33Ir+w8fpC7G9JOUoDzWpoxHY+65+x6eeOxJWkPNSEiIJIT4RPa4siK1KYlNqZwjT1Oq4HASDU21JsYsGnbpnkN3O4kyGopOIu8yPEUlNqdhiEbMbZeC0jHp6DNDvZgxVjV537CkLNoFJuOSUgK9fQN0v494RxaifFASLMmkRs7uICd3qJ46Q3j0efy5Mbe9960s/dg7KfZbNgZQ9AWfpljvWF5cZOnKqzl44CqWVvZTPfokT33zfp7/1mNc9dN3csXbrie94YqYWHuzZuGMozxfcvqZF9i+9zHqo2c4duyL2KtWmBzI2e4H7IEBtfWcXV5g32DAcJixes8DLOy7k+VrBxzZOoPqLbPy5qtJTx7HVh6pAz6DjNB0AFwqKvuHjEArXAjsisXb5HjoCBBRridJLO1VIKI4c2abnZ2AkhxF7JQR3TLgZ7tMY+zmfSz0GtOSY2L8pHUSi3Uocm2pqpqnnjzNsaOnuXLlQBPzTQkXs9eZ0hqroqdOHQw+aO7/1gn++I//hnvvfZ4TqyVZum8qdSOa4KN2vlIqyn1K28nT7Ifm0aRUNIeNsj+BENrn93RkewvTu+Y6CkQ0HsvX732cP/nTr/Krv/JTcby6QkKYiR8j816149vTTDEdcuwc3NkevShRSqmYiPY+rsOHgDHRkwANWltm4yLnZmOmeMzr2lGV1QxjfvZ4Ct7XlOUYpQSCQ4kjSKAqz0FZE4zCS4pIH0WO1COkGmHCGFeewxengGqGLDWdO124E6b/Kui8ttoZUKBEwjh6PKgZj4CLYBoJxnHslRWMXhAaJQqRBF8neFG4uqYsSlwV/02zhF6egdJ86lOf4rd+8zfnBYA5vm+YFwDmmGOOOeZ4TUApjWkmlkEaWQ6tYyu5SBfkeX9x4cpXXSO9iTmjEfEUXXuoBuUDRoMKMRHZpr0ECGom/08j49ks9x/i9FKzu1gRJwozv3+fOxJ2MflV3N/ex0Rqv98nUZpqXJD2ewzzPjIeUYeAmJkFfJ8OhFzwW5Miktg+PUtX7+SaxINyQPoP84T4PkIRmmrW7kRFTKILSZI2E8fGeDtECTGtbWTH1zXSGOzqhq3XMetetMNIKIoidnqEwNGjR/mN3/gNTp16Ae89g4UFfu/3fo80TRkOh0wmE7SOcgGT8Zj+YMDm+fM89thjHDlyhMXFRT796U+TpikHDhzg2LFj9Pv9qIVcR038VnO/N+hT1TUoxcbWJnfeeSfj0ZgzZ86glaKuHYkxIILRmjzPSVPDH/zBH9Dr9di/f5mzZ8/z67/+66ytrWGM6YoARVFQFAVLS4v81m/9FhsbG/ziL/4iSZpSVRUf/vCHeeihhxgXJdZGY+NLFWhftBtgtgjQvtdIqm1ubpImKYPBgNo5jE67AsCsMpxIwLQJHxHGo3F7UszxGoICEpuS2xwt2yCKsiqxeFJrSbUis5ZEK3xdUpQTTp86R9JLyUnp5zneC5lKCGXAEaWhis0JSjRKDDbJaUvaujH8HY8KNs9vYrQhsSlaa4zSWG0IzmFtgtaQDLMo+aUCyipC6fHBYbQmTdo7uDSeG41fSGg6GYN0TFK9N091uUGmHkZidSySIhgMIXhq50iMZWhSFj2MVlcpRjvYgyvUKMpyzDIpy95i6kA9GVGe30Kd3GBxw5O5hLXCIfmAfddci15ewQ+FxNboqqI3CeQ7juT0NuvPPsup+55l8cnT9HdKEgcHb7mBm+78UbjlINUgYbsqKFPB3GBR16Tc/PY3oX7ivdR/8XWOf+5uRvcdY7Js4HX7SLMMlQfOrh9lI4F9LuH8sydZ+mvhhg+9m8FVV7Be1oSVAYs3XsmCTnCTmnFf8MFhk+xlycz8w4HsYol479FKsbOz04VHoatltffwNlHctI8AiOb551/AVQbvARM/03rHfG+9MWYaNxqNtjmrqy9w3/0P8d+852dwdR3l/YJvClptIrjx4UAYFTWrqzv88af/ls/++bfY2MypfE4v7xGIMjuxK1kR8DBDUrroXmqu7SBCcK7bZ0q9NHmj7Q6I3Q2CkLAzTvhPn/4qvd4C//Sf3MlS3zS+YbuJQ34PUUE1/zOdTI/gXWBSlCBR474l1lzKH6d7EouQ93LGRclkUjBbAJiuMMSCZ1eJmKk+dBJnAaUKKrfFuFgHVTY/NUoSREaIqpiUGwQMhAwJgclkTDEuMFrhJudAdlCqQlrXs5fd+a2IrU3TEWocXk3QqiboLBozh5nxXXJRcbwtIj2n9Y4xKBJELCGA9zVFOaaqepSlIS8TUmNZGi7y8MPf5ejRo9x66xt2z3su12fCHJc95gWAOeaYY445LlvMyqQMBn3e9ra3c9ttt3LFFVdw4MCBaKAlwtraOU6unuTBBx/kwQcfxLmaEHYnlXbL5vw9joFZpjeIi9qkXglWaZQIKgipDyyJYtEpRhKolVApwRETBVYpZpuUp9OnaSfApfT9Xyvmlpfaytn9d8nvyp4/v4Ihd+dH812TWILAqJiwkPbQacKkmGCtZZj1qFzNOFRoEydXvmu5ni7j5W+GoEUIGkQrvHgMkAYhE49pWNNCZJFGSWkVvxMCEqLJaStlNEfEtB172tEiUQumYXtJxwCXZhJqkwSlDb6uEFSUxgGQmFCvXYUxacfOVTSLaCaZe+8zs/q/WZZFmR6JRnobGxv0+j2UjiaGvV6PoiioqqrTAh/t7NAfDCiKgpUDB9je3ubkyVUOHjxEVVWI0BQElijLsvmeoqpqQKG1Ic0yFhcXWVxc4rrrr+N/++f/nC995UucPHkSUHjnSNO8MR5U1FVFXXv+9b/+Vzz33HPcfvvtfPSjH6WqKiaTCUtLS+zsRIO9sqwYDAZ84AMfQCnF5z//eUaTMTZJ+Pa3v8373/9+rrjiCp565tmObbnLA+Air2fv2UI0xUZi8bf9HEinn15Xjl7ej/vXFbQJIyTKq7XM01jSaRjLSiO+8XGYXzOXPXadG1qRWIu1Jkp/VB6NopwULA4H5NqSJ5YUoUZDHVjuLRJMlLAIQTA+MMx7LCwMqRFGwbHpSkLpsMqi8bEjDBW7dxpWvjGGNE0xyhCcb3ymDWma4aoKJVA7R+0c/UFOHWqq4CJTVhtSbXEh+lFoDEaBUYpEGzJjsTSygDNn5Wy69HKByLTfLKhYnguauG8JpE7IJo7xmXXObZzi7HMncWfPMzi0jwODRdAWrQS7U8FWTVVUjF1JUUwY5AY/EJS1lDcscObEKU7f/WUOnjnG/huvoZ9Y1M6Een2T4yee58QLq5RYxlsl+1xgyQS2E8cVy4vYxRVqm7Pla8Rm9JUiHwXcs6c48a2/JT2yzmCtYmW4hFroc+1PjyZK4AAAIABJREFUvJmV97+F7SstVVJSjNbx65sUq5vIwoC1547DX3+NW3/6fWwOBUlTFg7tI19ZJNjoB2GoG0PnV/MI/X1ipsraZCklBLTtce5sRSl9ghph8Ag1qIASgzQlElExdlFKQUg4fmyD2qUECShpk7jMUrNffGuCNEzzVmbGI6KxRqFY4Gtfe4qtjxgW+ooQarQRKvF4LFrluMpQjxWnVjf48z//Gl/+8sMcO14wHvcI9KmDQnyNMZoYiQneNZ5jCpz3tCQNmD0PVFeYtsbgvW+UHdtuiUuPadaOSxGLFVoM3vU4f67irt//Avd+/Qk+8L63cPONh9l/YIX9Bxbo5Yo0F7SRRjLVYUxAJMaM1mp88GidMh55dsbgXBKLIS3XZBrC7PE0iF0DPsTOHm1M7KBsOvTaTr0QtY1AAkJFYEII68AYHWyziyqELcpqlbJ6AdQmEkpEh1hIlXjeBCYkSQ2hAl1RlCWETbwbUflAkBLwLTuGPW0O7d576ZOISBgIocRTRuKIWJDk4qdg18bbrheEuI9FFCgLYkA0QgVqRFBbhDDCe4drYqter09dlUiW0x8MmJQT7r3vPm666SayJJleB3PM8QoxLwDMMcccc8xxWcMaQ3/Q5zd+/V/yP3/kf2J5aR9ZlmGsju2yoiirirquOXLkCHfddRd/+Id/GNt26xkNyF360X9/0VMXqzWrrr2j9A4vmqAiYy4AiReWRLMscA6oCBTKUzXtznqmnXR269t24xaXSvZPW5x/sEWQv0uxoW29veD9mZ/Z92YxGxOHS3zuJUcuDWGn+Zk1Kd0qx2Q2JU2iYStB6NsUqwwb5ShO+nVkg+2a972s3S1dK7So+JvzgQTIBfqAVQ1jVAmaQGyLj+d/lMdyCGE+L9iDaGY3ZfgDBO/xjSSOECLjV0fGv1JRq18Ziy+ivJPygV6eU5YVSiuccxidNMzdEJPKrRdJ143UTn6lKRDE91r5G5skbG1t0e/32djcxNiEwWDAzs5Oo6lf0Ov1EBGyPCbmjTGUZUmapp1HQAjRNDTPe3G7TByvc43R4sICSZLw27/924zHBRD9Ae752t/yiU98gqqK90hrTByLUiiBLMs4d+48q6urnDlzhnvuuYeDBw/yy7/8yzz77LOcP3+eJIkq19tbmywtLfG+972Pj3/843zyk58kzbJooJ31WF5e5iMf+Qgf/c3f6roTrLUXFGVb2aLQ+LnMSi1F6YP4r1Ix0RIC0YS1udiSNGMyKdFKIxJisqJl6gmdVIuE5nrTrXHftJAzx+WJXQUhEbSOxbHgfUykaU+apZSTCUZbkjTFGk2oakSENElYSPqMizG1C4TGX6Of5eRpxmK/T1oXlNsbUHlCWaFNPCO0Nnjv4r2kWa+1FiXgWoNpIE1SXFmT5zkBT+VLJnURr3lRGK0xxHNSBQU2IUkSrLIo0VFH3wcSbSI5gOZxrXnxzOCrBKXoHrZeQa1iussqTSIglVCf3eD0w08y2PBcXYAeadR2wK9tMckVtVXoSuE3ixgLLWbolRV0ktG3OcrBle+4luHqOsXqec49eZIz33gUc25Edn4cE2eHFrjhA+9g/1tuRnopWgRTBvzZ85w8eoTVp5/h0OANrFyxRL054tzDT3HykWOU3z2Ce+YUw8JwtvRMMsP5/TmvO5QxvH6Fc/0J26omGS5w8OASveuEfW95I8v3P8ZT997H8W88yP4P3kmNwiwOKJcyeqmmrzSZSiK54/I7bD84dAnXaQSmyDj63Do7ZcKwl+HcBqmpYgwTLNJ09aKawq4Y6lJz9MhZIEdUIOBAdLzXMzWRvxRCEKy1eO92ScAYEyPp4FOefOI8Dz28xo/esR+lPV6XeJsQyBEMz58s+KvPfYvPfOZejh/fxvs+Su/Hi+AkFixE2yhr1xAyol59LIahdvd+tNurlQITC+5aKbQxhLqV9XmpxHT8e+Trq+bzCoVBQspoFLj36+d48IGvsLCQsLigOXRoyP6DPQ4dGnLzzddx3XXXcM01+ziw36JNfJZ6sWhjGdeKUQ3bY40PaRPHtjFwU+qThoQyUxjQDenFe0/SZha73HuUrYxyRvHNWAAa4fwZtGxgsCgUgW2cX6WqjhLYxiY1lXPNJEeDit+V4CA0MoAEMqsYGwFV4UMZ1zNzc1KK6NHbnZbfG40+nn91XIAkICngLjhW0/x/EweGZl1NcZRW+1/5OH45jfMnEdnC+Yqq0lRlgasKfJ3iqhKXpCiT89WvPcCHPviPOHxgeZ78n+PvjHkBYI455phjjssaQQI/93M/z7/4F/87w4VBJM80saj3UZojy6LZ3m233sbv/u7v8tRTT/H1r3/91d3wvVCA0Tgis7/SkGjVJaMMCovHEhO/TqIsgdOKpGkjlWkuK7YAN8m6S02I2hhctUntSyTYLxeImobUs8WAllu2SwJoz0AuNW36fpU7PMKkLiHJyLOUuihRjigp4RIKX6NQuKag81JEtdmEluqmWXFiV4VAFRwZ0DPREDFPErSvO+1cQeEUOCX44CObS8WGZ31ZH+W/X+zVTe10dDvNblAqNtRHs3BNkiRoE78XGi3d5eVlXnjhNKlOwIfGMLfZzzO6vZrQtOhf5BgI+ODJ85x7v/ENjh07SlEULCwsUtU1a2tr/P7v/z7nzp0jy7LY7n8Rg9oQAp/73Oe45557GuZ+lNqJyfNoypsk0UDw6aef5iP/7J+hjKIoSoqiYDwes7q6ysLCwsx52Gwg4INw5MgR/s2/+bccP368MxT+1Kc+xcMPP4yIdEa+dV2zuLREVVXcddddPPvscwyHQ1wI3Rjuuusu9u3bR6/XoyzLbtu6QkmYKZg0aMe+2+x8KtnUFnSttc2xEoIPbG1uMlxcQtMk+1F437LHW0mkaadGaAoLc1bdawuKKNHmfIULNXXT9ecQzm1tsKM0qQITBNMUjSopCOLo9TOctxhj2Jpsk+YZdTmidDVVXZIlhqWFIWU5pq4KenkP0dGo0yYaj6fyVbwPiI8dKi4wHo0Y9gYoa6jrisI7jFXUwZGZlASD9gqcYEUTlOBDhTWgRBNcwPZ6sQtAm66wcFmy/6F7yKnmEnJNAUB5jxYLaA7vO8iNdyzQ34ET3/gWW/UWmdXkWUrQFqMgiEPyhGSYoQ4sEvYN8IllezTBWE21tB99+7VcXaVcd2QL9+1jjB54mu1Hj/HM6nEO3H4bV//TD2KWLCY1bCfCeDzhQHYr/ScP88x93+XEnx9nubAsb9SUz5xgbfM8m4zZ98YrWb79drRJGG1sM376CEe/8zDD5R5X33ETk8WMs+WEc5SEJEEGioUffxNX9YQHv/hV7jx4EPu6a5ks99npGfZrTS5NxvEHy7W4PNHxTARtYlH19Ok1jhw5wRtv7ZFbC3gQF1n/qIZF7okJdM1oVLG6egal+ygRAtHwtuvyfIkLwRhNVVWkaYpzrokV2wA4gGjOb1T84X/4DG+943+lnyWkNmHbJZw94/nG149w1//7Hzn63BauXMTYFWySU7om/mpIN3HzG1JB2/wwG2zPnAAd+WCGEFDVNWmafk+kmU4mSCR2LzZsk8bxgLryVKVjZ6fk9JnA0SMjoCaEGuQbaO1JUrjl9ddz6y038rpbruX1t1zPoSt65APFTimMx1DXgk1fYl93XQEzbQkXGYvppI1aNn5Aq4BWWyi1hjbxme7rDSaTkxhToZv76mwk5duZjwTEh84HTGaXjcz4g81KKslMu1K7sXsGcgloaeJq5TGqjh4IF2X2NOdX14VriB0DCpSPu0ZPUFQo1imr5wnuBZCdeD5UBZMioSh69LOUylkSn5L3DnPkyA6PPn6GK963fFk9B+Z4bWJeAJhjjjnmmOOyxtLSMh/84Afp9fudlvP29ojNjc0uhltZWcFai0k0qlL8zE//DPfee++rut270UwKjGYUHCKBIYqeMgg6tvsHIQUswlLeo6pKHEKtFWlQBHQ0CKZR/2z0UGOAPBsIt9jLcpGLvN/+7UK8mFzSi01Yvl8ySzK7yS8n4r3UNr3C7WnlYGZXHhQUrgIRsjTB+4CbTBj2eqSSMakKIOAVBKRpl97NPp/t4w4dWzygAyAKpwy1QOU9faVYzDPM2Mccs5oyoyvxjNFUoiMXqd3MeSJzF6xNkJlJtyIm0H2I/g7T8kB7nIgJdJtQ2SS2biOkSdro+sai4yzbHplO/LXSjTn5RTamOS5lWYKCo0ePEuooDaK0wVrLM888A9Al8y8GrQ2rq6dYXT1FkmZ430ygfcAaS127LrGfphkPPfgQAY9NErQ2FEVBnudsb++QtPunzY+ouG6j4Tvf+Q6mkSnQWmOM4ZFHHkEpRV3X9Hq9pgtAKIoJJ06coKoqxuMx2hpsUzjY3Nxk9cQJ8uHCLjmmi8myddfd3uRCx/6Ppo3t+8YYRARXB+gRZY8a6Q3d5eBi5kgrRfBRfkk1jH8lr/gWMcergE7SS8fEsfOOEByeGhcE0UJRVqgkIU1zMqtRtaeqC2yWsrW9Q10XjMuCLO9htGGyHtn9NstJewku1Ix2tsjyBKejr1AQj7EG5x2iwYeYDBQFyggSHEprSl+ys71DFQqwMKkmZEkGIbKEM53GbhsHpfd48VgREm3Q1tBLUnppRm4TTHOeh471e3nd2j00cjdEtjtN2qthHYgSVC8Brzlx9DnODTUH3vBmVq67imRlSOgljMsJ43pEdnBIf2WBKtOMCEzchN5SxqiYkIxKejsV1XOruMfPwjPr6NMFS2bAQtrnqsNXYQc9KlWx5bcoejkmVRTOc/2V13LDW4b4B57lmQe+yaknVym2Riy/6Xre8o8+yOKdN1Fctw+vFINJ4PD5HU4de55njhwj/NnjXHvwEEtXHaC8foWwnEMvYaPcZv/bbuOW0xuc+cIDHHKW5NYrCbVH10JIFN5aFDTc5h8SdCfoNAkuAsEJf/m5L/G6G/57kjzB2lgYFh8aNngsQBuT4Jxie6vARV2tRqJtT2fji1wI0kgiJoltunbarqHZTymsXeSLX36I545sc+MNOaMq8JW/fYS/+vxDfP1rTzLa8STplQgpISQEaRLQ+ns7mjOPLyAWLTWgjaXz/rjUd3YN+EUw87xUiYkJd4neP3VQKPLYbaA1QRxV6XnqyRGPP/YtJNyLtYG8b1hYyTlw5UGefPos2uZNh/IFYfDMCmPnpFaaEFyjfNM6l81u/e5xakDjULKND6fxvsB5T11uEdwGRsd7ioR43/O79k08+OoSx+HlFVO+1ytSIThEFaCKGFgEs3taNd1Aoo9BHGmcswooh1IlSk1AdvDhFK5eBTaAGvEaL1BXFWVZUlYluU+ogmeY7WNx+TB/9pmvcOfbb2Ew/B43f4459mBeAJhjjjnmmOOyhjGGN73xTVFeJQT+6r/8Vz7+iY9z9OjR7jNvfetb+ej/+VFuvPEGennODTfcwGAwYDKZALOJpr//qZhup+5KQZKwURX4UNNzjr7KybWJkgAipFqRi+aqpf1snFml9J6x8iSiSSQm+oUQtT+VJoh00kDSinN2mKX7T8cuXbsyvJz9MStn0jLLX9So8/tVAIBu89oJSMd46l7P4FLSR0wTv/Fj3+M5oCJhSJoMqUMofI33jkRbUqWpi5Ksl9Nf3sf5rU18XaK0IqhpcWY6MGkmvDEpKRINaZ0AxElAJULhHIuJZV9/SFJuI94hQQixo5iJOEZoCmWpOqOzprjwQ5NxeGnYpie9nUhGGdoAIVxg2KtQjaSOJctz6jJD6qphz48aff4SUOBqvDHoRqdfNey3Fzv9pWHnF0WBMRrnHQZFlmWMJ9Ec2BiDd47ae7Isu2QHgHeh+3tdRzkT5xxV1UiQhEBZlliT4EMgyRLq2qF1/F5kSCZTbzyJ01yFQkKgbNiJdV13yf+iKAgh0O/36fV6jMdjlFJYaxChu98aY1BaR0mAJGEymeAbeZ+2eNAm7pWK13NnjBimyZ5OTkm1yaTQLaPdL61PgguBEEKz3IDSdnodNIUDpSD4eK3E5RhU898clz9mC0et14qoaMQuCC7UeAIqtXgCpa+iGa2rmRQjqrIgXch4553vorc4pKw9W9vblDsTNtc3mJQVg0GfGodJFc7VpElM1FlrKMuCNE/w4lDGYKwhSSx5r4dRmsV0keFgQFmXPP7MYxirMCpBfDTXVCphMR8w7PXxtefcZAtJLIO0Ry/rk6QpmGRKIm2KVqrrfrl8IEBNfA6bEPOiVsdLNbUJYVwh2jAeWE5vbWCvWuK6d70Bs9zDGIstPOWZdeqNdegZ9DAj9FK8K0mdwvQSnAscSJexx3c49fn7OX3PI3BsnfRcBVtjlhYXKRhx6ruPsfLw6+jdsowdCsmkIjtfEo6f4vTxM5y/90nM0XXc6S30BJJ8yOE7bmf/u9/C+rXCar6DSlMk92RLKfram7jpjdcg9zzJ2a98m7XRd3FvvprDb7yJ/sElDl+7ggw0b3jXOzh+30nGjx6jd3CZxPRQtVD5gE8UFvkhS7QodrecxjjHOfjuQ8e5+0sP8YGffCP5UKHVGC/jmKhuGNOaHKUSzp45TV0FfKN/pTDT+O0lw3jVFeancmF6V3goSlP7PuNxxn/9/KPceutBPv3//Re+/cgLbO/08GGZoDSTKiZ6RTwh+IaLfrFu20tV+6edAG1crLXprm1FlB1sSSG7ugdmA4mLjHf62dnPxORzwHdsfEGjREWpItEoElAJpRcUafRJcIp627M5Kjj2wglCWEB0BpeSlJTpuoML1MFhrSbq7DBth2i6EhA9LbZD88T1ICPq6gyKHYIPgCdJoma+bjoc9g4zjn26rJeLV+wBp1QTVztEJogq0CpFqXheyq7yRHwOqaZ9WaHRRsAUBDZAtnD1BqFeQ+pVkBdATVCEqC4kQl3VVGVFWVaUVU0SNKL7ZPkKjz1xkoceWeVH334VjfriHHO8IvxwPZfmmGOOOeZ4zSFJEhYXFwkBtrZ2+NjHPsZX7v4Kk8m4+8yjjz7KLa+/hV/7tV9DG42xURLiskG7KYmhUkJpYKeoWTZJ1wEggNWGNBgIikGaUbqasYbMKWxM9TdGvwpladqBW/1Q2Ks72ibR2zlZG4Tv/sSUsdMxdxotnl3sWwQfQkyevsRYLx5oz1LUX+RPqlPujPMI1XTu7vI/uHBaEveFIrZ4N99T0UixmwReav3t+poJxyyxRzGdz7TpfK8je9/7ml7eJxEoyhItgZXlZTY3NxlVBWhFIHTHN26nuqAZo/01AF4UZXAEhJVen541DPo9pIySE6qZfHlggqfE4Npij5oVE5pDRDoW7XSSrafSMt1ui8dHaY1SgmoMPdM0YzSZkGjL+vo6+/cdZLQzRlmNiMO5Gi2CTXSjNR+iH0O4SDGOabLaWhuTh2lCNSkYjycNOz9uW9Lr4b2nKIpOZ38WSZLQy3qMRiPyPMcYw3g8JssyrLXUdY1zjl6v1yTHNc45tNadf4BpJI7aTqLOIgRBa0WS5l1S3hhDVVVkWYbWOnYwEDsl2oS7tYY07eGcZzwa0RsOI1s6QJ7n9Ho9dkYjFhcXGY/H08LGLhbk1Py33TZhWrwTAaVVnGDPFDWzLIM6xGJFkkYPAd18RqKMnGoKB9IkVXVjutx1AsxrAK8ZdF0kKt6vjTEoG027g4p+HcoFREHQ8TniRaiNJ0kV173hRq57/c3k/SFJlrLYWyC4QFEU1N6x78BBBHBVTdrLqOuoJW6s4j0/9h7e8c53kOcZSRI1/PuDAVmSknjL8sISJ144wb/93f+L8+trZGmKqzw9bemnPYb9PgtqgNeeWhxOB5QTdCIsDhcIqSGEVppqiouUkl91+LawHgSlwUpzLYV4ZU5MYM3U7CwYrj18LedSRekLFkrYv1GTntuhP64ZJ5pax2KOUoqhSagrSMbC+MlnefTub3Py6eNki0PUHdeQjT39SeDsaMz2duD88WcpPvmf2X/rYfIb9rGtoFzb4fTRVXYChBPrLJ0asW8tsK9ISPYvowZ9/DCDgccUE9LKkRSORTLw0M96yJtfx+JIqJ9Y5cm//i5nvvgoyb6c63/8DpJ3vZ7JUoZ5++t44blVbjixTbKyD51E6+ZBJaCbkOxyO3A/MFw40JiE11TjnM/9xde58tA+fvTt12C0QBDQ20CNlgSpA3jDmTPnqas21jQzS33p2EYpmqJ17KgTkaZDromBlSKIwruENLuKT3ziq3i3Q9CasV+gZoB3luBdM5y6yWOrJsGtXoRjIS8ryby3gBDvZa/8JImF0PZ/SfMDtBI6qikMqGY/iEZUm5RviyMJAUMIGSI5Uau+ouuhu0inXleE7QotCpRuuiRmomjhgmUopTAqoKRq4rDGA6JhzbcdRVr2zlmm32/3WNAzz4RXihftIBaQgHdjlCmAHBUsWnQzV5ndwPhaSWT9a+NxrFP7Y0i9BtUm+E2QDWCbtsjSzuScq5kUE/IiJ6v6pDVUlac/6COqx5995iv8yI/8MjbhMnwizPFawbwAMMccc8wxx2UNay15nsVEkFacOHmiSUDtDiaPHT9KkhqU0k0iLPm+sdH/7mhYJEbjVQx1K0VkkmOIFr+CEEiVQSrHftvn1HiLMvFsKYfD0FOGXAw5BiNt8l61ihfATBK/YwS1f4ht0BdLEAvRqKsrBOiWnb47Meeb7oMLRhdnAc042+VMU/VTtfV2m2YV0mcZuBJZX23rsWo5yYqLbPauEUzbbqdSBEgsAKjGEEzPhsztblJxC3Tb6cC0XXyWNRSaLKGS+FoTCwE7dUE/yUAbaudwOyPyXk6Sp+yMx/gQtT+9hGbZGq0URhp2nIo/oSkq1EqofWRAXZ0usFgFeo1BJEHQEg0Xi8ZHotJxD0vtwBh0p7f6w4tdBZzOZ6H9PV6KTjxBAkY3SXAdMFo3jFvdJN5VnEKLUNUVtSsRPK0ghw8KdCB408gDEYsMDYMvfmqaxA4h4OoabTR1VYGKhsPGWrzzTMZjkjTpPtPr5VHDuDmH28JFWRZ4Y8jyjKIck9iEPM9QOk4g+70B44mjqgskxMSaNlECYDIekyRp3B7nabsW4oRe0MoQJOArh7WmMR/WGKM7zf92sm9a7f0Q8D6wszMiTVN6/T7eObIsRQKxo6GuGfZ7TEY72MRG+QeRxpiX7oipZh9G4ZOo+d9uX5R3kEbWQUVTyCCkNsH7mqKYMEgzNELUmVbt7SYWGZpmrOACqbWoIBgdM3QXNFDNcVlhNrkTZXGgFlBJii0cxglJ9IYk+EAQ33TJgQ7EZ2aSoZUi05pENDoEjFKUVUmW5gwXFtBKo1yIjFmrcARcW2jIUn7krXfgvIsyPoAPsSvFoMkx4ALOxwJcalNUiOfWcLDIQrZELxviRh5xwuEDhxmVIzY2t6i9R4xCWQU6FvpN+8RqipVcRrd2JZCEWJAOGmotOK1iEaD0oFMCNeNUIYcWqLVF1cL+dBH3wnnWT57mUG3o2RxXeMLZHcLIYXzAYRiNR2yf26DeKdn/ttdz/U++k4WVfaRpD+UFjcWtbVKd3kBe2GT98ac59uxJlhYTlm++jhtuvY2b7vTU/YzqzDbh6AbusVVG33qOs6vnyL71XfLr+iy863oG+QBVlvjas1acZ/PUGeq1LWRSIxsjenlF/4oB7vQG/uQGj/7F35A/+hyv/8n3cO2Nt1KsFlTPnWX4hhsIAmKaRLDMxjk/HJiJyqcxIZbE7GPt9Dp/9B+/zM72ndx55+tIsyjJZrXFKoMKKbXLOL9WUVdCTP5Phduj8W27ogsDwvb52BrMe+8JYVpQblnz0kjuKd3j/HZBCDnGWipiV22X4Z9lgcw8o3aPV3Zty94k9AWJ8z1LkaZIfelPXHS1F6Jl+9DEzwBdBNJ0DbcfbclAKNDSkEpAsIgopHHMVc2+kJlxieweozGmITaAd77bF+2U4IJG3ZmfiAA4UCF2QwjIBTe6GFNd6tDvWuZF91U8D62xjXeTjkSj4Ga2RGYWMP1RNF4LKoA4JNQgHkXdFShQ0WNGVIVhgpYtrBoTZEJdbeHdacStQtgEKYAK1ASkbtauu9GFEGIXQF1T1+CqaBgtPrCyfIBHHz/BiZPbvOH1wygd2XSDzzHH94J5AWCOOeaYY47LGkZHOQndBPTj8bgJqqdBT1VVOOfxLsRWVC4MvF9VtBQdbePLEOVInAIv8bUAXgmZNRSjguWsx1lRmDShKEq88ngVXbm0KJRYOnKZEBMX7fr0HkaKNHrzTXS8l8Mfk21CW1KIWvOhEZZp92eIvna7ST1ATIpricwqaRLdFwy/+2kD63ZStpt93CVrlYC0xYGXCnADCt8kb9u24XbW1piChbaUMLPlQpNiiftUG72rmKJE0K2sy56ZfHtISwTnSqy2UVJFKSZFQWos+/oLjMsxVR19A+Ke8QQBE+KKghJKLbgQk1qVhqL2IIHDaR9ZO4sNAat1NxkrRShUoNK6kYMySF3Hsc0nA7FQE19M9eLVTCINcL7G40kVxDbuOFnWjXB8r9fjTO1R2uAlYKxm7fwaEJOMxiRIqAku4MWASdBKR6Jge/W0EjbNtigFNjFR5qbRJnbBE6qAVopBPzL/lY7bL943UleC1qa5PgK2SbzXdYkxmiDRkFgCaK0oqwmt6W2UKLIxOeJDvKyiKy6h0fanYc/F67CV1on7LcvSbhzSbUvcr87V3S5P05TxeIy1tpPxUV3SRKKUivck1hCacbUG2CAdg8/7gEhoOgSaO4bE9yCSRsULIgprExBIk5SidgTvMFpQysfEa3Pva40TxQd8AAmBfq8f1yE0XVUXucjnuGzQFthmZaEqIEl7YANBCoxYssQwCS52aKEgQCqWYTpkw69DHUgc9DFYZTFiSJMsPmca5rpuhPtqDXUIUYscQCnqxvzbhabQrDQiscukdI5UR23o1CZUymAbWbfU5lSlYxxKqu0JmU0xpadV9g4RAAAgAElEQVQqPaI0XsHGeAcJhl46iJ0qTfFCKX3BM/XVhgKy0BRTjWKiFQ5hQPRAURJIMkM/zThzfg07yFgZKTafeZaNtTWW0x7jVKNVLCLo82PCuRHjyuFLT1CK5cPL9G8/iFseMHY1EyyGlAQLQWMXc7bXNjn97EmyncDNt7+Vw7/wE7gMqjSgeilWPPrGA6RvN9j3VxRPnqW49xmqbz7J8//hi/DFJdShBbZkjLl+P1vX9DiY9bn68JVkCwO8ivdbtV3gj29SHV1j9enjrD92iqOrf8PBn/hRru4f4vHvPszSe94EvmGhmxgTKfVDdldRzf+6jrv4VlVrjFrmxPM7/NEf3c32pOK//am3RIEfmaCMRytLXcK5tQIf7Ezyv8UMa2P23abDM/5phlrS3dcjQohG8dHTRqjjAxN0r+OfNz2eM0vXu+oA00Rxt/LveRfJrs3f+/12jNNfL+o3uwfdtkHD+J+msGOUq2fWpHbVN2Y7gNvkf1cA6DBr5Ku6brp2Kd4LnTSQ6Lb54ILxdcn6mbfjclqXk3BBCaQp20Q6hrQEn5mCMM09W6mLXmtt0UI1ky9ByNKMsvS7SE7xATAzW5l5LaFGUcfikQiKCi1CFEZ1GO1BjUn0BhJeoHZnqYpzuHoDwhawE5P+1NN1Nfu1q90Qz+Xa1XjncJXDlRX1eAfVr1heXubJF1b59oOP8bqb3o73jjTNLjLiOeZ4ccwLAHPMMcccc7xG8NqcRgVmfMOU7pJoQRNNfgXqxtzYK0i0RVeOVBkGKmE5HUDlcFWJEKi0QqymtooMTRpUE0tO9TLFT2WBQiOJIyJdYD07AYlylVOmLB3b3qJCoAv8RRrdzWkqYhqoqy7eD7s+0YbuUzXROLWYKUG0VKHm4y1bPybv/CUYPbNLj0tVCgwarVWnEaqnO36a2J9lazXbpZWezl1U+zfFrJCUNN/1QZqEIbgmoayBoq6RyYjFhUWyLMWWgYHW5EmP81XdyJdoaqKPgNeBWglVW0SIpQEmyrAZCgoCk+BQVYmyttvsoGDiPbUSVBBUgEGSYYPApIBB0uzIS++3HyboRupGz2rAhvaspWGT72alBe8ZDofRY0MbgneR4dWctiEElAq0hoPtv8YYtLKIisUz713zWdVJ7kRW4vT8j4bE8ZxquxU6iaKZz1s7Ddm7rpSZZbfLtDay3GaT9t7TFULi777T0p8tlM76fbRyRe3vodHYn5Ukmv1+KwnQygtpranrutue2c+HJonKzHdnxzR9L+z6V+lYrgveY40lSRIkCHmesb61hVIK26w7OE97XwrR/SH+HuK627GNRyPCRYwY57j8YVVk3OcmIckHbDsht4rxzia6ScLnJmOghUSEQlcUqkIpi7EpaAvG4pVqWKExeSUYFAEbFDZceCPtkoxqdyLKa0WtNV5pXIjL0tpCopjUFVvb24x0SSqGXAvbmwVV8OjUUoljZ7TF0mAfkljEaryhVR25IOn5akMUiDEg0bAzaYomRimU1aA1ynsOThRXyBJXbmrO/PUDnH3wccw1+xi853Z2FhP0IGcxH2CLmrBTUJ/foVaOfVdeweDQIjYf4EkIfUuVG8ZOMzwXmHzlIZ7/6/sYP/ECxeomg34fe9MywWpkOWGsa8ZSkCuDcYEsTdELOfk1+8nemSBOs/+Bo2x99Qhne47snVdz8AOv5+Z330xtPFU5oTCwXo1xSlgw+1G3X8t+PeCNR7bQj53lmbsf4KlvfIdrFlYI2wUyqTCioAKfsleR8YcW0hSWnWi09DlzZpNP/6e/xYeUD/zkj5D3NqjcGbRyjEvh7PktRHRD13h55/2sBIz3AT0jCzNbhDfGkKYpzrfJ3zbomw2K9yz7e3g8XE7Eo+moXmIfzsS8u9PqU7z0uKaxtpp5DbE4eqnvX8wI+RUXOy/xtc6nKAjvfvd7+Pmf+3lOnznNF77wBR555JFdHaIXIiCUoDxBErQ4kEgw0OKIJZYJ3u9QlmsU1RqT8ghF+QK+HoEUoDzg4o/ylzifmhKORGnRohxTVpuMJyl5bwlXH0KrHnk+5JHvPsc//vBbGQxypsWEOfFnjpePeQFgjjnmmGOO1ximTNQWra43zLA9LqEJ+aoG6MZibRqJyAFqFSiUx6gmsRViwlER5yTGWLQXrlxagXHBTlmx5Ryukc8w2mLRaFF4T5TnUUQtXWiz+1FMY1dr7iyTqmVGTxmQkeTUtrH7pjU3SnK0wXkb5kd+kUE37P8p+7o9DrOz4Jicb8NtodVFb/lIbWeA7FrXLkjsZgjeN/IhrXhSHKcWGvakRvkZNhjT8c8sKjKhCXH/G5kWADpPgbhfxXe/NuZ0033QavBro9kpxriQsGJz6qICKyz1BxS+ZqcqqXyNV+CNogwesSZK/7iaoBJKq5gEj0VTuhojHvGRISpApYSJjuO1QWODop9kJDqB2s+JzDMQoZF4icUXIFbjXDQB1kphVdQIDxKZ4drE5FW/1496+cERWjZ5t9yYEG+laERqlIoSOVp5RMsFn3fOdfejvQl+jYLGNLe9j7UJ6vazzrlOs75N8LefaRPswAX6/m2RoP13tsgwa6g7NSnUnRfBbOK+TZq3EkB732+LFM657nW7zhbOue71bBGk3Z729cV+2vW1yYJ2O421JEnaravtTvB42o6ithuo9YTY2tqMHjLimRQTQtht5DfH5Q8lkClDPS6Q0pMZS2osVfAkylATEOdwYqhFozWkWY+JD9QogtJobdAmJShNKzv3/7P3Xk+WXdeZ52+bY65Jn+WrUAaFgjckSBiCFEmRlLpJtVpqUmpJERPBiZiJab1MzET09PwbE9Hzogm99KiHkijKUBLRDBKg0AQJEZZwBVahUN6mz7z2uL33POxzTt7MKoAoGrAo3g9RyMxrzj3unrPWt771LcpisCht1yrdrHCiHFbq7y2u7FCTiNI+zxebkArjwFmBcN52wmmJtQYr/BwChCIxA0TZ1RMHAU5LEpPTFA6rBU5JP7sAf8m6FZXkuQScIyoEofDbrwAblt1KqWHHusFe2uDSqfOcf/lVdu3by/zD9yJum6O5s41SAWpYYAcpppcgkhRlIYxj9NQk4FDdjKlIYzaG9M8usfDcSZa/9yZXXz9D00W0ZIDaGHL5uR+S7tNMPHwH4tAcQayhNyC/tEZ3JSM5eYWV187CxQ6tNUu7J8hyAMPtR+5g8qH7GSQdkihjXeUgBGGjSdso5NqQojuk313BnlpFDhR7j9xOYz2jc/oykUhp6xCXOwolQIsbRS+/YhjRpQuv07YuJIh3st5Z5yt//gzd7oAv/OY9TE80Ec4wyB0rG0NcaY25Fe8e3BRFQVGY8vovRu4ZZXhb3kfei4z+oHAzn//z+M5vuZ+OCmJ+BkXGoth+LxV1TrEdxto6Br++k8Jt+/fuuFFcBb4r2pVioyzLOHDgAF/4whe47eBtAHzmM5/h/PnzdLvd0TXdUgbx+Q1I6zDWD6wWrrQDYoCzQ4QbkKSLDJMlhsNl8vQy1qwDhU/06sW5bYqiav1HN9thCoMpcmyRgOuR56skwyWazVmmp9qcPX2Z5cU+rcNhKbx4z90zxhjXYVwAGGOMMcYY45cGSiryfJMIqzCqyAMIg6AmwUZf45wjCALyPB/xtPyAkgEnQEharUmcUDhrSLD0ZA5CEiO90jV36ECzmPbo2pThIOPY9AH2TO5g0O+zlg9Z6m8wTIZkGLRolOr6ko4Wwvt6Ct/CKqUoSW3vbW+c9b7grgyNS7W8cLIc3lcR5danX86TGxJoNRvekgmIlPbJFgIllFf+QalkLm1ChEQ5Wb7Of5gSwgfQ5TGpj2WdJbzb8SgLOmUyV5jCFypKe4ZMOgrpifskTb0fKZAmKXnuiccsSylMUbqLVxZHXmVWAKKQtfO4FBIhlPcZL62BwBdlqn1ZdQJUZ6LDJzUmHUJeMKFjoiAALAGKmWYLnSpWBz2GWU6hJVmaUNiCQIWohmZqeoYra6vMBROsbCyzXwfek1p4i6ihswyF76FQzlsJNXSIjmI/Da1iYcYAfFEGNgsA3urDW4QIHFJ59t8hcCURrLVGAnNzc1y7mpYE93bFu8FaWVqAeBWWd9Yp7TpKIrpS3hvj/XFrQrvsyKk8sFxhaxU9UL9ejBDyFWnv3+aJe2sMDk+IK+U9+2ui3bnSAkhuIfyLoqhV/taY+jNgs6ugWpftXQnVIGA//NdvV5ZlIxY+pl5OVTCobZigLlyMFi22qje3di9sFnvL72q5XlL6z8/zvLQeCggjDZRdCKiqeX8LtxAEAf1BnyQZAniLo7rwOMYvCwSghcTlBXmaEQUxcRxDkZGtpxAogiBAqwBjCnpZRr8Y4iKF1hFaR0gdYYxDaoUrbaIMEisEUjiwams3W1kAsEgQvm2v+t0hKbDocvKrEpo4aDDZaGNkxqA3wElQsQatKTKHVoq8MAjlbeqyoqCb9Gm6SQyWsomA0i2OqhngVoADcn/VJLKgyzhDWEgFJMbQ0gHJ2QVe+7N/xEWaA489yK6P3oXcPc26ypGBwCVDspUOLHfQ/ZwAiRWW7uIS/XSAdYZ8vUuytEb37FU6P7oI17rEhEzu382uHXsIuwWdExcpljssvfojOqQ0k4PoySZifcDySyexby/gzq2jrw1obzh0ErCsFW5HizQxXFy8xo6TJ4nbgsa+CbKGIksyVk6eI3tnkehKl+LcAsFSl3A9oy8lU3M7md3IaQwzekFOVuQQOdJQ4IyhoX4Vb8Ty+l9dKUqxAkdAVoBUUwzTPt948kUGvVV+/4uPMj87yXpnjV7fAWH5zRstArx7AUAIQRAEWGu23FtGtS5VB5+xlUCmEnrcSti6fT8P66+q+87PQijjk6IgCMMt3RI3e7Vxzs9f2fo+8a5LGhUdWHOjIvyPJ/9Hl+O1TNVyBE6IcgaEP2/CMGR1dRWtNa1WC2NM3VnpyjbQ7cIxgc8DnBNYW2AZYGyIsYYi62KKDWzRxdJDyQ5KrKNIEKao40nfxgUgEdUg5uv2kocBcBZbGIoix9gMS5+sWCHP12jEk1y5sMzlyx327Z9BBzAO+se4WYwLAGOMMcYYY/zSQErJ7t27GQ6HaLV5CzPWEEURRWHQsSYMQ/bt3bflvdZYClOwurryM1G6vO91hjJvcWAtU9PT9JTGkpEDA1ugpULJAO2gEQQMHHTJWLAJDQsLaYdJlzMdSmbjmLt3TdMdJKwO+ixtpBin6yDeuooU9P/YRm5V266ARhB6UtDBTKNJ5LXITE5MEGjlCW7hUMKrEKspA8KZukwgaiK8JDAdgFdHq9LDX5Q2RLYMzqXbDIKvH4JWPVOu80jw7H94uwYVBp6sL9XZRTX3QAbIRsOrK62tl2/LtgvnLAUWY633iXaCbqdLMsywwEY+ZGDy+rW5K7BWorVGlXYwDqAsoLiRJEUKhZAKKRxrZkDHJbSJaQcBMYqG1DTbkwQCrg06bGQJ0loOTM+xc+ceUh3y5sYaEyoiKAwRglCVrrTOkONIsaTlLAblQJc/fY5TeZjeKjTRLxZe8V1aAFUdAFWzifVdH1JIb7ZtwAmNMd6f3wrHgUMHuXr1CkIoBAqE21IE8MrxrXY6/jHhZ8ZJga2KRCVxrQP/Xc2yDGcMSmvCUi1fFAZrPHGulayT1yDQZJnBmAJXWpJUiWochyilyjkoWVkE8FY9YRiS5zlpmnpyvipilAr9OA7rgoEx+Qi57u1QisLURH4YhmitSZLEk/TWzxeoHhdClM8VhGFY2h95wj1JEsDPCQBIkoQ4juuihjGbnQLWmpH9u9klICT1wGBZdg3leY4UitXVVZz031Gv8nSl8k5gEYw6DDgcrWaDpO8Jpp07d15XLB7jlwdSawZFH5MXSKXInPGDKcOQMI5RUpOmGUmWMCiGtMIJhJPYwhGKEOMEwio/zFZA1RVnETjJpg+2qP9XnquKzW63chqPw1tDWIUsQFlFQ4ToRoOkM0SHEY12k8z5+89g2Mc6MIEgkAoVBgglMabww+Od3RxOX9mV3EJyT1ve/zEWlC9POOtwCjJhaeSO/uUV1s4v8KEv/gY7vvAxlqcdMi+IjEB3E4ar63QX13CZJWqExEGMMI7+Rh95cZH08jILZ86TrXVpT06w547D8MgUBw/fThDPYc8scuHp5+gfnuXYFx5i7tPHkPt3QByQp32CPYrDd9yNMJL105e5fPw8w3Mr9M+sos6uYxe7uJZkubPC8PRJ5o7uRBYOokliK4mGGZNdy85OSPdaxsrVVQbtBnd9/BGaE5MsPPcm7J4imtXke9tksUA5R5A7T2HLW7B14+eI+jwdsXkUopz0IqiLaD5WEQwSzdNPHUcayW/9m3/FpcsZaa5wQmGdfN/GJs450jSh0WjU3WdA3bEmhEQpXziGcibWLWTX84uAc662RqxEAtuFUe/VRX3DPMqrGrY9aNk6ecyWBdRq+tlPtw1F7gUNYRDWYh8/h8jVsZkxBf1+n/m5eS5evEin02HXrl0kSUI1FPhdPgEoQBqETcmyi6TFEpnJoBggiiGODCkKJEMkuS8e1z6rhnqmhLC+0Fw+vb1M4kqxlQOywpGmjjSFNB2Q5hsMkkUazQitA157+RSPPXaoXJZBEDDGGO8X4wLAGGOMMcYYtzQ21bKOVqvJP/z9P+CcQwebpI01liiKiMIQHHzkIx/l29/+Flk2alcBr73+Ov/hP/wvvPPO6Q9s/St7GSGAdoPmZJuh9AGndeUcAGsonPTqeOtoSNirQjqF9yJeX1um2LMXrQNElhMmBbuDiNl2wN7JgEL42/lwOMRa5z3IXRVkexJO4odgRVGEFpsq4kpVqJxDleGnK0k4WQ7BElhPaJYDOmVpeUPpsypL0t86W87NcjhTDusq1V+e7PPtqnaESKmD4C2qm+pvUQfSzo0oowG0prb2wHmbTQTIDGkVQmwNcVxJChY4NA6NqAP/iakp3KRfr1w6MumHjKZZTm4KrPC/V59dFAVFbjHWkJsCY6o2X4OwEpSjwDAoDL3eBhNByHxzChk1kbagETfYEUjaWcbM1DTTrQmyQDKwBVevnGfXxBxhP6FtDLoo6nTaCAFSopXG5KbspDAESiODSjH3fl1z/+VDCOoOk5q4r/kHfx4LyiRYbKrqkZ7Impycpt2epLO+vDUxrm1lKFX9o6q3SqkOpnBbhuw+8MAD7Nixg8FgwJtvvsna6ipCCPbv38/+/ft57rnnan/+e++9l5WVFTqdDvfeey8vv/zyFq//So3/+c9/no2NDaSUfP/732c4HCKl5IknniCKItbW1nj11VdJ07QugiiliKKIz372s/T7fXq9Hi+++GL93AMPPECSppw4cYIsTQmCgCeeeKIuALz11lusrq4yNTXFY489hjGGy5cvc+rUKYIg4NixY1y+fBmlFHv27OHkyZMURcF9993HysoKly5d4ujRo/T7fS5cuABww66s0U4EymTejFgZBWHAkcO3Y5xjcWWlVDPasrujLMiUSsC6CAs0m016YYgUfthxdRUZdwHc2thK2HmiRAWaQrjy3ueJaB2HGAHDNCF1MBh0yZIhUaSxuePU8bdJk4KpHfNMzM4QNmLCRoxUiiCKcKUlH6KcO1Geh5tqYjHalFJ3wpg8JzOWztIaugCRO0RuUVKgLP6egyNJBmx0NlAyRKmgtvcRAiKl0LKyHypV/9suObcORF0gqQwCdVmMDoREOIcOQw7cdzdzD97DeiTokNFyjrYKMGmPJM+Jds8SxDHNsEmLCNHLyIMNNgZX0TtmuevAHtpz00S37cHsmUFFMfJawtr/9zSrz77BxWuL3Ps/f4kdv/tRit2CvjQY5XBRSOw0IjGEMmLm3iPMzO2Do0PyH5xkqfcGC1nC3KfvZepf34u6b55sCvok5FlCJAJuP3KQQu+gt/EWC/OauUceZ9c9dzARTHD8G89QqIy5Y7tRcyHxwR0U1lsi6UKUU5xvuYP284GrxBBlhX10s53Dlh2puGrcrkOgAU3uFP/t2ydIi3kKG5BmGudurigrpSSOY/89NKNkcxU3WqRUvnO0fPynFQLdaH7OzxJ1xyvvQbj/BKjWVWmNKa0JgzAkSZLNGT8jrRNC+Lk71QXo5tZjtINv+2Pbf39vKKkobLGlU7KCkIK77r6L6elpgiCg0+lw1513keUZZ86cqd//9a9/nWariZSSN998k36/f8PiRxU3VjOIMAZhC6zJvL2bSf1gYGERmLKRM8eT/bZU+vvfN7eTkcLAu8F/f6y1FMZhC4ctLM4MMfkKtlA0YsMPnnuR//F/+hxRA4R7rwLGGGNcj3EBYIwxxhhjjFsaQlZ+/iCkZH7HnH98JOBx22LIINBo3aY9QR3ICimYmpyqFUAfFGpNhxTQbtKcnmbBGCItaCBpCkVolO9QcA6ZQSAEs8pxv1Ck0luTrCyvEE9MMh02yZOMUGjaOiQCjPRJlYt88O5EKdlHlpvvSsUzSCtqYl5C3ZJaee47vD+6Kz3SNwcDlApc6zbfXJL99T6ug9uKSnMY53BWUjhwriqG1L0EmwnOthygCrw3A/3yPFCljYkot6vc3kqJL6tEUxRshxACzeYwVFxlqeLVaAgIEcR4QthGEU5EWOEQrUZJCoGzjsI6jLHkeYYx5dhi54scBQUJlhyLtI4QQVPHxFGIE3548IQJmWu2aYQNpIGuNrxx9gSzUxGq6NEOFBPWnyNgSwcpSSOOEAoSN8Q5yLWkPTOFnpiAijD9ic7Uf3mobAGUUvUw4IqcMKZAVAo4BEIJTCkV11pT5BlFXrB//35O9tYosk1FehhFpWK/KM+bkXkVVYdB/Q0AV7aa33333fR6PdbX1xkOh179H4Y8+NBDPPGxj/Hqq6/WZP4nP/lJnn/+eZxz/M7v/A6vvPJKrdSrfsZxzKOPPspXvvIVjh49yqc+9SmefPJJhBA88sgjvP766yRJUlv0VLDWkiQJn/vc5/gv/+W/8PnPf5433njDq+jCkN/+7d/mzNmzXDh/HlMUNJtNPvGJT/BXf/VXfOQjHyFJElZWVpidmeHAgQO88MILdDodAIo85+GHH2bQ7zM9M8NDDz3EqVOnAPjUpz7FxsYGf/EXf8GXv/xlnn76ac6eOQNic0jy9tkA1U9P1EuCwNscCSl54IEHEEikViytrhFozSBJ0GHgvwv1cqqOo3JOCa5+bGHhGnme/WxOuDF+bqiu2bWdlPTdNCLUyCgEYxj0eoRBiDGOJM1IswycI8kST1TnBQwSvvvMd2m98ipOSVpTkzQm2rSnJwnjmInJKYIgoNFo0gxCtNIoJZHCn2dKStI0xRhDXhSkScpwOCBNU5bX1jB5QW91DZcbJuM2E1GLpD8gFIoiL0h6A/IiKe+9vtsmDDRhEGCcoRGEtMOYSGq09UV7rBttQLhloF1V/BcYLAUQCLyIQUmcS1nNU+JDu1F75tAI9sRTDPvrrHXXaTQjGgd2QhwhtEag6S306F26SNy3RLftpL1jhnjXDEkoGLQijDEMXzmN+84JVr72FPFGQbMVMH9gN4QKAoHTglQBQhLkEBcSt7DB2omrXHnmNcwbV5hayFhdX2P/bz7CzJc/Q2+/ZiUcMAgzojSjlRtipzl19hTrZxfZf2w3x77wYfLJBmHUZPHJl1k8eYY7P/Uophmxka6xV0MoQRvhuyJ+hWw5Nq+1NyB862K5rV5U/lAYBFYoBDHPPPs2QRhRmADnxE3XTjbn02yzcRmxdbn1LH8+eIwS3VVcZIzZJP9hc2aScxhr/f151E/pfaM8F66bfLu9IPD+1ttsm9cjhPBdz9YyOTlJFEU88tFHuO222/jus9/ld3/3d+n3+7z44oscO3aM7z37Pf7yq39ZxxaNRoPhcICUQb0aUkqEFPU9x/kBUb5I4FKkLdC2uuLhC8V+Ggyi6nYQ5b/RwtCPKeKOHhdjDaYoMHmBKQyuSDD5KtJApFucO7/E2mqPnXuapV3p+9qFY4wBjAsAY4wxxhhj3OJwtvKCZmucKCru2fvBV+reLQMq6+KBQNpqSOcHlwDYcpWtKDvk84Td+/ZyQQVMtzQTUhFbSZiDTAowGRKLdhJROLTU5NZipELmBStLq8hJw2zcIjWFtzBxyhNbowGglFizObQQ2CTqXemxTa1V9s+XKkTpPMkvbKWysTWpaa0D661vcgVFnd8KKqueilir2lnLt/jBi9Yr2IXYTMo2W8ZHV9X5TgZXDbjyBSBZ+ilJKa4LeKXw5IxwAm1L1eaI90elGlJKIurcxvrVHslrfIeDfyxwErlFzLZZTBJKoUKFa4Q46z2c/RBmvyMLvP2LcxZtpfdGtQ4jBJm1JK5ASkUmLZnNOHHxMjpSxE4wFQRESUHTQFAeISsEOggIW01CIQmEJHeWIgxo79lB0GpCpPwg5HEyUKNSvW/+VEDlz+oLABXlrEpycdOP3jI3N8fU1BRrK2ntg29Ki62qw8Zjq+pQIJBKlpY2FiEUU5NtPvb4o7z00kucOX2K9fV1pHDcdewoJ3/0Fv/mC5/nb/7mb7ydwXCAMwUzU5M4U2DyDCkEkxMTLK8s+1kmaUKvs8Ebr7/K2soyf/RHf8R3nvo2w2TI/OwMn/n0p3j11Vd56803/HBeXEmQWrQUzM/O8NgjH2Xv7l3YImeYDPnXv/lF1tZXmZqeYPfeXdgrhk5njWYr5tO//knm5+d5+ZUXsTZHasFDH3qA++6/h29+85ssPHWVuBmhtMC4AochboQgLDqQLCxe5ejRo/xv//v/yukzp1jfWCVqhCTDIVJp8izzxEOpqvbXnbIooyLSJCUI41qRqLWms9Fl5+7dRFFImqaEYVhaTdjyfuB7Yqr7QpomvjNEezXoYDjwBYWf1wk4xs8NQpeFPS1xgcIpQVHaW5EkJOX8Cak1SEsgFVOTU1ggzTOcUywuLDA4fx6hJGEc4YBBMvb0SvYAACAASURBVEQLyaSMkcbHFUpKkH7GRTNukObebisKQnJTkKYZwXSTRrNBqAOOHDqMGWYUSUbcbBJnQ7rDPslgiHEFgZBYZwiUJApCAi0xVhAqTRyEhGV3Hsb5+5W8lSYAVLECKOeV7q6coeykQBTWX0ulpmgGXEu67C8srXXB2oULZBri+UnCnVMkzs9jaaqA4cI6K+cvERaGXbcfRN++i6wVsJ5khFLSFgLz7Bl6/88/wktnmVpPSCabdFzC2W/9d/a5DaLH7qDd0rRjhUgSFk+c5tLbF1l55worpy4xPLPETBeKLCK+fQ/zX/w1kvsmWVxaoCUUWipmiibp0hLXugvEc5M8cM89xDKkn+XsakxjXjxD96mX2RXETD50hH6ni3rrMo21hOCQoKMLhBI0Q3lLzW34RUJUQpS6O6CWgHgFM5Ab6K6uocPoJ1K7F6Wa/YMW+fxLxOhMH2u9peBP2vFg2B7je3HSzaLf7zM1PcXBgwd566236se11hRFwXf/+zNIpXn8sccRUvBn/++f8eADD/Ktb32Lp55+ij/+4z/m/IXz16n9260J4jhGlNf3PM8xhUGWYiM/R8j577K1YDbjx83NGsk7RaUCufmuEJ8TCT/LojB+Zlnh/xVZQp4OCIImSbrB8beOs3PPoz/Jx4zxK45xAWCMMcYYY4xbGp1Ohz//879gYnKiHm4p8OT+dlQKbd9oPzpE0geJ586dY31j/QNdfz9o1/uKyyBi95HbmZ6dYzZNaRWO0EAgJYacInFI45X6urTs0UicdYRK4YRh0O+hjaMZRBTOEuF9tasYUEiBRHkFuxUjSlivYqnslGork0o5X9kUOYvJCz8grPTOrIhPUfqPOwFDayjKQkJemJKwt2RF7on1WpNfaqNlSY6Xx6ZO/26Q542khrU9h6vVY5uvGM1BpBC133scx2ilR4pAfqivlAqtFVKOKJKE94kXQtaWRNXTkQxQbqSQUO5LWxiv9tHar5s1W85HISVSCKT3SELKAC0UrnQtcniP20II1rpdNgZdXygoLG00op/QMAqNt5DKcQipCcOYSIUoKZBxg0zCIFLMH9xH0Ipx5UDkMTZRKctrBWB5nLwFEGghyK0rj5PCOoc1trTmEDSbLe48dic/eitleWmJuNHwZHrpW+8V69e1r2zx1ZWlP/3i4iLLy8ssLy/XSvePf/zjLC0tcfnSZR5//HEajQYbnQ1efvllHn74YbrdLs899xxBGFDkBRudDaIwAuGvadPT03zus5/jyJEjPP300+R5zkR7gkuXLrG4uMjp06cJI3+NsNbWCrogCDh58iRPP/00f/qnf0qSJMxMz7B7925OnjjBzl07ufPOO3n75Ela7Tbr6+s888wzPPLII3S7XeI4Js8yvvnNb/Ltb30LYy1FnmOKgitXrvDEE08wMzPDK6+8Qp7nAGRZxrPPPsuuXbs4c+YMslRTS6UoigIdBBR5XtsOALVC0VF2XhhbdypcuXKF3bv20OlskGUZUexb+3NTIETZe1V2GFXzBoSzm/eRqgA5Zuh+6SDwNjNxGNKMG2ipMFlGnmTEYYCImzR0gQ40Buj2ugzyFJ0NmZmbpRg4Cutt66anp+j2eyilKIwhDAJCpZkK2wQWgiCk3WoitabIc/q9PibLkMbSakU4QjrWsrGxgVACaR0DCZ21NSIVsnt2N70sgSxFYGlojZOCpCjK65PbHNwNmCLDVNeVcriuLzbKW8qmyncxUN7GJarsIgwCTZ4VCCdozkzT7wy4/MwPGS4t0Ev73P7pjzC9cw8b60MIBA0ErrfO2vkrIGDfQ3eTTzbpiQKMf75/9irLx8/SffZNdHeN8NA06dwEnXbEZKNJLy04/8bbXPnB9+hRIBuKIFbMzc6ho5DW4Z20D+yh+ahkZtXRPLvKSneVwYuvEc0+yJFGjDaG4cY6VxYuE0y3aN+2H9OOGDhI84KpqMXiSyfo/e33Wbp4mTv/3WdZv3cnnLakz65TXFkiv38va7EhECCRNH8CovOXEXXj24991Y1hraWwFqE0lTTl/WGTaG21WuR5sWUI8K86qhilGvj7fgsrVVFcSEkUhhT5pp2q3BZTvTckzqrawtNH/gqcYrMI8P7OnmaryZe//GVWV1c5fvx4vW3VPLgobhCFEQduO4C1lv/4f/xHDtx2gMtXvB3h3XffzT/+4zcIgoCiKAiCgPvuu4977rmHPXv2AL6I1IgbhFHI0uISJ06c2FLsMNYgEMRRzNT0FIuLi37/jhQAfC4iSwGQj1WKonjfRRMfl/hjUJQdAHmeU+QFWZ4RqD7IPq/88AU+/ZlH3tcyxxhjFOMCwBhjjDHGGLc0ur0u/+n//E9bHvMqC1lbA91I1e9GiW48WVwUee1D/0GhDKNRAtCK5vw8U7NztBeWaQmLUiCMAGnIpcCYzdSnmmuLA1U4giD0FhhYuskAySbpDY44iv1ATq1AiS0alIrv7vd73s/TQZ5npW+/9W2k4AsApqBSNLtqflVJaAtRKt3xnQ2VjY90ntiPy2DclT7cfvNFSbL7jg7rNtXSN6v02q5CcviCRBWCCyEospSCtLQwgs3VqIoQngS01pMuUnnCXpRWJIEOCJSmEcQEUpW2Q8oP8AKcKMkZk9VVCOk2rZUQdnM/CYGVfhKElQIChRGQWcPy2gaLa6uedGpEaKdo5I7IScKy6JCVBYCpVpM4buCMQ1kIpKbQoCca7L37GDoO8c4Ytw5B9IvG9uF2lbpf1NcFh5QK6Uw5qQOU8LZZgVYo5ROxubl57rjjDoQQrK+teVJ/SxJcFQHKc9NJrHF114FzjjzPeeGFF9i1axf9fr8mKd58802e/8EP6Pf6vPPOO15tpwNefe1VBoMBAOfOnas5kTzLiaO4Jgy/8pWv4Jzj7NmznD59GiEESZrwrW99iziOSdMUZ72nrbHGFxODkMFwwFe/+lVOnz5NlmdIKUmShK/99ddYWV2l0WwwMztL3GgwHAz4q69+lTNnz7K4sECaZVjnuHr1KnlRMBgMaE9MYI0hjCJeffVVduzYwXA45OqVK0RhiFSK73znOyRJgnMOrXWdKFeEf1UEGLX+qf6ZokAqjbPQLIsw3W4XZ2GQJCAkUkoGgz5BadHkyqZ8XwAwpUe8qJNxKcuOoJLEHOOXB8IBhUU6gZYSoQNCFVCYBJfktIMQGcToKCR3luFggGvG9LKUhilIbUGSpeggwErITIGyBZ1el6gRI5QkaEbkg4T+sEsn7XkP8aLwczHCACska4MOOgiQjYDYwSAZ0NnYQIkAmxW0YkicxamAIG4SSVCRwjpLPhhghSPJc3CGQGsyU5DmOYUz3jdd+uY66yzqFiSTvcBBoMrrk5OOIisIAg0F7D1wG1P3ZuRvnGf9zVMc/dBd7Grswg0ErVbgv//dAStnLxOlGbNHDqLnJlgPLTEatT5k7fxVLh9/m2Klw9EnHmTiC5+mcAVu1wyi2SRaFwRvX2X90lXOvH2Cmf27OPjAfbRv30d7xyQuEojJlo+zLvdY/f5bvPPGW/QvXeP8NxZx506RmJwpoWgVgtXYct/v/Qa05lgzCVqCpOD0a29x/hvf48hin+iufYjP3se1ec3kVUkyHJB3er5jQ0hvCPKrVFyshDcj8dnW2O69z916+HyJG/m8vzv8vTfPiy3q7lsVN7V+opLB/BSf8xPMJxhdx6IofPghq5xLvCeZveU5J8BpIACkF7/UQ9Ml9QD1HwPnHI8//jh3HL2D//x//2cOHTrE0uISeZGTJAlSSh8/aE2n0yEMQg4ePMipt0/xhS/8Fu+883/RbrcJAo0tSfyDBw/SbrcZDAZ8+1vf5tidx9izZw9KKy5fvsznP/95rly9QmejU6+DEL6z8+gdR9m3bx/f/va3t8QpVU5qTWX/U+YHQmKceV/HvtrHeZGTpAlZnpHnuRdwGIPWKUIOef31V0qBybjjZYybw7gAMMYYY4wxxi0KHzgVRV7//tOhKhr8DBZ1E6g19gIII5rz8+zavQtxbYWwFrV7QixuNen1erXnr6gX4GrSSgiHkAopJZkUZNkQ6xxOQL+7gnG2piO3p19VO7rAe+HL0gJFIgidIKifr16/mZBJWap0RroGrABZx+9bk7f6w0tLHOt8W629QeJwMwlRTeRv38n4goRA1P7Ko8/XXp54FXgICOVX3ttMgRWOIstITZ8hjmRkP6ogqEnfZrNJo9EAIAojoiBC1ntOoEqzTyEsVvhBzymWQkK3v8Hi0iJrvYRQSHZOzaCdJBkMCJWmkTmkdy8h1RJjFXEjImrGSCTWOqQDZyy5dEzNzzJ79AgiDLE3uS//paOykBotAID/vlFaT8my60NAmVwFniiubQocWZazd+9+JicnOXnyJFeuXMFhaj/5TQVb2V0gpC+yMZLM5TnXrl3j4sWLOOe8gj7P/TyAwRCc4+TbJ30BD0Ecx7z1o7d8MSoIGAx9MaDdateJrjGGl1952SeX1tBsNGsv3xMnThCGIY1Gg8FwQFBul/c0VzjnOH78OI1Gg1azRa/f8+r5LEcpRZIknD9/njAM0UHA5StX0FqzvrFBGIYEQUCSJFy6dIl9+/eztrbmCw5ZxsLCgldDC+G3Rwh6vR5ZlmGtJQxDrDGkRUEQhvT7fYQQ9RBHbwFmNzu4nCOKY/K8IAxDDh06xOVLV+h2u/S6faZnZ0EIkiQhjmOyokCWcz0ccks3WNV5IUsrMmOKze6iMX6pYPMCM0xJ+0P/XTcWWViELXynlFII5wvX2gkGzjC9a5Zj999DURScOXOG5eVl0qQgbjaY2zlPPx0gtCBzBQv9DfIkrWdoaO3T5ka7wdTsLMPhkOXlZUIRolHkzqs0G1GDMGwgnGAwSLm2sebvp3GEcwVFUWCcJbcWihwkaKVAetLHBRKr/JwbKyymLKLfanYy9exJB8r6+6oVIFR5RXWwsbTK8W8+w9xr19ANzUa3T3T5MuGsooOjf2WNiYFBLPWZj2LamYLVHrFy5AvrbFxbIW8HHHn0Qeb27sIFGgfEQsKGhR8t0P3m85x95SQX15Y49tnHOPJ7nyXd12Zd9glaMQ0rEVaz9vY5jj/7MldfO8XOQxPs++gdZFrSjyRNFTC7bomfP4PpbzDx0BDVgulQc3XhAj86c5JBp88jT3wMM3OB7PYdrO+MUcOMpg7oioJcQZDDzMB66zPnfpXGAPzU+HHE8vWwVN+IyqrmJ4EbIWo3I+Abfc6t8+2rc4oboHrYld1+1dys0UHmo7hRaWZ7HOljB7U5g4XrbYCEEH7m15bHBVJooqCFpx3LimZ5NbuZ4/3xj3+cZ7/3LL/+67/Ojh07ef4HP+DK1Su8/trr5HnO7OwseZ5z7tw59u7Zy+HDh/nbv/1bvvTFLxEEAa+//jqHDx3mzJkzpGnC4sIi999/P88//zy9Xo/f/re/TbvdBuCVl19hYmLiOnFZs9lkanKKw4cPc+3atbJJS24RNYVhWMacEl12N3rBgbqpWKOaM1V1ARRFQWEyYhnRaGnOXzjLYDBgcnLifS9zjDFgXAAYY4wxxhjjloXY8vtoQLo1YN/+2vpVIz998H5zycVPDwGEgMVbs7hAoGfnEXsPkb3xDo4htmzzR0q0CNHae2HjNnU/VfOstYY8d1hReG/j0oO4stfRUmGKnMJ4or1SgwvnavV+RY6rkvysmnIDC7osNjgAZ2vrIFE+Tvl3bRvkwJmy0wK3xQV9lBatU6vK17h+jXvfVqBbZoiNWv+M/l59ntu6Lt6gQNQWP5jNvTryrCdphECrkIZWWAS5s2TWkBhDURgcgo10g43VDcB781cjwKRQNbHoynYAh8NgyZ0f5Guc7wa5bWoa6QSycChn0DJAFH5f23JfWmfQYUAjjsD5v71+HQyGVAuaO3cQzs55BbRS9faPCwGbkJTDKq1DOe/Pb7ykzR8nJcH4vS6kRpXElhTld0hphnlGo9nm/gceYs/+AywtLLC2vspgMCDLslKRb/2ZILypVmHBOVkO1BOkaQ7C2wGluQGp6fWHnpC3BiEDkJLCGDr9AVoHpHmOFRKpA8DRT1Ks8e3rw94ApbVPNlXAIE0BSDKvpE+NIev1kTrAOFDl8gdJSqhDVABZYXBZgZCKNMsZDBOEEjghCcMGaTpEKQ0YhJI4C73+kNZEC+cE7fYUl69cRSvtFZxKIZ0gywxCC9LMIKVAhxGmMCAUhbEMh2l5rUtptdokSUIyTGrf3dpLt7wepUmK1hFZmnH16jXSLKXZbDPRnCC3BikVQkqyJMU6h1ClpZmwfia4dQhTzuooCqTzM02scTjnuz7GX5lfHggBQaTQGrRwOAsNFSCCCC0Cb9eDJS+GZFhSmWGlQGjJereD0poHPvwh8qJAKkWv12Vycoqh8edSoxEThzEmL8jznCAMSIYJi4uL3HbXHczPzdPpdth16Da/LlojrWHH/Bzt9iSrK2usrqxz8kcnWFxZIAoj4ihCOFsXoq0xZblYonVEEMY4qVEqRsmwfE4g6s6lWwuqusmW9zs/ArO8QxkH/Yy1q1c4d/UCuhnCwVmiI7voNASqv06jMYEKQqQb0Gi2sL2U7tsX4GqDhf46WTpk/5FDtO8+zCCEdZXTCsH1LPpayvI3X+Lyk8+RHL+MSiWTe+Y48uGHyQ+2WG0NcY02rFjEqmPphRc4ee5N9tx1mEc+82V0NAdRiJMGnUtYS1n42jMsX7hGMuhx/Kv/jYv/kCAOzhEf2cHeB45wZO8+Lr38FtfCHnc++ihnVYdZ2SDuDNDDHCUthRxggSAP/Y651ao2Pwv4ydSbfwrvWY70BffaXRIvh/BwZcfo9mVV0S1bFNNsixVH3sDW3tZRjJL417/PvRtj/r5ws593o9dWih8JziviwYHIQVS2RSPKeCd85lArgajqavUi3XUfP1qo8NaZovxvq/jGf7aozWu2bsmWTg4p0VLiSps/Id/tyJTvHZm9hZNI0UDHtyG1wxZ9cHkZU4xs1/vA66+/znA45I3X3+BLv/clHnvsMb7y519BSMGxO47xiU98gtdee4133nmHvXv3MjM7w4MPPsievXv4gz/4A1555RU+/OEP851/+g5CSJI0IQojbjtwG/v376coCg4cOMBLL73EJz/1Sf75n/+ZvMjRWjO/Y55Op4Mxht/4zd/g0qVLvPPOO+zcuZNur0uj0cAYg1IKrTVvHX+LIAi45557+OEPf8hDDz3Ed7/73VrI8X5grSXPc/Ii90XjUhyBs0ShZjjss7y8xOTEuAAwxs1hXAAYY4wxxhjjlwLXk/c/LugW235+8BDOk+pO4FV8SNTULOLQnfTD7zKRDjfXr4zzm40Gg7wcHFrH/KJOlPwAUod0nizOkbjKu16AFn5wbMlCluRnqVR2vj29HsjmXJ1MWSDfsou9Wsin9DcilT29P9KrwPZntz9W2wJtfoJPFn7cIXq3l9wgd6g6HLaimvr7Hh9QvluWRKDILarsjGgIzSQluS5K5RKe5M0kZKpUepfkr5AStMAp4Ts23EgZygnvY55bbBnQO1PuF+dVn05QH/9Q+eSrEqTXXqNaUsQB+tBh5PxuEBqE2iROf4VRbb0UEpxDC4mWynfWCAHCz2BASoyzqMDb4ygt/HBbJVFC+bqc8AUZJQM/80JIduzczdz8ToqiIEkS1tbW6HQ6DAYDkiQhyzKvLLcGF5RfxRH1nRClJZirvkFVqcxDqcA3xgsIg8g/RrC5feUx1rHY8lg1oLjaCXKECBB28zyMlF+WrMgZBdUZqlXgC1ClQlkG0WYptSYcFP2uT2R7g4En9a0DYzYvIg4o8DvQAPnokQEhFLlxOKnpD9Oy60n6Yd7Kr7nBYMp9JFWAlIqwGWGsoz0xhdaazJiSgAKJLW2FBNbZUm0ncL6aVhYALMPekDRJsRaarQmardZNnV9jfLC4keJUSIHSgiBUNBsxZliglCMTKVGjQWJTesWQoc1IyBjIjEE3QYaajU6XNE2574H70UFIszXB6bPnOXDgAAcPHSUKQ5SUnuwqP3Pnzp1sbGzQ6XTJ0pyiMExPzdBut7l69SqNOOL8qVNEUjHs9un1BhRZRpYNca5AiAClBThNmiSkaUojbmCsRQuFlIpmc4IwjsBpnJUIJ5HO29PdFNf4AUA4vO0PYJWPbwx+bpHNCwI0OIdxFn1ojmjvYfZ97GHiO/YxOd3AkpIMNki6XcwwwwhFoz2JdpJsPSXs5kwenGfiyAGMjFHCEmiD6iesv3CWlWdOcek7LxMudtg3sxPyJrkI4PQS6sMzxLogTCWtkwVL3znOqZe+z97PHeLwY3cxaMT0U4lzOS0BMkm49tLLvPGD79GKCm6/9276JMy1Qg587GEmPnoHG82cJHGsDNYJDu2g37YYnRAWGrvcJewZlLQMwgHDZshUryT/w1/oYfo5Q1DFVkpB4TKctUiUp+mtwLqiFKgoQI3EMJ6ANrBpwWZHlecC6zZ/r3+rYlex1edfSkF9g9tSdRklo3+a7dy+kMoKp/xrU/VBNYDer0fVTbj54dKBt8XxhXVE7n/W+6V63s8H8dcgU1pvjhRMrlu3rY95C0pvhVcJHnzQIba8z73b0rZdd6scwL2bzVKVyozadCIwJgR9O7IxBd3zSLeEEmrr67eGQDfEP33nn3DOceDAAebm5vja177G+fPnMcYwNzfHqXdO8fR3nubxxx4nyzL27t3L3XfdzTe+8SRf/epfsn//AaIw8nG48LPVXnjxBWZnZzl/4TyPf+xxnnrqKS5evEiz0eTgoYM8/PDDLC0t8aUvfonvfe973HbbbfzoxI/Yu3cv99x9Dx974mM8+Y0n+eSnPsna2hpHjhwhjmP+65/9Vz7xa5/g8qXLrG+sc/ToUZ775+dg+N7buBW+gFNZ//j5TX6mVLPRYHV1lWtXrnD74SM3s9AxxhgXAMYYY4wxxhjjg0AVtotWk/m77mQp1hT9zSTaSJ+/BEFAGIZkSTLyPsosqdLku5Fg2dWFgrq9dKRttdL41PH6lkLKVp38dfG32Krm+Wk7KLYT89Ww5h//vp/uU2/2lcL5nHVL7liRHc7i8ES7wxEA2vhdbstKhQRM7slYIUXdpeAtSPyQWVsOe67XboTg8XMSHEppT0YJsWUvOQHCSZRqsv+eB2ByEgKJUHIsY96GUX9WKcquF1ep8fw/4XyiXPm3ClcluKL8LlXdQ6J+XEo/TDqKYubndzA7O0eWZQwGA/I89wPcRgZ7VpY229fN2xbYLf7Ho8/fCNVAW2BLIi6lrIceVxAleXijs+Ldlu87aK5/rpplsP29Qgg/a6Dy66+UakBadiWMDmTf+v5yH5R8gCjbL3w5TSLLYcxx3KzVdb6VvvLcrYgJPyS1UpHaEXsm5zxpUV3LlFTlnBOYnJik3W79yhfNfhnhrELpiCAySJuRZxaDRQQSW0hsIchKu51m2EROaPI8QzqDlJJXX/kh7XabJPHn7sbCIgcPHOLyuh8qHQQB1nnbqc7yMkmSYIZDLp05g0tT1tfX2b9/PxcuXCAdJuTDIRfePk273WZ2dtZbWxWGptbsmptFCEmapGRFTjsKmdu5g6uLCwhrsFmOEqCEKBv6ZD3yd3TA5K0EUVW1XXXb8VaEKtS+IqADdt1xlN/4H/az89DtMK0ZiiFWOoocljtdXAETU/PMtKcJgkkYpBTXFnFJThROIUwDvQ46MeQrVzh18g3OHr9EMAzY+eiD3LF7D3E8TfHWAovPnuDqnz2POXkGeXCStTQlP7XK+uIiU0dnOPjIh0jaAet5j5lWRMNF9BdWOPXaG7zzo9eYv38vH/p399NqxLxx8k0O3nuEPY/ew7rr0VaSYTdhkAccOXoXQk8RywiZR6xvODLZxsZthAq9deKtdah+9hCb11ffYpURBTnCWUxe+p8LQEisEzgbIsqiO1Cq3Kmv9VAVmEVtbeNK0Ux1Dd8saVc2Mm7kvl0VyW5+TsaNrGw2V+DHHMgt73Wb+2Vbl8QmsS/xA3C3M96+5O1/3VbtK/8eKZ+X+0z5T9i23dXqV6+hvhdWS6nWrd6b7wvXd2Fve16K62Z8OSDPBLiYQE2BnkDYVV9cFeKmLXHmd8xz+9Hb+fu//3ue/8Hz5HnOxMQEV65c4Q//8A9ZXFzkiSeeQErJV//yq/z13/w1v//7v8/83A6OHTvG5cuXCcIQIST3P3A/hw4d5ut/93f8zu/+Dm+//TY/+OcfMD09zUc++hGOHz/OysoKH3roQ6xvrLNz106mpqaYnp5mx/wOdnxyBz/84Q/ZuWtnGZdILl68SFEUTExO0On42QH//vf/PRcuXKhjp58ExvqBwHlusNYRhhGmKFhaWvqJlznGry7GBYAxxhhjjDHG+Hmi4hGrdt8oYu+xI7w106a3tkhsBIE3b69bpIMgoMhynDHXL87dKGDfTiz64L7KibYqcgyV+kq6H0+/3zJjB3+62sP7WviWFMltPuDYVG/7hw2uTGBVlcA6hxW2TEwtFt+pUaVaNd0pRJ2+3Wgdqs+TAqIorP3ard1UYRkhGDhFY8dedt5zHwQBNgj8sbrFlKK/eFTkQklAjxTSKtX8djJ9e6K7/XtU/awGDLtyRocxnljUOijnjciR4oMtVen1kj0hLUuC+l3I8Rtz9KJuod9OCm5RJJZ/CwFS3NiMWsh3OVHehWyM48YNFdkTExNbii1Vx0N1/nqi3239vVqG898UMVoksAZXzmKQUpImmSdF5TYSYkRFODrrwRc9K4Zyc58IIWi2mqTpoOyqEfVxutUI1jHeC6WqWAQIqclFTi4dubKsDNaJmw0aOia3GYEImJydYr23wSAd+iKgcMRxhClylLPEOiIfpPSWlnBZTiwV6bDDME0xcQz9hMIaIivAGLqLy9i84Orpc1AUtKSmtXMX6TChETeYmJigFcbMT06zvrbKTKtNkRfIwjBw/EeNBQAAIABJREFUjkhK2lFMLDXNVhNjHK7IwWpfCJAVibiJrWfzrQUf5njDOyclmRGoSNKLIi5urHDxzdOk2iDbiiQZkiUJE802oWrSHwasdwxkK/TW+mysrpAOhrBwDvXiFdw6DNaWWFq5yIE7D7Pj7k8RTMzQmNBcXN9g+aXXufTmGeLM4PopG8+soCciXJ4h04y8KZl2e3BLQGgphKawfdKVq1w8c46Gjrnr1/4VE9EEy2HAW+cvkB2+ncn9hzm70ifJE6JuzNK5Da6sWnbZSfpXLVmoWV4pOHehx8VUsWECGiJCYirx9r84bIkxAF8Mt0zNNvn8bz3C7pmYZNAjGQ7obHToD/qkuaHfcQwzQ57l5HnpZ57npHmGKXzR2BhDYcFYizEK4wS2LAoIqUqVhcYRI1yEEApnCpwFV7Vu/gz3eXVvAr9oW3awSunVOr6gbFFalUVvg3BgbIFAI4Qe6cisrOYc1uVIUapGsGUXoESIECGcJ8dV2clmrP/cUhgipUa48p6FKXv4quJBef+0ft21Kr3pRwoIwoU+LpVDcApng8176Lbtt9YipPRxzg1ykffcbyMwBgQKJVug2hgbYl22ub7vU1iUFzmrq6u8/PLLLC4skqYpYRjS6/bY6GzwJ3/yJxw6fIi//pu/ZnVllf6gjzWWOI75zGc/w9LSEl//+6/T6XRQUnHp0iXuuusufu2Tv8b58+d56qmnmJ+fRweaJ598kjAMWVpc4ty5c/zd1/+Oxx59jCzLeOGFFzg9d5rORoder8dgMOCVV15hfn6eEydOIIXk4qWLTE1NkWUZSimGwyGDweCmYwxjvPrfGi/68OIhPzDeGMvq6tpIJXaMMd4fxgWAMcYYY4wxxvh5QVArnRwOrAEt0Pt3cPTjH+H0tfOIbk5gJRqwwiucpFIEYUCeOk+ClYr/G8eO24PnirkuU/KS5N+knCvlc5lY3XAZN9qQXyDejxLrp/8Q/n/23jzKkuq+8/zcJeJtuWdlFbUBtVBQUIXYBAVISMhCG7Jsy5alHrvdsj0jqbvHxz7d9hzPf3NOt90zPac9Pe3u6WPJHsuakbWMZCG3hNRIgGRA7AWIrSgKilqy9txe5ltiuffOHzciXrzMLCjQVqjf91DkW+JF3Nhu3Pv9fX/fX3EcRE/xXVZ/9+uoigrOGZGZf2cK0j9fQGSkf/koF/UKirSDvA0ghPOZIJWQ4ly6HoltJcS1OjtufDtiw2acrvg1lr2GBvDEt1wWAHD5vSRKJHm/mt2/6F9Xrmr3djO2+CxN0/6Ctfm2rBfe+Y8yBaPLFer5Bhw4ixAquzoyRVweoxCZYNKJHhnoPM1WFDwszrffH5llLGT/Fa/PprOTxb1Vapdw9ByYyxeUf50TqHmQzGFJU+81TKbalMUtKzKC3/r9cBbjROYjnNkSOevvJ4cn/rNC5sb68yWkWxYI8+dBKdXXdTnXC24iLM5lGR0irwfgAzWBVgRBgFK+ZsrPJVP3cw+Btz3TpA4ilxARkyoL0tE1HZI4IVCKNaOjhNUqC/OzVMMAISUm9XV0ptZMcfzoNCbuMlSrESKYmFpHtVLh2PHjNCpV1q1bRxiE3hYrSeh2uiAgSRLCIMQ4QxonKAvrp9ahtCLUAfUgZG52FmksyjoqYYi2Fjs0RKVahSShpjVjQ8OkqcGaFJv6TIA8zrVcI3w+Ir/VJQaLxTpDYhyBrnLfU8/yV//5S1TkGEoKlJYZ4SsIgyrCKZzJROSpA2MRzhJIiTMJFRXCosAlXbq2TeNQRLtxnDNJitAdhmwbcWaB8XgElYLRMTLVVM4YQuMQztJOLEuPvszSwVPEAajUMCU0Lmmz2FqgMTIJSpNYi9OSpVabkZExBA+Bi6mEkrgTI6KEpblF7t57kEUiQi0ZbmvSw4uknUW2nZxlLDKI0PYE6j/jc/PjwHLrfD/2MbjsGWGdIaxKrt9zCW+5ZBjtvM9Jmib4IuyCKJLEsSNOUpIkJU0T4jgljmOS2HjrvCSm3Y5otbq0246lpZhma4nZmRnanS7tbsT8QkS7K2nOJgR6BGszS0u3coz1o0IKQWoScA4dSITzQX6tQxCQ2hStfSagtQkmjb19oPTXuBDaPydJcSRZdoDFCYeVKVKBFBolKySxRUhFmkQgLUKkSClIjQ98B2GIiQ24BGst9VoNrQPm5k5TrzeoV2vU6lWc88ddK02n26bb7bBly8UcP36MC9av48xJf81v2DyMoMr00QWSNC/KWzrnLstCdfkc5EeBABeAVUhRx4mwqE/mh2PnftaiKPL9L2Tj496YbXp6mpcPvrziNw8++CAPPvhg32fGGqanp/n85z9f/H5kZARjDFEUceDAgSIrc+bhGUZGRqjVa9xxxx3Mz81z4MAB0iQt2p4kPjgRRzGzs7NEUcSxY8dWH1ueM0QhLnEOH/ihN5YNAk1zsYmxBq0GlO4A547B1TLAAAMMMMAAP0Hkqn7pwCBBgmyEbP/ohzj4g3tpv3CMUSeppn5ZJ0FITRCE3vsxSVcfgC8XO5UU6kXmsOin7ko/9Z+J1YfeojRxzZITfm6xYv9F6V/pS5sT/eQTFtf3g/Jxd85bIdiCdu0tU66Z0N8AURxorTWVWhVrfZFIISkm0lZ4exY1tYbhW26CegOhAm9jcy71FP4bQk7+5igI5ExVLjMP39xndTUbHqzDSQof1lz1D9l5qlS8Qiv7Po5jTGqxVmBML7PA2qzo7DL/XB8YIOfJs2yAPD1/WbCgeA1S9mwECrsiXGaVIHrS/2wSaQsiv5/Qz9WJ9H3vCPoyA3qT9RxSikLR75xDZXUFRCkYQZ7BoChI/TzsKJQsJs+uiJbgi0mS2WeJNAsOgEvTUltZEbzpvbfZabOZPZC3BnJF4MeRpAnW+oJ99nVYEAxwPiFjyaXAKYeRlkQaEpkSaEFQCUniLhJJPQxwJiXtdAhqVbAWZxyjo0M0F+bQoUIYhwolsU1YaC3QiQOsMMRJwlKr6X2XGw2csKhAkCQJcwuz1Go1oiiiWqliY4exjtbSEps3bAAHnXaHbrvN3MwMWmvmFuYw1rC2XsUlCVUZECAIq1WfnYDLiMFS0O987NQFWNmzShOQlTO2CClIXYp10OyknFowVLSgLiu4KEHpOkpXmJ1NCyIrUL6EMLlgWQhaDrSSOA3VoEZAldkZQ3KyC9UaRndpBxZXGeKIrVCtOOpK4iKD7BiqQQUt63SMJWoLouMGpyUugTNRBx2CDEY52VYkaYLQgLDEccDpGYslwYouSdIhVFVGA4kyNY7vP4WTjsBYxtIqsgttYzjcXOI6C1XnECpXBJyH5+71QPgnhxVyxeceWaRDxgjVIRAWLVpIIakovOpdQC1w4CROKqwBCJGynmWmCdLUyyuEUCilUSIg12Ao4Z81qRW01TCPPH2CP/1f/oZW0+Ci7Ppb3r43vL9ZnNoZsBAGIVI4HF3ieJ5KJSQIobm0SBiGOARpCloqwkYAePEGrsbCXBsVGMYnK4xPDCFUzGKzy/QrJ1h/4SRXXb2bMKgRtQTf/c536UYRI6N1PvGp3ybQ8MzTT3Lf/ffRqA/xb/+3/5k//dM/58UX9vH2W97G7//eb9NowL59p/jLT3+aT33qV7jiiq3EMXzpi/dw443X8u///V8wNxfxB3/wXv7dn32af/lHb+fb39zLXXc9zb/4l/+Mp596hc/+38/jxAXg+otVCCHQWvuaQnnG448yEXAK0OBCBBqX2TH6MZp8XVZAK07Zj9Cusk3j2SwRTWrYvn07MzMztFqtN7yt1w0pcEKsEG84Z7BOUKlUabfb2NRSKhE1wACviUEAYIABBhhggAF+SijoNSFh81Y23fgODk/fSdpMfGFYwLhsIiw9wSjAT46cT8HNed4V051s5YWQPEuHdpn6N/ehX8Zrn3V66lZ7d45CnTc8IP8pCXFfdTNu5UTA5EQluZ1P//7Z4sBnSmuRBXMKRVpJzpnbLi3ndoSnUYQQBGHYI5od2BSs9L+LhWCpGrDu5j3ULtkKtVpxrgfoh3M5UV4+p/5vUCjQrb/n+tL9BbKk5rfGFSr/sv++L/ZrCtVYPpmUaqXdTjnj4OxeurmnvSesZZZ+Xya5yxY72ZoptP5Crli31hrrbLGefB1KKZIkQSlfz0JKWRQQXt2iqnfs8n1RihXtccXF3Tt++d/8tcF6ezPhg2m9zAxXBACsNbgssCKEQOa1SLIaDrbw6JLF+nv77rDO+CyGwrvLd4ZKqSxYk5L7NdsfWeE4wE8D+bULPpzqMFiRYkhAOqwwIC3NpRYjw0OIoRqLs/O0mvNUwgrDQZV6bQgZaAgUb7/1HXznnnvYfukOjh0/hk0MaybXoKRk+sh0ZiFhiJuOCy64gFg6Wp02p06dIgxCNm29iIWFBYxN2LDtIsaHJ7DW8uK+FwjqNWxqkIGmWm8QVmuMjY/RjiLmFuaYnVtgtDFCqAJc6ghCRSWoeDLMGKTM+onMdsSteGD8bOFJYS8i8OS/yBSqDpwhENITvYmCNCDQI0jjfOaPVaSxI9ABTjgQCV3bRqqUoCJRnhWk5gyR6RJpMHWNiVNC3UC0EsaokSRdDF1MJcQqhRGO04uzjA2F6ArMtVpIMYQKAqyL0K7lBRVBQBJUiJUBB1pVCLQmiZeQztEIhrEOEmfQocNqT4AvRpax2gjGxtQCje5E4AJcLSSyCXGgCIOAqrQ4Eq8AP0/O1xuFP8cl0YIT4DTYIFOK+H5YOUNoY4RTSNKi3orNxBBKKUw2nlHZM9k6SI0FoZBSFEXprbEY61AIpBJYkQWLnUCLiOFaRJIs4RjJxlhZ/lypf1jdUq8/iF1GLtoAWcTdpABj27zrtj1c99bLSOKE+dmIL3/1y4yOwh/94SfZt+9F/u6r3+byy7exY8flfPPOe9i4aZy3XncDX/rinTiX8t73X8f1N+7g5PEltNZ86f/7Crt2Xcq7b7ueJ/ceod2UNIZGiOMujeGEG/eM8PU7HuWf/dNfZGnxFBs3XshC8yi33fZWpo8coFF37HvhGb74hc/zR3/0h7zl6q3MzJzhT/7k6yw2I2bOLPKud11Fa+kUrcWINDYMDUlarS6/8uH3Mbmmyto1m0iiA2jlSJNX1+Bba9GrjGnOGcKiSQktRHYRS9dfF4Uo5o2hqKsk/DVTHuOUx0rQG3PJLDWxT4jhetdO+RrKfxeGIU89+RRR7Md41tnsGjXFMnntJZfNBc7Z2siRXcHZPiFwQmafpCBSEDHOppkNUE8QprWm3WqRJClh7ee62vgAP2YMAgADDDDAAAMM8BNEQdQLb6phnffxtMEo62+9ncP3Pc1S+wjSpgjr0+dVpoaROi82a3GpT7XOSa9SCbYSh2x7n7hc/p9NiErMf4knWxXLU75XUo0/Kfzkt/BacKw+GfImJmU1Tm/ysnwSYzMVtFyeVo0l5zGLrbgsQJNNdsNqBaW0n4wAWG+dYpGkQtHSinjTBi549zuRG9dDoHoXwgB9cA4CrXsksszJYksYBjhrsNZb+CAE1qTFZM5m5LGwjsQa0myytxrBABRkvTGZd32hmu9f7tUK6S0PEJwtkFYOJiz/zBhTFMuN47hQvufHIIoiqtVqofDLLY2SJPFFT631djvp2T1/V2v38onzqxUMF1nmxXI1P4jMTsFmmQz+uPrF8iKKfrleF9ZrZ3mTBQGQZSkI/D3mj4OfPOdBlgHOf+TXWBGskZDaiNh0aLUX6URdfw2HVTACiSZQBgG0WotoATU0I7oGoSKRgsmJSS7etpXRNROoRpXG0BAHXtjP1NQUl1yzi4cfeAgnJZs2b2DLjh0cPXqUnZduZ/6hB5mcXMPNv3Arrxw6xOOPP87Fl+3g8Uf2UqtUaaURM80FSA2tqEuUJIilJWrDI9SGR5hvt+gkKbXIMDYyQqAUUijCQBDZhHa7hbGGvEjmj03d/GOFD7j40YjO/opCcVCRitgIaiJAJQFah0gRoTCAIgW8LUqCFS2QLa68dic33XgD4+Pj2MTQkI4DLxzkGw/cw4WXb+KtN93MN798NyefW6DbXeKSi4b55V+9nRcOHuWOb+2lm8L6tWv4zd98L4iU//KNuzl6tE0cdRgbEnz0I7eyZv0IkdLMRSHdqMWjDz7Cc08c4b2/8C4uv+wiDh08yH33PkGr3aZaTbn1/dcztXGSgwdnefCevXQih9Q10jQllCFGKFIhiJRC6gApQEuHs4n3rX+TP5wz7Te5DZ3AIZzECp31vQaBQ1tHYIy3lBOSXt/ugwS9OjsO8MVQZRZAyovfWkSRtSqU788N9OrUCEUguoQY74+P8+Pgc/KQz+vprDwX+e99QV2JQPqQmzAEyrBhY0iz+SIP/uApFudCWs1Zdl91IWMTMVsuHmNkRNEYjhkZtTjXpVaLGB2LkKKFdY4whG9+4xvc/e0X+fjv/gp7btpBJ2ojZIySKWdOL9BtOQR10uQEaRozP9Oks2QZHR5j68UX88W//RK/+qsfY92a9Thj2L5tLb/+kV+m3epy+PA0115zFTfe/HbmznR56MEnME5QrdeotqvoQJOmcOTwHI89+iJ7briJe+9+lqgzjHM13Eo5UUFgC0D9KM9IAUIYNAtoF9FMXkHKBZwVWX1nsVKVdA7rHBoeKrKvFhYWkMqPv0SevYEsxhhCyCzwbwiDkDhJyGs7+bpCEqmktwWUikAHBDogTVN/7QlIjR8nSiFJbNI31vLZigKtdNYGnyG22rhoOSQU1j4WhUPjnAYUqI6v1SANFl/MHmuz5E4f7OhGkRczDDDA68AgADDAAAMMMMAAP0XIPGV+aISxt+xi0+3v4eBffp6KjZBpjMp8w0WmIJdKEhBghVfqWNdP0Dv8gDC3Cu/DKu+9lQyFzc9rj7ttj2wTZa3K2eBKlkGvReivMMRh9bLDP4pC99XbYJd95VORV+Y/2NLr8ud96rgfpZVKUKlVUVqXghClIrBO0laamXqFbe+5lZEb3wp5jYCyZ5Nb9vfNyz38yBCiRx7k6q5c5Z4Tyzab6Dp6JLnBExPSgcvU4ta5wi6mXAS4/N5v0xMlztoVae1COKTsLd/P4a8+ye5TPZdUbWULnHIwYHR0lIWFBa688koOHjzI5s2b6XQ6HDt2jJtuuom9e/fS6XRIkqQoUFetVonSiIs3X8iRI0dI4qRQtC1vy9nwam1arsITgJAuU7+VlXo+4OKLk9ui8LVfR95bLb83l/dgWZZBuS5DZrPkkCCszy4oMixyG4Kz7toAP2OsFuxCCGITobWkVqvRacdoV6VeHyJybeqVETrJIoIAJSVJknDBxBRKhSTC0Wm3OX7spC+qKTW1kREaI0NMz5xivtvi+uveigs0UZQwtXEjLx05wunTpznTbDJ9+gzX7LmRp/bt4+qrr+aRJ5+klcTsvvZqTJJyenaGZrtF1O6wMDNLPayTGphvLjE6NoqYmaUS1BgZW4sWEiEVUgQstOaxyhAmCUkcY0zS2+fzsCP3eQmldtmMtbWZlY8FbSBIIUwlWgY+UwONROJEiiElNS2uvv5Sfv8PfoOpNWv4/vf2sjDfYtNbruC3b78C1gjCiuUff/BqHvnqdzjdXSDqWNZs3syeD1xO/OgQ83c9xEzU4pb3vo/bf/taGlWIa47/6//8CrFwXLJ1C3tuu4lO5xQnTy5wwbqL2LptjI+8bw//5l9/mj17tnD7B3fzwktrefiJBzk+e5pdO7bw0Y/cwkUXTfDwA4d59O6HaCcKoXwNEyslqYPUJ2ogsaiMJLfC9/fn31l7fch7XCsEQviAjRASROyfc8KSJ0B64jwLteYq6L4+e7VByfL+W6x46Vx+z/vle6PQ1eQXPwoEDg0uAGlJ0g5p0mR8QvDhD7+ND3/4bdz5jZf4T//xST720fez97EH2bZ1K7t3byR1HaRKkLJJWJlEEGNsG5sKcClCWpR2xFFEWNekUcJSM+b555/n+HTHl3BCI9UQGzZs4qab381/+PMvktolbrrlMt72zisB2H3NJrrdmKNHE2Zn6sRJi4OHTnD4yBL/7+e+RhxJjI04cXqGd7//Vg69NI8OR5iZNeDW8Z27vsu3v/0U199wE2FQIzaVom9Z7Si+kWzeFf21NKT2JO34JEKcxokWVjQKgtyLnF7f+m+55RZ++Zd+mWazyXe/+10+97nPEScRw8MjLC42AeHFH0XGmOCP/vB/whjDd+/+Lvtf2E+SJH3rNcawc+dOLtt5GWma8szTz6xK4AshuGLXFQwPD/P444+ztLSElJIkTTDGEIYhWmm01kRx9Kr7YgUIp3FUcAyDGAExBDIEdzL7p3DOC32c83WTpCvdHAMM8DoxCAAMMMAAAwwwwE8ZDkhMTDjaYPsvvo8zTzzLqYcf87UAjANn/VQqG/ApKVFBgBSS1BhPYNmzadVL23FiBS8MWXAh49N+thNUgS96YPtVvivw01FA9imYS5PVTLtWmsaWFWP5Z6X1vK6tCqQUBEGAlApjDeVWGBxOKWKlOFNRDF13JTs//CGo13uRogHOCinz4rG2UOhL4SeHSkpEVmTb10/O1JpZTMUryL3lj3E9CyDokfFltX7/xDe38/Gv/TJApnKE8nerB5Hy5fNleu/zSXbP/18IH5BYWFhgdHSESiVk164r6HYjLrxwMxdeuJnDhw9x27vfzVe++hUmJyZ573vfS7PZpBt1efaZZ1kzOcmx6WkI9Kuo1nphw5X7djb43+TFtFW2Ct8H5Qp9b8NknNd1ikx9aJ31dhK23JOV75AVDrmQ/871bs6c4shrNYAr1Ho/PgJpgJ808ntOSolSAqEUteoQ1cASWghtjUA1CE2VbppS0yOMTQxTr4aodkKgNFIKku4cJI64HXHR5gvZ/9IBlhaWqAUVRmpDDFcb4ARDjQZhEKKEZM3kJNdffwObN21m04aNHJ2eJup02bxpE68cOszRQ4d51ztvZf36C5g7NYONU8ZGJxipj5CmKdXqkFd3uoAwaNDtWHS9hrOCqBuRJIYgDIp6GpAHMIueiZ/1E7sHb1WocvrQZb2UkCBV9nC04FKkNQjnsFYiRQWczxgQUmFtB6Uq7Ln+BjZumODvv/4Af/kXXySNFdt3PsU//ecfY8uFF7LYPE0agwgVLW1Ihhzz9YjjSUxLJjghmRit8LYbdnH88BmW5pvsuXoXd264n+eee4VKZYiu0Xz9m/fxrb+/i4nhi/jQh/bwkV9/LyP1Okop9j59BBk4RqdGsYdOsfmiTTQX5njkwZdIO6OorFixdAIhISZFaIVwFpVYAiPQNvM6J+DnhWbxwnlDrRYQygrCBsQmIcaQpBaXJD5R0foaNK7/h703r5V6etZru5chJjKLnlzz4P+57GEk+pcv2+SdcxcvMlsrh0BSCSsszsd84fN38fhjTzA/K7j00kvYtLlOFF/B8HCdm27aw9333M3E+AiXXbadK3fvpDkf49IqWIeJHVdecSUVtYmtW7fxX77xd1y0ZTNKVNm86WLGhhVHX3mcVjshTirc871n+bf/6xcxJuY977uRP/+Pf8v99+3liisu5aKt6zkzd4ZH9h7iO99+iN/579/PBRsv5/CxJaycohOlWBfxF5+5g4989IPs3L2Jv/jL7zA3X+e+Hxyg1R2m1Wrz9LPH0UrjRNUH11d73p9tDHCWh325XkAOiUPJhCg9SZROg1rE53W4zPXPvcpY4+yI45jH9z7Oww8/zA+f+iFbtm7h1679NTqdDt/4xjcYGxvj2LFj7Nixg/0v7Gdq7RQf+qUP8ZnPfIbf+q1/wre/9S2efOpJtm7ZSqvV4pVXXqFWrXHLLbcgpGBkZIR1a9dx3/33sWnjJrpRl+npabZt3UZzscl1172VHz71FOvXr+fkyZOMjY0xc2aGd936LqyzpGnKiRMnuOuuu1YEGvoOMQIrauDGQK4lrG5E6jU+zJUOkyYWYzo4pxDW+S7V9uRIb+TYDTDAz8eTaYABBhhggAHeBCgUsoDWAVZKwu3buOb3PsmdRw4RHzzIWmELv2uZcV1C+iJnqqIIHBiTYlKT+VFm9IBzFAXZylS16w8TiPJY3732vEjiFc2vYy8559nWuSxWLPNGggA/ijosP57QT/6vaNjqP10xRyoTt17BKoVACplZPSnSNPWZ9qUJlpWOSDnmlUXv2MJVv/kx1LYdnmT58SQf/NwiVw7mxL1SKlO9Z+ShzD3newExqZQn/UWWGeC8kj/3/s8DADl5nGcBlNVsPvOA7PJbph7L/l9YPGUn8dUUvrkdTi8DoBcc6KWy++3W61Xm5mYBR5omTE1NksQRSgomJ8ZJ05hatUKtVqHZnGd2dpZGo8HExJg/JsJhTbpqHQPfht52V6jxl2U25G1bLTwmixwX//9ifc4inM3UxRayYCdO0rvYS+sTve26MumfFz3JfyN6QQhjTKlI8GACfb5jNV9mIQUiCEhSg7MBAUOAxrQhFA3iBUN3URClIZ3IW0tNVBrUqlVmW4s4A/v3vcCJuRl27trF8UPTNIYa3LDraiphhdmjJ9EpRJ02Z6ZPsGPHJZw4cRJtYMPkWmZPnuaHj+7lzLETbNiwAYFg7fgEx6anOXr4CCTQXeowXGkwPjLO3PwCmoCZUwt0WgmKmHac4kQFIR3dtI2VhlBUqVRrqEAXlhY4m13G548VkABUZrXRi+YJn2UjFUJZrHQkIiUVCYYUKTVOSqyRXvkqwRpBGFbYtOliDh+a5967n2BxQVFVo7z09Gn+jz/5Gy7aOsrN79iNrsKmnZewWBknwbL2inHCMUWtKkibTS7aNMKNl27kqWee4Mknn+J3Pv677Np6MS89vR9pLVFXkpg6ia0xOzPP8eMniCKDUlVanYTpEycZXzPMRRdv45EHX2JsfC1Hpo+RdBaYqI8iUGin0AhiHLEwWGmpGk1ooWIlymqEcziCVfXubz5IvM2PZcOGNezY+haPmhK5AAAgAElEQVQUAXOLp0kFHDpynOmDh3FO+oytPtK/PBYsDTxL45tz1y9kg52SaKUIAjjAOpwtLVf8hmXP4Py7VbJKnUOIBCdSILN5SSXtlmPnZbtZO76FY8eWODVzks/+9f08+MDj1Gt1PnD7bRx6eZ7nJ49w/TXvYKk1x/fveRqRDiOARx86xM7dF5BEhju++j1eemmRuTPTRK1HaXcdUTekGxuckCwuSr705WfoJhXCoMEjjx1hYfYUSTzBM8/Nc+DgHNYEPPfMkzSXBP/hP32NILQ88+wJ0riKZQjEEAdfafJnf/Z3mFSDqeFcg4cefhlECCgOHTmNp59VT/9fEgy9qrL8LOfMZQOTfls9ByKl2z2NsfMoZcgrab3WZl4N1lgqlQojwyPUajUmJibYcvEWbn7bzZw4foJt27fxmU9/ho//k4/zr/71v2JxcZETJ07w9Tvu4MUXX+Sd73wn11x7DePj4wgEf/uFv+XEiRMorRgZGWFoaIjTp08zNTXFtm3b2L17N3d+606uvPJK7vqvd5EkMc3FJrd/4Ha+9a1vce111/LAAw9w+eWXg4B7772XHTt28OCDDzE7O3PW/XAIkDWQa9HhVoTeiGEEJyzVikTaFphjYLUXdOVZAK92IgYY4DUwCAAMMMAAAwwwwE8ZkmwILBW2Wmf4+qu59fc/wX1/8m9IT8zklqgrk6edH7BrXUFJi9aG1ETed9zYrB7bSu/uMh/tnOgLRKw2hOznlUtLuddmnH35qnNdPrMAcuUJw1msUF51q2fDOTDkbvmbUh2F1/h9fh6Xt8/Xeuj/sKfUliAETgqUlN4SSkq/vHMZcenJTgekErqhI5kY5i0f+RCTe26AoOEDAE7gC5kOsBryiVI5AJBbv+SkYpr5t1p6xePyAA3OYY3BGIvJlON5AEApVUx0VwYBQCmBtW7VCW6PGO8R0K9ms1vmTTLHor4sgpxkl1LgnGFkdIinfvgEnU6HiYkJxkbHOHbkKI16nReeexaF48zJEzz28EM0m0201iRJQrVaRTpLY6hGN1o9dd1vI1Pn2/6dy4/1ivflf/l3RZFIX1nDZwAUrs5ZqrvznrfGZkro/IbqBTrL9kHlYr55oMS3QxTkBFA6j64I7gySac5vLLeVEkJQqVQxVuKsRllBRQwTO4cwim60hDDDaOVYWOiwML9I44J1qChFa81FF13MXMcr/u/82t/jBHRbLTZfsIGo0+b06TM451gzNsGTDz3O6SMnuOCCC/j+f70H5xynTp1Ca81TR/Zyav1xFprzRC4h0AEy9ZkFNRUytX4NJI6qqBIvxaSdhEZQRzmNCiskie/KpQgwzpPkYVjpC8BZlz1Tz7Prc/l4wwJO+GeclRYjHalMiVVKomOUiJHaYYXCIFDaYdwSS/E8YQPOzDc5eeokQmiqlTFc2uWFp/fxystNLrt0FB3ewCd/60MsdXw8UFbmWDMs2BedpKFbvHPPLYwNKe579Ame3LePfxTCNW+/nG/f/XdgT7BhfZXf+vjtvP/9N1ILFOs3jvHc/hd59Nkfcs3brmJu/gTzCye4atdufrD+WXZefjmHjj7C6GjIkjMkWZaSNoIIR6wcTkHVgbaCaiqQ1lt1WIR/lJ9n5+z1o0eYK+UYHg0JZEhQG+GFV15GBQaEycZ6eZB2GQHcN4o9B9XJWdvhiwHngd68j3fOYVJb2L30ByFexxaEA9HBSa9QFy5E2Dpf+uJdfOVL3yTqGrQcwwmLUpq4O0Far/D//PXdOAK++fc/JAj3+WenlWhVxznNSwfaHDjwPNYJEBWcHeelhUVefvkZgrBCnARUq3UQEUla5bnnp1GqQZRYThxvU6tP4UTC4pKhGwmk0CRJ21sMGujG2T1nUnBdhAiQrpEV93U4FAiNFBo/uUiyg5T60f05jOv7D5Q9y9g+H8v0n38hEyDNhtdVkKaUeff6LwZnHZ1Oh2q1SmpSGo0Gb73urRw+fJgNL2+gWq2ydmotExMT1Oo1tNKkJiUMQ4aGh7l0x6XUa3U2btzI9LFput0uo6OjTE9P02w2OXrkKPv376dWq3HNtdcwOjrKJZdcwvD9w5w5fYbnnn+O9RvWE0cxtVqNkZERxsfG6XQ6HHjpAENDQ7z00kts27aNRqOeBQDK84rSoUTgZANV2wDqAhI77jMCRIx1I4h0HNQ8zhpyu9eyqGsgYBjgjWAQABhggAEGGGCAnwFyXZVD4CoV1t72bnYdPcazn/ksdmaeESuoJA5ZTLBlafzoENKrxwNZRWuDM8aTZVZnHtdgrcFmBH6hZc/8Ns91uC8KmrtEjvZ9v/z/eEKvbKxtXaEF61teyJK3d/nz/m30W6WUlyy9E2cPaGRMZCbIdqt8V25dr4BdPpEt647LrfXfrV4XoW854T2DfUExP0nOszpy5Nke1oEhxSqJ1ZKFIKA9sZatv3g7m2//IAyP0CvKt9rODtBDLhHMbGWk7V0neUFRY3xAJgsMOAdWen26sxZrLMZYb71lTEEkCwcq8AEcYV1GhmX+rELinM1Iu9KVkKu3fIGP4rUQcsU1vxqWE6D53+VFg51zBEFAtVoF4NjxY1RqVRDQ7nbRSqHDgIWlRaSSJCZFBJp2t4uSEpsVsHu1duRt77ufXHGr5bdkcWxXZEKU1lFkNggfEnQ4X3PBZhPdIvPBUkykhfOETRa06/URGSmU2VHkxz7v94wxmCzrw1qBsQ67vBDIAOcVzkZyGCyJSTGxwKQKa0MUGqlDqtSo1CdApSy25zBpl05T0nUGggp1USVZ7DI3P4sKJJBQNYIgcUyMTDAeVllsGxqjY0xUR2m1Whx6/mW01hhjGKkOoZRkw6Z1RFHEBUNrSZKUqBsjnGZsahKMgG6dJIFAjGJimKheQBI4pNQoLbAiwqmUoFYjdgGVahWkwBiHdcJfw8LicJ6oO0+iVJ4+9M815XwwwAqvilekBAK0MYRxSs36uzrREiEt2lj/G18qAKlCcJKG1kyNDzFzao659ChhaLjuHZei7CITY5Mks/Dp//x59r0wTWpibrxxG//oNz5AN02Y2t5g555tLKQJbRNRmxjmWHOJ9TtGuXjrBA2d0F5o8uzBlzl45CjrxsYZndxFtdpgdKIOGprNDi++8By3ve8yNuyYQowKph8/wcYNb0GGklQm5CWPlU0IJEgboq3ACkuiBM4KpFMZVQ3izf6QLt16R44cpNvpErdjEtchEZIolgShQgcBQRCs/NFqAYA32AxXeo6Wyx4VvXz5UfSaxKhc1kxXrFhiwSmkCH2AmGGsSdE6QLgQKRwSRSWoEHW6JIkiCDVISZpIXwuDrDy9AOs0oBEocJI0ibF4AUE3sgSVCu1uRBBqpJI462vYSKkIKlXiOCWNE3S1khVK1li6CCUwSQipRKhMDCK8NZdzKjs2DmSKcCY7YBJhVfbsNJlQAVQW2Pc1jyxSiiw43zvC1uZjpEzMci4nTlisSzE2wRf9Fpm0xYLLrD9fB4mdn9fHHn+MKI589uLkBHd95y6uveZannzySV488CITkxN84pOf5LHHHqPZbJKkCWfOnOH3/sffoxt1+evP/jW7d+9m06ZNhGHI9PQ0JjUcOXyE5mKTdqeNsYbmQhPnHA8/8jCnT5/m2PQxtNYcO3aMKI546OGHuOrqqzhy9AhxHHPw4EHiOKa11OK+f7iP5kLTtxsBqMwCroKnYBUQoKoXgdqEcSM4fF+IkOB09k/6IFtxEPwfmxWKfyN1Ggb4bxuDAMAAAwwwwAAD/Iwgy6Tz2Bq2fOy/I27H7Pvc5xHNiCBN0DYbKJfIYi9Xza0/JCARUiNLRUetNSRJ6n05bU9xXLbkkKVxd+ljZGlylBdfy5XNxWf571w+FRDFigQgXW+G1rcdIUo+sZ4Y7Nm39si64hiJXPnlidViPbKfDHU5sSv7B8Mi22ebEYh2+WRjmTg5VxPn6jJLL3CQaYaxrqR+FpLl05ecT3SAk6JQmPdUnb3CZy47hhKBy86TEbCYRIhGg/mRCS77xY+w6+O/AZNTEFb8hOBsGMwFCkgpkNKr661NMSZFCD+xVoEn8gryGX+tWWOyugA9pbgxDpOkPkgg/MQYBamNES6gElZ80dmsoGdqBcb59eXXsrU++CBkKQMnDwZk12eO5cR6Xpy4jDJ5Xi4O3JfdkKYAnpiRgsQadOhJGk+8+WwUP6l3qCCbFoj8vusnUso1EHq2O1lfQrmYr+8ThBC+GLKxfQru/Hjn67NFwV5AeCuJ1Gb3GdL3dQ7AZBkCAinKxynr3zLbJp+eIEp9WNbP4PswbwEExjqE0EVQboDzE6sVlfZ9ucEJR5oapAxJY4dAY63CKY2xKcoJKjZAS0m8FDEyOkxiuyzNtBBmkrWNEVLbod2eJdTQnnGoCCR1albBYkiNkHp1nLpZ8kXarUNpf83oSBMwROAUwglE4As6ajeEExqMxgpfiwShEC6gJgMQgiiaQwQK49pIYanX64QVRWosibFI5ZfzoullY4CfMRyCRChAUbXel91JRypiUtulIiroWKLaKVW0D+ypAGMF2ko0AhslKBFgdZWjR8/wjuu3c/WVOznwyn46YontV2/lk5/6KIefexmXaJIY9h84xRPPvEQnihmbXEezrVhMNesvm+TiqzYyH7e5+e03I+pVEhKmpsbZesnFzB85TZKk3P/AXr591wOMh6OYSPIL77uBqakhkm6MtFWOH5mjUg/4pY/dhqgajh0/jXxL1Y/BtMGqFCUs2lpCV0WbCjJNiIUhDrKMQOMQ2v/EFzz5+cDGTRt467V7WJxf4Jnnn2Xd5s089/zLJEsGENkYqmfv4mFXvn5Dh8R5fl706WCQDoQTOHG2zIPlko3S1/nyfc3196j/3K9TiCpIH1D2Ae7s2eoMUkFV14rVWAtCKpzIA9q+plOe4emcw6kUlRH2SgisiVBSY1NvBSjyZ6F1pCZGCIsKA3AWZwSpiZHSt0OJGsggmyN0fBDAeZsdb8iVEfXSIpxBUkMQINE+4yjLqDCpKaL3QmbjW2ERhZrfFbWT4nRllvGrwZqUJO3giH2bhPS5Ig6f5fcGVOxRFPHoo48CkCQJS4tLPPP0M8RJDMD+/fup1+t0O126URcpFX/8x3+MlJJmc5F2u8WRw0eYmpqi0+3QbrVpDDV4+JGHGR8bR0pJRMQPn/4h1UqV+++7n+Zik6gboZTiwIsHSNKE06dP8+ijj5LECcYajh87zvz8PFEccfDgwUJs4IQE6sAoiBG0GkbJGg6NFReSmjUgKpngyiFsdq15fyuEyGpViZ76P0kSlFKos9g1DjDA2TAIAAwwwAADDDDAzwh9enalCNdfwBWf+ATaSZ7/wldRZ2YZSRKUMCgrwEryvHJR+qkQ2cShJAqXUqJ14CcqpjcJ6yPOVxl3i2WfC5FPgnrEvJR9Le8RbWQ1A7JBrMzJwMyzOX/tC6v2CES3rHaBLJE9UsnSdnsD3fIyQgjP95Xa2N/+0uuMNLTGFKRrXyEylxWyy6xBDHlbXREM6AsA+HyHFccxb49f3mXZGGQKKFFMS/0yXvHshAChSbWEoRFaow12fvB2dn7qd6GhoZIRQnk28QCvin7iMFesZ1kArlcQVpSuiZxQz0lpYwzW9IoB5149zjm01lQrVZRSmChCSYUV1hft1r7eQE7er0bgQynAVvq8TOYrpfrWkX+3/LpenhFQJtuL9UpZ3JP5ssYYcqOAoj1ngRCimGy6ZfeOM6vvZ3mdZWuANE1XriM73nmx4Fyxb61FCdd3zJzzfUZRw8F5wiJfxtp+sjRvQ67gzifP1jqiKBrcT28y5H197pOfnXWsSxDSMTE1idCOuTOnGa5poqWY8fpGWksRViq0HqVR2YAjxriU8cmQiq4QRV00mmpYYbE1g40ilFbemqfms3qcgySJqVQrmNSiA4VJDEO1YbqtiEp9iE6coLRGKAcywdoUISDUIWdOzYJT1IaqRCby5LgVdDpdVL0CSRcnHFIte3adRxBADQkpEPsHkg4codLEKKwIMFLRViGLQYAIQ4ZTgzYxiZSZRU5KwzoWOx2+ede32LHrt/jHn/oAV17/FlJruejCKbZtaXDPnXezdu1mqiM+mFevh7RI6A5V6FQ1qXW84y3XMhmM87//u7/guX37iYRlYu0kf/zPP8Gll+/k3pkFlgDCkLQTo6OUpdklVE1SrdQZRhLZOjPH5hi2hlvftoNvfuUhTk6fRI6MopdA2oCOqBILgRMGS5WuDgidRSagLKQKZGDROdft5M9N3xLHMWfOzFIP6qwZv5CRxgYqwSwL6UmfWWUSfPHjEukvlr1+1WNREpKc5Vus63teWJc/P8gyxM4VK7clCsW7zEZ1tj/hRuRZZdk/kQUYlgsyREZsi5zbdkiXhyNc8Tdfpsjo9JFr8mxVEEgnsjGHLTZXLOMEkODV4SkQ++8K4Y1EiCwwicyIfwUI0riLDhXOxpg0xhjL0NAQcZLgnCUINIh87CsQKMJKhYWFBcJK7XUc57zNvQyLnMh+o1ie3VG2R0uStFim250plnDOcfLkcfJzJ4QgirtMHzuKc45arY4QgmazSb1WJ6yEuMTRdm2WlpZI07QYi6RJinUWZx3GGuI4Jk1TbzGJwdiENE1ITZptSyJcgJNrILiIIJikEowjRYgRkJghpK1ghbf19C30GRqI1GdwCIeU3gqxfElKpRD6/AkMD/DmwCAAMMAAAwwwwADnC6RCjI5x6e/8LlRrPPflL9E8doSxbsIQjgq5fU9ueZEJBJ0rSOXlREEQBKBKBHdJ7pQNhfsG0CsmRUIW359t0N4rlSsKP9HeINbPfCy5rzcgZSFmLCx0SinYvX3wyv68uFzh8S36QiCFStL2tSZHPuHIWSK/LSecH8SXJpPZXK1nHSIzFl8Lv+7SMiJLa3D4Yr7lmaLLWuEE2UTBIoTKJqiebM2tmXLlnAViJ4i1ZiZQdCYnuPKXb+eK3/wN7FiVOAyQWiCtRWZWNj6YkR+CnxOW4ceMMnEO/loKleqR/tYWxPRyQrrIALDWT+Zc2bvfBxM63Q5hEBBkGQXWSsgyTYJA+/tH9K5dtWzbRfvy9dqMjncuuxZdKbCXXctkl3xukeP8tSoQGGtLwbrsWsf5Qrp9Byb/mVdP9hdZ7bVXZLeCy+5jk6bFa+d6gYPlAQBrXdH2XlZN7mGbq/7LxZX99+VAhssCZ2ma9tVo6PkH5yjXAqC/r6A/8JAkCWmaFtkRCwsLnD59xh+MwT30poFP6jBFRptwnjC31iG0Y2g8ZOPmKY4fM1xyyRYe+IeHWThxiuGxUcJ6FZNWUFrR7s6jjMC5kCgNEcoiZEC7q6lX1+JcgtaaVqtNvV4jimLCIESLhEAFWOHQWpGKlNTF1CaGSK0jrGgcKWMTQ2zdfglpGlGrVMBqHn/kKZaaXZwVaNmgY7qknTaiZkiSCBenOJciZXbPIAri7nxCHnSTOYmJRDiHklUcIUZCIkNiEVBxisBAYCXdQJEKQWAFoXCEssHz+w7ymc9+kxuvvpYrLlpLRSoOPXOCO+94nnu+/0Pecl2FO7/3CkuLBh0FjKY10mMd9j0wzcKhFhPr1/LM94/wwv0nmWlCZFO6J5s8dO+LVOujhJUNPPLUQU6d7FIPJlFihCMnWvzgkSPMzThefnmJTsvSNcPsffwENTHMYw/sxyajHDvUotp0BMkIzmoWA+NJX+ez9RLh0EoQYHHSEgtDILKxQ/Gcf5OisFlzzMzMc2LoNN2lLvOLcxw48jLGhdkzwrKcmP1JNqlsAfQaS9N7Voi+Z5LMhm3G2Uy4kj0znB/TCWe9rSbgpPXJHJk4oHj+WS9MKZ5bkI1ls+e98GNoa032fDY4YQiVyZ53BikC4sjb7oUVSE2MVgFpIggrChUkxHGXteumkEKwsLCAlFXaSzGTk0OkJmJyzQRR3OKVQy8zOTGJkgFnTi+wbmoDc3OLCCEx1nHB+lFGRxqkpsOGDWtwOJqL80yMTwCSTtThySefYPv2LYyNjtLtxsSxIQgbTB85Tpx0MMb1gh7nchJ62p5z/83rQDnLMhcEAGgVZEEii8oysIxJUdLXBJBSragbVAkrPjOS/Px6IYYUkjiNSY0n/62x/m8WEHBZFqJSCiEdQhgyXzRAgQuR4QZcsBUZTmCoYSDLYgt6wqziODkQMca2CaXPXEV42lbK7Gq1lmql0ifIGmCAc8EgADDAAAMMMMAAPxOsrtowQqLXTXLJx3+d+uZxHv2rz5I+/zJyKULjU4ZdafLTKyjaUzTlqv38dUHCZem9y0fjniv0SrXlFjr0kohZteBsSf3fl1ZdnlDhzjphc678aTZTKBF2QvigQq+Ibn/RVfKtSIES/Qnnfo29lPScVM1b551a/XGxRSAgCybYnLCUXqW/zAolV5s5J1bZZqbsFxRWI3k2QB4QKdbhwCFJhaIpYK6qibds4vrf/k12fuB9uPUXkAZhFkDJFWpZCoDzpMubmV/4SWO5Eh5AK13Y3uRYbmnTI6YtxqSZgldgXbZO4a1ptJZUqiEA3ahDEAaMNhqQq+szoj9N0xKpLop159vsKfsz/kCIbIJpisCTKL7MlKXZtQv4rH+RB95EFqwo+e+XMw6guAatW0aeZ1g+MV7teJaP2fJMh97+SJ+2nis2S1kXkNuYkVkaCJKs/kDP77/HHpSLLPfalu9aryCkX7a/f80/z4l/KSVhGNLpdFhYWGCANx+ctQUZaJ1DKIkwAktC6iJUxZHINjt2XcjJmaM8PLOfNZvXsPWSjWAnaDRqGJqkaZfmvGFxIWF+8SWqocTFNUSqiDoaKQStzhxDo2OIVkIUtZBaElQ069at4+j0UcYm61y2exujk0MorbHOce/372Hrzs1s27aGvXuf4ODhM6RdxcLiIoIaSeKo1GvYriCOYuoNMDZBmJS8bklh9XUedvIRBhRUKjojUMGrlrUfBRiwxqESi05SnHWkQpGgsS4L1uRB/kTw6APP8sS9z3Dx1EaqssLpuRlmOvPIRsi99zzNQ/cfIF7oMuRGGBUw99g0Xz7wJWa6Z6iNN5DtGtHpKiONcSwpqgtf+8KDVOqKVtpi/0v3EDdj6nKKWFX5h0de4PH9L9M+scArBzrECBaiBl++4x/47vf3MrswQ6et+cpffZu19QlsS1FVmm7g0NISpA6swYkUK1OkcCib5QnmUdvz77S9TuSqbcuFF27m6qveStzpoCpdYulotwV3feMe/zjM7Cj7xrbl+MePIRYi6FlKCpdbAOXfrjam7o2F/XPcUK1WMEToQOFMinOmsOuzqcU5n7Fq0gRr/XdaQaWukU7QarcYGh6m04kYHRmj0+0SRylD9QbOOer1Gtu3b2V4uMahQwfZsmUrYaB5/rkXkFKw74VneM+738Hs7Cl2776KNBZ8/Wt3kyQJv/M/fJCv3fENLr98F9+/Zy+XXbKJK6++kG/e+W1uf+9V1Bt17rvvB1y6/Rq+d8/jfOj2d3L02IuMjFbZfOEmPv+FE9y45yo2b9rK33z2i+y5/ip+8OBjJImlG7V5923X4USLp374CLuv3sXevU9y2eWb2XHpDr77ne+yZdsWZubq3HjzJSwtLfHUky/zoV/8NZ7b9wp7H3+IxcUujdpE3+k9l3P2k7wN8jnLijFM2RI1U+yTBWGgPMbx/atzXtFvrUWW6jIJIdCBJrRhQfqXsxWVzgMJ2fgEHxj12R4CnELJGroyhZXrcaaKQftxkUiKOZAofp/9dSnQIQi9+t9foxKpFNY5kiRhcnISrQZ07gCvD4MrZoABBhhggAHOEzgcLhBEwqKnxrnwQ7ez5sItPPeZz2G/9wPSk6cBhZKlGVVOoGdBgB5B5l9LUZqaC9FnnVNs18uUsKJH8FH85rXTS8se/yvqCrzmTq8kH8WyAAD0+6mvsBoR9IIGKzbav/7VVGrOOUSeWp6/zxRt1lisyIIFznk/Z+ctYSALOKRZbYGcPM7IfwekxmKxXq0PRfCmIJidxVpYCAJODdWoXnUJt//hv2DyhhuAACNDrPOTCq8BtUW2eBH3GeCsyD3xyygr8PP35ddlb/rlVjXldRnj1endbhetNVNTU9RqNc6cOcP09FHm5+dptVpYa9FaF/Y5/p4qEeh4FeJyLA9elDMZtNK9gBI9EjwPlBUe/njFfZqmhZLNf+7JNx3oVfev/57pbScn0JcHAEycZIGLYtFStkTvfZ5RsbzGQP63Uq329VHW2swqIQ8K+P1bHjzxr03pWPV/lyMIAqIowhhDEHiFYL5PA7z5oGReVBJAYhy0OxGVag0RhCy2Oix2Oly0fQvPP3scdIQIujx4/w+o1UL2vG0Hmy+c4NiRJiMTQ2wf3sqWi7fQaVaoqjqBhqNHT7Hvecmt77qZAweO8P3vfQ8pFRu2TPKe91zFV79yjF1Xbmd4ssF9D9yHUpr3ve997Nh5CdVGnfnFFidPzbFh/Xa0G2Xm5LOkiSQ1FmUsDn9fWuutqIQSgMFa3/copc67BBUHGCEwWfAuL//q9QX+IecEKJlSUV1qqkMc+H5vKLWIJFtPCIGUhHhVrhOakydmEC2LqVQRchjdcZi0i9UWlxoSpSAISeM2c6dmCP9/9t4zSpLruvP8vffCpCtf7T3QbDQs0WoABGFEEEYkBZFH0ixFozOaoeac1WjPzhdpNHuW+3U1O1ojaY5GM7vDI1Ezo11qZWZJURRoAdCAAAECBNANoL03VdXlstKFe+/th4jIjMyuanRDNA0wb5/qjIx8EfHC3/e///u/NY9O21JvtvDHxiklEmkUJRSdZpPluIMuCfyzS9RUBSNcAmPorLRpN0NG1SjLSy20EWx0xug02pxsrmA9mFRVwvkWJ52QCmVqSYKIwzT7xEgcE6JshNAhUmhsV4ZM9pyA6+i8XbMJTR4EOH3qLLPnn6DiV9mwaRTjKsYmNgEqzYmzXnAAACAASURBVOPsIvGD77Ki9v/gb28dHrai52tdjSklWb9+mnKlxMzF43zo59/HU09+nbv27efb3/4W++68g4/8wodptlr8yZ/8CQ8/9Ch3330nr732OucunOajH3uUKFI88cTXuefu9/DUU0/xwQ99gKNHTvPn/+XPeezn7qNWHecb33iSW2/byMUL5/C8Ftu2lvjKl7+KNZb9+/dz8mSLBx+4he+/2ODAq09z6y13s2fPNCdPnOLRR29DyGU8t8ozT9d51433sn3LVlxhOfDyD5ienmZh9iK7Ht7Ed6VgerLC0nLCls0VtmyqsW7KZ3xMsn3nJNu3r8MS45ccwjAkigVPfOUr3Hv/zdzz3n2s3zzGI9OP8PQ3n2Lbzm088tjDzM7NUhsb4d777yQMDK+98TrPPPssYcchSSTl0kgqVfkPSPaw9Opk/TAsB83tGp26PDu2B/wXTSJQ2bjJyvS6tKI/rJQHYteWTBTpPdNlPKXrcRwfR3jEWX21rqY/GotavedCAyFKmjT7V6V1xKyFThCQJAkTUxNpzbahDe0abBgAGNrQhja0oQ3tOrCuBI1M3dOOEfhOicodd3D3p/9HLt74l5z58lepnz5NNUoo6xhHa7xMokd34cCsQGbOdhe2y2bpB87zwEFWJVWI7EP2ucV9WuODfc4c6dTXTR3evvoBqyyz2n7n3m8uLZJr9fekTDLHWwwGOLLluhopogs8pOsjCzCkP60O/meBF1OQAwKsyRiKUnTB/7wAsAVMliYsbZaxoHVaCNaCydmbkAICwnYzEbQwaAGhgA6SQHoESiJuuIGbP/go7/21X8WuX4dxFMorIWyqA6tyUmG2f4KrH/her9ang3+F36/VLi8Y2g8y54C/1ikTLP8sBgWKEkD5Mvlqi/eR7/sZq7BEuVzmjTfe4Nixo4RhUMgmyLJJTHaPiDyDJQP1IUtdL9xr2fVcgOEh1+3pNqI3b/BYDaLvvQ321tcH2Be+d6NL+W/0f1nltOQZFUWwvxiwyAOS0MsWKLZNu2qJowghJY6jMvDT6VtfHuAYvDbS7z1pNDsg71W0RqOBtbYbAIjjeGA9l9tq1+jVtM2DKmtlUbzZNoZ2uYmMCelIFyVcpNAkNr8NBJ5bJoyg07ZUqtO02gnnzi7x4EPv5+yZgziepNMOicKYlXqLkdEaX//6t4gCxcMf2E27E/Hlr36boN1CijS46zgu1UmXG27ezOzSbo4cPUIi21QmBW2zwuQmj6XlJl5phCTRPPfsS1y4cJbbb7+F3TduJWjHOLLGqWNzaAvCcZAmJjEJqJTFGsUxrpW4wqWIsb3Fx+CP1IQVuDg4Jn03gUWKFARO33EGU4baBo/te8YZr43RkOlzthKAsIrExjhS4TQa+B1BFIN1JYnV+J5D6ArsxCimJjAiRumYcgQ0Ihr1RdTUCMlImciHNhHVrR6YiPUdi9vStIMV/A0eTkmhhGXCAb/TptNOaJc9piYkbaFxbYctiY9bj1ArddpOgrepxqXGEo7s4G8qs6IM44mh1ojptBcJq5J4tIZNJOV6SBlDxYFIGIyQVOOsXtHbXp6j62RRX+rQVi1aKi2ObBxBrI9SchwgDxSYficQBr7b/vX2zRucv0pvbO8vtzcHk7P3vrREcZMPP3YXBw5atu8a5aabN/GhD9/DwvJx/ErEgTeeZceOnfziLz9MEiX8H7//P/PzP/8hbr5tK889/ywXL8xQKY9RKTtEQYsjh97g7NmzbFg/wtTUCNu3beab3444cuQgc3OpZM5NN2/DcR7l7774JcpVxdh4GenAyEiZj338owgqfOPrT4GMOX16iVOnzvD4z3+YkbEqd965DyGbPP74L/HqK68SR4pGI0IIxd5b9jA7v0CzpamvGMLjsyg1ytT0dk6fnGH/XffSWEm4+eabuTizxMuvHmLfnffhSMuluYCV5Vk+/4UvoJOEsreep556kvfedx9bNt3Ev/qXv4fn+YyOTHFqfgFhfYyRRHGC53u9Y3rVGkDZlDVYIxG2BqzDMk6iRSqZk2f7iVRS52r922t7b2ZZhYLswVokiOgMdM+k5aQD+BhRIUERyYhYtTCygdZ1ehJ0g5YWiM8DZ0IIlGNBaKxNMjKQyq7hvPCzQOa1J6xFEGPpIN20po3AgEywMsagieK0JkGtOtIlFQ1taFdrwwDA0IY2tKENbWjXiQlSFopjFY5IWW5aGthWYuN/988Y++DDnP7K1zj95a+xcOokfitgJLF4VmaFMgVKiEy0xyKxKKlQQiGkzLTqC8GAzPkVMpORyefbLBAgMvdU9qRFRDbYt8ZmKbZdmCJXEUqnux6pvXxAWLCU+Nwr4masLaS69jP915qWxSwFIfoDANmBTYcWq3OErM0DAGSM/Ky17bXPNT9zUl/304pMI16n6cM2Y6bZdB3GWmKdEJsEKwQdq2kpQ1sqlrwS/vYdvPsDH+SmX3icyVtuJXEcpOt2dT0FBpUVButGiPIgQIFtfT3bIHP+x7mOnPlujCGO4xR8lj15nvyzWCsgzxrIpaa0TsjRcWNS+ZokSQFkx1GpRq7rcPHiBQ4fPkQURV02ZHptaZTjoMkZ6nmQAXIwO7v9+rJcigCxMel6sh+zg3L5/vZuuwGAPJvXZbDlwZDi0LFwz15WM+BNzOh+Fn0hrtftcw/wzy7cXEYrDw5Ykz2nUl31TrvdZfIXdfz7B+19Gyn2oO9Y5pZLMTmO0z3vSZKgTTrIXus669/+2jaYRbFWkOBKv3X3ZhgQAHr3QvGezItjK6nwXIVwXUyoSXWeLUqV0dolCn06TcmBV07xwUdv5NZbb6MTLhMEmlq1jDAVpBnBFRMIxwU9xuTYeu57zwPEpoMl4dSpcywsLLK00uGllw7w7v1345TKdDod2oEA5fKNp77P9u07Wb9uG2OjI2zfupljx6aQJJw8cZFvf/tppPAYG91IIuoY46I8DyMiBAmxCUiiNqItKNXGcRwXJVV2nebB8J/wiSiYAPzYydTocuBXpymA0tIxAbEjueuh27jl5huY9MaJbUKzUUcaRW3zBEYa5EwbnnsDefgcS40mC8JivCrTtsbSSpvpO3Yz+dhtJFWN30xQr53ltSe+y6mwyc2/8F62fOhOFnxDUhIEKqGkBdWTdeYPnoLRCrX37aEVRoyFFv9Cg9e/8BTLl+pM77+dHffuxZnykVpgDl7i5c99BRFLdt6+G3ddjRePvMrmu25n3b5b6EiYjkpc/OornH7+Wcbv2cvkQ/ciQ4ezX/wuYu4iN+zYSKA0Bhcb2LQAtKt+0qfqH2iSFNyXeN4oiiphEKPcUqZ/n/pGFjJ5yaJPCF1Qt2/6rYH/eYsiscTSv4XLrbBNY2iszLHSWOQXPvI+/uNn/j2/8tH/BuEYPvbJj/D0099h09Z1HD52iPnZOfa8aw+O61Iql9C6w/hYmU0b7+QbX/suYr8E7TJSHuOxh29BaHCkw/HjR3ngvQ8wc2kWIT2kkqw0Dc0gwauOooXH4x/5FZ57/jUWF1d44/BX2LPnVkItqLcinv7WKzzz3eMY8z3Gp7bx+S9+jZnZGXbv3s3sfMj84hzLK4Ivffnb1Goj/O3fPonjuzz3/Ak2rN9Au+Px2T99gmaryYaNm9BaU66OsLjQREiXJ7/xPCNjFdqtJsZo2p0qYPn7v/seUObJr73cPcLWdrB2BqybHkIpcf3cL8n906uxghSPsUhRwlNbqFZuw/MrJKaO6yXZuz4GW8eKzg/dte2RKmyPnG8NApn5IqmcF8JgpYNyxnGddQi5CWyZ2OugwgW0OQtEYPOAQd9W0uNlNNgYrMXYkCBaxrII5QZKlrHGyY6rg7QOysrUaRIGQQKEmKRFqSS7YwErDFbGWBFnPqZg/br1P+SjNLSfBhsGAIY2tKENbWhDu86sp7kvsCoFw21ljMqem9m7Yye7P/rLXHriCb7z13/NyomzlBodbKwpGfCsIOVjWYwwOEJmRanSAECul9mnpS0FpgCOC5tJ7mTtchkhgcgkfmwBKIdu+d0iQC9zdPrKbnwf6z9fdg2kY81ggOyfHtxirxIBq4YAUiDfdqcvA08tGK3p6v4X2JkGgdYpm1zbVM4BssKqQhIL6BhDaMF4ikg5NASM7nkXD334I+z9Rx/FX78B6flYx0U5TjoYyWg9/RUGCvv2NqP/vxU2/2rXwdWAokXGv+d5lMtllFJorbsyOKmshu3KwRSL8+bgYhRF3fVonaCUQilFHKeFQR3HIY5jtm/fjrWWN954g6DToVTyCcMOjuNkerMmZYtld1kaG+pdb1IpHPdyl7wov6V1Ong2xnKVWHT/uugx6Hvs+7XPibnGAIBY43osSvIU5qYZA1nWQFd2SdjuFa6TCNdV2EwGBen1ttUNKA5mArz5tdGrP5AGA1zXRUpJq9nKGH29YyQL/cuDQoNBhcHrcTCYlLfpP/arZyYUgwdXkxXz0x4gcB2fOIppt0J06KF0GqD2fZfjR45w+myJanWE5QXJylLCV7/8JB//5ONEQYjv+gTNELQiDgxJFCOlQOuIixcu8exz3yfLC6LT6XQzwC5enKdef55HHrmX48dnaLWgWh1n566dHDjwA5YW5klizWOPPsb4aIUwMGzeuJ7HHnk/W7ZspdHQLM5/kYWFFayTEMctcEIcBbG1GAOO46GkjxDX+TA9i3ZbJdIsBgABOonxHQ/lwIir2TBeYtKtwKunOPqt56ju3s6m9dN0rGHx+An8izPo+iJ2ooJaN8a2PXuZjCc496VvUX39FBPjHkHJsHj+PAs/OIJz7AIbXckN4yNs3rGe7b4kSCI8meCcv8CZ1w6w3Fjh5scfJ9g1TZSEbOpYgkvLLKxzueuDj7LxZ/ezHC7he5JaS3A4eJ3KtOXu/e9hy9aNfOlrX2TnDePc9uAe2DKBTWBiwTLbPMfeHSPc8vDtBHvXEV6M0BMO0xPbmF4/Si7tgRDvAPY/PT9DJGzYOMrmDTeyMDfP+QsLpMKIdAnVq8lL/si7x7W4QgKtBXNzC9SXthK0FO2my//6b/4jn/j4x6n4m/nut1/j1VcOIIXD5NguPvmJ3+Q7zzxDfeUCnbBO2NFMjGzk85//FocPz+B5p3n6my8Thi1ePfBlFhYWmF63jjCOiHVCEIT8/u9/FmMtCwvzHD12iVKphOO4BEGAwOHAwYuEYYyUI/z133wD3yvzpb9/jnK5QhDMYC2cOfcSJd9HKQepJnntjbMZacaSmA7lcoXDRy+SJAlKCYR0OX12ASkkYTJPHBkcp0InSujMNRBCkSQg5RggMbYNIgIrwZRIb+gkA6k9wIAJQEZrv2XtavWoDL26EA5YD0dOUPa3ILxN4FRRYoJSLdPmNw2iVmugtsOP0ARpdq6MsaKCoIplFGsmkWIzjtqGUhvAlNGijYnLuMpgZEBsEqC1ykrzDIC0ThRWo3UAegaSEZzSBFJUMKaSHmtrsMLNlrNpxrC0OFkwIK2vkdWBEQqLIAhCyuUyGzdu5CpUWoc2tD67zj2LoQ1taEMb2tB+uk3koL11SKwGr4wzMsnmxz/Mrzz4Pma++wxnf3CA84ePMH9uDtFoIzohwpqM0WowJsKYOMOUTZftnwv2WwFJDuiL7oazAX2eLQAgEF2JnEz3vtjXAviejwXfLD27CJJ1df4LINngsehOD2x3tTaXbysPAFwO2vXyaEUXyOhtyWYyLpezqo1Nj4U2GXgnLEIorJVoJTCOS+I5OGM1KtOTbLrhRh6571423XM3dv168EtEiSEMm8TGMDo6igWUkyr+W2FByBSAlAwgqW8PgGE1kLQ4f3U5l8vtSu2KoH/+V9xuXrhNCEGcJIRhSJIkNJvNroZ/DvI6Tuoex3GMlBLf97oyMa7rkiQJURR1AwBaa7Zu3cq+ffs4efIErWaDen0Jx3G6cjdJklzG6u9KBNlUF39w3/oBZLK+rcV+v/ogS34s8nWvZtcKLr8Z+DO470VGfXFfc9DdGIPneURRlAZrisGK4uSaMjz9+9GtneA45BJQeX2HhYUFzp8/j8jT9bNAT95HKdP7L5+Xt1mtJsngb8Xli/3J+zS47JUkgwb3+UpB05+G4IAky86RGsc1WNMi0W2UKhNECa6o0Kgv8Y3ZeUxkuVhf5nvfPoTvO5TEGImIiRsOta2TKK1IkghPlRgfqTI9Oc7CfB0hHdyKRxAEEEuUcTl04DAbJtexf/9eHEdhQpgarXD/Pfdy9uw5xmqTbNuwieefPUiSxMikzMlT53n6ay9SX2nTCS1K+lgCUE2EE4LUCGPxS1V8r4pSHgIFtpCjc/mr6ydmVgCOILEQSYMVGlcYPCSO45EYEGGCmF+heWwWzrdoPfUG3lKIbUA9kDRNyNzhI4wYmL5zJ5P7b8bfuhU90+HCn32d5rFTLCUBB+vHiSd9PM9hvOSwZdcuRGRJXjxGvROjtk6gCVmYPcPMy6+SnF5iy/13Mz22mYtLDUbjBGeuTufUWfbev4/az+zlvK3jVAWi1ebMkfMs0ubOT3yATTft5bVnv0tlzyZ2P7APb6rG/PwlxrwRZo+exnNCtr13N6yX1OtnqIY+1u0wsmUjTkUgTIQ0DpREV6rv7W09rr3nK269/UZGyvv4s8/+DXGsQaQZkEUSxXVnFtI6BQLXKfP8cwd46fuv025Z/vOffh6TGP6vP/4LkkSjhCJJqkgheeJLz/L3X3yGlPAS4nqCJDGcN+eRYg6t4ZlnDuJ6EmtN5iOMsbRkiY3A4iKUz0I9/c2GJQw+2nokSYLjVhBIPK9EFLcAgV8eIYgSgk6AFhZjfZRUSCVoRQkCSBKL5/nYTE5PSkEYW5AuVgo0oJDEUYJyBForSqUq1oLWmfyetgiZZkthLUI6WAxSKqx1AIm1EVKmtBkpBEiFsXktnux8F+t15b5XcRyBSBn1BlLY0cWRVTx3FGM8rBzD8cZSbXsRoK3KU0mueO+slUF3pWswlw/spSKm/0khsDggSmhbQpsK5comhNhAokdItENiLJEWSOGjRBklSyTIgqBV4d/gu1cAGAhnIU6Iwgk8bxolxkDWgBqIMka45CSftKZGQlcaSeT9d7BGEIQh1WqV6XVT11Vm2NDeHjYMAAxtaEMb2tCGdh1Y12m0g2zZlESi4zhl2wmH0ClBWWCFS+3nHmPPfe9h8/mLLBw9Sev8LLNHT7Jy7jxhvU69vkQQpIz91O9NGWpF5pTBEgFa2r6iajYH4kUPqDR5cVwxsI6M7N8FxcXV8P+z5QasSJwrsluKdVKLy/W1Hxh0F1lEFlKlgkKDHHBMl+0H1Ab14wfHFjmJWiBQUiKQOMrF9UvUJiYZXzfN+MYNbNi4noktm5navInyumnCsVFOGotZXEK6HiW3hOd5SKVYWlpCuQ4qAyqFkpnUjIsSKZPq7QzuDQL1g/Ou1N6Yfl33wb/i77l2fxRFBFnBtJTp7xCGAZ1OytAvFoDNNf/zTIH+39Ll83oBOaA/NjbGzMwMJ0+eZHZ2lmaziTUpC6/RaHQDC0Wpocv2VfTfJ0VAOA9G9OoJmMuXv5rjbkw3mJet4Ir35rVeY1fqzmqBm8EAQBEIT0EN2QXohRDYvkwYRe/pkg3qr7DNQTA9P7+QBgTm5+c5ceIEUqbSMnl2Rx4sKM7LgwDFgFE+rygdlQcB8u/FDILisS22g9Wlht4sK6B4DN+s3TvJdGLxPJfSpI+XeDSW2qysNIh1HRDEcQspSlmJRIeaP8qBF4+nId3Ew1M+x16bZelCBxuWKJclpw/N49oy68e3sGXqRnzPZ3m5zvHjJ5g5sYxuWsb9SZ576kVa8xFjY6O0FwK+9eUfUB2tUC5VWTw7zw++fYpWM8BRkmOvPYfrp2CRSTykMcQ2JgjmMc4ygpiEAOEalOOiHB8lPWyX2mzT99j1dl4VWGFJVakTLFkRTSNxrIRE0Dq7xImvP0/t+CKlU222b9xJfaYB+hztdpOJsRoTD9yEc++NzI24jDQtC8+/zNKrh5mcGqe6dzfr37MbdkxQGR2lXJe4L51j/psvc+q5N5g9eBR/fRVnzMO4gh3je3GmmgRHQ+KnT1De4NM6dYYDL72Et2WM7e/fx0xZs6JjRoUiSjTu+Chb7pmmsn4d51tNzvgxt334/XQcjYljqlriNCMWz5xncvMU6o4tzFciHO3g2hAxJmFrDeMljCjQJkE7WfHQd0QQAEBw6dIC33z6u2zdtJVarUZzsZ7eSzYlmmgzKIfyI+rJVb/6Mhq5hRTQFgjrkoSGJABpqsSdtJm2AvDQQiJt+sToe0WLCnFsEEJ2iS7KVRgBkc4aKh+A2IC2XpoRmmPNqoSojGS/C4QSJNkrLQksVlWwBtqBBauQXpVIZ5lqJvUxLU7q3zqSxNjU8ZUi9dnRqRST0UilUBJc3wUsnnQwWqOUixQWrSOMDdFxgkWihI/RFkhr78Q6RDmGxNRx3DLWpJKUUkUEYRurS8gsI6/v3W5tlryaSoAKmfrb1hi0jknHHgZLTKdTpxx3UEhcfEjSWldGK8RaRXHJ/PJVfjV5jaWrMCGcdCxlFVgHIV2sKWPFOAk1wsTHyhpCVbHaRxhAxAgZYXSYTotUsqjHNOj99SRJU/JQOmmAJtgYgiWiYAYYQboTSLUOqSaQThWEixQO0sYoESPRaW2VLINC4GCsYKW+wh133Eq1WrmqfR7a0Io2DAAMbWhDG9rQhnadWY9Vkk5rLLLsIIxFGEsYdAiBUEkkHtavoSc3MH3rOJV1i0y/6zZse5kkaNLptFleXs4AyGytNnWYO50ORhs0lo7URPQyAnJrtlokRqfLGN0tNqxN6nDbzNnVmS6oMQZtLRaZlcEFw9o5qqsBmf36/gUW9xVAvWL7fIA4CA1aa7P6BgUATvY0eovgm1SZ7FEBvMu3JegNQsulMiWvnLWBkudTrlSQ1RKi7OGWS7hln1JtBDUxAWM1bKWM73igJMZRmLJAOC6edJDSQUiJVTINKkiQUvVYxdcbCHQVdnkgJbuGtF51fhHsLgL8efscpM9/z4FiY0z3r8giH2Ruu66L53ndwr1SpkGWUqnUXR5SkD8MQ4Kgg+umoLMxBtdNi+Bprel0Wrz++kXCMEwDYFldjM2bt3L69Nn0ntEJUoo+WZ3+05jV2RD9v0kpUCq/ivNjkv4+kDCwyjoHzkEXfJbddmvr0Is117Vm9oFepUP0wACbRctsN8BpuvslBCgl8TyPJNFYK6hWy7TbbcCQJBHK9QrBix5grvVg//P7dPX+Q5rF4fs+rVaLMAy5cOECJ09OolQacHFdNwu69UD/4rz8e54pkLfLgf5itsDgdPEvD0YMyg7lx3kwMDAoKbRaJs1q0+9U8zwPIcEQgzCUyhrf97k4e5FKrUqz2eDi+RVqpWlKzgie6zM2MomyPl7NJWi26TQFFxodHFFCJJLzJ5tcOPs6UglKyqfdbFPyfcIo4utnn0cKQRQJqpVpTh+6RBSdJ47TZ8bc+QWqtRgTgdEOIikRhR1KFcVK8xKRWcEpWRphg1bQwMoQ6SagNcqHWmU0Pf/CxVqJ7UufK3oFP3kTFojBtZaya0mkRFqBsBIhJUEHhHbYsXMvW+7zWWy/SPvCUeYWLqI3bWVyxwRHDp3jZx58H+L+nZwej3CEYexSyIU3XsV6bfb88sOMPPQuFrdUadqYCVPCfeEiJ19+jgsXTqL3TLLpoXfj7Z5kfOMkNW8M50LC0me+woUXXmfu5EXaE4pweZ7RdT7r33cL85WAFd1mh6rRuDSD9RzEtio14xE0lwjiDltv3UpDNvG1xcfBF5Lzp48yN3uB+3/2Z5nbUGKus0gpFOhYUlo/QuRrWu06FSYIBLjYNMHynXIPWkWrYWksXmLuXCtjfltSHDp9r6TvKoDBd8Hg9yI1ZPUA7lomBj67a7RmlXeZJRVplKlTa1TvfJjC9nMmBxJsQb4lW0ea3aAAk2W0DjqY/ftgSTNfdSbpMrgH6dqL7VOSjcmDFaI3v7uUzOelIDrCZsQXgxWpZKRyBE7ZIeh0cKWLEIIoihgdqRG0LCYyIBIqZUNlxKFUSevsSFFmYS7Cc0eI4wAh6oyMwuMffh/aCL721W/x4AP3ccttNzI2Os3Xn3iNJ598ljiOU8nKrg36+dnxF5Bq5cdYEhK7zErrDOvZiUcb1woc46TPcROhscTi8uzhHOA3Ni2Ui+2NVfrOwNVcTlYBZaCMyyRld5KSGsNT0zjuJIZxsFUslVTW0ybQfSbnEoprOUmrbc+QSiwlQAC0gTomXsDEcwgxgnBGcN0KrirjKImUDYTSCGGybDAHUCSxptFssG/fvuvkbTC0t5sNAwBDG9rQhja0H5vZK3LCLVI6WJOybIzVSCELsi0Fz5icEWOQQmbFaLNUzj7G97WxZEV3mdXdqh+ls3VZT7sMeouVGuFYlE4d/5KXcmSkEehWTNLoQCcmDmKkI6HiY7wRVKzwojLTU5NImzFnLFjbz243WCJhiYXtYyPbLks4K/pLXqzXZgOuFFiE3BGX3YWtzAZRb3LQ3iwAUNRBt4UUgLUCAMX2RaaYyK+jnG1cuKR68jDFw987Rqk8UVED3PaCDKKnKd/9XQqsq8B3kCoF+3zHo2QEylqkSeUSqtUK7kgFUS3hSB+pHYSV2RhUYGV6lSspEAWN+ust1f7NJHtWY+4DfSB+sW1xfhHQLxbuzdvkxX3z+cXltdaMj4/3yf8YkwW+jMH3/QJAqyiV/G4Ke67Jr7XG911q1SpSScIgxPd9ypUyc3NzzFycQesEz3NJ4gSEQkrB1q1bWVxcpNMJ0NpkNQhS1phYZaSaM/S7aLlIt60T3cX/bTYfewWAfq1nlywAGiZ7rti1bk9bCLaJvp6upbe8Fvuue7/ku5V9prvbfw87jku+s2kwxnbPlZRZQE5kz5VsUcd3yB9a3edbvp/588JKrE1DlylgrxDCO/1PPQAAIABJREFUksQR9foS586eZcOGadwMyPc8D8/zusGAfF4eBMgDRsVMgTwgkAcI8oBAHiTIgwDF6SLoPxgEGJyXB6XyAEEuLXX5sX7ngv99z3xECkAhkZ5CaQFGpziLMrRayyjHZXK9S9BZZDmYx1dV6ovnkNZnemI9oYYSI6msg3KQWmXZOgaV3oBIaUh0iOPK9P5VCq+k0Dai3W4iEQhP4giBjWM6nVlsYqiUK4Rxk8S0qTdaeFWLsQ3qwSKNYBkUuKVSVmAcKqUaE5MTJFkxSpMFEm03yaX/PrwezBoNwmZK8E6WDZDW8XBLAscRMF4hmaxwRjSpuy02bN/C1F030Cop2DqKt3cDM37CbNBkW20SfX6e+plz7P7A3ZTfdwOtHSWWRAcvVpS04uLrRzh98Syb9u9m7LF91N57A+G0iw47JIseR/72+zQOHmJcecxfmMOxI9x0w24i06b1xjm23X4jHWOwZy8SLs9S3rOZRjnB6cSskx5V7dB0BYESVIxkpGWotCyvv3KGyugIZlMNG3QoSQ+/4tGaXcKv+ngln0gIhHBQGrSMwUrctz3UYjNQXCGFxHV9kliSGIN1XKzWCOEgRZK17gX182d/n4aVyFHbt3gl5/6lvXze5Q1TANqmKbRI4WBtgrUabFr3B5O+S03u6yEhk3DEZO9eEgSWtI6PxkqJthIlXLQ1hXpXsrdlm3nvq+2mgL5cCVEAs6VZNdZnB97sUlgQGq8k2Ll9E64jeO3V45S8Mj/7vlu56679nDx2jPn5BR68/35cp8J/+tO/Zv7SHB/64EM8/OhtnD5zkUOH3mDvTe/mP3/27zl3Zh7PF9RqIb/927/G6bOnqVXH+PSnf53/8O8/g1QLfOrXP87f/k0LIQSu63XfS1c8ncL2jeGM7JCwiLDzSDOFY0EZF2lbaLNCWkdjlSBP9nIXkGVz2FzFFGkdhPVIZU/JGPcJl5tEWBdLDSsmcLyNOP56/Np6StURKrUJqrVRBDUMPqn0Tk+GJ80ayGWQruTzDMyDNAhA70+IBGtDLE2sdbFxiTgpIZ0SuC6uFyGlRgiJzTJ/BRCEAWEYcOutt60yMh7a0N7c3u5vpaENbWhDG9rbzNKxbMpuTjUsbTbY7TkxrnKIEo0jVRoMMLrnaGYtlVLEOkJJlbFPLcIOwl9X7xblLqrofuuxdBSSlEn0o3WzioSx3LHTVmN0hBcbbBxjgxDdaJK0W5hGG1Fvw0r6PWp30EmCMQkCDdagyNRPi8BxiuL3bdsXsq+4LUBPd1JcTu4Z7HsXITSFdbz143WtANZVtc9AwpzEtaZ+eC8C0tuXAQmg3i8GrEFo3QNqTEYYCgTCUbiuhxMmyE6HqOViqj66WoZglFJQww9qiNoEynPBVWlQRWSDPpl1liKwJ7rzftJA31oM/itJ8wz+VgT7B0H+4jJJknTbFIMAxe+Dv5VKJeI4JooiarVaWtDTJASdhDBo9x2/tYJKKgvi5H1QSjE6OpptJ0YASgoS0sG756bFRzds2MSJEyeAImN/dfBD9CJ+fQG4Yl+EkN3A1FqxzbVDQwPrQlz2DOhr3QX0beH/tQmtV45J9fM2hSDLiEiB/fQaINU1ttBud2i1OoyOjhIEIWDR8eU1FIQQCJ0ez+I11C8xlN+3vftXqZzlaQiDDjMz51mp39AH8vu+380UyaWiilkAWmtc1+3LOslrPuQFpvPPvF9KqexY2T6ZILhc+qcoi1QMRK7W5rKjPSAz9Ha3PNjRf14FVgNCoY0hDiLQFonEdStYGRHpCH8EmmaFkJBItNLC0xpaK3MIm0oquKKEsAolFb5XoVyuUFJlwrZBRxopBFJJoiTGkspHhXGE4zqUyiWiIKLVaqBsh2o1BaF0IJicHMWiWWkusdyqUx6rsHF6nHJbsrC8xNTGCWZn57BYpCPxPJ92o04YdoiiFkLprE5PXhviJ3gSBk0Avur6TWAxmIzFrBHWolBoP2Hea3F2ImbyA7ex5a79jO/cwtmDb+BPjxDVfExiWadqlGYj2i+eYjTxWPfI3SxNuTRay5QpMd2QzH//ACcOHmfrA3ez6/470LdsYK7UhChkbLnNpacPMvP0S5SsRm8YZ+sNu6ncvItqM2DhO89Rn7kEK7DsxHTaLdbv24W/t8p8JpnidDT29Vkq4zWqGyZxtKDx6inOvXSMzoVZdnz8Pi6VAkptg7YC61rCZoCIEqyQxE4ZGzuMlXwaQmOFwH1HwHNp/ys1SdX3aa8YlC4RYdFoMB20yYB/W4xw55HrnKbdRbl5q8ek6ztgu+/BtYk+BmHzd3SEkA7CGhAGnYRI4VAbG6XTaqd1fLZsZXGhSbuVYI0ijjqUygJDByktSRKyZcsUleo0R45dxIj03aXyYsjdsuFgRSaDM9j/7vt/LeJLr97NauONlKOT+vNCWnZs3cSv/eMP89rBFzhx+DSusjzwwE08+eTn+bVf/QQnT54FMc+GDTsYGQuYm1lmcqxC1Gowe2qOk4fPcs/+u1GyzegI6KTF9i2j3LN/F//nH/8xldoIn/nMv6HTqnPLTbv4f/78a7z8yssYbfHcErExGER2XlfLArQF0dFcxsjglTq0O+dIkklKXhpwScwyUXIJKdPciX5OgSUF9AXCCtInvUBamZJkTAlpE1JoUwNR5sibgaMoEbYEYgpZ3gX+NkI5gdUlHFEjsqMkuoq2fpa5EGWXbSZfZLL7WcQgVgswrGWF97uge6yEMGA1qQhrG2MlYeJgrEK6Po5wkMIHFFK5WAzL9SUmpia44853p8SOt/vjZWg/dhsGAIY2tKENbWg/Nku10h2MNSQ6wZIOEl3pZiB/WoQrTqKU4adjBAJHuSglu2w5QyqrIRCpvAYSpZxMB3J1KYqr69/g/z9eKw4LJGB1jI5jZBRCI8DUG7Try8TtNnG7RdRsY1c6EMSgYzytM+ZuuhZpBYiUJZOC2mmRqnznulCkSMFHw+WA8lUHPfLYAurN0MCrtGsNt8g3bZ9nABQWyeav1jZz0XNQe43pvvbaDASqLMQa247TwaejEJ6EpkdS6hBWA2y1jSk3MZMRlckp3NERrO+nKfbWpIMn0X8s0lN0fXj9g6z+fN4gsF/8zHX0B4H+HLQHLgPy86KtxenBAMDgPCEErVarC94HQQD0s6e7GvOD57MArkZRBNAFdKMoYmFhods21+nPteFHR0e728kLBefbfCvA7KA00pUY3qvNH1z+etCKLxYizq+NMAy7zPcoimg0Griui9a6C7oXszny2gpFEyIHwPPvhYwgkbLG89oOKbNe02g0CILgsuyS/NN13VUzWC4LRgyA9cX2eT2BJEm64D/Q/cxtteWL21jL3kmA/6AVgyH5d2stidFEUYiOEpIohiQFBCMdI5QkiiLCJEE64DsuidF02i2UdKgHK6l0G4pQp2zeilfFq7koLyLWIa2oztTYKKVSiWaziRERtbEaYRTSnJul3ehQqVaQUtAJO0yPjbPrxh3oWNNcruOULGNjoyS0qIeapfoi8y3D9OaNTHkOY+NjLNWXCcKAIAxZXl4i0glxEmMyQDXPmrm+0H8ydgIIK3AyR8IoSYIlEWmNA1cqFqMmrRLc/PC9bNq6GadW5lKzSWwCJkolRBTjW8suOUr7c88w9/nvs2t8mkl3kkuijO/V2LRsaX/+uxz4i79j7P7bueHjD7My5RDakDBM2CxqBN87wvn/90lG2hb/I/vY+IF7mbjpBuJDc5z4/f9EdSlmub3C/PePM37zDcShYt32d3FOOlxqBewVk7QOHmXx89/DhAZqFdr1NvGFJbxQMLl5gmptkkMixrea7f4YrTdO03rxCJN7dxKXnTQDwEiILKGrEUK92VF8G1iSsqllhy3bxnjk4Z8jbBqCQHFmZg7pOLz8wvcxppPJseUyOlx+za4aC7l2okffsy7zjczAszI3xzNMrvN5/MOPgTV84b/+HctLAcqJ+K1/9d+zb99mnvjSt4EaH/zgfg4euMAf/sFnSQKf6rilNgqe41Apl2i1Dbt2VdmybRsnTp0hSixCOKtud629EljMasflapbN2O/SCoRwcYTH7LlFXvreDyhXDZIQqzvoqM0/+9SvsmN7mZXlCq7nMTYqcaQE4SBQBEHImbMzxIlGqphyxbC40CJOAjpB+kxzHJ+J8XG0gQd/9kGiGL7+ta/ielOMjkwze3ERgQdkmXs2Gjjn3YEHvaCPBREiRIfELBHrBRKjcF2HJFkiipfxSmvUkrARFoHBTf+Ei0ChbAr5p76jBBGCjNZw7NNr1FWjSG8TEevQNpX5MSgsCouTMu4xhSzinu8vLJdlALyl92+PiZQSO7pZJBakBqVASay0CEci3ewdFrb5mf13Mjkx+Y5+7w/tR2fDAMDQhja0oQ3tx2IWixQSKQV33vEz7LlpD67r8IOXXubw4cMYo9m6eSt33303t9xyC75fIooijh07xvHjxzhw8CCJjimXyuzatYuH3v8QU5NT+L7PzMwsJ04c5+VXXmHm4sUUMJAyY233OGq5k2UwGX+k5zwJBBs2buTnP/QhXnjhBQ4ePHgFZtEP37qcqS6x3EKgIYzR7Q56cRE9v0S4uITudEiCmKTdQUUaaSxe5kjmgEERDhc2HzQUNKUHHUeZjuIH97gbILhasz+co3at203ZVlfRvpth0WNR90ImOXsrnTb0UritNb1lV9FOscZipSDRpNIIhSbGWIyJUnJcqJBBjHVDdDMiLkdQbmPDBNuJ8Ntt/LExRK2M8LPCv3kqfbeH14fTPwiKDoKW+XTO8i4C7VcjZbRaRkFx/mpti+3zYq9KKUqlEo1GowswF9ubNYKGRaA8Z//nIH9RliWV99HdWgTtdpsTJ04wPz/fV+egqOM+2OfVBnK5FMzg/r+V7JjBbedM6kEAfbX+XE3g4a1YUfImD6wUgXIhBOVymTAMuzJPxcDBan1/s/65rtsNJBWleIq2WrbKYJ+LAa7Be6Bfkkz0/a1VDDi3Yn8G11lcZnAbPw1WPC6Q3XcY2mFA0GwThxEmSe9Dx1O0goB2EiBdgeM5KG3QOkS5ECdt/JIC4RAlCSW/DJ5LR9dZWr5Ep9lixHcJRILFp0MT6xrwoFQWjKCIFyOW24sox2F8fJyRiSpaaFAG6Ukuzs+g5RSh1VRGRvAVHDtzggjD6MQ4nSAgjiOSJCHRCc1OG8/3kFIgus+pvCh2HtS6fs61SEyvlIdKoSup0ozJ0BiMAiPBuJLpbZtp2Sj1D2qSMOoQnzhPec9NSMdh4eBh5r7wDKoe0bINnM8/T/XevYRJk6PffY34Wy8zFQqmd21hwWmzohSlpmGTP8all49z7BsvsWHrBm77p/dTv2cnK1WFH7ZZefUl5lbmcVzL6N23sPfBB7h46ChqZoHSfMLWrZOsMyPIkwuc++ZBWi+dotqxuE4JH1hXGycC4kgx1nK4wYyRiJCxswErTx5BnJvF3bmTpsnIJ8pFOA6ONkglrs13ui5NIbAI4xBGCUsLdUwsWFpuAJb1GzewfftWolaATnLfpJgBUNTBX00TH67pms59MGMzn0L1+W/9ZkG0+e3/4TeYnHSplsvccvM/53/69P/Ozh3reeiRXXzmM3/FpblL/OY//3U++2f/hfe//0FGxzWNesg/+fVfZHzS4da9NzA3V2e0WuFzf/nnVCoC5fQyjmzfPl95b67Ke7tSoDefMJI4MQgDOlFIFKWyz/oNY7zwwkscPnyEx3/hcRCSF7//A+64/T1UqtMIuUSjrfjBq7M8+8LrbNg0gePXuPeB+1majzBacOrMUb785TP86j/+F5Qrin/7b7/Ezp3bmBjfwj/99X/B2VOLNBsJX/vKd4gjSaqnr0j17Qd3WGSBsDwX2QGTyhAaG5KYOolRmMQhSlawBBh7ebpxTstKJZo8rKxiqID1SWKBJkaoDg4ttF3C2BiIVj2GkjS4oZwakS6D9QDdHT/0xourW9EHgdUJGtkvA98H39X9V0MvCJBmigjhIUQZgYdSPlIpojgiTmLuu+9+tNEIKVBpjvcavR3a0C63YQBgaEMb2tCG9iM3i0XJVBf5nvfcw7/+1/8Ld7773bgll9/5rd/h0OFDjI6O8ulPf5pPfOITXbau5/lUKmVOnDzJb/zGf8szzz7Do48+yu/+7u+y+127aTaaxHHM6OgYURzyl3/5V/zL3/5tWu0WUqQyQWEc4jguUgh0Ykh1PHMQJR9kpw7du3a/iz/6oz/it37rt3jttdexdg0myo/uQGXMOpMC/82AuNGkszCPnZ/B1JcIGy1MmCATi6sN0vSAf0UmKyFtBuWnDByR5dIKKbqu7WAAIGfO9s+7dpDph0L+z/tzjQPDt+IEW1K986KWadd9t4XpwrrtKincVqRMfVeAMSKtZZGt0EiRFlu2BqHTNGITJdjIYMKEJAhJwpCg0aTcaZGEHUp2EmUrCM8DpfqYzNcVCDQAyhXnFUHnosTJalkDeYCgCOoWwc+iHFBxezk4P8ikhhQgztm7YZhq9+cg82p9LwYCitf7YAHWYoZDHtzI+5ckCe12m7Nnz3ZB7BzIL+7X1dogs7wITq/VdjUrFrLNwfY4jldtu1aQ4kp9v5Z9Kva3OF0MouT7OKh5X5TRWS0gsZqkTnFgniQJvu+TJAlxHFMqldixY0c38FAs2lss3jsIwBclfPLfB3X9B5cbDAKsVhQ4n5/vS3E/BgNSg8fwnWqrBaOUo7BSEBtNEIe0ojZREKGzQJE0klbYIUhCpFF4wmJNjCEisYAyGcsSXGkxIqTRCVlu5kFLQSR8Li400kCi4+C6Dsszi0hHpqC9TMA1xCagFTWYWbhIELSx2uAISWxjFht1giRipbnC5Pp1TEytY3FliUjUMYA2BqkUohAkNSaV74MMTr1eceSsVk06bUEKZAZh+cpN5cxjzfKlBfwxKNd8EpMQ6oT28jILrxzmtcUAOzJC2ImZ3LuddVObEZEkePE08y+cptPp4Cws4bQ6NEc1cSdgWkuc5YRSy3DpxBucP3yKnfv2se72LVzYVWa21GIidnHOL3D6wAHYNcX4vtuYvvUmwhU496XTVGabXHrqFdT8ZlorDcKzl5BnlhlxqnieQUiX8vgoG7ZtY2lhkUuXFlh56jVGljYRBgGNg2cxzx5l3XSNqvHpSA/tOlghsChGjJszMa6n1/U1m7ASYRSYMmdPn2fmzDdxpY/jg5Zw+OgppLaMlAyOs5pOpF1jujjvWoge+Ts7C7iIHMpafd3S6fDIY1t44olDmERR8X20DhibqFAqw9bt69mxcxMTk5JmaxHHMVhCEJJKVfP/feG/Mj7+KZ579nt89B99CMeXWKkZGSsTLYZEcfwTyvRIJYa0Fpw+Oc/4lKBam+SWW+5guX6WzRv28MUvPM3M7By33XoL3/veAd44dJ5Yl/jOs68gZYimwtx8wl//zTcplcosL7ZZXKxTrzf5d//hr9i+bTtBEHDhwiyjIyOAwApLGHZIYoO1XipXmdfaETmDvd9XNVqAdUmDACVMYogDHykdtGkTaQcTaRAaqUiff31ryLMfHKx1sYxQqm5GM4a1VcI2+GUBNmHUtmiFx2l3OiS6Q15PoP/IWaIkQsYdkEl6DYmBFqvVNLKp598JwlSCSVxOmLLZoMGay33cwV6kHyLz7fP6dSlhTSgX5Uyg5ARKyVQKVCra7RWEEtz1nrtRbibBJq7d9xraT7cNAwBvc4taLfLhm1ut4v1Ee/POtqjVInarVIcHeWhDu2bLdavf+9738rnP/QUrKyu8+uqr7L9nf/Y7bNy4kV/8pV/i9OnTfOpTn6Jer1Or1Xj/+x/m9/633+OTn/wkL774Eo8++ig37d3L7/zO7/DVr3wFrTXr1q3jD/7gD/nYxz7GH/7BH3DoyCGM1niui0ocrDZEaFRWyCzPCtA2QViBFOoyDWYhxOpjih+qrcJdEgLdaRPVG8TLLXSjTbi4jF5ewbYa6DAilwYWAkSWf2+EQJIBjcIictBL9IqKmQLIb2R/hkAOMPcVzs36cy1s/B/WWFeIa4PzRRoxuGYzxiLztAk7OFgoMMWLrHFRCHR0gwQCI0AJAUJhVC8TwgJap+C/smCEIE8g1nFMksSIKEBFEUbHRHFIoixlYXBEFSEclPJ400IMP2ZbDSQvAtb5vBysLgKsg0V+gT7WdS77UtRYH5RmycHi1SSBkiShVCrheR6bN29GKdVl8Of9zfuZM7qLmuzF/cuB6Lywa77NKIq6AYtBWaHBQMNqMkN528FjmdvgsfmHWBRFfaz1/Ptq210LYH4rYPNay6wWyMjPXX59eJ6HEALf97vyTUBfQKUorVQE0aMo6gPMi+cmL+JbrVaZmppi48aNlMtllFLdOgDFQsCO43RrAhSLAhc/8/n59Z0vV7xuigWAiwGG1YIHg4GMweyCnwbgP7fiucunXdcFQFtDbBMSqzFSo0X2DIhMWpNDScIkgTgFp5VySKzG8RVWGawUNDtNJE7vuhKgLSy1I8peGYSDDg2u1Xi+R5JYwkgTxwlapwzXSEMS1el00gCAkhLP9ah3GijPwa2WWWqsML+8iFWSMIpotJqQMfttBhTnWGIO+guRB7qur2e/BRJXYFJObjdQYREYnVCRLsRgVlosnrnA5htHSDyHydoEam6ZpUOzuJ0EMTWKe9MOtu2/g8RxGblkCJ58nUtHTzHZFFQNtEsWuXEKf0OFxecOIWdWKI1VuNjpcHj+Ijfct5+tD97JbHmFuWSZcTvK6GKD5770VcSmMu96/GHiLevwYofZL75A/fQpRCQ4f+IYshZS27yO7Xt2I0KPk2fmOTOWMP3A7ezcu5fg5CXqhw8xMtdk+esv0/rBa1RjUPMruJ0QW63RPDdP5daNqOoY2pFYDEpLEBlw93Y2kequg8ImJYK4REe7mGQFd7TM0tIytbLLaFmgHAGiB0janpBiZtciz9nPqs9NFoPceVD1Co6flC71uuHo8QMsLzQZrexAilFW6gmdAI4eOc+dd9zB0WMNfmb/g4RRjUbTYKxDGAmSpEInhHZboLXAmjJCuPzmb/4T/u/PfYUjRy/8GMYJ/WYBIRIQ/z977x5tx1XfeX723vU4j/vUw7JkW7IdCZBjbIhNQM5CIS0n2NNjplfcvVAyOLMw6SErTSaZrCFMp+kmpIEOpEPoCXSjSWISzKyxO4HVgydBMCgEESIDdoINyGCJh/y4snSvdF/nWVV77/ljV9WpU/ecq3tl2Zbs8/WS7zlVu/betatO1d7f3+/3/WkS6/H4sacITjjJqS98/kGMafP1r32fKEnQRvOdb50kSSQ6CcFWeeKpOSwtlKySdDy+/uCTGKtRnst1lsQxQkqO/2AGIQRx4jF3tunuZ2GREoTwUjlRCyJlovqS3PaQJAkWD0WV0JtCoAi9AGE83DVOZaZEmoQZQzF7cu6Pbz2sqWOYIAiuImIaQ42KAhvHdDpNhAUlfJSwDHPf0hisbiKSs6jqRPp8rbhWLLnU0lB71bDrUlgfDL9ymZGkiPReF6kxTEmCsEq1ciWV4EoqVY3yFzC2RTtqcfW127lmx7UUEyuPMMJ6MDIAXKJonvgiBz58Lw/PFby3/B3c9r++i7tunLpg7cwc+VMOPrab2+6+hW0XrNbnBrNf/Hf8xieOl7b6bH3d3fzmr/30mvs/+JyP8qn/+X0c2vdu/q+7r7tgfR5hhJcKDJZX7HoZv/d7v0ejsczv/u57ueWWW7jpJ29KyXjYtGkTGzdu4C//4i/45iPfzI9dXm7wzt96J9uv2kEYBOy4+mq6nQ73338/p049Awh+8KMf8NW//zuuf+WPs3nzZr77+PcwWH7ujW+kWq3y5JNP8qobX4Xv+xw9epRvfetR9u7dy9XXXMNTTz7JP/zDP/Dd73534Jojjxagpyv97LDCZwRy6R2L6MTYpSbx2QVap86gl1rYRhPRbSMSjUe66JFpcHZK5CsBjuIgJahTL3UhemR1tkrHeavn55gu3GU2By0UzwwAzz/hJIprgDWUPj8DgJUuQauVAmslReke+iSACscU5tzZMKc9xois39ki1f1PSoVUBm1sltcRIwUeAo2LCBCmidExcRLTQuPpBGFi5OQYwlqkCkEUXQpfeM+fIiFZ1rkvSnUMkvApEtIZyoR/WY6lbAwoly//q9Vq3HnnnTSbTb7xjW/QarX6vMyLdZa97Mv/sv5lJHVGQhbHomhQKBowMsNBMZqgHDUxyPO+PJblSIS11pP1PfterVbz6IVh9Q+6zs/W07+4rWh0LZLemd7/2NgYvu8zOTmZG1oy4tz3/fxvkVzPjDj1en2gl/3Y2BhKKcbHx9myZUseBZER9UUDQEbqF4n/8t/iv2LkQPa9SP6XowqyaIZB0kDF76tdl2HbXkwoSoiBO1/f96nWakhPIaRAC4uRzivZCIiiBCsFUnrYribRYHSCNYIoTvADn6ibIJUlCGskOsJYg/QyAyV4fgVtfRfN5SkSoei0Ypd80gvwqxWIEkeehTV8a+i2W/iBj7aGxc4yQVChJn2Wmg1io/GrFRKjC5I/PqSRKUIKpFIEgY8f+Hieuz8yCSBHEl0c19oKiIEYQybwISxINIr0ftWWq7ZfTfKKRWwjYqLr4/1gibmvfotqEvDj/9N+xGtfRmMi5Jm4Qz0M+MHff5MnD32BiarGXrGZzlhI9dptbNq+Hf3kKZa++jUWH/0WizZhcVryyrfsY8s/+Qmelg0WbJuNExuQc01mjp8gvHIjV77qelpbJtBejJg5zfd/8G22vu5atl63i9rLr8TfvoWo3eWZz3+NJx//B674yWt45b6fwHvFVZin5vnhF76FWDhFdfM0V778ZZxdaqCePonWPuHVl6G3jfPEzGk2PD3PhlfvRAYenSShqrN5ne1Ji5QilsrP0ovxdywwqSVKp0lffRItEKpK3E2ZkMhaAAAgAElEQVQwwtDptAAn74lcSQBnkaj55xUTtax8eQJeHB+R/80/CXJnnsHyQpKoXeH33vcA/+LNe0kiw5/fcxgdV3nihw0+ec83ePUNe/j8577K4tKXeePP3cbBv3qYqD0GCP76gW/z9EzMnxz4LO1ml8cfu59Ts0/h+afwvG9xZn4JBsjVPJfI5vdOect5onQT6MbuGWGMQIgKge+D0dgkoasFSaTxKxUS7XIBxImHTmWrhKggpaXTbbtna1Cj22kjPYlJNFiLUr6TIUMgUJkVAjDpNcdNpMv9FZLYCIxQCD+kNrYdKerUpyRGnEQIMFZj85PrJTtPUz27qgWAcgYIIkzcQNpxsAqjqnTsPJ2kgY3m6HbO0o1bfY/KfAkkLC6XwDw2/hF+YFFiGs9O4IlplJQoKVBCu3m6FGipMMadq7BtpGhgbMcZLfJ6Re79LzAIaRAabG4elbgkxiZ/JpjseW59hK3gJH8CfK+C70/ieVcQBtvwwzbCS9CmRau1zHW730B9vIZCorMo9Yvv0THCRYyRAeBSxOwX+dB77uE4O7jt7fu5aWsN5o5z8L77OPihf038b/4jd19XvyBNLTx2iEOH4HWXgAHAocbO1+9hR+qlH80+woMPHuA9U9v447t2ramGwed8HW/5P/+YN/sXZlxHGOGlBiUUMydn+OQnP8kTTzzJoUNf5DWveQ061mlSxpgwDDHasLS03Hdsq9Wi0+5Qq9XQ2uD7Hu1uB6N1OpECLCwtL1OpVhgbG8v17+9+61u5+TWv4djjj6O15pprrkEpj8OHv8z27dsJwwqvfOUr+a9/8V95x6/9K4zWTqpFu4TEBuMm2QYM5QSvzwbFxZAFa7FGY+IYziwTnZ4nPruAmV/GNlqIdgepExQKrFtUSuUWS1IweFGZk9A9YrzPI3ZFnwSZcFB2pBWpd+ILsDB1Dv1rb1cUSfd1NeQWGcak1g9bWL4WIgJWk0XpRy98uG/5KgClUNIWS2IteDb1fNKWuB1h7BJWaGKjwSYoCbIO1pcIL+y/tuvyqntukN1XZRmeQZ67RQzybi96hZdJ+eL38udi5EBxn9aaLVu28Ou//ussLCzQaDTyY7TWeVLYolEg+x7H8YrkwtnnYvLiQUaC4rmV+1sm27N+FI8r118+33Li5LJxZFDZYruDxrzcTvkale/7Yb+DQVEDZQmdQXI4mcTPIEJfCLGCcM9I9mxf0cM+DMMV5YpkfrHezJBQLlsm+svbMyK/SP6X+1E+r+xzWepn2LgMGttytNqLHdnzo2hcC8OAa37sWr77ve+ifM/J8miIrcvvEBtNYjVWCzzfxxqL8gKSOMmJdSskWlt0kqTcuiDR1hH60sMICybpvRONRahUhkq4ND3Sc+/kKIlIdEwQelgg6kYYLIlN6OgusUmItcEK95z0Qh+tYycLJwRWWpSvqFarBJWA8YlxKpVKfj9Y6/TOLxZklJZKfXY9MgrWzTesMQilIBDseMUujh75Jqe/9DDm+BxybpGrf/a1xDfv4tSkJEnabCHAfPOHzB3+B6aUx+W3Xo+88UqSq6epbN6GOdbi6a88gpoXTNsJGlGTK3dfwdTLr2YmbNO2TaZlleoZWHx6iUj4XHHLzXQmK8RxzMbYIz59lvGt42y96ZV0X345S4GHWFzm5MP/SOPJ4+z+udewcc8NzG+u4HmC5e8eo/PUk2zZsQF7/TXUdv84T3/+IapCsuBZNu/cytTOyzn67a+xcb7JVKVG11qMp+j4Fs/2iJbi8/NiJPqHQVgPQQIioZN0QAQIXyBInO66dGSnNnGBEO0912yB/BdFQ0DqOXFOiZT0yCG9czJAdlgJiUnG+Mrf/Iivf/VpdJIQxQYhqiQx/OV9h/O2jLH8l2Ofds4d1q31jz1+Cgg50egAgtln5rHUnFMNrTQJbY+Uf84hUt7dunOzSNy00enFGwtCKKyAToJjza1ydHMgSIwFaUiMRkgPa0F4FiHcM05JH7BoA8qvOLOK76XEfrY+EKjc6NE/QxfCIEQ61xOAkAjrgwlAWIzSRMLHD8YgJA1jTrBWUbzezqhj0qVRYc4kANlCEmG7AaFSCFGh69WxKkKFyywu/Qgdn0a6tMD9JqFsyiw6SHsWm0RES0t43hRRPEVc2YrRW5FiI1LW3bW1HkZU0VIhTYRgCckShjaiFGPgDAAGgc2ujjOW4Dmy34m+pdcxG0MFYhIlN6O8KYJgkiCoUwlrCDGNEQqDxJeKqNul1Whxy+v2MD427hxK1rVKGmEEh5EB4JLDAocP3MPxeCdv+cjvcvvmdPOuXVx3wzY+/hsf5NAffprX//EvUR/gyd48+jnuf3CG3be9jT3bAJqcOPxZPnv4CMdnN7Nz35vY/6Yb2cwMR+75HIePAhzlgXv+lAfZxuvefDvOtjDLI5+9jwcOHWN28y723bGfN924Oe/lzJE/5eDCzezbMcvnPvNZTvg3c/v+O9m7o5UeN4O/Zz9377+R3lGr1en6s/C6O9k7dZRDBxfZmfeliG28/s63cWte6QLXve9XOXDoMEfv2sV1AM0Zjhz6NIfSdvbsvYM79l5NfdVznuHh+z/HY7tv5+4926B5lM/df4SpfW+i9kjW5+u486672Luj0Knmjzj8mfv43EMz1Hfeyh17J3n44VZhHEcY4aUBg6bbifizP/szkkQTJxFRHLmlo3M/L07/nnV7PULSQwAHDhzgC1/4Am/ev58PvP/9dLsR+/fvZ2x8jMNfPsyPX//jbJje0O9NnBKrFpt+tpgVEjHPElkEJxrdadNdamLPLhKdPUu01IA4QpqEXtio8+gXwnmmO693WfA417nHzIBR6XmtF8Yo35uHVWdlRHZp0v0X6JzXiPUaHaw8v4lwz+hRiMTIyE9k/rm43aaeVz2UWpaOHRrUn2IvszqN7cWZSGHRcUx3uYEVFukJKp5CWUlQ9SDwwPcKUcQXTzTAenEuInOYYaC8fZiRoJic1xjD5s2bc+/yYk6BrN6s3CAyvGyUKJPtxWOL/S0bCwbJGWUoJ7gtRzkUt5VJ/nK/yvuK5cvHFtsuj8kg48agawCDif/i5yLRPUzypqjFP8g4UJbTyeoqk+5BEAw0JmQkfZGoL34uH1P01h+0r0zuF2Wuyh79ZfmpItYq73MpkYfPBmVicNDv6mU7d/HotiuYm52jUgtJdIwVFm01Go3JDI/WRcFpDRblNPeFwFqN1k4WSCknPREnGpTFVxIhEgyuLWFxUoHKQ+Oe40oqpJLpMyZGCYnBuvxDge+k5QA/9DDKEnUSkkQjMSjpIZUg0THVWpWJqUnq42PUxqrUajWuuupKwjDAmASlZN9vcBie73sjNILAWsf7CtIwACdHGNt0HCsSefkk265/GU9/e5YfPPYjqhNjhNu3EgUeWxYtFa2oLnY4dugfWVhYYM8v3Ebt5lfQ3iw4ZRpUbMjsdx5h9rtPsUHXaGloB1Uq1Qmqqs5WHRJ3u9iZZZ56+IcYJbjm1buhuoEk6jCOjzy7SKQN1/7kq5i4cgtNYwmWYk4efYJgrsmrX7+HyVdczey4RMUGf2aeJ777OJUbrmbiht1M7NzO3ENP0fjRSWqJYdPLr2LL665nOWngbRxj6zVXomo+MknwfY/IpveN9JClqKwX4lqdL0Q+13H/LAZIiV3AJX7N9husKM6oBtyveVinzI8Z1vI5+5ZNUHMWvtSUBasFkbHoOEmfAek7DhCqP+H6alMoWdhd7HXey2z/83BZ3Wj3N6SyKJO+XhX14bP5v828e5yTjegdReHYPichJUuRwYPyUdle3cW9VrjoZGGALt14Hr8S0o1iKjVdMG4WDxx0ISzIGIFGIkn0LCZyslOJSvDVEi09RxKfQtBConvLq0EQGkkLQ0KcLJGYZ1DLc4S1eWpjV+AFm/BVFSkrSBKkUAjaGJpIugihB9ae5QCxeBiR4PLImfQW1fm9mjlYYRWedxmevwtPTuD5NXy/ghd6CM/DyAREhDFdFuZnmZrcwGtf81pSE/Yl8xwZ4eLCyABwqaF5lCOPAa97E/s2l/bVb2T/ez/A/k1XMwUcHeDJ3po5wqFDx+F1zgBw7N7/jd852KK282Zu2HyUh+//IA8evI3f+c97OPHII5xYBJjjxCOPMMMCO3/+dmge5Z53vo9Diz61TZPUTjzE/R86wsF97+b3776OOqkX/eHDHMZncrJGa/EgB377CJ/e1GIxnmSSReYe+CDvPPEOPvKuW5jK6mzV2DRZg9lH+MyHHuLIW/4D/+H2bcACjx06xJGHHuL+xUVidvLWO9ZCok8xuQl4LPt+jHvf+R4OZn2feYgHDhzh8PF385G7/eHnnLZ/iD3OANCa4cFDhzhx+DAxNTZNxiw+dpgDv32M5u//Aa7Lf8+Hf+OjPBz7TG6apPXYp/nQgzGwk+1r6vsII7x4YKwhSroY62O0QUhJJaz0yJ2CPEa2zVqXnNVtKxICIvewLpKpwoqC53VGoiWcOXOWxx9/nDNnz3ByZgZtDd946BvMnZnj7PxZnnzyKZSSBGHoZFpkSgQh0elSXyFdNMCF9ry0uFVKrLHNDslig2juLGZxGd3qIpPEOax4Tk/WIFMvq56meg+ZT162EFg5OXUyRukEX4oV+1ZM3rP/r9Mb/0IsgtYr6SPIVzP9WANxYgVY5cj+4gLKHZd+NoURtb3QZLfws/2VgTMCrOxkyQCQ6jsXFpdCON+uJNbEy22EWsQKD88o1LSHGvMR0gOhSuNz8S4Ehi1S1kponWuRU1zEl73cM5me1Qi0Irk9iNge5uk/7POwvAbD6ijmMxhWd5nYH1R31tdipFLZcFI0FBTPsdyvQeOTndug7UWsRaamSI6XifJi+WJ0ybCIAejlBRiUYHeQrM6gfWWSfhBhX+5D+VyKZbIxKnvtl8ditX0vdpzrN5l9Lv+GtNYIJNdffz1PzzzFE0808HxJpeoTx86xIMaRfiZNyBgnJr0Wqf1USJQSVCshxlp0EqMwSCsR1pn+IUGm7J8QxhE6QiAMWKEwwhkOhDUgJXGcuMhEkUoJCYhM4owREpQHypP4gYcf+ggFkxMT1Ot1gsBnbGyMq6++mssvvxwhyBOJA0jpDXwmFg1wxfvwuYSwgLYuqb1OM9oo0MLQiLvYQOF7VZpRF08oaldvYfe/+FmuvOoqjh/9Lt955BGCRwVXNiTSC2jOLcHXj3HNZRuQz7SY/+uHmK92aegW08kG7Fd+wOamZMKr0kKD8jh7dIb4z/+Gqd2bOTM3Q+tHS+jZhA07tqKaEyzWnkLbmDg20O5C1MJetoGnjj5DzQvQi23Gnj7DtKpRrQnOnH6MBamZNIrT3z9J9UzCrhtegYh9mt88wdLXHmdjS+MZw8TWjTzTOsOJ5We46qdupH79DpqmQ7fboe75JL5AGEsszIrnDPTnLrmof/O25zjdgwQrEcLPPdKtsWAl1iqsSOloIcBKsMZ5PWfvF5udN27fIJp2yJBoYzCFednQbpvC+1hrdNIjbIVIpTJNjyDPvdaHILNxQSZHM7irz4sbxqBpbnF35sSTyukPuIDPCn3RLL1JcWpfSOfGqZXEYp3B0yQIa9DdZ7A1Q9Q1UNOF5/y5Rs6CcGS6MTHGLrnrF8UYvYTtdOm2TgANBF0siYvgWtF3gHRNiQbRATpYIQhCgVQeUaSJ2i3wJ/BUDelV8PCwNkbYFoIYIQyD8gQbBImtE4sAQxvoIkgQxL17LT0ficVagedvQAVXoOQYBkVkcHnePIsvIiwtOp15GssL/OIv/DOu2HYVF1tOmBEuLYwMAJcaWi1awPadOwYm/J3advU6KpvlxPFF2HoX733v7WwDZg9/nPuOT9Fa2MX+//R/cMM9v8j7D+3lHf/pbWTK98fu/TCHFifZl0sNNXnk47/Ohw59mM+8/k/IlXbiTfz87/8Bb9oGzYf+iH/1h0dY3PmbfOzXbqbOAoff96scePQxZriF2c98mEOLW7njA3/A/h3u8KP3/DLv/9QnObL3f2dPSpa3FmHfb/0xd9+4FvY8YuHYQT7zILB7pzOCLMDWPTdw2+5f466bXd+PfPhf8tFDRzh+99uGnvMwxJtu4wP/8RfYQe8cP3PoGLfftYtjD9zDw3H/OD30R7/KHz649is0wggvHgiMtURJ5EIW9UqPqIX5BeLYSQGFQegkMXTC5OQEtXqNdrvtEnnGCUoqwjBEKpVqWApq9VruiZtt932fOIlppwkkdbpYFUAUx4R+0NPZ1Rohnba+W5xIhDUpae4IAflcLNSMJVlu0FloEC0so5dayGaEyrQ3pUQqF2yfzarNsEUTw7Y79JFUA/YNKr/a/iGNrK3cmqpZe11D+2ct1gySb+rldHC3ou07Jv1QcPsq7S8vfLLNNlug9spnhhchZN/4CNK+ZYuptE+eACldLgHbjjALDboyxFcVKn4VEQRudXcxEwfPAQYm6h6CjDTM7vmip7vKPYDtimOKfwe1M4zIL+4vEzvl6IRB5bO+FY8ZVL5YX3bMoP1Zv4tk/6BzG7Z9mNzZsDHLsBbyv9zHtXi/D5K+KWrDDyLTyt/LnveDEuyW9xf3lcsOO8dsf3Fs1vr8PJ9jLmWUz3fQ72toro+4zZYtl/GqV92IUoJjxx5P3+cCYxzRaK3AGtDSImTkSBhrMEY7p3UpUwmuLibRSAGekghjMDbBCpxjAGnfjAEr0Ra01VgTI4VEComxhkQ7iQ0pJR5OMqjT7aTGKonve4RhhWqtgl8N8HyfSqWCFIJKpcrWrVu59tpr8Tw/TySutU4NUv0Jr4uJzMt4Pu4dIzJDuHXvvcQQ2ZjEJHRbXbTt0GlFjiTsWnQlYvz1V3LZ5ZInv/JNlr72Pc481SHSlkBV2Dxviefmeeo7X2IsUagwoe5bmm1FLfKZokoURSijmdAe9ZYl+dITLBw+BkozZgICKjAzw1NHTtD2Hfne6Wrq0qNDzHLdZ163qQYhYUczngiWDJzRj2I8gQgUC1g6nRZjtTqnf/AwVhuM1qi2RiUQBYJHf/hdnvFqXP6TryB4+eXM6AXOnjxLqDzaeCAtQRASe/6KnCCXBPFfQJYYtbcB54ginHtMkhh07KHjKpgxrO2graVaqaa/1QRDAvm7KDWKyNSbXBTfNencKbMslGAzJw0pelGig15pubNFmkDbDnECOLctIa/veSH3zxfDzkH2v5egf85R3H6u6lc6C4Aqz41E9kRIj7MWD42yGqUjIv0My0tLjI+PgZjM576DrnUPWY2pyJgQCJFgVQPQxJ0GUbtL0p1BsAwiwuntZ8cUqulrK3Oksigl0HoJQZXAq+GpEGsiYu1jO8I53BiFjZsY03b3rHVCPn1CQEYi/C1U6mPoeJGodQr0kus38UC3LKl8hAqxBAjhIZV7fgjRxoqYJFmm0ZhDSMM/+x/upBLWL5lnxwgXJ0YGgJc0NrNj5yQcvJff/pdHuGnfXvbu2c+v7V0tifAsx4+2YNN+bstd2OvcuG8vta8c5OjxWdiVhSZcx8409KC+Yzc7OAK7d+COmmLTNuCxE8zMzhIfbQGTnDj0p9yTN1UDHuWxE7AnY+Jf9zbesir5f5xP/MYv8oniJn8nb337TzMFMLWLW9/8No49eIh7/ugRHjk+w+LcmgZrILbvu5Ud2SjcvJfXcYSvLCwSDRmnG/bcDA/Onn+DI1wcmH2C44vRmosHkzvZXo7YeYlhLWRzo7FMo9Hgp37qp5ienmZxcZGaV+cNb/gZJiYmmDszRxR1OX36NNVqlTe+8Y385V/+Je1Omyu2XcENr3wlUTfi9OnTxEkMpMRBQc/fmIJ8Rkqk64wYtKY/B4B1cjqZN8uFzQHQg+1GtJcadBaX6S40qESawDqfEYtIc75arMjceVSa42DA4qiPXO5H7pGVfl6NwOrbPsiTfRVcKM+U9U5wVy1vDBiNGSrL04+cnCx9zo0AJYI/r8fikrCVF5qiF51Q7oGQqrewKrTnpytOmxiSRpsOZxGeh/U8AinxxuoIvxwFcGlhtciA1UjjQd/L5YtEbUYcZvIxwzzdV5MkKhNt5T4WF8eDyP9BnuCDyM/iuZSfN2v5TRTbGmQAGHY+a21j0DgMO35YG4Ou26DrN6xv2b5h1yu75oOI++K1L3rjFr+Xr0O5X2sZo2HHD6pvvfteLIv/YV7+RbLfWksURX3Ef5abwyTuPXjF1m2Aodtt8cwzz7C83MTzLNYIMBIrLUJYhGfSnJ0WE2uMcW9ZazWeBKucAVYJ8JSHiQXCSoSVOGtsGglg0t+xgSTRTtc/CJCeRXmGQBQMVhKCIEjvPefxGgSKMPARspeXYmJynB3br2Lnzp1UqyGtVgPPc8t0qSSeUo4cKkhSlaWmMjw/5D90pSXxAWERiSZOYjrdNrHRLLeadLsa29VILYgbHebPniYxESIMka/dipzyWPjWKZpPLeAvQ2wkum3xqSKlRzWx1BJYTiKEkFhhaSiDrzyktox1PHSlypl2E19YROosUYsF4yLAjlVZFAnKQNA0bEqq2EXYGo6xJBOqCHSrRceX+GMT6CTGb8ZUrUIaH2KfJRshpyZYTBpE45JExQQTIUsbFfUf24LdOsHjCych8YhqEr8eUvdDJqxHNayigoCg8M9au0Iy7FKCBRAGISIcg++RRIrGkuXrRx6nvXwZY3WPWq3Ghg01lArx/CqeHyOkxUrjjEVao41BekmpBdOb3w4yAqQe5rnH/rnGT4h83mYhlWiBYoDpC38F+nMnFLFWo0PxDa/SAwevEi4chvrcFPojsAhhEGiwEYI2kgiJQYq6K5lriA1tiSzqxMlPKZyWfozAoEQDT3SRchEpWiAyAddszSQLUboagUjTeykQHlinpC8ShTQGYWKkbbl7HIlFk0SQaEUSxRjTRjhNuDzqvHfuilptOyrZRtw5jel4xFqk/V7Giv68AWDRpoFlHhV6COsk1EAhJFgTEcULNFtnec1P3sSeW2655J4ZI1x8GBkALjVMTrEJePD4CSI2r4gCWDhxjNamHWyrZ3ti4lWq23XXf+EjN32Rgw8c4sjBe3jwgXvwd9/N77/7VgbzlbOcPAnsqOEXN09tYxswM7cAQ44cjrTOWp3J4ubNN7JvH+wu2iPqtYGRDz1s4vVvfxt7JqH12Kc58MBxdrzlN3s5AWa/zPveeYDHYp/J7bu54cbbCWbu49Bjq1Y6FEHfIPiub3MLLFIbOE5BrXZ+DY1wcWHzdna+xAn99aKUKqrPIxcAazk9e5qvf/3rvOFnfobvfOcoZ+fPEgYhk5OTLC0t8Vd/9Vf4vs/ffvlvuf2f3s7HPvYx3v3uf4vyXOK8er3O3/3dV3j0W4/iCQ9jDb4f4PkeYRDiyTT5o+cSPvrSJwxCfN93ZVXg9vseQRDgez5aOy8nTykSrfE9f8W5nS+MMQhr6bba6E4X0YmQUYy0FqskQigQWRI1g+mbJGf6qWWkBFZhXIFCvoD+a1DE4DmlSB2IxJpXSUKI9ckFrVrZeooOIZMBpMQalS8eB5XJowByB7Sil5DtixKwfREAxXpsgSgqSLUAiMGJl0nbzgkBkx6blpAIvCQhbrWJ5ueRgYeULleAHBtL5aEKRHRfzRc3hhH4w8jg9RAmZRI4G98yMVxERjgOInDLpHCZ3B5E7JfbGVTHoH5nKCdVLtczCEWv9UH1rMVjfz1YT33PxlO5eN3KRo5B7RS9/cse/uUIiezzIKNocSzXQshn77VBhodhWIvx48WEQYa8TNYn+1vMd9HtdvuI/ziO3b9ugjZOf398fJzdu3cDgiR5Gug4z//EkY2pdRYlFUool1zROKrRJBqlQqyyJElMYkFaiZJO7x/j0kkK4ch3g8ULApSUiCgCBH4QIDyL51PIMWAxGKJuFnlgU6OyQXoCL/Co1apMT29g69YtXHHFlfi+z9LSMgCViouErFQqKOX15AkLyahNGukIKw1k6/1tr/W3nEcfWUtinXHd6oRuFNHtdul0u0StDnEU01pqknRjbDch6bQ401xgJmnS7cRMVBVTPxZSuewy7JkOiy2BaSYQCUQnYWwhptI1mPEQ0e4i4ybUKpi4ySQBfjOhIwVmo4fSAuEJ4qhDEBl86dGiTdMHPwixqsMWUUMa0FU4Y2KMSPCnJZ2KZDlZQilFTUOQJHhWEMkOuh6y6LXpVDyiMYW3cRyDQW0eIxm3fP/p7yHHfCY2TiDbIWZZ0qnXkUEdqy0qzQ1TNAAPMgRf3KSeQFiBxKBljJtdxCm9aqgGAfMLLf783oNI0aASCoLARbZMTo4xOTXB5ZdPMjU9zvT0Ri7fcjlTExOE1RDlCzwffF/h+QpPCTwFyjMIoZHC4tQZDdoatKySqDTXgNUIvD45xnOcxurf14hhzaz5qb3a873Qp7W2UzwNZ98UZFKUojCPzWwpAtE3Dy7K+AyqWdribok1Np9vy1xfyKBFoQaRSiWlf9MnhjMeEQMxpIl6h6PYsCPFC2eJ8/I3ILpAF0kXMoK9YP2wAx12XAGR70vHy2ZnpNMcLjaXMcKCNjE2zXuRR6P01SrRUYjVkwgjCAKF1iHGnMVyEmEW0zwZ6ZkLQ2IW8OwppCeQdgxhK0gR4qkm2HmiZAklLXf94i/iKW/NQSsjjDAMIwPApYZgNzff5PPgg5/l0P6be0mAAZoPce97PsyDtdv4nf/8S/h+DTjKYyfgxtRNfeHkTOGAiObMCWbqN3PXu27lLmDmc/+Od37qHh44eit3D9S/2cHu3XDo0Uc43ryVzalz+8JjRzgO3JC5/K8LWZ2T3Pjmt+VyP82ZY8zVdrBjtYCEFZhi5+4buXEzcGON44ffw8H7P8uxW3+JXcDMkU/zWF8C5SZHPnwfh86j16tj8DjNnDgKjMT/R3hpw1Mexmq+9LdfQkrF0aNHsViWlxu8853v5I1vfCO7dr0sLz8/f5YHH/waX/ryl4i7MQY6pAsAACAASURBVJ8/eJBmo8GePbdQr9fwPI92p8MPf/ADDn7+825ya53Mz3/7f/4bkxMTzM/PIwR8//vf52Mf/Rjf+MY3kFIS65g/+8QnCIKAhYV5pBR87KMf49vf/k4aRQBYSKxLLJjosvfG+cMag2516C4vEy810I0mvtZYBYlMPQ7T0Gg3YVxf9EFxgpjJ0q/wzl21gpTITz2t1kO8XlyT05SEzzRhB550qsOfEjTCuogQtxBIFwHWyRwUK8gDAihGCaR+R7l8y9qWhTlpVNCuFeC8FxF4UmDjGJaXkBWFqPgQBCBD57JaOuOL6xoMxnruqfNBUcO9vG218mvF0KiZdW5f6/4LUc+FJprWU9+zabusk7+ec1ztuxBihaFlmDFqLQaoYTJVz9c4XQoYZODIyP4kSUiShDiOiaKo73Pxb1YuiiKXD0AIlPK55pprqVZrnDp1ijNnztJqtTCRIfAVRodoY9BJaqRBuvwAKBJrQQikHyKEQAuBCmTqLZoZnAAsQcUjrAQoJVFJL2pEm5g4SRBaEgQ+IIjjyCUGlu4+8z2PyliVSr3G2NgY09PTXH755UxPT2ON4ezZsznJ3253UEoRx7pPQsb3/b7P1to8WqBIMq8XZePVueoIhSSwkAhJLARGKkRQReJyKHVkB18q4iim0+lgAstUPSCMunQ6HeJ2hB5LWIoS0BWWEoNJNDoxiMQw0ZLUOwJtDULXQWtHPmrLnLHIxDlpmFSKQ1gBppYbWgyWRDivb8UYp4XAJYAQaOHkeRLPYiRY6SOycVPC5XtSCuFL8D2sEiQV0BUXaaACH68SsDEcRwUeYRhSqVUJgpAgDKhXalQqIZ7vHE+CIMiv2yDj5MULNw+URiBtghBdF1FjhTOSiQhtu+BLOkwimKbTBboGsax5cjYGMYu0pyGNapRCUQkCKpUKYehTrQWMjVWo1QNqVY9q1WNiwmNsLGBivMrmTRPUxyrUx2vUNldoAl1rMFYjhUoNviInuy3kEQLW2HwOm3nFP1tkEQTnN5pFUr60x4K1opcnuXRUPsEcUnOP4O/lAhN9nzIMMWQX+2Z7TjVOAkpQdDAyqUOMTCN+jZBOtgaLFLanUCmE85SXgtSlHYFyUVUmmx+7yOYe0jxnwvb/zfopnIFD4KUkvMLkHv2ZTFDRzmL6onlBpc9yA8Tp7SGR+D25q3QSLWx6tBQImQARSI17XfQ1kkYDuFximBCrp0BUqdUvI9GzRB2JNQnQcpEAwgAa3Z1DGwF2kXp1M0EwjUcVxTxWnqLTPsurX/Uq9r7+DVit0/v5Yn5mjHCxY2QAuORQZ89dd3Hw0Xv41Dv/Fx697U5u2z1Fa/YIn/3UYZ6IJ9n3jjvZBXDTHvyDhzj44T9gcv+tTC18kXsPtgp1zXH4w+/hU3M72Pf2t3PHTjh+fBbYytaUdJ/atAk4zP337ebnd0+xbfd13HTHPiYfPcSB9/0p8f6bmVx8iPvueQwm93HHTedDbtdX1Oln5+Pv5bc+8iusSfJ/BXZxx/7dHDxwkPsPv4l3753Cr00Bs5ycmaVZg5kjn+Teh/uPGnTOm1cPOxh4Tjfs24P/6BEO/OH/DT9/I5NzR7j3/pPAzvM5mRFGeNHA8xTdSPO5v/4cX/z/vogxbvFqtOV7x77Hse8fo14dy8tHcZc4jlHSIzYxc2fm+NzBg3z+81/AoKmGNbrdTu4xWMSf/Mmf4HsecRyDFXzve9/j37//37tFugES+PjHD5DYBKstCwsLvPvf/hs8eeE8/YdBJpa40SFaahK3u3hG4AmFlSKdU7rQVTfvL0+Qh8NNZtO8BSlhlSUtK+YwKG4fXpdAyowMWBs56pq4eCanPa10PdTxSqSGgcwAAKReTm7sbRoB4Dx/Btdf2uqIpUFZwlbrqxOmyhdhIl2EmHSxYY0larVIWjVkrYOsxqjAczqvIlc0XVebI4wwwggvJDK5nyLZH6Xe5FEUObI4jvPvWQRAZiDIIgeyurZu3UqlUmF8fJzFxUXm5+dptdqgVEECyjkKaJ1JDfUn04bU99OaNArPGWmdgcclCNbGoE0vSW99rI61ui9hcRAGuZd+pVKhXq8zNTXF1NQU09PThKGLQux0OnQ6Wa4A1acb76cksu/7eJ5HkiS5nAzQ1+/MmHU+UQDrkRESOP1vKyXC85BCoKRCa00lDEmq1dw4kxlqsgiO4jXMrnsxv4P7a9BWoDMDjDYI43IwWO28cW0aLZcKgziHYpu9Rx0UFpPa/aOUkJRCIKTAR+CLNLJIOukNkZGVUiKkQHoKoZQrLwW+cmOTRWAUjTGVSiXfHoZhrvdfLls0sFzc5L+DsBZJgkTjWYs2EoNME2CDTaNTtZUIfDLpFZnnpOpFr7qhlegYljpgkgRLhJANpHTtaBsjhcHzQCmLUhbPAz/08SpVosSnMS9QXoBEIa1AWlwi7lIUbMER/MKNR7GBC1MbeWJlMrp6pSNNRrqLPlmkbJ5a2JIz2CmPPbCvg+47kV6zrEeZA1LWm9RoVbCkGNI5sYiRYgkp2ighemJGNnWhSQ+3xuZJ2Z89MiOaM/bZ4tqjVH1Zbs4Z3rLoPNJ//XmdVsYL94zAQ+fZzjaBkQItPWJjENIivTF8M07UKa2jhAHaYM6gow5ts0xFbUMF4+h4HsQSgYL//r/7p2zatImoG+fG3hFGOF+M7qBLEZtv5b0fqPHxPzrAVx44wKMPuM3+ppt462/+CrfuSNny6/bzW/se4UOHHuZTH30Y/E3cdNteZg8eTivaxu3vegePve8Ahz7626kXvM/2O36Tvakj/7Z9v8Jthz/IwQc+yoce2MlbP/K73Hrd23jvOxZ434FDHPhQetTWPbzjXW/junUT5Q7BdW/jve9o8cFinZtu4u3vOl/y32Fq735uu/c9HLzvsxzb+0vs2rOffQ98kEMf+nUOpW3se/0ODn6ld8zAcz4PuZf6zXfz3rcs8J5PPcBH3/8A4LNpUw2eRc6BEUa49LByktTqtvGkopt0XYK2qIPFUgkqJBFoY2i1isZKi5ACbTSB55L6xlFEYhMEIk/w6ym1IvmqtYZWu+W8uYwlinXq2e28UQSCTreNxYW0KukRdSO6dFeEyV5QWDDdLlGrTbfVBuM0/hOhnI6/NIBXIP/7J41FOZoVY5w6Cvm+76RvshKCNI9A9t1N0k159ZBXI/JyZJ48a8HFtqDNxspk4b6DyqQMQcEAgHVRAe67ScsE5JJAhXIrarWuvVRodM3dNMb0RQDIrFsCrBQITxFrQ6vVRXe6+FFEJQwQUmKFwMjMi+siuwYjjDDCCCmKMk7DkvxmpHG3280NAJ1OJzcOZBEAWfk4jnNv6uXlZaSUXHbZZUxPT+c5hRYXl+l2IzqdtosCEAblSWxsc29PS8+DVGuDNY7od0SWRqGo18cJAg+se896vkIKQZx0cwkjYwxBEFCtVgnDkFqtxsTEBGNjY1Sr1Vy2JyPFi0RxJu0zSOqqKCWT/cvGNDMcnK9X+flIBmVtZcR2lrS4GJ1grV1xvbIxKo5XnwyUtXSlcKR96nJsrXG5N1ODTZqHtufhrHXukZuTjvSIPGvT6yxlnrjZRTfKfJ5jU4/lrJwQ0kUECEkNqNgecZ/llJFS5tetnKMhK1v+vh5jywsKC1JoKn6XimwSG01sPTTVVKucdMyzfFkuCbebP3uQy6y4+bS2ljh2Xsye56Oqzos7jmLiOEGIAOVVEJ5HbKHTdTm8JCZzkkdK8P0ppFBpsm+JsEUP+J6/eJGqlZZzOr2sBRf0allwjj4u/4g1pNIzPQ/zzJwl03m4HZDTRyrAGrKR7nmylJLRk64vBnDYMl9XWCQWRCpdZd1vwVWjETJKu+4mqO5+j1ByHk90qHoe0misUVgj8IMKk5OTzM3N9T2v+g2uhT6WpMzOOYSFd8lq+YkKR/SVGSYjmEWRlCf4q0n6uZwHEVY0XESEjEF2MTTxA0HcSXO7FbphRRcpDR4GdJdOO6JW2QR0aCyd5eqrt/Mzb/hppPAIQ+WOXsUGMcII54Jot9vPEbsxQhmVSuXCVxo1acaAX6c+jHxPy/j1+lD9/KjZxFUzpEzUpEm5jYima5z60MbXD9eXC1vnebUx8JzPqzU3Tn6d1qF/zW98yj9vo8IIIxTRSYnv5+TZsh4MdoDGaMtDDz/EW97yP3Ls+8fSHf3BqBKJkJLEOE1FicqWasgC6W3oLTCKxLzIvX16KadkaVbkPKpdgKdJvblF4b/iNiU8tE1WtONL58W3e/crOPL1I4yNjXH+cO4mrdNnaS8s0VlcQrc7yMRAopHGhZj3Btb2T/TyzTZdNKycBQqZyffQk/oR/QtNKVVO7J9TTmMdE00XfXDxzExdiLDtI9ZXoOCpLxG5DSMzALiFhXYGpjT0PJ+8DzEAGGv7Fmrnmq9nyZZN6tWYHZN59otUvqAbxwS1Kt70JOHmacanplCVCkiFyaI/+n49I4wwwggXD8qETUYIZ57hnU6HbrdLu92m2+3SbDb7IgCKMkBAbjAo5hAQQuSkspQy9zTvdru0Wi06HVd/FEW0222szQwQmdQbZFECrh5c7hUp8X0n/+P676IagTzRa+bVH4Yh1WqVIAhyT/6MJC4S9sV/vu/3GQMGRQBk7RS3FWVmisaB5+JdXIw8gH7Cblh+h0HXPUPR2JGXzdz2rU2NLzY10PdmbtZQkBERYDUuDMDx+cWeFM32bk4j0UqhpUQg8+TQpEYBl2hWpvMo99mzFi/zhR7gxV8k9wcR/IOkyC6mudIgRB1Lq6V54K+OcPzYHGcXYuYXu8yd1ZxdaDE3f8b9XjsRnU6E0RJjBNY4iRYXcaGwqVyLMRoEqCyyVDpCXwiJ0RKdXnYhFM7xRWGtQBhnWHDQkOYHwIDvV5FSoXXi1h4wcLKlnyuHnvOBdasMZ6VKJYyEINExWIsUCikz3xSTStqYfF5nU7f1jPAXqQSSWxak9Ukw2qSR0QlCugghKSDRCZ7v4Xsut4jv+y7ROMblY/AkvicJAo8g8KlXa+65Ewr8ICYIFUEQUql4VCs+1YqkEnSpBjAxJtj/Cz/LWN3p1S8snuXQ33yRv/vqV/nHf/xHfvjDH2KMYWJigk2bNlGtVnPDYSZnlj3TM+NvkiR9z4zs2Z/liGk0GiwsLLho7+IYDfgMrPh9KqUYHx/nsssuY+PGjdRqtdxYYY0zBkdxRNSNiJM4d9bRphd9phNNN4ZOdCXNaAtJ7HIG6KSJSc5CfAppFzA0sUSARckQ5Umkr/C9EIQiDCps2LCBzRunufaaHdz9y7/MLXteixIylVUi/3uxIOMjRnjuEUXRs65jFAFwqSNYA0G9hjLBKsaBvI6VG58Tkv6cfXm+2hh4zuvBAse+eC8HuZO337qNYOER7n/gBPj72DYi/0d4CcBaQ71e45qrr8l1IsuLHSkVUgriJHGTXpUmarXWEdSFuoreZplWbRbunicUFuRtZcg8/qVU6WTNIIXMJXKM0WmCSYnne+h0oln08sg8uq666qoLtmDr2ITYE1AL8XzPaU3qTFtSpeds0qiG/PRywl6QksblRWVaBrLJYubJT17WLTkERvTkEIZhvZI+F50EUOql5MZzWCGTswWyF/vghswCONLfmDQEWGQeWZlcU5n0II8AsDiPRXOOaIBMnkln8chkvligpfvtSCGx3QRRraJTKa0g0oS+ZZ3y9SOMMMIILwjORYQWvagzAjyLFCi+k6WUOdmffc6SRfu+n3ubCyFScsnNSSYmxhzZlmjiOMrf9ZkhIptruKgCyAjmjKTLSH/XriIMA6x1JFFGxGee+ECfZEN2PplHeCYfM0j6JzMWFIn/jOzPyhTHqThneT6I5TKxPcwztpxIu88jeRVvX2MtRmhSdh6EQdos6sGg89e2i5IUNkkdI+hFwUnhjPElT18BKCNTI7+k98bNXafJXc6FBSRI50E+0OliAMk/7FoMG6NBZV9oSAn1MY/9+18PWOLI0ukaOpGmG2nanZhuZDn1TINnnjnNyZOnefqp08w8fZrTp+ZZWFxmfr5NYylAyBBUSmqn0lrCilS6yUNaH2W9VE/e6cAbwBovvQcEiC7INogIhMQIDyNCAKxIciPPYE//5yymd+0YMj/WNsYSIz3jJKpSI4kzSmonACpcEvMw8JAqIUqWCUKXT6FarVDxfYIwZGysxsT4OGP1KtVKlXqtQhgKgqplYqJOvTaG50uq1QrVapV6vUa1KqgGzlmoWhVUK+B5As+XKARWSDyVJa+2jrSWIo2kSdNQpVPXwAfl9U53w8YN3PnP/zl3vOlNzM3NcfLkSY4ePcqJEydoNBqcPn2axcXFvuc39Ej+SwkCTdR5Ct2aI4ktcRJhbRNYJpPCklJiU7mnwFN4gc/U9DTbtm5jx9U7+ImfeDWvetUrufaaa9hy+eXU63UXibS+NHAjjDAUIwPACCM8V4haHP/KQzx4/AgPfiLb6LPzrW9iYH7lEUZ4kUH5ipe/4uU88P8+QBA+O7NeNmkXQzcUUN5WWNNlHGyfjcCm3mYiJdSLdRdWC9ma7YKszwRMb9mCMBp0z9sQY9IVpszifV2DxUZTL3RM4WRW9KlwTNGDv1yu4G0+vK/rPOGLzAAABU/CoZr8NicOUtq/dP11b6xySaRUNmDg+Nlee/n4rzTW9EEUbtJBN3zqtUgcQxi6qBcLwvfIcgeMMMIII1wqyIgeR4j0EtkWZYEyFHXUs1wB1tq+PABFDXmlVE7o93TxU6mZ7J2AIyIzd3Fr+yO2kjhJX79OAkamBndrnIdt0RjhyP+wz1GhLAeTScVk51308i8m9c2OzQwARWmgsoGgLD3zfOvLnyt6sEz2ryq3UTwOEFY7L/IcWcRn6j2tMsk+Rw5b6yRn8vd3PvGzBf+H9MVuUq/pbF5Hz2jgbD5933DJSJVzUlnjsJ4zj8JFRvYPgrUCP52+ay0IQvB9xXgqUekKwfUvn0KIKzEaEhfQSxzD0nLC4kKHJ59Y4plTC5w8eZLZ2TPMzDzDwsIizUaHVjOh24npdlvEsaYdGyLjoVFgVfo3QOAhRAKyiyVxUTk2RInIOf+gsanBp+96m0LUsMzcKvIzzOdSffeO7e13E60EIZPcNcTlvJAIYRDC5Em+lcx+61n+gp70k5TSJYuuOINFGAaMjdXxPIsfwNiEjx94VHyPsbExxifqhGGFMAyZGKtTq9eohAG1SoWwqqjWBNWaIPScwaBWhSBwRhur3amEAam0KgQVKDz6BqJ4R6p0iiulW26owtS4uKzIl1jWkiQaoSQ2M6oJsDpBpQbMrVu3smXLFm6++eb8WdloNJifn+f06dPMzc1x7Ngx5ufnWZhf4OQzJ/OIsCyniNaabrfbFzk2yKhcNCYMPd8h0TnudLLIpf5n6opnVd/z3iBsAyWWkKFkvO5RqQQElU3UaxNMTEwxvbHOlss2sP3KK9n1sldw1VU72HzZZi677DLGx8accUwYlAQlfTrdiEr4Akf6j/CiwkgC6HnECy7TMcILgIjZY0c48pXjtLbv5qYbb2bX+jMKjzDCQFzUEkDl7WLA5/I8fNg8rcBRrykP7XrXVGvpw3OALIRXFNV+8rj1i39heElBsHpC3gHWned9cZ7z/6V+lg0MJS9Gm94ymd6xgBUyWCOMMMIIFxuKXv2ZTnym519M9JuR/Nm2TE8+05TPjsu89zPyp1g3gDEJWfTWal7Y2edh74CB261ACC8ngopk0SDJn8yzv+jBXzQUFKMDzrW9uL/4eWhfLwVYHIu5yvzMrjg1MaDQkIMBIwymkCE1P9oOPsLJG760Qu2sSefdZf+CXItmgA/EIMeZwuZuF7pdTacd0Wx2aS53aDSWOXt2gbNnlpg90+DUUszcYoczc0vMn23RbMQ0GxHdTkIUOWmYRqONki4nhzUuf5iUKjUOyvw3kmoKAS5yx/NlLpPj+x7KE/i+ctJdQUCQyncFgU8Q+IShT1DVhFVD6PtOGseX1KoBQWDwA0u94lOrVaiEIb7n8oIEoaJarRAEmUxXQCUMCSuOB5BSEIaSai0dI2VRyg2a867vN0ENhDhHAdsj7LPi5zU9XMWPiAHb11ImwyDpsG63S7fTpdlq0m63aTVbLC0v5UnhG42G295q5fI/s7OztFqt/L2ytLSUS8cVJWqyz1lkGPQiszZv3szGjRupVCqF6KRer7N++r6Pkj2jba1ec8ZbBGFYoVKpUq3WmJgYZ3JykqmpSaamppmammJsrIbnKzxP5c/pXgPZn5UPvoGPu4sEIwmg5w8XQgJoZAB4HvGCk3QjjDDCiwojA8AQXEoGAGzJKfxcU+wRzherJRQbFH7/QhEna018li3sMgNABrfYG90/I4wwwsWNciJg6On5G2Nywr+YGLj4r+j1X0wkm9Wd1dlnAMD2bevrj9vR+8y53sQil9lzB8g+8j8jd8rkfCbXUzYAlA0HZaNA0ZhQrKdsaChHAlySsCkJVs4pMOR0nMb/SgNAzo/aLMlpr55EGIwYkFB1iAndQ6QSgS8xWGeL6Zt/FwwA69HVMcamUpdO5lMq2VePMU76KQKSxKCTBKym1TQsLmjaLcuZM22efuoZfvSjH7GwuEC3000jcAJq1SpSSqq1GlNT00xPTeKHIb7nUa/XqdUrVGvCeVf7UK8JPF/gKSd3Y7TAWEkQSJQUqHS756eJdoVAJy5CRYpeIKhS4KW2hihy/u+BL7GiN1Rxqlnle8X8Zg7uPu3RvhJcQmps4SdgVxpb1oAsignE85Yb6nx/I9ZajE5ztyiZe9hnuVyAvm3Ze8BJuiV5xFdG7hejwoA+3f5M9g2cASCKIiYmJlaQ8jbVkyrKeDojrEIpmUeHOWlWiVRplIAVqWyoyIOFs8/nCgheOTADtl1ED6KRAeD5w8gAcInhBSfpRhhhhBcVXkoGgHOWKWJkABhhAF6MBgBg4K1yyZI+I4wwwksKZaK+GBVQNAYUSf5se1EqqKjdX6yr36tfl76Dewf353Ipbh/WZyhLQvTI57JURNmDv5ykd7Xtxf3Dks2W31sXw3vsQsDatWu25wYAYfvejcL2/GdLyo84lfmVLYhSuWybxOXquXRH9Dxg0+ugQaoBbuDrNABkB7mcGZok0YU8GCnBnbHrxmIMaX4jgdXOQCBIZWlSBU3P5RrG6J4tzhqnwJgl0tXakfR5arHCRRTCpkS+cAYIkx3nOiOlcFEFQOD7COlIYWstSPIoXpPmfHL5ojQIm/5uHfFsrHVe41KBkK58JkFG5vHvOiYR6b1pe+pEnF8Og+z+z3OHlQfgOcf62yq+BzJCvygJN0hOrJi7rWgwWCv65eKKxuneeyHL/dLrR3/7WqdtC4nyRH6/vtgDh0YGgOcPoyTAI4wwwggjXLw415xvrXPCc4W4Plu8QKs5UZjsjzDCujG6dUYYYYQXAYo6ysAKz/nMGFCU9Mm+F6V+Vnr893t3lyV+iu2Xt62GYl+H6doP8swfRuoPK1Mm+ItGgHLfL2WifzjESkmeIZfIRcOV2GjbO0b0tDXy8gKBKr9Ii4SeWLn5xTjKq8GCS38wbLp6PgNiXX2e57yocxbVGnfFhXCJgRFpclkXCSJEaoSwrl3lkSbHdXUqf+gZ4Pc+pv0ufMnOTTriP48USdtFWAJfkVuUrPPiFjLrd2azcOSxEgqbV5I+g2TJwQTrDFIFZrg8lMU4FNtT2j9vXEr3bhYBVd426HN52/nmPym212/A7ZVZ7RUhhMDz+ttdpw1ihBGeF4wMACOMMMIII4wwwggjjDDCCCM85xiU9LWIjHzJyhW1moG+CIGip2ix/rL3fzEhbblsZmRYrY+DsFqOgOK+okGjSFINyhWwnnrX269LEUXa00LOwZYhcm9pXdjWq8UWjAHZXiH+f/buPiauM0/w/dfAwaYSqDhF7Eri0oS6GWoyRY+rN657h9Jd6GlWCau1pcE9wppmV0FaM5ad25Z3GNoeFNuxHbkdsXQjMg3q4NES7SUro2l7Rnh2ypFIB7qnmNlyeo471KRhoiJzy+uutKm4C9uF4YB9/6gC6v2FNxvn95GshKpTz3nOc5638zzPOSc/PMj/YFPM6Gh08NFTCnlsrEHUVfEgknb563DkDxZGSyMTcos31jyATfORD/KitotsvbhaP3wfSEwGidk2zTFE39mxMK6/cDtBsp8uzic9iH0s1UImXfhB1AD/YlCbll5KnOoG5KUnLC1MXW1K8ovcRN+7IuPSy/MYVa3iK0wmADaYGzduPOwoCCFWwXPPPfewo/DwLP8e1rULP1fSCXysPE4DJkIIsVHEr/6P/m/8IPzC3wsD9oqiJLzod2G7TC/5zTZumSS7kyDZI3lSrU5N9122Fo73cWvHFhdiL4ylRn2+ibg/0jwSj015sdtHf8WmmNHQhcet3F8INi68la/D3mAebAo/Hifh85UEmiRRI58vjp/nxW3/II8Hm+6HB87jVu9v4kHk7o/E9zmEX/od9Z6BFGdv06alAfKFUB4s3KoQLz4TJPz/g8SJgMQ9pk3ChO8WZ69Wkvuip8TW1leqjAixwcg7ANbRQ39OtxDisfLIvwPgcSa928dKsncACCGEePhSDdxH3xWQzfa5TgBA8jYhXTjJtk/1LOpkj/QROYqeAEj3jKCUkqd/qlC+cmdrYSZkvSycx+ix/Mh5jZonSFFu0p+1XMttLpb1KoTHmNxh8NUi7wBYP/IOACGEEEIIIYQQXympBtZTDfTlOsiXazirtV+Rg4SH869OWssZi1jvhEg4n0tfhO/ISDfM/vDOmuQXIcRGIRMAQgghhPhKkwEaIYR4NKV7Jn4yaz0BkCqstVxhLMRXSoriEn5J8DKDXOMyKCVcCLERyASAEEIIIYQQQogNYzmP9BFCCCGE+KqSCQAhhBBCCCGEEI+t1ZwwyDUseTyQEEIIIR42mQAQQgghhBBCQvw3RAAAIABJREFUCLFhbJTBc7lTQQghhBCPApkAEEIIIYQQQgghVtlGmagQQgghxOMt72FHQAghhBBCCCGEEEIIIYQQq0/uABBCCLEysrhNCCGEEEKIx4f074UQ4rEidwAIIYQQQgghhBBCCCGEEI8hmQAQQgghhBBCCCGEEEIIIR5DMgEghBBCCCGEEEIIIYQQQjyGZAJACCGEEEIIIYQQQgghhHgMyQSAEEIIIYQQQgghhBBCCPEYkgkAIYQQQgghhBBCCCGEEOIxVPCwIyBW7u7du8zOzqJpGnl5edy/fx9FUSgsLOSJJ5542NETQgghhBBCCCGEEEII8RDIBMAGNjc3x61bt9iyZQubN2/mySefRFEUNE1D0zTm5+e5efMmTz/9NPn5+Q87ukIIIYQQQgghhBBCCCHWkTwCaIOam5tjcnISvV5PcXExOp0ORVEAUBQFnU5HcXExer2eX//618zNzT3kGH+F3P6EH7ce4Nvf/jbN7Vf4fCbJNjc+4sef3E7y0x/z0Y21j6IQQgghhBBCCCGEEOLxJxMAG9DC4L/RaKSwsDDttoWFhTz77LNMTk4yPz+/TjH8KrvBj7/zLjOv/Vfef/993tx9h3ff/YSEOYDAx3yUZGZg5vOP+DiwLhEVQgghhBBCCCGEEEI85mQCYAO6desWTz/9dE6/efrpp/nyyy+Xv9OZf2D2l7lNIMz/cojZZKvf05j95RCzufxgOfGammJqzeZCAnxe/AqvWIoBKLZ8i7Pf+Rqbcw5nhhuffM7k5CcMvP8O77zzPlfGEu8YEEIIIYQQQgghhBBCiFRkAmCDCYVCFBUVZVz5H6+wsJAtW7Zw9+7dZe13/vMRlNs/I/tx83nm754hfyKXkXY/m251s+n62sbr7tw9tLtrNQPwLBV8wNCKH+Nzm4/f/TZ/9L1xyl9ppPGPX+bOXxzgnU9ynFERQgghhBBCCCGEEEJ8ZckEwAYzOztLXt7yTlt+fj6zszmtr4+YZ/7ORTbN/pz5bMefZ9zk3fsF+Xfd2Q/O+39K/vyH5Af8axev+bvMzcH83N0cJg1yUYzlG4W8+0eN9I4tRGqG28sat6/kz9/8FpbSYopLLXzr5B8z/j9GkPsAhBBCCCGEEEIIIYQQ2ZAJgA1G07TFl/3mSlEUNE1bxi+vkndvDB5cJO/zLIfNfSMUPADujWQ9OD97c4g8IC/00ywfA7SMeIXmmAOYm2MtbgKY+bid5s+/zV9deZPidw/wzse34ZO/oPWDyWWE9hzPFUf9WfoCL3zwMZ+vVmSFEEIIIYQQQgghhBCPtYKHHQGRm7y8vBVNAGR398A8s//cRsGX31+cIQpnlDEKbj4LNwEMPCjsQNv5KoWbgRk/s784SOHM38cG9eB7FLq/F/nDzvxTfwkVRvIBAiraZ3+Gov0CgMWHGs2/TuHPXo/88YfMPddGgVm/vHjNTxP8zR1m5h/EHeMc9wK/5l7kr7zCYrY+VRSO1wrcvvErHK+8THExfKv9LB+9+We8SSG8HLdhoYEb478CSmM+vjMb+wbgmImQmdvMlL9AMeJhmv/1KG7/Vl7+vecJl8QgXrcHf8zcmoLRaseMF7fHT+xXRqx2M/p1jLMQQgghhBBCCCGE+GqSOwA2mPv37y9zFX/47oH79+9nsWU+hb97jAf/x39nfpMhyfd25p9yMvd/RgbZATYbKbT/FbNP7Sd+qB2ATfvRyv6a/IXBfwCDDeX/+jGzuj9MEY3vMWvpjgz+LzNe+UXoDU9TXJgqq+dRWLyV0lUY/Acofu5ZPv54LPLXc3zjzT/na5+PELgdO7CPpZI9H7/LQPS7AiZdvP9+Bd8oX/jgx1xxLd0+MfPxR4y+UsELqxBPsVz3GP/0X7lfYmRpGu5JnvsdK1Zr+N+LJRrBO3k8+STw5HP8jnXhuxcp0YLcyXuSJx/eAQghhBBCCCGEEEKIr5BN09PTScdrxerbsmXLisP4zW9+Q2FhITqdLuff3r17F03TeOqpp3L40QfM/9N/jBkcn3/qM/IrSlL+RPvnVpQvz0d98p+Y/Vo7hSmXPM8z+/MGCkMfLn2U9z1mX/7PSwP5qxGv4CS3ZqInQPLY/FQp+tzep5zBJK72P6PdZeDlbxgIfPQxd77VymuBd/n4G51852tRB3TjI978s+/xybPVODaP4xp7jm+3n+RbL2wGJhn4zl8wXv45n/zqa3yNT3AFXuFs57expEoTsfZ+5ebvPAU4/t3Xk6zgn+fW6M/4B38JL//B19kWkzlvMfqzf8Bf8jJ/8PVtqzLZBHDvXvgeltWoW4QQQgghhBBCCCGysTAeIdbe8t7nGkseAbTBFBYWZrmKP9H8/Hzujw/6lSdhsDJ/5p+Z5/dTDmI+mP5p3Cf/izz/POhT/WKSTdqHsR/d/0c23frPYFy9eN2bj0+3+8zfm4fC1RqOBSjF0dyL4/+5ze1ZKPxOMeHx+h/hiN/0uW/w5vvfYOb2bWYppLk4fmS/mFe+00vzzG1uzyb7Xqyve/zLZ5M8+Vt/kGTwX+NX//Qzfn4Dnvs3L2GIzlLar/inn/2cGzzHv3nJsGqD/0IIIYQQQgghhBBCZCKPANpgdDod09PTOc/+zM7OMjMzwxNPPJHb74IXYdN/QjN+gmb5AE2xZ3ix7z+Sd2+SB8r3mbX8b2aN32d+0yQFd9ykfOfuzX8kX3uO+5v/X2a//r+ZffoY9/lr8r/wr2K8bqPNAXkKRSVbKSlSyAPm5u6mjtdKbC6muHhh8D/TpsUUpxvc35zhe7E+gp/yr3dKefG3twD/wk8/+JilVzvncV8p4bfMzzD3y5/wgcu7+H4J8u6jlPwW5mfm+OVPPsDllVlyIYQQQgghhBBCCLE+5A6ADejpp5/m5s2bGI2plscnCgQCbNu2Lbcdzahs2nScWdsrFD4BsB2e+Wtm/7mHTb55eDFxLfP8Z/8fbHUy97u/FX6p7zP/EZ79t8yO/S+Y+X3yk4xjz968ySbjFfJe3B7+ze/+KfM3v8n9679gDiMJT+hZTrxuz8PmYrbqi8LPbt+ylS1bpgneniE0D8WP4LLsYsOzDzsKYtE8n3tuoLxQQ/Kzks/zFS/zPMBLRj7+4Od8Omnm66VA/vNUvPw84a8+5oOff8qk+etxr38WQgghhBBCCCGEEGL1yTsA1tFqPqd7bm6OmzdvYjAYKCxM/RD72dlZvvzyS0pLSykokPkeIZbHy08Hxph5So8uH2CG4C0N3bYXsdnNCY8E+pef/i2BF/4Dv2+KD+df+OnfBnjhP/w+CV8tg7wDQAghHj9+ZxdD5U3sM+f42EaRJY3R3k6u1zZTm/1aGiGEEEIIEUXeAbB+5B0AX2EFBQVs27aNL7/8ki1btpCfn4+iKCiKgqZpzM7OMj8/z8zMDM888wz5+Y/gEnchNgwD5hdfYGrx7yChYB4lhifZfPtThv7xDi/+gZ3n84HQv3Bj6km2PQO3Px3iH++8yB/Ynyf81Q2mntzGMw/tONaGOjaJzRJ9T0MQr9uHzlaBMWr8KuQbxadYMDPGGBYqjArB0YsMUsPeiuRvCQ963QQMdswJX2sEvSojIyq+AjOVjl1UmFK+afyRkfJ4gl7cAQN2sz5jmqzMRks3H0M9XsxN1bGTZkEv7vFA1AdFGMosmEtXMmAawucawOmZory2ierVmKVbjslRnFdG8BVVUr+3Isk7Rx6+oE/FX2TDknArUwjfqA/FYiSkBjDYzegJ4nUv/H8czc/oGFgqjKQ8cyEfo54gpXH1ieYfXapHvG78JfaE+ERvk3mfaeKZQep6ahm8F+h0mzlcq4TjqvqYjt+myIQtXZrlImEfJRitZky6ZYSeJL4lRitmk275cQ35cA048UyVUxtfDyybQkWlgfd6nNiO16Z83ZSIE9VOxUhWpoI+Rq+6GPFOUWKuxL7LglmvEC5n4wRIrshkw8IYqi8h10cYKF8soxr+8I5j6oZoId8o/pKK1SmbmUSnQ9CL21+CPbFSimxThC9DOphCKuNJNjCU2zGTKfyFc6HhHxtmaNjLnMnKrl12LAvtZEI7uriDxHMc1XcIGquorrIkT/OMx71K9VYKq1oXJ6H5x3CrV/EEDFh32bBboo4nwzGubd9ubWlBL+rICKqvAHOlg10Vpkenb7IGbfqK4xPTDsb3T1P0a1d1nwu7/gr1FYDJUSdXRnwUVdZvyHImxHqQdwBsYPn5+TzzzDPk5eUxMzPDrVu3mJyc5NatW2iaRkFBgQz+C7Eq9Dz/0ku8tPjPwOb8JzGZt7GluJzfM4b4hfPv+MnQT/i7n3yGUm7npS1QXP57GEO/wPl3P2HoJ3/HTz5TKLe/xOO2Xn+4+zJj0R/4R+g9/w4XPdEfBnH3vYcaUghNjjM+GQJg+rqKej3VhT5MOM/jnIj/NITa1UJrrwel3IbNpDHc00pLj0poYRO1ixPO1O8ReViSHw8w4eR85Iv4NPE7T9Clrsbes0i3R04Az1VP4iDJhJPzlwZRVTXyb5j+t49wZgXnPDjUTftVI7X19dgf2oigl763+gnsqqO+1vLoXGDH0QdVut93o8V/4Rugu38ClAmc552Ec3T0/8cJqPT3qykHwQCCI728c76bfjV2bwG1n341/MsJ53m+/1YPo3ERit4m8z7TxDODlOU6Z0GG+q+xsyEyKB1Q6e9zMrKYzyP/xidXr8wm7GOQvpNHaOlyRb3nZrlhqVzpaaGla7l1TJCh7nauGmupr7ev7kC9pYEGwzDO0dUM9DEX1U7FiCtTQXcPLa09DGsmbDYbJm2Y3tYW2of8wBS+xfwxgrOvD+fIUn4ZnwwRmhxfyuuDl+Lqel/UYowAav87dF70pYjwKP3t76xS2cxCdDpMODn//bfoSayUIttkTocJ53kuDcaVfVXFN5VN+AB+nGeO0H55EpPNRrkywaXodjKhHY38800Rz+88x1t94yjlNkzaIJ1H2hkKJkmDrOK1djLWxcvuG4ZQe1o40jXIVEk5tvISpga7ONLSg7pQuYUmGU9TN2fq7z6qQmoXLa29eJRybDYT2nAPrdHHvS5Uuk44SXrm1qBNX3F8YtrBES53RvdPU/RrV+Ir31cAvH281R9gV109tZZHtfcsxMMndwA8Bp544omcX+4rhFiJ3+bfvrLw//lsrajm3790j9t3NJQni9myMOeWv5WK6n/PS/duc0dTeLJ4C4/jdNwuswfVCxZz+O/gmMqcwcC4OgY2S/hDzcO1wC52m0HPXvamCU8LBQlpCjq9LvkGk8MMTNhpbmsgskvsDhsXT5yjf7SDxoq0gRMMaaDo0CddtaIRCoZApyfZ19Fxe/QezhGOu0aK+GWdbpFwlpNGGdM3XfTDv1VSpH2CHbU0NdmiPhil90gvQ5XHqNYvBBkkHJ3MYU5PBymvqia3GyIS00ILBQmR7PgzpSvAFMESB3stpTGD/7kcx7qo2IXt/Ieomh17VHx8rmsUVR/FuGqX3H5GhjRerbczPOJGsztSlrvtBj/v9Y5ytqliXcpmxnoq8QeZ87d/hEGthmZz1Gclduqb0q9SX3G9lLCPEGpXK51OM6ejn5GTTflOCCvI4JmT9I910LjQHGQd32mmg+VUVee62jS+XCarsxRse3bSf8mNVmF/BOvzDSo4RHefRn3baeyLRcOOo0qlq7WTC+az7GtqohoAP84TXVDfFPcopr00LbRHahdXXY64uj5WYGSQ0X2NxDf9IdeHuKfBGvd5+vy3iu3bdgP+93oZPdtERcLmJqozpIM6DDtqm0h66IFM4QOjA1zSNfCDZgfhU2HHXllOV2sPg5XHqYEk7Wgyowxc0lP3Fw04lHA4tspJlFSFMlO8FuTa5uf02/R9uVwFhzrp1eppO21nKVs7sDnPcOa8m47DdhR9BXvTdW43pEmGByawN7fRsNRxxHbxBOf6R+lI2+FOJkM/aCV9yFXY/6r18RPawVF6j/TjqjkcKUM5WlbbmyyYjdVXyCk/TAUpcezFUppjbyG+z66FCFcdiWn0aF8DCpEdmQAQQojVkL+FYn3ytf35W4pJ8dVjwbrTgHPcD2YjoOG5FmBn/W4m+lS8WMKDzR4Vr7UGM5EV7RyK7SwC4dVqZxiYNmE1akz4jZQZso2FkT2HjxHUTzLU/jaXfSGmtAlaBgHba7Q1VOAfaqe93wc6BbQQmOppbq7GCKhdBxhkF/7xcVBAC4Uw7DnO8YU4hkbpO3cet2LGqg/i8WrY9x+joSLLwb9lGaWv5T3U0BQhpYUWBYy7j9Ks7+fAoI6qoIp72kTd0Waq54Zob+/HV2LBjJexKRP1zc1UZ1wyu5BuC4fZx7nzbhSzFX3Qg1ezs/9YAxW6zGkUUns42TuBoXwHXPfgK3Bw8FgDFVNOTlw0cvpQ1CCD38mJLjh0uhYjIUb7ztHtmsNkKWFqzEeB4yDHGirILXUrsJW/g2sCqm1+htrbuRQwUL4Dro8HMNQ101xtDO+704vZMIHqB/trR9lx5W0ue5fS2fZaM4b+ixhPH2Ip1pFBmkOnqcXJiXY3iqKh36HD5/FRsqcRu9qPS1eGzuchUN7EqSYbugzpunS6+2h5z01oSmOiZRCMuznabMHT3k5sto0cB36cJzrxmg1MhA+EtoZcL8aXq4JdtvN8qGrYF2cAfLiuFeE4uoorr/wqLhwcqiljauAKbs2R8uLZWNuE2dlO7+hZmtKOOmXmvdBKX+lRjtcsHYvvQiu9pUc5XjOdpp5Kdk7MWefv4JiKYt+f/WB3aJS+c9245kxYSqYY8xXgOBipl9QuTvj3xtazahcHXA5+dCjTgJ8OW8MeBk46GattxALh+vNSIFK+xwkY6hbrz/T0WO0lDE34wTSZNr4x9dqf7OLqu5fxToVQWlpQsPFas4H+dHWJ2sWBiwHK5hRKjCE8Y9PYG+rQLl8msMNIyDOGEl2vm+zs9A8yhj1h8Fgsj895hanKg1GD/xE6Gw17Bjg5OMa+xdGd1bCdneVeLg0GqaiJLjk+Bi4HsVduX1pRmqYdX3b7lq6RMtbSZHbSvlYTk8sJX2en4Q0jSk6Nq4JSFGQ6BAuVk06f8Py3HOKVps33Z+ovgN95hjMD05isRrQJP8YaKz6vdfE3064eWnrjz2NB0r7hwYL309T1C5/5cF6ZovKgPaHONtYeo62K8DHG10Vx/bTVzPUPm3HPYY4F9eC9QMtlE2cPRybnx3o5cr6Iw237wn1/zUVnq4/dbfswZugHpWpjCobaefuyb6lvhI3X2hpyrrPT9sPStKVq1wEGdVUEVTfTpjr+ZNdV3l1WfEJoUWUofNBZ5Pdlt70xB7+x+goWY5pwEvtZr/Ee77mXyrZx91FqPJ34956OnVTtOoDL8SMO2fw4T7TjVhQ0/Q50Pg++kj002lX6XTrKdD48gXKaTjVhW8wf630NKMTakAkAIYQQK6K32KB3jGCtET0eVK+VmsM2jM52FuYFRtVxym2H0obju9DJsLmZjgZz+EIi6KLzu1cpqInbsLSKOts52l8/gaWqmlcdleHnRpYaKQWqm9uoju/Q+i7QecXA/rZmLDoADW/fSc71GumIDEaM+w2c6mgLd1JD7qVVcnoN9/luArVn6XAsjJS76GztRW07hG3NloFU0NDWRo3zBBeNp1nsh6vAuJeiN9roMClACFf7JYrq2+iIjLqEXJ20DIxS3RR1SZIh3dDcnO8OUHu2g6XD7KS1V6UtsvPUaeRloG+KurNncUT6w94LrfQN+6nIdP3gHeC9MRvHf7g3coHg5UJrH8OTFdSmGWNIEhBj17djNobz0hXjQdqaI3kJLxdau3BaTlMLEBgnVHeKDnvkQCvasMSksx9nf4bdTemo+UFz+HiDg5z5bj+Bo22cNof319fSx/CkjVp9+nRdzD4VDbS1Wek64Wdv5MLPd6GVK4b9tDVbwgMPmpe+k+foNS6skAowHqrjVId93R8XVFFp4/yVqFX5XhdXixy8sarj/y6U6maM6Km0dXPFreFINQOgGKltquFMexYrT+eCBINBimI+DDEX+T9zdRVapxNfzb7IM3q9uK4aqTmrx3fh7Qz1VNw58V7IOn/7xn0YK+M+TIjr0uoz78B7jNmO88O9kXrOe4HWvmEmK2rJqegkoy+jXHExMQmW6Qt0XjFysK2ZhfcSey+00uW0JJnIjRfCOx7AWGXEO9CePr4x9RpUt1lwnoiaiPM7yVQsmTZTv3CX02gvR94Zof4HkXop5KL9vwwwWtsUGawxY97Ry3U/VMiLALIzFyIYjHv2SzDIHHpAw/dFgB1VyZ9srbda0bkmmMSy8vwZxVy7h7nuS4zVNC4OsmrqANfK6zhs7Odi+JO07Tgss31Lm/8VjLVN1JxZ/sTkXChIdHIrcXexpA2/Yg/fvtJOS8swtpoaanbZMJcq6Eujzk/8+Uy60tZCfaOBk50XKGvehznjmFeGeKVr8zMF7btA57CZ5o6GSF0UxNX5Xa4WLN3nkfI8Jusb+lPX9Ys0H18EdpA8WyvoUqVHXH326D2UMhulVNXZONf+OicsVVS/6qDSbEKnlGIsBUptWL2DeHBgA8ZGxkEDt3cfZjNo6lW81lcxa2460/WDfOnamGbaqtWYvlGCDG16pv6tL01bCjDuLeKNtg7Cp7I6c3ymvXjcbsIPJ9PwDl/CY3uNhlz7R2nTJW7Pj1FfIf1xQ2Lft402a2zZVj3J97JkCl3ND2gOd+IZPPNd+gNHaQt34vH2tdA3PImtVv+QrgGFWBsyASCEEGJljOVYA/2owWqq/Srj5TYOoUdvg96xILVGP1dVM7aGdIF4cV0toGpxwBbQO6jc+R7uhG11VDScpmO3l7Grbq70tjLmV7DsOcj+WnPSVeNe11UKqhYG/wEUzLtfxfhW+C4FgLKamqWOvM5Oja2PKx6NGrubEY+Nbx6O6rnrHFSWv4d7DGxRY+y+oR6c4wt/Gais38uavIeqrIYa00JK6XA0d+CA8K2rQT++6QJ0vuv4qYi6OEmfbop7BI/tm8QeZiXl77kZi6yDT5lGDgNGo5fLfS6MdXbMpQrmfWc5Dpmves37aDsNC7dmB/wB5kqu470Oaa9Mpjy43ZHnDGsB3M4BJsqaOGX0MnC1iKqjUXkJM9W75uhRJ6m1AUU2auwrPDHbrUsDIXor9u1jGBcf3WLGWjbN2DRo4+nTNfWqsYUyYVnK04qZ3a8aeUv1Es7MRdhq1n/wHwBLJbbupVX5XvdVDFVvrGJcfAwNK4t3FFiqKjnf7yLoqE69D2MtTTVnFleephQY5vxbV+M+1AhRThWAsZLqordx+faxzwSMDjNiqmSv4uVixnoq7pzkkL/nNAOm+DyfENel1YbmfW2Egw4RDAXwB+Youe4lU9HJjg59kQZz4fqzqOro4oU4gLl6F3M9KpO1cQMIMQMfU4wPOnFpezhuA6MtQ3xj6rVlKrMuPuKMChvl2/1L5VRnxrr9KtMaLJxAhTmCCS+zECmN9fPWW/HnKMRU0R4gwNSkAWPKcR4dBeEstbp0dnbvusRlt4bFHn7R8PDAdXY2VoAnMmWkpW/H7SyzfcsobmIyx0Mb63+L6OQ27j5Kc3V0iUsXvpHq5jYc/jHc6jD93+/FFzRgbzxMo710YQex59O4m6PN1XH1h5/hAQ9oBrrf6uW1Nxqp0AUZvTgINan6OGnila5OzDBGuNCXW6qL9Dgqd/JeVEcx9XlMUrekrOujtglMMWkwxkUtcrdppH9je62NhvhKdzXqs0eArqKB0x278Y5dxX2ll9YxP4plDwf312LWWdhl62ZYBZvNi+otZ39DiPfdPvaZTXjcXmw1FjR3Z9p+kC6XNiaZDG26lqF/W5GmLYVwnsrpVGoBPKq6OBivaUAgQICMWTxGTm3vY9RX8F5IF46N1en7bse61InHat/O2FInHrO1jOlwJz7ra0AhNgKZABBCCLFCZmxWP1c8GiafB3NkpN9YbiVw2YNm8uEx7qQubed5isCUEUtcz9hk3p5kAiBM0ZupqDFTUbMPNB8Xz53jvKGDw/bEHU0FpjDGB67XUzLlWXyhYIk+tiupN5YwORUIX/yh8l5LS1yoJdiq4j4x2cK3iwJQROla3R1aoo/p+AZH+2g/72baYKbcuB2zOeUvU6Zb/dQkqO+ReJg2Fg4zZRphpLr5LGaXk0vdl/AGFIz2OvY32DNfXGg+Brs7GfAWYSw3YTLHP7E5C4qBqqazHDLpAZXAlJ+Rt1sYjNvMuHvhQIzrMGhegF6BQBbpmlzyMqHXlzDlmQJ0QAnGh/auM0vUqnwvwyMGKk+tYmR8Lq4VWNlPZAWswYrVfzk80ZhmN9ErT/ek2mj7HpoTVu6pdB1wRf5fT1WtkZbBUfY1VjB6VaW8qhEFNYt6Ku6c5JS/pwnGvwEvaVwXgh6ku3MAb5GRcpOJ5RSd1IL4p0opN4TrT//I2+HHZkRbLFCplFBed5R6SylKNvGNq9fWRgGKEvu3fuOP0a0fa+PiHWGLIo+sACNGYwCXj+SjXEE/U7qyuFW6q8NcW0Pw7Yv47PswjV3Cqa/jrAkCC6tAs2jH16R9g9iJyZSVUnLWxjYyPoUjQ/iK0YKj1oKjFrSgm56T3+eC8Sz7wjtIPJ9xNHc/TkMjZw/ZYbSXt052UffGXgKqCo40ixxSxWsFbX7SvpzJzPaojmK685goVV0ffRxGjAEXsdm6NHy3KeFHiQST9fXWpT5bJ4oec0UN5ooa9qHhu3iOc+cNdBy2U2Er57w6BgaVa0Yb+2waRqcHPwFcnnIchyDgTN8PWn4bE5GhTc/UD8vUNsXnqYySPI9/tPcIvUM2jlVnH0xO6fIY9RXUjOGsT9+3INyJz/oaUIiNQCYAhBBCrJil0kb34CCq38DO2silkzl8a/Cg6qfEXpvhQqgEQ4kfv5+YazSf94uEa7bg6EWcczXss0WFqJjYU2vhTCD5RV6JoQTG+DELAAAgAElEQVR/fODBAIESAyWwOAmQlKGEUqxUtUU/Dz45vdmOPc3g+w7zDibGvGCL3UgLzYGyzCZZc/Pe+SB7znYsPXd5rJeBuM0ypZuhpBSsVSkHA9SMEdFjcuzjsGMfaEHUvrf5/gUjZ6uB61782JZSPxRkOpIjfBe7GdrRTMfhhW+DDKkQTLKHGCVW7PZkcS3BUGKgtvk0Se84zvo+/Ot4/WBbijTBaXK+oM+UrqklLxPBQIASQ0mOYa2NxVX5hglUYyV1qzr+f43glEb3WyNRn4bwq0Gq080ALK487UG1AVm/RySWYv8mtr4PcYfmcKs2qhohl3pq8bsc8rfRqDDs14hZ9paSj4vdQ+xo7mAp6CHUqJC/8MYOWWmhHNZee6/iMVipUyBgKMFQ25zFLfxAkRmr3Z4kOTLHNytp6pLcTeIP6ChaixHpr6gyaxm9nlGwJy6LHB1RMdjr1mZQVF/Fnh0nGVBrsQ97sL4aN4iboR1XhzPuIHn7ti/5447iLUxM9qykUsoxfN9QD15TE9VR3Q1Fb2dP1SUGAtmHHQhMUmI2he9Eq2jkjYMXaH+rk2ltB/UZqoSk8cpUJ6Yp40n7cj4vX+T2RPQYyev6aGVYy3pJmq01H+MBE5Umwi9mftwER7nonKNmny2q3CqY9tRiORNZ0W5zUN47wpDRxw7HPlA0dunP4XGZGLc6OARoGfpB3lzamGVI3w/zcWE12qYMzOUmQlPTiV9kyO8rT5eN1lfIdNzZduK/IPawNHI5rEU5XAMKsRHkPewICCGEeAxYbJSPOxlW7CyNL1uwlY/jHAa7NdMlvxnHrjmGnWNLL+zzO3FeS9xSX6rD0/sersno5zb4GXSOUWpYurAOd2gjoTt2Mee8iLoYuIb38iDTuxykGa8PU+xUWj0MOKM6nUE3XS3nGJrM9ONYpZVVGIb7uOiLinvQTU+/l8qq1PeRXvem6fCGQoQUPYbFFWgh3IMq8ZcZmdJNsVdi9QwQe5hdtJwbIuNhaqP0HOnEtXA9oegpMxURmg6BsRxL6CqD3oX9hlCdI4uTLqHpEHpj1IC2f5DhiUw7TCecl5wX1aW8pPm4eKaVvrFsn/VhpNwS4uqgl8VYq05G0s4UJbf8dE12HF4uD06zy5Ex164Ps51dgWHOX1YxVzlW9fE/rmsl1J9qo60t6l9zFVPDVzNflhtraaoJMDD8xQriUEFNpZ+B9gHGbZWLz4zPtp5akEv+NlrL8WZ+cO1CyEyH9MQGPcxi0GVWyj0jS2USP4OD2YWtTbro7HRTXleFnuT1p+/iGVr7xsj+6TkZ4puNDHVJzrRxxjUblsdmme7Dp6+uw6aep9MVW7sF3V2cV63UVa1VYivY9uzkeu9J+oK11MW/cXUl7Xi69i1r4YnJwMAwK6mVcgnfqNe41HeBsegKM6QyMAyGHOYgjDvMTLlcLHRbdOZ9HK4tITDtx+vLVAMkxittnZihjJsdu5gbdjK2VAHjTFcBJxHdNwxLVtdH01NdZ0M930lstg7i7unDX7WbJDeePh70peg8vbznmoyp6/2DTsZKDZEpHSs2s8olpx67FUDBvkvPQL+KOfxBxn5QVm3MF17iz1y20u9/mW1TLvHRfDgHvTHXKEB2+X2t295Hrq+wOuGUWcvxjLiW+ov+QbI8rFireA0oxKNA7gAQQgixCqzYzNP4y60xg4BWu5npie2UZ7EYxLTvMK+2t9NyBHQKaJRTW7Udb/yGxlqO7Q9w7uQR+nXhF1xpoRDGqualx//Y9lI3cIbXW/rR2V6jrWEff1rfxdstR+jTKaCFwFRPc3M2q/cU7Pub8Xae48igggKEQkU4Dh6jOteHZ+qrOdzsp/PcEY7odChohEIl2BvfiLzUNZGxai9lJ89wZESHafdRmuPHT/QO6mwnaT/Ric0E/vFJTPV17ByImwLImG529jd76Tx3hEEl/HLhUJGDg8fCzwO+ThpKBXX1w7zd+jqXjCYMmh/ftJWmU+GDqttv5Vz7EVoib8sz1FSxM9KXttTWcbn9JOfUckqmfEzgoP7V1I9+yoZp359S3/U2rUf6UBZPdzPNFiXrxUPmuv1Yz7VzpEUXXvloqKFq5zJe46ekT9dsjqPlSB+66OPIbtHpOjBj3zXFhx+aee1wuhGQa3QfOBDzyfa6U5y2AV9c4uSBSzHf7dz7TSZKKhNfKGxysHO6l6vBGjLdwW6sbWKP+ySuDNulY6qtQflwkMqowpl1PRWRU/627MLW/SFuzbY0oJQkfdhex6nTtdTWXab95DnU8hKmfBPgqOfVhWdh6KtpqL9Ke+sRLukUQMFaU8X2ZBGN20eBoYyq/afYt/DyTlOk/mw9Qp8SXX9ayH7cy5I+vlkxp61LchUcHmTS0bSCtcMikYXGU/vpaz/J6/268AtrtRChEjuNbzSmfzn3Spn2sNs8glpVlWQyMn07nvYOtwztW9aMtTTtcXMyh0rpWvcBDsR9tvPgjziURfiK7RDHgp20t77OwptqQyGwNhwNP+8+AFzr5kDiDvhR9ErpinoOezo5d+QIOl2kDcPKa39axdWePsaON2JJd17j4pW+TsxQxk37OPxqO+1LFTDl5eXpkjBWQt8wPNyfrK6PYWnk7GEn3W+/Tj9L/acSx0GO7ntEJuTXhJHaY/sJnDvJkejybKyi+bA9Uv8r2HeZeY9diy9EVaw7MU7DrsUPMvSDMrYxNvbWDXDm9Rb6dUvPts9ahv3n3jZliE98u11QgnVPM/sTZooy5/es297Hpq+QKZzsGnx9dQP1V9tpPXIpnG8VKzVp+mqpreI1oBCPgE3T09MPHnYkviq2bNnysKMghHiM3Lt3D3j86hYtFCSEDr0uc3dRCwUJaQo6vS5551LT0BQl6rvwS+fQ6cki+Nz3t4ZhaZqGoqTZUgsRPrTM4aXfdziNNCW7c5D9b9Ol/Ur2mS462adJ6iCyz48ZQlr+Ma7CcYhlCA5ypl2jKclzdXPLF9mfe7/zBJ3BRs5mO6ikhQiGNJRUddqq5p2V1Z9L8UkT33WLh0pXyzD2tsOP7+rdh21VzvXqW347vkbt1JqLxJuV9l1W8/gzhZWhjEfXa+4ujnhq6Eg1eJ9093F9wzR1feKuV68fuKGsYt297POOhqYppOsKL3v/yzq+lcYnNl7pjnvN295Hra+wSuGsXh/+K1z2M1gYjxBrb3Z2dsVhyATAOnrcBumEEA/X4zoBIIQQjwK/8wQ9SjPHa9bzGTF+Lp7oQms6zj6TXGKuDY3RnlYul7/BsbTvkxBCPFI0L86Lfnbtc0TuoAvh7mpl0HpqRWX54dT1Qgix8ckEwPpZjQkAeQSQEEIIIYQQMXwMDeuoOrreA0JG9jY3E9LL4P/aUaiofwOzXgb7hNhQFCPGqW5OtgxjLTcw51MZU/ZwfEUTeQ+rrhdCCCHWl9wBsI5kla4QYjXJHQBCCLFWNEIhIs+8FkII8ajQQpP4fFOUGI3oV/w4DqnrhRBiueQOgPUjjwDaYGSQTgixmmQCQAghhBBCCCGEEOtNJgDWz2pMAOStQjyEEEIIIYQQQgghhBBCCPGIkXcAPAbu3r3L7OwsmqaRl5fH/fv3URSFwsJCnnjiiYcdPSGEEEIIIYQQQgghhBAPgdwBsIHNzc1x8+ZN7t+/z+bNm9m6dSulpaVs3bqVzZs3c//+fW7evMn8/PzDjqoQQny1+J10XfCiPex4rDmN0d52nP6HHQ8hhBBiJUK4e3twTT7seAghhBBCrL78N954482HHYmvioKC1bvhYm5ujsnJSbZu3YpOp0NRFPLz8wHIz89HURQ2b96MoihMTk5SVFREXp7M96yL25/w41MneOsv/weuz5/E8vKLPBV/6m98xI8/N/C72zfH/fTHjMz/Li8Ur190xcY1NzcHrG7dshxBr5sbec+zNdWrCCbHGJ3Ss+3J/FXesY/Rz6bZuu1JFkPWJhn7aIBLgx5mtpowbt1CzF4zfZ8l31APav7LvKBP9q2XC2edPLvvD7E8Gb1vP6M//5R/vXGDG5F/d+5vRa9XlhWHmHA/vRObDssSwue6SL9zhDvbEo8t6Bvls+mtcecxn21F4/zov/v5veoXeRLx1aDhH/05n/7rUl6+cec+W/V6lJVkwslRnJf+hp98tpkXX9rGur/dJOjF/clnS8d04wY3btwif9s2ll19ZSyfIXyjPti2dW2P95GtL8WGE/Qx+vdO/mZwhM9+sxmdYStbt0RyRsr8HsTrvkHe87H5POQbRfXdZ1vM9pnqFw3/6Kfc2Zq6XIZ8o/jYlrpfkuw3rm5+6HPwx9VGFEALevn5R/+T//mTT/nNZj2Gbfr1q5NCPlwX+3GO3GHbyy8QW3Q0/GMf8beXRrh+fyvPPJ8kXgl12S1mNm9lq24lFXT6PsK6We12Il1+XlM+hnpU8hPO76Nkjdr6R0bi8d2a2czWrbpl9qdT1E0J5fEO97fq0S87ETPXgakEfaP8vfNvGBz5jN9s1mHYupW02T3oxX0jj+dzqUyTBpN4rRjyjaL677OtdKXXLyu0Fn2/BMs/Z4+6hfEIsfZWY2G3jAhvQAuD/0ajkcLCwrTbFhYW8uyzzzI5OSl3AqyLG/z4O+8y89p/5f333+fN3Xd4991PmInfLPAxH32e8Ckzn3/Ex4F1iagQq2bCeZ6333OnWO0eZLD7+/Srq5mxNbzOdlpaz/FOv8piyCGVrta3uTxpwmYrZaLvLVp7VELZfp+DgOcqnhSHFBzq59rOBmqN8T9S6e9zMqKqqJF/V3paaOlaXhxiwo1Oh2UKDnXTftVIbX099ui4a16c7S20nnsn+Xm0NNBgGMY5usIIiA0kgNrfh3NkKS+rV3poaelCXXZm9tL3Vj+BXXXU11oezoDIhJPzlwaXjklVUdVxJldSQAMq/e90ctGX4vvRftrfcTKxgl2k92jXl2JjCbp7aGntYVgzYbPZMHON/rdaaR+K3AaWsj2awHk+Pp8HGel9h/Pd/agxHYhM9UsAtf8dOlMXKvrb38GZU6Eao/8S1DXa0AEhtYuW1l48Sjk2mwltuIfWlp7s6ze1ixPLvjUuyFB3O1eNtdTX24ntSvgZPHOE9suTmGzlKJ4eWs84SdhTQl02TP/bRzizgtv1UvYR1tXqthMZ8/OaCuC56llx321trUVbvxb8OE90oeb8u8TjG7ncyZFkZSrr8PpJ6ConlMdB+k620rXsREyxn7SCuHtaaO0ZRjPZIvVaL60t7aTN7hNOzudWmaYI5nxsnex30t45jGIKT7g+VGvR90uwnHMmxOqTdwBsQLdu3eLpp5/O6TdPP/00X375Jc8888zydjrzD8xO2Cn8neynLOd/OcR8WTWFmzNvu2D2l0PwO9Wkn9aI3skUU3efoKQkh3hNTXH3iRJy+EkOAnxe/AqvWcJL+Ist3+KsZTnhzHDjk19R+OxtRj74iM8DBspf2cOrFrk1QDyiPE6Gg3Zq4q/GvE4Gr0OBPfZjLRQkpIGi06NL0vMLf6+g0+uSdAyDhEp288bxCdq7lj4d6+8lUHuK45FI2O1lFLSeZ8BnY58p8/cx+0aHfiFiWohgiBRxiednZFCjptmc/OsSO/VNtVEX9EEGz5ykf6yDRksWx66FCIYTbil+OdEIBUNoSX4/PR2kvKoaU/w5DIYo2f0Gxyfa6SIZBduenfRfcqNV2B9+R16skxLs9U0xE13BwTOc7B+jYyEzp8lviaYIljjYaynNbVAnvnymKa+Z6h0AdtTS1GRLs7t0dVMqAUYGR9nXWBH3eQjXh26mscbvJUO6hb8n3XEsepTrS7GhBIfo7tOobzuNXbfwoR17pZWu1k4umM+yL5eT7h9hSHuVevswI24NuyP6x+nql3CeDIwMMrqvkYRS5foQ9zQJpSotdRDV+k0adQCTDA9MYG9uo2GhKbc7sF08wbn+UTqiynFWdUoqKdvzaaaD5VRVmxLrQvUiF/UNtB12oAOw2ynra6F3qJJj1XFbJ9Rlo/Qe6WWo8hgLm+YS/5R9hPQHmVBXJdQZcdumby9StBPL6Rtlk58X67pc2rIkIvHLnM4r3M+ayKatT2KZ/dWsrg+S5p904aVrsxOPb7T3CP2uGg47otu1VMcSfc7SRCS+PAYHOfPWAF7bPhaqmfTHnuV+UggOddOn1dN22s5SdndQpXbR2nkB89l9LGX3qPyaJKwV1XsAfidn2sepOXoYW/QOMuSZ9OcyTdnJJi9m6PslSldWM5TjrOsDIVafTABsMKFQiKKioowr/+MVFhayZcsW7t69u6wXA89/PoJye4Z5qrO8RWue+btnyJ/4vyHrSQM/m251w/Vq2JFlvO7OcU+7yxOUZB2vu3P30O4+wdrMADxLBe8ydGMP33puJeHc5uN3v017YTM/+vNGvsENPjh1gHf+5L/xna/lMKMixDqx7jQweGmUmpgBLg335RHKK3fiXfzMz1B7O5cCBsp3wPXxAIa6ZpqrjeB3cqLTi6loHM+UgkKIEDaaTjXFdhAppcJRCv7opSSTTPhKsNdGXxKasewI4AoApkzf+3GeaMetKGj6Heh8Hnwle2i0q/S7dJTpfHgC5UniEic4hqrY2Z/1BbIeq72EoQk/mCbpO9eNa86EpWSKMV8BjoPHaKgI79A/1E57vw90CmghMNXT3FxN/EI8v/MMZ9xWjh3biymqYxka7eNct4tpnQ4IESpycPBYAxW6SYba3+ayd4qQ0kKLArbX2mhYOJWlFSQkdzyTnZ3+QcawJwzGiK8OvdVOydAEfiyUjPZx7rwbxWxFH/Tg1ezsP9ZAhQ7UrgMM6qoIqm6mTXUcffU6b7/nJjSlMdEyCMbdHK3x0Onfy+noq3K1iwMuBz86ZEPtOsDFQBlzSgnGkIexaTsNdRqXLwfYYQzhGVPYc/x45KI+Tb2TrdBouHxO68IrhENFS+VT7eLAoI6qoIp72kTd0WaqS6N+u30n5d5LDAYrYidJfQNcDtqp3B6K2k2GdGMX/vFxUEALhTDsOc7xhNuNoj3C9aXYUHzOK0xVHowaLI3Q2Who8HDJPwmmpD9Nyq+6wHGImrIpBq640RyOtJNGS/WLDdjOznIvlwaDVMQWKgYuB7FXbs/pbpUxdRzrrkNptzHuOcyx4MK+UtUpBeH21BdiSpugZRCwvUZbQ2zLmLI9nxyi/e3LeKdCKC0tKNh4ra1hsV3VjFUcrLfEDMqZrWX4VB/ETwAkqMBW/g6uCai2Ze6LmQ0TqH6wv3aUHVcS+wjW4RP4954mtoo+gMvxIw4ZnZxod6MoGvodOnweHyV7GrGr/bh0Zeh8HgLlTZxqitxxkabeWzTaR0t8O9FczVzKvpEf54lOvGYDE+EDiTkP2eXn0jR9J1C70qSBLbJ/UxHj4wrlJo3xsSmsTadoSlIxZpUGj4ilsqhHTZLG/qF22i8FMIQzFwFDHc3N1WgXWukzHo2arAqv3OfQaWqNafKk2sWBQdjlH2c83PgRMuzh+PFajKN9tLynElosM0Z2H22mutSP88w5nJix6oN4xqYw1Wff7oe0EKBfLKslFjN4x5iK7nuHVHpO9uApsVCu+JmgjLI5SLEEKJE2Hbl7Onzssdk4Kq5p9uO90Epf6dHFyXoA34VWemM+8+G8MkXlQXvCgL7O1sCegZMMju2j0RK5hhiYxmQ1ok34MZYZorZOF8/05W0pCCdn2j1UNTfjiOonpcoz4XQepe/cedxK5Fx6Nez7o/tf4bzhM5Wj83vwFUXyBhBSezjZOxEJ14OvYKn8Zpb8mNKWVb+TM+ecEPlubMpEfXMz4VM5h3fgDEc8UygKhEJgS1EfCLFWZAJgg5mdnc158H9Bfn4+MzMzy5gAmGf+zkXyZ2F+ppr8bMafZ9zk3fsF+biZ5/ezG5z3/5T8+Q8h4Icd2TTO89ydm4N5uDuf5Xj+/F3CP7nLfNaTBrkoxvKNQg78USO3/9uPaLRsBma4PbOZ4pzH7Sv58ze/RXjRv4VvnfxjvvP9EW5/7RvIfQDiUVPg2MPO/j6GghVL16D+QQaCe2iuGqM9cnup70InV4wHaWs2Ry70vVxo7cJpOU0tQGAcbf9ZOiJXZP4kK+6SmyP9G3czfQ8wha7mBzQ7dIRX5n+X/sBR2k6Hu/Levhb6hiex1ZamDsI3js9YSZot4oTwjgcwVhnxDrQzZjvOD/dG6j/vBVr7hpmsqKXUd4HOK0YOdjRjVsK/U7tO0jNo4XjUMsdJVyftbvtix3eR5uZ8t4/qUz+kJhK5oKuT1s4hzh6rprq5DYvzBBeNpzmUywKYRWbMO3q57oeKh/ZoAPGwhbzjBIxVGDU3nd0Bas924IjUByFXJ629Km2RDDbuLeKNto7FSaq2NitdJ/zsPR3Ju6on4/6mzfW0RZbojvYe4Z2Ren5wNrwyNuRq578MjFLbVJG+3onPr3MhgsHg4p/hFVoa7vPd+KpP8cOlAkRnaydDZ49RHT4git5oo8OUbAjTTO2eObovjVETdXeEOnCN8rrDGPsvRj5ycz5TuvkNnOpoi1wUu+lq7WGw8nji3VdpPSL1pdhQfF8EKPtm8hF+vb2BRgA/MBckGAxSFLNFiNinBPtRXQrVzUbQV2LrvoJbc+BIMwOwWL9E/jbX7mGu+xJjNY0slip1gGvldRw29nMx6yObZMJnwLR74e9SqupsnGt/nROWKqpfdVBpNqFTSjFGsnPaOqW5jWq1ixPxE5gLfBfovGJgf1szFh2AhrfvJOd6jXQ0VtPcZsF54iLG04eIb44VY0XCJPuoOo6prCGL4/Qydn07ZmN2fbFQ3Sk67JGKpSKxj6AOZ9jdlI6aHzQTriIGOfPdfgJH2whXEV76WvoYnrRRq09f7y1miYqGxHbCd4HWlGmpBwKMh+o41WFPeI9CVvk5Q98pswDj2kHOtoUnOsJ1didDp47FztdkqPsftUXCsWUxLo0X+qttC/3V8CB1l9PCacdOpnqvEqyuiWw7xLBSzdFs8uS4H8OpDtrCjR/urlZ6Bis5XtNAW1tNQpnRXP0Mmg/TsXAbT8hFZ+sAo44mKmISdBqvx4078kQxzTvMJY+N1xr0EHLRd6mI+raOyERRCFdnCwOj1TRVaLjP9zBdd5aOyEnTvH2cfDvFBMCUB7d7oWGdQr10EfYcx0Lk2A37aWuOTO5pXvpOnqPX2EGjJf1+zNVVaJ1OfDULK/i9uK4aqTkblcE0H18EdlCVNLvrsVp1uCYmQTdI57CZ5o6GyLkL4ur8LlcLaiBjPJPkhXjeIdr73NibjxMzD5Muz9QacJ/vJlC7dPzhc9mL2hY53+MBTKc6aIqE6b94gnO9ZXQ0Kgz0TVF39my4HoqE2zfspyK+bk7a90tyTGnLqhV3/yDmwx0sZbtOWgdGcTSVhsPS9nO2IzIR47/IiXP9jHYk3skmxFqRdwBsMJqmoSjL6wYoioKmZbyiS+IqeffG4MFF8j7P8j0CvhEKHgD3RphPfNR9UrM3h8gD8kI/ZTarX4QIv3Nkjrm7WcYrNBe+AJmbI9uf5GLm43aaP/82f3XlTYrfPcA7H9+GT/6C1g8mlxHaczwXPdJf+gIvfPAxn69WZIVYVSb27NZxxbn0TN5Rp5PS2qqoTqAX19Uiql41R13MmKneNYdbjZSRIhs1UcuxjDU1GD2eqDsI1tJ2rOaFfeux2rdTZl3qxputZUwHp9MHMadhMKUZ8Jr24nG7cbvduN2D9J07SV9wD3ttYN7Xxum9xvCtoUEfY4E5Sq57uQ54XVcpqKpZ7BiDDtuhNo7XLHVgQ2oXbw9u52BzbcJdAZp7BI+1dvECFkDveBW7/xqe5TQLSSjMEVylsMRGELlojuTnwb5znOwLsmevLZzfbN9cvDgC0DkqKb/mZizyd1lNDUnHynMQXT4rbOVst5oXV7fpzFa2T0+jZVPvRBvr56233lr8d2kM0NyMeKzUxhYgXrX7ubZQgMpqqElzQDr7bnaNX2Hx+j84zMD1ndREXfVlm27GpUCpsQXwrFYhzskq1JdiQ5ma3E665m1RYJjzUWUo/K9/MQ8DkYE/B7v0ABaqKn0Mu4JRG6SuXxbp7OzeNc6VpULF8MB1dkYXKoKMXuyhp2fh3xCJbw6YA82wOLgPoKto4HTHWRq/WcrklV5aj7xOS6cTbwiy6sukEW7PayMD1gAK5t2vYvSoOfZ1NHzOM3T7amlMtvp/yrOYfm6Xk64T7Vwt20uVMdu+2AqfsL/dylIVYcW+vYylKsKMtWya4HR29V4qmdOyCFtNssHIQFb5eeV9JwNVe21Lq651dmpsUe1G9H6WmQZrL1NZjE1jr+sqRVWvRvVXwVy9izm3yqSplhpcXI0UdZ/rGiVVu9BnU6bKaljq8uqw19gIeDwp56oVowHNfYkLqo+QBugcHO6IH/wH0Ah4lp797gloQIBAIPyb5o5D2HXhx89Mer1MF+jwXfcv9guqok6aYq5hlyE+/IgpX9Tz5b1MFyho/klCeHFdLaCqNurOHsXM7leNeFRv5v0YK6kuuoZroWIbHWbEVIk9+jgDU0wajAnXBot0BWjMJbnW0OOo3Bn5/wzxBFKXtzC/ZxhviR1bXETS5hnNzYjHxjdjCweV5ddwLxSOnbUxiznC144qXgwYjV4u97nwToZzinnf2eR3TSbr+yU5pvRlVcFo0HBfuoDqCxHOdofpaKqI5OtwWIvpZ6yhxujBsz4XuUIAcgfAhpOXl7eiCYC8vGzmfOaZ/ec2Cr78/uIMUTijjFFw81m4CWDgQWEH2s5Xw8/4n/Ez+4uDFM78fWxQD75Hoft7kT/szD/1l1BhDK+8D6hon/0ZivYLgKXn/s+/TuHPXo/88YfMPddGgVkPzDMd/A13ZuZ5EBfjuXsBfn0v8kdeIcVbn6IoH5ifJvibO8zMJ/yCe4Ffs/STYrY+VbTiOwJu3/gVjldeprgYvtV+luBvNJEAACAASURBVI/e/DPepBBejtuw0MCN8V9B3DrhO7Oxb4aJmQiZuc1M+Quy+v8h0SY/5eNPfNy6B1u2mvjayy9RGimK87d9/EIdw39HQ3nSiOXlr2PSJftdGTb7b7N1Td4/8fDpHN+k/Mgl3HsPYw8NcXm8koZGhaW3ck0RmPr/2bv7oKiufOH3X2j6hZamW7qFBumxgwi+QMIJIRm5UcnhFHryyDxJmBsr5qTC1MlozUy08oRkZmImx3hyRpNnQu480cpUPLkVrCm1JnUw3oN3xnCLCcY8MInpHBJ8AxXboNACjUBD069w/+gGmtduoEEx61OVit27996rm/1ba+211l7LQu1bL1M1Zl/90Mi7WP3oiqNaTWzPOXrmOvEhilIHz3/7u0OdeCCWtMd/xZPpOqSAu7mKP7xbQVO0njSDgZSAkf091h706VMMrffUUPbvsPa1n4/ccAew9nSQkDJ2fzX62A56rDD5XcF0RBHCzyPcpWLTHudXT6ajk4KlrgPqDvHyy2M/lMX6oX+q52GZ3ygp0lDynUBriodH2w+z9NCRkDIuTNT6WDp6rKAEYtVB1i5IYVN+N28dayZni4GGj0+ifnwvBqwMPetg7Zn+7zachvAEcViFkl8KC4def9PXyBTsUksopORfx3ZE1/He9prhV8013xC15jno7qYb0K5Zg+VEHd0bNkwQR26aG5pJ++nvxz2xk7Ipn+63jtGcswVDw8ecVD/OXgNYhx8gUqJLyyJruC9KS+yEifb4GgkDL1mpmpSMfFIy8tmCm+Zjb/LmB1p+v1M6vTxljAnL82nXdeycLfs3Dlk38tpr46cCHEeqZf1P9/Jzgxqom35dbE746gyh5HuTCf5bxqKf8IvoQ7qeg9Wdgk/cETXuMyN59ujzzPQ3mG+BZb3/nVG/cY+1B0vtW77prwLpNwNqHsiF0loL+Zvs1HylZ/1eNXA1hGtyTBmr1hPb0cOkpV/K0/zuN3VUfXyYN8ss9GjTKHy6mPxxleTxawBwtowXyk6R9essmg+X8sGZfrQpaegTUkZG91snqhfoSUlm4gWEx80xP7QGWDH2Hj3jL+NYes71hHAeNes36XnZv87Q2a/qSFtfPPqpEb0evbWGyS73bksPynui6WmaIJ4MKSScAd893BTp9FWEJok3fzIKX+Pnljd44w1GPak85TVj7aGDOg6NDw6yhoNjTF1jOA9Qs6FkLyk1J/n4Dx/TZJWiz3mc557OGf+k9kR1P/95Ar9TsFhNefp3/Kauio8Pv0mZpQdtWiFPF+f7783G/j5q1LE9nLtTbnKF7wXRAbDADAwMzPgpALfbzcDAQAiflCBb/Wu8rX+Ht+kFJINjlyvPwat5j4GMZSON9nI9spz/wHX2NaRdHxAx9pARz+E27kG6NCDd2iyk2nJcX7+MzH58gmTsw5VajGzJUGuphGi1Fll/F7dsLib6JpEyFWpN9EgxIIlGrZXR33ULm2vCPZCp1Giiw3OTqkpKxGRqgMx0IIm811/BWvxjytOsjGrsT19L4Z4DVLTsp3BorYCOGo4cyWDjkaEPlfNJzfNk5/rmDnKaqjlbUIQxLCkVpqXjv/j0TA9J2evJ0YL1whfUf6vhkexE8Jr54vNGpKse4h+MSuwX/kbN5/9FdMHfoev+llNnbqH372ep+4y/1Uh4ZF0Kitv9neZEBps2fcR7VRb03Z/Axl+NmQ44Fm2slk0lE0y7AZPUmEOlJVbXT/Okbe/BtoeJXo/0MwtuUiZ+ZDs6hTU5ORNUwJs59odTJJf8np1DG7tPUUe3/7BaLBYLk96pRuVSXNLN4dJ30f9q56h5NQG0sTpu1o3dvwNLj460yUYrTUsHFquS6OjgnxTuFtGkrMkhZ4JLUhurgzXrJ7mZCugTDOJm0+jbVbfdM/mHJxUk3wmFNhbdzTrGRZClB900Aki9vpDk3RXUbcrhs3Nr2Fg8OpcI1+8W3B2SXwoLyj1r7qHs3FnIGT9ZwdmyF/hI/2v+NaQp5Jqp+aabHvcf+LfagLftFuq6N/inRhmdv+REN/LCx5/RnZU/phFwPYXJu6mo20TOZ+dYs3FMwxdS9BkTlbmB9Gj1zTQ145tTo/ssx056yN+SFXAuKYbCTaS/YcVK2qzylFht7PjyvNuKNXayzomxOqh59y0+jn6S35RMPtqW2DXk5EzcoBWeuthNRmfRbmaSRQfL96YS7Lec6quEcj2/FrTuFOw36GfsmJDu4XJjJHWz+Q3m3uRl/URitbFoN5VMPP0VwAPrUb51iuZ7+qk1rOUJKQS9JmdY+El1WWz6aRabALelitI3PiD29ztHj46fSEoaBnsPPWcO8UF34ciULUBDWYXvHxPWCyw0XQ+lYwhAzT0p0NAfizbWwvjL2EqsNha09qDnkeb8PVmH/8oZu4czdVmsLx57rntYc08ZE1/uZ6mt05LzuJpYywTx1NzETfT4/kZTpDNE+k2v8RqjOwGmvGbcNehYw/rfjZ8SDfBdGx7faPvhP2t3Nz3D+akaQ+4WduZuAXc3dYff4p0/6dm7ZRoL1gQIHqtSdFmb+GnWJsCNpaqUNz6I5fc7Z3Y+QQg3MQXQAjPzaXymv36AJHEjkqz/xdiZcryao0gylk3QuCVBlrEXT9xzY95/BlfG3tGN/8PUyO7/Ay7l349+O3Ifrvv/OaDxP+As0Rp0i+XjLt5IuQZdYON/QLqiNToWy8ftgVyjC1vjP4A8exvPW/dRVFTC3v17KSkqobLgfZ63vsP++sC5kNIpfrsI00sbKSrZS+muYoq2nyC9tITs4bUCCpCbtlO8q5TSXcVsPWRk91PpE5xVmGvmxhaiUx8mI16BRKIgPmODr/Ef4Fozt9Rp5BjVSJGiXpWDQdrOtQ7oaLLA0qzh/ZZmr0HXe2OCx8/vHvr8QnQn36S0No3N4x5JTyH3AQ8nj9WNLM7nbubYG7s43DDbKSykrLlPS+3JMwxPItBRxclza8hZE8r2MNGvIa2pjuCzl49lp9+uRh9Qh7ZUfcbQsp36nPvwnDxGnX3k82fee5k3T41MN6BM2ULJzxKoequUU2PueqU5a1lzroKTAe931/yVMylrg98IhcLdSKM7i/R5GNQt3PkmvN7OvMfLb54i5Anx7llD2rlaRmYFsVBVNf3ICku+I81h7ZpzVIwOIP56JoW10wkgaRaF912nbPdhujc9ztgSfXa/mxvL2bNYQvpKd0h+KSwo6g2Pk1X3Ae/WjL4au8+8xwd1a3gyP8QWwuYavol9kj2/+x2/C/ivZH0Pn33VPfE+GY9TSAUfnx27QUpW4X1cL9vN4e5NPD7DanLaGi3nGv2Bp9ahPFfGoZqOUdOLWKpO0qDTog0xT/F1YI6XkvvAmPLcTdOJKvofyA2+eKi7mZNv7KYq4Wfs+ekUjf9TCk9d7J41aZyrrRnJIyxVzCSLnk2+N5vfMpTrOVjdKfhv0EPtyYDfubuGTyYoN4L9Bm57t+8JFdzYu32Nnbjt/vfuLBP9TZqPvcGuww2+dKtzWa//hrKP6khbn+O/bw/HNXmdpoDfz3LyDXYdbhqOYak+Ab3Ujj1ox7ab5pNVNOm0KO12pGrtSIO+/QxVdf7Hifz1gpNVI9ePve4Yn40dNznZWbrPcPKMEq12ou/exImqfh7ITQnxPBnkr7VQUVpBY9baCeaTV7Ph8SzqPniX0Zd7N2fe+4C6NY+zXu3/2312kobhhFg4efIb/7+DpHMa9Jte47WcM5SWnsJCkGtmwvrXGd57+U2Gb4HOVVFlGdm36cQn9DyQS4r7LP/+wrsj9UipmnsM0dj7Zz66YepYtXDyjV0cbhq+6tAn6JHa7SEsSj86trv9we2224MvySQI0yCeAFhgZDJZiKP4x/N6vdN/cqD13LhpcSTO81Mu7DvYf3rMO18SafGCerI9Oohw/3X0WwNfEHHrnyd/LNPhHfcEwIDXgRfZpOlyeMftgdfhBVk452PRkVtSRu7zNmwukO1Q4WvPf5/csR9NyuP1I3k4bTZcyCgZt0qwioIdZZQ4bdhcE20X5ovbK0WpttN6oZFrtwaIWZZG+lK1r9Kaso7/Nkm9R/d3BfzDfCb0TiDNYfPajylTb5pwQSPDlhd58r232PXCYaRScNvB8GQJJenSWT4BAOoNO3nu+pvs+sVHKJVgt0eT+7NfDzdwB9seHuk8kPUH/nrGTda0DpzOpsdPULr7TerSYulpvgq5T7LR99wtGLaw8/FSSl9+gcNK/w+X9jS/2qAb9bspU7bw653HePONN7D++tc8MTQnuTSH50qaKH3jF1QplYAde3QuP/t1zsRPKkxT92dVdOT+9A6chES4LfzX27tvvkCVVMrI9bYBHXA9lGOoN/D0k19RuusFPlZKASlr8teTMIO5UqfMd0L7QuQ8V0JT6Rv8okrpW2R4hvmHoXAzKbV1rF8/QdPdrH43K3UffQQ/zwhpVPKdkV8KC0s6xXue43Dpbn7xkdK3QKLbjj02h+LfFE8wt/bEmmq+Inbtb8Y1Xhty76O/7Cu68yfqZVKzvjCNl0+cojtjTCu/oZDNKbXUrV8/42lr1Fk5SN86RfOmLRjQs+nXz2F9czcvBH5P/XpKdvrKzKB5StYTPF7xBr94+SOUWc/yu6cDakSGLbz45Hu8FVieG56kpCT4CFFL1b/z8XUPXH+L/xF463Tfz3h/GqPHw1EXU294mie/KmXXCx/7fiPpGvLXJ0x/zaYg+V6QLzLFbxnsi4RyPU9ddwr+G2hJU1ax+4XDIJ0iHw3yG9SV/ZJjKXv41/wmPvhlHevf/zmxx3ZTpp5ipP3tMvQ32fUCh6WBf5N0f31TSs5aPYcOx/J4VuBuU1yTQZ8A0LP+iXvY/cYL1CoNbP5VCRvWP81975bywgtaDHop1mYLsYWvUTwuk7jJx7u38/Hw6yhi1xRS8lwOWmksWbtL+Zd3szBgobHDwJOP30dFv/97PPczGt/czS9OKlHixh27ifX3TXLdffMHtm8PeB2VwNriF9liAPzf/eUXDqMM/O6G0M9j2JSP9K9VrC2epBc0vZg9zx2mdPcv+Eip9E09arcTm1PMb4r9c9QbtrBzo+9ew5cQSNs0Uu8yTJnO6dFveo0S3qD0XSm/2jn1NZPzXAlN777JC1VSpIzE0YahilGaAct7L/By/9g8wMDjT37GW7t+wcd6A1q3heb+Nfx0zywGVAaJ1fVP38e7pS/wgtaAXmql2RJL4WvFqIPmR+co++UxUvb8K/lNH/DLuvW8//NYju0uQz2bJ1gFYYyI/v7+sZOjC3NEoQjPpB/t7e2o1eppjeZ3uVx0d3ezZMmSaZ3LZVqHzPEg7oRfgroVml5F6vkHXA/8D9/c/+N8ged/FyOJehV3yhbo/hOSm79FovgQb/YknQbt/8lAw7+A/H/iWf0IXNtPVOeboPqWyPsmzu1snW30eyKRRscQI3XT29uPeyAKhTaO2AlPYqOzrR9PpJTomBik7l56+90MRCnQxsXOeu7/8OugYschjPtLyLzdSRG4dPr/pbFXSqxhDau0bq41XsCqvJf8nKVjrh0vtks1fH41hpyCvxtz4+Km1fQpdfbUsE0B5HD4VrEIV94yr9x2uu2gVCvD0gA9rWPP5bkBLCf5l3e7Kd67JfhovgnT5kaqVPtuJsd/ALsv8ZNsD3oC3wgTqRL1zA4wwSHreO/lz8j5XQiPVQvfM2G43sIZr2E4lm8kpnTu8g/fWWb0u7lrjlGV8sT0bhRvd34pLExBy6qFxk3dey/zWdZeduYGTOAR7HsGjR83bql0ktiZbXkeBuHKEwlHnWI25cUsf8sQ616TpW3i38DCyX95D37+r2zShvo7z0Ed7baZ4d9kVtekG7dbyqjxjmHIq4Jd42GLgSDffcrzdFfxRqmbn45bf2WS40xVj7lt9YKpr5kJ0133Httrcnn/51lT/D5zEVch5AlzXle8Mwy1Rwhzz+VyBf9QEOIJgAUoLi6O9vZ29PrQ7/CsVivx8fHTO5GzjoiI13BlFSBbBJAAS47jOv/vRDR7IXV8s7n38new+CSe1f71AZb8EySuw9XwJTh/iGSCTgNXezsR+k+ITE3w7bP6Rbztf8/A9W/xoGdcN4fXhhc5qsVqfLP3KFisUNDfbcNp94JqgnTZvCBXsVjtnyJIsRiFop9um5NJdrntVNrE250EYdgASsPDrMvw3RTqEuWc+cs5znUv5d7hkSRe2r79DJMlhoyHxzb+2zHXnOKC28APH75b5/+fJqmSOVsDNNix5/LcAPpN/PyBf+G9PzXz2hbD9Cp+QdMmRTmrxM92/7HcnC07TM/jvxGN/8IEwnC9hTNew3AsqTLYYr/hMJPfzY3VsJ5QZ2EZOdVtzi+Fhemuuy6kZBU/Tc2/fcCZNTvJGfpus42PSRv/fecMb3k8A3dUnjib32OWv+Us615Bf4OQf+c74JoImxl+l1ldk2Ma/2d9vKFDTP33DVsMBEnrVOex1J6CDSUhPYk76+t1zvL/2cXZ5NvnIq5mmScIwm0iOgAWIIlEgk6no7W1Fa1WO+WTAC6Xi87OTpYsWYJEMs1WbnkW0vvHvilFtvrnk6ct9f8c/+aiZcjuXzbpPrLV/zz+OEuykEz2sIJEhSZufLqi1XFMtv6kRKVh/C7RqOPu1BUrdeS9vvV2J0IYFkXM4sAlneLRKOvpGZ6Uz02r6RR1PfFk599LfGCoeW1cqvmcq5JVbNhgDHFhKGGh0z9RQoldfdeP+gApGU/+hpS75oZVEBYqKXpD0AkzBEGYjDKH4l+loRTFmSAIC0ozpz5Tsv5XIvMSBGFqYgqgeRTuaTq8Xi+dnZ0oFAokEglSqXR4kWCXy4XX68XpdBIXFzf9xn9BEIY5Lpzi044kNqxbgRLwtpmoMrlZ9Y8/xIAdc83nXPDew8O5K0Y/TeJt49vPTLTFZrEhOzHsjcELegogQRAEQRAEQbhLue12UN79U4AIt5sb36X2PbzS3Ha63dK7YMqshUtMATR/wjEFkOgAmEdz1UjX19eHy+XC7XYTGRnJwMAAMpkMmUyGUinGGwvC7Nkx/+1zzt2SEqN002uXYshez73xErh0moqLXURGRRE5/HkFS3MeIelaJbUtbiKjIgO2LWbVP/4QYxhSJToABEEQBEEQBEEQBEGYb6IDYP6IDoAFRjTSCcLC5nXY6HVK7pgFfUQHgCAIgiAIgiAIgiAI8010AMwfsQiwIAjCPJIoVKhFW7sgCIIgCIIgCIIgCIKwQEQG/4ggCIIgCIIgCIIgCIIgCIIgCAuN6AAQBEEQBEEQBEEQBEEQBEEQhLuQ6AAQBEEQBEEQBEEQBEEQBEEQhLuQ6AAQBEEQBEEQBEEQBEEQBEEQhLuQ6AAQBEEQBEEQBEEQBEEQBEEQhLuQ6AAQBEEQBEEQBEEQBEEQBEEQhLuQ6AAQBEEQBEEQBEEQBEEQBEEQhLtQ1O1OgCAIgiAIc8/lctHY2IjT6bzdSZkRuVxOWloaMpnsdidFEBaEhR7zIOJeEGbqboh/EHmAIExloce5iG9BmF+iA0AQBEEQvgcuXbqEwWBArVbf7qTMSFdXF42NjWRkZNzupAjCgtDY2EhycjIajeZ2J2XGRNwLwszcDfEPIg8QhKks9DgX8S0I80tMASQIgiAI3wMOh2PBNv4DaDSaBTvCSRBuB6fTuWAbBYaIuBeEmbkb4h9EHiAIU1nocS7iWxDml+gAEARBEARBEARBEARBEARBEIS7kOgAEARBEARBEARBEARBEARBEIS7kFgD4C7Q19eHy+XC7XYTGRnJwMAAUqkUmUzGokWLbnfyBEEQhDBw2my4AGQqVPLbnRpBEOaaiHlBWICcNmy+wEU1SeCGFNv+48hUKkT4C8ICFTSOndh8HxDlvCAIc050ACxgHo+HW7duoVAokMvlxMTEIJVKcbvduN1uvF4v7e3txMXFIZFIbndyBUEQwsiDo7cfT1Q0MYqJijI3dpsDFCqU0uBH66jYwaY9tWPejSHjiVfYu2sjSbNNbn0pD/zk6Jg317L75H4KdQAdmMpepeSAiV6e4sOvSsgc+pizgSM7t/OOqdf/hoy0zXt5+/W82adLEO4GHge9/W4iF0S811P6wE8YuxXgqQ+/oiQTcNaz/yfbOdToGk7bhlfK2FtkFA2BgjDMV84PSCerB4w253GPk4YjO9n+jomh0jom+0Xef3cr6UOBG0p57mzgyEs7OVBr9XUSxGTzfOlvKc7WzTqFgnCncNttOAakRMcoxjVITbVteiYub2XatTz/9l62ZqpmdXSADlMZr5YcwNQbUIZDSHHcUr2XXa8f42wv+PKCV9j7SiFGUdALgjBHRAfAAuXxeOjo6CAuLg6ZTDZqm1QqRSr13QHL5XLa2tpYsmQJUVHizz0vbPWU7ztAudlGYvaz7Hh+4/iCvKWacms2RWMqHrb6ckzaIvJEq56wgDSfN9HmiCDC/3pwcJCoRQksX5lMzMyOyHlTG46IiJG3pBpSMlPQAJ6OJi58dws3EcAgSBfzg1Up6PxZXO/1i1y+2cdARAQMDhK5KIHUkNKSyNonCkjzh6WrtZbyY6+yPclIRXH6jL7JEKfNOe74kDScN9SXbmL7URkyGeAK3NNG9Z6f8I5JxoYX36U4U0VLdSl7Dr3EDuNhymeZrqFzmE9XUn1BxtpthaQDDRUH+dwqY7jr2PAwxfmpOM1VHD/dhVxmx2koYEtugv8DHlpOn+CCYTP5xtFljf1yFcc/b8arUiGz2XBplpNXsA6DEqCDmj9V0qrSsDzrUZKb/8RfzEq06dk8miUywjtXJ5fqrtIzEBj3kcgXJ7MyRTf9ymVXE/VNXbgD3hocVBCfvRpD83lMbQ5GZwcpZKb4Fr3rvX6Ry212IqRSBl0uImKSWZ6ecAfHu5bsZ58lsObWajpE5dlEtDIAJ6bS7RxqTGTzK7soSnNiOvgSB/bt4GhGBWEJeftlqo5/ToskGvq9JD38GPmpSrq+KOf4Bdvwx7wuGWlPbGWdroO643+hARVem4zsokdJV/o/ZDvPn6tt5BY+xKhlCG9+wfHKC3TJVKhcNmyyeB7c+Cir/R9yXv4z5SYvmoQ01q2VcPqjL3Fpk1i1Lo/02bfJCHNhbCwODjIYtYiE5StJnklhf/0iX7fZA94YZDAylnuyVhAXSj3gehdeiZQItwuvTEvKSiOaoJnP3MW9rXoPP3nHROLmV9hblIa8sZy9+97hJ3uS+GRvHqqQyvMOPnnpJ7xTm8iGF19kq7GXigOlHNj+Eqr/LKMonMVix2mOfK7hsccyGQrn0XmDC+2Dj/HoahUg8oDvpzCX9QCeDpouXKfLK0Ea4cblVRCfthpDTJBtQfKEKWUU8Gx2ov+FjbPlx3jnJ6+j/bSUjbO51upL2bT9qL8tJrDyHjyOnfX72fHSMVoznmL3tjxkjQfZd2APW2VJfLorOyyd/TbzaSqrLyBbu43CdCYt+3GaqTp+mi65DLvTQMGWXIZr9y2nOXHBwOZ84+i/t4hvQViQRIvwAjTU+K/X64N+ViaTkZiYiMViYcmSJeJJgDnXQvmOgzhfeZsj6SpsDeXsO1jP7h2Zowtyq4lqc8a4DgCnuRoTogNAWHiil9zPaoP/hcfGtYuXuNqkJjNlBrW8LiduSSzGrBXEjdvYzpXrNhSGe8lcIgXctDec4/qVdnTpS8BxDXPbAIvT7mOZKmo4LeZrOjKWKYKc2EjBth3+EfkAxWQ4H+HVg5XUF6f7RuR3mCg/VE6lyQzGtTzxbDEbQ6jJ2qytExw/8NTP8v7JIlr2/IhRAxRtJiorXcie2M/erb4bgszM/WAek67ZuFzHeW0GxpjG4be8JPJwsa8zYEQXJpOH7GeKSMVJ/fHjfGHbwkMqO83VFdRI1lE0pvGfm6c5/qWMvH8qJsm/ydNymvKKGvK35KLruIBZmc3WR9OBLmqqlWRvLWT1bL+TMA8kxBqzWDEUpO52Gs59x2WLjpXBqyejaVLIvD/gdXsDdTcVLAG6nG4ksUayVozPDXzx7mHxinuH49184RLXr2tZmRysinu74j2JvB07yBt+3UBZ4SEqM4opSAew0dLqgoytbCvKJgnI3FbEgdqjmBo7KE6f7ShgJ/WVXyLLL+aZBIAWqv9YSb3hMTIfKqL4IQB/TMvyWKcDLn9JQ2IhWx7SQEs1R06bSd9ohK56jv/ZTFph4egGGPt5KirbSHusmNVDP5ftPBUVf0ZW9CipcjBf6MKQv9V//D/TZcxn67oEhDtc9BLuHynssV27yKWrTagzU5h2aZ+8kvuT/f/uvc7Fyx2gS/SV+0HrAT3IlmaS7q8H3Gw4xzVzN5pUdZCTzlXcO6mvqcTFE5S8UkSur7Bml/kE249WYnoljzxCKM9bajlW6yLtxVJKtxoByM6MwfbIq5RVNlAUlh5An8smM9qsZ0Ya/3FSX1mLJK+YZ5IAbnL6SCV1hiKyboo84PsrjGU90H7lOj2KZO5d4etA6L12lsarTWgyU3BMsU01ZZ4QROZT7NgRUFsuSKLw6QOcqOlg40YdYKPhkwrKK09wtjWRjCJf+Ru8tDXy7PsnKWrZw48CK+8hxPHZykNcYzPvvl/iyy9y38dIIU8fKKd2RzZ5s24kv0zdeS0Zxhh8tfvJy36DyYQn+xmKUsFZf5zjX9jY8pAKe3M1FTUS1hWNafwX8S0IC5boAFiAbt26RVzc9Iq+uLg4Ojs7WbJkycxO6vwbrqs5yFaG3oHgvXgK7z0bkE2jC9ve0wOxsQGV0WAn6aGnbxGxsdNIV08PfYtimcYu02DFrCrgWf+Ngiq9iL0zqqs7aalvRZZoo7ayGrNVS1pBYUgND4Jw20WpWKZWYLJ1ASrovU7D1Q56XV6IkCBXJWJcMcUI3YFBBqNkxE60rbOLfomalUuG5vmQsiQpFsuVLjpZQlx7H65Fh1KFsQAAIABJREFUWl9j4FBadEq+7mwHDBMdcQoqdEmAyz+qx1bNrh+9RKUsg4ICIy2njvJq5VFOvf0Je0OqqSeidTVgMvVCTCIZ6UnDHYOZRTuADlrG7uK0YQOyM5cFdCKqSApM12ylruNROjhdN/RGB1YbxAMep5Mo+dCZJSjpp98OKPuxOeWoZAGN/+uSxlUqzHVmtA8+M9z4DxCVtI5szR8xnZPQe6aRXlcjZWW+GyevywVlZXzpf+JAWECkS1iy6Abf2TpBH0uH+SI3Op14BiEiKhrtsjSWBR+eC3i4bu1Dpl6OArAPDhIlmzA3gPY+nAo1GQHxnhwr42x/F4Rw6z7a/MV7IKepnIOtsOH5Av8UICqSEmVQW8FR01q2pUF9RQ2QSHZaeKYAic9Yh3H4PjyJRI2dNhv4Emin4c/HOavNZ8tD/g/J5fgCX4PHbge5bFTD3+oxP4etvh572sbR76tWs255PZ/U2aC3nM9bXXCijCsAXhcu2ii7omLVY0U8FHQ4p3BniEK1TI3CZKMLUE23rPfzdJm52NSNdGkq6Qn+T09VD+jqxsEiDAH1gATtIlotXXhQT/PmNlxxLyd311d8tWuibTacTt//g5bnNistQJIq4BkhmQot0GoNU5kP0PUFpq40NhpHp7PLriFxeBBSAqsMTr68CVkiDxCGjCrr4/B0mLl4oxOnr7AnWruMtGWaSeLQhiNyEVr9yNMDMcN5iA0m3QaqqfKE6VJpfeWtP6Qayop5+kAr2rWb2ZBoonLfdo4deZ7D5cVMeRufWcQOoGNs5T1oHNuwWQFUyAMqBnKVyrfNCdPvUR0rlXWPQsdI5X7Sst+ohH5f5Z5+mxO5ShbQ+L9uVB0eRHwLwkImOgAWGLvdTnR09Lhpf4KRyWQoFAr6+vpmtDCw11yL1ObEywZCazf34u17A8nVhyHkToN+XC4ng3ZQhtgD4O3z4HD3sYjYkNPV53Hg7lvE3PQAJJLBQU61FM7yMV0bpoNbKZWV8P4rxeTRQuWe7ezf9iE7MsXEgMKdz+H1EhEpBRxcM7fhjk0je1kMuDtpumjGfE099Yj8QQfms9/Q4/IikcWiN6aSEANERhDhdWMHhvd2e/EG7up14WGkgPO4Bxic9jdw0tFwgrJyYEMGRgCziUoXPLG/jF3ZwK56juyqxOq04mTqRfp6XVaglp0/Ojb8nizjeT58v3hkbuA7ipUv//gnLmiisLV5MBQUkmdQkZWfxp8rjlDvlZDwYD6G2skb/6GDZqsGw8bxR0/QyDD1rmbLZhdHauPZWuib+uD0kVrit4598kBYKNwDA0ikUmi/wvUuOcn3ZqCL8mCzXOGK+QrKrHSCDkNw3KDLrkSTOnJFDTrMnP2mB5dXgixWjzF18kbFqMhIvO7+aab8dsW7jeojx3DJnmDrcOOinOyi51l27B2Obv/RyNzFBW9TFJbAkJOQGtgZ2kJrlxKt//RdX/yFz9u8yKzVVGkLfdMDGNaSa67kyBE7KJeT97B10oY/gJY2F0kPjr/D1yRocDVYSd1YjNd+hLa1/tGBDRUcaVvL1nVijvMFx+HFGxGJdKZlfWcTF8y3cEtiiIkcHFV2T1oPGBgcX6ZHAh4XPTCN0cHhjftxR68vZe9RYG0B2TqgI4SdjJmslcGxsjJqskvITXJRf/Qgx4LvOS0tdVdQZhWhoYvzX9zE8FD6pO2NXi8iDxBGGS7raefK9S7kyfeSoYvCY7Nw5YqZK8os0ics7FUYVoy5YHq9eCMkyFCRMOk2v8nyhOlwtlBTVoaJRJ5P8wVmo+kaZLzCh/uLSAK2fVLKwUYZvR1MfywBhBDHKtKyM6CynLLyzaQVpSMzf8LBskZg7QxOGIrJy35VVj5pf67gSL0XScKD5BtqJ238BxHfgrCQiQ6ABcblck278X+IRCLB6XTOoAPAi7f3GBIXeJ0bkIRS+3WeIdLxLRLO4OWHoTXO9zvxDAyCqx+U0SGlq8/jAS/0eUNsz/f24dulD2/InQbToSI9T8b2Hxdj+/B9itPlgNM3UnbajXxreeX1Iv88eekU7X6KHe/UYsvMm/2gAEEIswGvDZsNwEmf1Up75wCxRj3gAGDQ68DujkEpjSNlpRJHxBQNAnYvXreHqB+sIFMTSff1y3zXeJHBe1ei1+iJkzXS3GBBkqJD3tfBteYevENjghLjie38jovmaFKT1Qx03aCpvR8UoURNLXs2PcCewLdka9ldstEXc8ZsCmRHObY9j8aCQgo3bCZvdwlJIcR24toSdj/bgLaoiNwkMFe8xNY9B9hVnkf5VmPwA8wrHZkPPkxaaqpvDlD7eSrKa2l+Jh+DZjWPblnN8BQhknU8arzCiT9W4tSsIjf/If/c/sF5vd7gHxLuaAMuf9x77XR1WrH2KdCuVoENYABPrwOPRoFKv5yVmkGCTcIF0H29C8+iJIZm8LF7vbg9UfxgRSaayG6uX/6OxouD3LtSP8tK7B0Q7x3VnDgFic8XkT18XBvVhw5wjWVseHEbW40uqg/u42hlKQefWktJOAcB2JuprjiNc+1jDB1W81AR//wQ4Gmm6qh/aiC5EsO6x9gKAaN+18LpP1FmjcKQnU/+6tCG9Hm9nvClX5h/A15svsIeZ58Va3snA7FG9MA1plnWA8TGoV8ah0Jio6X1Eue6jdyXGjd1PWBWX2Du4j5QR81etu88xrVlT/Du7sLQ2xDl2ZS8/xSmnxwd6UCMiSEGhhcWnjVnPV82J/FgnhywYW1rI57JOwB8RB7wfTZpWe+v4w94enF4NChUepav1DAYSmEP4G7n0hUraFIZNznM2G1T5QnBKgNHf8IDY1YCXvbUhzyVDqAjLXsZHNjHjzdWs/nZAjbmbmPXbBYHCCGOk4r2srv6x+zZ9zSP7AOQERMzszaeaRtX9mtY/egWVsPIyP9HjVw58UcqnRpW5ebzUIiVexHfgnBnEx0AC4zb7Z7RCH7wLQ7c2zuT6uNXRDoaYPAYkeadkB5Cs3lzLVGDgKMWr/OHIXUaOJweBgA8TvqJJngXgB2PB8CDJ9QeALsH3y6e0DsNpsFpKqXEvJX/+ERL5evb2b91PztkB9llfpb9E078PZUkkgLrHjojxspKzHvzZj/ntyCEUVs/0N9Io3X0+66rJkxX/S+c17hw69q0jmu9dgHr8C5Obnxj4sbw1htc/vZGwKd7uGoycXVkZ84Fpqe/jeBTAKXx1G9LyNOBs76Mlw7Usnb3bgqHnuZR5bH3k/9gc+URyssrKa08ikuWxrPvB38yR56UTeGO7OHXxsISSo7+mH219XRsNc5ogNFc0qQGTL+jXE2apg5zBxh0ENj4X/Sglb/8RUX+M8VEt1RTftrMluE5BXQkarq43gKrxzwRdbPLhTZdPAO8UJmGAvtGI41jtrWdM9Hm//eNK+e4wUx8h8n0XcBrK9cuWBnJDm7wjWnoyP2YTG2jd6efhRDvLafKqSWDVwoChvb71/3giRL2bs1FDmRnymh55FWOVjZSkhmmGoDtPH8+Xo8q/0k2TjTEL8pAWtJpGgOzzsD5vk3lXMgsotjQz/mKKr4wPMZD/jpLglbChTYnJIz+nbpudhGtFXMAL1QmX2FP4/jCHpPJ/+8ZlPXjjzVckk9ZDxhV5ge8F5edzeTmLu6H0mguf4mt+2oh43kOz+ApP3lmCeWfFlHfaMVFDIkZvRz9P7ZzNPiuIWmprcOb9o+obDZs9OL1eum1O9GF0r4n8oDvlVDLem5c4dzMCnufW5dH8pAg2ybKE/RTxjyw4UXe35oOtPDJ3j0c632W10tG1udLLy7nZHYFR4+eoPrgHo69s4eYDb/lSOlGZvpAf/A4TqJw/6dkN5yltRdk2jS09bv40Z4pDhoOU5T9I9P+PIj1L39Blf8MxdEtVJefxrxlI0O1exHfgrBwiQ6ABSYyMhKpVBr8gxOQSqVERkaG8EkvrvO/I6rzHYY+7btQGohqT4R2AC2Dst/jvm+jb45/pwXXtz9D5vzfow81uA/ZmX3+Fzl4Nf83ZOh9I++dNm7Z+nEPjDn9gAtbW5tvACGRREWriFPJAS/93V30Or3jHv31OKy0OfwvImWoFmuIlgDefrq7enF6x+2Bw9rGyC4qFmuiZ/1EgK2lldyCbFQqKCrdS/XrL/E6MhhbL5FpaWlsZexzhb5pA0aMmu3TacOZZhSj/28LL7bmb6lrsNDrlhKjTyfrXgMqCeC9wbdfXBs1MkuqX0NOim8hOnfHBUz1zdxygGLxPWTlrGDxXbYWd3w02FTZw4sA95rrabRrWL3aMG7Er9veQfOV7+hbtGLyBYLdduwoUQZkdR2X6miVriTTOMGwIlsT9Ve8LJ1sYTDLRb7uDKXjVEtadrbvUf3sGLZV1HLgwAkaNvrnAHV2YDbbMG7eRWnRLrCZKN26nUMHK3lq/1Qj/GyYa6qpaDWyrch/w+G00mAGjEGmFJCrUAHV9Y04C3X+z3ZgNgMzfBosKE8DFR+1kr01z3fjYz9PY1cCWWMb/9clEdVlxqsy+PKlpHiUJvuoQ6Wujufz6tPc3LpuZHTXzdN8aTVSYCS0KRGEO0529j1cqvsOfjC0MKCHmw1naY38wfjFej0OujquYW4ZRH//1KN3Pdcv8m1XNKszlg3nHW67b17Akeygg0t1rUhXZmJsP4/JpiJ79Uhjv+faWc66QhkjfLvjvYHKsrOw4bcUBLYwOJ2++o9cPq3pRqbl5heUV7WSVriFzIB+uJs1f+bK8kfJTQDooqVDQsyD/o1j5vu+bJeg1UYBKrQasNoZnrNYs3o5zuOVNCwvJH2oUdHewOlGJVlPilrMQpUdHz063nrN1Dfa0axejWFM0RxSWT9OM+dNNlTZqzFMVQ/QXOcb8yCGwDK/4xJ1FhkZGcuCnGOu4h7Ahmn/dnYcakS2YTdHSgtHNx5OpzxXGcnM9je3tZRTDyRqw1Pmq5Zns8rWRnOzL802p42bLV0kpmrQKG203YT0BICbXGiWEJ/l31HkAd870yrr8eDo6uCauYVB/f1TLhDsW/eji6j4VFYmx4S2bYo8IaikTLKzM4Fs0nbUcuKlQ5R9UkzpRhXgxNZi5poqjx17C9kBtJTv4Ef7XuVo/UZKZtPnHjSO5SSlZ/vzCSemIyYgbwazBoRokrIfGDPnfxdmrwqDr3JPvNJEYO1exLcgLFyiA2CBGRgYwO12z6gTwO12MzAwtrV9IhJkq3+Nt/Xv8Da9gGRwzEgfcvBq3mMgY9nInHxyPbKc/8B19jWkXR8QMfaQEc/hNu5BujQg3XIVi+UybJ02+j0TpCsyiugYNSrFUGuphGi1Fll/F7dsLib6JpEyFWpN9EhDgSQatVZGf9ctbK4J90CmUqOJnlmnyliqpERMpgbITAeSyHv9FazFP6Y8zcqoxv70tRTuOUBFy/6RUUcdNRw5ksHGI0MfKueTmufJzvXVApymas4WFHGnTRbyfeBoquHzywpWPfQPGJV2zHVfU9ekYd0KFdyyYHHH8lDWSANUpNxfYXVcoOYLC4tz1pOjBUvdZ9R8IWVTrnEOpp+6c8Qkx7PorIXr3QZS1Te5VGeB5DWs0EUhVerQRt+gx+uedH/Pze+4eEtGyqoUNFFAbzNtNgmLlisAD7brZqwKI0ZdFOCmvaUHb/RSf0OAm3bzNZy6VJJjAI+Nax12ZKrpRk46Rds2cODVAxz8pIjSjSqcZw+ydfsxEje/wuvbCtBa6zFbQbY2yXfPW3+ErftOsPmVI2wddcOgwtlYxqEDrZjMr7AtT0bjwX0ccy3j2afWTt2pp1pL0RMyKo+9xHb5K2zL09JaUcq+Wlj2fMHcPA0UlU7+g9c5XnYEZbwSe5sT4z9uwQB4Gqr5MnDOf00Wq5zH+VOFBrnNhjZ/y+hjGTfymK2CirIjqOI1yFxdtNkTeLgw/4576kGYjSgSlmpoa2zjuicOzfWzXLarSF29jJgoBRrdIhQtPUwe9QAObnTZUWpSAzoOPdz87iK3ZCmsSvEtKtjb3IZNsojlCmDJIuTt3VyzJfoW/vZ0cLXLhUI73adL5j/eRxb/zR2dB+hyKSqQUXt0L68bSyg02qg/uI9TyHgiL22a32sil/nz//MNVokM0/EyTP40r3qsiIcyDXx5/I+Ua7RIbFa8ywsoUgHcpKaqedR836nZ8fzpeDktKg9dkiweCxz0p3mIwvxqKj76I2e1WqLpx9oFafn//Q5d80SYkZhk4hedxXK9G0OqY9plfeelOr4jmYwVvkU/e69145ApfWXNVPUAtRoFN2hvdxO3RAr00txmI0KxfJo3tjOI+45qXt95ELa9y+t5gaWYDVNpMduPXgNtNgVGM+X79/u3JZFXXERmqOW5s4GyPUdRbS4iTWWmcl8pZ1nG82vDszqOyrCa1cOvOrBecbE8NQE5kJmXSUWFyAOEyYwu65MdZs5etqNKXc2ymCgUGh2LFC30TFHYu9svcf47O4rkgEW/Q9g29b1B6FR5z7ItsZIDB8r9HX9WKnc9zb7GDJ59+3WeSoP6hhYgA6MWoIPq13dykG28+3pe6HXXEOK4pfp1DtSv5am8JGz1Zew65kJWUED2nLShT1H2xzRQ/WXgnP8aslY5Of6nCjRyGzZtPqNq9yK+BWHBEh0AC4xUKp1xB8B01w+QJG6E2P+F97/+aVRjpVdzFEnGRPPnS5Bl7MV9HqSdHwS8/wyujL3I1BOdRY4qLorIzk76PIGj9KNQLo4jZoJWUkm0Bl1UNx23nKM6ASLlGnTqib6fhGiNjqjuDm45R+2BXKNjwl1mSJ69jeerX6KoSEt2nhZrtYneovd53voO++vfDXh8OJ3it4t4/aWNlCVuIFfeSE1DEltLdwfMA1yA3LSd4hOZZFJPjbWAve+KpTHnXzeNTf3E378OoxpAjTHnkdEdMZFy1OoJLvBeO87YZO6N91VOl95r4PKnVm5x5035ElZRCSzVtNHYeh2POplE3S0uX/uGbyzRSAZdON0y4tPi8I32syK9Z2hkkX/35GSW9l3hyjdfExEBEIkyPhXfQxVRKORgu/4tda1SItwuvNLF/GDV0GpjESiiPNxo/BqrVMqgywWLEkidahHCSag2buP5A6c4cNB/k5BdwocvXmP7O/v4yQnfk02ytM3sLc72jeRztdLY2EjrBMdKL97P2+aX2HV0DzuPArI0Nr/9dghTCsjJLjnCbtcu9g3tSwzZz7/Pb4vDmR/oWLe1cPiVMjWfralO7DYvMpVyuLIQlf7omIVIlaQ/uhWj3YZXpkI5Qa1Ck1nIM5ke7LZ+vJJoVIEf0q1j5LSj0yAsMEONgeZuko16Yi98R0NdD3JZBN5+J6iXkYqv0e+qWztq1D4A3dfp8iwiKTnwIooiOXkpfVeu8M3XEb7BBZFK4lNTUAMolmGMv8jlxm+wRkTA4CCSmGSWJ0+/eju/8T7R4r/DKSFv94e8aN3OO/t2cgL//rv3UpIdjjvrVB7dljrJtkwKn8nEOS6eE8gtenT0RxNy2fKkHZtLgko5Pl1KQx5bisFpt+FCNu4z6YVbRxb7Ti9kq6jeLEBDjYGtXPesnKKsh+bzJqzSe0aNGo67J5muC9f59mvfdF+DKIhPS/E1tE9ZD1jC8mQbF777lq+bI4BBkGlJMU54ozGl6ce9jdbGRmS2sUdy0mL2z0tiNXHiUOB8JmsxPlVEpiq08tzWWEttzQlMlSfwJ4DNb79NWIv8YTrWFa4beanJpPCZVdht/RAt8gBhAoFlfWoy+tgLfNdQR49cRoS3HydqlvkKe+quutFmrw6YkK8T840ePETQd6ORr4enDVISf388/ZNuW0nylHnCdKRT9PwGDrx6kEPVRezNS6Jo79vUv7SLQzt/zCHflyT7xb1sTgJwYWttpHF80E8paBw7W6ivbqT6xAkqfSclJvtFPtwd3rX+dOu24qtZT1X2p/Po6Mo9yvRH2Wq0Y/PKRtfbh7aL+BaEBSmiv79/7NwowhxRKKbfADWW3W5nYGCAmJjpLnkPPT09SCSS6a0hcPn/Asu+0e9F/yfe7MkX9nWZ1iHrbwh4Jx3PkmqiJl07wEFXRw+jB+hHIlPp0Ey2EICtk7b+MYvMRCnQxk2+sK+ts43xu2iJC/dCAABOGzYXyFRBpvcAnDZ/wTnqeb8OKnYcwri/hEynDZtr7HZh/nRgqrxA7COrkF64Sos9En3KGpbFK3zX2o0z/KUpmqzF/VztgdhlaaQvVfueQnFc4FSVhcUPPcy9i73cqPuMb51pFITpCQCHwzeJVTjylrnnxm5z4I2QEh2jCK332W3H5hhAGh2DYtwOvuMNSKOJGb8RPA56+91EKlSjHhcODyc2mwvGxW0ou4aeN4R1X8BkMpEdbJ7UO9zd8B2+TzyOXvrdg0jCEIduuw3HwCT5x90Y72HY/26Jl7vle3w/TL+snzK2Z1MPmJVZxH1Ihw8W20PnF/EPd9d3uSv5y+BBiQJV+Avh0abME2bHd08+izJ7/BGDx7E/L5hpXnM3xMbd8B2+z4baI4S553K5gn8oCPEEwAKjVCppb29HJpNNazS/y+XC6XSyZMmS4B8O3K/7GLKIZ3An/BLUrdD0KtIpF/b9gkhHB4PSd3CnbIHuPyG5+Vuies/gZZJOA4cDzwBESOTExCrB3kOv04vH2Q/RE/cA2NweIBJpdAwxUje9vf24p1zY14ZvFynRMTFI3b309rvxePrwMnmnwYzJVSHP3ycPVsmYxrGEudJD46f1xKeuJE3bxeVvP6V5aS4bVqnB6cDT1c21pWtYo+2n8WINn1qyyc+OR6JIIzXezNe1ldyIAo9HTvJaw109/c/kpChV07wpkCqZfJcgx4tSEKOaq44R+cwbBGYTzyIvEBaYKEUM4QpDqVLFpBF/N8Z7OPYXhHk3/bJ+ytieTT1gVmYR9yEdPlhsz/H5BSGc5rQMHmPKPGF2gt6TT/+IweNYlPOCIMwj0QGwAMXFxdHe3o5eH8oidz5Wq5X4+PjpnchZR0TEa7iyCpAtAkiAJcdxnf93Ipq9kDq+GdN7+TtYfBLPav/6AEv+CRLX4Wr4EibpNHA4B5BExxKr8o+oVmuROWz02F04iB63iCheG17kqBar8U3dr2CxQkF/tw2n3YtvZdaxu3h9aw6o/esDKBajUPTTbXMyyS63nUqbeLuTIAyLRLtqPTkGCZCITgunqs5hXpWLMWUdjy7zIpH4LqKceDlnKs9xwRFPxq2v+fZWPA89mk28BLxtJqrOfE3rP+Yg/rrCfJPL5XR3d088XdUC0NXVhVwu7pIEIVRyuZyuri40mumuiXDnEHEvCDNzN8Q/iDxAEKay0ONcxLcgzC8xBdA8Cuc0HR6Ph/b2drRa7ZRPArhcLjo7O9HpdERFif4eQZi+DkyV9cjXP0LGcAi3YapsILZgHSu8DhwDChTDo1EcnP30M5yZBSxrruTrgfspyNYFHOscykc2sCoMo1cW1hRAwu3mcrm4dOnSgn1UUy6Xs2LFCnGjIAghcjqdXLp0CafTebuTMmMi7gVhZu6G+AeRBwjCVBZ6nIv4XvgW6n3lQiSmAPoei4qKIj4+ns7OThQKBRKJBKlUOrxIsMvlwuv1Dk/7MzQ6WRCE6dKRtNhN/bk2VmXHIwHslxpoky4mFXA0fsGnHUlsWLcCJeBtO0eLezGZOtD1xuC+asGODiWA3UKPW4p2jqfHFISJyGQy1qxZc7uTIQjCPJHL5WRkZNzuZAiCcBuI+BeEu5+Ic0EQpkM8ATCP5mqUbl9fHy6XC7fbTWRkJAMDA8NrBCiVyjk5pyB8r3jb+PYzE81uJTFSO73uxax5+IcYfa36mP/2OeeskSiVbuwOBYbs9dwbLxnZdktKjNJLb+8A2jUP80NjeOJSPAEgCIIgCIIgCIIgCMJ8E08AzJ9wPAEgOgDmkWikE4SFzW3vxu6VEzO0XkUAr8NGr1OCUq0ct5idbxvIY1QowvgwjugAEARBEARBEARBEARhvokOgPkjpgASBEGYR1KlmsmWT5UoVKgnaYefapsgCIIgCIIgCIIgCIIgzJXI250AQRAEQRAEQRAEQRAEQRAEQRDCT3QACIIgCMK88dBx6Rvqm7rCfNwOLn/zDZc6PGE+riAIs9bbzPlvLmJxhvvAIu4F4c40F2W9iHdBuKOFoax3Np+n7nwzveFLlSAIwjAxBZAgCIIQZtdwXQTZymWh7+L8G66rOchWhr5IgvfiKbz3bEAmn8N0eXvo6VtEbGyYFm/ovMoN+yIM92kA8NgsmG/YkC9dgUHl/4y7k2tXbnDL7gapksVLl7MsbmhlCQ82i5lrN3tweSXIYhNYZtSjitJhXHqLc63f0a1LmXSqKkGYMzOIYdfFU7ByA7KQ95ifvMXe0wOxsYRpuXaav7NC3Er0cgA3ndeucOOWHTdSlIsNpC7TEAV4bjbRaA2cS1WKyrACA81carbhDjysVIVhhUHEvXBbzUcMT7+sn0m67PjCPjxRP7asx2PDYr6BTb6UFf7C3t15jSs3buEr6hdjSF2GxpcR0NRoZVROoDKwwiDKeeEOcKfW12eSrp4e+hbFEp4q/piyftI49sW/x2bBfO0mPS4vElksemMqCTEgN/yAxWcvc92SyEq9aKoTBCG8xBMAgiAIQnhZviSq8zTTWabGa65Favscb+h74O17A8nV0PeYUbr6PDjcfdNI11Q8XG/rQ641EgdgaeDslXb6HX04hlv2Orl83oxNkcjKe+9lZaIC2w0zHf6tjuZGLt30ojNmcn+mEZ23neZW3zihKN09aKU2LO1hSawgTMv0Y9hCxK0/EHF9GieZl7ylH5fLidM+jZNMpfs6ne4Ylhp8C8F0N13EbFOQuPJe7l2pR9LVRGOzr4mgp6eHAaUBg2Hov0SWRAPRS0g0jLy/VDmAwxtBNCLuhdtpPmJ4BmX9TNLV78LldBKesB/Be33aAAANI0lEQVRT1mOh4ewV2vsd9A0V9t1NXDTbUCSu5N57V6KXdNHU2OxrLOzpoWdAGZAPGEhcEg2IeBduvzu2vj6DdPV5HLj7wlPDH1vWTxXHeCxcvnQTr85I5v2ZGHVeLJcbuOkBiGGZIQZ3xw3E0qqCIISb6AAQBEEQwsp18/8jcuAzIiyh7uHF23uMCNfXeEN9bNZ5hkjHt0j6zoRc2Z9Juvo8HvB6CM/9QQe9jmgWJ/tH9MQksTwjE03gEEVLGz3SJaw06lBERaHQGcnIXIEOABstXS5UhnT0ailI1ejTM1ltiPHvHEWyRk6/NeQvKAhhMoMYtpxG4v0rkmlcr/OSt/Q78QwM4nX1h5yuqdis/USqk/2jdbtot4FmmRGdIoooxRJW6BfhsI205kVKVKhUQ//FoIgCohTEDL8npavXwyJtsv8xXhH3wm0yHzE8g7J+Junqd3oYGPQSnrAfU9YTQ9LyDDIDCvsuX0aAUacgKkrBkhV6FjlsDOcEkZKAfEBFjGLoWCLehdvpzq2vzyRdvip+eAb5jC7r/SaL444uHEoty/VqpEhR65cTJ+vj1tBoH3UCiwZ7aLGFIWGCIAgBRAeAIAiCEEY3iXAcB44juRlqzf0rIh0NMHiMSHOI1fDmWqIGAUdtiJX9maTLjscD4METjh6ADhsOmZKEodcxKlRjn+51DxApjaa//RqXLp6nwXyT7uGnA9x4vTIUqk4sTQ2cv3iJ5g4Ho2YD1kUT5ewl3CsMCMLUph/DrvZTRAKR9lBH+c1P3uJwehgABjxOZt8W6KHTPkC0xj8iEA2p92WS8v+3dy+xbVxXAIZ/DjnUkNKID9O2ZFl+25IlBVIMON0HaLLJopsuGjTwogGCLrppuwi66ipZpA3aVYAUWQQNnBatiy5bBygMFF0kgV3ZlBnLUhy5pC1Zoh4MJXM4L3ahByWKosSHKNo5H6AFRzPUgeFzz517Z+7Vy59tuYAzx9R4gsT4FE8y1vaTMimWnA66Dm86JnkvDkBTcrjqWl9LXAZ52wVc7HwDZgBKaz0d6CXFPnxumBcqNwTMTY2TSIwz9SSzdfkvyXdxYFq1v15bXKtd/EY85FNa66mcx5YL3uCmtbh9tKsK7sYJOp2agyFJLoTYxZUrV3b8KceTy+UKTY7xO0vTtN1PEkKIPTKM1ZdDD7ptMR98gm/65yiVqon3XcwLP8F/CMDBTLyHb+H9CrPQhyj4f4c1/OrqmqH5Gcw7P8Wf/0+FP3IZJ/wRDHXhbUBcsxfGyl+j+NEjYQLVrhmaTDBqdDFyPlpyeBSja4Tz0dVzbs0ZKFqU7mMdFNIzzCyrdA/1cdS3wMToFFlU2g91c9S/wszMInb4NEMn1585SjNxO40+3E9XleEJsXc15PD8KNbkL1GtOxW+9wfYx97Dd2b1/3NT2pa1uBZPX63wRxR8AZ2oXsUi5AAsMDE6gzYyQG+5X1tzTCSSWNEBBno1kombzFrtHOnpIZB7zPScgXZikPOx4jDB3PgoM+rZksFDyXvRBM3I4RpqfT1xpc/vUOcBFB8BPUrVab9Drd/xOBZzEwmSVpSBgV60ZIKbsxbtR3roCeR4PD2HoZ1g8HxsbcBQ8l00y7PRX681rnL9fMWvEwkHqK6LX6bWV8rjMm3BwsQoM9oIA2tfYD8c4yvn5M4ThUK0iPXxCLH/TLP8Yw3lBvs//vjjsufKGwBCCCHq4j/zY5T+69jeY2V+eww3eB3z0nqnHcCLf+BtCmf/iOM5VOaayzjhf2C/9Gpxw7C2LvyX/4oZfpOy9weeN7FO/x3v+oDAvsS1dmMQq2HwvwoFNcq5gVMcDcfoOjdETyDH7P+K7wG3d1+krzdG+OhJ+vsiMD9N8RkpBXAp89ywEA1UQw4fGkH93jXM4A92+Mp3Mfs+2Biggya1LWtxBXw7dIkVH4HOSA2D/7tYTnHvbpJ86AwX1tYM7h0YZniwn96YTqy3j4s9GivTqeI6wHaK+RUfncdKBwQk70UTNCOHa6j19cS1c9oH6IzUMPhftWVS9+6SzIc4c6EXDaB3gOHhQfp7Y+ixXvou9qCtTJPaaAgk30WzPKv99RriQsGvR4hVPfi/g13zuDKfouC6DdqfQAjxXCsd7N9p8B9kAkAIIUQjHBrBd+nP2CVVpRD8E4VLI8UO+Cbe7lfxjvx+29qbTvhTvEMnUbdfgX/oHezomyXH38Acege1Z/sV9cRVWiCVtjCxcKBMXHsUUMFa2fU0jz9Ax6bPEc2H46zf6qu0hTYtJaC106ZsGgiws+QLKu21xihEFarP4RD+Sx9gBl/eelh5d/Xm/nCZ2+6mtC0h9GiEdp+n5LiPYCSKrtU6HNCJ32eRL3mN384+JDGZhtgFhk6FN5YBsA2bwqb09oXa8DrWxsakxqMlngbD9JS+9CV5L5qmGTlcQ62vMa5opJ3taR8kEtWpOe33WOuxszxMTJImxoWhU4SLDQH21oaANq+D9bR4neS7aKZW76/XH5dCWzhGOFBrD79Mrd8lj1136xSe5bpbPqcNE7UtXGM8QojvmvVB/0qD/yATAEIIIRrl23GUrf1XPPl45c21pu9ue9LGm09UvKaQ+3fJkS9QZipcUWNcJZfgOkZ9G4WFNfzmU55UOudwO/6VeZLLa5/tNN8smWh6FIgSDjhkkumNdf+Xk7NkvRobtwjzBramU7rAgBD7puocTuOx/rX1kPs5nsUKf6MpbYuF5ZY+F+hi720R8R340NsK5JaKj/zZ6Qd89fUSas8g/cc3T/UZPJpMMFFMftLJDE4gvJbPGVJLmzf/3UTyXjRVc3K46lpfS1yWxfa0t/e4d8AO9lLr7TQPvvqaJbWHwf7jWyb9jUeTJCaSFLsBSTJOgPB6gku+i4PQwv31+uNycYx6evjba33FPA5rqLklnqzPAVgpFldUtI3OvMGy4d30WQghdrfb4D/IBIAQQogGMWeuo/AyTvRLrBe/xGx7GZzP8FTYw8vM/A08b2B1xbH6rmOpl3fZKOxzFCNNQX0fs+8RZtf7OJ40vuUvd+zs1xwXCmqgk0hnAFWh/o3CfN10agZLT+ydz9FOcuqIwvz9UeJjY9y+k8LQT3BubaHfw2ePoxsp7tweYyw+yv15hSOnz7C6IIhNajGH1hGrI0ghqlN1Ds99jtc6htv2CeaLjzCjb+PustlfU9oWw8B2weNtQ49E0Nu8eBqwKWj0SAdkZ9YGARb4JrWI6Thkk3Fu3bq1+nMvBWicPHUEZf4+t27HiY/eIWXoHD+7tttvZo4VSjb/BSTvRdM1JYerr/W1xGUYNi4evG06kYhOm9cDrk1dab+HWr/wTYpF08HJJomvtwO37pECtJOnOKLMc//WbeLxUe6kDPTjZ1lNfcl3cTBaur9eY1yBzgidAZXVLv5KXQ/5bK31u+SxfoLesMV0fJT4WJzRO7O4h0+zsdx/JkXGDXBIlv8XQjSYbALcRAe9UacQ4vnSKpsAr3qC+d/P4PiPNr1q72BOfopifh/fwNHtl+RHse7OUuh7Bf/Gu+wWZuIPePxvoZ7b/v69M/kXCuZLFAY2vdq78hBz/AsY/GGZV4Rrj8t+4RWKbwNb5DJZ8kqIsF7H6qALE9x+5OXUC2cIVTrPNljOWSiaTrDMG8nW0yyGqxLo0IpPAy9McjtZoHf4vDwZKJqjhhw2Ex/h8b+Gcu7oxlN7ztwobmqWwouv4N92RXPaFiOzQE4J0qlrxbiMLN8+dQlEQ9TeyhokE/dYiQ7R37Xt2f0ybIzlHJaioZdL/lKS96LJmpHD1df62uLKLPhRgp2blvlyMLLf8tQNEA3V0bfaa62vwDaWyVkKmh4s/htIvouD0OL99brjsnJksnmUUJjau/jla33ZPC7+kuWcjS/Qgebb+j1ZvZ+B3la4vxOiMtkEuHl22gS4GjIB0ET7NUi3srKCaZpYloWiKLiui6qq+P1+2ttlhUghnletNQEg9sbmyfgYM+pphs/UOixQToYH8Smc7kHOx/YyyCiEaJrlKeKTBocv9tPV0E1FJe+FaE37Uesl34VoaQ2o9fmZe9xbaOfsQO+WpcGEaFUyAdA8MgHwjGn0IJ1t2ywuLqJpGl6vF1VVUVUVy7KwLAvHcTAMg2g0itfbkP3shRAtRCYAnlG2je3zbV/Hu1W/VwhRN9u28fn2ITsl74VoTfuRm5LvQrS0+mu9jW372I/ughD7QSYAmqcREwCyB8AzyrZt0uk0oVAIXdcJBoOo6uqLZaqqEgwG0XWdUCjE7Owstl1hzWnRWNk41371Fq+//jq/+O0/mSq3BuHjG1yLZ8tceo0bj/c/RCHEAdqvm3cZFBCiZe3L4P/qF0veC9GK9iM3Jd+FaGn113oZ/BdC7B+ZAHgGrQ/+d3V14fdvX9FyM7/fT3d3N+l0GsepZ2sbsTePufazD8lf+Q1Xr17l168t8+GHcbbNAczf5EaZmYH81A1uzjclUCGEEEIIIYQQQgghxHPu/7gKiE3Y2ITkAAAAAElFTkSuQmCC</StdOut>
        <ErrorInfo>
          <Message>OpenQA.Selenium.WebDriverException : unknown error: unexpected command response&#xD;
  (Session info: chrome=103.0.5060.134)</Message>
          <StackTrace>   at OpenQA.Selenium.WebDriver.UnpackAndThrowOnError(Response errorResponse)&#xD;
   at OpenQA.Selenium.WebDriver.Execute(String driverCommandToExecute, Dictionary`2 parameters)&#xD;
   at OpenQA.Selenium.WebDriver.InternalExecute(String driverCommandToExecute, Dictionary`2 parameters)&#xD;
   at OpenQA.Selenium.WebElement.Execute(String commandToExecute, Dictionary`2 parameters)&#xD;
   at OpenQA.Selenium.WebElement.GetAttribute(String attributeName)&#xD;
   at SnapDealTestProject.Dropdowns.CustomDropdown`1.IsDropdownExpanded() in C:\BDDPracticeFramework\SnapDealTestProject\Dropdowns\CustomDropdown.cs:line 108&#xD;
   at SnapDealTestProject.Dropdowns.CustomDropdown`1.ExpandIfNotExpanded() in C:\BDDPracticeFramework\SnapDealTestProject\Dropdowns\CustomDropdown.cs:line 96&#xD;
   at SnapDealTestProject.Dropdowns.CustomDropdown`1.SelectOption(T option) in C:\BDDPracticeFramework\SnapDealTestProject\Dropdowns\CustomDropdown.cs:line 82&#xD;
   at SnapDealTestProject.Steps.SnapDealStepDefinitions.WhenIApplySortByFilter(SearchSortOptions option) in C:\BDDPracticeFramework\SnapDealTestProject\Steps\SnapDealStepDefinitions.cs:line 40&#xD;
   at lambda_method(Closure , IContextManager , SearchSortOptions )&#xD;
   at TechTalk.SpecFlow.Bindings.BindingInvoker.InvokeBinding(IBinding binding, IContextManager contextManager, Object[] arguments, ITestTracer testTracer, TimeSpan&amp; duration)&#xD;
   at TechTalk.SpecFlow.Infrastructure.TestExecutionEngine.ExecuteStepMatch(BindingMatch match, Object[] arguments, TimeSpan&amp; duration)&#xD;
   at TechTalk.SpecFlow.Infrastructure.TestExecutionEngine.ExecuteStep(IContextManager contextManager, StepInstance stepInstance)&#xD;
   at TechTalk.SpecFlow.Infrastructure.TestExecutionEngine.OnAfterLastStep()&#xD;
   at TechTalk.SpecFlow.TestRunner.CollectScenarioErrors()&#xD;
   at SnapDealTestProject.Features.SnapDealFeature.ScenarioCleanup()&#xD;
   at SnapDealTestProject.Features.SnapDealFeature.VerifySortByFilterOptions(String filter, String[] exampleTags) in C:\BDDPracticeFramework\SnapDealTestProject\Features\SnapDeal.feature:line 11</StackTrace>
        </ErrorInfo>
      </Output>
    </UnitTestResult>
    <UnitTestResult executionId="eac7a511-f992-4a5b-858e-a0b9a1af11a0" testId="e83985a7-806b-673d-f050-42bf5bc8beb3" testName="TestingParallelism" computerName="USE2DEVP00496" duration="00:00:32.7910000" startTime="2022-08-03T19:36:04.6186510+05:30" endTime="2022-08-03T19:36:37.4098387+05:30" testType="13cdc9d9-ddb5-4fa4-a97d-d965ccfc6d4b" outcome="Passed" testListId="8c84fa94-04c1-424b-9868-57a2d4851a1d" relativeResultsDirectory="eac7a511-f992-4a5b-858e-a0b9a1af11a0">
      <Output>
        <StdOut>path is: C:\BDDPracticeFramework\SnapDealTestProject&#xD;
Given I Open SnapDeal site&#xD;
-&gt; done: SnapDealStepDefinitions.GivenIOpenSnapDealSite() (9.4s)</StdOut>
      </Output>
    </UnitTestResult>
    <UnitTestResult executionId="cfb38527-fd86-4f78-b919-15932900880f" testId="f6086eae-b56d-43b6-0ca7-dd94dbd107cf" testName="VerifySortByFilterOptions(&quot;Price High To Low&quot;,null)" computerName="USE2DEVP00496" duration="00:00:22.4100000" startTime="2022-08-03T19:36:39.1038398+05:30" endTime="2022-08-03T19:37:01.5135463+05:30" testType="13cdc9d9-ddb5-4fa4-a97d-d965ccfc6d4b" outcome="Passed" testListId="8c84fa94-04c1-424b-9868-57a2d4851a1d" relativeResultsDirectory="cfb38527-fd86-4f78-b919-15932900880f">
      <Output>
        <StdOut>path is: C:\BDDPracticeFramework\SnapDealTestProject&#xD;
Given I Open SnapDeal site&#xD;
-&gt; done: SnapDealStepDefinitions.GivenIOpenSnapDealSite() (4.3s)&#xD;
Then I verify search bar is displayed&#xD;
-&gt; done: SnapDealStepDefinitions.ThenIVerifySearchBarIsDisplayed() (1.2s)&#xD;
When I search for 'Perfumes'&#xD;
-&gt; done: SnapDealStepDefinitions.WhenISearchFor("Perfumes") (9.1s)&#xD;
Then I verify menu icon displayed&#xD;
-&gt; done: SnapDealStepDefinitions.ThenIVerifyMenuIconDisplayed() (0.1s)&#xD;
When I apply 'Price High To Low' SortBy filter&#xD;
-&gt; done: SnapDealStepDefinitions.WhenIApplySortByFilter(PriceHighToLow) (1.2s)&#xD;
Then I verify 'Price High To Low' SortBy filter is applied&#xD;
-&gt; done: SnapDealStepDefinitions.ThenIVerifySortByFilterIsApplied(PriceHighToLow) (0.0s)</StdOut>
      </Output>
    </UnitTestResult>
  </Results>
  <TestDefinitions>
    <UnitTest name="VerifySortByFilterOptions(&quot;Price Low To High&quot;,null)" storage="c:\bddpracticeframework\snapdealtestproject\bin\debug\net48\snapdealtestproject.dll" id="8e0f11a9-14bd-9ab9-006a-2f5f5253209a">
      <Execution id="d68fd6d3-c8a9-41a3-b716-c8249fb60714" />
      <TestMethod codeBase="C:\BDDPracticeFramework\SnapDealTestProject\bin\Debug\net48\SnapDealTestProject.dll" adapterTypeName="executor://nunit3testexecutor/" className="SnapDealTestProject.Features.SnapDealFeature" name="VerifySortByFilterOptions(&quot;Price Low To High&quot;,null)" />
    </UnitTest>
    <UnitTest name="VerifySortByFilterOptions(&quot;Price High To Low&quot;,null)" storage="c:\bddpracticeframework\snapdealtestproject\bin\debug\net48\snapdealtestproject.dll" id="f6086eae-b56d-43b6-0ca7-dd94dbd107cf">
      <Execution id="cfb38527-fd86-4f78-b919-15932900880f" />
      <TestMethod codeBase="C:\BDDPracticeFramework\SnapDealTestProject\bin\Debug\net48\SnapDealTestProject.dll" adapterTypeName="executor://nunit3testexecutor/" className="SnapDealTestProject.Features.SnapDealFeature" name="VerifySortByFilterOptions(&quot;Price High To Low&quot;,null)" />
    </UnitTest>
    <UnitTest name="TestingParallelism" storage="c:\bddpracticeframework\snapdealtestproject\bin\debug\net48\snapdealtestproject.dll" id="e83985a7-806b-673d-f050-42bf5bc8beb3">
      <Execution id="eac7a511-f992-4a5b-858e-a0b9a1af11a0" />
      <TestMethod codeBase="C:\BDDPracticeFramework\SnapDealTestProject\bin\Debug\net48\SnapDealTestProject.dll" adapterTypeName="executor://nunit3testexecutor/" className="SnapDealTestProject.Features.SpecFlowFeature2Feature" name="TestingParallelism" />
    </UnitTest>
  </TestDefinitions>
  <TestEntries>
    <TestEntry testId="8e0f11a9-14bd-9ab9-006a-2f5f5253209a" executionId="d68fd6d3-c8a9-41a3-b716-c8249fb60714" testListId="8c84fa94-04c1-424b-9868-57a2d4851a1d" />
    <TestEntry testId="e83985a7-806b-673d-f050-42bf5bc8beb3" executionId="eac7a511-f992-4a5b-858e-a0b9a1af11a0" testListId="8c84fa94-04c1-424b-9868-57a2d4851a1d" />
    <TestEntry testId="f6086eae-b56d-43b6-0ca7-dd94dbd107cf" executionId="cfb38527-fd86-4f78-b919-15932900880f" testListId="8c84fa94-04c1-424b-9868-57a2d4851a1d" />
  </TestEntries>
  <TestLists>
    <TestList name="Results Not in a List" id="8c84fa94-04c1-424b-9868-57a2d4851a1d" />
    <TestList name="All Loaded Results" id="19431567-8539-422a-85d7-44ee4e166bda" />
  </TestLists>
  <ResultSummary outcome="Failed">
    <Counters total="3" executed="3" passed="2" failed="1" error="0" timeout="0" aborted="0" inconclusive="0" passedButRunAborted="0" notRunnable="0" notExecuted="0" disconnected="0" warning="0" completed="0" inProgress="0" pending="0" />
    <Output>
      <StdOut>NUnit Adapter 4.2.0.0: Test execution started&#xD;
Running selected tests in C:\BDDPracticeFramework\SnapDealTestProject\bin\Debug\net48\SnapDealTestProject.dll&#xD;
   NUnit3TestExecutor discovered 3 of 3 NUnit test cases using Current Discovery mode, Non-Explicit run&#xD;
NUnit Adapter 4.2.0.0: Test execution complete&#xD;
</StdOut>
    </Output>
    <RunInfos>
      <RunInfo computerName="USE2DEVP00496" outcome="Warning" timestamp="2022-08-03T19:36:37.4278407+05:30">
        <Text>path is: C:\BDDPracticeFramework\SnapDealTestProject&#xD;
Given I Open SnapDeal site&#xD;
-&gt; done: SnapDealStepDefinitions.GivenIOpenSnapDealSite() (9.4s)&#xD;
</Text>
      </RunInfo>
      <RunInfo computerName="USE2DEVP00496" outcome="Warning" timestamp="2022-08-03T19:36:39.1298382+05:30">
        <Text>path is: C:\BDDPracticeFramework\SnapDealTestProject&#xD;
Given I Open SnapDeal site&#xD;
-&gt; done: SnapDealStepDefinitions.GivenIOpenSnapDealSite() (7.0s)&#xD;
Then I verify search bar is displayed&#xD;
-&gt; done: SnapDealStepDefinitions.ThenIVerifySearchBarIsDisplayed() (0.7s)&#xD;
When I search for 'Perfumes'&#xD;
-&gt; done: SnapDealStepDefinitions.WhenISearchFor("Perfumes") (9.2s)&#xD;
Then I verify menu icon displayed&#xD;
-&gt; done: SnapDealStepDefinitions.ThenIVerifyMenuIconDisplayed() (1.2s)&#xD;
When I apply 'Price Low To High' SortBy filter&#xD;
-&gt; error: unknown error: unexpected command response&#xD;
  (Session info: chrome=103.0.5060.134) (6.1s)&#xD;
Then I verify 'Price Low To High' SortBy filter is applied&#xD;
-&gt; skipped because of previous errors&#xD;
path is: C:\BDDPracticeFramework\SnapDealTestProject&#xD;
Screenshot: file:///C:/BDDPracticeFramework/SnapDealTestProject/Screenshots/Verifysortbyfilteroptions_08-03-2022-07-36-34_ERROR.png&#xD;
iVBORw0KGgoAAAANSUhEUgAABgAAAALECAYAAADO2PvaAAAAAXNSR0IArs4c6QAAIABJREFUeJzs3Xd4VFX6wPHv9Ewmk0w6JYQA0kILGER6EVFEmrqKCopiARZXVPBnWwHdxVVRUVzBgqKwiKKCDRQFQRHpTYwQOoSE9DKZTCbTfn8MGTMkMymE/n6ex+cxc+8959xz79yE8577HsVv9HYjhBBCCCGEEEIIIYQQQogLRmLhN2dchrIe2iGEEEIIIYQQQgghhBBCiAuMBACEEEIIIYQQQgghhBBCiEuQBACEEEIIIYQQQgghhBBCiEuQBACEEEIIIYQQQgghhBBCiEuQBACEEEIIIYQQQgghhBBCiEuQBACEEEIIIYQQQgghhBBCiEuQBACEEEIIIYQQQgghhBBCiIvMV199Ve0+EgAQQgghhBBCCCGEEEIIIS4i5YP/1QUBJABwATB0bUPbH16l464PvP+1Xj6TkKsTz2q9cdPG0uqLf3l/Du2XRJtvXyRiZG/vZ1FjBpG4ZjamId29n8VOGE7rr14guGOLWtfZ+KnRtPt5DgANH72Vlp/OqLRPaL8k2nw3i+Tsr+lasIKOO9+nwUM317qu07X7eQ6NnxoNQKtl/yZ2wnBPfQO6YOjapk5ltvriXz7XLXHNbMKuu+qM21ofGj52G60+fx6lUe/9rOmrk3yuOUDzt6eQ8ObkOtXR+qsXvMde8dHTxE0b67P99P5ps+Kleumfitey+dtTKtUrhBBCCCGEEEIIIcSl6vRB/0BBAAkAXABUxmC0cdHkfb6W9Fkfk/H6UtRRYSS88bDP4G190zaJQd863vtz8bZ9aGLCCb3mSu9nof06Y+zVkbD+nf/6rG8S6sgwSnYfrHWdiiAdSoPnnAq+20T2Byt8tpsGd6PFB0+i1Kg4cNe/2NNjAuYNe4j75900+ff9ta6vIqVBjyJIB0DWO19RtG4nAI2fGkPsg8PqVKYuoQHmX38nfdbHpM/6GKe5hGZzJp/14E1N2DNyCe7QAtP13QBQGvWYBnXF2LMD4UN7ABDUKg5j7064S8vqVIcyOAhlkBaArAUryV+x0We7vnU81n3HvPe1y2bnig+fInb88DM4M99rqWvRGG2TmDMqTwghhBBCCCGEEEKIi4G/wX5/n6vPZmNELbjclB7OIGfhKgDcdgeNnxhNSNe2hPZNwp6ZR9jAZBzZBaQ9/yFx0+4hJLk1bpebghW/cfyf8wlqFUf02BtwmkuIGN4LhUZNwfebOfHCQlxmK9q4aJr8+34MSS1x5BZizy7wbYLZimX3QQxJLb2fBbdvju1QOsGnPlMa9ehbx1O4ehvauOgq2wEQcnUiDR/+G/rEBFxWGzn/+4GTcz73qS+oZRMMXVpRsHKT97OY+4fiyDOzd8RTuMxWAA5PfBWX1UbEyD4Ub0/FeHUi5vW/k//legDCh/fC2KsDWe9+TWlqGg0fu43Iv/VHqddhTTlC2vMLsKYc9ak75Op2aBMaEvvAMLSNo1AZgrjio6dxWm0484pIm7nQW3/s+OFoGkaSNu39ytfNDfacQu91KzuRQ7M5kwlqGUfxxpQq26IKNRBzzw0o9bq/inG5KPxxG0Vrd9S6T6PHDkbTMBJt4yiCmjXk+PQPsGzZS97Xv9Jo6u0YuyWSt3Qtpuu7oQjS4iopxdC1Lflfb8DYowMKtYqidTsDXrOoMYOIGXcj6nAjZSeySX9pMUVrd/r2aXJr7FkFWLbs9fncWWTx9k/2+yto+cl0Yu4fSvb/VuEyW33Kth3O4MR/FlG8MSXg/SWEEEIIIYQQQojLg0KrJvHH19DERlS7r6uklJRBj+LILjwHLRPi/Bg2rHYTmSUAcAFSGvWE3+BJuVOWlkXEyN5oG0ZRuHorlh37aTH//9A2ieXkG5+haRRF7H034nZD0dodRN91HSgUZL39JajVNBg/HFVoMMeefJuWi59FHWXi5BufoY2PJXb8cOwZuT51l+zYT2jPDoQO6ILKEIQ63EjBqs2E9euMoWsbdAkNUBr0mDel+G1HzqLvafbWo7hKbGS8vhRjt0Qa/d8duEptPnUZrmxN+JDu3oF1pVFP0BWNKVy1xTv4Xq5o7Q4iRvQmrG8S4UO647KWeQMAhitbE3lTXwpWbiLqjmuJHT+crPdXUHYsk9gJI0h4YzJ/DnzEp7zwG3tQ8MMWin7ZjSG5DWXpORT8sAV1eCgNJt2E7XgWmW8tR2nUEzNuCOZNKTW6dqbB3VAagnDkFBI3/Z4q23L8mXd9jtG1aIy2USTZH31fpz4N6ZZI1KhrsOzYT+EPW3AWFgOegI513zFv8MbYLRGXuQTb8SwMnTzpmwzJrXHkm7HuO0bLJdOrLN/tdBH/r/vJ//Y3zL/tIXrMdSS89hCpt03zOY+wQVdhO5JB9oKVAfuo4PvNxHVLxHR9NzSRYcQ9O9ZbduQt/WjxwZMcvOcFmsy4t8q+SHtWggBCCCGEEJeblh9Po+jnnWTO/fK8tsM0uBu2oycrTTCqidB+STR++i4MV7YGwLrnEMefnV9pYs3ZYujahibT7iH/2w117sd2P8+h4LtNnJi5qF7b1uChm4kZNwRdQgPcdifmjX9w4t8fUbwxhYiRvYm+dwhpzy3AsmUvcdPGEjtxJDhdHHn0TexZ+TjNJZUmIpVr8vw4Iv/WH02jKFwlpRT9tKPKSWK1VR/9WRtVfQdMQ7oTM24IJ15Y5Pf8wZOK13R9N/7o81CN69MnNiXun2MJ7d8ZZXAQ9vQccpf+dMaTsrRx0Rg6t6Rw7Y5K/+4/1xo8dDOxDw5DGx+Lq6SUgpWbOPyP2dW2q+L3wN93oj7uO31iU+Km30tY/y4oNCpKD6WT8eqn5CxaVafzra36uMdbf/UCtmOZHJk0+4zaoo4Kw9i7Eyff/JyytGy/+6nCQmg0ZRS6pg18AgBx08YScVNf788uq43cpT+R8conZ9SumogcdQ0NH72Vo4/9F/Mvu+ulzNgJwwkf0oPjMz6o9N0PuTqR+H/fT+mBExx6cFa91CcufhIAuECoQoNpPvcxmv33URRKBQqthqz531KamoZCpaJw9Vb2j5qB0qhHoVZhO57lHQA39miPsVtbitbuwG13kPf5OtKe+xAAbeMoQnt3IvLmfmibxHD86XfJWfwjAEHNGxLcwTePv3lTCrHjhxOS3BplSDAuWxmF32/GNDAZY7dEdAkNcFmsFK3fjTY2osp2ZL3zFbmfrKFo3U6KN6aQ/f4KOu35kJDkNpRl5vvtg5CubVEZ9DhLbJW2OS2lnn4yhQTsx5JdBzjxr484+eYXAGgaRRF1+zUYe3estK+7zNNXsRNG+MxSNw3qSvgN3cl8aznRY65DFRZCwbe/VVmfUqeh0WO30XDy31AoFCj1WvJXbKRo/W6UQdoq26LQqL0P4djxwzH27ED6i4sp3vIn+V9vqHWfApRl5HJw3H8oTU3zaZ9leyrRd12PoWsbgpNaYt13DGtqGhEjexPUKg5DUktK9hzCVWLzW37Oxz+S8fpS0l9c7Ok3u4P4mQ94664tR3YBbrsDZZCWiFv6YdmeyqH7XwLAvH43rZfNJPLW/n77QgghhBBCXH6CWjXBuj+t+h3PsianJsacPiml/K1WfRtPilXr3mNkzf/G+2+MoFZxNH11Eq4SG6k3PQ1A3D/vpvk7j3Pgrn9RvLFmE47OhMoYjL5tU4q3p9a5jIqpOOtLk3/fT+z9Q8n9bC3775iBrmkDGj99F83nTWH/HTMo3rIXt8OJda9n4DRiZB/yvviZwxNeAaDtj69hO5LBoSoGwFt8+BSm664ic+5ysuZ/S2ifTjSaejstF09j/x0zzigIUB/9WRtVfQfUEUb0reNRGYMDHlsxFW9N6BOb0nLxNHC7OfromxT9vIuYcUOInTACbXwsB++eWadzAAjt35nGT4zm8EOzKVqzvc7lnKnoe2+g8ZOjyf/6V9Kun0L4sJ40fPQ2Wv7vWfYNezLgsRW/B1V9J+rrvkt47SG0TWI59MBLWPcdI27aPTR9aQJuh5PcJavrduK1UC/PjAppg+tD9kffY91ziLCByaD0zWpevCkFhVpFw8l/q3SctkkMSr2OtOcXAGBIakmjqbcT3LHFGd3PNaHQqFAZ9Cg09TcEq2kYhb5t0yq/+6YbuhPcuRXa+FhCrk48J79fxIVPAgAXCGdRCceeesf7B2Ls+OE0fuYuSg+k4bKVUXrgBOCZ1e2y2mj89BhazP8/FGoVyiAtRet/92wvsWHZdcBbbtmJHNxJTnTNG4HLTdnJPO82a2oaQS2b+LTDsmUvZSfzMHRp5Ulb88dh8r/eQIN/3EJIj/ZoYsKx7juGIyPPbzvKo7Et5j+BpkEECpXS89bAxj8C94G5BLfdgUKpqHK72+0GpzNgGWUZuUTfPZjGT49BodOi1Glw5Jtr9aAt+nknMfcNJXRAF4y9OlKWkeuTpqgil81O+iufeP8BYBrcjWZvPUr88/eRs2R1wLboE5sS88BQ8pb/QuY8TzS9rn1adjyr0uA/QPHWfcTcO4SwAV3QxJjIX/4LJSlHiLylH5G3DkATFUbukv0Byy89cILoe26gy/HPUBr0KLVq3A4nqOq2hIjKFOJNf6RtGImuWUO6Fn3n3a7UqlGFGgLe50IIIYQQ4vJUnv5T37IJumYNsezcT87iH2n48C1oG0ZS+NMOjk+bj7ZhpE96VKVO491Wnh7VX7rJsOuu8pTXOJqyE9lkvP4ZzsJiYu65AXVkKMYe7Wnx/hPkfbme/C/Xk/DmZCKG9SLnk9UcnugZlI6+5wbiX3iQ0D5JHLr/JQxdWqOJDOPYa+96Z/wfSs+h5f+exXRDd/RtmqJtEkNwYgL6xARvvYXfbwbwm+Y0bsa9OIsshA/tiTrciGXnfo4//a737/uYcUOIvncIqmAdxVv3geKvf2v5S8UZqL76Zujahsi/9Sf383UcnvgqANaUo9iOnqT5vCmYBl+N+dffCeneHpetjPAbuqMyhRDUMo6WS6YBCp+UroVrtnvfSI4Y2ZuwAV3IeP0z0l/wzM7OWfwjlp37afXZv4idOJIjk2YH7NuKqXgPPTjLb38qjXqavjwRY7dEz/1UIRXvuRTompar7p4BiH1gGCpjMPvvfM57fNqMBTjyzTR89DYiR11D7pLVfuvzqSPMQPHWfaTN+ICwgcmED++FOtxI7IPDiBjWk5NvLcNVYvP5PuZ+uob0Fxd70xzb03MIH9oD84Y9pM1YUC99FdK1LY68Iu/kvMy3loPLTeyEEYRddxXWPw5X2abqVHvfPTCMwp92YLiyNZoYE8ZuiTgKLT4BQwBjz/bomjUiZ8lq8pb9AsD+26bT9sfXCLs2GZfVFrAMf2l8o8cO9nnWOHILOfHiYu+zJtAzo+Kz8fTjztUzA0AdE07LT5+rFFjYN/xJLAGCFW67w9s/OQtXYTt6kkZTbifqjoHkLP6xyvvZXeYg6s5ryV36E8UbUwi5OpGIkX3I/nAl1pSjnt9J3dthz8xHGaL3+wyvKND31N91Uxr1NJkxjrD+nXGW2ChNPe73PMP6JVG0bif6NvGE9u/iLTvQta/uvhAXP1kE+AKVOe9LytKy0bdtCm5wu9yAZ4C58TN3Ydm6j+3NbmWL6YaaDYo6HJ4B9ApUwToUVQziWrbuRd82AV1CQ+/Ds2TXAQwdW6BtGIlle2rAdsROHEGDh24m5+Mf2Rp5I1tMNwR8OHnr3bIXe1a+zxoESqOeKxY9Q9TtA1GoVZT8fghXmd1vGfEvTkAdGcq+kU+zNWII6a98gtvmf/+q5C3/BVepjfAh3Qlu14yC76oe/K9KwcpNWLalom/fPGBblEY9Ca8/jCO3iOPTPSmQzqRPy++P0xWt2U5ZZj5hpxZ2Nm9KoWjNdhx5RYRdcyVuh9Pz1keA8uNfmkBI17YcvO8ltkYM4dCEV3AW1/0P2eB2zXBZSrHuPYbb6SRn8Q9sCb3e+9+moIHkfb6uxve5q6QUVx0XMRZCCCGEEBcXw5WtiX1wOPbcQrLe+4awAV1oueifWPcdI+fjH4m8pR9xT9+FNi6G6Luuo8HfR5L3xTrvtoTZ/wCgxfz/w9izA5lvf0X+t78RM+5G4p4bh2lwN5rPewyAzLmeAcErPnwKQ5fWFP60A6e5hNLU4xT+uJXS/ceJvvcGTNd348TMhRybOhdrylGsKUc5NnUuJ/71EaH9kogcdQ2W7fuw5xbS6NHbiLpjIAClqWn83vUB0p6dj7FXB+L+eTeqMAOZc5ej1Oto9uZkQq5OJG76PTSaejuFa7aTOXc5+sQEEt6YDEDkzX2Je+ZuzBv2kDl3OSFd29Ji/v8B0GDSTcS/8CDWlCNkzPkcfZt4NA08+bNjxw+n6YsTKN2fRsbrS1Fo1bT44Mlq66tvwR2ag1JBwQrfN66tKUf5o89DZLzyCUEt406tcaeh6Jfd3muQ/91mCldvw5FbhO14FgU/bKHkj8M+94qz0ELe52srlX3owZfJfGtZwHONGNmbJjPG4S6zY9mxP2B/NpszmdC+SWS+/RW5n6wm+u7raf721LPSZ/4EuqYVBbpnygV3bEHxlj8rBQ+yPljBoftfIv/bDQHrK6+jZOd+cj7+kbCBV9LsrUcp+eMwJTtScRZbMf/6O0W/7MZhLqHFB0/+9X388hca/P0mEt6c7Pke33ktjZ64E1taNiUpR+qtv4q3/Ik6KoyWn87A0NXzdnvmvC/Z3ekezBt+99um6gS670p2H8DQtS2GK1vTaMooDJ2uIPPtr3BkF9D0pQlEjrrGu7/51z3YDqcTdcdAGvzjZpRGzxscfw58hEPjXgxYRvS9N/hcG6VeR8JrDxHUKs77rFEG60if9TFOcwnN5z5G6IAuAe/x8mej2+4gfdbHlKXn0OKdqUSOuuacPjMAyo5mslk/kI2KPj7/5X/1a63KyfpgBc4iCyE92nvv57K0LDJeX4rKqKfl4mloGkYS2qcTUaMHARA1ehANJt1E+PDenp9vvwZDchv07RL8PsMr8ldP6IAuAa9bi3ceJ/LW/uR8/CP5X/5C2LXJKHSaSudkGtwNTaMoilZvw3YwndCeHbzbAl37QNvEpUHeALhAhQ/vhSYmnLL0XAyd//pcHW7EXeagYOVGXGYrpsHd0LdtivXPwJHV4i17ib53CGEDkylasx1tXDSh/btUOTPe/OvvRN99PW670xPxxTNwHDV6EM5iK4U/7UDfMs5vOzRRYTjyisj9dA3gyU2mbRxVo/POX7GRhv+4hUaP3076Sx/jMluxZxUQO2EERau3kfHqp0SM6E1oz/beX4ChPdt7H3yqED1FP22neGMKSqPeZ1sgapPR+/+lqWmYf91D5KhrcBZZKPppu2f9g/hYClZtDjiLI+TqRPRt4jFvSsGQ1NJvW+JfeBB1RCgHxjzvLS/QtT2TPrVs+ZPYv9+Eef1ub244y879xNw7hMIftmDZspfwwd38lq+JDKVk9wFv5Nd03VWoavH6aEXhw3sROeoaCldvw7JlL5btqYR0bYs+sak3eh4/8wGKt+6t8X1e3euZQgghhBDi0mI7epL0F/9HaWoawZ1aYOzenqOPvAl41qUyJLehYNUWXFYbWe+vIP2ljwFQhgQT+bd+GPt28ptuUts4CkeemdTbpuEyW8n+3ypi7x9K8ZY/sWzZS6Opt2PPKfSmVY17diyle4+R/b9VtP7qBUL7dMLtcFJ64AR7rh5P1OhBhPXvTO6S1Rye+CqNn76LhDcfodm8KZT8fojMecu9M1JtR09yZPIblKamYU09TvN3pmIa1DVgmlO3y0XOktUcf+odAFylZcQ9O5aIv/UjfERvijf/6U236cguoNl/HwXwm4ozYkRvijel1Dit6pnSJTREoVB4U76CZ5Zq2KlBJ1taNtY/PYO+LquNgm9/o/FTYzzX4NRM/8jbBvikdC2naRABCkWVb0qX5+EO1LcVU/GCJ9WQv/5Uhxtx5pvJ/2YDZWnZ2LMKUIUGTstTWxXTz5ZTKBU48s1A4GvqKnN4jwl0z+Qt9Qxaa2IjKD2UXqkNLrOVwh+2VlsfCgUF32/iyOQ5nraHBBN1+zUog7SUHs7AbXdQsucwRWu2Ez12MEFXNPZJV6wKNRB23VUUb/4Tt8tF3tKfODrlrXrtz+z3V6BQKIj9+0jarZuD01xC0ZrtZLy+FH2bpn7bFNQqLmC5ge47Z7EV9am0xo6cQk7MXEj+1xvI/t8qOvw2z/usKHdw3Is0+ff9NH76LuL/M57S1ONkL/zem7feXxnVpfEt2XOI/aM9YxF5y3+h/fq3iLipD/o2TQM+Mxx5Zu9xOQtX0W79fwkf1pO8pT+ds2dGfXKZrTgKLT7piQ+M/hfw1/1sGtwNy+6D3omqwe2bY005QshVbT3rWLZqQuGqLaijwvw+w0sPZ3jr9FdPxE19yPtsbZXXLfqu6zEkt+bkf5d5f59pYsKJuLkvpwvtm+RZz2LVZpTGYKLvus4nDZC/ax9o2/lM1SXqjwQALhA+awAoFKBSUvjjVtJfXkz4kO7e/fK+/tU7m8A+sxBNZJjPw8SfgpWbyP5gBQ0n30rUbQM8C9XmmSstzAuQ//UGytJzcZWWeb/oBd9twpFTSNnJPCxb9mLde9RvO3I/W0v4iN60/f4VXCU2VMZgbEcza9QP6f/5H5rYcBo9MZqGj43CVWxFExuO7eAJ9G2bYhrSnawFK2ny/H10PrAE3G7PeZz6g7FgxW/EPjicsOuuQm0KoSw9F2dRScA6i9Zso+Fjo7jK/D1ZH67kyKTZ5H+1nogRvbDs2E/xxhSav/c4puu7ceCuf/s8/E7/I0ypVWPZnkrGK0uIun1glW0JH9qD6DsHodBpaL/xbQDcZXZOvvkFtiMZ9d6n5k0pRI25jpIKqaEsW/fhuu0aLLsOVlt+3rJfiHt2LJ1SFqLUaXBZbdiz/K/lcLqoO64l8tYBKFRK3E4X+V+t58jkNwBIf2kxLeY/Qfvf5uHIKUQdbaLgu00cfWIeLRc8VaP73Jvz876XatwmIYQQQghx8XKXOaocXKtqv7K0LO/PpfuPozIGo4uP9ZtuUte0AY58s3eSjstsJePVT/3WoY4yYTuSQcTQngS1aEzq354ltG8Sphuu9hxfWuZNnVm8MYV9Q58APLM0Yx4YRtOXJ3onZdmOZnrPq2jNdpyFFlCrA6Y5ddud2LMLvO2xHcsEt5vgDp63t82/7fFuy/96A3HT7wX8p+JUR4XVS1rVmnIVl+B2u6t8Mz2oZRy6Fo29AYBal11ahvsMUshWTMULBOzPjNc+Jf6FB+mUshB7eg55X/3KyTc+q1O7/Z7PaelnwZMupPETo73t83tN03O9nwW6Z8oDADV5wzpQfa7SMqwVvqOl+4/jLnNUeQ/pmjdCExtB87en0mzeFOCvwIYmyoTLWlavM/8rypr/LVnzv0Vp1BM9ehCx40fQ7K1HMW/Y47dN2riYgGW6SsvA7UZp1Fc5ebD8nrRnF5D/9QbPMWarJ13zad+DsrRsb356Q9c2NPj7SBr/353evO/+yqguja8jz/cZZ88u8KQhC3CP65o2ILhdAleeWObdrlCrcJWWndNnRn0rD8icfu6lqWmUZeSibxlHzserCe3ZgdiJI9BEm8hb/gvhQ7oTM/YGVCHBmH/9nfDhvfw+wysKVI+/66aOCkOp1/n8PrPsOoBp8NWVzsfYqyMlew5TmppG4Y9bib7rOkw3dPcGAPxde9uRDL/bxIVjx44dtT6mc2fPrPIL/9t4GShas53tTW7xu/33K+/z/r/LbOXP66YQOqALmphwzOt3++Tq29XuLp9j056d7/0DIW3GArLmf4uxV0fsWfkBo3gV6yyvd1f7u2vcjt+73IdpSHeUQdpKs+a97anQtoqOPvImx5+dj2nQVSh1Giw792NNOUpQqzjvwzR36U+YBl2FI9/scx5Fa7aT8/GPGJJaYt2f5rMaesVzqvj/J2Yu4sTMRZXa4TRbMa/3zAzJWfwjmigTxVv+9NmnYp+c7vg/5/ttS/kMparUpU8DyVu61vuHXLnsBSu9uTHB8zpioPLzv9lQ5X1TcZbNnwMfqVT36ffj6awpR9nTfQKGrm3Qt4zzXmsg8P1V4fpVVa8QQgghhBAoFD4DUOqwENw2O0EtGhN99/UUrNxEyjWTcZmttP3xNc9OTieoVLWrRq3CZXeAUoE6Msyz5lWQDn1iU1QhepwFxUSNHkRwuwTSZnrywhes3ETByk203zgPY4/2AcuPf3ECCqWCfSOf9uRXf24c0Xdee6pyfNZQUxmCAHBk5Vca/A5qFYdC6+mP8lScVU2iSVw3x3999azk90MolEoMyW28M8vL/63S7te3cOQUVFOCf9aUI4Tf2MOb37uc0qin7XevYN17lKAr4vyfq9s31Wqg/ixau5M93Sd4B5IbPvw39G3iz+nbyoGuadxz4/76IcA9U8667xiGzq0qDWJHjrqGuGljyZi1JGB9Hba9V/OGOxyUpedw6IGXK41RhA7oAm43brvDz8F1FzfjXuwZuWTO+xKX2Urm3C+xn8wj/uWJaBtG+m1Tdcrvu4ihPSvdd4YurbDWMJhhGtyNsIHJZM3/BmvKUSxb9nJw7Au0+ux5jL06Yt6wx++x8S9NwJDUkoP3vUTh95uJGjOI+Bce9G4/fd1FpV5H2fFMNDEmn88r3uM4nRSt/73Kf3+fy2dGfTIN7oZSr6M09TghV7VFofZ99pf3i3nD77jsDsJv7IGzsJjsD1diur4bpuuvwn4yl/yvNxA+vFeN6nQ7nX7r8XvdXC44LaW3OiykUuA0fGgPglrGYezZgajbB3o/r/g7xt+1r26buPjJGgAXqaI128ldstpnULQmytKyyV2yut5e4QnUjoJvfyPv83V1WvjIZbaS9/k6chb/6B0QrjjLp3x7VedhTTnqWWSnwoB7bYX2TcKRV0T2wu8BzwLFGW98VutzqUtbzlaf1oS/8uv7vjmdZcten2tdrq73uRCHkMOUAAAgAElEQVRCCCGEuHz4m62sCg3GdN1V3p+NvTtizy3EdiyzynSTAOZNfxLUvBGmwd0AzwBRx53v0/Cx2wBQqJSowwzeMi1b9xLcvjkluw6Q/80Gms6aiLFHe1ylNtr9/CZuh5Os97/F7XASNeY64p75awKRaXA3b9rXQFQheoo3pVSZWlSp0xLar/Nf6VH7dcZtd1C8dS8lew4T0i0RfaLn3KJGXYPu1Ozliqk4wZOqs9MfH9HgHzcHrK++FazcRMmeQ0SPHkRovyTv542euBNdkxjyv9lQo3IqpnQtl73we+xZ+cSOH+49T/CkY9U1jaXwh621OtdA/Zm49g2uWPSMdyDZvPEPdAkNatwP9SHQNa0o0D1TLv+rX9HEhvsMGusTm9Jg4gic5hJyPl1T4/qqotBpUId7rlnR+t9RKBSEDUz2tM+o54qFz5D40+tn0BvVU0eG0uiJO30Gbg1d26JQKDD/uqfObQp032liwslbvr5G7XPkmwkf2pPGT43xXit9YlOCWjfBdvRkwGOrS+Orb9eMiJGeHPYRI3t71nrceSDgPX76szHk6kQ6bH2X+JcmnNNnRn3RxkXTaMooHAVm8pb/gvnXPb7nPnoQuvgYLDsPeFL6/HGY0D6dKN6eSmlqGqWpxwntm4Rl98Fa1RuoHn/XrfRwBs6iEu/vM6VRj+n6bihDfFMzh/ZNwp6ew+bQ67zrIhx5aDa6uGhvLn9/1766beLiJ28ACFGFkKvaUrz5T+9A+JkEE4QQQgghhBBnT3kO9NO5LKWEJLehy/HPQKEAhYLj/3yP3KU/EXXbgCrTTaa/vBhD55a0/GQGjuwC1JGhFP2ym8x3vgKgaP1uYu4dQtSd15Lx6idkf/QdYdd2JX7mgxy4ZybHps6tsi3WlKPoWzehwUM3E3PfjTgLLaijwihau4P0lxeT8NpDfs8vUJpTl60MTUw4nQ8swVVsRWUK4eQbn1G8MYUTRR/S4oOnaP/rXOw5BSiDtN6+8peKM+uDFWiiTbVOq3omDk98lebvTKXNipexZ+SiNASh0KjJnLucrHe/IWrMoIDHV5XSFTyTxo49Ppemr0yiw6Z3KDuZizoiFHeZnfSXPyZ3yWqC2yXU+FxP/Mt/f+YuWU3cjHvpkvY5rhIb6nAjJ9/8vH47qhqBrmmjqXd49wt0z5TLXbIabaNIGk29najbB+LIK0LbIBJr6nGOPvYmLrM1YH3Rdw/2287iTSnYM/O54qOnKfv3/Ry8/yWyP/qOBv+4hegxg1BoNbhLyzj29Ltntb+OPfk2uvhYWi5+FkdeEQqNGoVKxck3Pyfj1U9QGfV1apPPfbf1PcpOZFe673zeyPCjeGMKJ/6ziCbPjePKtC+8fWzdc4iMV5YQOWqg32OrS+PrKrbS/N3Hif/PeDSx4RT9spuT//0CXZMY/8+M05+NUWFYduwne8EK3Layc/rMqKugVk3oWvQdCoUChUZFye+HOProm5SmpnFyzmcYkq7wuZ/zv1zPyf961jWwbE/F2KsjxafevLDsSMXY+6+faypQPc6C4iqvm/1kHumvLCF+5gN0Sfsc3G6cxVZvKmzwBAVC+3eheHuqz4TOglWbiZ0wAtOgroD/a5/w2kN+t4lLg+I3erur300IIYQQQgghhLg4hA7oQrM5kznxn0U48sxVprn0l24SPPm29W3ise49Vu1koNB+STR9eSLa+FjsJ/M8qYBMIaS//DEn36g8CGwa0h11mMEn/WV19IlNq0wt2mHbe+R/+xtFa3f4PZdqz/O0VJyB6jubyut02ey1SnlaE+XX05FnpuDb36qst6bnGqg/65Kytb75u6blanLPVGQa0h11hNHvd6G6+mpKadRjGnQVrtKyStfobNLGRWPs1RG33VHpup1pmwLdd7UROqAL2sZRNXoelSs/r9PT+DZ/73F0CQ058o/Zfu/7QPe4v+/L2X5maBpFcuWJZfx+1QMBy9fGRZOUupg/+kzCsnVfresJHdAFbYOIM76f61qPv+sGZ34/Brr2NbkvxPmTWPgNcGZrAEgAQAghhBBCCCHEJaViAKDiulVnU/lgH07XWR88Klc+mFvV2mpCVEXumctb+UDvxbaWXnkAoKZ+73p/nQIAl7JA1/5ivS8uF/URAJAUQEIIIYQQQgghLiluuwOnxYrb7qx+53pi2bL3nM+YdFmsuEtt57ROcXGTe+by5iotw1VSWv2OF6iUAQ9j2Z7qd7u2cRQdttZiEerLSKBrf7HfF6J6EgAQQgghhBBCCHFJMf+ymz1XPVj9jhe5P/r4XztAiKrIPXN5K18j42LlLLbiLLT4324MPoetubgEuvYX+30hqicBACGEEEIIIYQQQgghxAVNExuOtkmM3+3ahpGeRd+FED4kACCEEEIIIYQQQgghhLgwuTzLl7b69Dlwufzvp1Si1Gm8+wshPCQAIIQQQgghhBBCCCGEuCDZM/P4vev9KIO01e7rdrqw7D54DlolxMVDAgBCCCGEEEIIIYQQQogLkxssW/ed71YIcdFSnu8GCCGEEEIIIYQQQgghhBCi/qmboD/fbRBCCCGEEEIIIYQQQgghRD2TNwCEEEIIIYQQQgghhBBCiEuQBACEEEIIIYQQQgghhBBCiEuQBACEEEIIIYQQQgghLkH52M93E8R5JNdfCAESABBCCCGEEEIIIYQQQgghLkkSABBCCCGEEEIIIYQQQgghLkESABBCCCGEEEIIIYQQQgghLkESABBCCCGEEEIIIYQQQgghLkESABBCCCGEEEIIIYQQQgghLkESABBCCCGEEEIIIYQQQgghLkESABBCCCGEEEIIIYQQQgghLkESABBCCCGEEEIIIYQQQgghLkESABBCCCGEEEIIIYQQQgghLkESABBCCCGEEEIIIYQQQgghLkESABBCCCGEEEIIIYQQQgghLkESABBCCCGEEEIIIYQQQgghLkHq890AIYQ4U4bH/0bQwyNQRBrPd1OEEEIIIS5oPXv2PN9NEOdQmF1B5yINY9OCCXeozndzhBBCCHEeSABACHHRC5o8AkWEDP4LIYQQQghRUaHGzdrIMhwKmHpY/l4WQoiLiQM3pTix4z71swsXnnQu6lNJXTQoCEKFGsX5a6i44EkAQAhx0ZPBfyGEEEIIIfzbEWY/300QQghRA07cWHBiw4nLzz4uoOzU1jLAghMloEOFARUqCQaI00gAQAghhBBCCCGEuIRZVO7z3QQhhBABuAELDiw463S8C7DixIoTAyoM8k6AqEACABeY8AVTCL772lof5y4oJrv/VOw7D52FVl36NEnNif7pZYpfX07R9IXnrR1hs8ejH96D7P5TcR7JPG/tEEIIIYQQQgghhBBnnw0XRdj9zvivLcupQEAoGnSnUgWJy5vcBReCIA3qtk0AKFmwqk5FKEwhRC6bXp+tuqzoR/REYQpB16/jeW1HyMMjUSXEok6IPa/tEEIIIYQQQgghhBBnVwlOCupx8L+cCyjATkkd3ygQlxYJAFwAQp8YRcyG2ShMBmxrd1P65YY6laNKiCV0+ph6bp0QQgghhBBCCCGEEKI+FeHAjOOs1mHGQdFZrkNc+CQAcAEImTwShSkE0+wJABRMnoe70FK3sh4egUpmjwshhBBCCCGEEEIIcUEqOZWm51yw4pQ3AS5zEgA4z4LHXosizOD5/7uvRdevI84jmRTPXlan8hSmEHkLQAghhBBCCCGEEEKIC5AN11mf+X86Mw5s9Z5oSFwsJABwnhnGDvL5Oey18QAUTV+I82jdFoEtDyQIIYQQQgghhBBCCF8Kox79zb3QDeh0vpsiLjNuoAj7eam7CDvu81KzON8kAHAeaZKao+3b8bTPWhA89lrAkwqorsoDCUIIIYQQQgghhBDiL9qurQh7fQJRq1+ises7ote+fL6bJC4TFhy1noevbhNPxNIZNMhcTiPzdzTIXE7E0hmo28TXqhzXqfrF5Ud9vhtwOQuZfFOVn5teG491+QZKl28gp/9UdP0qR6QVJgMhD4/0W3Z5IKFkwQ81aosqIRb98O4oTCHez0q/3IB956Eq93UVFOMu8KxTEDSiB5pOzb3bnUcysX65wbv9TOsD0PXriG3t7jod669Od0Ex1i9/w3mkZm9anH6eNT1ek9ScoOE9fD6rSXuFEEIIIYQQQohLkcKoJ+SRmwi6tguKYB32HQcpWbTa++/+c8F5KAN3gQVV8wao2zRBN7grtpVbzln94vLjxI2llrn41S0bE/7+/6Hp0ML7mTI4iKDru6FqHEX+3TNx7D9R4/IsONGjQoWiVu0QFzcJAJwnCpOB4Luv9bPNk8e/cPI8bGt3+/0FqE1qUekNgorKAwmBBuLBswhxVW8MhE4fg23tLgofmecdrFYlxNLg8Ee4C4rJ7j+V8A+moElqUfnYI5nkjpxeaZBbYTJgem08waelPiqvz77zIPn3zPI5LnzBFILvvpbCR+ahNIVgnDa6ymOLZ39B4SNvV3mOYbPHVxkwCZs9geLZX+AuLKnyOPAM4Ecum17l4srlxxfNWFSpnwMdFzp9DKXLN5B3z6xqr48QQgghhBBCCHGp0F7dBtO8h1E1iqRs/R5cxVY0nVsQeVNPzK8vxzxjUa3L1A3ohGnO3zH/5xNKFq6udn/bml1kr9kFQMy2N9G0T0DXvS22lVsIHnMNpv9OQmEMrl0jyuyYX/yUomc/qnX7xeWhtoP/AMFjrkPdpmmV29RtmhI85jqKnn2/1u0IlSHhy4pc7fPk9Nz/pwt5eCTFs5cFnF1eMHkuMTvm+t1eMZDgT9CIHt7Bf+fRTO8bA+Wz1nX9OhH908tkdp6I80gm6lOD2QpTCNE/vYzCFELZur+CFOWz5FUJsUQum05m5wneAW6FyUD0Ty97Awb2XYcoXb7Bpz5NUotKx5XXGfLwSFQJsbgLLdjW7sK+8xCqhFh0/TqiahpLyOSbUJpCyL/nFZ9zrDj47zyaiW3tbpxHMj1vBIzoQcjkm3AXFFfZP5qk5t7zhL9m7itMBnT9OqHp1JyQyTehSWpBTv/Hqz2uYh8FjehBpGmaz3Hnim5AJ8I/ehxV46gzKse2egc5A5+op1YJf0pLSyktLUWj0WAwGM53c4QQQgghzlj79u25/fbbSU5OJigoiKKiIjZt2sQ777xDVlbW+W6eEOIsMj51OwqVkux+U3CkHPN+Hv7hFAz3D6Zs8z7vTHzdgE6oGkfhPJGD7dSAfX2z7zyEpvMV3jf+XXlm7H8cRRGsq9HxCrUKdfOGuIpKKNuy76y08VKhiovCMHEougFJYHdQ+sN2il/7ArfZivbqNuhH9cO6ZC1lG/fWW52hM+/BkZpW4wwZZ5OtDgEAdccWKDRVD98qNGrUHStPyq1ZO2RI+HIiV/s8CZnsP31PufAPHgs4OGzfeYiSD3/w+yYBeAbNSxasCphaBzyD8VlJE3y2aZKaE75gqncA/nQKUwi5I2d4B/HBs3hx8NhrCf9gineAvfwhq06IRZPUAnehhbyxs3yOA8/AeOSyaagSYjGMHUTx7GU+21UJsdh3HSJ/7Ms+56MwGYhYMIWg4T0IHjuIkg9/8EkXVD74X7ZuNzkjpvvMuC8wGYheO8sntU9FptkTUJhCcBdayO43pVI/hk4fg3HaaHT9OvmkXNKP6InCFILzaCa5I3zfhCiavtD71oWuXyc0Sc3PeTogt92Ju9iK2+z/zYcalVNiq6cWXfzmzp3LokW+M1Vat27NlClTSExMrHO5R48e5bnnnqNDhw507tyZvn37nmlThRBCCCHOq2HDhjFp0iQMBgOHDh3ixIkTtGzZkqFDh9KlSxdmzZrFhg0bqi8ISExMJCEhAYCsrCy2bt16NpsuhDhDusFd0SS1oGTxGp/BfwDL3G9QN41FkxiP82gm4fMfRdOpOa6sApQxJs94wLhXCR7VD8N9g3Hb7Cijw3AcykDdrAGKIC2muf8g7LXxFL/6OeaZS2rUprJt+9Hf2gdNx+Zourai9NvNlH67ucbnZJg0jLD/jMOVXXhOUxhdbNSJ8UR8/CSqBhHYftqFQqsmZNJw9Df1Iu+OF1BGhqJp1xRbZGi91qsf3p2y3/487wEAB+5a5/4/W1x42qOWNECXDQkAnAdBI3qgalr1oHpFun6dCBrRo9JAeUUFk+eiH9EDRZj/WcFhr433G0jQnpqN7zxystI2+87KQYGKil9fVmXbShb84JkV36k5un6dvA9Z+85D5N8zyzsD/3Slyzd4Axr6ET0qBQAACifPrTRY7i7wBBQaHlmIIsxA8NhB3l+6FQMtpw/+lx+bO2I6DQ5XfkWv4iLNeWNnVTlIXzR9Ibp+HdH27egT7DDP/gJXQTGWBauqTPFTPHsZwWMHoenUHP2Inuc8AFD2yx4y29x3Tuu8HMyZM4cuXboA4Ha72b17N++++y5PPfUU0dHRdSrz4MGDJCcnM2GC/++iEEIIIcTFIjk5mQceeAC73c5TTz3FunXrvNtGjRrFgw8+yKRJk0hLS+PYsWN+ywkODubZZ5+lb9++OBwOXC4XWq2Wffv2MWvWLPbs2XMuTsfH+PHj6dWrF6NHV05ZKoTwULdoiEKlxL77cKVtZRv3kt1vKgBhrzyAqmEEuTc/j23lFoJG9sD02nj0t/QGPBMBbV/+Rv4Ds3GbrbVOAVSR7cftOE/ehKphBNpubbBvSa3V8ZoOzVAE63AcTMdtttbq2MuJ/pbeKMONFEycg/Xz9YAnIBT+zsOEPDScgglzKgVeNF1boWnTxO8bIAqjnqBBVwJQumpbjfu/vFz73uO1vt51VVqH2f8Ajt0HcffpVOVbAG67A8fug3VuT4gMC1825EqfB4ax/mfsn8702ngy1+7ymyfeXWChYPJcQqeP8RtU0Ha+AoXJUGUZ1uUb0PbtSNDwHtUGG04XaN/S5RvQdGpe6e2B6iKugVIe2Xcd8htNdxdYsCxYRcjDI9FVWBehPMBR8uEPfvvQeSSTsnW7K62nUHHx5UDnalu729uHFdtTVQDDt82etENVrREgLn4KhYJ27drRtGlT0tPTiY6OJjc3l6+++orNmzfTtm1bhgwZQvPmzVEoFGRnZ7N//36aNWvG2rVrSUxMpKCggO+++46ioiLee+89WrZsSUJCAkeOHPF5E8But7N27VqSkpIIDg5m8+bNREVFsXTpUgDuvPNO4uLi+Prrr/n111/p2bMnw4cPR6/XA1BWVsbPP//Md999h1ar5cYbbyQ5ORmtVgvg0+4mTZpw880306pVKxQKmS0ghBBCiNoZOHAgISEhzJs3z2fwH2DJkiU0aNCAkSNHMmDAABYsWOC3nFtvvZVu3bqxePFi5syZA0Dfvn15/PHHmThxIhMnTjyr5yGEqBtVjAl3aRmuk3kB9yt87B0KH3sHVVwU+lF90V7d1pPuJD4GZ3ou7gIL1i/W18uAuyP1BI6Uo6hbNETb+Qpqu0qfpn0C2B3Yf68c1BCB2VZuoWjaQpwZeQSPuYbQF+6l6Mn3KVm4mvAFU9Df2gfXyXwUYQacB9NRhOgpmPQmwXcMIOjGbqBQeFI1qZS4sgrInzDH70LOugGdCH/vUdxOF6pGkeByodCoKVmylvyxs876udpx1+m4koXfoxvQBU3HFlDx3+BuN46UI5Qs/P6ctkdcnCQAcI6pEmJ9Boprsr9x8k0UTV/od5+SBT/U+VUmy4JV3pnokcumYd95kOLZy7B+Wf3iwWU76xZlVCXEoh/eHdWplEAVqRMa+D2uqrcUKrKfak/FAfXyQf1AgQX4axD/9HaWl6vt28Hvsa58s99tqoRYgu++FnVCbKWB/vK0Q/5SLIlLg9vtxul0cvToUV544QVuu+02hg8fTmZmJq+//jp33XUXycnJWCwWli1bhkaj4dprryU6OpqQkBDi4+PJzs6mU6dOREREkJubS0pKik8AwOl0smvXLlq2bIlGo+HTTz+lffv2/OMf/+D48eO88MILGI1G7r33XgYOHMiSJUt47733mDBhAg6Hg1deeYXY2FimTJkCwCeffEJKSgpjx46lqKiIl19+mSFDhjBy5EgyMjJ4/fXXueWWWxgwYMD56lYhhBBCXKQSEhLIz8/3m+Jn27Zt3HDDDcTFxQUsJy4uDqvVym+//eb9bN26dbRr146+ffuSlJTEzp07ufvuuxk6dChRUVGkp6ezYsUKb9rG4OBgHnzwQfr06UN4eDhZWVl8++23fPjhhwD8+9//Zt++fbRu3ZpGjRoxf/58UlNTmThxIt27d0elUrF3714WLVrExo0bve0YP348AwcOxGQy8eeff7JgwQK2bdt2pl0nxCXBsf8EiiAtqoQGQOUZ3epWjXGkniBoeHfCXhznyf+fnovzmO/aIG6rDVduUb21y/brH+iu7YK2WxsURn2tZpKrGkXitpZhT/H/1pIA62e/EDS4K+EfTiVkyi1Yl/2KdfFPlLzvGcAOHnONd1/DxKEEXXclRdMWUvzyUlRxUUR8+jTK0L8WZlaGh2B+5XOKnvoAdWI8kZ8+Q8jfh/oNAACgVUOBhayuk3CkHCN05j0Y7hmE/o7+WBf/dNbO/Uw49p8g/76XCH1+HNo+nVAGB+EqKaXs510U/XM+jv0nzncTxUVAAgDnWE1y/1c65uERlO04gMvPQrXVcRda/KaYcRd4ctubZk8g+O5r0SS1IHzBFEwFxViXb6BoxiK/g+fVBQiqUp4zvy6qS5NTsZ2nv/FQl2BF+dsDmqQWRK+tXTRYYTIQ8cEUgkbUPNhzLml7tyf83cmeqPcZsK3dTe6wafXUqkvPkSNHSE9PJy4uji+++IKbb76Z/v37AxAREcH48eP57LPPvGsEFBcX88wzz9C4cWNvGQkJCahUKrp27QrA9u3bq63XZDIxcuRIoqKiiIqK4oYbbgCgc+fOgGfG3Jw5cyguLubQoUOoVCruuusu74z/e++9l1deeYUjR46gVqsJDw8nOTkZvV6PyWRiypQppKen43K5UCqV9ddhQgghhLjkhYSEYLfb/ab3sVqtOByOass5cuQIAwcOZNSoUeTm5nL4sGfm7VtvvcVbb70FwD//+U8GDBjAunXr2Lx5M927d2fcuHGEhoby1ltvMWnSJAYPHuzd3qdPH8aOHYtCoWDBggU0a9aMbt26kZOTw+7du9HpdMyePZvw8HCWLl1KSUkJQ4cO5ZlnnmHmzJkANGnShJEjR7Jy5UqKi4sZNmwYU6ZM4amnnvK2UYjLmX3vcdxWG9qurbwDv+X0d/TH9MoDWN5dia5fR5wncsnq+hBusxVN11ZEfvrM2WvX1lRceWaUDSMIuj4Z69JfanScpkMzlFGhOE/mY996blLJXKwcKcfI7j4Zw/2DCbqxG8bHbiHsubuxrdtNwSPzfPbV9emAK9eMZd43ADjTcrCt2UnwHX9NQnOm52Fd9qu3bNvaXegGdvYGkarkcmNbu8u7/oR12a/ob+mNtssVZz0A4DiDFQAce4+R97f6HXs5k/aIi48EAM4xfR0GhBWmECKXT69zne5CC+mmm/xvL7CQP3aWd3Fa/ak1CoLHDiJ47CDy75lVL4ulhEwe6R38t+86ROnyDZTtPOhNhQN46gywqHFNnR6cUJr8r5FQbVmFFu/bBf548v3/1UflixKDZ/Fh29rd2Nb6zm4Imz3B7+LDZ5tCo0IRokdhDK5+50DlBOvqqUWXhlmzZmEweO41m81GWVkZTz75JEajkdzcXBo3bsyWLX/NRiguLqagoIDiYs93ICEhgYiIiDNuR1BQEMHBf13biv8PoNVqUas9j/+0tDSCgoLYtcv3/nS73WRlZdGlSxeCg4OZOnUqgwcP5qqrrqJZs2Y0b35+7l0hhBBCXNwyMzPp0KEDvXv35pdfKg+wNW/eHIPBQFlZWcByFi1aRHBwMLfccgsff/wxOTk5bN++nS+//JJt27aRnJxMt27d+P777/nPf/4DwIoVK3jxxRcZMGAA33zzDS6Xi2XLlvHGG28AsHbtWj766CPvosJqtZqTJ0/ywAMPUFJSwtixY4mIiGDevHksX74cgN27dzN69GjCwsIAz99QH3/8sTd9UUFBAQ8++CC9e/eWAIAQgH1LKqXfbSX4jv44Dp+k+CVP2lLt1W0wPnEbzswCShatJmjIVTgPn/TOxNeP7Iky1hSwbIVeh7p14LeH/LGt2YXzUAba7olou7WpcQBA2+UKFME6nEcz/Q86Cx+Wd1dieXclAPpRfQl7+X5Cn7mD0goz9z1BlTyfNzEc+9JwW23en90lpT75+115ZhQaNaq4KP/Xwu7AlfdXFgf7llSwO1CaQurr9Py60IbbL7T2iLNLAgDnmKvAgqrpua0zr4a5zJxHMimcPI/CyfMIGtGD0Olj0HRqTvgHU3AeyTzj1ezL334o/XIDuSNmVLlPxbz7lbd19LsNqJROCDyD94owQ8DUQuCZsX+68rRAjsMnvQsR1UTFNE/mGYv8pm9y1/GNjvpgW7OLk3F3nrf6L1UTJ06kffv2gGcNAKPRiFKppLCwkJMnT6LT6cjM9H2jJikpyZtLX6VSnfO8+pmZmaSnp1cKADRp0gSDwUBQUBCTJk0iJyeHzZs389xzz6FSqXjkkUdo2vQcP8yEEEIIcdH77bffSE5OZtSoUWzbto2SkhLvtmbNmjFy5EhKS0tZv359tWW98847vPPOO/To0YPrr7+eLl26cM0117By5Up2795NUFAQMTExzJjx1789jEYjBoOBpk2bMmvWLJKTk3nsscdo27Yt4eHhNGjQgKysv1KNHDhwwNvGhIQEiouLWbVqlXf7nj17eOKJJwBP6p/CwkL+/PNP7/aUlBSsVivx8fF17zQhLjGFT74POg2hz44m9NnRnlzsWg323w9TOPVdHKknsH6+HuOUW4hNfR+FXgs2e5ULB5ezrdmF7effCXn0Zgzjb6T41c8xz1xSq3aVbbSNHBMAACAASURBVN6HtnsiQUO6oYwJHGwop72yJQCOvcdrVdflyPT2wyjUKvLHver9zLpkHUFDuqFq6DsRzpVThKZ9gk86JnXrOBT6i3cSopLaD7qrGkcRfP9QggYlo05oiCJE71kHwO3GXWzFeSKb0u+2YJm3HOeJnFq3R1w+JABwjhVOnkvUTy+fs/rMMxbVamHfcqXLN2Bbu4vYnXNRNY1F16/TGQcAyhcptgR4myDQgrj+FjkuVx4AcB79a4DVk7+/I5qkwLOVtVUEDxyn1hzQJLXwu4hyVSrm9LcsWOV3P8U5iDCLcys4OBiTqfIfisHBwTRp0oQBAwbQpUsX7+culwuXy4VarcZiqdn9pdPpyM7Oxmq1ehfxtVqtlQILNdWiRQucTifjxo3zCT7Y7XY0Gg0ADoeD6OhohgwZwpAhQ/j555/54osveOihh7xvEgghhBBC1MRnn31G+/btuf766/nvf//LJ598ws8//8ywYcMYNWoUjRs3Zs+ePWRkZNS4zA0bNnjXFHj++efp1asXOp0OrVZLfHw8drvdZ/+TJ0/idruZPn06AwcO5NixY+zbt4+VK1dy6623+uxbMR2R0WjE5XL5BC1OV77+U7mUlBRKS0trfC5CXA7cZisF98+m8NG3CRp0Jeg02Hce9KZlATDPXELJRz+i7dUOt9lK6bebfcooevajSuXm/z979x8W9Xnn+/+pg4wog0Sk4o8mRLwgsppISCuaBkgbMSdCaxyvVjCt47YbyW41bo1uYrQlR4/maNz1R74tevbESTdCNutYW4hVzG7AbBTbJZji4o8jySRFxQIGGQRndOT7x/Bj+I2KouPrcV1cl8zn87nv+3N/wJj3+/68b8sb1K60Ynjga7g+Lr3ucbmOnOBabT1+D30dv4e+3vv7qWvA9cnp6+7vXnPt/FcMTU/GtDINx5osAIz/4xsYEx7G9Z/H2pzrPFiC8clHCFzyLI7VWfhF38/glDhPDf+7lB8DcV1HCiDo5/MZ8nwKA4d1EjsaMIABpiH4PfQAgQ89wJAFT1O/PYfa//n2dY1H7h1372/OXcqZ/ycu//bQdW0EfKNcBX/qdvNg8KzKd+Z/2ml9/caaS7jt5zE80HED25vRVTmeAcFDCfje1C6vM4SPZIhleqfliJo32wVo8Ep4NOw5hH/Cwwz+3jQM4SM73c/AmPhwywbA3kmGhj2HuG+H589BGT/k4pLMDtd6999Z2wODh+Lu5Hxj4sPdlv8ZNDniphMucucYNGgQ3/rWt9i7dy+RkZEEBgZy7do13n//fU6cOMGLL77Y67bGjh2Lw+Hgv//7v3nsscdobGzk0KFDfPHFFzc0tujoaHJzcykrK2P8+PGAZ6Xbli1b+Id/+Aeqq6vZsWMHr776KiNGjKCxsZHGxkYF/kVEROSGrV+/nrq6OpKTk1mzZk3L5xcuXODf//3f+da3vsWKFStYu3Ztl2VzduzYQWVlJcuXL2/zeUlJCd/4xjeora2lvr6eDz74gMzM1n/HN++1NG7cOKZMmcKePXt44w3PG9P3338/zz3X9X5l58+fJyoqiscee4z/+q//AjwLPUaPHs3p0wr+iVyvRkcDDbau3/Zxl1fR8G7BdbXpLq/CXX59K6GbXd73X1z65993WI3ek2sXHB0C2NJR7c9/zcCR92F6+QeYXv5By5sfzsOl1K7JanmbAuDSL3MY9Mg4TC/PxbT8+zBwIO6z1eDqeY8YXxCcuZQhP/g2+Bl6df7AYYEE/v33Gfj1r3HxZ2/2ehNruXcogtMPapZkEnaLEwDuL85TNav7fQOMiQ8z7J/SAc+bCXWb93Q43hyk7qkGfm+4CjwldYJ+8UOc+X9qEzAfNNlTaqinVfHB/5TOtZpLbd5qaL62Wd2m37T8uWHPIYIyfsiAYUMJ/XAD1c9mtEl2GBMfbnOtIXwkgyaP48rRz2isuUTd5t8Q+OKzBL74LNe+qsPx2jttxmMIH0nwP6UzeNY06jb/hotLMnHm/6ml9NCwf0qn+tnX2rw9YEx8mJDfdL55S/McGRMebnMffc0vcgxD/zaFgcNNN9XOlWP2lpqN0r1vfvObVFZW8qMf/Yj77rsPh8PBI488wt/93d+1bL7bG8OGDeO5555j3bp1+Pv7c+3aNSZPnsxf/dVf3dC4wsLC+MlPfsK6detaVscNGjSIpUuXMmbMGEaOHEliYiLPP/889913H1euXMFkMrF8+XIlAUREROSG1NfX88Ybb/DLX/6SuLg4Bg8eTG1tbUvZn0WLFvGDH/yg2yTAp59+yrPPPsvLL7/Mli1bqK+vZ+LEiSQlJVFXV8dvf/tboqKiSExM5D//8z85duwYEydOZOXKlbhcLrZv397hzYDU1FTCwsK6fPvgD3/4A9/+9rd59tlnKS0tpb6+nh//+Mc8++yz/PrXHVcji8jdpdHRQO0//N/+HoZPq1m4mYsvbe/0zY+rpV9S/y//3ubcus2/YdDkCK7+vzMEfG8qAXOe4Jqjga9+8k8d2q79+a87fTPk/F893/LnighLt8dvpUEMoPvdbTxMv7AQYE7odfC/hZ+BAHMCjZUXubhie6/GI/eOAeUkNfb3IO5FQRk/bNkQt681XrxEZeJLna7q9zYgeCih+W+0BPkba+pwNQX6BwYHtpTUufLpZ1QmvkRjzSWMiQ+3lDA6M2BGl20335+r4E8t9fMHTR7H14p/1XJO86a47fsa9Mi4NteF5m/AP+HhlmPg2a/gqr2izbXQec39IZbpbYL8V46Wca2mrs21F/8+syVR0FhTx9n7zJ3OUVfjbm6jOWjv3af3vPqFh2EIH0njxUs48z9l8PemtblX75+L7vYPuFnGbz/Cfb9ejmHMiJtqx/nvxVQ99XIfjerGjbj8u/4eQq9duXKFS5cuMWjQoJYNg2/E1atXuXTpEkajkcGDB9/0uK5du4bD4dkMqXnvgs76GzhwIIGBgbd9rwIRERHpG48//nh/D6FXli9fzne/+12OHz/eZRLgZz/7Gd/97nfx8/PD7XZjNBqpqKhg27Zt/P73vyc2NpZly5bxwAMP4HK58Pf354svvmDDhg0UFRW1lACqrq5m6NCh1NfXU1tbS21tLX/7t3/Le++9x5/+9Kc2byn8zd/8DfPmzcPPz4/GxkYGDBjA3r17Wbt2Lenp6Tz99NOsWbOm5Q0BoNN2+sNvi0L6tX/pH19xhfsY1N/DuGsYEx8maN1fM2jC/TCw5//nuVZVS92bv6XuH3ffhtFdv7v1+fvHPUTQL56jfud/UP/OfzDAFEDIngwGBg/lL7E/7e/h3ZCrNFLdixRASM46jIkxN9yPM7+Y6pRXeu4Hf/yUBLgrmC56Ft4WFxdf97UxMZ6fJSUA+smA4KEt9fX72lcL3ui0TE5XgjJ+SOCSZxkwrGMw8vJvD1Gb8S8tyQRD+EhGHv0VV+3n+cvkF7ps05j4MCF7MrhkzWtTOseY+DD3WV/qcN/uL85TsySTxpq6Dtc1JwAcr72DM//TTq9vvHiJ2ox/6XLV/OBZ0xhufanDPTZevMQFyxtc3nOoTdC+4sEftbyhMCB4KKYls7uco+ZSS+1L9gQuebYlqeDtyqef8ZVlA4bwMEJ+8wuqn32t5Y0G74RD/dsH+KqXGzhfrwGmAAYnxTJgyM1toOM+U4XzPz7t+cRb7G5KAIiIiIj0p7slAQDw0ksvERYWxs9//vMu6+4PGTKk5S0Cu91OaWnHut+PPfYYX/va1/jLX/7SJjAPnnKI4eHhbd5A6Elzn35+fhw9erTNpsF3MiUA7k13awC4P/hFjmH4rlUMmvQgjQ1OBgzy86zCdl6h0dX0xpDB4NmUGGhscDEgwJ/GmjpqXvo/1L+1vx9H3zk9/ztLJc4edwG4HQmAgUAod++GyvcaJQDucu1XpveFmwkaGxMfZkBwIH7hIz2vYdnPd1rXvi8YEx/2vMZlP4/bXtHt2wreCYDmFfGDJo/DEB7mqbFvP9/revnGxIdb9jPo7LoBwUMZGBzY5X03Xz8wOLBXczQgeCj+kyNa7vXK0bJezWlzGSLpHSUARERERHrnbkoASN9SAuDepABw7w354XcI/v9+yrULDi7MXYtf9AMEb34B95d/aSkTc98//z1Dfvw0Df9awIW5axn+7goCvh/Ppf/ze2oWbu7nO+hIz//OUstVGjrdKfL2CsBAkKrC3zX6IgGgp92P6q0HGGpJatmA9mZ5Vpbf+Irx27nprDP/TzfV35Wjn91QgLynPhtrLuH2qtd/vdd31t6N3KuC/yIiIiIiIiIivmMohjsiATCU69xfQO56SgD0s5olv2pTF/9GNV68RHUPm/6KiIiIiIiIiEhHriMnuGo/z6BJDzLiP9Z7SgAZBnLl09YFeq5PThPwgwYCvh/P6JS4lhJAriMn+nHkcrcwMIChGLjUj0mAoRgwqPb/PWdgz6fIrXTl6GfUv937ev1dqZ6VccvK9YiIiIiIiIiI+LKrp85wcfEvcRUeB9dVGh31XP7tYS4u/+eWcy79MgfHmizcZ6vB7cZtP0/tmqw7sv6/3JmG4tdvwdiBTf3LvUdP/Q5Qs+RXBMya1ukGs71x8e8zb2v5HhERERERERERX+PM/xOVU5d0e47jf7+H43+/d5tGJL5mABDEIGq4ctv7DmKQ1v7fo5QAuAM01lyi8tvLGfqTp6/72qv/7yx1m35zC0Z156jN+BeCMn5Iw56P+3soIiIiIiIiIiIiN8zIQEz44eDqbevThB9GFYK5ZykBcIe48slpav72zf4exh3Jmf8nKhOX9fcwREREREREREREbtoQDFyl8bZsChyAgSHa+PeeptSPiIiIiIiIiIiIyG0UhB+mW7w224QfQVr/fc/TT4CIiIiIiIiIDxvqVtVnEZE70RAMGBhALVe41oftDsRT819lfwT0BoCI+IDGC47+HoKIiIiIyB0r5uKg/h6CiIh0wchARmBkaB+V6RmKgREYFfyXFvpJEJG73uVNe2isVhJARERERMTbsCsDSKz25yd/HtLfQxERkW4MAALxYwT+BGC47oDtQDy1/kfgTyB+6L0v8aYSQCJy17u0/t+4tP7f+nsYIiIiIne83xLS30MQERGRLhgY0FSz34+rNHIZN1doBOAq17iGJ9jv15QiGMQABmNQyF+6pQSAiIiIiIiIiIiIyB3EjwEEKnQrfUAlgEREREREREREREREfJASACIiIiIiIiIiIiIiPkgJABERERERERERERERH6QEgIiIiIiIiIiIiIiID1ICQERERERERERERETEBykBICIiIiIiIiIiIiLig5QAEBERERERERERERHxQUoAiIiIiIiIiIiIiIj4ICUARERERERERERERER8kBIAIiIiIiIiIiIiIiI+yG+Yw8bVq1e5du0a165d6+/xiIiIiIiIiIhIHzB+9RXG++7r72FIP9HzF7k7DRw4kIEDB+Ln59cn8fqBbrebxsZGAAYMGHDTDYqIiIiIiIiISP+7T8Hfe5qev8jdpzk+39jYiNvt7pM2/fz8/GhsbGxJAoiIiIiIiIiIiIiISP8YMGAAAwYM6JMkgN/AgZ5tAJQAEBERERERERERERHpX81vAvRJAqC5MZX/ERERERERERERERHxHQP7ewAiIiIiIiIiIiIiItL3lAAQEREREREREREREfFBSgCIiIiIiIiIiIiIiPggJQBERERERERERERERHyQEgAiIiIiIiIiIiIiIj5ICQARERERERERERERER+kBICIiIiIiIiIiIiIiA9SAkBERERERERERERExAcpASAiIiIiIiIiIiIi4oOUABARERERERERERER8UFKAIiIiIiIiIiIiIiI+CAlAEREREREREREREREfJASACIiIiIiIiIiIiIiPkgJABERERERERERERERH6QEgIiIiIiIiIiIiIiID1ICQERERERERERERETEB/n19wBEfJHT6cTlcuF2u/t7KNKOwWDA398fo9F4w23o+d64vph/ERERERERERHpHSUARPqY0+nE7XZz33334eenX7E7zdWrV6mtrcXpdN5QEFrP9+bc7PyLiIiIiIiIiEjvqQSQSB9zuVwEBQUpOHyH8vPzIygoCJfLdUPX6/nenJudfxERERERERER6T0lAET6mNvtVnD4Dufn53fD5Xv0fG/ezcy/iIiIiIiIiIj0nhIAIiIiIiIiIiIiIiI+SAkAEREREREREREREREfpASAiIiIiIiIiIiIiIgPUgJARERERERERERERMQHKQEgIiIiIiIiIiIiIuKDlAAQEREREREREREREfFBSgCIiIiIiIiIiIiIiPggJQBuKxeVn5/k5Emvry8raXD39voKSj4ooeJWDtFb3RlOnqm7Xb1dBxeVn39Opau/x3H7OOxF2B192KDzLCUlZ3H2YZPSx/SMRERERERERETkJikBcFvVUfbJHzlm/zN//nPT17GD/Nt7+znd0Lvrz549S+9C8qfZbyvkws0Mt+IYR47dtnTDdaij7JNPKLsTcxO3iN22EJu9Dxt0FLF9exF9mVOQPqZnJCIiIiIiIiIiN8mvvwdw7wlgzDeeIm546ycXP9lDTuGXjH/y/pbPXA11uNwG/AMD8O+uOXcDdQ1uMAQQGGDoRf8uGupcuA3+BAZ00rKrgTqXG0NAIAHddluHp9tAOnTb7ZjcNNQ14MZAQGAAPY+4h/E29dXpOLq9tod271hOHA4X+JswGTs56nDgAvxNJjoe9rr2hrt34Gmis/ab+/fH1NnguhtPb06/J/TwjHqYf8/x3s5/uz57/dxERERERERERORuoQTAHWBYeBgBH57lAvczvOFzDu79mC8Nwwnzd1Fxwc39jz9D/IMdw/GVn+TwQelFAoYPhwsXaBgWzVMpj+L/SQ57T17kyhXYn/05MIa41HjCPj/I3o+/xDA8DH9XBRfc9/P4M/E0N135xz3sP+liWGgg7gt1BA7vLAXQwOkPcii8EEDoMLhYeRHD/Y/zTPyDBDSN6cPSBgI8B2kIiObJlEcJ9QyYnA9KuRgwnOFc4ELDMKKfSuHRUDi9/9cc9w/HdeZLXMOieSblUfybxusyGAA3bn/v8bq5+Mke3qlowGAA9xUImzaLp8Z7xtzQ3b1W/pE9+09C8zGvcXgSFC78e5WcuL0ceVuxZJwicpqJU3lFhPxsBxtnjPYcdJ4ka/Fi3naEEAJUV5uYv2ULaVGegK6zZCsLXspnVMI0jKeKIDYWF5HgPMTatFOYbRaimjtyFrE2raTtZzgp2bqQjKLRTJsEJXlFGOdvYUtaFMaqHBa9eorIwEMUGacR6TxEwblE3tixiElGKNn4GLaQn3Eux4Zj0iK2ZCTiys/gpXUljEqIhaICzk16hTcypmJfm8Ypsw1L62AoWptGSZvPfFOXzwiAs+RnrGCrvWn+D50lfNFaMhJHg9f8558zYqSasySzdcciJhk7m78SNibmkZS/lMiTWSxeYSMwNpGQ6nyK6sys3ZJGlBEo2chjthB+di4Hm2MSi7ZkkDiif+ZGRERERERERERujBIAd4CGigtcCoxkOC5KP/yIusjZPDcpsOlgKXv3HOT0mBmM916o3lBK4Ul/HjU/R1QAQAOle/+NTz9/lKceTSH10dPst1XxDXMcwwFcpez9qI7I2c/R2vRe9hw8zZgZ4/Gv+JgPPx/Ok6nxjDEA1FGydzdn20fBKz7hjw0TMH9/UtMbAhV8/N7HHLvwIN9wfcyHp4fxeGpKUxtQ8fF7HCwMxxwXQGnhSfwfNfNcVEBL///26ec8+tSDAHx1wUBS6nOEGTofb2XhHj74+DT3PzUcuEyl+xHMz0V5xlFZiG1/IZ+Pf5IHXaV82OW93s/pP55m+JPPET+m9Zjt09M88tR4DHzOwd1lRPxoBuNv+sn2rTx7OLtsixgNsPQsOYsWYQ23YYlyUrRxIcdm72L/jKYIreMQa1NeIz9nLYn+RWxc5OCnOTamNS0rt2dZmEMkGKeRMm0FtqJUVsQ2JQuK9nMsLY0V3p3bc1lX/TxZ1mmeledL7dgWbiQ/cSsz/IGiQ7h2ZGGdZASWsrRoI2mv5WNdmwhAbpGR39lsnrE7DpGx1cTS39nwdLmUQ2tnYCvJZ1HKNFbYikhdEevpx1nE/mNppLUZjA9ydvOMgLO2FVgjM7BlhHsOLrVjs6wjZ+JWUgCK8nFt24Wt6RmezVnEwuyT5FiimDgjlrWHT2KJimrqKodDFjNLnUWsXWhnfkufi3AeWkvamyVkLZ3kmf/cIoy/s2EbfRvnQkRERERERERE+oz2ALjtXFy0t24C/MnBPez5xMWER8eD6zT2qtFMaI5aAwREEzH8PPYz7ZoJiCYldQZRAZ5yQRfOnOGyYRAXz3de9d912k7V6Am0bTqC4eftnAEqyr7EcP/ElsA9BDIpYmTHhgKDCPzqOB+XnOGiCyCMx79v5hvDm9p48BGvNiAs8n7cZ8q4SADRKanM8AyYugtnOHPZwKCL51v2KQh68BFP8L95vCMj24w3NG4WqU+Nb1qZP5AxE6JayxSFTuTBwArOVvR0r/4MC4Qzn3zM6coG3EBA9DM819LueGbcgcF/ALMlhdY47GgSzVHkHbN7guS5KaTO8FqebZqG2VLCoRInzqL95KaktASWAcITzcQ2/XlSsoWi/ceaNpt1kG87hXlqeNvOQ0KIzN/O9kN2qpwA4Zi3baX5BQRiLaROai0fY4xNJqXkECVNO9gmmZNax26aRoZtKbFGT8mgKvspHMbRnLJXwaRkLEX7OdZ0nSPfxinzVNqNxud0/4zsHLaZSE3ynoVwpppd5BVVeb4dZSY5tnX+RyeamZR3DDtgjDWTkn+Yk56eOLa/iJSpUZ4+zW37NE6bwTRbPqeaP0gyk6Tgv4iIiIiIiIjIXUtvAPQrFxcr6wiNS+UbocCFWhqooDA7m8I25w1iTIdr6/j84H4+/tJF4PBQAocNZ3iHc7zOrm2AikKys9u2zCBPy3V1VwiMaNdC6DCGtt94NnASKbNDKfn0Ez60fUidYRj3PxJPfNQw6uqucKlyL9mn21/jWXlc9/lB9n/8Ja7A4YQGDmN4u+4Cgloj9nW1DQwd1t0dBRAQ6P19IEEBV6is6/lex8R/nxmn/8gnhTkUXnQRGBrNN+IfZUx3mx7cCdptVWAKCeFUkQMc1ZyLjWRUu9NDQsI5V+3AwTliI9sdHR1OJE0PNyqJtFMbyXfEMoND5LnMvNI+6GtKJCMnnEN5WaxbUITdPwrzop+RFjuiZWxthxdCSPg5qh1gAkJCvCvaOyjJWkGGrZrw2KmER0W2FLqBKJLSTrEx30HsDDiU58LcYTC+x1Hd3TNyYD9VwqHFabzd7rrI55v+EO4p/dTCFELIqeYNhKOYmriC3BILUZGtb1Q4cs5B7jrSDrdrNDyZpOY/h4Tc+H4RIiIiIiIiIiLS75QAuO38GRYeRVRTbDvKv4p3Pv2Ui+MfZVhgEAGE8khqzyvQXaUHKWyY2FoCB/jyw1I+7+L8wKAACH2E1Bmdt1wROIi6qgsw3ivoXnmRS3RS9DswjEmPP8Okx8Fdd5qDe/fz8bDvExE4iKHDZmCO6yRw7yplb2EDE1tKFgFffkhpFwMefl8gl+wXoNu0Rud6ulcwMHx8HE+NjwNcVP5xP7//cDBzn4nG/w7eA8DpcILX1q+O6moiw01gCmFU0WHOQZunVV1tZ1SkCROjKDrc7uhZe+sqb0aTlAqL8s4S658LyWs7e+pgCmeaeQXTzICjBOuil7CttWL2B6pd1LXpoZpq+ygiO4keO4u2knHOQpYttuVuTlrfbB2NZzCcjfUnl2TW3gN1500h3T0jE+GRk4jcspWUzuaiquf2o6amsMJWxPxpuZwy/5RwwBkyCpKeJ2vppL64BRERERERERERuQOpBFB/e/BRoinlk88B//GEjzjPp4WVrcfrTrL/vRxKLra9zHXZBQGBrSVwGk5yvOJa25MuXaS5Jf/x4Yw4/yltm97PezklXATCIu7H/eWnfNnQfLSSwmPnOwzXffoD3tlbQl3T94bAUIb5u3C5mtr4/I+cbmnDTUWhjfcOfonbdRkXAQS2DpiTxyu41qGH5nn5eofxVja31dU1vbrXC/zR9h4HzzS34k/oiEAGui7jAuBzDu4+2GUipT/lZudxtuU7OznWs55SPcZYZiTnsD2n9SiOQ9isU5kRa8QYO4PknGz2twSKnZRkWynyatuUmEZk1jpes5lImdYxau8s2Yp57aGmFeWAKZxRIdU4mj84lYWtud4P4Dhkwzp1Bl5VaVq4HHUYR4W0pjKcReTmVHsPhrTILNa9ZsOUMu2eWIHe/TMKZ6rZgfXtElpn+Cw5iyxknXR2bKwzUYmknbLyms2BOWG0V5/bafNjU7QRy4r83uQURERERERERETkLqA3APrdMCZODMX26SdcfPBRop/8Dl/t38872QYMgNvtz/2PP8OkYW2vCpz4KGP2fIhtbxjDqKOyLpBHJ47k2KXmM8bz6IRj7H8nm08MY4hLjefJ73zF/v3vkG0wAG7c/vfz+DOTGAYQ9jhPjs/hA9s7fGwwgNtA6PhwhrZLPBjGf4NHy/az551jBA4LxHXxIu6wOGbdD/A4Mx7Zz37bO/zRYAC3G4ZF81TK/RgI49Exe/jQtpewYVBXWUfgoxMZ2TrgtvyjefKJKvZ6jzfgQZ6ccT8GOt/noM213dzrxLgx7P8wm3f8hzHMv46LdQFEzXiSwKZ5m/GjO3EHAEiKreY1cxoOIzirYdIrb5AxGsBI7FIr9hULmJHtKQVTXW1i/rYtTQH4WJZuO8nieTN4OyQEnE5GPW8h1bu8kzEWc0oGC85m8EYnEXfjpFSW5r3EnBlvMjE2nLqTRTgS32BHFJ4V6LHTCLEtxLzOhZFqqk3z2bYllk7i/5imzid54UIW2pOZKoat3wAAIABJREFUiJ3DX0xi6SIz1pbsgpFYcwoZC86S0dlgfJGx+2c02vwGSze+RJrZhdH7+UcZe/UGAIQzNcXBukOprW9UGGNZarXz2iIz2UYjND23LVsSO38DRERERERERERE7joDGhoaGvt7ENKRu6GOBreBgB5K0bga6nDhT2CAf1dn4HL749/SiJuGugbchgACAzpp2d1AXQP4Bwa0LznfyXluDP6BdOzaRUOdCzo75mrAc6iH9ls76n68N3Gtq6EOVy/m+HrV1NQQFhbWhy16c+JwuPA3mToNruN04HD5YzJ1drT7a09azeTG2ui+IoynDfxNtHRRlcOi1+AXW1MY0W3/7YfqwEUX5560Ys6NxXYLy9NUVFQQHBx83df1//Ol6+M32qvDgcv7md4GNzr/IiIiIiIiIiL3CpfLddNt6A2AO5QhIJDAnk/DPyCwh0C6d/AfwEBAYDctGwLo7nDvzvMnILCLUfkH0NWhLjrqfrw3cW3Pc3cnMnYfXDd2F8Tt7toScnNSSLbcyv7bn9p1ELskN4eUngfjg/pufq+r1z5OKIiIiIiIiIiIyJ1BewCICM6iHA6lTCWqvwcC4Cwi51AKU++IwYiIiIiIiIiIiNy9VAJIpI/d2hIxt4jTgdN4o6vAnTgc9KrsT6/bcxpveTmaO7ME0L1DJYBERERERERERLqnEkAi0jduOPgPnrI1fTgWbn3wX0RERERERERE5F6gEkAiIiIiIiIiIiIiIj5ICQARERERERERERERER+kBICIiIiIiIiIiIiIiA9SAkBERERERERERERExAcpASDSxwwGA1evXu3vYUg3rl69isFguKFr9Xxv3s3Mv4iIiIiIiIiI9J4SACJ9zN/fH4fDoSDxHerq1as4HA78/f1v6Ho935tzs/MvIiIiIiIiIiK9N6ChoaGxvwch4mucTiculwu3293fQ5F2DAYD/v7+GI3GG25Dz/fG9cX8i4iIiIiIiIjcC1wu1023oQSAiIiIiIiIiIiIiMgdpi8SACoBJCIiIiIiIiIiIiLig5QAEBERERERERERERHxQUoAiIiIiIiIiIiIiIj4ICUARERERERERERERER8kBIAIiIiIiIiIiIiIiI+SAkAEREREREREREREREfpASAiIiIiIiIiIiIiIgPUgJARERERERERERERMQHKQEgIiIiIiIiIiIiIuKD/Pp7APeSwYMH9/cQRMSHXL58GdDfLSIiIiIiIiJy+zTHI+TuoDcARERERERERERERER8kBIAIiIiIiIiIiIiIiI+SAkAEREREREREREREREfpASAiIiIiIiIiIiIiIgPUgJARERERERERERERMQHKQEgIiIiIiIiIiIiIuKDlAAQEREREREREREREfFBSgCIiIiIiIiIiIiIiPggJQBERERERERERERERHyQEgAiIiIiIiIiIiIiIj5ICQARERERERERERERER+kBICIiIiIiIiIiIiIiA9SAkBERERERERERERExAcpASAiIiIiIiIiIiIi4oOUABARERERERERERER8UFKAIiIiIiIiIiIiIiI+CC//h6AiIiIiIiIiIj4rvr6eurr63G73f09FJF7gsFgYMiQIQwZMqS/hyJ3ACUARERERERERETklqivr8fpdBIcHIyfn8JQIrfD1atXcTgcNDY2MnTo0P4ejvQzlQASEREREREREZFbor6+HpPJpOC/yG3k5+eHyWSioaGhv4cidwAlAERERERERERE5JZwu90K/ov0Az8/P5XdEkAJABERERERERERERERn6QEgIiIiIiIiIiIiIiID1ICQERERERERERERETEBykBICIiIiIiIiIiIiLig5QAEBERERERERERERHxQUoAiIiIiIiIiIiIiIj4ICUARERERERERERERER8kBIAIiIiIiIiIiIiIiI+SAkAEREREREREREREREfpASAiIiIiIiIiIiIiIgPUgJARERERERERERERMQHKQEgIiKtaovZuT6Psk4OleWtZ31eeccDzlJy1u+kuLY3HZST1+tz7ya1lOa81cn81FJWsJOVC2cyc+ZCVu4spLKzq8sK2LlyITNnprJ4/S6KOzsJgEoK3lpPTqmzb4d/CxS/NZNleV3eyE1xluWweuFMZs6cyVvFfdhw08+/5ynWUrxzPevXe3/tJKewlPI+nv5bdj+3jK/+HouIiIiIiPgeJQBERKRVkJHanNXklbY/UEre6kwyNxd0TA6U2lhWAEFBvemgkiOZByi78+PXHpW7sIxbTXcxWWfZLpbN/Cazl60n84h3wNtJ8erZzFx/hHHJq1i1fDrG3IVMeWo9xV73X5m3jNkz13NkXDKrVr3IdJMNyxMz+VVxx0lyFmeycoeTsRHGPrvFW+bMcSq9A8S9mMtecRayeuZ6nMlbsGZnMy/mZhv0bruMA5lHmpI0TsoOZFLYJqdzhiOZFp56ZDa/6qskzK28n1vmLvs9FhERERG5I1XxUdZ2sj6quslzRLrn198DkLub0+HAhT8mk7HT70XkbhNNXFIlK4vLeCE6ovXjsmJyK02YKg9QXDmPiNDWQ6WFeYQmbyOiY2P3hNI8G+NWfcQH5cuIP+51oDKPzTsi2HB0CylNyZG4hBjGzZ7OjoJ0YpKCwFnI5sWFJFg/YFVc09+bcXHEhFp4avUuUnbPY2xLg7XkZe4gNP0gMffyX7G15ZS7kngxJYLQns++aTELlrO8TVB+Oem7LMSvbP98btBtvh8RERGRu4+T8/ajHC+txm0aTcSEiYSPuEXhLOd5Tv8Zvj5+JLfnn9yXqThayIkar4+Cw4mbHM7gXl1vZ9+mEzy05GnCb80A5RabkJRAze7dZDGbtCdGtDtaxUdZuzluSmD2hH4ZnvgIvQFwjyrZ+BiPPdb2K9G8FGvR9WQUq8hb8SRPrsijqtPvr6OlnEU89thjWGz29gdY9NhjLMq5tZlOT/+LuMXdiNwVoqfPoexAcZtSNZXFBzg+Zw1r5hzkYJu6H2UU51aSFBfdfCaFO1eycKannEnq4rcobFMFJoK0rBeJC6KpdFAOHRdSl5G33uu62lJy1i8mtanNhatzKO2h9Ehl4a/ajaGW4p3tSpZ0aNe79E45eevXs35zLmUUs6O5BEwnJZBiXsjmhbjQjv+DUFlOGWMZ2+bNiAgiYqC2tummy4opCE3DHNf26rEpC5hz9EDbUkClO9lckMbyOT2HnGuLd7KzuJba0hzeWrmQhbtax11Z2FySaCYzUxfzVmHHMj2VhW+xONXrnIJynF5td1oKqjyP9TuL6fhoep7L7vpr20XHdlqa6fZ5No8jj3IqKdy5msUL11PYfrBBcbyYldZjMmtsygLSjh5o87Pd/bw2//x5SkWtXLiQXeVd30/v5ripzfJidi5O9fS7cDUF5YCzjJzVC1vGsrNDrZ6efk+b5rO5jQ7z6fV7LCIiInJLneejrLf5fVEDweHhjPKv5kju2/zrofM30eZJcrI+6jxu4TjFH/5wCsdNtH59asjPWELmvqMcPdr0ZV3CQ3GvU3i5N9dXcPTvj1Jxq4cpt8gIRoyIIuX5BEzHd7db5d8a/H8+JYoRI9onB0R6TwmAu9TV2gq+/PLLzr/OVFF/tTetTCRp/nzmz5/P/PmzmVR3mDcXfpcV+b39T90IktZ+yIdrk+irv4aOrcugfQ5ARG4vY8x05hw86BUsr6X44EGS4xNIiE8m92Bxa3C2spgDx+cQHw1Qzi7LE6w8OoEFW6xkZ1tZY65i/VMzeaulpFAQEXExjDUCxrFQ9iKZBe2Ck6V5rC4wEhoKOItZPXs2O5jOqm3ZZGdvI33cQRY/sYy8LpIAZTtTeWLlZ8Sv2eY1htks8y5Z0tRuZuUUXtxiJXvbBpJH2LA8YcETKw8iIj6e+CkRBBHK5Ph44uPjiY+4johnRAwJ/nnkFnqFsmsLOZA3hinRTWu9o1/go49eILr9tU5nu0C6k4KszQStWkBcL5YiOcsOkLV5ManLDsCUBSyI8Yy7fJeFJ1YeZcICT7kZ6xozVeufYmbrA6Iyx8ITKz9j+hor2dnZbFs+heOr45m53vPcnWUH2pU6ar7wCJkHyjoJ3Hc/lz3116aliI7tRATRi+cJnrI1Way0zGTzZxMwL5ju+Tn0ZhxLTFwE1xvX7nlenZQdyGLz4lQ8j2QBMUFd30/v5thJ2YHVpM7cTO2CDWRnb2NVRDELn5pNqmUlx+OXY822ssFsZIfZws6W2l29+D11FrN+9mxsI9LZlp1NtnULacYsUp+wkFPZ9Eybf49FREREbqXTRRw3fpPvmxOZHB1N9JTv8IPvT2XI8XyOeK+av1qPw+HA0btgSK846x04HPX0XYtdCWfWkiUsaf7atIejL58gPfNom7Mu19RQU1NDz3mBy9TU1FBT06sMQq/bv9xdm5e7uba7Y9KkfRKgbfBf5GapBNBdycn54gPk/ncXgXrDaOJTZzGxxwjGJFIXLWJS87fPp7AxbQHZG23MT7Tg+SumipKcbLJzD2MnnNgkM/PNsU0Bfwen8qzkk4jFPAlTm7arKMrK5pCx3TFHCTZrPs5pqaTFdpY2OMa6DBuxVnM3r69VUWTbTpbtGOdGTcSc9jzmdm05Tu7H+vZuDtshfOps5ltmEGVqcwL7rW+z+7CdwIlmEk0uwL/t8Rwbebld9yHis4wxxCcv4GDxBpISjOAs5mDudKavCSLIGU/84oOUrkkgBqgtPsjB5GS2GKE2ZzXLa1dxwDqvZQV1UMJyrGvKmLw5hznbUtoFVoNISkvjxawC1iS1Hiu2bSY07QMigNK3FrMzbhufLk9oWmEfRMy8DWypfYKFO0tJeqFd6Lw2h/WrnKw6sIF5Ea1jyN7m5Km01t0LWtpd09xuKCkvZBPBU8zenEfShiQi4uKIqCwnFIiJi+O6S7Mb41iVncRM8yPkTPCUd6ksO07QPBvvd4j4t1Wel0Xu5Oksb64JU76LzbuSSP9D000Vv8XMrLFYNyR1WTbmeOFYdny6hoTmIG1tDquX17LqgLVlbghKYLl1DWWTN5MzZxspQZ5kT1z6EVKa6jwFxcxjwzYjC9eXUUnMDbwKHdTNXPbcn/f7DkERccQFdWyn9Fc9P0/Pz9dBaqcfYPe8mytYVVtgY9eYKaSF0st5BThO4dgdXmMEgjq/n95vnewiYc0WXmhK8MQt38CqgulkTT/A8gTPYELnrGHV0QmsLyxjXkRE735Py4vJ+2weG15onv8gEpZnY3VaOFhWS0qolv6LiIhIPxoSTeL3QjAEer49f8TG74/VgMEAbjcET+R/mKcwEjiZs51j/hE4y+24gify7bHl/MfxGlwuyLWWAV/nW5bvMN67fXcNf/jX/0u139cwXf0L1Q2j+Nb3nyGKEva8d5aJlhmt5ztL2JPd/JmT+noYMuTmV0kExz1NuPUEFUsmE3b5KJlz07EGxzE3uIZ3C2uwZL5L+uSORYIuH81kbrqV4Li5BNe8S2GNhcx305lcYeXp18N4N/NpgpvOrXh3FulksmdWBZlz57LpciJPh9vZlz+YJe82tV/4OgOssM6+h32XB8NlO/aHNpFvndUUs7Gzb4mFJYUQNhguV0DcJiubng5vOpZOxolwEifD0Xw7D2VkNh2TjqJIeR5ytu9m+3FglIL/0nf0BsBdycjImOkkJyd38fUtxg25kWYnkWqJhXPbySsBcJC/4rsseO1tDlUBjiJs6xby3UX7m16Vc2LPf5u38+2drPgcwShjEW+v206+1xtMjkNW1r1dhHFUZ8H0qfzsldn4H1vHxpyznY/RWcJG89Ms3FjAOYBzBWxc+F0Wer02cDZnETPmvYrtpANwcNL2KvNS1lLUPEhHPhkp83j17UNUAeeKtvLa20VenZzEapnHq28W4Jo4kVH2PNYtfBqz9WQvJ1LkbhdETHw8uw40rcAuPciu+Omech+hMUyPyKOwFMBJ8cFcpk+PI4haCg8cYEpaQofyKUEJZpIPHOhYbgUwxiWTVpBLy0sAzkJsO+NISxoLlFKQdYZ5yQkdgs7RCWmQVUD7vYprCw9wYEoaCe0GYYxLJqUlx9dNu0kLiLAdpJP9d29ALYW2AsonJJGevopVyxcwJ2kC5QW5nZQ9alWetwzLSli/pbm+vJPCzNVUvphOUkvc9QzHK3uogzRnepu3BbqaG4ISMCcf4EBhLc3PvjBzPTuLvcrwRMxh27Y5N1/vvoO+6O96nucEzHHXF/wv3tFUsqj5a2UqT6SXMm/LXxNNb+fVY870uD6vJTu2TY2pCKLjILTNjtxGoifHc/yzWujt7+nYGJLG7WT1+gLKKp0t7cStyma56v6IiIjI7TQ+lkc4Sva/2Nj7USl/rvH828Q0YiRD/ICz+eSdCiQx9cdYLBYsP57Pd4JP8fv9rTGC6moDifN/jMU8hfunmLFYvsWowEiSLRYs7YP/AA3VuCen8kNzCrN+8GNSv+nmcM4RaoZMYkLIFxwraf3HvPNUGTXhkzxtVP2BPXv+cN0lkTtz+UQhR+PCCeMy+RmzOJG+j0LrJpZsslKYv4QT6Zs6lgi6nE/GrBOk7yvEumkJm6yF5C85QfqmQi6HJzLX/i75LW9N2NlnDcbydBgnrEvYN3cfJ/ZlsilzHyf2zWLP6/taywptKyQ8s5D8/HzyC0/wblgGGXs8Ddmt6Wx6KJMThfnk5+dTePR1wjZlsKei+dgmCvdl8vrrmewrzGTypiW8q3pF3fC8CTBKwX/pY3oD4C7lFxTG/bfg/8FHh0cCRZw6WwWRLvxjk5k9NY0VKU253aw05vxjLoerZpDSw4L40VNTmMg6bAVnSTGPBs6Sl10ACf+LpNGdX2NKWMTaolxeem0dObFbvQJ2HiezV5D9xUR+tstKWlPSuGRrCgvWbSc/aS2J7Gfja4dh9hZyVkzzvHlQtZ+lT79KRraZHEsUJ20bya17gNQdWSydZAScHFr7JIt3N3VSdYqiL2DiKzvYah4NPM/+jds55V9HFfRZuSORO1lozHQiVh6gdE0cxsI8IqanNa00jyAmGRYWlPJCtJODu+KZ/mIQUEltLRxZHs+45Z21GE98Z0FvYwzJcyxk5lWSMicUZ3EuuxLMTSvfnVSdgR1p49jR6SgXdEg+OmtrIXpsJ4HjsYyLazmLqjPxTOgsDhxkJJRyKmvhpndkLd7MwoIErB+sagnExyWkMGXlIyx+y8xH7d9ewEnZzoXMXG9kzQdWWkr9V+aQmRXHi0d6eG2gPWNQm2Cz0/OAiO/8ARHf9IBCU6x8NHYXmZkWvnmgHOPkJNJffJE5CddfGqc3br6/63meoRhv9iYmpJF9JIXmKk69nVcAY1B/18xx9u73NCiG5bvfp2DXZpbNXMhR51imz0knPX0OMdqpWERERG6rkUwxW5h83s7xU6X8Iecwv3cFMHbqMzwTHczZU3YM4cmEtyyC9OPr34wkwGbnbNMa9WERsYy+nuhXQATfjGpdVTkkehKjDh/lz06YNOEBDh87hXPSJIzUcLTUQfgTTQGOEU+QlnYj91jD0cJ8wpqW5tecsLJpE2zaFweX89ljTcfyenDr6YMTmZs4l/wTLxM3ufXjy4V7sKZbaHvqXBLn5nPi5ZeZlQ5L8muYNSsY7Pm8Gz6Xd4MhOD2fPZ4WqKmpwG6/TNi/nsD+LoQBLEynddH+YOLmWki3HuXyrHDyrYOxvPuQV4dxvLwvDrBjtQaT7n2McBIt8HJhBXNnhd3IRN0jokhJ6e8xiK9RAkC6ZhzNNPMiRhflk7VxOwVFduz2U8DU3l0/OonUhHW8as3jpNlClP0wtmOQ9Ma0duWCvJlIfGUtSfkv8dq6HGJf8T52llOHzwEhHMvZytbmj8+ZgDyK7GtJdB2jABh1Lh/r1uZV/Q7qQuBc0SmqLCZPG5GvYJ7UHIgxEpuYDLvPeb4dEUnsA/DmujnMyE9mftIMpj2/ghldD1rE90TEkByaSWFpGkG5kLyhNboanZAGy4opS6glL2K6pwxKk/jNR7CmXE+E0Ehc2ossW5lH+Zw5lOVmkZC83Cvw60+67QTLe1t/xwiUVVJJ+/h9JZVlrZ8Z/Qv5rLzDSW2auVmVZWW4ktLb1ew3Ej05jjO5pVS+EO3VfS2F61Ox5MWw7YM1JHiNq3TXZg5OSSGtrJDC5ipGpeVQCYWFxcTEXEct9vjNHLGm9JjbCI2Zw6ptc1iFk/LSPHJWz+abtg38YUtSLzu6Pt3115t4/a18njELlvf889fjvPa+qM/t0Kvf06AIEv56Cwl/Dc7KMorzMln5RCbJuz+gQ+5KRERE5BYzjgxn8shwJj8BVx2l/N6WQ37wDxnlcGGKbLdMzxTMENdfWjbyHRJ8nf8zbwBDmw8CGRJQT40DGD+J8MMfcbRmElM4id0dzne6WOB4Yy5j31fI09YTzAoHKiqwY2VJ4r525z3E3LltP6mpsIN1CR1PnctcIDhxFlj2UTFrLpfzrTw0d5+nHJB9D0vSX6dw8GQSEycz+aF214cHE+z9fVgY4fYKahhMRUEciZ3G8iuoKCgkc24im9odmfxyz7MgIn1LCQBpw36qCBhFbPgIcJZgXbCQN09BSORUEqYmM3ViLm/u7rGZJiYS02bjv3A7uSUWKLJyyn82S6f28B9fUyKvrE0i/6V1rMs201qdvxp7CTDKRKD3+aOmMn/+VCaFQFWJ5zW/EJN3HyYmJs9n4uhwjM1txPq3acNo8g4PRWGx7SM2J5vs3Hy2v7abf3wtkIT/lcXGGX36X3aRO1g0CWmwLGsHoWVJvOgd8IuOI6lsMzuyKiF5Q1MpkVCip4xh5ZEynCmhbQOutWUUV4YS09UGutEJpFWupKA4lCNZaaStaj4vginJLjJLyyGm3Zr+8mKKiSamXeQ7NGIKYwqPUOZMIdTY9vwDZyCtqd3JSS4yS8sgpu2y8drCAxycPJ01fbHK2QiUV+IprNPKiROCvFfnl5O3zMLiMjO733+B6HbRaqcxiAm1BWxeXeD1YTmUG8lcXcuL1hjG9mK8odFTGLOyk7mhlrLiSkJjPCvuK0uLcUY0JxWMjI1O4YUtTo5MOUjphiRiQsfCjlLKiGlTRqa8tBiY0Kup8dZTfz1venybnmcXejuv1yOoj+fYa7S9+z2tLaO4PIiYptccjKERxM3bwJrPxrG6uJwXovu+GJSIiIhIZ84e3cufQ55hytdbP/MzRRMbXkSRAyJN/jj+UgVRXkmAmhrq/U2YgC52Tuyey42rzQd11DcMYbQJYDSTIyHn6FkiDGUQ8YxXlYAb3QMgmMlxiS2B9MTgdCZv2kN63CyCg8MIx8Lc/JeJ674RgsPCwTKX/Je7ODM4kblhc9lnf4iazDhm5Q8G7FjTrcRlFrKpeZV/zT7yOdp5G22EEf69QuwVENchCRBGWMJklry7h7la7C/S77QHgLRyFmGznoJRZqZGgbMohzdPhZC67UP2Z21kxaI0Eq9zrxZjrJnnR7mw5azFtv0co543E9uL/xaaEl9hbRIczs6mtTp/OJMSgXMhJD6/iEWLPF/Pm5NISX2exNEwIjyWUYBrYkrL8UWLUklKMvO8eRKm5jYOF3HKq3bI2VMlXvPg4OzJLzAlLmLtNhv5//U7XplaR8Gr2XidJeLzouOSKMvK4uCceNou+I0mfs5BsrLKSIprPRI9Zzlxu1ayusBrtXNtKTsXz2RZVlkne4W0tpeQVknm4tXkpSV7BXyDSFiQTu3qlewsba2j7iwvYKUllc2Fnayqjp7D8rhdrFxd4LXmupxdK1d7/RM2iKT0ZdSuXt2mXcpzWLm+gOT0lNYSQkGhjKWA3BvYFCA0IY3kgs2s956P8hzWby4mzZzgCQo7y9hpeYr0MjPZ2+Yx1llLbW3rlxOI+ev3ef/9dl8b5kDccqzvbyCpt8HtTuemltKdi5m5LIsyp+f74sxULCtzKPe6tLwgl8Jx4wg1gjHOzILa1azeWUrz7NWW7mTl6h7+J6HTuey5v55dx/O8FXo1r9fnhue4V8Ptxe9peR7LZi/kV8Ve81lbSG6BPxHaAFhERERuo5AAN8c/ysfuHcmvP0mRHUwmGB0ZjrvsMCfrmw9e5c9Fp3CFR9Lt8r26Gv7S1TGXnaLWBnEcPcoXIRFENv3bNHhyNCZ7Pnl2A+HRXmvj+2oPgMkWMsjAehQYHMcsSyab3m3d04CaQl5/Op19NW0vGxw3C0vmJtqe+jpPp+/Dc2owiXMf4t2XX+fdWbNIHAxQQ01FGMFeQXr7Pit7RvZmoOHEzbrMJmshLdsRXC7k5cR09tWEk2hpdww77859mswTvZ4JEekjegPgnlZC9tat5AO4zlGUk8exugdI3ZFKFIDJiD/V2M+ewxEZguOUlYw3r6MEEABRJFkm8ua63exmFD+d2ttNTEwk/uwXTM1/lcOu1s+mps7ngby3eWlhCL9YNA3T2Xy2r8vmWEgq23YtJTYqmZ9O3c6r/7iUDONSUsIdnMzazj8WfMHUX/yOrSmjmZo8G/+83axYEclayyRMZ/PZuPFY631V57Fi3jpOTZzPGxmpRFLCybPAxHBCruPORe560fHMYQe18THtSqgYiYlPhqwg4r0zA6EpbHvfycrFTzBugZERI5xUVRmZssxK9gvt22jXVUo6oRtWk5Dc9jxjzHKyrb9icepkVjlHMMJYRZVzAuY177NtTmdh3VBStu2m0pLKlIeMTIgIorzMSNKWNSw4mOvV4QtkW+m03TVJXgFOYwLpm23MTp3ADhewwMZnq3pZjygoiQ27y1loeYJxtUFt+liV0HSXpVmsOugCNmCesqFdA/GsP2JlTp+tXg8lZdv7OFcu5olxCzCOGIGzqgrjlGVYs18gxggQRNKG3ZQvtPDUuJWMnTAWyo9TbkxmVfY8z2p0YwzLratYPDuZyas8LftPMLPBuhoyu+m+i7lgROf4AAAgAElEQVTssb/e6O3zvCV6M6/X6UbnuFfD7cXvafQLWLecYbFlMpuNE/j/2bv/4LjrO8/zz+6Wu2WhL4i0YlmdODSYkmJKPfiu2YA0YekLNRLDSTtAT4VIN1N0ji07QyFvCnlngjMzFrN1IjOLUjnbRYKr2BGXW5lJjcB78oGtXXLNkJLAR9eZtANjLXY6/GjZnlZQ+ApJ3VZ33x/dLbWk1g9kybKl14MSlr4/Pt/399v6+X5/fmz/4r9w9r04t337OZ5b9ecpIiIiMs1R3cQfjhyl72fPE7RlJuZJJm1s+VoTPheAjyZvL0ePPM+AzQbJJJTV8If+hdL/1Xyt5hTHnu/ipG0bX5+9EPBmJ/bTPTw/kMRGkqTdzTce8Ez/neLwUFN5kp+Pf42d+ZMPLHsNgNnKuO8738L3k+MEfnIfvvbjRL7zLe76STHFwPnzZXz3xRe5r2zWacU+2o9H+M637uInxcXAec6XfZcXX7xvagqf4rseYOe3vsvWqVECO/nWD+Bb9wUIPrCVkeCb8K12fnDXm0uK1B34Ce3fDbDzLthaDBPnwfeTo5nYAi/ygx98C99dExRn9931oy5+NHuKIRFZdZbx8fH0WgexURQXF691CFPCnXfw7SP5W0q56Z4mdu3aRUN17idYlBNtLXz/9dHsIV6eCFTyw0PD7D9+kKbyGL2t9/EU+zl+sIlyZn+cZZ6g7X/6Pq/XPMn/1eUvWIWP9bZy31Nk283bfqKVf/P9Abz7j3MwuyMa7GBf+0uczoZlr2pk/zPtTM3OEz9D9949HBoYzg7bK8X7xEGeafFk1x6IE+nZR+Dp1xnN7fe6CYWMqetHg+3s3XeMwVzxodTLE88doKV6rRdwFJk2MZHpS3E1fW/JiWd7rzuuv35F5tNfTpszj///+A+3/O/smJNQj/Ppp5ku2ou1G/80vuxFXFfjeVyW+Kd8mgmIeW8pdwwOrp/noMx9zb9//ssXeJZLuN4SWl7y67kqlvJcP3eTy3vGS297oWc1/TxX8p5ERERkY7lw4QIVFUvqUr6AScbMcZLY2GyUFOjNGmfMTIDdYOkz8MSJTzpwzNM1dnLMZBw7RoEG3z/RxXvuAE1L7eO4EiZGGJkopqxs8b//JkZGmCguYwmH5s5gZGSC4rIylvXX5cQIIxMUPn+hfbLqVubrb65cPkJWXyKRWPygRagAcAVdjUm6pYibJgnsGMYy//LPFgASeUn8KxJX3CTz89+YN7FhZn9BKNxEdv/l3LvIKrqaCwBr6tN/4V8cX5w5fczZ/8T//Acf81fn/mrRuTNFRERERGTlrFYCcu2cobcrwo5Aw8yRAyJXIRUArn0rUQDQGgCyKIdhXFYCPNp3hNe5h0bfyiX/YQlxOQyMeZP/AA4MY77kf95+Jf9FriH/Qu+/v5vmv/xH3v2XTM/l+Edv8nf//u/49NuNLHHyHhERERERkYLi4fcYrqxW8l9ErhlaA0BWWZSB3tPYH3oOn7H40SIil+eLND3337j+P/wlgbv/nFgCsJfzr/+X5zjyVwuvQyAiIiIiIrIY2/Z7+eYOJThE5NqhKYCuoA05TUc8Svj0EFTW4HEp9SaykjQFkIiIiIiIXO3W3xRAItcOTQF07VuJKYA0AkBWl8OFx1to2V8RERERERERERERWU1aA0BEREREREREREREZB1SAUBEREREREREREREZB1SAUBEREREREREREREZB1SAUBEREREREREREREZB1SAUBEREREREREREREZB1SAUBEREREREREREREZB1SAUBEREREREREREREZB1SAUBEREREREREREREZB1SAUBERERERERERFaFzWZjcnJyrcMQ2XAmJyex2WxrHYZcBVQAEBERERERERGRVVFSUsLo6KiKACJX0OTkJKOjo2zevHmtQ5GrQNFaByAiIiIiIiIiIutTSUkJ6XSakZERksnkWocjsiHYbDY2b97Mddddt9ahyFVABQAREREREREREVk11113nRKRIiJrRAUAEZEZJom9+wtOJqq4f6draqsZeYvgW+8xPL4Z54478d3pxsg/bex93jiZwOO7jbKpjR/y1ithhvMOK9l+N77qGWeKiIiIiIiIiIisChUARESmmIR7fkaYUhL2StiZ2Rp//xV6Tpbga/oT3JvHifyijzfObOH+6pKpM6MnB4hubuLu/OZiEc4mXDTdu31qk82u5L+IiIiIiIiIiFwZKgBscPFPPubCmIPyinJKlvTZYBLu6SIYnd7idPuob/JQvlpBroBYsJ0+Zzstnjl7CPce4cixASKmgbu2kebmJjyreTNmmJ6nD9ETMan0PkLr4w24HYUOjBPtP0ZXTw+nh6Cyxk/LLj/eNXvQEU50m9S1eFi/KWw77vpH8MQH6B7IbTM5FRphe/39uA0AA7fPjzv/tHiYk5EteANlsxsE22YMY/0+MRERERERERERuXpZ1zoAWUtxYr/8OceO/YJzY0s/JxI08QYCBAIBAoFm6uy97Gk9QWw1Q71c5jBDczZG6W3dQw/1PHGgm+7uAzxRDz17WumNFmhjRUTpaT1M/JFn6O7upr1xlMOHw8TnHBcn3Plt9oXcBDq66e7upiNQyYlVjW0xbnxNVes4+Q/gwDBmV8LiJJIGW8piRN4K8sprb3DmwsxXLHYyzNh2L7fObi6RJMk40VNBXnklyKkPTSZXM3wREREREREREZE8tr/8y79sX+sgNoqioqttwEUS8ze/4kzMwU2er7KlYC/02cYYfPU0FQ/42OZw4HCUUHbr16g8dYjBHfdTXQKxcC9Hf9ZH8ORHFG2/DVcJQJxo+CPiJSO81/cKg4YHtxEj3HuUn/UFOflRkopt2yjLxWBG6D/2U46+dpKzI2W4by3Hkd0eHp4kGX6VrqOvcfZiCZXVFUxNxJJ/Xt6+scFXeafsfuoqpu/EDHbSXvI4P364Ojv6oYiS8mp83nF++OOL+O5142Dm/SS3bWebUQTxKOGP4pSMvEffK4MYnsx88IXvPV+EV19z4v9TDyWAo/w27r2zYu5QnMjPeOy1Wg7/1d2UZ3cWGdu422vj2Kkk3upyxiNhhm02osFXeX18G7dVODAj/Rz76VFeO3mWkTI3t5bnvagLPdOhET567af0vJY9zxim/790cfS1/Psw+WhwhM0VBkWLvQ7ECPU8T89rJ/moaDvbOMsQFdOv79Vu7APCH12Hp7ocGOOD8Dv88ldDcIuX/2Er/Pc3/hu/TN/EVyuKgfd54//5hFvv+x+pKIrxRvdrTHiqMyNiLrzLW+EoyVv/FXW3bOLXA328OVyJ56bSFQlzcjJTTrj6vreIiIiIiIiIyHqVy0fI6ksmk5fdhkYAbEDxTz7mg3PnOHfuAy58GgfGuPDBOc6dO8cHH8QYu4yv4WhvK3t6nfgCAQL+KsJPB+g+A2ASOtzGnqd7iVV5qTHihDv30mv4CAQCNNcM0dnUQSgOxMN07u5ksMpPINCMN3GE3bkRBpEedv/xHrpML82BZrwcYfe+ICaZ8w7u7mSopjlzHkfY21mod33GYGiQFl/13B1uPwf2+zIJ/RP59+NmYN9eemOAGeJw2x6e7o1R5a3BWPDe81VSQx+vL9KLPxp+Ha/fN7e3vbuBtqZqHECkZx+tew9xurwGb6WdeLiT3Z2DVPkDBJq9JI7spvVEdlzGIs/0263dmLUBAs3VnN4XwL+vD+OeAAG/kxO7s68LEXoOhzLPeqHXgQg9u/dwotJPIBCgNv4Ce1v30RNZ+J6vdtvu9uOrrqB8223c+8BOCL1FBBh5K8RF99fwFCpu3Ho/u3Y9zL3VFRgV1fj89bgiA4Tn+6QUERERERERERFZQSoAbDjZaX+OH+f48f/Kmx8mIDnCmX86zvHjxzn26lKmA4pjmubUW7S/k0NDjdSWhznS5WX/vjpchoHh8hBobaKvJ5RNwjvw72qlobqaciPB8DC43S4Mw6C82k9Hl5+bHBDrO0z0kQ4CHheGUU5105O0VR7mWDaZnmh8nLYGN+VGOdVNTxAwe+iPAQ43Tc904K8uz57XjKcnyGDBe4gRjTixz9MR25FN5hqeNp5py92Pl0f80BfKJtUdfna1NlBdXY7BYveeY1Dts3P4jwN0ncntiWPOSggPD4ZwGPkZ5TjRcIhQKEQoFCYaBxjC+8iT+L3VuMtN+g5HeaQjgMdlYJRX0/RkG5WHj3GGxZ9pVaAFn8vAKPfySMCFy9eIp9zAcPloqnuJYIGHOO/rEO6hu3Y/++oyr62r7nEe8c6dgOnaUsaWLXkfOrbgtCWIM8K7Z0exjZzilVde4ZVXBvhwfITTr5wiU+OJE59RUHPiNMYYMa9k7CIiIiIiIiIislFp3ogNx0H5732Dxm1xJkky8qvXeTNaQvXv38XNJUDR9WydM23NbH107j6dmT7GcOOtb+SZZ+ooj/USGTrCUy19ecfGiToDmNwEeHFPrZxq4Huile4fBmiJOKnx+2mpr8MNhAcHcNXn9313cJPHRVckRsAFtZ4qplPj5bjdEMm2WTrUQ+ehPgaHwTRjRBN11M/zHAwDFsvDOow44Z4OOvt+wygm5lAE5+PZnV739EKwscgC9+6dijce6qQt0sI/nnDS176bgy0HabUfZl/kEQ42Ta/ua3dWQqJQRDGCnSFq/96DgRfP1OrBQwwOuJj52G7C4+oiEguQWOSZOuerhCxgvtchFongcjpnXKvKU8vAnBauFeVsd5kET17Ac3dmDqmxMyc5W7KNnWym7Gu1lE29ViZnL45R4nZiAPHwqxyJ7OCbTdWZ6ZEunCRsuvBdzStmi4iIiIiIiIjIuqECwAbkuPFLfOVGgDgff+iAaAkVX7mFW65fagtNtHe34Zm92bSD93EOHGxibn4z02venr+p3EtLRxctxIlFghzevY+65zpw2u1zkt+jiWEqnQsvPxsPdbDnhI8DHc9lrx+m846+eY42qPKadIZMmhpmtWsG6Xg6TqDDw8DeQ/BEB50tmWNiva08NXVg/t0sdO95TUeHqKv3Yhjg7+wg2L6XduzgnXmc21NLf/gMbd7cFEUOXB4vrng/J0wXTgcksM8IYe5jGyUxXInTKLhzSc90WewUvNa1zOWrZ3tPH893G2xxmFyMu7jngZ0YgHHrbUwvLRFj+NRFtty2LTN9k6eer188ypHnT1FWlmBkrISaej+utboRERERERERERHZUDQFkKycci/19DGQN7+9GTpIW8HJ3yP0tHZm55Z3UO5uoMEbJBwBT/0u+k/0502dc4Zgj5u6gpOs510rNkSNzzuVgI+H+ggucLyrPoDjhYOZaWumxOg/eJjR+jpcDBON+/BW55LkUQb65unHvsR7N1yVhEK5hQFc+NqfxBMZYNicmSB3eP009R2iJ5I/N1CcSM8RhnY1MnflAg/1u/o50Z93/JkgPe46PI7P/0wNY/mr9ZZ7fJh9A0w/ijMEuwtPxHTVKr+blqb8p1zBnf4/5ZEH7sX3h9/k0ZZ7ubXgSJly7m5pynt9Srj13hYe/ZMm6uv9PPKnfu6sKHSeiIiIiIiIiIjIytMIgA0tOx3QzQ7KF532ZynKaXrST/s+Pz2uOqri/YRoobPDTW4EwDQ3jbuc7G4J4Krz4hwOEbZ30OEBaKbDvYcWfw/eOgeD/VG8+w7iW6SzerlvF8buPbSHanCaEU67fDTXLpB4Nnzs7zB5eq+fQ04vtc5hBkLDVAU62O8zAA/+5i72tUXwumHo9DD3NDYv496nOby7eDy4F7/fidfnZDgYYtT/HI8P/5CD4QO0TiXkqwk8t4vuvf+GhriXeg8M9p8BfzvPNBUeY1Dd3IF7Twv+Hi91jkH6o172HcwuJFz9+Z6p83JGBrj8dPjb2dvQR01jJUOhBE4Xcxc0vgYVlRjLuw9HCZdRUxEREREREREREVkWy/j4eHqtg9goiouL1zqEKyZumiTsxpKSnvMeGzcxE2A3DD5P7vTzXHvGOcxzrbiJmbAvuVf8kq7/ee7tcz6HzL3ME+8yn+nyxDHNBHbDYLCzhUF/N3734mfJ0k1MTAAb63uLiIiIiIiIiKytXD5CVl8iUXCR0M9FBYArSEk62RDiUU70hPG0NGTmuo+H6Gw5ga97H171gl9RKgCIiIiIiIiIyJWmAsCVsxIFAE0BJCIry+HCW93H9/1+TIeD4WGD5meeUfJfRERERERERETkCtMIgCtIvXRFZCVpBICIiIiIiIiIXGkaAXDlrMQIAOsKxCEiIiIiIiIiIiIiIlcZFQBERERERERERERERNYhFQBERERERERERERERNYhFQBERERERERERERERNYhFQBERERERERERERERNYhFQBERERERERERERERNYhFQBERERERERERERERNYhFQBERERERERERERERNYhFQBERERERERERERERNYhFQBERERERERERERERNahorUOQERkXbgQ5rVIGffcuS3vG+sksXdf5/XQh5gYbPPey723la1hkCIiIiIiIiIispFoBICIyGWLEx4IMencNqOqOvJWD8cGnXz9mwEC3/w6zsGjHA2PrVmUIiIiIiIiIiKysagAsMHFP/mYDz6OMTa51DNMwj1BonM2h+kJztm6+pZ93TDd7UFi8+yNBg8yu9lo8CAHD856W4t7jpvE8z6MhbrnxDrXwvcrlyk6wKn4Du68NX+jyZkI7PDtpMIBOCrY+fXtjL0bxlyjMEVEREREREREZGNRAWBDixP75c85duwXnFtyp+Q4kWCI4TmbIwRDc7auvsu47tDw/GnY4dALzG52OHQaV32AQCDvrda1rGtfjvChffTlZfLLa5pYShgL3a9cjjhnQh9StnMnZbO2J5IllOVvLN+CkUzMKOCIiIiIiIiIiIisFq0BIKsiFu6lLxhhGBd1zX685QBxouFBqPLgcmQPjEfJbHLhIEa4t49gZBhcXprq63Ab2ePMCP19vYSi4Kyqp6mhGmPqaonp680+b0abdTT7vZQXjphQzxH6o+Cqa8Zd8Bg7dqeBYRTYFY/Sf6wnE5/bR32TJ3udZdyTGSFsluKMvE5PKJrXnkkkNEg4OsxQKESo3E5ljQfncIQhwzPVbv6z9/obqZt62Pnh9nOsJ0QUJ25fPU2ewk9FlmDkFKdGtnF3tQM4Q2/3RWpb7p7n80xEREREREREROTK0QiADSj+ycd8cO4c5859wIVP48AYFz44x7lz5/jgg88zHVBh0d5W9vTaqWsOEPC76d/bwsFwHDAJHT5MKL8juhni8OEQJnHCnXvpNXwEAgGaa4bobOogFAfiYTp3dzJU00wg0EwdPbS2B6enUelp4+mQG18ggN89QHugizOZSOht3UOvvY7mQAC/u5+9LQcJz+l+HaFn9x5OVPoJBALUxl+gs+fz3HGM3r1PE6lpJhAI4HP2sjvQQ3S59xTpYfcf76HL9NIcaMbLEXbvC2JiUFlVhdtp4HZXUVXlxukAM3SYnkg2khOt7Ol14gtknv3Avr30zp73J9bL3qcj1DQHCAR8OHt3E+hZg6mM1on333oPx85arvxYkJV1xx13rHUIIiIiIiIiIiKywjQCYMPJTvvzq/wsfIIz/3Q8kzS3ufjXzQ9Qc/1CbfTS3hJiZr/yYSLeZ4AwR7q87O9pyPai99La4SdwaADTU7NAmwmGh8HtdmEYYFT76eg6Q9wBsd7DRB/poK0608XdaGhjV2g3fVEffjvgbqU14MkkYL1ttNX56AsHqOYIXd799DRk+/N7W+nwBzg0YOLx5V063EN37X566jIpXKPucR5vPMLAnBhDHNrTwpGpjxt5srsFD8MMRyupcpVnYq9r46BzCIMEg8u5JyDR+DhtDW4cQHnTEwT6nqI/5qOh3MBw2BnOG4mQ/0oanjae8bkzIywML4/4u3gqFKOpIf+lGiZaWYWr3MDAoK7tIM6hQsMaZHHvM/gbiCdf45UPAcYZGY8zEDyDz+cEkiTiMPXFEk+QXLNYRURERERERERko1EBYMNxUP5736BxW5xJkoz86nXejJZQ/ft3cXMJUHQ9W0sWa6OJ9u42PPmbYr20vgDEIkRcTpz5+1xVeIJBIixUADDwPdFK9w8DtESc1Pj9tNTX4QbCgwOE+nfT8kLe4cMRvE1AJeCtmjFlT2WVhwQQi0RwOWdEgqvKQzAYgbwCwNzjHFR5agsUALw8fuAgTXPmdqmmudPLofYWDg27qfU346/3YMDy7gmo9VTlFVjKcbshssDTm4rciBPu6aCz7zeMYmIORXA+PjvcZjq9h2hvOcSwuxZ/s596jwoAy1OB5+tfyyvCDGFeHGPLl8uwU467YoTQeyaenZnnO3LqXUYq6jQ9kIiIiIiIiIiIXBEqAGxAjhu/xFduBIjz8YcOiJZQ8ZVbuGXBXv9LZYdEgkT+prhJ3O3CwIFhzOyxPkO5l5aOLlqIE4sEObx7H3XPdeC022lq76bNU+Cc2dPbzAllRiTEzThul8GMKOwwM2AYTXy+hYUd7gbaOhvIrHNwhKe/HeLx7gDVy7mn8Oe6dJ4oPXsPwRMddLZkEs6x3laemhst7oY2MuFGCR95mm+HHqc7UL3cC29gBttuuy3vYxtnT11k+60VOIBttfdytvdnPH/GiTM5zLBtB40Pb1urYEVEREREREREZIPRGgCyssrraCztYSCvu3oseIzT9TW4MajymvQNTM83Hx3oy/a0j9DT2pmZHx8H5e4GGrxBwhGo8vkJ94WYnro/Su++DvrnrSTkQmmktGcgr+d8jOCx09TXzFzit9zjw+wbYDqqMwS7B5d+z2Y/nW292es4cHnqqTdCRGIrf08Zw5ijhbdH4z681bne/FEG+uaOYzD7O2nrzT4VhwtPfT1GKLJgLUWWqpqm/AWAS7bhe/hRHmm6l3sfeIRHH66jYi3DW8S777475+3DJX1Orn/xC+/z/oU5C4hciQvz/vsXWIMrr7nJkQ/55Og/cOFHB7h49B1+N5K3c+I8n5w6vzrPZeQsv/3n365GyyIiIiIiIiJXnEYAbGjZ6YBudlC+6LQ/S2XQ0BagfZ+fXlcdVfF+QgQ42JnpXe5qfJLaPa34g168nGbYW08jAG4adznZ3RLAVefFORwibO+gwwMOHufJ8B5a/KV46xwM9kfxtD1DmwELZn+MBtoC7ezz9+KqqyLeH4LAQTpnd3R3+enwt7O3oY+axkqGQgm8dd4CDc5eAwBofJLuljqa6/fR6u/D66uC00F+c08HB8rdsJx7WkRVYyOH2vwcc3jYdaA9b2IlD/7mLva1RfC6Yej0MPc0Ns99LHXN1O9rxd/nJRPub7in44CmpVlFRSUG18IkS6H3Ijg3z9zmKruNbUsIPvZGNwNbWmhapwNJEiMf8REV3FrhWPzglWQOcvIklGVHlWwUY28e4JPAexS1P8ymnbfAyNuMPdDJ2Pf+ji/et5WikbcZb4dNRxtX/rn88//NePAe+N4XVrplERERERERkSvOMj4+nl7rIDaK4uLitQ7hioqbJgm7gVEgO7O8fXFMM4HdMD5nwmep5y23/cXPX/l7WigMEzNhxyj0cJdznFy1JiYmgJX53nLHHXew/z+/vWgCf3LMZDxpY7NRMqOCPG8BYHIMczwJts0YJStXc46PmSSSNuxGyQongCcZM8dJ2uwYJYu1HGfMTIDdoNChC8W4YPzZZ2azG5SYb9DdB/X5I0tW6ZleNUaCDN33No7gXr6Q/6k98Q4XfAewvPg8W4qPEf0OXH+0EfvEKJMTdorK7NjnNJZgbCQBxaWUFPgySUyMMjkB1rJSpna/eYCPg/fwpe/dvhp3JyIiIiIics3L5SNk9c2e3nw51mHmQK4WjgWS2svb51hmsnqp5y23/cXPX/l7WiiMwoWVZR8nEnuD7ldHKLNfZGjcho0kCSq555v3U13yPq91/YIPkwkSg110DYCx4wH8d5Zx4a0e+k6PUbKlDEYuMlZSQ73/TiqI8Ub3q4w4Sxj5yCTp/jqBe2/NXGsszNGfRakJNHBr7vrxMEePZLeNvc9rR18nkrBhA5JJO+57HuDeW0vgTC/dF2tpuTtvPMuZXg4PVrGrqZozvYc5bd9O/KMIibIaHvDfSVn+cafhy2MXGTG24DAvMmLfQWN22qbYG930UU/L3eWZdvgyYxcvkrRBMpGgtOaPeLguO8HTQjEutA8YO/MKP/vFEJudWygyh5l0OklOR7nAM10/zKM/JfWd9pnJf4Di2yn9QR2fRc7DVwH+mc8C/ye/i9iBUcBHyfE93Jg9b/R4O79r/xCrbweceptPvvodbviRj1IAzhP77p8TfxMoBs6D7Ud/R/l9W2f9YjTKJz/4t4zRxo3f+1es2GA5ERERERERkStEBQAREQEgOW5i5s35b8vv2T5+kaS3mUdvy6RAL7zRzbE33qe64VbuDdw6dwRANEjfYBm+R/xsK8pt+imvvbGdlrsBxrmY8PLNR2+bOT1SiYcdzgFOh+Pc6slcPD54lhH317iVOOG+nzOy/Zs8emc2KW6e4uiRXt4qf5g7l3CPw8M2Gh95FFehn37DJsYfPcr92Wz6hTe6efWEi0CDu8ChBn/06P2ZxPvYu/QeCfLWbQ9zZ1kmRvO2Zh7daeQa4h9eDXLGfS+JheLfHKbv9QQ7mx8lc+okH752hFdzBYAFn+l6mcQrQeLUBYoChRfLvs73KNcBnAf+Sz/pgf+DL92VSemPvvjv+N1P3sP47g6KIi/zux9t47o326fKJ7/repRPX/wqpd/aitn1feJf3c8Xf7Q9M2pg4h0uPNDJyM7/mDcd2igjXd9njCdxfu92NtYYPhEREREREVkvtAiwiIgAcDHUQ0/P9Nurp/JWXbV9Gc9t0/2fK3Zup3Too7zFs2eKDkawbfdOJaoBXDvcJD8cJNOqjS97biu4NkL1jpsYOTuYXeJjhFPvmrirXBAf5NbNPUkAACAASURBVOzFSmrunO4Rj7GTnTeNMvTh0paDvWG7t3DyH6ByJ3fndaWv2LmdzUORgvd4w/ad073uS27D8+VsDNkYd+zMu7OKu3k4cD/VyYXjjw+e5WLlDqZPLWJbjZvcsgyLP9P14LekItuxbl3Cobf/AcXZ5D9A6X0PYj36Sz4Dfhd8Gct3HswbOwE3+Brh6Nt8xoeMd5Vif2D79JRBxbdTcfw/Uj513QSjL36fz/75YcqU/BcREREREZFrmEYAiIgIAJVfD8y/BsDmEkrzPzbKKElcxJzncNNMMHrxKF2Ds3YYO3INUlI6+6ysWz24B97g1IiHOzlDJOnmXhcQG2GstAznrMNLSzYzNmLClnlvbUpJ2UIrGttmxTp9j7OvObudqRjMwjEC8+7LnWsyRmnZrL0VWyjjYub0RZ/perCVorv+mXgEmKcIMEn2lxf3tpm/xJTdiPX1X5ICOH+B9E++y8c/mnXyzj8Bfkv69e1sWqjI8OZ/4tOu7ZScqsuMOBARERERERG5RqkAICIiK84w7JSWNc4zNU1skbNd7KyC3lNRttvOwvb7M9OyGGWUjEYYBvJbHRkbp8SVSciPjlycsTeeSC496GSCOEyv12GOMGY3Co5SmFe5E2P07JwYWUL8BiWMRmbtvXBxqnf/ws90/XDsvIOxN99j8q4dc35J+eRHDzG+9VlcvoXbsG6twPLdv8P1rUJZ/vOM/dFZJs8zb5GBu/5Xbvjuf2Uk8A9Yuh6mTEMARERERERE5BqlKYBERGRFjFy8MPW+q8pN8uwAZ8ZyWyaJvtHNT1+LMLmEtsp23oYRCdIXseG+LTuRi6OK7VuGCL0xfR3MU5z+jZPtVQ5wbcM5NMipqWEJFzgZvrj0G7gY5uRU05N8eHKQhLsK19JbALbjnh3jhTfo/ulrRGwLx++o2s6WodO8NTWfzxhnTp5lPPvR5T7Ta0XJfX/CphefIhb87Yz7GnvzAGMv+tj8wOLzA93ge5D0j37GJxPT28wX/x3Rn5wlwVaKHxgl0fUOU7sn/l/O+77P8NSzt3Odbx9l3znLZw/8eEY7IiIiIiIiItcSjQAQEREAhl4/zOHXZ26rvGcXTQXns5mp3OvF+bNjPH/WRtmOB/Df6aPJ20vvkecZsNkgmYSyGv7Q76Zo0REAgMNDTeVJfj7+tbw58R146v+Q4d5jPN9lwwYkk3bc33gAjwNw7OTrt5/l1Z89zymbDbCxZft2Spc6Qb7Tydhrz9OVyI/386X/MzF+g4tH82PczPb6JtxFDlgofjzUf+MiR3ue573sM9u8o4rKXEHDtdAzXU928IXjT/Lb7/xbLnyvFIqBiVFw/wGbj/8ZNy6lN777Qcp+8Awjvm8xVmzPnH/XHm7ILvprD/xvxL/75wzfRab982D7yY+4oWxmM9f59mEpPsAnvgOkj+/hC2UFriUiIiIiIiJyFbOMj4+n1zqIjaK4WHMIiMjKmZjIdEteie8td9xxB2+//fZltzMZj1PkcORtiTNmJsBuUOKY97SC3j/RxXvuwusSTI6ZjCdtbDZK5ia/J8cwx8FulLDkS57p5fBgFbuaqomPmSTYjFFyeWn1hWJcMP7cM9tsUDiE5T/Ta83kxCiJCbAUl7J5WZ/mCcZHEjDP+bn2bWWlS/9cERERERER2eBy+QhZfYlE4rLbWF+dBkVEZE3NTP4DOCgxlpNaPcN7Q5XsaJjnOiULzM1fVILxuSbun8lRYqxIMnihGBeMf9Fnttxneu0pKi6l6LLqW3Y2l9lXsX0RERERERGRq5vWABARkatOPPwew5XV3LrWgYiIiIiIiIiIXMM0AkBERK46tu338s0dl9GN//Pafi/N2+bvKS4iIiIiIiIici3SGgBXkNYAEJGVtJJrAIiIiIiIiIiILIXWALhyVmINAE0BJCIiIiIiIiIiIiKyDqkAICKy2sbe543gu4ysdRwiIiIiIiIiIrKhqAAgIrLKoicHiG52UbbWgYiIiIiIiIiIyIaiRYA3uPgnH3NhzEF5RTklS/psMAn3dBGMTm9xVtXT1FDNwst1moR7Qjj9PlzLjjZGuPcIR44NEDEN3LWNNDc34SlfdoMiqy8e5mRkC96A0v8iIiIiIiIiInJlaQTAhhYn9sufc+zYLzg3tvRzIkETbyBAIBAgEGjGO3qI3V1nlnBeiOFlxxqlt3UPPdTzxIFuursP8EQ99OxppTe6+NkiayV2MszYdi+3rnUgIiIiIiIiIiKy4WgEgCyDA8Mwsj3+Dar9u/C2DhILVFMOxMK99AUjDOPC62+kzuWYOjMRC9PbFyQy7KSqvomGajuxM4Mk3B6mD4sTDUewV1VTnt1mBg/T5d1PT1P1VAzl1U20dyTYfSiIr8OHgUmkv4/eUBScbnz12dEB8SjhITtufkOw38Tb4sNFjHBvH8HIMLjqaPZ70UACWXnvEzpbgqe5HIjxRvcAW1qaqF70vCvnY0vDWocgG8iX0ifWOgQRERERERGRDUUjADag+Ccf88G5c5w79wEXPo0DY1z44Bznzp3jgw9ijE1+vvbMUB/9lS4MIHailT29TnyBAAG/m4F9e+mN5Y7soe3pQarqAwSavYwe2s3BMBijvTx1LK8bvxmk88gQjum6AYOhQVp8BdKmbj8H9vswiBM+uJvOoRqaAwGavXBkbyfhOGCGONy2h6d7Y1R5azCyowl6nT4CgQD+qjBPB7pZbAyDyOc18laIi+6v4XEsfqyIiIiIiIiIiMhK0wiADSc77c+vzLxtCc780/FMAtzm4l83P0DN9Qu10Ut7SwhHtr3oIAT+c1vmY08bz/jcmd78hpdH/F08FYrR1ABQy5PtfqoNgGr8+5tp/eEAiQ4/tQf7OOMPUA1E+17C6T+Qt6ZAjGjEib20cDSZQoEDd9MzdLgzhQiqm2j21BEcbMNTCTj87GptwA0Q7syMJqjLrEZgeAK0NgXoDvnZ51WmVlbKCO+eHcVWcopXXjkFJBkZH+HiK6cw7t95GWthrCz1yBYRERERERERWb9UANhwHJT/3jdo3BZnkiQjv3qdN6MlVP/+XdxcAhRdz9aSxdpoor27DU/uw3iYzm+3E3yuHZ8RJ9zTQWffbxjFxByK4Hw8d6ALV/5KweVu3H19RDraqPXt41g4QLUnykDfTTQcyE/EOzAMyC9ZFGKUDtHTeYi+wWEwTWLRBHX12Z1edyb5D8QiEYaOPEVLX97J8SjOgAkqAMiK2cz2r9VSlsh9bHL24hglbuciC2aLiIiIiIiIiIisDBUANiDHjV/iKzcCxPn4QwdES6j4yi3csmCv/4Ua9OBvbKcnEmX40CF4ooPOlkyKM9bbylN5hybyz4ubxKvcGIC7voUfdoWIGxGCtX4OzsjDG1R5TTpDJk0Ns1KnZpCOp+ME9pfTtecEvgMdPJedzD/ceQfTOX47+e96Hz/AwSbN+i+ryUHFrbdRMfVxjOFTF9ly2zYVAERERERERERE5IrQGgCyAqKEBlxUVQ4TjfvwVhtT2wf6BvKO6+FEf3zqo3goyOn6mkzPfFc9Dw1383RXL97auXP9u+oDOF44SH8sf2uM/oOHGa2vw2XGGKrx4S2fapy+YOFoy7310DfA9KoDJqGDbfREPv+diyxdOXdfZQsAi4iIiIiIiIjI+qYRABtadjqgmx2ULzrtT778NQBgeNjOPU92sK/cRbS5i31tEbxuGDo9zD2NzXnn1eMI7SZwzIOHMP3D9XQcyKVDDXwtTp46WMc/FsqQGj72d5g8vdfPIaeXWucwA6FhqgId7PcZgI9dxm72tIeocZpETrvwNdcyWCj88iae9Lezz9+Dq66KeH8IWjrpcBc6WEREREREREREROTaZBkfH0+vdRAbRXFx8VqHcGXETcyEHcOYZz79efbHQx3siQR4zr/w8qhx0yQB2A2DOVdY7NozD8Y0E4XbEbkGTExMABvoe4uIiIiIiIiIrLlcPkJWXyKRWPygRWgEgKw8h8GC+feC++OcPjHKQ60LJ/8zpy+QsF/s2jMPXmKhQEREREREREREROTaozUA5OpghghST51WRxURERERERERERFZEZoC6ArSNB0ispI0BZCIiIiIiIiIXGmaAujKWYkpgDQCQERERERERERERERkHVIBQERERERERERERERkHVIBQERERERERERERERkHVIBQERERERERERERERkHVIBQERERERERERERERkHVIBQERERERERERERERkHVIBQERERERERERERERkHSpa6wBERGTtRKPRtQ5BRERERERERK4wl8u11iHIFaICgIjIBqYf+CIiIiIiIiIi65emABIRERERERERERERWYdUABARERERERERERERWYdUABARERERERERERERWYdUABARERERERERERERWYdUABARERERERERERERWYdUABARERERERERERERWYeK1joA+fyOHDnCSy+9xK9//eu1DmVdufnmm3nooYdobm5e61BERERERERERERELpsKANeYI0eOEAqF+Nu//VtuueWWtQ5nXTl37hzPPvss6XSalpaWtQ5HRERERERERERE5LJoCqBrzEsvvcRjjz2m5P8quOWWW3jsscd4+eWX1zoUERERERERERERkcumAsA15te//rWS/6volltu0dRKIiIiIiIiIiIisi6oACAiIiIiIiIiIiIisg6pACAiIiIiIiIiIiIisg6pACAiIiIiIiIiIiIisg6pACAiIiIiIiIiIiIisg6pACAiIiIiIiIiIiIisg6pACAiIiIiIiIiIiIisg6pACAiIiIiIiIiIiIisg4VrXUAsnpioW5CpX4aqh0ztpvhHvrtjTS4BukJOfH7XIBJuKeLYHRmGy5fAH/lIN2nnbT43FPb42dOcHjIQ6vPNaPdIPU0eYz8qxHu6cfe2MCsMDIiQQ5GqvLaiRHuPcKRYwNETAN3bSPNzU14yqcuQk9XkOkwnbh99TTlDpizH8CFL+BnRlgiIiIiIiIiIiIi65wKAOtYeaWDl7pO49vnZTr3btLf1Q/tfohHCIbIFgDiRIIm3o5WPPmN2A1wlJLoCnLGF6A6u3nw2FO8EGqjyecnUxaIE+7tIdHinxVFnEjw+/TgocvvmrXP5MTBvbzg+vtsASBKb+teQvX7eeJAK+WOOLEzfRza00rkmYM0ucjEbHrpaM1GGR+m//AeWqMHONhQPnd/3m2IiIiIiIiIiIiIbCSaAmg9c9VS/5sTnI7nbTP76aOeuoIJcQeGYcx8cwBU4/UEOR3JHXeGUNhPc02QcCy3bZCBQT9ed6F2ayDYx5nZmyN9HBusnA4teJgu737am6opd2TiKa9uor3Dx7HDQcypMPPiK3fT0PY4lccGiBXan30rNPhAREREREREREREZD1TAWBdc1FbP8iJ0HQFIBY8hqOpjs/bIb6qtopgLtsfOU3QU8+uOoOB09m0/JkQYV8NBfP/eGhuDHP4hJm3LU6ouw9fwDe1ZTA0SIuveu7pbi/1g/2E43N3iYiIiIiIiIiIiEhhKgCsc67aJgaDITK58xgDfQb13vnS/720t7TQkntrD071qnd46jAGTmMCsXCQqtoqjJpazP4wcSByOojHWyB5n4ujYReeIz3TowBifXTxCI1VUxuIRpzYSwudXYrdOcRwrn4QNzHN3FuU/s5DDDXWklsmgN726XtoaaE9GCvUqIiIiIiIiIiIiMi6pjUA1jvXPfiHfsiAWYfPfJ2eykaem7f7fxPt3W0z1wDIMWqoNQ8TjntJDFTi2+8ARy31Q4c5Ha8iGqyitnGhQKqpb/ohXaFm9nkdnDnWg9ffhSMxkN3vwDASmIn5W7Dn3unrZPfp7KQ+wxGMR/6eAw3l0wc2tdPdVvAuRERERERERERERDYMjQBY98qprTfpC5lEB3qp8nmXOR9+OV7fbxgIhemnDo8js83jGyQ4EGLAyG2bn6txFxw+RtQM8sJgM/4ZAwYMqrxxgmFz7olmiOCwj+pcjr+pne7u7szbP+6ntO80w8u6JxEREREREREREZH1SwWADaDc10i8r4uevioavMtfDtflrSe8bx9DtTVTawi4a3yEOw9BvXfxdQUcXvy1vTy97wilft+c4131ARwvHKR/xow9MfoPvoBjV33h9QWMBnb5uukKaYEAERERERERERERkXyaAmgjMOqoj3+fp256jl0L5v97aW8JzRghULXrAO2+bNd7dw0+w4XhyZtup9qLZzhEVc3SlhWu9jdjD44SKFSIMHzs7zB5ek8DnZX34HMOMxAapirQwX7f/O1XNwYY2nuMSJc/UyTobaclNOMu2HWgHV/5PA2IiIiIiIiIiIiIrEOW8fHx9FoHsVEUFxdfdht33HEHb7/99gpEc3WLmyYJwG4Yy5yyaPk2yjOWa9/ExASwMt9bRERERERERESWIpePkNWXSCywYOoSaQSAXJUca5D4FxEREREREREREVlPtAaAiIiIiIiIiIiIiMg6pAKAiIiIiIiIiIiIiMg6pAKAiIiIiIiIiIiIiMg6pAKAiIiIiIiIiIiIiMg6pAKAiIiIiIiIiIiIiMg6pALANebmm2/m3Llzax3GunXu3DluvvnmtQ5DRERERERERERE5LKpAHCNeeihh3j22WdVBFgF586d48c//jEPPvjgWociIiIiIiIiIiIictmK1joA+Xyam5tJp9P8xV/8Bb/+9a/XOpx15eabb+bBBx+kpaVlrUMRERERERERERERuWyW8fHx9FoHsVEUFxevdQgiso5MTEwA+t4iIiIiIlevdPZ/lnl3LmHbohdY2i5L/sbsfAgpS+b93GZLOvsGpFOZfalZcycsNpVCwXsVEVlHcvkIWX2JROKy29AIABERERERERG58iwUSODPn9FP5x+fe98CWCxztxdsgFlVgFyy3pK3q9DJSumLiMi1SwUAEREREREREVkVlqn/FZCeuy+9QAI/bZl1vCXvw1nbM83PaigNpNNY0imwWPM2WrO9+tN5p6exZKoLWjxRRESuaSoAiIiIiIiIiMjqSGfn1JnK0E+/n7bMrQykSWUS/YWaKtBKmukUfjr7X/77lql0fhqLxYIllQJSmUYsZI+fvkKmAJFfOLAxdbCIiMg1SAUAEREREREREVkdllyKfuYcPfkp9ly/++kj0wsOGpj7voVULqkPpEhl++5b8o6Y/ihtAYslk+zPXW+6zVTe9EK5MoMNERGRa5UKACIiIiIiIiKyCtKz/p2d1p/ent+jn7ye+7P7/VtywwMsaaYy+AXGBlgsufmBZm5PWyyk01aw5MYBpElhwZIrOuQtJ5C2ZBb8tcwXPjMLEiIiIlcjFQBERERE1sx5jv/1fl6+kL+tggef+hvu2wqcepbdP35nxhkVDz7F39y39UoGKSIrqcDXNbf/Gc89tpPC3xNu58+ee4ydVzDEq10ymcxM5ZKdPiY9a9HW/H0AqVRqznHpdBqr1Trj4/zzC71f6DpLOS7/mHQ6PRUPMCOGpcZxrUmn01hyfezTmd72mfu0YLFYSafSpNJpsFiwWS2kJpOZA622zGsJpFJgtWb78KfILPpLmnQq2yiW7Dam5/ZPpTObpuYJSmeS+1YrKZJYU1ZsFmumxz8WUqlJsEyvDZDOtZtOw6VL2DZtIpXKG5lgAYt1KasD6Ge9yIajn/VylbGMj4+rYH2FFBcXr3UIIrKOTExMAPreInLtKvTLf04Ft98O77xTcGfeHxAick0plBDIuf12bn/nHQrvzUsWyowEOhROlOcS6el0umBCfqECQqF2Cx23WAEglUpNbZ+9f76E/uzjcsde2wWAJJAinU6TnMwUQIqKNmG1WEml0plcv8UKFgvJVApLKg2pNKnJJMlkEtKZ53IpkeBSPE4ycYm0JTPH/6WJOJfiCVLZYyxMJ+WLioooKirCtmkTNpsNm82GtciKzbEJbJlu/jabFYvVStEmGxarlbQlRZIU6XQqO02QFVvaAskUFquVVCqV+fyzWrFardiKbHOmJJq5TrF+1otsOBvkZ30uHyGrL5FIXHYbGgEgIiIisgbOH3+Wly8U6uV3imd3/5h33qHgH/+nnt3Nj995iePnd14zfyCICMApnv3xOxTq5Xf++F+z/+V3eKfQH//nj/PX+1/m5ZdOcZ+SgUCm13x+Yj/3b6Ek+VIS54WS7vn75rtO/seFigize/fn5AoYucR+rr3Z29eLZDKJzWbDYgGbNQ0psOZm6E8DSUhemuSzz0b55LcjjP3uMxKfjfPp7z7FNE0mJiZIT05SZCsinUqRTqYoKirCarUymbiExWLFWlQ0NWWQxZr5N5kdSWCxWiGdG2UAaZuNSWsaK2kcDgd2ux3HZjslpdexuXQzpWXXc8ONZZTeUIrNnpv7PztiAQtFNhvYbBSa/Gf2TEH6Wb9y5ivUzWc9fQ3JtUQ/6+XqpAKAiIiIyBV3nlP9F6DiQR6b85f9Th577s949ll4rMAfADsfepCKd16m/9R57lNWQOTacaqfTK5v7hD/rff9DU/xLKd2PjY32bf1Ph66/WV+/E4/p9ip6QGAyclJIJPgyxUDUqnUjMJA7i2XVM//N/d+Mpmc0W4uwZjbnjs/lUpNTRlUqEf/pk2bpmKZ/S8w9XHuLbd9doLSZrNNXWs99PzPsVmKSE1mn6HFitVq49L4JBOfjWOOfMpvh3/L6KejjI+NMf5ZnPT4JayTQCqNzWalzHYdm0o2YUmDzWLBbssk/61WK0U2G6k0FJqcP79wc+nSJRKXEqSSKeKXJpm4FCeZTBFPmpiX4iTTKZKWFGkrFBVvouyLN7LlS5Xc+IUb2VxaTNEmK0bZDdiLi7EW2SCVIpVOU2SxFlwXIEM/6y/X7Gm7liK/QLcevn7kGqOf9XKVUgFARERW1OxfzfVrt0gh5zl3Abh9K4X/rN/JY4/Nc+rWzDnvnDsP85wtIlef8+fPAxXcMs+X7db7HuO+ec7deksFvHOe8/qyBzJTu1y6dIlEIkEqlWJycnJqeHwueZ5MZqaPyU3Dk9+zP7+nfU6hXv+543LJ5snJyTkJRYvFMnWN2W/5hQCr1ZrtBW+ZatNms2WmqMlNT5NXKMiP61pPYiZTKSwWK/GJcS6ev8j56BCJz+KkkiksabBb7RTbi7n+C9djc1qxT9qwJiART3ApkSB1aTLz+iVT2CwWbFYrqWSK9KVUZlSBxTK9DjDT0/Ck05nRAFaLDYd1E2lHCVZLZjWCZCqFlcyBlyYTTKaSJC1JEiRhkxX7dZtxJG1M/G6MxMQ4bIJPR0dJk6akpIQtlVuxOxyL3Pk1/LN+vlz7VfapuJz5rK+yW1i2haYkk7Wjn/VytVIBQEREVlyazB/XttzQ99njoUU2vK3cUgHvLKeXz/nznAcq5vvLQkSuSlu3bgXeWVaP3vOZLCJb9WUPwPj4Z4yNjTE+Pp7tMQ+p1CTptAWrxZJdCza77Gw6k4CGXILMgs02c5Z2SJNOW6beB8tUUSE32gCgtLQ0L8mWXWCWNEVF1rz2pnsfTxUjptYsSGXns09n16zNFgvITI9TXLwZu91OcXExRUWbptq5pqUhdSnFuf/+Pr86/SvGPxuj/AvlfKHsRkpLSim2O3BscmDFSnIySTKRpCidmRcomYLkpTTpSTLz8KetmSmDyPS8t1gyc/JbsJK2Zvalp5fuzf5Cml1YOJXOLuCbxmq1YE1OjyApYhMpaxFpa5pLlhQWRxEl1xkYZTdg22xnsiiJdbMVu93O8Ce/5dNPP+WGsrKCBYCZn1nX8s/61OKHMGuKq/xP1WX8zp+mcEJ/+kvAkl30efrAtGXuOda8F2F2GLn1oOdsXIbZ30WWZEV6SuU9qRnfH/K/Dy3T5z49//NkWU9k3dHPerlaqQAgIiIrLPNLaZpJ0ukiLOk0JFOks390X+29U/JHkafJ/GGRz5r3i+3Vfi/y/7P3rsGWXNd932/tvbvP694778GAIACCAB/iC6AIi9TLsmSRgmhGtijJsa3YslMqU2RSlThfXUWVlA+pivNJTsiwKimpYjmKFFu0LUVFS5YjRTIfEh+ASAokSIIkHgPMAzP3eR7de++VD7u7T587dx4EB4OZ4f5VnblnzunTp08/d//XWv91M3OKR977IB/98GP89see56FrvkF4no996KOc4UHe/x1sCZDJ3JI89F5+8o7H+OhHf5tHH7nUGuCyPPohPvwY3PGT7/2OswRos9/7TX+9r7iw+QLPPPM0rnCMBiWDQUnKATdYsRhjSf7ygrGGWhVjbDevEEOyb3GWEGL6pDWNoG8gQl0ru7u7nDt7Hh8Co9GIu+8eMBg4rDUYKzhnuwqE4XDIYlFRuEHKeG++rywLdvZ2GA4GTOcLCmOI4lH1aEyBB19H5vMF0+mM9bUN7n7lPUzW1lARrNhbSlLbH7DQoJz/6vN89t9/kuFoxIOvfSPHjh9HjEGMNI1203aJKFEiXgNCQA2opGoOIxZRi1EFEQxLe58ogAoaI8YIYoTgA8aCCPiYLJ3EGqJq0+A3BQPwPg34rAUVonocaR/yUZEQKYoSEw1xEZmUE4jKoBy2PzjNu7WGWvn1t/C1XvoNJw/qZdFP8mmEX1WQJvDVVN/YcggokdiNoaOm8XQkBeesMZjmCF7UTfBMFI2REJQYIvNFZOuicv7cLs8++wJnn9tia3uGqmILwZUlx48fYzweU5Yl6xsDhiOhLEsmI2FQCkUJ5QCMhajCoBCcBSUFDo2lCQSmXg9B025hrYCA0eaXmibIAISe/q2a7husOXiNdeJ/+uEpVGUNYtIaEkkJVHVdAzAYjFENqMbGNiyFL0S195fVkhekWcgDzhp6uW25byK5lqCjdn9j99wAtnvL3EonrutJvtZnblJyACCTyWQy1x9VLAYJHoKCDykPrx2Q3sTJbN1YVemayaU3BIxBnTSN3w78VCZz7XQ3nVOstwAAIABJREFUCB/iYw/98jU1+Vs2E8w3B5nMrcdSDPzwhx69pOnnwSybCb43B/06vvGNb/Doo5/l4sUXQCNrkxGDsuTwxgaDsmQ0GFGWI4blkLIscaMBYiQ1jrUWZy1iDcELxlqMNUm8U5Ams3w8Khm94g5OnTwJknz+ow+IE1Q9xEAInhgD0ddUVaRa1CwWc3ztiQqLqsKIYTqfUs3nzKoZvl5QVXvM5nvMpjOm0znzecViUbO+dphXveo+Dh06xNr6OsY4NOqtPcxQGLoBd6wdQwpLnAWqvYpyVGLKIgm/osvcYU3BGDXt+o1YayAKqpEoBitC0EjUiHE2ibYKxtokNceIWEk2P0ZxzhE1EkKkHYSm7zQYWwBNE2cjGAzeRxaLijgzRCISAs5bikGBFYOIbdRerr5tbtlrfTvWlZ7I36PdWO1fNV2yT/B1GjNbh49JYEcsHggBfJ0e093A7t4eW1s7bG/tcHFrl4s7FRe2PC+88AJbW1tsbm5y/vwL7O1UzKaB6V6gnlvqWhgONpqAngeUGEIXgCpKsI3aVTiHs46idGA8roTxZERZFJRlwWQyxrn0fDweMZ6MKQqHiDKZDBmNUzXOoHCMR47RyDEYWJwzlKVJ8ynKZOflLGXpGI0GFNZircE5oSyWy2MMFNZQFGk3CjU4ZxtLKosr0/cFbbeD7QUampso0a4apqt2kfYo0oN3yy5IcMmGTP8eJPxf9p5NQBqLtP6BcLkyjlv5HPYtk6/1mZuTHADIZDKZzHUlieaGGGv85g5PP/oF6s1NECWKUijYmzgA0NEFAKQZDwu1tbz6x38EM2qbAGZvo8y3wyke+eX38+T7PsxHf/FDnPrIVbKEHv0Qv/jRyzUTzGQytwQPfYBf+skP8osf/TAf/Ngv8ctXPJaf52Mf/PBlmwl+J2MkXZuj98zne2y+cJbp3i4aI86kKgBVEJKYb8uUCm6spSxLiqLAFikYMChLikGJsZaiKBgOhxTGITisdRgsUZOo7KxDJbBYTKkWc3z01HVFtVgAwqLy1HVIacAmZZFHTZm+RuDchXPU1Zy6mqGastrLwYjhaMSgHBFHAY2xeZCsa27mrIlrRFUZjUYEgWqxoKoqxEEdQxpPWdDYCLixEepVU5WAsxgB9cnmSYhYW2CNQYNPWdQiqEoTxEkZyRIV6yyYVAEQoxI0pP3D2iZLXYmaxFLvPXVVs9AaCgsDgYHFlo6icF2/hkBTsRDiNfZnuDWv9ZGie276u6D2KmQbwXiZC978tQV7c2V7GtjZ8pw9d5EzZ89y+vRpLly4yNkzm1w8XzHdg729FAibVQvm85pZNFRqqKuaEEPSq1VAHWAxOkJDQQwGig2MGOpQUdc1hrQ9fV0z1CFSQVVVhJD2M1cYfDQEDRgzJ5IqCIxtahPE4KwhxtBViZRFgXMWmgqGtp/HcCA4F4gaGZUDBsOSGD3GCOXANQ2qJQUkRwNGE48tZmnNOsfaeMjaZMRwNGQymjCZDBgMBowGQ8rCUZYD1tbXKIqC0WjA+toYIVUjjCbpHsUaGA97yf6aqhPQJoXpEv+jywcT++Y90qsSuLypj4K2QSKznPrWP11dH/K1PnMTIrPZLB+iN4jhcPhyL0Imk7mNmM/nwE16blFQX/PC57/Mb/33/yP1175JET2ikYHK6o3ETUbf9qf9a62l9p61u+/ip/7l/0Z5/PDLtnyZ25BHP8T7mqyf919OGLiWaTKZzC3C83zsg7/YZPheThi4lmlufy5nAfSZT/8Zn3/sc+zsbGGs4ozg63my1QkRX9XM53MW8wUhRLb3dqmqitr7ZSNgFFcUFEWRqgCMMBgOmYzHrK9tEIMmEV5StQBAvagIROpqTrWYETTgfY01gg+KEYcYx+HDR1hb3+D1r38D8/mMSOTo0SN88s8+SagrxqMhxoBgQZomwK5ETMEr7nwlDz30Vu48dTflcLC0lrlFbAcvsQDyyuZXzvHVzzyOKRzjtQlHThxHHPimR4IPNXWdHqGq0ZlHvDLfW7CYzjEIhZSMBkO89/i6Thn+2jZ6VurKozEyGAwYDIeoekII1N4jwGg0SpUFIQVYUgApEoNijU32Q0SiVYrJkPVjG0yOrFGMBrjhgGKYsruruGBzb5s7X3mKwWSM2KWN0RW5xa71szBF1BKjQ6NJ3vtKFwzzUZnPI1ubyoWLnudPb/P06TM88/SznD17lqeeeYYLWztsbcLe1OODb6pr2gQbCzRNr3FEATWC4ogmTaOtoKwmPY8GcGhIsvR4NEFDJHhP0IDEJv28tXdqMt6VtNwq2vyFpYWRWdl2Ykzah1WTmN6ktEvrrKPSJQEJim0bdxMxYkBi6vEBtP74KpCaTjRWVNp+e+zm0z4fFCXWWOaLOcYYDh3awJpUHRBCYDAUhkM4enSDql6wNl7jyOFDWGsYj8esra0xHg+ZTCaUpePQ4TVGo5KitJRlwdq6oyjAFckOKT0XnJXOOSg9l2WxgKb/S7ufS1oG70EDjIYQI8QQGZSm14BDLhdv+A7h9r/Wt3pE5qWnqqqrT3QVcgVAJpPJZF4SBKHwyuF5gGnNIFSIBBy3QAAAVpJYnLNUVc1ovmhuLjKZ68hDH+Aj7083/R9+34cuvem/iQSBTCZzPTjFI7/8S/DBX+SjH/1FPsj+m/5bWxC4EViEgXPUhSOqxxCxkqxebAlmMkDjmDQaMaiBqvZNFr9tvOBjY68jRCIaFLGGwlqigq89deWTDU3y4mBtUmKdxdgxRsAVyXKmcI6q8ljjiEE4cvQY6+vrHD+2wWwxQImcOnWSZ+48Qahr9vb2msxaS6QRBDVlrRsDrrEpMggxNlm9tzIxibSuKBgMBjjnEAdWknheREdRFATv0UEg2Jowr6nmNWINBsN8UXH6uefY3dvFuWTnsr2zw4WLL3QWQEVRcOTIEY4ePZr6M4TAxYsX2dy6iLWWwXDI2mTCobV1Dk3WKV2BoDhXII3PezARW5RYazuhN1UlBJBGSG6V0W9F3bzFrvXGlGztLvj0n3+Rp7++w/YLkQsXFzx3YYsXNrc5f/4CW5tbTOcV02nNdC+AOkSS7U1UJaigmkz326SaviTcVg2bZgdPorMkndwIEtuMHLPaa4CmygZFJRJNQKMSjHb3GEmoTiJ0I+HTGU31LI1EzWrGezTdDYD0bHfELBPohdRfJH2PSUEBFDGpD4JI24qazqqn7S3QLk8g2VC181dRjAjRpyCJGlJFzHRIrH2ywUIx00hZCs+d32Mxm2HtlMlkBx88wft0fjJCDB4kMhyW+FCleTYBVecctlCGw1QV4axjOBo02105dHgDkRTcGAwHjMdjRqMRAMPhgOFwhLNK4QyFEyalYTIylCPhe7/vjYyHkGpIbq3+JdeffK3P3FzkAEAmk8lkXhpUMBEGPiLBM4g1KvGmbwjVG4t3uBBRrTH41TcymevF5YSBm0wQyGQy14vLCQNZELgWjEiyhYmBUNeIS2KUaKDV/UQi2mTailjUBjBQlIK1Bq9g2uxda3AmifEak/2MMcPUFNYrQSOoYI3BFbZpAqqIhRA9g6JgOquwpmA2W6CxolpM2dm+QIgpY/qFc2CJ1KGisCbNO0YIqUeSqAMiEhSidkLz7ZBDq1HREJvEYKWua5xxSJGyrbX102/sF1MgRxiPxwzLIb6qOXfuWZ46/Qw7OztpvVhhb7pHHWomownOFEznc/Zme5w5f6bL6p7uTfG+oihLnHWsrU2wxnB44xCj8ZjgYydAJx04jfVCCPjaI4XFxAjYJtM7zTdGRWMj+l4rt9C1Pqhhd1f5yEd+m8986jRhsc6iHjI3jtBv2CAlRoaItQSvBK+UpkSb3l8iQty3jpYZ9ymbPnUOI2WaNyK7iYJG6cbl/cKSGBWVplE0obF9ik0wbznftEG1sRFqmjVrXLG6T+eKZW8vI409FOk8003XjP+XAYAmvBiXnvsGi5gUMFJJn1eNtEextMo+TW1AW+DQ/iuWQGp6PBwOwaaeF3MfKI3DWqGqa3AlwRvUFHhfE3eFEAyTtcOp14WPqfl5vYCqoCjWmgqbKjVNdmlf3toK2KZZedBp87sV4+ZpmYyhrqpUISXSWSlZYxiORoQYUV9TUjMaVJSjKf/iof+BwTD9riw2Qr7WZ24m8jGZyWQymZcGaQa7xhNtBAQbzYH9pW4m2syhlSoFa6jbBsC3/n145mZlRRj4IA8+CI89doabSRDIXH9CSJYAVVUxGKQMPBHBe4/tNRw3phENYlyx2NhvtyEi9O0M9r+/f9qDpmmzBE1jhdBO1363c66x3YipuWbzurWW+XxOWZbEGCmK4pLvzPRZFQbe9+SDPPjYYzxGFgRa+vY3ItIJxRIjxJQxW1iDNRHRSAw1RgzWJLFKQyAAhSmwrbKoHhScAISU/RtbC45GfBSB6JPAm4x6QMBIBA0YDLYJQEiMVHOPUSXUntIZop8znyUrkOl0xmQy4fzZPXxdYWkszWmazhqLahIdi9JircV7j3NFOv7MrZX+31o2teeENiu6tC6t/qgURYHaVkVuzjdNA1MfAkQl+CTseu/Z2d1la2srnVfKkq3tbTa3NwlENtbXEGsYjAZMp1PmdYXXyKKao6pUVZV820uHSEANbO/ugBHqGHBiUtNgY2gaRzR1IykYpD6gRQpSxJiE1eA93vvuvPwtcYtc64diMLHkwqZhczYh6gSkJGLTWF7TtgSIbVssEZwztI5d7XFr4qXzl8ZvRjRZxqTmystxdtf/tkvM6XLqgaaiwLjUKVdjYw9klp9vhX0BUe3Nd58PvrZmNTQBhOX7sW2mK0s7HDGpTwCkyqGo7XcZ1JkklMe6uVZaou67cWhXXvtflsEF29wkGSPUi7T/YlNTYVFFfepxEqqU7T8ajVBTIEBhhVCl+y0Rh0bBMSRWsKgUMFgZdgUUAEbKtOpU0zmotfgJ0lk1lTroppdmJahGpjPfrBNhYQ27e56NSZ2Sv5r12p43M/lan7k5uLVGE5lMJpO5tZAIRFSabDo1N/2D1OILwWDj8jUVIYjJA9nMS8tDH+Ajv/ST3MGZJAjc8ZP80k0kCGSuP20zyrIsgdSIshXO+oQQumBBK6q0In3/cZD435++/7jc++182szcftChFfdEpFvG9nP9oMWt4lf+8nOKR375I7z/QaARBB58/0eyIHBVlqYe9B7W2t5DMFZw1qAaIYb0UE3G1a2pORHTiHJGwEgjyGnrzx0bf+/0njOWQVlQlg7nDNbQmIukh0ZFo0eDp64qgvfEGLDWEX06jpfTJzFNJHYioEqyBlmVCW8N9p9T2nNIG7hpWq1203WSrvbtVdLwsUswb/72/tC6qWjSKpN/PK3Xu3be/3Vdp54BwRNioDVy70vJUXoCcFq47m9azqWdS/d7uqV/kVvoFrjWJ1sqgzLEM8BTEKUR2S/32C92t/M64NHf5leyBlVpA2arr3X7V2MbtNwpDLS2PtdwELUfjdL7rn2PJiqIK1Pz8DqE1Fia9LkIBNVuPmILjHPEKwTg049frgTTjAVgef00TcNqZ1orneVxVBRFGhOsfMdVts9VHqKms0Qymqy35MCHRdQu75FwqDpQh2uE/+90859Lydf6zMtPrgDIZDKZzPWnG93fmnRSglz1viGTuf6ceoRf/sgpPvQh+MAHbiY5IPNSoI1YVRRFl13fz7TvZ+dfTVTfn9F/rdNfLmjQz/4/aPp22jYw0Yr/rU1A5tp56AMf4Zc+9iEefegDZD3g6oghNdoUkse2oRH2V6YClcZ+o7cft9NJEtLa91b22QMqa/oy8Yqw3SqZ7esxElSIJmBtTE2ExTKZrGGMS9nC6pus20gS0Jbqt4q2rUP7VuW3LBojhCYR5DLnhXY9iibxX1UR1WTf1Gyh/ZVKUZpNLo3oHyOKNhYoAe99mjeAKCEGxAimyd5eof2v9rZjs59o1J7w376u+3eRb52b/VqvV64gu+5fp5qUdLmWa1f3odUtqcv3pPf8gAKEF7V8tffJfswug+RpedoqueT/316707Xw4N8Te8eDNFXTsbnmijFJkjcmjQ1iJPpkNxVDwDqHsQZf+xQ4iJqKH66hWcjl1u3lXr/WfaCN/SwbB+stf+56KcjX+szLSQ4AZDKZTCZzELL//j+PYjM3kof4wAde7mXI3Ahaq5wzZ87wu7/7uzz77LMAXQPK1mJifwZ++/xylj/9z14LSzFzKeC3r+3/nva1GGPy8naOxWLBxsYG73znO3nwwQe7oEDm2jn1yAd45OVeiFuEvk0HJtl2tIeBCsTGkZsmkx5tsoSBKCYJZZqmM5LCALqSvdweD/0AmO0aaSZxOSImpiagAASShpkEYhMjVVVjjAUVhoMRMSghaGrSaULqZaqpy2+yGqGxFNEUIBDaX3JLsD9o2LyIxtj9Bun9VXrVAOk/KUATFYJ2v12Azmulj/T+xFS1ISixqfSw1mCNJcZI9DWiEWJENXYZ3wdlephO/G8aRcdeQGBfVcO3xy1wrW+OnfRzl8cZsNr/oP/0WwwAt0dat057O0kXeDa9wPO+ipCr0Q88vdhgwMp1NqamvSv9OWS5bywWC5xbWugdFJTXGJEmUFBVVVcF2NphBdL8ZrMZhSsuWUdtY3KMSZZhYpdVREsVPgVIu0BDE2gTkN6ZJfY+s7Tjaq2BDl7Lya5JMCh1CAjJniv1xhAkBHD2wM9+p5Ov9ZmXixwAyGQymcxNTn/geZk7tW9jrtfUXE9vjyZ8mUzm5sOY5D/9q7/6q/zKr/wKZ8+exTmHMYayLCmKorPXaYX/tkKg/dsX79vXDrL66dO+t3/61v6nH3jYbzUEKUARQmA2m3Ve2CLCF77wBf7ZP/tnHDt27Aatwcx3Hk3Gv1HEKAS65pqpKsAgxiT//iYNuG3ECU3WeCfMpaxdI6CtwNjVDLQGL+3/mgxbAVVpvO1ba8CUuqytTKcGxGCMpSiHlOWIjY0jOFc0Wb6NmExEG+FOTSPE0Yr/2gQoVjXRW4X23BPj8lxlGp/3vpAcBfpeLe2/QrKG6SzTe6exg/pJdVurmXFRFAwGJcYIs9mMEHyzHKt9VPavWG2y+7UT/S89z/YrAm7b8WGTjb8asnnpfms/I/7qJPH5SmUYKfD3ElYwHHhQ9gL12itBOOjjqt31/6DpVoNpuvJ666HUfl6MNEGJfcGXlQNl3/1Ub/V1lUa6OrXu+6TSNlDeFyz1gYDft7pv0+Mik7mFyQGATCaTydwUtPcZ/fFnuu9Y3vml/LHWN9esDE4bF4D0+auMObvsHwGJVxicy/LrxbQ3qZlMJnN9ERGeeOIJtre3sdYyGo2YTCYcP36csiy7jELfNJ6sqip5XLf+1t53PQL6wYH+/C/3ve10q97pFuccRVF0z51zDIdDnHNYazv/4d3dXU6fPs10OqUsS5555hm2t7c5efLkDVl3me9kGnufLrsVoodomjFDVEJssl2lp20pKatZmnR7aa7vveacaSyRPhSbz4soPgZs02QYsQTSMWfaEUxjwdEF30SwzmKNYTAcgDHdYCfNXtKgZF+ibLKaeYlX3w0g6ZS9LGKh+eERcGm8FvelcysQD7AeucIKSWPH5fttj5LxeExRJFu1xSJirU1BzIMiCAfNN2paVKCrw2jHhX1z+ttxfCjLzfWyfL25/Bd31T7pf5ed7oYdQp3wfo3f2FbUtecuVgX/g6r6ui/a970hBsqiJHh/wMaSS14ybaCzqTJINUuN/ZZI2q/bjU8TlJSmX0rjuXXJt0g6j1ljMdJ85y3WvDyT+U4gBwAymUwm87ITgWDAasr2Cs3I0ihEUdIQNeKlRCSV1RcqqBi8TcNtq2BjuqeLzc286dX5Rlne7wWb5m2vME5PrrzNvZ0qQQQzKG6dOvxMJnNLUdc11loWiwVFUXDvvfdy5MgRiqKgrmsWiwWLxYL5fN49bwMAi8WCqqoOFP37Wav7aV9vGxGrKkVR4JxjMBgwGAxWnpdlyWAwYDgcMhgM8N6zt7fHdDrtKgHaRsC5B0DmerDfUqZf+ZKqTkzK4g+KMTZZvkjKmsckecsAPjbWFyY1Bk7WQMmjuxwMQIQYA8YKhbFoY2EVWj9+Y7BiKKztGtR67zGDgkgg1AEjBjQkjV/Ax5roFZ0HymHB1vYFisIynXqsSaq/bfummlS1YEWIIQUUrAjGFnRuRzfpIZXW7DIjPjZBkhhCEgQR5tM5Ygt8SCsvaNN4WWiylwWMIRBRIwQUjOA1Is42zVV1WaHUerDH5O1fBc94bcKinhNjxBYm2ZOVjt29HY4dO8J4fBdnzj6HGLDWEEKNMWOiDzhrCXWNdRYjFjGNRVRM6n6ymEqDy0IKnDdoHTEY2lbSrR99N0y8Xc6B2jaJlcYO6DKWMFcQ7K84e00pQCv9ZnrzOqi3TZs0vz/wc23fd4VA0re5zVZ76DQVe733230jeE/frt8Y053TAHZ3dxmPxmgIrI0nzKZTxBhmsz0ma2u9yiSwRhBRus4h2v4O050y9gcnYnNnlW6UPESfKqZiQawd5WCEirCo91AbUTyIYtQcWPEyn89ZWx9QDpc/StvKnjb2d7scD5nMLUwOANxA5vP5y70ImUwmc1PSZv63pd6xGT8aTYNUkSYwYFLGlVWIKgQFn5JRWrtYoJcRJNLNq2huFoIsgwEmNl69VyEJEFevLMhkMpkXQ180sNYyHA67RyvO13W9KpDsE0X221P0p7nW779SsABYsQFqqwJijAyHQ4qiSFYE+SY/cwNY3U9TdWB6tM9Xpm7+9q0xkiDmnGvEdcGYJMzVYYFTQQWCSBMESDYXpVicsZRFiYqgIVJVFfjIwBWdNZZqAAHnDEKkquedDY11gqhBNTYCpiwzyknjnU40O+DX3Kx0jjENnRTY9VI4oPkuCtK2PF6+rcvk6JXCgJVzXNucN0asTd/mm8CNcQ6tKs6dO0tZODY2NgClqmpoxPyDxnTtd0i3zNJVY0R62yY22Sb7S1G7udwm58GVldSO1m8irpB1fyMbGLff1+2zvecHkQIcSmz31162fNu82lhDiJEQPGIuzeQ/eJ77X7zs0tKkXwGCEUfhHE4t0/kuGjxRA4VTavGtIRdNG+x9bkLKeG1CHXfZ2Z31Dli96XaXTOY7nRwAyGQymczLjrDM1g8C8yLdDyowKyxWFaewMOm5jeDGE4Ixqccfy+x+39yfKLDrFwA4r4y9EAzMXZp27BUJ2lUZHER3C6fcPplcmUzmpqUNABRFQVEUXbZry+WE/WsV8C9H//P9KoKDposxdtMYYyiKgrIsu0DF/qbEmcxLwX5P9mtB5NJjJ8bIdDrFx2QP09r5SAQfI5V61AjGWhwQoseqspAZag3RwmyxwCBsrK1TFmXjyW2wNvXyiE0Ab7FYdEGydin6Htw3WrB8SZCDHfE7B6BeKcOKJRPLTG5tRPV+o93+uulv++X5SJos6tStwbUZ1SJM96Y88cQTTCYTCldChBAuc57rJ5KsbA9tU6u7HhJp2W4jsf8mQqNe1QLo5Vj/rW3e/h450CxzY+Wlbe8wPdjfX8QQoyfEiHOuqx4JMaJNUN3XNdYYvE8ifXeuaJ6Ya7EcutLqkRQEELUYdRA8a2vwpu+6lzvuPMLOdIu/ePzLnNucIjoGHa4GvPrf0QXictPfTOZmJgcAbiDD4fDlXoRMJnMbcTtVFUWgdmkMWVv4yX/yj/n62XN84jf/Da986M288Qe+jz/51V/jvf/w53nqubP82W/9JrNC+Gv/4O9w5K1vxIxH+G+e5j/8H7/ByXtO8Vd+9j/Hz2aY0vLNP/gT/vw3fgc1jtf9Zz/C6//Be/mD/+mfc/Fzj+N8bPLR+jeCy9GtLi0wl4GATCaTuc70G/YCK+IWsCK6X05c7zcEfjHsF/evdbq+GLdfpMuBgMxLxXJ/0y7b9krNWMX0RWjpsv53d3fZ3t4mKJRl2TW0HpdrTNbXObaxhikKvK/wizmznT3EB0ajMYPRgBe2NlnMF6DKqBxQuKJZwPQnhIA0jTr7/TmstNnUt9fAom850rRX6KyB2imW57qlbdCq0N82100sE4ovVR5TBYASNYmypXWpR4pP0y4WFTFEYpwzLMskth7gi96fZ/NlXVCmC5C2y9Ce72K8Lfo0XJbutxmSDdCN3WdvpoBYmyckAFGxVgiND1E6/zQVPWJpm0xbUvBP2h4XYroDRCA1KlclNNZ5g8GAGEJnrxdDwA6GVFWVguzGoGUJpGADVnDOEeqKqqqwzhLaIDyKUd+c+NranFRmHTU1NKdWrBlSWoNzc9728D38/M+/i1ffN6EYKFWARRT+6T/9l3z2M+eYzUaIVrTb34fQnTM7O8Hs+5/J3NTkIzSTyWQyNxQ96CF05dW1gVkB0aVgwLQwxMKysI65M0RjCDh2dxb83m//Do9//FPUO1N+59d/k+efPUtx+CjfeOppfu1//Qj/5qMf5dhb3sqhE6fYcpZTD9zH5hNf46G//teZWUe0Re82pr9Eq8sLXGu/uEwmk3lRHCSW919rrXcuFyzY/7z9/7VwrRUA7ff2l2P/PPqZkZnMS8Uy6HTtn1k5xprn3nti1KbhtWM6nbG5uc323ozN7Slnz13k2efOcP6FiyyqgMEgGE6eOMn9972ajfV1RoMBw7LEOrts/tv0F1g9DpqgWJOV27cLQV988O7mYl8F0DJtuVfB1L6372//I/2s/5XPNue//XY0TcZ1u18Yk7zKRdJ5U6NirO2dww7OVO5E//2va/95ajDdBitub/rr+KWwADp4HbYBof4Uq1MK8YYcMwfNPwn++4lNILIrTODS/abtQaIaMSJNw1zBOtdd4+u6pq5rhsNR9/tiDIgRrHXE0CYDQNRUUVSWZff66mER0m9Qln9THACLoPUM4SJv/yt380/+u3dz//0TxuOIc0o58IwGkf/2v/kJ3vxlmfLGAAAgAElEQVSmOxkUNTRtgyH1DhIg+OVrV1xtmUzmZScHADKZTCZzQ1G59AHgND2EpgmwpM54KgbFEMUSmztmUcPEDdCtGeVuDRdnzM9uYReR+azi6PgwD7/+Qd76xofYff4sF6sZ82NjZGODT//+H3PywQc5eupUml9aKi57E9Jb7szNy+0hnGS+U2lFKWvtZUX+a8nO/3a5WgVBX9Bsl60NCOwPUIRwgCiQyVx3vrVz/0ofDQzWOIxJx12MivcBVWF3d8rFzS2eP3OWb37jaZ599nkuXtgiBmU6mxN8anBbzRedF32MceUY2W+JdWkVT+8Y/zbXws3CgUOlXqDmQAugdrJVt//mo5eK8dJ0f20tnUQkNe7VpuJCpLFVSU2CAQwGZ123ja6FyzZPZ1l5ksce3w7JggZCZ0fTPkSSp72KHBgAaA+hl77K7KB7g9aOZ9l4t3unvXavNEsWUNs4SAnGCLGpEmg/46zFOddZ6Y0nE2bzWVqCdrrmfBFjWPm+rkeQFVT6x4uCBIQaI3MsCywVlhqLx1LhzB53njL8wi+8k1fc5RgOI87BoBBKqxTO86pXrfO3/ubDDId7bevgNPf2fNYG/dtlyodEJnPTkgMAmUwmk3nZaT38RUExUA4QsfhaibMqNfu1hrkGVAzgMAhliJQLD1aQUOMXC4brYw6fPMbr77+f+1/1ama+YtsEHv4bP4Ic2+COV5yEnQvc/Zp7mVfT3hJc/pIYs/h/Q9hvJXLQoxVBY4wEH1ZsFTKZW5HWU7gV/9vs1fY9YCUwsH9fb4X3g46Db1Uc6bKXL2PrY5sM2j77j81WwEhWG5nMt08rpLfirg++2xfbTFxrbSdEtZ/pP9p9uy8AJz9+C7Te8RbU4OuIdY4QlNlswXw+Zzqdsbu7l2wvimR7QRP8asVguLRRtrbe3iFQVfXSOiuuyJnp3/3WOKrLSoFbZBwSmyzj5JOe0qG12WZJlAfVRjik37hUu6z/NqhYVdVKYLGua2wjlELKrm77j7TrZ1AMUjPlNhlaBfWpwkODogEMFm2CNl0Wc7Nv7beR6lchhBCa5bFYa6nqeqV5a+ZFIgAeTIVIjYhvhGZFMGBsetzIRdLU8DkZHylIRE0EUUQsoelSLSZgywLjCsrhkCgeUcFqARFEW2s+SfMkIqoUzq0EBmOMLBaLbp8M3qemvM2+LmKYzmbNOctgjFDXns2LmwQVjCvxGlHrUQJK2qfHI0NZbHPk+A4n7piztj7F6CYlc0zYw8Q93v2ud/CmN6xRlhFjIyEota+bZbZI8Hz/991PDJsrlqkigvcea0w69woYl3sAZDI3M3lknslkMpkbyuVk2ja/xQV45i+e4M63vJm/8jffzX0PPMDO2fPYnQUb4hi89n4e/okfw809n/zDP0CrBUznaAiUzlLOK77+qUf509/8V9zxuvt48KHv5tTGId70wBt4/vOP47anfO1P/hP3vOmNPP9Hfwa7s2te1twH4NujvZFu/UJbMaYlWTGsZlPtzyxuhVAAsQffqGff8Uwmk7m9ucTuCkWuEAhe6UmhdAKwdDYcrZCbBPhBUXJxaxsfa5yzeO9ZLObJa1uVqvaEEFGkSUyIKxU7zROcS+KYQbrm3j7UTZZsP+NdllZA9F6+RUnroBfM6HzQu39ScCP9s297ylIIjRHvPSLCYDCgrusUfOmsUZbBhBBi934IgcIVaIjEEBpbllUboS6oChTOpWlZ7V0i/WXdb3nWs6nJfCv0fXFSKbAYMDGJ7UYiagIQUSlAS5IU31YJ3MhFbUMA0jnoGAHRGmMrsAHVXQSHkQJiQdQIUqPqQVr//fTZ4FN1wzVVFYukxrrGIIBzafxrrEn2QUZwbh0xhoWvcYXrMpasnXPHK0re/j0P8K4fe5B77z1GYSx7u4HP/vnj/PH/+ym+8vg3KcsBb3jD3cwrEImAQUWAgEaHYBDxrI3hgVffw198fjv9llTO0B0TVTWnGBbMZ5e/p8pkMi8/OQCQyWQymRuONha4ppd1HyVl3AwCfOU/fpJzZ87jjqzz+Y9/AvvcBSbTwCf+7e/BqWPM9nY54h1O4KuPP84zzz2Ha24Sv/nJz1EOHmeyt+DcXzzOF567wHiv4uO//q85+7UnMTEwKyJ333U3sfbY7qbiMqXesnw3y8ovnvl8zmw2Y29vj93d3S4Dsw0GqCqLxeLA0vy+hcJ4PO4yokajERsbG4zH45QVaB02Zx9lMi8b+/sCZDIvFX0/eWmMt/uNY6/MspmpMYZOkZNG7FMoC0fpDAYH1lBXqflliBFiEpprH5o+RtKIZv0FbBtzk7y5Tcra7fzojaDaNlS9NHCw2jj31uaSaqKuomFfEL/3e1fskpqqqH51QGMQ1E1njUV0aUdWVRWL2XyZcKApu99a2y1T+z1t1VUIsau66GiDFCsv9qpL8ujwRdJua5PuBWISmkUqjJkjJqLGgo5QNUQd8vKs56ZCWC2CYAgYqUDmwB6Fi0zWxgRvmE8F1QlIAFOhxFTVjAECqim7Pp1mZKVi6cBvltRo2DmXsuvF4pxBFWazGaPxkOAVCanyLvqIEYdIxca652d/9q/xrh97C4fWoSgizkI1N9xz94P84A/ey+/9zqf41Mf/ghPHR1TzyGDUnAtpgxapysHgqGZQ2FXpcBmwU6xzeL+gLIrrvP4zmcz1JAcAMplMJnNjkZgSVMQQYyqxFTW4piuVVYgv7HHh449R2ZgysyIYFZ5/8kl48klshFjDSGD3qeeYffMMI9LgOJ4+zwIoVFEHF3e+iVOhOn+R9QgWZVAbLn7pqd5FsL0JX5KG6723Mwey314Bkti/s7PD+fPn2d3dZW9vD1XFe09d112pfUtd18zn8y7jr291spKJt09gcc5RliWuKZOeTCYcOXKEw4cPMxqNGI/HlzQk3W+hksXKTOb6kMX/zI1kKSi32bVXE8sj2vhya198FJesfzAY4zDGIVrhqzlr4yF79Yx5XTEYOMrC4QqDVJEQA3UMTZ+i1RFE9x1iG0FZu4z15bJKZ50lYpLfOZdafLVZx7fKodUZ+qiCMel3x9jzPG8qLg4YWEkyW2n+s7RFKgcDfNNotKoqqqoCoCwHnSd5jK1Fj2MytoxHI+TwYQSYTafM53PqOk1rxVAWRVeF2D93tRZMK+ezXq+BvkXajWlCezvSD6hYUAvUjCZQljXveeSv8r3f9zCf/+Lj/Mvf+F3mC9Dg0iduuONSW5+c7kMMHjF7jMdzfuhH3shP/e0f5S1vOsnuDnzi41/j13/tdzl7bo86WLZ3atACY9IZIjX/VQpXsKhrYqgpmv2wv/+FEJJ9z3hMvagYDAZYa/A+2YgZ06w/heFgmKpegieGGtUFKjPe8F338e4ff4ijhx3WRBQPEQZNb4w77zjKf/GzP8o9rzzB+toAZyQlRIkSCKycJY3gSlYSdNqA3HI1KdYZfKwPXIsr/YxCBElj/6qqcM51FcD9v2VZMhqNGI1G2Work7lO5ABAJpPJZF4WlKZRlKabZ9v4Y4pqyrr3go2g0uZ5KaPaYBVcExCIgFFlENLMolEkNn67zXuBdBNq1OKiUiiUARYKoU3+hybzD/rlxQYIjb7Q9ijILJlOp+zt7TGdTtne3mZra4sLFy4wnU6ZzWbMpjOmsynT6ZSqqgghsFgsUvl+Q1+YH41GqeQ/hKWvLzQ3P+n5/goBYwxFUWCMoSxL1tfXKYqCsiyZTCYcPnyYjY0N1tfXGY/HjEYjBoNBFiozmevMfluNTOal5GChPPau5ZdOv9/CpUu4j8nwuy/y7u1tc+rOO7hj/SRVqJktZsz3pqmBpzEETUEANYKSsvpbWyGgs5ZJmbtNM9Pm+6y1TZZ/m3GeLIikybhN87hNxOVWMI+xJymuNjhHaYIgaV1EjZRFwe7ejJ2tXeazBZubW2xvb2OMwVrLZDxmvD7BSyTGwKgccfzocY4dPcrJE8cZj8d4XyOAb5IM9vb2OPP889R1xQsvvEDtPevDNdbHEw6tH2IyGmOdI+pqk9XmZ/RCFtr9psy3w7ISB50xGHr+4T/6Md7zyDsoC8Ob3vL9hLDLr//6H1F5i3GDXoCp+WQvCPjSoCDJVx8MyJyynPIzf++H+IX3vZMjhyxG4ORhuOe99/P93/ML/Nq/+Pd87GOfY2dngVgHKCp1E2hMFEWBsabXV8KwqCq0CUitr693djrtuSqEQIy+G/NGjUn4jymppjAWjcKodHzv29/CkcOCMx4jBg22sUiLze+A0ajgh3/4uxkMBWMgNu/vT4mqas/5szVPn36WKGtdr45rXoO9PkGqyt7eHt57RsNRc5z6bozfP0dvbaVjXkRYW1tjNBp19wZ5nJHJvDhyACCTyWQyN4y+220Qwds0+JdmuFlExUWYWUNtAYSyuZ8Pqik3rPHkqQ345t7BAN4kQX9Sp+FrbVL+ShAlNkloFgOxcRHtqrxNM40iClZf2luJ24ULFy7wxBNPsLW1RVVVnbXPxYsXuXDhAufOnePs2bNcuHCB8+fPM51OO2/efqZT29DPOUdRFN1NQP95/0aj3yOgFXTaLKHJZMKhQ4c4cuQIR48e5eTJk53wv7GxQVEU3fsnTpzg0KFDl4hCmUzmxZOPpcyNYlkB0PMFV3qe25cKVAeLVjEFDpp5tZZCwdecP3eOcrpLFKWua8qiQDU2wltIdkA0XxdXM8KFdj4BKQxoxIeK2lfNskRi1KWnuJGeT30bnLh5AwBLKX+JXPJ+80qk57SYghyxGbvFxktfRLBiCASiKufPneepJ7/BuTPn2dudMp8vsLbgrlfcxe7eHhe3NxGBQVMFWJgka1RVxd7ulMW8wocqVRXEiPc1s/mU+XzGfD5nUaXH+XCG9ckGG2sbnDx+ghMnToA1q+PALpgjS8OfJnDRNnnOvDhSYo3HFjN+4K++kUf+xltYX5uCnwOOn3nv9/H5x77Mpz9zgYiDTkS/gWM3acedHmSXt77tVfz9n/thDm8oIxMQNWitOJRX3ev4hz/317m4PeUP//DzLBaK97qMIDUHTgieEKXLpE9Ns1O/kKjKbDbDWdf0r0jnJZP+6cTvrqG5gjMGWxQQAs5F7jhxDGsVJyRroGi6ey3tEp2EsiA1yl62KkhBUJUuiOkjfOZzT7CodKV5wbWOn9vpptMpm5ubXZJPURQMGeLssiFyP0HIGMNisWCxWLC7u9sF/44cOcLaZI3hcHhZ2888ts9kDiYHADKZTCZz42j99AUqC2uvvov7X/8G1sZrfPPsc3zl0cc4MZzwure9FSkLWEzZ/MZpLmxvct8bX4sPgS/8p0/zirUjnHjgHh597DGOHDrC69/0JsqTh/nGs0/z1B//OeuHj3DH6+/nsU/8KePJGq9/w5s5/8TXqfbmjO48yanvfh1nv/402499nUKUY/e8gu2w4MLpZxl6KEI/qyuXnR7EV7/6Vb70pS9x7NixlbL4nZ0dzp49y1NPPcXFixfZ3t5mb2+Pqqqo67oT8C+XPXQ5y5+Dnrc3A23G//r6eheImE6nKzdIMUZGoxFbW1t86Utf4sSJE7zzne/s+glkMjcD1toV+6v9llVwZZF9/7TXO4O4f1Pd9+Nu/9+378pkrid9H3ntfNuXFi2qijWpGW8S09rreMq0t2IJMUDbTF4ENCJGEVGMBlQ9IVT4WFMYS+2VandKHZK39cZkkjJljWKsQUPERoPzBrUGYsAag689xhYQBGMtEkAlsLezDbEm+BnGFhhn0RBRArGpZJToiE3zUNv8Po1L3/CbgV7IBUNTIUkKZESUoCDWEOq0fjQkgdSSKh2CRmjFTCwYQX0ALCrKmXMv8PRTT7O1vcPOfEoVaigs23u7XHj8C8lKUCPeR9bX1zl58gQhep47c5ovfXkTwXD06DGMMUz3donBI6JNQEApnMU5wVeKiGMoY7Zmu9RnA8Wg5OjhI53vkpSOIMvAkLUWE8EiWG0a12pKKkmVDe0aylwNgyIEjNQ4t8vf/Tt/g/FIQXdwEjDqOLo+4Ed++A189tHfQ3VAjMPm0/2+Gdf/uGj7f4EgahFRkAVBd/iZ9/4orzo5YOAUiQFBUUnBPNXIvfeM+cfv+3H+5P/7U4K3+HoIOsZYwFVEDRQu9ZyQRnmPKqnZrwhGFWMtaFM9pMpivmAwHLJYNA2uiwJrHYtqgStcqp6t9ijLGsyUrd3zwN14D0TBoZ3BVldFgRJN86pqY8Fl2kOz66giavjEx7/C9sUCVw6IWELw3RigKAtEFVsqRUETHBNUI0KyQZvNZpw+fZq6rhkMBsQYWVtbI2pMaWAHjBva8VAbCPDe473nzJkzXQ+w++67r5t+MBgAdLZemUzmUrKqkclkMpmXAUMQw7v+0c9x/K1vYc8qb3jvT3D01XczvvcOXvdzf5fBK08xPHkH8xgx62Ne89Pv5c3v+y85/uDr0HtO8Lqffg+zk+u8+e//NMXr72HbKW9+5F1M7jrB0e96gLe960exkzHDE0e49z0/RnHsEBdYcOodD3LXTz3C69/7bvZGhm08d37PWxm89lUEMYjmQeO3Q1mWDAYDBoPBS+bZub+cuP3b70fQllS3pcJZmMxkMpnbmZ4Tv2n+9nz7tMkYttZinUVM39NFm4ZEEWOT53VAqBW8j4Q6En1AY2q2KdY01xvBGkvhHKKNGC4gYhExK9fA9FVJLRZZBtI6q6BOUm/S5Tt/ouu+om4ASZSVRmqQ2G6Ktl+DaRKJm/a63eZK1/OgkXIwYLK+xmR9nfH6Gm5QogaqUFOHVEnorEUUQh2SjROkxqqy7K+QxgeNXZNGoobGziWCeCCiEokS05rv2dOnTRRXXms3yDIQxS26jV5umjCSeJAFf/UH38YrXrGBs4IhYvBY9Uhc8Kp77mB9vexl4q+01LgBS2pTI2KJHD084YFXH8VoshntjmsiQkztPuqaO0+O+OEffAepw4gizNG4icgOVmbEeoprsvqNGkwvoCEizb4Vm3FrGuMuFgtEbDo/BU9VLbpxbVVVuLJs+ogMePRzX2V3C1DTiPlX6pJyqZ1au9NH4PEvP8vXvnYaZMhiUScxPgTKRnCfzeZUVZWWY7FYnVWzoba2ttjZ2el6ffUf3ypVVbG5ucnTTz/NH/zBH/D4449z/vx5qqq6pEo4j/kzmVVyACCTyWQyN5z2fsmORlS7e2xe2OSL/8+/58L5F9CiQKd7bF/cYveZM2yfPY/Wir5wgSc//gle98g7WZxcR4+usekifjIgxprzp5/niT/6U3Z8xVwV1FKUJbG0RAdbEnB3HOXQW9/Iv/3V/53CwuS+O5kPHIuRY14aIulGNFkE5UHj1bjUT3nZ6Ldt9tsX6dvp2pvy/Y++iN+fZ//5tVQOtFUBRVF09kJts+D2tRX/4Uwmk8nc2jQirVymwaw2Cn0KBifLnfZOWEx6X0RwzqVprEEk5ShHTfKeSpImjSuw5QDrCox16X3tdxCiq3iEpelGe7mRpk/BQUmq3bWJGytyXi/6Hu2dA1DUq/6WtqluOx5oxw9tAL+1Smmv2c45Cue6LGF6/Rtaj/4QQmP/E4ghrow/Lr/8/f2nHwloxwzL7RKuMq/MlVBSrMZjTcXbv/ctTMaWvhwsCqV13HniBCePHd93QNzgg6PZFYblkMOHpNslDloKZ+D4Icc7vvt7cBqxTHHmLGsbm7z6/oIHHphw5IjHmh0McxCPkGxIY0zVMSvVskrXHFhEqGtPXXsWi6oLGDjn8EGIfojGI3zu02d47LNnqSrBh/lViiR6USw1RBVUTVcG8ZdfeIqzZy9SlkUzjk7nSF/X0NhwCrC9vYPdV1UbGgujixcvrhzP/eScldV8jZZCbU+x7e1tHn30UX7/93+fP/2TP+Xpp59esRHKZDKr5Lr3TCaTydxwVCAK/F8f/jBv//4f4C1vfpDyda+F/3OBjzWydoijx44xxrK9fpStuoaofOr3/wN/779+P7vf9RrwFTqt+Oy//nd8z3e/jbe+4+2M772b5849T5gMWDjD+d0t1tZLQunwThidOsbauOD0U8/y9TNnWH/9A3zpi3+JGw+QkaMyyl6oKFCGxmZf1yswnU67gXtVVcQQO9Hfe39Jhj5wyd/99O1Fljfyl3p59psstg3UWtqbjf3TrjQMuwVFlUwmk8ks6TfsFRHQZGAhIohpPKx7V3FjUsPNul4AEdM2kjT0dN4kSqpEkLLx9o8pA1gsigFxIJE6KAvvqYJS+7BM2G9FatWlwq+rgr5IW5G2tAanJ2I3M6K9WJlbys5C0BQuWa7/bzVNvhc8aBugttUbad01wrsuG48bEZarSVENxAhRY9MkFZB2XHL1HMgUSGJlTNIuT/u3DTBkXhwiBtRz9PiY1zxwFxpTRUb3Pil4trG+wZ13voIvP/lk77NCiDd+MJe8+xurqxibxrpLjDbVRBHuveswoTrDqZN38Lf//t/kXe9+mKPHC4YFPHd6xr/6v/8Tv/lb/w5fH2G+OMTm1jbra2sY2wbNYhNkSsL/cDDEWEFVcK6gHIzZ290leM/a2hqLRUBiAWbI2ecv8Fu/8Qle+8C7OXFiiMaIMawehgL7g6XpMDGpaXnTg+2P/uNnuHhhlxgNYifQ2BU559jb2+PQoXUWNQxHQ4RV8V1Vu/5fwIo1Z1e1awSavtv7AwAr53hWk4FiU5FVVRWz2YzPPfo5nvz6k7z2ta/l4Ycf7hJ/MpnMknxEZDKZTOaGIb37YYAff897+Nznv8hnPvkZ3rX200zW1zj//HMEH/ncZx7FnDnDeDZnsD4GYPrceb78F1/g3re9GQlw56GjPPyO7+ULn/40m5/5FD/0t97DK0/dwbMXdpBhwV333cvxe+5iNB4R5gte8doHCEXBz/3U32F44iQ7ozW+dOQQ87rmxJ2nqB64l3JnysVnTxN98nbNXJn2Zjg2JcpJYKk7v//9dj3XWpK7Pxhwpena7/XeU1UV8/mc2WzGbDZjsVgwGAwIPgUK6rrGB7+SXZi9QjOZTOY2oBWL0n9W3uqyv1UxISSrmNYWoxGlWpugGCOYmAR/NSCGGAUfk2gZY2C+WLA3nSdhyxiMcU1Wq0VMSF7aSWHrxP9Gzk/LeZXf0S7zLUsr4kvqYXD13yKdz74x0mUIp+0WOv/vGEOXCU2U7jUx9oAeKMskBGOa4I4ma5XLBiTa3ivN8+XLl26xGAJR80DxW6Jd7dJ6tQcOHxpz5HCJULXNFLpJUxPagLWXBm2WFjk3ZMkB2Nre5slvbPGq+zaIGrGds36zTAIx1DirHDpc8TN/++389N/9Ke7/rsNEkv1XYYRX3TPiv/rAj/K2t93Nr/zPv8dffrFiMh5hrWmSWyJF4XDWEhqbnxBjz34sMp/Psc6hqkynU8py1BxrQBzy6T/7Jv/LP/99fv4f/wD33nMI2vF3r8roIIwIATAGvvHUDl/9yhmiFhTDAb5ufmcj7I/HY6azKa5wRE29vpYI+w+b/fcCL+Ycd6Ux++7uLl/84hc5e/Ysr3nNa7j77rvZ2NjIgYBMpiEfCZlMJpO54QiKUeXprzzJ29/yVurXzqlmU5756tcY+Ej1l1/lhx5+GLu7w/Of/SJff+5Zdr70FY6L4+t//HFOHT/K7s4UeWGL+f/P3psHS5Lc932fX2ZWVXe/Y+7FzuJYgNhdAAsQB0GAAEhCFgFSAIiFSUA2KYqmTMKULFm2FQpfclAh20FJ4SsUVjBMhx2mQhIdJkiRJkiaAI8FTVxLYHEujsUewC72np3zXd1dVZn58x9Z1V2vp98cwLw5dusz8WL6rMquyqzK/B3f38Ym7/nRH2NzZ5N6Y8yzX3+Incrz5IMP8t53vQfyjBP3fhn/zGkO3Qlf/J3f58RXH+DQkSO89i0/wKFixNYTT3HHG17Nne/+Mc488RSf+5OPoac2r/Vhuq5ZVmy0a4hvDewXS7e/UnT323UAVFWVZIl8DcJMoqhP2+/p6el5DtFE0s/kYNBdFq72mm9skvdRSNHbHWNSVG2K2CpGDGJsU6jWITY5AsraIwguKyiKAVleIGJwJsPaLGUWhLY4dtLQblRpZgbxWXubN+Z1ALoSQDew8Z/dxsVL+SVz4/9uWZDkpJ8XGu9m+YmRmQFYZ4b4ZXtuswbn+7qcFE9p0jQWMxFjjLPaAz2XgKYRIU1h7uArBnnk0PqQ1RWHaDmrz6ApqQdjLJWvmzF79Y/1Qnw/Va186lNf5Ed/9CVEbzDdjIXWGSFQhwm3vmyNv/N3/20O33QAm0eqqsaaHCJYhZUBvP0H72C8A//tP/kI587VRI24plg2KtjMIEFmjqYkZUVTAyOjqivyLKMsS+qqxNkMNR41BmcP8ad//FVOn36S977v9fzgW9/AoUPZrLgvSeAMMQaNqSgzRAKg0RAFPvzhTzKeWGw2wIdUsLjzg2eDKssypj45Bdq0JknV2Xcdn+7j9u87dQIsyxaAdK0/ceIEk8mEU6dOceedd3Ls2LHeCdDTQ+8A6Onp6em5BmRBWY3KQ3/wJzyodwMGFcVoxKN85L/7xwAYIi6mCfin/+WHcArlqQ0+dv8/RxTWgAc+9GEeYD5JdxEygS/+n7/OfRrT62pYU3jgD+8mGCgi7Dxzjnu+9i0yhG//0cd55E/+HBvBaMQpuNiXybkQ7UK8q1PaSgAtRv23tBP9xQn/xSb/ixJALYuawN3PdhcCu4sB6qyYmqruW6Hinp7LpVusGuZ92Vp7Xj2Ma0G3DXvJYrQGvD6rpudK0tV9h93a67ukIUjR+1a0MQqn0pdGBGvdLK1PxKKajPNZlnPw4GE2Nrc4c/ocOzs7eB8w6lEJrAyHrKyMZhHomxsbxBhxLufJJ5/k7NmzrKyscHB9hSw3xJAMatY5gkqT+SiI1ZmEDZhZ+2AuAaR0/BGdYd5RxLnuiRqT88QatAKJii5I881VjnRm+N8t89F+ri3d6KUAACAASURBVJX4mV9XjEnHOIRADJ48y2evKykD0TQSS+l403xfiNE3cxSHNYZpVVHkgyYquo1In8sOddsgdNqi7f5ajXadOQl6lhHxtWIR8kywMsWyg0RDboSbDh4isyAyRWRKJKDRNBL0yuraGja71mYrA2qJYY3P/MW3OHNGOHTIpqj82WeaUrsCiKUYOfJRgWpNqAWLQUJMxbFbWSsn/NAP3cH3ff9n+Ow9zzLeSgVFClcQ1QOCsRYNSuYc2zubrK6uNuMpXdtq7xmORmxvbQNCUTjUwsTXSFzjM/du8vFP/i5v+YGH+Lt/96d55atyXAZGAi7zWJMjTqjrAFSApQo5J08afuff3IP3a2T5EJtnbGxskTtLkRfUdSoIPBwWjMfb4HRWGHh2RDrrge5r3ynnBR9FXTo3McYwnU557LHHOHfuHLfffjt33HEHRVH085Oe5zXX+kra09PT0/NcZo85lijkquQRIIA2USXSiEA2ETWKEJttGL30tVXeRLHMmK2eFyeditHdz1sWpTJ7FujoHc9eWpDt+W5SfL8TWiPAstf3YnHR0NNzvdAumhfH0uU4z64Ey+py9PRca/ZyiM0zALrP2/GUJhJWDSEGJmVJWZU4m6cMshgpigEug/GkJqJMUMrSEGNNHA2xCEeOHGUwKCjHU6wxCE1dnDI5F1CLiEfFkGVZyjrQpN0dNRW7tXuMpVYuv1sz4IZDO9MumcsfpcD7C4Tfd86p7nrc/Uh6Yq3FSKspnvT+W4dCO99L+v/pTxr5HySSFNwv/+B223JDyzNdZWrvcVIzGsLrX/ty7rzjGPV0h/s+/xCPP/YYmakxRJR6piGvkmbxGgNlXVNWVeOcucqNF0glwJMDwGVrfPPhE3zpy0/ytrfdgrOKdANPBFCbouy7qSZJUwqlibRv+qgB1tYNx27KMALW5AQPMXryIm/6rM4cTlmWk2UZVVXjWyksVWIIrK2tMZ2W6dphBFvkGM1B13HZTXztG1v8p3/vf+Zd73oDd931Om67/TguN5Q+EILHWsUIRE3Ol099+itsb1ucHVGVgXK8iXM5IoaqrqmriizL2N7ewbjdEq+0WU/7cUouQR60S1mWPPjAg0ynU2677TYOHDhwntOxp+f5Qu8A6Onp6enZF7rRbRf4VPpP9vqcXrLR/4I0E/ie754LGV2ul8n09dSWnp4rQbc/dx0CLVfaGLVYYHXZWOrHV8+15EJZMSlaW2eR25CMkGXlwQgyyFGEEOCxx55ibW2duvZMpiWDwRDnLNYE1ldWOHr0MCsrK4RYIyjjnTG3HL+ZPMs5WZ9kOo2cOnUSX21TDHLWDx5iOFwj+howhBibYpSW2GQpiLlQtHgTRXxDG5h3S+40E0LOs/03Ed7C8p+7bJ7RvtQaRNuaDVGb66PpOh4iqgElojrXXlosKHq5lkqdewEu63vPS1RxBEajive+9038/N94D0cPZWhteOShZ/nQh34bY7cRSkTnklyNvZwYoaxKptOSa59ikTJKlIJ7Pv153vLWF86yduZiUwJiksOgufp0i3jvKkxO+p4VUG/wpcHgCALGQogeY9PnvQ+IRLIsY2dnB5dlxBDInEvZg9YmLX5rZ+OqCnWz/DE4kyM6pKoDv/f7n+Wz936Vd7zz+7jrfW/lphcUuNwSjUcRVDM2tiru/fw3MG6ArwXjHMM8ZS+F2hO8xznXOE0L6jCd/8ZmnF9ojnC5Rvy9vn+x11qss5w8eRLvPS//npdz8OBBnHPJOdvPZXqeR/QOgJ6enp6e/UGXL6lEL11yRbiAb+Cy6I3/VwpVbSIlwywlv10Mt9H3rZRJ+3wvnc5lLGqEtv/vNdm/VGP/YgS1qs5Sh/vJf8/1yqLhf5m8zn5KA10og6cr/9XTc7W5cIZZJ1IbRTCMxyWb22NijKysBKwzlFXNTTfdTJblnNvYpCy3mEw2CcFTFAVnT59ma/Mca2sjVlaGFHnGdFry6CMPY7HUVaCqaqbTKaP1gqxIcjRJLiggYgllldpiCnKSMdAY08xtzm/7XLpo/v6NdodKP02TrJHQ6Je3sf/zYr+tRvjcCC97Xs/m0h4CmuT/QojNPXxeIyA9n2+jle0RMR05oN3X0dkxX8g2WPxVi86CPU5hT4uCIZAXJa95zVF+6t/9AQ4f3sZoQGzObXes8bf/zge4556PA2OEiKoBifOaGEaYTqecOXfm2t9r1OC9UtfKF77wEKdPTbn55mT9N40TQMw8zyV9Z/mmrCVJVSmcOAVPPu4JPsPXBjUBY6EqS2L0ZFlGiKkugrU5zjkEQaPiQ8Aai4UkRWWS0zGqUtZVaosKNQEhYsWhOuSxJzy/9i8+xR//yf38tb/+Tt71469gbd1S1WOm05KHHjrBV7/yKL62RBWyLGNj6zRFNsRaC5pkQLMsw/uqM9b2XuNdK8lNQWbFiTc3N3ngwQc4fvw4x48fZzgY9k6AnucVvQOgp6enp+fKo43hvp9PPafoLsxbaZIuXWfAhRZq+2Gw3MsQ1E/qe25kuuPsQhJAV9ow0q2Xseyv+34I4eIb7Om5wux1zU9yL4o08i+ookSMOMBS157pdEqW58SgVJVnOq2JEQ4eOESe5+RFzspoxNrqiEOHDjBaGeB9yWRnTFmWhBAwWEQN02lFVdVkI4sxMB5POX3qFNZlOJcDQp7nnbGjs2D45b+rqZ1zQWP09UsrSdIRAUrXi/Z5G57f/tcNpl+4nu3lBIixqQEQdabbL83r6fzPdcBFzMwJoG1Y+QX2cTG0sfpfc2P0DYPH2S1+4n138ZIXrWLYSBI4xuOywJFjlre9/XU4F5uDa3d9uz2nk/Hk2jR/Rmpb8JHoDU89eYbHn3iGF9x8vBOptHtUp8j/3dFQ7ahI/nOlqmoefugpnnjsFMIIVUGjJ2ggyxyhkbbK8zylDADb29tkWYaIYmyOGKGqKpxzeO+p65o8y2iLiyc5JQ9N8WVjBpQ+4OyAp56e8Ku/+rvc8xe38p73vpk3v+klYCxf/dozPHNiE2NvRsjxvkIQjDWEkKL/tZFNEyP4ypMj112h3cUC3jFGptMpTz31FCEEbjl+C6OVUVMvpF8v9Dz3ub5GaE9PT0/PcwwLJO1bEFQisxnsdcKy3IDuFNAAoZmx98u9TtRe+3hJMdDF4r/L2K/FczcKqVsM7FIkTXp6rida47qIzApuLxrm93Pf3X0te9xmAHSL+/X0XG12j4NkcNOmS2qEGNM9IYaAwWCNQ8RixCEOptOKnfEY1dZQL1hjGRQFeZ5T157Tp8+h6rHGkOcFeeaIdXIeHDq0QjEYkA8sNjM8e+I0VXkCxDTj18z05lPmWSCGgJwXDdveQ2W3zXAftbT3g12m/7btmn7QYoafNJroyzIA9qI1/s+iiQWiarulmZMF2ns/oDJTIdIY0/vKrPzUfJ+LfQloCrbOzg/pHAkGou7yZ3SPwZKXn3808psvvmXED3z/7VgqRFPtLY0RZYdiUHDzzQeJssOyIxd8JAaYTCqM5MRrMhaa8SsR4xyhzpiWyiOPPMEbv/8W0kqiWefQSo+1/VMWthMa0StLQDm7GfiN3/hTzp4aY+0BRNr3QcRgmutHXuRUdcVgUMxqIYhR6qoiz3OC94ixSQKozbURk9ZdkqSw0EgEoliMzfFaE3yk3hQ+8fFv8eUvf5u3ve1O3v2eH+aeT30d1QLEYq1lOk16/xpTPYJ2DHrvcU4YjUbUusXO9s5VOie76QYgtc8X1yfd17z3nDp1CoBbbrmF0XCEdb0ToOe5T+8A6Onp6en57liefY9qhAgSLIU6iBVlqIDLS7W8XCPXlZi8iYKLYNtd546AYCQ8r1d0rXFduXAk8jKj4eJr+9W+y9FFF9M7AnquH9r+2mpae++XOgC6jgCYR0h2t/HdsujQm0fczvcTQtg1rs+X1ejltXq+e7rjYvY4xdDOouVVGx35psjvfBg0YtRKMjyGgGiYRYV6DQSNlL6ebbuqKsrphJ3tDargmVaBSeUx1nJwfY0X3nSEm44cpp6WTKeTVCZYBIMnaqCsfIq4DRExDmtTdUxRxYgiBIg1xgygawAXg5CyBrQxWBvbqIQvszJfhyjgY8SITdHPnmQb9XFXodT2XMYY0xk6zymfHCVo6Ej6pP+ts/gYwApiIYoihpThoQaiYFySGQrBM5cI0jQn1VTMVXFkWQEiVN6TZ5LOUyNZJFjwSqwiNs+JVYBCiNYQ64AJqfir+kCgCW3xKRshmCQ9ZUVugLO2vwiRN7z2lawUYLQGCYhajFgUiL5CjEnSTpCKOGjWeGsCqgNOnjjHeNMBxfJ9SCuRRwp357v3mcnC//M3IvlohXMbwr1feJIfe3fk4CiS5Rk+KNoa8NVixTbSM4aiyFEJGBvZ2Z4wHKxz6lnhH/7Df80nP/UIyAuTW8CBrwPB16gYikFOWVV47zHGcvbsWVZWVpNBH8jyHI1J+sfadn7eOBjbhBtNNVCyPIOg5FkBUTE2wzICETbOngZy/p/f/gIf/ejXiQEyd4AsK9gaj5v5smVre4s8SxlSvq7RGMmyAVE8MdrkJFAgzucAbVDOsmt5V46zfX4xWgcEtPJilz73aduS5znGGDY2NgA4fvw46+vrS7fVz2N6nkv0DoCenp6enn0jiFBaQ+kyMlMQnEOkvfVcWiaAXma4T5v6/V2h4BRsE0W4NZ0QTcaKK7gRFuH7js6jfhcNfpe8iYVInSvSrM7i4kL0k/me65Vu32yN7q0DoPvXdXZdCaP/YvTcsm22Rv/FdrT/X+i39PRcabqZXa3hVkxr/RdoinCmLEQwKjOpGNsa3qPuygLsjgMfko5/rRCwIBmKw0dDVGmKZRqCRkKMOBOI6omz+1CSn9Em+r3934h2RE6kjRlOhmkhRQ43AfHppzTvX42DehkY5nHPwCxLUqS1wXbmBpeZJbTskiYz+/DuLD4xgppUWLl7lOaXn+51DVIhV5ucLKTGprLLYWZInvlcoDk36bzMHKOSAkWkdXDI7l3dQAkbV4Xv/77Xk4kiOpeLm98fFCQ0J6cZs9I47oDMDnnmmUeoqiY75jJYvK9dLufdw6QVsrLUDPn6155me2PMsfU16qpEnKAmNPr8EARsnqMYKhUMlp0d4dFHJnz5Cw/wu7/zWR568DST8Ro+1ihbWGcYjQqMLah9jbUO78dYYxEDRTFoAgAgdu7Bw+EQawxVXdLWstA2FQrFWofgCKGmjlVycolgFAaDIYcO30Q5KcmLguDBGYNGYVpVs+uSiLK+tj4fzyLkRcH29g7YgM1jd+Bd2jHt8N2eqwvNQxazALqOiclkMssGWF1dvWa1Cnp6rga9A6Cnp6enZ38wirewWTh2LEymE85tbqXFtrYL84sTL3NCaL5Lo1NspX4EjIKJcHB9nVGRkw1XQezFNvGcp80AmD1fiPK/mDzJfmQALGYgdF/bNdmXzsS+X6X3XKe00bGtA2Ax8v9qyAC17VgmAdRmA7TGh5n2dkd2q6fnaiGt1vYF5hVzo3HzGU0R3HvRytK0xWPbaP305jySNLTjVAOReJ7xenGcziTqOu2WmfF83r62DsCNx4JeotLUPbjwb2kdJOe91t1yY+Sb3+M7nxE5z/iYPt+e+/lrbZpIu0uNynIfReOJmT1mVvhXVYkhziKQe/bmhcdvSXPzPftA2+/b92PjCLM4N+DEMyfxvgIzuCZz8Hk2mzaa+qm9j3/7DI88POXlLz6EWAjUKKaRAYogDo2QW9jYVj732Qf5sz/9El/9ytM8+q1z1OUA6w6mhQYkqR5RfKiQmDpsXXuGgxVi9MmBaAXva5zLkqOhmR9Mp1Occ8QYmsyo3UbxLMuopiWDvCDGgGjKmMidQUxga2uHUAWGK6tJ1icrqHyJ975NqkBVmE4nOGuT1r8q3nsGg4JJPaauK6qyvKrnBZY7FS4k/bkrm6y5Hk+nU06fPo2qsrq6el62Uksf2NBzo9M7AHp6enp69gUxlqlEnjGeT33rfrarLba1ZpwS4C99O5e53yuxXFZS5jqkeKTDmyscWT3AO1/9SqKzzCsHdIwJzwNm0W9xXvizKxGyn/I+y+gaQZdlIiyVINLYMR6c/92enmvFsjoarbTOomPrajgC9nLsdR0BrXNiWRv6cdWzn+zq+82fygXGgch584PWZdA1PUIT4d1oaMvM+NVxcjUGZWsNPkaiKiFGkizR3PnV3l9U2yK4MJsztJHmjYFpbpyaf/dyAyCuC5qD2W15jGHPydmio2PxmrZo5IvN/CM5GecOgW4QfvdoNyUVsM1jsQaxpglkaNsXZ9mmy3MtIrNaAZ22xhguO0v1+YjpSD4Z28mIaZSZ0pRamuLdKRsDAM1BDY8//mSSxrlGx7o7PpNcV8ocqcuMT3/iG/zQD9yMMRE1FjFDoq3AGkJ0TMbCH/3h1/it3/pTHrj/CQhDYlwjhiPE4JpMmkCIFaOVFablhBg7UetNxotzGTs7KUMgyzIAptOSvMgZDoYzh6VKkurZFfEOFFmGRRiPd1hbWcMVjp3xWc7unMJay5HDt1COBR9KxFh2phNC8Bg3X+ckWbOUbVPWFdEHbDsOYyRKU39DNWXW6K4coSvCeTKDnG/cX3y8eA1Z5hSw1qKqlGXJYDDAWjurvwCtHNv+ZC/39FxNegdAT09PT88+0Czc8oyvPPskD5TbTAmUYqiBqO2E8uKTp8uN6L9SC2YVCBKJAqdizWjzLEefOUGUVlrg+Uc3+m6vDICrTRuNvMwJcKE2Xej9flLfczVZ1g+7kfWLUfbXyvC/WIOgNYa2zsD2u91t9GOpZ79YvAdJq5mzR5eLxFkMd5S0CDYdc2/rBGi3aoxBNM6NlbNA8/TJGHUW2R5jwCSdoYX2dY3+CzoxnW3JgnNCWX5duBFoC/vSCBcpTQbARcIzVJWu/2Yx0xDaOchuh2P38a7rjew2+NFsz9pkHNXYzGciqJF5MfO9LlltP+jInyRHx413jq42p0+f5rbvOTozRl8UUdCIIJSl5+zZc0QCKvGahNzowuhM2TpQ+cC9X/gK0+nbWR1ZfBR8KWxPDQ8/corP/MWD/PFH7+WbD57GcBCNx4lq0GhQBJNDWXucMxgcVV3NHP4igrEG6xy1rzE2Y7SygjFKluVMpxMOHDyQslBiE5ADMw9iNx8qxsiZ02ew1lLVFXk2QTVnbb3gzd/7Wl75yleiccAzj5/hs/d+hdOnt3B2gMtTm5xLJkNjDYUtGI/HDAYDiqKgrmum0ymra2tMa48x1VU6K4numN/rcZe9rqnL1g+ROHMwXCjboKfnRqJ3APT09PT07A9W2KimPPjs05w0gQqTjOcRkMsxoMuu//Zkts6+MosxoxAwqMAYqGLgWydPzBeJz2eEixr39ttI2eViGQjd1xeNBYtRQD0915JulKGqNoX/zL7XALgQy5wAbTsWHQCLn+/HVc9+sevaLZI0qmc1AM4nkgIEdOH7u/TeZR6QrKQI/Nj0ZSOCtUl+JIZICB7vPT4Egg+4bL6v1P9T1oBzLqnTsPv980fG+fehWcT5DTSOZg6AjgVS9cLZgbNr2a4X99j+EiPfXvfxbnaFdpwsyeHSZgDIEokinf9JU2SUVKw0faljyO7t/xfl2ZMngRdgTUY7ulKV2It0bTWUpXLq9Dl8jNd0GOzuM03zMDz8rUd5+Fsn+d7X3MzJk54///R9/Nkn7ue++57i7JltRIbEeBPWrlJWFcYKamowUwJgswwfI9ZZqmpKnuezPlXXNT7UWOeYTHaw1lHXHmsteV7gfZIFCjHM+75RkNaZZjAaQQIuBxSOHjnCubPPEmPB67//Ffzcz/8ILhNOPL2NkYofv/kv8Zsf+gNqH6mDYpzrZDIpPtSp0C+Kr2sgyQuV5TTJF/nLyfHu6em52vQOgJ6enp6efUKY1jXTAJWmlOyoKarn0iPoO4n5l1z868qsxmK7qWYuGwW2qwnxxlmH7xtd418bGbkYmQxXzwmwGJV8oaj/np7rla6sDoD3fpcUUNcIv5eR/Tsteth1ii3bZrd9rfzGXIaDXVk4rfZuT8+VpGuESjrXnf4vAhppFSeSxr4So2CNxYqQ5zlipsmIHzX13RCIIRB9SMb/dlwxN/zrzDicjL8hJhmMqEm7H1Wcc6h66N7rBIwYYoxY6zDWpH2177eZA8aiCj5GNEZCSFHO6XvJ4aBRk3PjRmIxpYLdEjqy4BXR2GQMNNcZ75MQo2sMkMBM9qeNSBYRqqqJmhbAmpTd0Vx/gkbEGGIM2MYBYLMM4xyhqhFM46dQjHG7I9QlxaqkdirGpOwDazLUxxSZXZY33nm5Bnz1/of4yfe9pXFmKUIFUjXBQEtcYQqpVphhe9uztREQGSX9/6swjRN2O5qsmdcdsLMAJgEzZFIHfvP3HuRPP/kUf/zRj/PwN0+hcRVkADJKDiQNyVguhoBvUoxN+vmqKXEoBgwCURFjqOuavMjxoaawlrKMWKPJ+K4gooQQqaoSI8L2ZMyxo0cxFja2TrI6WCNMIiHucOjYAB9LYr3CeHuTlbWCqNt835tu54knHuZl33MThw7Duc0nefWdryMrIMsHlFXEZY5yMp0fmyYzoSgKpjtjxEi6hpHmA6PRaJbwlOo47HMAkJ6fFXneX1T2yqDszquWOWAVxfa133qeQ/QOgJ6enp6efUDa4J7GYC6IKhaIYi7DQNU1RF3ad/bHyKupsFe/zpuxV3TvXpPr/WYvHfILtkfoDZU915xlkauLi9K9jP/tZ7/b/S/bxoUcD8set9vqbrenZz9YLg2z6wMzCRmNAZWmWG/rOIgRDcngvlfSoDWGICbpkkvcI1OscT60kehI87QpOD8bW8vvg7oYKr/kNzbfvpTDcl2gS37PLuGXmUSJNnZCmfkJhGTkt87uci5673dlQLXXRWmMsd3z3+qmQzMv6FZfaM5HCGHWFwgRojTb3S1VlLbZRqzvbv/s/Rvn1FwjLJ//3Dd44qkNbn6Bw7kUnW5UkvTS0ttE6hmKcOb0JtNSEJOjcf/kN/fKLNndKmkM2+25t1TViA/99qcxEqnKyCC7mbq0aLRgdoAKpAYt0cYgnrZjIRpSseC0feeSodkHn+R1fIVxqUBtnudNf1c2NzcYjVYwVsiyDGMMh4cDqromF8fqcIVQTjl8cJ3bX/ECXnrbKg8/8jhfu+8MKyuHCTpBMHz70Ue4+fhL2dra4ejRdQ4cLAgRRCJbW9u4bMhkMpk5PUSEoiioqorpdIoYg69rqiqQD5OGfnJaPrfu/SEGLBZj++CGnhuf56eIcU9PT0/P/nOF5kgXjey4KobmTiZCzwzpLOSvlqH/UrlYn+gaLPsJfc/1RNewvyy7ZTFqbT/GXnebF9p3twbHYvt7evaLi3axzjU9Nn0VGlX65ppvRFINgHZbC8mGbTaL6UgFXWi/7edm9xOZ319U6WQS7NrdLMp093vtNeDGkxxsf0+3/MHSw9Yx2KeMjd3XvO41aFlm0eL1cff1SgkXmAOEEGYZB61zQlXnhYVps1UvcH1dcH72LEexPHNiypfve4TSayOzZYlkxD1MUaJmZmw/cfIkk3K6mExyTWgzWNL/hqgG7w3lBOrKYSTDOMWHEoiY9ncQwIwRUyKkDB/RuSFu3s8hqscawfuq6fNmV18HGAyGZFlGVZZ47xmPxwiCxTDdKSnMkAMrBW/6/hfzX//S+/mv/sH7+Ht//6/z4hcfxfsSiyM3B/jKFx8BHVFPR3zh3sf5kR/5QR595AnybIWiGFCW5Xn9u83MyfOcLMsYjUasra0jWETsrETGc4V2/M8chj09Nzi9A6Cnp6enp+cS6Cd+e9M1CF4PLI2WjsuNlz091xN7Gf+7BYH3MpLtVzsW99ltUytT1I+lnv1imdH3Qobxxejd3UUc51IyIkIrQHJeFsBMu34xyCBe2ArZZjzK3LDcaofHhXEqC/vYRSurF2/Eecf5v6U9X0trHLR0HCZzvXWdGeatTVkBZonkjogkKZ7mr3WgtLH7IQTq4AmaSkEng54SY6rn0GYYqC62cW6Yne2n03ZtMgx69kbV4MOQP//klyjrjEkF0eZEyZbXbWhGTjsmH3r4YUKjkX89yC3NuqwoeZ7hsowsG1FOa6pqTNANTL5FYINiaHCZAzGoKCqxqSkRF7bZkeCLu6X9nHNkeUYIHohsbm7gnCPGQJblrK+vU+Q5sZHlHLocrUuOHjJ88Bfewu23FwStedlLD7C6YlBfI9FST5THvnWWX/lnH+YTH3sUrY7zv/3KH/C7v/0JpjsZxmSsrq6S58VCWwVjHFXpqcqazc0dTp86TVXXyQlhGtmfzrjfv3NxZcfe8nuNzrKG+nlOz3OBXgKop6enp+c653IneFd+gWAaDdk2279n98R7WRbG1XSYLC4il2WGxIUihBdqa58R0HMtWTS6A7PF58UyAq50O1qpjRhj0tlecAS0RYC7++6jYnv2mwv1rxSdOzcCt/dtHzwhRkzHuB7D+Qad1k2QbFi7pV/EmD2nGKoKsY0QbtvYRJU3xrB43j2n/Wz6W9QeTwpByyWCrntmHo7dDkJBZhJNba0DmuuLEYO6dMycc3gzj1VMhU/zVCSVtvh4J9Ojc01qNdtDCFRlSV3XJLtkqtcgzflJBuWk7d8aXY0IxoC0TiLTiNG0u+rWRLlIcePnPZrOt8lGfOnL3+SP7v4MP/ETbyEyJS+EGOqZDNSyub4CTz/zNDZzTKoag0l6+cDVGhOz+ytJFqwtNK6qTMttrIOIISsixtTU8SzFaEiscqo64L1grEOJ6Rqy0O5d906NM+mr5t2mbohHJI2B1dU1nLOEpNXDeDKe9UmjCqEG3eR1r7uD219xGKs1q7nj3GlP9IKzFmOEPM/I8yPsbCof+9N7+fM/+wxRlcweYHurAqv4GLDOYbrySAhlVbIyWiH6gLU21Wdw6vi2NwAAIABJREFUSh23mEwn+3k69p0LSZu2dY92n6OenhuL3gHQ09PT09NzEZLupu8Nw+w2tptGF3RxAXw9LohvhDb29LQsOgAWo+yXOdyuZJ9e3N55GTX7uO+enr24lL6WDMOahFw6xrtWBAgxjU6/Noaz7vaaKsJAY7pEJGLFYE0T3dq812qUt5udmemjQmyLac9aPovmXzQAzrWHZq6H9HmNyWh4nbJ4FtrnpqPsHyVJLGlorhVNcdCU4tDch9vzICkav64qqvGEyeY2O+c22Ty3hYiwsrJCrsKh0Rp17plMJ5TTirqs8NsTvBF8XWHqiDMgVaDemlBvTwm1R9s6nibHOEOoPVEiWJdqApiauFojkWRobrMKxKBWZroJXVOoNjUDotCUE0694AZ12ewTQhmEs9vKb/zWxyiGGT/8Q6/mwBpk4jAEpO3nKo1kVFtg2/DMs6dQDNY6NFzFVgugjVyPgSQH5UHBSKoLonYL42oGgyEve9ktvOx7jnH4sOHYTQcYbxn+9a/9Mcas4UOjiz8bAKaznyRvlZz8nizLZu9p46yMqngfsDZQlmManyIh+lQ3oBlnxghZBgcOCO/7ibexsuqxGIIanj1xms2NKdFDWY/JcoexOcELgQm1rwg+J89Laj9lUKxgxRFinMldGWNSUVxrU/afD1hrcFnGtBojVshcfvVO0j6zWB8phNbh0UuH9ty49A6Anp6enp59QWO7WD8/8vpG40bU4d1PqqrCe49zaRrRTdtfZK/XLqdPdNOhl6aMX6Tw6DI5k/2Kmu7p+U7ojqG2D3f19dvHdV3PHAHtOGoN84vf7xYPvhAXM/R329hGwJ0ns9IYMbq/pafnStCVx4AUBZteSgY1Uai9R4ioEaw1qAiqgYjiY9KsTjbcZMwSiUSjBBOpxaMGpDHyWsAahxGXDLw+IihGI9F7okbqCAGDGrAG1Ch+UpI5ixWXCg+nAF3qqoLRAGMsxrrUbB8xKjgDPkZqDYABCUStUBkQNaS5hzSGw+vMqtxVJ/LNcytgFQgV3hq8WPAepgEjhmhAJeIsZM6gWXK5BInEECmswfpI+ewm8cQW2daEwbkxviwp5Sy5tawMhgS1THxOiBZMgX1qk2AgM8oRzbBVxG5ucFiFg34FojZ+BoFtgxOD1YzRYMi0rDH5kPJcBWaHbOIxA0VtxKsCgcxkGKuIiRACqoLLR4huMg2BwkAWFTTiQ6RSoXDZ8gP3PCNikbhO5Yd8+/Et/sn/9GHeds/D/M0PfoBX3XoYYQMft7EuOV1QC1ohzrG9XXHqTEnQgmS26t7LdFddDW0yb5Lzb6+cguUtTN9v6ng0zitDk7UTPUqJdQHiFKjICsOxm9a541W38Jff+Xre/KY3cPy4YzA0GJscg76CT/5/n+GBb+wAq8ydhibtU7pCQDrzDagRog9EPHmW44wQ1aDGkDvHcHAQH2tUA6oBR7ofawjEusaNIne+5oW8+rUvQpkQxRB8zre++SR1qWxvTRiMVpDgccZTh5IjN1le9KIXc+YUPProaVZX15lUJT6kDIDMOGKIWGOxDpx1WGcpQ0mM4Os6taGRQGsdeoJJMllL5hW75u0mHYxZXbHFDN6F78bONveb7jxoPB4zHo9ZXV2lKIp+ntNzQ9I7AHp6enp6rnOulwnW9dKO64OLSf1cLcP6suKAi+2YTeD3aNKiQ6Kn52rTXdS2hn7vUzTg4lhblOFZlAe6HBmueZFSPe/5ssV2KwO0uI+6rmfOgUWnRE/PlaLbV2Ns5d2a/ihJmsP7gDGCEiC2shu0UQkoSh0DJgZC9On7ElE1jQExKcerpkhdg2BRnChGkia3WENUIQTFh0AMAWuyZDqMqQ1BFWMEay2IIaoSQjJ0x5DkNWAuIyOSahsIsckoaPXlz5cNua5IiktEESwgPqAhoE5Qm7T7pQYbk3yKUdA6oHWNZJaogUjEWodRgaAYHynEUpgMMRmVerQOQCCWYyJKHpOB0ZFhohBIbUCTE8IoiApiwdgmJ2Em4C9kGlnxGROvGGuZBqWYeOy4xhUeYwusyVCbYWzWnHthkGWUdUU5nWLVYsTiiYTgU1y3TVmj/bWPNG1WQY1ByZC4ws4Y/vwT3+Thh3+VD/7sX+GH3no7x44dQ3QHEyOi4KwlRsf2TmA6ASMDfFPQYX5fkz2n5V1D8gVpHYlNxkFyYYcmtydis4hoTZGXHD5kue22l/HGN97B699wB69+zYtYXYPBsLF3p6SWdMmxkcoJx44d4Rtf3268Ym0hiYXj07RDxCBNUE3la9bWVqirCm2KAIcQ2NnZISsc1iXHp8MRa49EJc9y8lzIsynvfMebGYzScY8o02nNV+/7OqdOP8yx4zdz60uPc+RYzmte+3Je85o7OfaCHGsq/tW//BKPPfZxvE+BB6OVFaqqJIS5FOC0nLK2ukZd1Z0fYqgqj8vbrKpLZzGY4Hphr0ClEAJlWZJlWbq29/TcYPQOgJ6enp6enkvkul6EXwd0DZOLkcP7zcX2oY3hZ1lkc2/877nWGGPI85yiKBgOh4xGIwaDAXmezxb/rfbsvBjm/Hn3tUXj+8X6d/dz7TaKosA5N9t2u9h1zs3+2lR4gOFwSFVVOOfI8xznXK+T27PvKI1wfufe7FwGTdHdQJLPkMZYH2PSdm++3Mj7LWxT2/tFU2xYmuwaA2K6RYgjIpp0wa3FaNIIjwi2yX601oFJTrXWATBzYGhSwVcxKXshaZ8QYzL9M3NI3GC0zhgkWUODYoIyUItVi8NSiCVTQ10GglZUVU099jDxlOfGhBhQK3gLtYFaQUOq26DSRFGLIWudO6Gt6ZCeB00ZCQaS4yfptkBTXBhNWRjOe3zwSMiIMbBT1zz05a9iBxmjYwc5+OJjDG4+yODwGsWhEfhIMSrIsGRq0QhZBNvWdRUw1mLor31zIkjZPFKMFEQPjz8x4b//5/83n773FfzVn/gR3vSaW7GmxmpNlmeM68DW5lnqGpAMjc19ahbJ8d07mJuctZRJRHK+iXgMFdbWiCl56UtewDv+8hv5obfdzmte9VIOHs4ZjmhkeRQtlWJgqT24NlEnGMY7cO50iXON86IrB7br/pze7N6HrbVUVYVts/oQXJs9FEAk9TFRsGIRGyF66nqbF9865I1vemlyeKkBUbYn24xGgQ/+4o9z2+0v5pYXvpQY4cQzT/LQw1/gY3+2yTNPbfPgg88iRjl1+mlW1w9RVxXD4ZDx1oQsz5hOphRFwWQyYVpWjIrB7FhOJ1MGdi4N+lyim3UZY2Q6nZLnOcPh8Bq3rKfn8ukdAD09PT09PT2XjKrivT8vOhnOL1S6KN2wXyxKAC0WBG4n74uR0+1rV6ONPT170Rr4u2nuF5LhabNeusXoYow4586Ty2rf24s2e6bdR7vNvSS3FsdJt33dTIEY4y6ZsJ6e/SBFWqc/JRmBa42oBoKvmsyUJAFUeU8AnDGIWMQ4rNH0mEVdZyXGJLGRDI3tfQJCqBujXYoaVlIWjpGm4K8IJhg0RHzwECVl9AQa43gk+EDuGgea7pYraeoI37iOaQGMAQQNERuFAY66hunWNptnKuy5AlYtm/WYUmvquqYaV0gZcbVQVhU4izpDsEn+RMRiZ0V7BaLgVJAI+Ii1Kdo/+YS00eRv1JMkFVgFiE2GRU1kHGPjbEnGaa08Tz7xBGWoGZ1a5/DkHCtbR1i96SDDzTXylQHl+pRCCrZPnsVNJuQ15BiMsWC0yXLo5xMz2poPgKhBxKFRUDLGE+XPPv4AD379Sd7/nh/mZz7wDtZHBdvbJZGMkyc38ME09TMaPf5ms7G515mmr8msnsflHXtrTCoG7iMRj2FCvlpxxyuPcdddb+Wd7/heXvKSIcPCzTR7YuN3dEYIUahLaOuAeAVfwsc++igPfeMERtZTdg8GmzlAqMuSqClqP6qiMZBZhzR1MCQqwXusyyBGRAPWQJ4XoDAdVxxcP0QoK6xEvN9BJOA5x2133MzBQ3nyd5GyklbXHO//wI9z+nTJgw8+zUf+8Pf55kOnePbEBi4rEMmYTKZgIMtzDhxYJyLU3lNvbSExHaM0z8goy5oYIsGnDKhBUZBlOVGnjMeTNomK54p8aneeY4zBe8+ZM2c4duzYLEijS7+e6Lme6WflzzOqnR3qbIWV5059lp6enp6eq8zMMHme/ur1oa1/KXJAXQdAP1nvuR7w3lOWJZPJBFVle3ubqqpm/bV1vLWPQwjnPe86Ei6lNsaycdqN+G//utkAbQZA63xQVXZ2dphMJrvqFPTjqmd/SYa/1twbZ33fE2MgeI/3gRgDxliqKlD7RlZHIqb2VD45B5QUKD6TFYqtNE8K7damKG+MYeYwC6HZR1Xj6xrva+rMg7F4n8agyUyzLYWg1N6jGlMB2jDPQIhoqhEgBotpsgMWuO6G09zYKm20fWv8l4gKZMZiUaZnNnn0y/ezublNHMDaC4+w/pKjFINk1I8mw9ghDJQ49Qwkp8wHlIMhA8mp7DaMPaZW8Erw6RiamOSZjHEElBC7bVNUUuZfUCVIc+4bCScREGvIrGuSFgzE5MQZqCdbX2G4uko2GiBFjjUmGU7qwKlTJ3jg81+hGJcc+p5buPllR6AwpJwTSMbqXh4EaE6FJfUQnTm8xICQE4Py1NMl/+Jf/RH33vsV/oO/8eO85pW3khUF5zbG+ACBJNPVKvRDyggR2y3K3dznuio0e0xDZz1Xk8HdmTROV9cDN7+g4D13/Vv85PvfyotvHTIatPJ3SrRCVSqb50qeeWqLkye2efqJc3z7299mMilT5pwt2Njw/Mkff5HJtiMbmkaPSvAhVTG21uCk6R9NZlCRGZwzbO9sMygGxOjxvsa4bCZdFuqK3BWsDB3T8UmciRw8OGJtbcTRYyOOv/hW7vrJN3BgLcdYAMu0qnnmmWep65wQBnz0//0s33zoLCIrqF9nUsJoNERjRT5QxDjyPGNa+cYpmhwwk8mEwWDAZDLFOkshRarbkeeUZclgMCQaZTCgc6269EoM1yuLa5rWUVzXNefOnePgwYO7Cjf39Fzv9A6AG5Cv/9rP8I/vXngxG3Hbu/4+/8VP38nK3t/k1//mL3P3O36J/+sX7tzfRvb09PT0PO9Ypg2+31yoAPFiuxYjq7vv98bKnmtFt/8uLjT3+txihP6idn+XiznklkkALZMautRx1m6zlwDq2U9ia6iPjUG4qYdhxSQHQARfB0KMiEBVe+o6EKMkZZqo1LXHB/BBm+j+xnBvGuNxI+WTjP8py6WqSspySl3XGIHBsMCNhlhJ+v+Tacl4ukPlPRIixjqqxhFRh0AIHl9VZDZDmnFljMXlQm41FddVSfI/2mjXX+uDvRRtza5J17+5NKgxKQNDI4VxxJ2Sx7/xMKcfeYqV4QoHjhzl8NGbWT1ymDiwBJOchU4N1FBPK2KlhKomTEqqIztUp7fwZ8f47ZLJ5phyXFKFKTEEnIJDCApemoOGzv5hJdmfM4MbZOQrQ/JRgQ4ydJCRFzneRzLrsGqI3jOuS7K1IQdefAw5OMSsDjiwPiQXGBarFKXh0SicfuQpzj1+gpvGL8fkBUEgEFNhVq5Dn801QYBkIDW0WkkgGhBVBAc4xnXgC/c/w3/zP/467/zB13LXe9/BqdMTKs9uo34Hs+xF0V0Hfqnzu8kCAUVDhRXLYBD4K+96Fe//d17Pm9/8cvIMjEvfD2rY2Ijc97Vv8dl7HuKRb57hW988wbNP7VCOLRpStHtyGqZ9hGAZDg9RaUj7I41ziERfQYxYl6L+jYGoAR8CzlqC9xgjze/zIB4nmiS1KDl6dMgdd9zK7a94Ea9+1U3cdGzEC24+wsHDOYOhohLwQSgr4ZkTGzz27TN89b6n+Nxnn+L+r5xEdASmZjgcUNWREDe49WWHeNNbX8sfffRLlCXJ4SIkpycG5xx1XZNlGSLCZDxhkA1nr9V1DU6p62p22i+nFPONhjGG8XhMlmWsr6/3852eG4beAXDDcpzXvuNOjjXPdh76OH/x+7/MP7vlf+WX3n5wj+/cyc/+7/8HP5Xt7SLo6enp6em5GL72M6P5MsNl9/+rpf+/1366hVWttbui/9vv3rBSCz3PGbp9uDW2+yY6GeYyQReTCGrH3OVk4Sx+vyvj02rehiZysdvexToDbUG8Prum50rT9sPuY2stQZO0Tx0DMUTyLGd7ewuNkaqcMi2nxOgxxhGjUlaeEEoGxZA8aiNzETGmWRKrkNmM4WCERVlZWSVopPIV1jqKIgOEnZ0xubU4YxkMCtZXVlhbWUWAx594irObW9TeU04qjHWEppaAIWXYVHXA1xHncqyzaPBUIYI4Clc01k6dRTvHmAoQX26Bzf2l0TxptNlTfHcyvkob3RzAb43x53ZY14x1N2A9X+HQcI3RYBU/ENQkg71Vg3GGmA/xdZLjkazC+4K6yphOLONtwVQlWW2pvUO9YBUsQpTkyGkj/8UKYgzWGkxhyFeHDNdXWFlLUj5xfYAfZhhrkmZ/FExQYvSUVYlZH7L6giPE9YI4cowGloE1GIYUI8uh4RrTYPBndlK0f1CCUyBFTCtxXm/ieY0CFa35P9UESCUZiFk6VxiQjOgznny25t/84df4xOdPUEcYV44ojS5WKpHdZJu0zgRtHrfOn7nrxUiS6zmvPZoM7NFPGWUVWdzkv/xPfo73/+z3snLEsJKDjzAew8bWhI9+5Et88pMPct+XH2RzMxLrAo0ZMeYYbe97yeFkrE1mbyvUEpPkVFNngMbRmJx+giEiJuKs4H1JZi1BA5krMOIIcYyxY9bWIy996XHe8gNv5Id/+HaOHHUcO1owGOY4I2iA4GGQQ5TkWAkRPnPPF/nVX/kwTz/tme4MqKuMzKzgspyqnrJ17hwrq2vc/KIR/+Af/TV+7/fuZ2Nzm83tmtXVVUII5HnBdCdp3osRfJ3mJSEE1EWMMUkCzVqCKnn+3JKZWDaHaec/3nu2trZmtZt6em4EegfADcud3PULH2Qex/92Dv7iP+Kjd3+Oc2+/k/t/7SOce8sHePvBr3P3Rze47afezZ0rT/H5D32E+1/1bn7hrbekr+08xT13/zZ33/0QO7fcyVvf9QHe97pjnf2c5Mu/9xv8/t0PcfLY7bzjrp9eeL+np6en5/nCzLDfRvTI/PULRdjvJ4sR0IsR0t32Xe229fR8p+wVxd+trbHsM/vRjmWOvUsppN0b/3uuBK2xv+usjVGZTKaIGMqyZmPjHBoDGiN5njUR+wJqEBxGMsblNnUdCVERE/BRqYPHWdsY2OfyIiEErBGyLCO3FuvnS+bpdJpimosBQQM722OmkynTyQTnDKfPnubUmdNEwGYD6qpGjeCcJc8c1qaCxFhDXdVQVWlcA1UdOOSyRl5PCI2mjbXX31hSAdGYjnFXckXa4GpJ0kB1xJWKGVeIVMTtKfXOhHo6ImBQiRBjku8J6TdXVYBpjW5MmD6zQf3sFvXJbcJmid325HXE1AaJYDQiSjrGAqLJumwlZS5lkmGNw8YcVxqs8eAr6nFFnYFIiteXABKTIbnWiqwOmLVVJLOIBXFNqLYookrmhUEtuGkEnySkfKomgVFFuvbo5zNCMtBrWwlXG3u4oI1MUpsvoTjQgo2JsvXtcaojrUXajNBI4bRPWnS+3aW0r8+/E4PHUJO5HQ4ejPxn//G/x8/81Btxq2AzKD08+cQOn/rkI/zmb36UBx44yXQyxMccIQdyjHGpNoiEeb6JpnoVSirgHSU2v1+a/pDab8gQtElWMEANlECRpHtCJISKlXX40fe8mQ/+rXdx/LjF2fTTrVGsgboqeebZszz6zdN8475vs7V1hv/wb/9V1g4VGIGHHzrJww9v4ic3IayDCtEGyjBBJLC+lnPomOMXf/H9PPnkKe6++9NU3jMcOaq6xBrHdDplOBxSlmWT4aBkLkW9hyrJrlnnMM6gaqnK8fOiz7cZk3VdM5lMyLPkzO3pud7pHQDPGQ5y9Gh6VHOO++++m3s+9zk+tLFBzW38/F3v5s6V9PrdvDU5AHa+zq/957/M3RsZo6MHyO7/OB+67x7uvuuX+F9++vb5++MRRw+M4OSX+Z3/4XPc87P/lH/67luu7c/t6enp6blmXExjf/HxfrbjcoyMi1IpwMzg09NzrVlWn6I7ntpI/GXjbL+M/y1tNsBiGxcdbYvf6+n5bunKSnWdYM5l+BAYj8dUVY21hmlZUU5LFMX7mmpSEjUgxuJjpPap3/oQiQreR6aTCu/rVPsibwyS4zFGwWVb1MEzmZZYK+R5xnA4YjopGdsd8ixjNBoyLAYMh8NZ5Lmi1CGiNoIRfIyEOhUpDiGytb2DiCGERv7G2WREqz3j8YTRSqr90Ro6g1ecu/7uVdoIqYvKLDAgqjavJ0+A8YpMa3S7JGiJ3y6pdkrMeEqIgmpAoiIhogHqECkrDzsl8cwO4xNnKJ/eJJ6Z4CaC8WCDImqS4R6TZJoi2KamgijYkCL7bSXJwVCWhJ2aqdkBY/CiRFGMWAyCien8qFEqExhNa+L6KrYwiC0gF4KTdI6jYoKS14pMaigV1aRVnwy7jQOgZ06nGPAirXxU525C1MYxMHvRLHzmUvbZZM40u26L94oGrEy49dYB/9Hfeg8/9YE3kA/h3GbksQc3OfHMNr/1G5/iEx9/iM1zinWHCBpS4YKkC8Qs+6DdeOe3JRWvxjEh5/24lHGigJiUvUIqNo4aCKkwsbiIyJRXf+8tHL/FMChgMoZQw3h7g4cefICTz55h4+yEL37uAb72xZMcPbLGv/9znrUDQ6al5/SpMUV2AD8dQszh/2fvzcMtq8pz399oZrO63VXfFyUUUoCIgIIgalCxCR5DPEZjjOeq6W5ictKfPLk593qTnOfmPGnMTU5uck1nEk2uxg5ibCGREwIqiBRIAdJVUX3V3rX32qubc47m/jHmWnvtXbtopAqKYr08m1rNXHONNecYY475vt/3fjisNUhl0bEnqRf8pw9cS1xx/F+/9dccOSyQcYp3FhWl4ARJElPkYX5UqIE9YFEUlFXQwXvyPCdKNbIsZowE4U6/OetkYGn2Y6fToVqthuxNeWb+5hHOHIwEgDMCOftv+wdu3APVN25hFQUAnTm45lc+wvsuWt7y57uf/n1umhvnml//Xd63owbs5wv/+6/x6Tvu4L7rzyH69O9z09w6rvtvv8c7t4TP3PeXH+C3/+5vuO3q/8IVIyehEUYYYYQXJIqiWGQJsjS6vm8fMvz42cBy0f/99p3QF70MHBvZlYzwXGIpoT88hpYbX8PE/6kk3vvfN0y+DgsBy2UHjDDCycZSwkUqSbfbxTlPrT5GkRvmmrN470mjuLQLsTgk1hpwlnYvK4vwgtZBMHC+jD4vCwhbFwQ2KYJ3SLUmkUoTx2LA43U6Gc46vPZY4zGF5ZiZ5ciRgzhvOXz0KO1OD6EilPVEcYLtQVHkKCmJo4hOq01SqSKQxEnwoddRRBynVCp1lFTkeU6RB7sNfRpmAEA/0r+0/fHgZCkADBO9xqMKj8w8InY443DW4QqH00EAkNaDsTgLzlpMXkCWQVbgswLfLXBdi+sJlFcQ8jpCcVVCcVg3SD/wCAveOqwBW+R4EQotW+FCQVlYKLgMyJK0x4MRBVnkSKoJdHOkCcKAcw4jHEp4pPdIC6IA3y3weYj0dmKhNYzmwifEUmFPiP44l0ghS3LZAyrY5vQ/uExtHBYFdohF7w2yhnwpWuNoVFMi1eKXfvkdvPHa85Cx4ruPdvibj/4Lt9xyP4cOz9Nta0wW44nIjSFKY6wtqFRjPI48zzFF6PRSKpKkQlEYup0eURKjVIQ/bk3ZFwrKTD5hyfICvEHJCpgq0kts3iOKDEo4brn539m4cYxEVbl35yPs3Pkd9j5+H1e/+nx+5D1vZ2Ii5ZprruZ3PnQDvVabXjdHAd4qatU6vV5OmqaYXGBsgY4NOi5IU8ev/trPcNbZY3zkz/8Z6RsoDKCp1VOazQ4CifFBbOsHz8RRjLWWJEnodHpUahW8DTU0uvkxup1uOG3uzF4PDP+2VquF1poVK1YQyVFB4BFOb4wEgOctbuK3372kEvD4Nfz69ecA94Xnl7+fHzkB+Q9HeOi+Dqx8J2/c0d9mPW/60Ed5U/n+F+7rAOPsvukv+MvBx6rATnbthitGdYRHeKHiyB4emsuf8ubx+NlsHjlnjXCGYbno5BOR/89FNsCT2ZMsapMY2ZWM8NxjqZXWsPf+cvY/y3n3n4q2LN3/cAbAcm0bYYSTieWKYUdRxLp163j88d10Oh20jmjUxzC2GPhsA7jYY2Rp7SNjjLNDfdeHApfKoyOPkgsZYkmSIL2gUq0iSl/uOI6J47KYqRDYPEciSOIYo3KM7eDxpJUqlWoDGSVIHZOb4JOd5xqBJ4kTpJAkaS1Y1EQRUi6IatPT00ipysyAcKvuHMEa5LRBIDKlHziyD16FQII7fLB796Bd3xqntOgpo58hCDvKh3oHAjBCIIUsn4mFAuSu3MZLQCxkGUjw1pb+8n7QkGAbbxEiROUGaliWvvAeiUCVXUEMfdYLF6K3BaAlPhI4LZFKDEoeyOBNE8SB3IVgcCnLY1ES1y/AFIAT/eKnsrpaJPKFF0pbrv4+yiyTocyY5eaG4X/7+1x8HbNomfFD//H7eMtbLuDh785x01fu4cYbb+aRh1vkeQPnI/Aq1LIQHikFUSwxWU5hc5wrcHhUpJBOY42jKHp4IYhSj8ThCWLG4h8ZxCGBQ2uDTjyqYjCZAFdF+IRO1mRy3PPi89fyzve8FpV0uOPrd3LDZ24m66Qo5XjTWy7jx3/inczPteh2JVvPWsnWs1Zx+60P47HICMbGBBddvI1G4zbwEp8oOt2cVvcAU3XJT/zMe3nJxRN88hN3cMfXH2J+TlCvT5DbnMMHZ0jS6kDIq1Wqg582ysIqAAAgAElEQVTQbrUHtmyVtEan3UFHGpNl6ERTrZ05XvhPdl/Q71dKKWZmZoiiiKmpqdH9xAinNUYCwPMW5/FDv/JWtvSfRuNs2bGVReV/a1VOXIblCAcOAFuqLK9Tlu9Xa4wPv7zqIq65Bs47UZ3hEUZ4IWDVZs4eEfrPOZ5Z8dbhz40Wat8LfBkttzQS+dny2H+iBfaJSMul2wxHoD3ZPkcY4dnAUlL/RHZAw9s8G2Ou3xYp5Qmj/k9lO57OXkej+MzCMJnXfx5FMWvWrmXHjh3s3r2HAwcOIKQisraMFvaYIkMIT5GH6G+MQ6MHNg3OWYoiDySjBK2CE3kUacbGxqmmNaZWrKQ+1kBIhcOWUcQCU+S0ZmcpsgIlBd1uizzL0H0yH4WMUuKkhtARkY7o9nrkvd7gd6RxgtRhe1d6z8dxwtp1G9i4cSObN2+hWq3iBpG0p1fPDvy2WNSs/kNJ4MQprUBU3wMdWCDpHcILpA+ii0SCAIVDC0BKvJIhGyN4qiAJYoDzYF1J1Ntw7By+3KbfjgUy2XsG0diSEP0vvMBLgfcutAGJl+Clx0fg4wSfxNhYY2KJVjLUFSj7F97hXSjsiifUCcANvtv7F57B4OJ5esGX/2Qdh/7+n+7+xMCyBxCOF587yS/9wrVMH2zyR7/3aW6+6QGywuFlBZQM3v4uB9cDYVGxYGLFBJvGVnDOOZtZsWKMJNZUYoXwgnbbMDs3x76DB3l0z+M0Z3sUWYQf2ASFvolXZUmAjBUrY77/bVfw0os2cvMX7+XGz3wLJTLWrJO88U0v40feewWbtqVIDVdetZ1d33mEe3fu5t3v/QHe/e7XcGz2KB/63z7Cdde9mTdceylZMUO10WV8MsXaAqEUO3Zs5PXXXsJnPn0b3knq4xGveNVL+A/Xv4oLXrKJf/rcN/mHj32NVkshVUqRZ3glmJpYgZdhFDvnMMYMjmWSJHjvUVrRaXfCXGr7QT/BUmtwkl4gGpi1lqIomJ2dpV6vk6bpc92kEUY4IUYCwPMW6zn7oov43oPwt3DeeXDTzrt5qP06VpVJALvv/hqz1R2cd07//XEu+qH3D+x+2vu/y9HqFraMBIARRhjhWYNDqWhAhEkh0VqTF/lABNBKhci/MmJsAR4hFFGkyfMeSkY4b0eZ2ScJ/ZTq4Yj/YZJGSjmI3oNnThAu5/l/oiyEUETxeE/1EUY49VjsB/ykW/vFY2M4A6BPuA+/5oYsS5bLtnlGLR+0ww21SyCEHzwOdQjsosKs/doET93y6+nYggUyrX9UJTzhYwGl7/PS71gSjTnC8wJSykGf6keedrtdEJLNW89i05ZtNI/NcvDAAZrNJnmvi3cFnU6TudkjICx5ntHrFUgZlR71kizLkPUEZwqUluAdUniEd0jXodf1PL63TTfL0EmCkx5jDdVanbFahbF6nSiJqEQxjVqMKxxCGHIT4UWCdTGV+iReaLwTrBif4ujhw8RRjKkZ0moNHcfESUq1Vmdq5QpWrlxFozFOWqmgVYy1niQmkJLP7WlYBAEoF0j1QoXHwpevWYfwDqM1bQWqpnCJxkuBFeA0CO1QGBKnwQucExjA41FeULWQC0emLIhg9yPRRE6GyH7hENIFsceH3AEnBB6BdB7lyvlAegrhKITHlo5ByoN2Fi9CsVbKzwmvEA6EkHhr8WikivFK4RRoqUm8JvYWWxLDRktyC8TQyXuoiif2HnR8uuk1zxiiL8QswfAsu/CTVfmsL84s3uaJDo0vRbYg9Cx84Ykeh30OWwB5jp/7Q7aP1hGRklz/tisZb8Bdd+3m67fdgSmq6EjhyPAyJ4ks41MRW7euZseObew49xy2b1/HunWaSiUh0gpVZo4KwDiP8Y5unvPQ7jl+57f/kQfu7WJySehUFpt5IEFKh9CzvPwVF/JjP3YZlapishGz884HOHjgMa5945V88OdfxfiE5pvf2sn2c7dRr9WJYs/LrziPt7/j1dTHNV/88jepj1d4xeUX8C83f5vbbr+FH7j+DSTVemkv5Fm9qsJPffBaXnnVxcy3O2zZtpJt22ogE/793/bw0b/+MlmvQaSrWOdxvsC7IIoFIQSMsTizYOvVz6pIVLgXk0rirCOOY5zMaDbnjus3w3/91xYFDrjF9wZLP7P0r39fIeWpvaYvtakabt/wNv012cGDBzHGsH379lPethFG+F4xEgBesKhxyTVXEO28jT/7rb+geOelRPu/yt/+3Z3Mnf0+Pvyh13HJddcwvvOmhfeP3MYNf3cLe6Kr+ZUP/yQndBcaYYQRRjiJ2Lx5K3/w+3/A5OQk860mP/uzP8fjex4PEShKkSQJV115FQCP732cXbt2DX3ac+mll/Ch/+NDrFu3lp333MNv/dZv8t3vPvTc/JgzEEsJxz4J+WTR9EujOp8Knsjj/4naNfIqH+H5gqXR9Ev9/pc+H/7MqWpH35sZji8GvJwV0amBX0QcPdHjEc5MLBaSHQ8//BDeeyYnp5iaWsnqVWuREipxTFF0mJk5wO7dD9NqzTA/d4xHHtlLL+9SrVapN8YHRSyFDKRhEilc0UNKggd/EVN4Ravd5tj8PDJWxJWUyUpKUq2RG8tYtUYlSenOZXhTIOiB9xS5ITc9pNJ0uoapqVVoIbjkpS9FCoHzjrXrNxGnFXSSIJXGEqx+jPMcm5tHoahWGqRJsNSQ6vTq3/2IfqMCCR9IBY9AI1xOjKSDp5dlCOtIhCISqswGcAhrEIUjxPyDQeBxKO/QxoF1SAsyB9UF33ZEGeA8Tlhc6d8jAeUlVigcHuk80rlwnKUj1hKjfLDu8RBZj/JQYDFYQKH6wgICqUJdiDSHpAg1Hmzh8bnCmkCMSlMgCd8hLZCDd4YIQSQ01oaaEeq0sm06lSgtk3BIPGARZR5IKIvcJ0OfWQ8+0fXlRMvN/uvBNUigdcT4eMr5F64hTR31qmLb2RN0ulVWrZlk1aoJtm3byMtetoNztk9RH5NI6dEClGBgSSQoy09Q1r0ACgT1ekp9IuIXf/Ht/MIHP8Kx6ZxKIqlUBUcOtUh0SmOiwtZz1jIz+xAzRw9x9tnrWbkyYWyixZp1Y/zsf76O8UnNPfc8wKc+9Vl+6Rd/jnsfOczux/Zy3XXXsWJlRJw43vim7+PVr3odX/7id/j4x/+B63/wbbzxja/gE5+4ieuvfxWTkylewtSKmKtfuxELIRtHwmzT8pUvf4O5YyGDxfk8OFcJh5Sa3BTEOgnkvwvFjwUCqVSY34yh0+0SiQjnQ9ULYw2myFi1ZvwE5+LJM21PfH5Pp5kvYLhNfTGiKAoeeOABtmzZMsgCOB3bPsILGyMB4AWM+NIP8t9+Iud3/vIm/uy/h3oC0eY38is//zpWAex4Px/6mQ6/82dD76+8hJ/41RH5P8IIIzx7UEpxyaWXsGrVKowpQvopC76e559/Pp/+zKfxzvHhD/8hv/Fff2PwWSEklUqF8857MVvP2jIQDUb43uC9XxTV0o/8XS4D4FTjyW4iPMfbEi1tZ/9vucyCEUb43vFkMY5LcbyFjhDiuOK7y9XTOGWWO0NjY6kosdQ6a7nshSdv19OLjhPYp5FUIZYc/lEk3pkG5zztdpuj00d47LHHGKuNsW7tOtasWYP0Hq0lY2OTrFq5mmoloV6rc3S6zZFHHmXjps2cs/1c9u3bR1EUNMZqOGuYGKvT68wTRxLvBNPHCnIrmJmdw7U6xCqiEleop3UuPP+lxFKxYc1aJILu/Azt5gMYM8fsXJtmq8ASs3LlRvbuP8wFF5zPgf2H2LBxLQg4dOgwWguMtXTm52i3exydmWZ65hjznS7OOjZt2MTU5CQT442yP59G16glY9H367UiQjFdpZFOULWCWtwgsxrbtmhliApP4gUR/WKvEo/AipDlo1RYp8VOIY2mm0t6XTAtS9S1aAdeWJwIGQDSC5RzOOFCO5wdHCkvBQ4ziAkXJR0tPFgJXlJmfEgEEic8mTJo4xjPLA0PXko6SKRSSKmQWuKFJLaCqIC0ANH1pCrC2ByHRbyACoEOZlfvEcIhyUHYMmNA4omA6CSZAX1v17tA0CqMKVAqwSHICsdLL93On/6/v4b3EfVGTDUFJT1S2mDx5D3OWwQCJXRofb8JpasPrsyIQWC9xdt5Lr14LZe/YiNfu/le3vz9V3HJpVu5/95pvvyVL/GTP/02rnrtBXzpi1/mW9+4jwvOWc/4hOasc2Le8yPvZOXqGKTHWc8Hf/onUSLis/94A9XKKhr1FehIIGSOcS3+4iNf4ctfuJ3XX/tq3vYDb+Av/uJGvvyFW9i/v8t1b7uKjVsmqdUERoBW4CwcOZrx2Rvu4L77DhBFDbxQOK9DRq9U5FmPOElCoe6yKDrlWqCfiSUArTVFVgDhPk1HwVYrL4pneI6ffxjORtizZw/3338/F1544eh+c4TTEiMB4HmIHe/7OB973xNuwfs+9nGO3+T419df/Yv84dU57XYBUY3akqIBq674IL97xQfJ220KImpLNxhhhBFGOMUQIhTZS5KEIi8G0X/BFsKjpKJaDZEWOlp8WesT/lGscZZBbbYRvnd47ymK4jjLj5NB/i+NqOljuVTapdHPS8nRpaTpcDuXi6Je+p0jnMl4OvYz3wuengDQF6D6glr/tWErnaXi1akV24KRzvD4GBYj+s8HWy8ZR31R8OQhWIosdoB+oseBjjmtCNMRnhGWWkh475EqWFPNz8+zd/fj3HnHnWilOfecF7Fu3WrWrlkJQmGsoNs1oCJyY3FCkdbqNCYmaLdbdLvdsijnONVqlUatgkTSbs8yc2iGwwcO0c5yKtU6WkRgBWtXrmNibIw1U6votjp0tUKJQ3Szgvluhhc53oOUHucM3lukcszMHSGJE6ZnDjM/3yaznnY3o9VuMT0zw8yxOXQck1aqrF8bMhqsC/7boSDw6dKn+3NcyMzp1/UFQqh0ZgJh3vKw+xjiUJtkviDShqhwVFAkSiMihSv9+B3Bk194j9YaEUWI2IZt+j7jgZcFPLJMQZCAdALty8wAfNiXECgL2lMS/AyK+DoBWiyIASGZwGGlxWuDTRyx8OhIQaqIKwqZxigdo/B4kRFZQdK1mMNz+L3TqPPW4YXBGkt0BvL/UogQRX6i9z1UkpQ865CmoSZyr2fAxaHs7XKXq2exO0spMKagOddk3/42ItII4Vi7rlbWdeiihESg8M6WyobGA3khyUPCEF5Acw7272vy+L7D7N19GOEl27dv4sKXriWupUS64I3XvJR77ryXH3r71bz0khVMX92j3XmIq67ewvr1Ka965WX87V99js5/fB1jjZRLLz2bl1y0FaXBebjssnP55u17+Ku/+msufdkVvOF1V9BsSrIeRGkoMP7q11/CVa+9hMsuPZsbP/ttbr5pJ51OnRtv+Db/+rXvcNVrX8b3ve5y1qwbY2amwze+cRf/dstd7Lx7L76YxJmUKPLoSFBkBq0lSZIEiyXPQuFl+hkUmizPB2KOF4I0ScjyHOVBSYlfdO2X8IS95sxB/9pkjOHWW2/lrLPOYnx8+WyIEUZ4LjESAEYA4icl9uNa7QkKCo8wwggjnDoMbvyHFqLgkVLjnF3sK3n8p5f824dfZpsRngzeeYRa7IW5nDXJ08FS0v1EIsDTSRt+svYdZ53S5wxHeEEgZIicOoRg3addphDnQhG9fmcM/bbfV4dFLwbvnyo45we+/wuka1+I6ItywTrFDTE7zj3FDIWndXwkT0w9Lf+Zp3t0RlPA6Y/F1nFBjO71OnR7HXq9DK00t912G95bwNJuN1EKoliTO0+rk3P3PfdyrNlk9erVKCko8hwtBa35FtgCl2dIociyHs4WTE6MMRVFxEmKM5asm/HArvupVWocmlgBztOcO0Kz9TBSdzFWoHSCt5Isz0nTlEcffaQsFGmQIoyfTtajMOE3FEWBdQ6pykK4pZ1Et9vBl4T4aQsfxpqRpR0PkrywJE7QfXAfO//+n6ju2sOUjRFOoFBEQoII3t+IICLocr4LPv0hrFpIhVYK6QPzKjxIL/FltkCwYpFIJF44vBAYCUYEgUJ7QWQl2osgMpQErhdBIlTOh897CMKwQgqLkBKvBF55DI4eoDEkXg/sUBILtUww/+hBZu95kKnXrCNKYqw0lPwp6gxPPupHxEsPCIczTa585Xm860e+n4lGg09/+kvc9NVvMTdvED46bpI98Rx98mdjISCKInpZj698dRdXXnUO69cGYUgSskassaFzSI1AUxRwdKbNw49O8537j3LXt3ey64EHmZmZpdfNMT1Fd96hnWTVVMTP/8I7ee/7Xo7xcMF5L2KsGjExFqMkdNsOqSwTYymucFTSCtNHO3S7UK+FOUNKhQSKwvGxj32WT37in3jrddfzw+9+JZ/97Ld5YNdhLr18C2uqipUrprj88ilmjhm++tUH+JuPfoW8qKC0otm0tHuCv/zIl/n4x79EYyylMBYtUmaP9RCyTqwq1MfqzDZnaHd6pGkaAnuED3VSynLaWkfhCBlDnuchG6A8plprur0elWqFrNsiSiRxnJz0c/d8grWWVqvF/fffz8tf/nJgFFw0wumF03g1McIII4wwwghPDQs87ii8/1nBCQ7zyFd/hOcD/Cm+F/OI74G+CIRV8CqWCKEIxXeH9xRIdyHcItL95KP/nRKQpfiw0D7oCxJ9UcCX74f2OdfffnhfzwxeqKeRvjW62T6TMWxPJRFUkgQxOUlTNmm32kRpQp5l4MA6QV7ktLoZhXNIpWi22uzesxfjHGe/aBtJEhErgZACJSJMSdKPj9XRScLEinGQkl5u0FGEFJrZY9P0Wm1ax2apJBXanVmU1kRRlSiOSdOIPAclUyYmKljjyPIMgabZbNLpdOlmFuckhTPkRYEUkomJCZJKlUqlQpJEeBxSgvcWIU7P23ZBiKgX9CPyPTqO8M2Co3c/zMy3H2FszgWCUUiUFAglQ4i4BOE9ylLqiR7hPNKGP+E8zkJkwVuInUD35x4pSxEgEPJO9sl/SdH3a3cSZQOhqVyw/LEeTNlSWdYf8MKDkFjhsAKM9BgBTgisklilQkF24UGG+V1bqORg8y6d/dNMtTN8OjRnn7HLIc9w1pUYRIjnrFhheNe7r2TbNom3c/zwu16Jsx1uuGEnFh1OAIBYvnTwQmbJwMTp5LW6vH5Iofjqv9zBtrNX8a4fupQ1UxGpUuioggV6haDVhsMH57nzmw9w88138+1dBzjagrzIsa4AUiRx+C9JiZxivnmU/XuP4ExofSJVyEwRgkiCzaHb7FJklmpNsm/PIQ7snaHXcxR5l8cemWW+BY2xEDO/eesmfuFX/lcuuuhC7r73EB/96FeZn/PElYQLLl7P2HjK4cOz3HXnAW77t4c4fDBkCyWJRqgazkVMTU5iXYtWs433DlsUVCpVJleMoZTm6JED6EgTRxWc8xgTRkZfJEMonA3BACBCwV/nFkX5CwF4T6Qj8EHMfCFhaWCRc46iKHjwwQfZvn07k5OTx9kmjjDCc4nTcyUxwggjjDDCCE8DpSPQiIA+xRAyLF4LExb4y3mAn24YLjw2/HiwaHc+kBCI0SL9DEH/PHY6HWq12sBap28JNoi0JZDXUgbCYXHk/kKWiEAsej30nfK9IW/ufp8KEb5qEUnex9KuFaLpIc9z4jjGOYe1FmstWuuBJVBoaz+LxQ0sdpbz5H+mcM4d513rfSAHlFLLjntjzKAInpSSTqfD9PQxKpVKOfbCceo3Uelk0fEYLta4HHwZ0bv0J1pb0kUCRJ9bgkUuT0sdxKx1GFuE30IoyBqdVvYqIyzFYGxJSZZlwY5CxTjr0FozPl7BGEsUxVhjsMaE8Y/HO4sTnla3g9IRjbEaExMTNMYaWOcZq9eJpSDRmkSqAaHplKbhHN1uRqvdpt7Q1OoNkqSCkopEp0Qq2AvGiSAzYF2XTqcg63VxTqKEJysKKpUac3PzJBVHLzMcm2mH7/AC4xxCSpJKitYRmTEcmznG+jVriSIN4jRNUZOA75d67dPCHoMn1hrf6zF932PUjhnGqIAPQoGXngKHxKEQxFLjDUgXyFmweOvRCJxxaA+6zAhIlcbnFifBilA02eFAaKSDxAqUhODA49HeUhUabIFAIZwP1kBSYTz05GD2BuGxArrS0zQZY0og4xjvNXGUoFQUJholQEqUFdR8HLKl2gV0C/BxIEkNyDOQZQm+/g5ERhCHI/I8kM5KG97+tss5d0tErKYRiaAiNT943cV87V+/xVzTI6hjfAZ0CWWfVXmpFQv+OvRPyskn/733GC/o9Sr88f/4EjfccAfnnrOFsXqdeqNKVuQcOHCYfQeO0Jzr0Wy2yXoOR0yBBhKEcOVqwWK9Ibc+SEmx46WXnotKIOvAnj376HRazEwfo9ep471n3779HD48T7VRZ3pmhlbnGNWq4L57jvCNf5/mzW+Gc88HhORVr7mM5ix86hN38ecfuZG5aYlzEX/70X8n/SRILTCFI88F+Are1xB48kygdUxR2GCbikeIFCkctYbhbW+/hHe95zUAfOoT/87f/fUtYBXO94+4QniJUAo3yAIM5z7Pc0wRRnu1GmNMjhCCLMuJtcA4SxxH5cJncbbwmYbhrOJha0YImRF79uxh165dXHnllWf0cRjh+Ycz8NI0wggjjDDCCw2+TEl96ous0/Bm+nmEpb75w4vg0xFPZiU0HFE6wpmDarUa/L1L8adPUFvvmJtp8sjDj3L06FGUkljryLIc5w3elfY7PtgBGGMGj71zZYFp8M5hvcVZsNaEgnkO8sJQFAZ8325oYXwYY3DWYozBGIN1ISpPCLj11ltLIj2Q7NbYQf0Ljy/3x6K+urRA78lE34JISrHotZClEFrVR5qmdDpd0rTCnXfeyQ+/64dx3hPHMUpKlFZopVFaI6VE6QgpFUorIh2hdYiwTdO0fF8PXhdSodMKQoRCnJGKkFoihaBRa4AK3sSxilCRQklJrDValsUJtQqe4lIw1qhz8csuZny8EY6jDPZyIxuw0xf9+hN9GGOw1rL97HMYbzR46LsPcejwIbRStLIWRZ6HfhLHNLTC+RCRqaIKSIh0RJFbjh49xtxcEykcGkGsJIlUxFojpaLZmQ9FZJ0jy0NkbJRUGB+bIIoikihF6xibG3pZl17RxpqCvDDY3CKFRqmYNK2S1ySzcz1U25TWPgbvQxFbnSRUKjVUpMjyAiEFmzdvZvPmLURRVJKuz9XRfyIE0nYwFYgyG4BAzisHScdTyRTaabyHQoIqI/WVdKXfukeWArx1FrxHJxpb5Fhf4IXHS4/zjsxkCOcRkuArL4JfOt6TOEnsPNr6siZBOGgFGYU0SK1wEeQyZAB4FALdr2IAeJy0+MgjI4XyIHKD6hrcvApkdUXj8EjnwENkBbGVaBN0GseSNcaZOq+UUd8AabWKJ6dWj3nD972cVLdQosAWlkjGnLVlBRdfso2v/etBTGaDIqtC8Wd8sNqBcD7Cvk9NZw/XdB8y7GQVL6o89EjG/Q/eh1Th2uM9WGPKAAEBvr6QOTC4vpYiuNdIoZEyw/kOF7x0Ky968UoKA3nuufGGW+n2NAcOzbPDw/hkxMWXno8xBfWa4uJLz+XnfuG9pCl8+659PPzQIf7Lr/4eP/q/XM/U6oT9Bw5z81e+yd3f2kenFaNUI8gOztBuu7JbqUFgTsg9VIDHFBl4h3EW7x1SOLzKWbOuwk/+9PezcjKMjssuP5tPfeJfKTKDVBHGSrzTeCdK4QA8Fsp1vtaakLyjaLXmywCLYGnW67aIK5JWe/6UnL/TDcOR/8MiQH/8O+d49NFHueSSS9Ban942biO8oDDqiSOMMMIIIzxv8ETGGqfl/fELAMuRkacTlhKjyxX/HeHMRZqmgfxTina7jVKau759N3/78Y9z01dvptfrUZhQsFNJhfOBxHfelZH2IepYlp7Tfe/xYHGz4IHfj5KTQg2Ic1gYEyfsb97jrKWSJDSbTQQK5yzWeFBL/ff9wFt6Ecd0kvt0aD8D4r9v/wMh4vb4LIbwG5zzAwHkoYceQUq5iAwbbp+KojKqf3GWjltkLVAWRwYMkoHzsA//84BWOrwgQPjgK46HWIZsAe8XYpMRkCQRP/qj7+GXf/mXqFQqSO+R0gOLMx5GOL0wXCi7/5d1M1asWEUSp2zdehZ5njMzM0Oz2WR+fp6ZmRnanRbOeKzzWOsockOvl5XCmkVpQRJF4B3Sg/YCLTRKSdAeFSuUjlA6xnmwxgXRQEq0jhBC4Ywlz3N6uQEvcM7ijEcJUMrTauVMeUUUV6lUq0gVLGuUCtHqab3G+PgEcZrghaA21mB8fIxYabJeHqLsl6axPNcQ0PdSE6UguGDFKHElFRlZTWIVHoURAic9QoFXZTaA8DgTxBKhJNZajHS0yYhjj4g9NnJY7fGRQBgBLhT6HQSOI0KWBwqHQnkPPmR9ZMrRjSxFXZPFnq4ocNIHgch6lHHB67wknb30FBJcIjDKhvoQrop2AusYkNehBoFEWI80HuXK60Op1UhO38SNZwohJN73i6z38z8sa9etpFJNgXmKoiCKAkGeFwXXvuGV3H7739NrzxPFCcIrvJcgNIGOUmUGnsVz6ixk+tdxW4qKqm/tBKU4H7LrfOFRWqHkia8L0kMkIyJhWLlS8cPveR1rNowz14av/9t+vva1g7Tmq9x++wNc9soXMTaZ8MGf/1HSVNLpwvoNU6xe/XK+fddePv+Fm2l1j7B3b8Fv/p9/QrWeMrVigpUr13LOuedxz92PhRpBItjwSSHwfcGtXIN771DCIvBBXxECISKkkEiRE6U5173l1YyPg/Ehe66S1ilsl8JFZeBDAk4FiyaVY51B6Ygiz9A6Jo5SrHN0Ox1WrlxFs9kMx0JK4iQGDGmSnrLz93zD/v37OXDgAJs3bx4FGY1w2mAkAIwwwgKKoKQAACAASURBVAgjjPD8ggelYqwt0DoiiqIyajakvQ4vsLQOhYKfunf0CE8VcRwPFrT9myh4ZiLA8LkbJjyeLIJ/qb3Pco+Xbt8nJ/vRU6OF+ZkJa0MUfbfbRSnF5z73Of7gw3/E4/v2MzfXxHtPkkTYsgCvwBGsDfo+x32PGk/wL14QAAJBHohF52w5HsJYWCDPoS9PCrHY23hg3eM93W53YKPjvBtsv9QCyDkHou8LfurErH5Em1LquAyZvhXL8LYgiKOYLM9QUlEUxXHjr0/gIgVZYRjYPgxtt/i3LBx/qRcidUVJ2HnA5SFCWIhQ5DMUFJUUboj4HwgAHq0b3H7715mfnyeONXFcxXN6Zi6NENDva/0ISwClNFJGmMLhXHg+NlZlYmISaw2FKejlWei7ztHpdul1LZ1Om26vTTfr0m63KIoM5yzCi2BL7jzCSfAOEQlULFAqROGXwzJkJEiJkipkmFQ0Y0qT5Y4kTalVa9QrVSpphTSOg0XRxARxWkFIibEmjC0hkRKiNCVOEqy3oYitcwMRMI0jpNQ4546zsnquUQ63slRogPLBRsfJYOeinURZhRUaKcoUJrFwbR7Yd3mPEQJb0ahqhV5XYI4eQ4ochMEpj1ACLQgWTS7sywNYifACoz29qIzGBwrlaKaOfF2N1ZefS33HJtxYEoRV7xBKl2qmXBTR7hUULiNZ2UCtGcM1IorI05lrkeY5iU6DXRC+LE7cn2EWSpUrF+a5Mw0L2SgR4aAp8iJDRzlbztqI8x7rHEorkDJkZ0jPthetYWzc0Wm2qVYVvV4XpQSZ8SBqCFIkGnBDGQBP7fiFsfHklNbg+uP7XvdlNsDCBoP1rPf9jLvlSVtvgyWVLzoktS7vee/ref215yFjyb49bf70z/+Z6bkU7wT//KU72HDWKq7/watoNCL27O7wh7/7D6xYtQJPztduuZMjR4+ydlODi152LuftOJfLXvEikiQl76Xc8JnvcO/O3URJTLebhe8VQ13We5RU5EWBjgNZHyfBhifPOqRpQieb4bKXbOCa15+PLrNnlILWvMMWCabQCB8R6QSV1MiKFsa3iKJwLY+jKkpEOOPo9DpU0pRer0sURVhry/ksrLf665czGU+VzO92u9x+++1s2rTpWWjVCCM8NYwEgBFGGGGEEZ43kEryjne8g3379qG0wlnHOdvPIU5Cevm527fzYx/4scF9g3eeF5/3YpK0gnVlhOoZvzgdJtBO3Q1oFEVoFWw1oigIMcP+4E8HJyL4n87j5cjGPtEfbEA0SoVlz+J2LuSVnFwR4IlI2TOPGDgd0SfPW60We/fu5Y//+I/5xCc/SbuV4YVCKoW1jna7t2BhteBvw4Ln/PHe8zCUXdL/Q4TIOe+WFx2lXNj34DOBJwrUti+9zRd7/x/3fYMiwMfb/zzdPrzUzmspltqvDEdiD+/DWRb53/ZrGvSyHoIl9Tecx7mFqFvZDx8+LrVg8D9Mt91vwCLRwJdFCxcJCUIGa5H+y6WVAcIzc+QI8xs3smf3Hmr1CkmalKLE0zpsIzzLWCpCFUWBkhGVNEbrCGMKKpUE5xzdXgfrLHGRDMZRWqmSdw1q5Woq9ZS0WsG6fsFKjxQKJRRKRCh0sKTRwWoG7ymMCdY0WpdtCESnLzOEVKTRcYJWMUoKpBcIb1FChCwipYiSCCGDp78Nw5hup0tR2opZa4MrigeBIk0T4jilKAxKyZN8fTo56A9RWVruDKLefTkey+yhQgii0uRFlcNNeoEcRDMLOqbApgkrt66jFkk6B/Yzr/cye7BF07eI6LEiqlARCmEszlqkFyjlEd5jpcBIAcojHRTKM5dYJl+ykRXXX4F4yQZ8LUT5izxDJHE43vSJ1GDrg/FEWZcCwyyGnjK0TJf23CFWU2EqXY0gCACJUgi7kJ3kRCiCfGZDILyiP2mGY+hoNFIQdiDw9OvVIByVGqxYqZk53CTLZ1m1bpJao0qzlTE72wYTYQtVZnU4nsqErJUmL3KSNOHJcoCHr1l94WnptW94m6UZN6Fd4XNhneCYHJtA+kO890dfw/s/cDUoOHo054/+5FPcdffDSDYgZcT8vOJ3f/cT3HDjrVSqkkMHD9Cd1wiZs259jctfeQEvf8XFXHDRdhrjEXPNNrsemOGb37iLr9++k90PH6PIqkgUUmukUpgiQwmJ6IslpQgghSRONM5nKJGx4/wNbNm2hvu+M8flV2xj06bxYEkIZJng7rt24azEO4/SlrRqEarNynVVzj3/CrZu2cbU5CY+/rHPsOveR5AypjpWJc9yvPdEUUQ/mMFYS5Q8cdbECwHD6zHvPQ8//DD79u1j8+bNz3HLRhghYCQAPM+wf//+57oJI4wwwknA+vXrn+smPC9Rr1f5jf/6G1hriSI9KJTZD9Z985vfxFu+/82DG2VjbBnhG2OtG5B5Zz7CXfjTlgKe7L61fF94UFKitQwRy1YR6fD3VDmK0qnjlJ8OqRQ6itClp7gUCh1ZhFT0rb/73sWLsczB8Ms0dtn2L5CzT/EDIzxjHB85LoQsRT/Bl7/yVf7xHz9Ft9NDCE1RWMhtn7ka2PewKKLeDeYWv6gQMKXnRSkfCTnYz4CU79+YL/bqAWfLtokyQlSAt0EEKAUqrTW9rAdCLhDwfQLdi4Hndb/fesSgjYuDTv2if8IOhpsTIiCH2ykCXQ6l5c6A1BuIGn6RNU/5Y0EE335X5BhrUVpTlPUMhr9vgciVgYbwHm/sYF9LR02ZFzCIfhYLOwPvy2M2/GkP3uFK4jGQHQ5weKBaq/Pggw/x4T/8v/nt3/5NGo1G8DWSZ6hfxxmCYfLOWku71abX6tLt9EiSGCE9e3YfQylJpV4N9iMyZKUkSRyIMZlSGBsiyeOIwmQUqkApjfASiSZWMUmUEukYr3zwjbeWXq8HzpHESanjhYKXeZ4HkUF48EGQKpwD54lUsA+KdbBBMQK8MGRFxnyrjXCK6aPT9PKMuJLgSlEhrqQhsrYwaKUGgvXpZiHRzwAYeoXB2kP4RddVJ8vXvEcCGjEQC6xzKKWxSpALj0k1arxKdXIL8dopKhu3Mr5lP/m9B8j3zDF3cAY6Bb5niI2g4mO0BSs8wgXyX5Xj30hINq5Gbl+HnfIY5UGBiSyVOEOUFm7OBPsybBB7rS6zrZwJtUScIe92MHGMjjReKbwXWDyuv9YSfkCuhvnp9DlXJxOhL5aZE4QC6sZbavUKQniEDEdBAHgDGCppwpo1FR757mNcdumFvPVt17J563oOHp7lHz95C3fcvg9n6iDkQEt/MjgfMtScc0+ZdO6PIykE7impvuX1vF/vwjsiJcLv9G3e/vbLed8HrkRrODpt+Ks/v5l//vy/IsQkqDk8CiGqSFFj13c6pNUOZ589yRtev4MLX7KF81+ylY2bV9LpFuy6bw9///ePcs/OA+zatYdet43zlkgnrF61muZcQWEtpgg1CsQggEBhjCdJEvJ8HmSLyRURb/0PV/O2H7iUTZsb/Mn/aHLujgmqVYHBYJ1kft5z663/E2SHFasbbHvRFi6+eAvrNqwDUefw0X3s33+AO+/YxfTRo9TqNeKoSifroLXCmMVBCpGOcC4vsytGgHDdKoqC+++/n/Xr15eCyQgjPLcYCQDPM4xIwxFGGOGFhjzPwy2lBBDEkcZHGu8gShcuY9754yLQ41gMAnGlkOCfqIrAmYGhuOD+rSjQv5+Si54LWMy4PYkAIIzFS4kzOZGSTI03EELQ7SpskVGvpFTTmCSJiCsxuqeQuUDqQCoqpUjjKJCANpB+/ZtnIQVChQgmWZKpriQI+5HFQsgy0HfBPoDB+QUtBVoK0iSmVkmpN2qsWD3FxNQk1aSCUhFaKmRHkxtL5hy5NwgHSRQtsQLxSyL5+mRtaQPzRIXqlmcxRzhF8Diss6iScHLWgYhASro9y2w7wxPTavfw1uNcgZIa710o3OjLs+ss+NAjA/0d0vwtwcLCOYeKdBhjYoE8l0ictXhnSzssVUY+ErpMWROgb1XjPcgy2lQiwnd5C1KjdExmHIgELyK88Mg4Ca2xpW2BBG9tyXXbUFDRWqQSCCzeuYWod9+Pfgdc6OF9WrxP9Esd4bwnUHOhCCCqGgZV1kHGEukKrOmikIN92n6UJyBkRJRUcD7DlgKA824Q0QwMxoEQDlxOpDVCSKwxoc1ClIRcn1YL0cFSS/IiCCdKR0gUhQmZPJGO6eU9pHRIITCuQKuIiGBRppUgy9s4IdAqpdP2VBt1/vmLt5Bnv84f/9F/Z/PGdTy5+jnCc4mlNQDm5mZ54N77OXjgAEpp8qzL9NGjRHEg/qWQeB+y/uIkwjtPoitY53DW02g06HQ6KCFQMmLT+g2sW7OOrJfRnu9Qq9WIkpTcFEigVqkhFXRbHY4cPkyjXsd7h1aasbEx4iRifn6Oo9OHAUluHGefu50NGzaQpBXaWZdekXHw8CGmZ6YpiowkSbjzzjtotudJatUgXMQxlXqNDRs2su2srUxONAbj+Cmr688SRL9eh5SoUjh00qPw6DKI20mHxyExGO0hhkRIVGm3RBR84K0TITPAedrNeRqTKVInxCskcX2MiXM34t/qMYeP0d59iCO7HmPmO7vJ97bID2dE85YoSsibPepiAmEVkYlJ8hwxC51795Hts8QaiqLHXOzIZBdbdKlFNXSukLlEO40pLFY6cmXIdE4vymjlXVrTc6xaO0aExBSGWApQgkI6DBZhPbEToaaI4swuKyIWxB6pJBRlzRhhCRHhYK0vRRFHpCRj45LLrtjAz/7cO1i5agwpCrZtWs36sTfwO9P/H/fcO4sRdZ7qXNy39xPlmlFIwRO5uQ2LaANBkeHMN7GQD+p9IPnLahPea5SMMcU8QnYYr3ve/+Nv5d3vvoiJqZjWvOfzn/s2n/+nf+Haa69gcnKCb33zQR59aB7cFEJW0SomTRTv/8AP8PrXvxiH5tgxw+c/t4sb/+nfePCBIxw7lmNMhHUSZB0hBEXh6WbBWkeW40x4Qy/vIn2MyxKSaIzCFzQmJNsvWM/P/ee3cP6ODehIUWTQaR9h61mvCQKZLMDDTHOaV77mXP7Tj1/I5o2rqFQafPP2Y3z+xv/J0SMdDh48TGELvBd4lyBlyLDK84xarY6UbhCE5VxBr9cjqUoajUZpvRbqEiwtkrs0mwsYnLthK8DlCuwu996ziRN95+CeZMkc3Resd+/eTbPZZMWKFfiyPpQ4Ay3CRnh+YCQAjDDCCCOMcFojjmN63S7dTicQb2UhTOcdUaQCUVxG3jrrFy2qBh6zEorC0u11Trub6JOPfuRrwHLLY9F//UQ89gnW1CKK8IVBOIGwjvZ8izzv0Ww26XY7OJORdztk8/MUzXlct4syhppUCC3QBDueNE0RIixB0loFoUJUTK1WI44iROnPr6REyNIyZLDgL28iyteCOODwzpEmmsb4OFu3bGHNmjXUJsZpTE3QqNWDF7PUWAReOoxzgxtTiQgRzn2CsoyDDijvKH0/BPl4a5bhA7eQ1TCQWJ4QZ3pvPNUYnCXh+mUEy7PgyQvH3kOH+NP/58+5796dpEmNXrtJGiel/Y9H6wS8oNftBRIBh1QSKT1KCoQS5E4h4xrWOXJj8HhUpFFaIYRES4VwYSKKdFlAlNBPC2swJliNBK9cE4pmeo9EBALS50hvSSsVokqNdjenkxXoOCGOE6SUpElKpZISxYrCKwovsYWh3W5hTUGRd5E48m4LhEUIj1YSXQoQWZbhCZyUUOW4EgLQ5EUg3ydXrGXT5i2MTa7l4ExGnuU0KhFzRw9wYO9DTE2N02nO4TBY78vsB4EUgjSJSCIJBnJnEc4h/JAlCAwEEw+4KEZoXYoYPogwIgh4Sin6kfwQ3qs3xilcsBoyhaDWqLFh/WZ6Wcbs7DRZ3kFIRyVWjDXGmD44x6pVK5EUHNjfCxG7QhNXanRbBeNTU3zh81/kc6+9kp/6qfeRpPGz12lHeNrokyvOOXq9HkeOHGV+fp48y+l0Zum05wP50vM4b5AijOlelgEh4vfYsWao12EcjXodVxgqUUqM5uCDj9Go1hhrTCARtFstChzT0zNUKxXOPvscKknCoYOHKLKc9evWoqSi2+linSVNU6zpcqw5y8T4FCjJI9kD3HPHTrpZRu4MmS2Yac4ipKfeqGNMj3379zA2OcH4WA2dhiwAHUmyrMOxY8dYvXJl+P2cfteKflmUvh85HqwIc4ykr6p6wCK8wwlwwfA/fNZLnJAY64ilpqpSus0mj9x9D+1djlVr17JmzVoaUxPoMYlpFJiJBNauYt0FKznr2kuQe1rM7nyMmfv30ZmZp7uvoNPxqCZEKmIsdzz0hduY/sYtHGMOm7eIJmtkO9bREm1iZ+g9fgxxsMeUraMLTY6jqEgqWyYYO2cV0ZoKrgJTK9aEjCHr0NajvSOzBuNDxLNwLhQgBpwEdTqetJOEYD1TyskeECL40zOcrUPoIMIhpGfD+nG+75pLWLlaI8T/z957B1mW3fd9n5NueKHj7KSdmU2zAZu4BIlAEsHIIEFSoGxSpElRNlkSnapM0pJZZVXJZkl/2KVSyXTZIiWWJUqiWXQZlLHgggDBAIBchEVYYIHFbMTO7OSZjq9fuOEk/3Fud88uFgRgy4sN71vT1W9ev3593w3nnvP7fcMOAo8ODScO5/wHP3QHTz79IK61fCedk/1C8jcWXr/Za1/I9u45xWj21XZCpBaAiBEpWrSuOXFDj//sl36cH3vfneQ5XN2s+f1/8wX+ze88QFZk/A+//rdZXILTT8/41f/qt3jyiQkmK0ForJVsbEiePVPxxJNr/OGHPsFnPv0kgiVaa4jkaf7STdIFSWXbNqFTOmiUUtRNS1EUqakvBEpEgp8wXHD88q+8nzvvPsxsOuFLn36Gj33kYxS55NjR61ASmhgpVMkdNx/n5H/xU5y/POWznz3LRx74Q7765WeZTgyZWcRZhdCJdKNUsvULwrO8vLyfVxTSOSAEDBeGNHbKzs4OodvfMXzDofkGvNAx+KuO9wt9f7Hxrf7utYo1KSU7Oztsb2+zvLxMCAGt5yXYOb57mJ99c8wxxxxzvKSxtbXFr/zqf0OvLPfYFJFU+M2yrGsIpMmWD37f0oLEHhVS7jUBLl++woULF9hlLr0S8M08vHeL/Nd+yj1Xkr1fvvaNvo3H1hLaluXhImJa8+zpM2ztbLO5tcFovMPalauMRyM2r6yzsb6Odw4poMxydBSoTgXAtMYBUUrs1q7lCGyH57NrUtDqbmCv7DzUE2tL7jUDQvTJkSUk9tkjn/gLokh+vNoo8jxjoHOkkHgB5coSb3/Pu3nXG16HbtOiVWjNfpllrxNwzd56oW6J4JqKP1HIjre81wroXrX/nuK5vz3Hvydc27IRgA9w5uxF/pNf/CUe/erXsLMpKjqMKYjSEHRG4yzOKZTKEEWBEwaEInk+qO4iivQGK6wcOExVV6xvbOBsi5MCnZcYk2EBZy2+acF6ROMgus42ILHuo4oInUx1hPcQAj5EfAyI2BD8jMk0IKtZN8ZJfPQ4W5FrSTMZseUsSoIsBuRLh7HWMZ1WSBEIPuCjw3oP3iFEwAeB22PV7zIZu48VIEaRiqUqw+QF3jnOnz+HuLrNPa97G2XZ48nHvgpZzqHrb+Tq5XMgDBFJIO7Z7BAd0dUELMK3qOjS8YidzqArpEiRrmMvNZ4eTuTp17UHla4Y6x3sNgF2r+ngmbYuKSekQWpF1UbOX9lgOOiDzBEGnG9pZzXT2QYahVKS5eXrmMxmrG9ukZWaw0eOIIVG4hmPDJubW3tN5Vd8b/gVACkl3ntGo22urq3hncMFT5SKXq9HW1domZNnSdXiQrLvKcsSJyI2emL0zNqKTCi0VhxaPUguNe2sYnTlCouDISu9PlPX4vq9FNBrGyZtTYyO4UKfKCM6VyyWi2xtbXJ57RJNO8V5C1IwmdbIy5cTyT3PiVoybSo2NtdBC0bjbbRJGjOtNXme0xsOKco+Uits69gZjWibFti9z798FYwCUAFk57YVJTgJToGWGlc7pAss6xwpSp65dJFTp85ySmgWFwccOLjK6tHrWFjsERXMCGwoB8egf+NrWHjHbQw3KqonLiGfXGf86HnihXXKJnJiLFipLJVU1EWfG97yelZ+6b1YYSlmkVP/8oNsPnWKE3ZAHFlcZpgsSZZ7N3D9LXehjw8ICxoGJTHPcLbFdEXn+KodOHZnlzEp7qJiOp2lPIeuOSxl8vQPwiOYcd/33MbxG44h8XvFbR88eaF54w/cx+994LNMW8u/j5nRN8vEufZ59Q3H7doZc1LDESUqRlzYQcmGu+86xn/+X/4wb3nL9Vy+OOVLX3iaj374YR769GMEb7j16GGUSe908mSPX/nVn+bv/3f/mvHEEYVgPIXf+J8f4DdlTtNYprMaH3qYbH8efO0sM8SI0SmI1yhD9AEbki0QsUWoKW96+12MRzPW1jb56Z97KzffeoD7/+8/548/8kmmk4pD163yH77/hylLQ+MtIvaYNILHnrzKQ599go997GEunN/EtZLgS5QUhNgS8AivUVpifYUykeAFTQsCTQhJBdm2LXmeMdoeobJU3FYiKTJkl4HyakUIyaaqqiqeeeYZTpw4sWdb9fyciTnmeLEwbwDMMcccc8zxksb29jb33//BJOknMb93wzKfLxeF5074r5WZvtLCf58fwrkHIfa8QVPgZio2ir3iudj3CYqdfCI48BFieu2eZ0eMYCO0ltC04D26V9DfGbO6UyHHNQttZHLxCtXlS0w31hiPRrimoXB2r2YumiaVwLXAR8E4gA0gVfq+y6lPuQCR7l96rvsc3XIssbI7D2YiOBcIQCEgJ7HujE6NHykFAwwHs5KD5ZCTN91CbzigMXBrf0h+4SKisqBV97kDSA1Gp46RTG7FKAG5SYXhQCoOyyxVmUNnU6QVQUmCSscgFVsjeJe2Xe2GR4qXcRnnpYvn7FGR2P0feuAB7vve12Jbz6UL59leu4KLgTA8xsKxO1gqevggCUKjsh75YAmZF+i8l9QuSJx3xMay3E8KgMW2QedZksWzO94kCyBvHTiPiA4R/J7RTmL0BWIMBGfBue57eq5uK6bNdM9+yLYtrq2JwaO1JM8EbT3FTXeYVVNM9Bih8cGBlGR5hrcS2/jkzRxjsj+JonO+T9sZOkY9QXQNqi4nwbW0EYzJKVUPXRRcvnqV8XjK5sZVTHT4tsYUQ6rpGKUzjFIIlfaRF4JQDrDGEENAxtix+FMBQ4r9QG4QZEJTuAwhzV7IavpJpLW2u+avGdNx5HlL21TJVgJF8CIpN5zAYTqBTspHEN6xsLCYWOLTCTuzBmSGLgbcdc992NbyqU/+KVmWIWSyFZrjpY/d80F14d1t27K5uUlVVQTvcc6RZ5q6rgkEmralrmumsxlCKbZnY1rbIkNkVs0olMFWNc14Rj/LWShKdBSsX7pE8JHe8gLj0TZ5UbAw6BMF7Ex2mMwmVLYiLwqklMxmM8gkVduyNdpkezKmzHv0ij7eB0ajbVSR0UaP9S1CStqmpScKtMmwzjMeT9iZzHAxpMKZVNxw/PheBkjk5V9ES7Y/u/d58Aq8BEKk1JosBELbsugldy0e4Xa3gtuoOPvwGU6d/gtGzQ4LJ67j6N23cPze2+kfOciOaNnxU0TPEHsZvWO3cPid9zH56jM8/gd/ys4jVzgSFzniCqwwXJEVQhqyo8uovqEcQaMMfmpZDIqe01hl2LCBgSjpmR4NBuvAiFS48yFiInte5+pVXshzLoCE8+cu0DoLOqCUTOHupGmUkC233HIUqUWaZwLJkjOp7q4/fh0nbjzEle3LEL/z8fg5Ab9SoKSibdt9RXD8dtjincXknnzWI1WkbStWrlP8xF9/Jz/7c/dx4fyUf/JP/pjPfOoRLl+aUs8MMRxAari8uc3VrYabl3KUgHvuW+HOe6/nkx8/gzI9tMnZHlfIxAoAkaOLhig8MSRF8/OjI2II3fbv2hNKQmjoDy1/99f+Fm992zG+/MUn+cTHt/nx938/X3/6Ka6uXeBv/vz7uf324/R6GQeWeoCjVIbzFxv+2W99mIc+9yQXL0+pa43WfYIXhJAslYIPKRdFSIiW5QOK97//x/g/f/+PGG01eNdSVw29Qb9TZqWAdG0iIdRpX0fxbezzVwdCCDz99NO8+c1v3mP/v9QyXeZ49WDeAJhjjjnmmOMli2vluqleHb9hIfytfCD3f/bKnGjteWGGiA8eKSRKgGwbsC1Cya5Q7cE6qB0xeKKQ+OmM2NaEtiXYlmAt1jY0bYttW9q6ZraxjZ1WVLOK9fV1ZrMpTT3j3KknsdMZDY7NagbRsSgC+SCn7mvqOjG5Bv0ey8tLyYNfG2KmuTTaZKuaUTlLjBElFCLCbNpg28TmFzLuMYZDiBij6Q/6FHm+p/LI8wytJZnW9IUi8wGtwNqWpq5oq5q+hxUyStey8cQpTs+mrE9GPPGZT/GVP/sTirIgLwuMycizjFwZSpWRlQULi4v0BwOyoiRbWiBfWqQ/WCTrDRHGIFCILIMyRxYl5MnqyAkQukBp01kdgPApeFiqPW13wnNUBs87tte+ZI4XxK7SRQlFjL5jZEpsjFR1zWvuupNHHvkaxmRIpambBqVKiuVDHDx4BBsUo1lLbQOTBmwTwDR4XLKJsh5qy7PaEUREaY0pI84lRl9SGHVHKiiIEoFGdQ0gH/erXlIECDky+FRcEBEFxL5ELtKxwiKlSKGTKlqka4i2poyWIZ7R5ho7V84ynsyIPl2nSoJrHW3T0BnnI6ROhXdSQ09Emb5ECjbdHVt9CATkntWQtS1Yy3BQIGVk7UpLV7enGY8ZLi9hsoy8yNFZiVQarzK2rCBKk+w9gmA3I1J2mRmBdFwAiALVOuRuoyJEfEyWP0Uvx3vfl9p75gAAIABJREFU2SWFXX83qsruMQubxiGQFGWJ95Eyz1BKAI6qnmHrGevraxip8Ai8NBRLSzRt4MHPfA4ZA01rETRcvHCRum4YmOLFPXHn+Laxe67usiaT6is19Gez2V4Qr9vYIM9T6G/w6Xpo2pa2bambhqIsCKRwXukFhckRARrbIEJgUJYURQk+4Jxjbf0KMs/IckPrLCpTZL0cFwKjekK9s0lZ9uj1S7K8JFpNLBSNc0RXIRpBkRecPHkzM9uy00zxGbTS0TqHjYFcGWaTirb1NLamsZYszxkMBxw7evQVZxWx5wr0vOdCCATnia0jxoCKgV7QxGCY6R7N6iGW1BKDE4dYOnIUPexjdcR5jyfZjVkBE2cJvYaV161yVL+ec7NPsv21GQerIbkuKBSMN8YMx1P0gVWCEyzeeiP+2HmmZxuEDzjrcE4TnCW4gBKarCMFCJEK/iEGnHcp+0W+mouc3c0hSi5dvERjLUWWlLrGZImsoyKRmixLuU6JAKG6BoEgRofJYOVAH3B7OTnfCZRWSKewtiW4QJblKRNMiuesEb7Be/75nu2xu58LD6LBx5rDR4f8/M+9j/e89xb++I++xr/93fu5cqVFqAKtBxAVQmoCgdrWPPn1M5y44VZEFCxfl3HPvTfw0Ocu4ryg9Y4oFLudBmU8UTXEoLrMn12SyD5ijMlWMMS956UIXH/9Cm9/zwmWFjPu/p4THL/hMNvbY+688zV8z32vSc0VESA0BBp8I/FC8w//+9/hw3/0Jeq2x/U33Iw3lqpqkUIhhU6fB4kQHvBEZrzrR17Hm95yM7//eylYHWNYWlymahucc4zHYyTpWmyaumvEgAhyv+HzKsS1a9idnR3Onz/PiRMn5mHAc3xX8cqaVcwxxxxzzDHHKwlx/0HsPLKfszIIXXhoDIgQURFiPaOZTAhrV7Dra0zGO0wmE9q6wk1n+Ksj4mjCbDJOHv5NTdNMqZuKtqmpm5rG1kip0MbQVDWZ0fTKHsurKxRas5Tn3HbvScqyJBQGXxa0RtFImOWK0MvJ8xzrUhKgVhnL5ZAyLyHP2KinjIPFyyTD1t10xDVtkhXvKQHS59aZxmiDzsxzZLMyJoVD9A4jJUaKRNJ3lmAtwVvy2tJvIzmC4BxVPWXSVESpsN7SVKm5Ya1FBEvZtGTtGLfWMoqRrRhonCVA5wHvqeqmy5vQOC3xuUH2SkJuEP2SfGGRwXXHWDp4gsNHjnLoyGEOHDxItjBMwapKJDVBx1qOIi2i/ypB+hzfAruqFiAKQYiRLC959txFHv7iF+iVPepZTa8saMdXGD/zMJOvi8SYNwUeg8gKlM4RypCZHJVlKFNAf0DUOc4HhPKEMEOLiNAZkYD37KlmUsDbbmZFx7iXnatxDGkxHH26brt8CekssW0IzuK9JYpI8JbG1ahgEa6lmowgOIJtULYi7+Xkgx5NbVACnBQoHQm+QZAh8BAjztkUEBwVPvg9u4pwrUrIp2A/7yOxAFO0rF8+S9209Ay0TQXecfiGY1w4e7b7PYlQBqkNUWdIU6Rz+5pAxb3uzK4aJsZOFeQQooFoidF1uy4V+2MI+83ePSam6JoqKSQ8JC0QzWySinJEVOdJbYPDtTWZVjjnCF5jhkssrBzEush0a0RwLVIIvPPM6vpVauHx8sEuC17sMYolSkq8D0ihESTLLW8dk7ZlNo571oBN0+C9Q8oZeI9rLDpLjWVjDNF5KtuysDRE9jKsgjjMCHXk6OHjFL0es6Zma7pFFkt0nqUmgZJQzSiKEl1kjKYTauXJlgdoLwi1o7INRmRsT0asbW8ydQ1VsFTRUtsWu1Oz2FvA2qQKiErQG/QoBgVGpLBr0fmhR/HyvxeEXccwkWyAVKovoiPgfbJDyzVeeHbaFjEIiMIwuPNO7jvyZvKDC8TlHhPl2K4nzCZTctlnwUvazQn26g7DhUWmmWV94Fm85xD+cB932pOHIThF0Qo2n9lGPLVBcWSFWApuf/cbuTwKbH78EcK2JYSAG2r8gsGJZKeWlJQapVJjlUhiRyuVxvVXMaRIeTLbownOeowxVNU01bhFysMRJEWcjDo1pbvzWoiU34PyLC0PCNEiVKdM/Q7O+N0gea00QUaklDhr0zHq8EIBrbtWknucjN17kZxSlJZ77j3J3/jJt5IbxT/+Hz/Egw8+SmMzohwQyXHBo2iJCKK3eBd45KunePfbb0NrR1SCG25epOxprlydYvIyMeOlR8hIELYjEHT5OCJc0yCT6T4ubNowea08wONdwLaJErWyssQjD5/i2Wef4ed/4YcRVpJlkYsXtvjUJz/Pz/zkeylyeOKxCQ8//BTLS7fQuhzbpryRLDOAJLjUnCFqiJrABKUa3vb2H+D++/+SnVGNFAXO1sSQMo4gkucZ0VuETI0fIdOANWe476OqKr7whS9w7Nix7/amzPEqx7wBMMccc8wxx0sWMUbKoqS1lhA8SnZFrD2ILix212/6uditl4uuIChlYhZ5717ET/GdYXcpKfdserqvEHHRgk7yZhGBpoXJBnFjncm5izz9tce5dPYcp589TdgeEaopdZ2K21orBJE8QE9n9HolvV7JoNfn8Moqy8sD+v0eppdhJYhco7MMISVGaYzWNE2L1JIiz9FCE5XAKUmbaWopqIKnUZKgFFFKnBB4IASBCpIYFIFIf1CSi5KoJVppYgBvHaJfYoRERRBdxSMCXkSS44fYKyLIKJA+IIJECI0xCqlBxICMmkwMMEpgfKCPopQSnAPnEAIaFZj6Fts6cm0wKm1j7kHZSHCe1lqss9jgk7+6TX7T1lpms4bxeMzm9g5VWwMqFSxdixiN8DsVZx49xZe2dxiNdsjzku9/wxt4/VvfzOHX3IZYWQIJXgvIcmKUKFRqA4j982COb43kZ++RUhBC2ncB2JlOQQpc2yL7A1RecPzY9awuL3Lq0UeZ1bPEJibZwAShAEWIAqlUsoaRmpgvEcwQodM1obIcmedokyw8jNkN600BfVFIfOK17jcCoid4i2sbXNvi2yY9bhzYCjvdRGeGZjImM4qyX9DMJiitaJsaaVuCd5S5QRUG52rwgtxopIgYZZCtw7mAbSxt24B3e8UNrVKTKQTfxVaIvSA/oiCGgA0t3gdmdY2/cqmrzqRcDSUkG/UYKfxeuF8MjtDWQEhFm92A7mvG4tjZAV1rfOWDxZSKpp4ijSJ411k1pPdVWhKsRyqNlAbXepAlzpOaAVKhdIZUkuFwicXFATF4NjbWaaoJeE8IHqMLYt7DioxGGAZLC2ytj6BuwDaYIqNuWuKewdgcL0W8UOFOKU1uckQIaCEJUSbru5AatcE52o6dqrSimTVY26K9JFQOjMFaT55pLl++jDSKadvQ7/coioLN2TaXd7ZYXV7BBs+VzTWmdU00CqEVSIHUmiLPCCEyraa0MVljKC/RQaE9FCYnz0pGkx0aHMEoWpJ114Lso4LA2shwacCsqcnQxMZjBgbv3J7SYTf/5iWFb7I514oud18S6QRSShClQEbIIngP0qdB2wuwmSAuDllcPYLJNWZhiBwOk01YrphYh2halqRi2SqmT17gzGe/zMap04T1mpWbjnLLL72TyZLG9nPkoA+6pnHpPpHHHH1+wujPHmXx3huZHM4pbl3hyH/6Npbfdjd60kKUROlRy33ESoFfNLTSM1nbpFdZ8l6ygwrdXFRJmeyAwv5d+xVf+OzycXb/I4TC2ciF85scXFnBZHovtFZECSHrCv8S0Y21e+LH7r7rrSRGiXMe/R2qKiIpIHyX4e87e6Y9xr/gmuK5QO7ej2J6JAU462ntDkvLggOHAz/1N36UN7z+bj58/+f5oz98kGosaFuFFcnbUkSZXDOFQhFwbYtVgjNPjphOwAxbkJHBsKAoUvOIIDBGU9cVeZEY9yFqpMywbaToBbQStHUgz3pMZ+e5+74j/MAP3cdoe4PPf/aLGFWwvdGwtXWFtfUZ1x3OQcInPvkgw2E/hYjX8PE/e5R/+6//gHNnLvK+976XAwfg6to6o50JbdtHFZ7ZzKF1D+/SPGA/Qy1SNzXIhl6e87lPX+YvPn4KQU6WlXhXMx5PMXnesf01RakJokVI+x0rOF4NEEJw8eJFZrMZeZ5/tzdnjlcx5g2AOeaYY445XtJw3nHw4AG8cwipuqBXusWw6B7+1V6T6ecBpTTr62uJsfuSRiTsLZ47Vq0EjcI3Mwjg1jdoL67x+Mc/whf//E949tRTjNe3CAKslOjCMBz2WFha5MSNx7jx1ptZXl1Nhf+8ZFDm5NokJrNPvuWRiFcRrwRBSYRKDRMRkuWC6RuEUql40nG6vJJ4oxFCorxDOAe+Icb0XBCR1noQGolKbih0MusAUTqIAh0CMoBGoH1qgAjAic4+hJj89TtIKdFRorvoNOsavIJCC0QIWJfieKUUBJNhtUapiNEaISKCgMk0/X6J6PIPTEjNB5VLlBA42yK8QYvEV9O7ti4hsCQVvaJHpnRa0gZQfrcRJRFC4V2kmlZsbmxx/sx5HvnUg3zmAx/g2C038a73/wQ3v+UH0IdWCEWbLIQwRKl3Xdtf3FPuZY6kkElsQzpOXd06isEiqIzGeXxjycoeigi+wkRLJHlu6+iSZzCwP65AjBLPeSIaD1gBUSoQGmTywU+dJ5nCLGIk6hxM0TFDEzM9DTpdxkanEhBCdBkcFhEcbXAsr6yADzRXZyglqa0lz3JsNWPQH1BmirWtTbwyNPUkFZ6iI4b0JWQkBtsVo/ZZlM77vZqNkmKPUb1vjZCKVyF45C5bv8NukkDbpjeQUiUGdEzjFNERbYvsSum7lT8BKKWJ0dE6mwJPZbLxsTNHrnLaqsZohbceqbp+g4vkOsc2nhA9mTY4a/e3MypibAlesr02oZ2VCCGpqynCO1RIuQFaG1Q5ZIJhMrUUgwzdH+DxxFBj2wnBhz01xBwvTVyb9bMLKSQGybDsM5vOsK6myHNi9DR1TesC0kdCbdFZ+v16a9o16AS1bLCzGm0UZdFnbXMTbTTZOKdpUuOAqmVzZxuhNeNqSu0d0exmw4DODHmbQ4g0TYUjjScaRQiRgESRIrNVniFdundICZnULOZ9VvvL7MQd+jInLxVaZigkmTLdVwqn9yGiZHzpNQF4Ie3aCyMkp5h0X44CEQSyE0KZvGBrskMtJYfvPEk8UIAJCOGJjSO0gFOIqzO2T53m9Oe/xoWHvoa5MGJp4jnoMopoaOUMc8WyeGSVvjQULgcnELmhbSIGyWrMWf+zR1i87wTlO25HLg+wR/vkx/uIQJoPWE+QUNMyk46dxnJ1+woHrWGh10tji9bYEPAifIPV5Csm52efFv/C2C0aCwFR8czTF7nnNQfQuXrOPhExY5/NIrrTuHssDU0juHRlCyHM/6t9p7UiGJPmZ0mSt3+pxO6DxG7+KSRCJFVCakqk7VLaMSwCN968zC/+nR9Fm4xf//Xf5vRTZymyBZARqQOZymkCnaItqdGEaFHK0M4qnnn8Kuef3WbproIQAouLC2RGU2QFSImgZmmhpKltp2wTeA+ZFtTVJlopgstwTcttdxzg7/+Dn+auuw+CgHr2ExgJD37iGX79H/wm0YdueRCZzCqe/vplfvuff4w//9PPcf7sNvXU0e+vMBrDcBluvOUYZU8jjUmT2qAJtlMa7R4TEVBSMRgUWG9xbeRf/fYDaNGjVywy2tkmxtjZ2CT1QgwB6xwBi23b7/j4vVrQti2nT59mYWFhLydpjjlebMwbAHPMMcccc7ykcfC6g/zu//G7rK6sIFUKpwJAiL0J/gsVCPaRXieF5KuPPsqv/dp/y5kzz744G/8dIyJiJHQa4CjofLMjorXgPM2FC9RPPsX5hz7HU5/+LF9/5BFs0zDIc2658w4O3HA9h26+geuOX0/RyxFlxkwEfCaIOhU/mihSkBgC4yPSgZYKpRVKCmTH5E3cqEiU+0G9Xgm81qBUV3RNDQLhAtIFRNWkYqeosdZhfcARiChcTMwsZ31XFo1E51EoMqXRAZQLyE7tDMmBtPGOJnqC3F8YGgR9naFl8jVXmSYvc6SCaC3CdhLpGKgygzUmefQXBiEFTV3j6hYVIhkSgyIQusBS0t/KNdKoPduCLmmU0mTkeYGOAuk6X9bYLYRUqnz6GCCDnioYlke48dBh7j15kktPnOGZr57iod/6HXa+copb3/Um7PHrGJ68ETNcQsQAdAXlV0oR4UWBeO5DKXHRkxUFQmcsrV7HlfGEp596hnIwYBRKgsqgY59rEXEi2RlIKSGE5DkOaCwFDQhJlBKvdArtE4quYpSOlxJEBFJ1YYJKpCaBFInlKLrwN+8RdFZXLhCDxOgBtqm5+957uXjuWUYjuPvuezh9+jSbG1tkvQW2dsZsV44syxHC411LcG2qmouOgW+7vAGpUoE+eIiJIZkUNSE1qK7Zc7Gz6YFkPyBEQMVURHlOwTHuRgdHtDQoBUIqkAbve91LUpHTO0cIHhFSgSeo5HnrhQAX6KkeuciITOipDBstMYQ09kWFDJpIZHlhlWk1JrBDFLZzFPJJNRTStk0nFSEkhZcxKXdjoViEYkgcDBHlEjObsgD6w2Ua1+AaRfQSk2W4udzmZQcBlHnO6mAR0QbqOCG2HiUEhTSYTIIpWJ825FJTZDm6JzBKE0je8eguQDvG1AjyEds4rE1qw3wwACVxhNTwQuBCSPccKZBCoKJASwlSY5TEOUt0yXpL6gyd5ejMEIC6aYjWkeUGHQKurVD5MgumR5mVRAltcAgfUYFkeaVUKk++Am4F17i0Ia65x4cYcd4hMgOFYlpPKFRJKz2urlBbLRunznHhc0+x+ehZtk6dJ9tyXO9zrgsL9GsogsAryeYOjB+5TD2asN0Ewte3UVNLq1oqE3DRUUaBvbjJV/73D3Bi7fUce8cPYA70CcOc1gictymAPSZ/ei0jhQ/oEDHapAwA20KnbpKvcgugNP9WEBVfO3Wa9/3Ia8lURnS7DejQfd8n7SSkXA+tNdMqsLExJcbUWBHXnizf6u/TZUiE5zVz994kbZtEp8dBIWSDEC3QELyjaSruvucmfuzH38mRo9fzqU8+xIMPfolq5njf+97GD/7gTZw/v879H/osp0/XKD9M9nNx35cfnwLvt9Y3OfvsWe666x6IEdtcJcaaECx5rihLgWscUSmClwQBSjYsL2dcd/h6tjZmbFxpCFh+9mffw513HkB4hw2Ofl+TCUVZdvdr0u5VWrC6ssLnPnOGf/lbn0SpBYhH0KohEmhTJBcHDmtuuf16Hv1qTVsppM7SfDf6rvESgdR4d9ajjaapHaEVkCuaekae9QgxqQvD7q8AmckIIqJ3GwPzEODnYDfH5vz589xzzz2pGT0PAp7ju4B5A2COOeaYY46XNGKM3HHHHRw8eF2aKHXkVHGNIj5ZgDy3ViXkc61ZY4Sqrsiy7MX9AH8l9lc5uz7YofP7T8GdaZIvfSBcuMS5zz+Me+YMT3zkI6jLlxmMRnxfPmD19ru4/r47WTh5AtXPkAu95M0dAhaP8g2NEgSl8DGgpUBHAY1DWIGJEuE9rZ1hbYt3yTYkShBGJ/ZinoK/2qplvLnFrG5pnMVai/eeKAS9skRUFmEtQgRyJEV3oGIUtC5QVRXTSWLeKqCpKpxL0XCzukW0icG7pwAgUkePiz7ZCcWAEYp+liN6w87CJIARuCwDLVjsDVgsSsosJ2rB5sY6F7Y3qSQUB5ZoCBipWSj6DIUmziyxdqRKYKBqalx0ZP0CmRtUprFaUYdI21qUEAyHQ4oswwSBEQYyDVmG1BoUKCXxUiBC7JjhkoWeZnjvSW685XrOfOlRHv3yF8nzyIk3fR9XttYojh7luutvQBYDYlYShNpzh50vEb45BCJZRrFbKEuKGes9ZW+AKAqE0mRlj3Y6oR3tJB9qqQgxWUIFAlFGvEjFwD1GPIqIxhFBpMcBRZQ6LZ5NAULjo0zXrRAduzUVHoRQ7B09oVIhXoZda3zQYGip6gmrK0u87g3fz8fHm4y212irCc1sjMLhfIuSDiUUtp3hfUsMYY+pL7vGg9QaiEQfumDdtD922WZhb8H5zRfmscspkF2jQCjZNVxFCt2MAd82KCVRRqNFxmCwiFIGrRVKqu6aD3gfmE6niTXoAlJLpFYoGYmy5dChFTY31/BYIhGhNUYrlJIM8j433XgDV9cuc+789r5lBPtNCylTw8a5VJCIQSBINmWHb7yRkehxsYKgFKoYYEJgunYBpODI4evplb3daIL5NfYSxQsFdwoEoW6JjaOnM+Rwmel0Qq/ssbq0RCQym06oR2NwkcwopOlRZAVCCqx3BBHQOuuswAytt0QfUUERfEBmIuViSIEUms75B6UURhuMVGRRoaIAL7HWYZRGG0PU4F2krVt864gukAXBUn+RXllQTWfIOuInDWWvZCHrYb3DaEU0gkyqPZuSXcuul3sOgOqmO6KzMg8CnASEREpF00yJPqc3GNLsTLl0/lnOfeUxLj30ONVXLlBeaDhUldwQBvR9hrJAZwElIighKTYbrn7w81wOM0yA4zuaBV0yEWNmeaSIkapt8CVMLm3whX/3UR7+7EPomw4xuOUocbGHE4EQPbkyaKVQWtN6R7U1ZeX4TUk5JSSiU4K8uhVE1352xdNPnqdtNP2BJJJUW3/VOZvnOS4qLlzcYHOjRog83TO/jY6XUmovLN4H26lr5H7ROYprFgWRQFK5Gi0QviHWU3oDw6ETK7zrvT/EO95xC3/2p4/xv/3G73L+3AZSFEjj+cmfejNveOMirYU777yBf/TrH+T8uUgQYV8gESEzSYHkrOXcs1eQfA8hRpp2RH9xm59405t417tfy9am5R/+g39BjD1y02c6G3P8ppL/+u/9KK9741HOPjPjf/pH/xej0SXe8547UAg+8Ad/jg8t//HP/AgRuHpljEKyfuUq3q0gJZy85RZc/UWUHOBthnUWpSNNM6FpPQhFiIH/6KfezWOPfwAdS6z3KA34tO+atkm2TSpS9g1ZVlDkJdPKETypYeotZdHDOUfj2o4FJJhMxrhYsdAT33bz5tWGtm25evUqk8mE5eXl7/bmzPEqxbwBMMccc8wxx0sasWPYCATOeaQQKSg2iNQEYN+tYteCNdmwxOewT7JM471Ha/Oif4YXwrVMuN0HkV0peUAFT6waolBsPPY47Ve+Qu+ZZ3nij/+cxXMXWWga8hCY+ilHT0iWIuimxrsKbAMOCKC1ZBBaQlMzmk3ZmU2xTUusLW7aoL1AI7Cto3UttbN4BNJoRJ7RasnmdMzm1ibbWyNc0+KtRXmBERK0Iu+VYDTjnRFZbVnShmG/RzOtCW0y33U+0Hi7Z6+QZNi76gyBFpJCZRTCoMMuOzDgBbR4bFeQzbIMrOfCeMogL9BI2qbG4ckKQ5HnDPMeg6ygzHNkmbFweJXF5UVGm+t86v6PsrYzZeY9LliW8pKjSwc4Mljm6OoKg6LAaEU9mzHe3sZ7i0CwaSsqEcnzAmtb6qZmcWHIiaWDrBY9MqMZLC/RW1pCDvvIQQ9VZIkFDqAMCLDeIUzk1u+9jXIxY1rv0H7966zedCNbs6+zsTNj5eTtyAVDzNS3OGf+/zo7X17YCwjdHQc6z1+pNFmRo5XBu8jC0jLbdY1rx2iVbJ9E9ESXrj0pEgs4DRsKpEzNRZUjpcELQZQajEHoApnlXRBw8jmOMSmNtJSorsAVO5MBHwNRdFISmWwIEksfgpuipODq9g7/62/9C3ANi72Sz3/h82RG0tY1gUBRlEhpaWczhIxIAbJjJqe/DbvF/xg6CyyR7KikTI0BYuiskvxzmWfxGnbmrmKg25cyCqRUpLxkg3UWby3OO1z0WOeZTpIFgskyjNZorRFSkhlDDBElDdFElJTE4HHC0x/2uf7Go2zPNnA2ojPNdDzDRkeuJLPpiMeeeSJtr0zHN8Qu5CFJFbDOdSzp1BlORVLB2vpV9PAAlxrJTC8iesu4IFgaLOBmFZmWvOa22wlJi/FinKZz/H/A85mkQog0DlqHQVD2h9hphY5QZgWCyGy0Qz8vsdZikBitGPQGlGVJDJGqntJay3TaIq3lxsOHWV5a5srVy0zqipm3zNoaF9N9KEpQRmOEpCdTA0Aj0EhkkPR1SdPWtK7Bh+7azyRGZ/SKHou9Af0sJ7QNEwILKyv0igEmN+QyQyMoTE7MVcql0Sqd+7uf/WXOFFUB8PtZpk6CUxB9ROLJs5zKeZ5+6GEeO/d1rj7xDMV6w6Eqpz9dYFg5rrM9iloiUTQiMNOSuqepg0PWLXkQHBlpjmYHCTESwpRZP7Bwz3GOnDzCxSee4txTX+fED34vN999jKtxxOXpNrZvmO6MmU13aERI41Ovz6DsMSwGmChQeZnCTkPKdfHOvToYvHtMern/9fw5SJREodgZW7a3WxaXe11x3LHLKmdvJr+/v7RSbG1NeeTLjzHeqVBqMeV8xW9tBLT3CgFKqi4DIOz99DmvlZ4QHdIIgrAsDQOrw4K/9tfew3t/5G6sH/NP/+mH+cu//CKTcaRfHsAHgWfCs+ee5XWvuxct4G1vOcEX3/19fOADj7K5PcXZiFGaKNI5oYxCSsn29iYhOLRSvPa1d/Eb/8udXFmveOihM3z4Q39MCILoPS6MOXnrIr/8936cN77lCHkJKvZYXck4dGSVxWWFc/BHH/wL/vbf+ZuoKJERXBPxzrN25SrE24khcM+ddxEjNHVLUQ6REkJ0GGV46snT3Hr7SbJM8vZ33cUDH36ER758hWG+wGh7RAgOgUQrWFwa0LoJ73z36xn0DvJ7v/uHQI7SIimbpMD7lE+yF7Lczbm0MgjxkvdY/a5gd6zY2dlhNBrtNQBeFWPIHC8pzBsAc8wxxxxzvGwgBFy8dInHH3+cM6fPpOc6P2sp5R4zkK4IdG3RQGsIlgloAAAgAElEQVTN4088zsbG5ndr8/fQuYJ3S6HdiV9iBQeRiv8iOOqrV6nOXCRcuED9yb/g6mceYmlth0EdKXwqWw2VYPzIo1w9+xQH7rqNAzffQGUt1dRiZzXTyZTxbMr2bMr2ZMzmaERVN0ipuuDSVCB0UtCKSKsEk44FP21mXJo2eCkYmIyByRgqw4rJOJYvkLcwndVsrK2zM6swMtAXikwolJkx8BHV+Wv4LIWn2SATizrEFHQrYmd7E5GiQeKRHfsreYpHfNsQgseLVJA0QrKEpPSRTILpD2hDQ2MtvtrByZpKalog4tl50rC8usqRgwf5mdvfiCgyLjcTLs9G7ExmTOuWq9sbnL1wBikEZdmjrzOWdIkOAt9UCC2IoWVtcjUVV4WgurTGOJxmKDSlMZRZTt/kFCYjG/ZYOnQd+sAq5eoSg5UFRK9AGUEdWoTSHD66zMYVy+zcWWJVs3r8BoQo2PFP0T+pEKsrCKWhC7HeWyTs0pXntOU97GtpRFeiECAkeX/AcHWFaH0Kr4sBiUW6ihBjsu2IgSgUShmcSMx9k2coYahri3ckNn2XO6LQKJ0jZFf8FzpZRyFR0qCiQwSHTN2tVPaQKjFGhUwhw6TXxxiIuiCYZFHQVhMgsDEaEzoWsM4ydGaQSjLa2kQbg3NNKngrRZfz24XtysTc7wr+MSQHfxeS7RAxJDa/3G0CyH2WcacW2GVgBoAo8HG3gRFT8Q5A6T2JVQgRITUBaNqW1tr9pgykv6cUeZahlMJaS1M1bE4qmmfOMm0CQWiaJoApCTqnjZKgNDtVyjMwpiT6hugcIfq9gy5USgEJMezZEYUIi8M+s2rGbCYRBw+i8gKd9+iVKrGGteLoiRsYjTf5xvj4OV5KeKECiQC8S1ZyVVVR5gVCwGw6Y2Nzg+gdFy5eIM9zhEiNISk0wUaC9EglyWSG0nDdwjJ106BsJPdw8tAxWmfZouHc+hVG4zE6tdMQXpKh6KuSYdGjn+WUWY6rawKWyWxMVbc0LlC1Ft9GlBT0sx6DvKQZT2mnE5b7Q7LMMOj3UCbdD6VSTKuK6CWy7BpnYj8w9eU81IuYFAByt7kfIUiwsruJtQ4lBLmQzGrHicVV7ji5yMKix1ycUV26jIhjdJPG51oKZgNDedtR8tuP0TQTNr/6NPpyg1yvkTOLyzXjnqF8w41c/7feSTw8oPrgCHVccfMv/Bjm5CFWC7hTiNSoDw4rIj4TNHiU0sgAWRCEuuH8k6fBBrz3SBIRJXq/3+R/Hl4dt+drxs4omc2Slc+xE32UTA1bEQNSpAaCiLq7Q4uk0qksO+PIFx9+DO8yYhD73lDfYu/tKi+EECmIWUi8S/ee1Bhn17sRsAg1pRwIfugH7+Edb72F77/3NurW8oF/95fc/8FPsba+Q1EMMIVDGo13kRgzHn30ND/2vnsZlumcvf2OZUTYxiiIHiQhvT8OguXQkVWWDwxo/YxcD9FS8vE/+Rz/6nc+wfZ2JAaNDAtIVdHvT/nlv/tTvPmtR/G0bK5vItwyzazmzW/+Pgiws7XDaHOTm47fkOwxBYjg8Lbi8uVLZFqkWYnOCR6MKVL+1Mwl0kFR8MCHHuStb7mJlVVFLy/4xV/8YX7zn32Yz33+SaRI64C6qZFSUvaX+YWf++t872uP89v//GP40CCVxPoGrQygqOoKIWSyuozs5QZkpUbKaq8hMC9s72PX7qquazY2Njhx4kRSMM8xx4uMeQNgjjnmmGOOlzyatkmMXilZXl7i5MmTGG346Ec/ygMPPMDZs2dxPsmN+/0BdVXjg3/O5EogcD4FfX63sbu8idf4nEYh8Bg0GtFus/nUk3DmLL3RlKc/eD/tpx9iYWeCsZBHgY6puI3zlIBoBN4Fnn7kFI3WBJkRo6ae1DTBMRNgVWBYDiiyfmfLMcJ3G2CCYJAVDMuS4/0e+XCIWZQpNFUZjJS4ukZGyFG48ZS2rpjVDUPvCcIAAhWSL7KwyeNcpVUAoQ2JSenTCkYqjSCSB4GKCqcla75lrZliRURKifGeGwerLBULiS0loG5roksLcN9aiDWq0ZRSUEYJIkN6gfC+W0dGJJad85cZX1hjcWGRpdUVrlsacsD0kGVJvlyitUFmBmsUk+iomortnR3WNjfZmE7Zns5wIqIE9MqSYX9A//9h702DJbnu687f3TJrf+/16x3obnQD6MZCUFxAECQBUhIoaqFlkbYWKiQ7vERQNhUx/uJxTIwUtjwTngl7ZiQ7QjOiSFlWWJREQYRIShRFEiJIAqBIAMTSaAAEuoFG78vrt9eamXeZDzezXnWjwUWyADRZB/Hw6lVXZd3Myu2e8/+fkxrUKGe4uMzK2jKZNIyColWrkSxI7MlzaKkolCDpNNmyYzvt63ZR3zEHtRo4x7ZOh/XVVXqnTpMPLGaxS3N3EcnUtXk6u69BpE3yYNFCI8c7DBPz4yudHvrbwQdwUmCFiwY9DkyI/tle17lq7w2cevYIRZahGh3kcIjMRrFLCI9QoJI5nJjFFwFkn0LkOARCzoARkCgwCcYkSKPwQpfV4xteZJ4QOwoQJQEvxlYXQZSvJdZQuhDtpmSoxECJrLXQ2uDtCD8yEAryIic4jwySRCfQnMHaArQsK+JDXGAIeB8zPuJoKru0an+J50eNIBQWpXSsspQKLzc2ZAzEjhP3DWonjKuQvbWlwFp+xlh2KSZVmLL7AaRSJREgsdYRgsILBbUGeYB86BHp7HgdlJLRKikEhIhkkfCO4HKslwQsiLguyEBAoI1GCxBKUOQ5IgSykNNfW4P2TrTN8YWnEG2CjgRTnvXp6jbr9HE2g+AIxI6bKWnx2sJkxs9YWFKSomFYXY35MNmozyh4vPQsDNawwbEsc4z3ZHZITdTojBoUqxm2leCwiJrGahCdBJvBwlqXtWNrXD03T6tZZ5R1sfkIkVk6tTbz7c0opclyi8wlyguM0CRSQyFwUrKpNUfSSSiGBb3ekNMXFsmKHDFvGOBZytYRFPgg6C8vs1nmtDsdnHXkmWWUZSTUSVw9ksvOIoMrHVEm7MRe66iGKarAcQjOkxqDRqCcRzjwhUdpRe4KrHNk3nHtTfth6yzLX3qS0cnjrK+tMxj0IOvTJCH4giLVdJuK/W/bx8yte+mFjOdXzsDCiKulIUhY0zmZGtHcPYN481XYwYA1k9G8djPihnnyGYn3nsQ5RGoIQiELgTMSLwNeCZIidokVwpEri+t7isKRIrFFQPqA1C8l8b4/yH8Yn/BL4dzmKadPr/L6N+4ob0vKi0LIECJBhgRFHQJIrRiqNo8cepKDT5zE+U0byxQg/MWfU3UDU9pkChEXX2VVVUJDfH6iE0A4EH3279/M//EfP8COnbOIXPP5Pz/DH/7Rpzl+fIFgFUHNMCpAyAQXDEJ5AoYnnjzBieMrvOnGOYYu0KgZ8mKJdnOeHj2kzJmba/CWW9/AXe95Eze9YYaZTU3SRJNZkEi++pVHWL5gsa6BVobC5tTqPd73s2/n7XfsRUvLvZ/7EtddeyMuO8fC2WPcfNP7qSeChXPHeMc7DrBtazresQ4c2MoHfvGH+cAH3sNwIHjh+WU+8uF7CWGGPAOTCGr1OgGHx/L00+f44r1P85Pvez1JCre+dSf//qqf468fPM7R4+doNlsQPIvLi7zv/Xdw3b45/st/fpSnDp1AaIExCp85CpujVA1tDEVhow2TdTH7Jzj6/Yy5joj3C2UGgBifAzaKAoTYKNAKIYx/Klz6nkt/qrndK0GgV5/ny8Kf7+TncpBSIqXEOceJEye4+eabqdVqf+fjn2KKSzEVAKaYYooppnhNo9Fo0Ov18a6s2jMJe3bvZs/u3dx221v41//zv+a+++7jYx/7GA8//BDra12KovSTLitDL8XkDdorHVJ1+U+LpJsiIIZdeoePYBYWaC2tsvilBxg+8HXm1ge0CktlhO1EFACCKFABms5gF9cwaUKWerrCIdMWKqlhsowwGjAoBvTXC2qyzuaZOfbv2EOtXqeWGGpekPiA8h5pLW6U4fIC2x1CGECAPMvL7RkQ+ZBUKWZ1AkrFUMUgSWoGWYadJmlaVmIFfHBlwGdASBnDVkUg9ZFIGRpNd/EEfXKyANJBG8GsqbN/fhs1oShUFHJUyUDKCXP8Io9ZBEIEhsMRNo8hpMEHcAHnHXmeE7pDBr0zDE5AzRiazTqFkKAUSb1GqClMqhGJotOusXfrdejmLaTNNtYG+v0ua8srrCwv011bYzDMcELQnp+nldawwdNzlvrIUssK6sIhBdj+kKVTF1g88gKz1+9h87XXoDoNRLvBTKtDvnya4Yun0MMoyST1BJUI1o7mzFx7AGV0LDebqKr+PmEYvi0ClYAW0AGkd2ivUNJQBIk0DTy1KJiZBkVfYoRCCIEXDqE0tfYWgt7JyGm8WELJdZIgEPkcmRAUiY+Bj+WEM9pAXNx5EI9Lj0QjhCzHVf5MjNdXX2FphYEX+BC7maROkVoTTB0hHDI4vMtLIyEfK4OLPLbeB0EIrsr/JeAQzsUPiIddzCIQjhAkBoksLYKkNqiw0VUTZQiQIZoW+XJ9gvBlvkL52MeVmnwe/AThx3i9AYIoGQvBWAAMAkTSRLJhcSV4eeI9CIlUEiU1TrtxiLKUAVfkoPTYwchToLVEJYZiEBDakAhPhsSrGioBlMAXBaujQK5SBG56KL2GMUkWVX8jBFJqhDJIEW2lZIgZLTZ3BCMxiWE4GuCDQ2nBNdt3ka/1WR+sgPGoumIt67O+tg5S4SggH5CONH3XZyQtFI6GNMynbeZMCy0NQxvDqI2UtGSDxAucFSz3V5BS0FZNUmHYXJtBzhvWfU6S1nHK4VPFsOiyvtZDSE3eW6DpB2gdrWWkVEjhYuaICihd5m8EB0FdEed8Ud6jbPy/PD/r2GWoQyApK7Rd8NFHPBEEnRKSwKguqKeBfEYy2KopaGETR9jWZFTEDqdMevyWlPzalLOdHqt2wHJa0EQQfMCKgBMOHQKm8PjlDJnltAsNPqdYW0PSQlqPKyxFsAQlEBhEGju6cg3aOQqf0xdDeoMBc7JJrd4gyDxeD4SkKLsxJ21rvhdCm18WY2/9cSlL+Vti0jbnFpYpnEXqSvIuO0BwCHzsPnOGIjMcOrbEf/u9L5DnbQhJeakIiEssgEKY2Jeqx2HjyhsvxjGEd/xcNbYQryFCGM6dMRw9ep5P3v0wBx85zXA4BBqR4CXmbgkhsT5eX4SQnDyxzLEXz/GGG+aQQhEYIuUaQRbsvqbDe37sPbz/p36ETfMFh4/0+eSfPsTzRx/jV/7Xf87e3VuRKWzdOo+SQ0JI4/lIBTbN1XjnO29kth049Mwxmo02116zm//6kS/S7V9glK0yHGxFCs8v/sLfh5CzfCGj3Wnz5tv2cO3+q/iLL3yDw4cXePrgGZ4/soQSLXIhGOYZSWIQQiEQrK0WfPKeJ7juwE5u/oF5UIHd17TZfc0t9Ia3cPJED6NT5jYpTp/q8+/+7Sf46wdPs7aWIZXGWo9WCbm143seqRRpmuKNYzgakOgEoRWC0WV3m0ny/6X7VPXdXn6GdLn3vBJC/eS157v5vMu9djKfYmVlheFwOBUApnhVMBUApphiiimmeE3j3Plz/Nqv/Ro/8RM/we23386uXVfHyb8Q1Os1Gs06P/Mz/5Afefe7OfTUU3zxi1/k/vu/wpMHn2R1be3VHv63RFXNBA4ZPATH6tNPo06dptUbsfKVRzjxma+wteswFiKrFwn4inx0QmEFhCAYeksvC9BusvcH72THVVdz7NBzHHvsILP1DlfNb6OR1pBC4LwnDQliBPRHCOdJRKwQVtahEGhVwzdKy6IQ8PVQeqwGYLb0Eifa80TTY3zw5QRNlQS8AyGrgiB8iMR9vD+OFdMOibcWFQRJSQqmCJp4ZOHIBkO8ByeijYDylDYmpe95ebOtiHkCM6qGasixL7wI0eTDF5bgIpEaSksUpQTeO4TNoVegeoGaEojUYC94ChlwSuF1EyVTakLQMIqr0jnkVVvoBctzJ4+x1uuybc8ebrzrTsKmBucOPsu5e7/K8sJyDBJEUAsSVgasPPosvRdOMbdvF519V2Nm28zXmpw9d5rVwYhNWhGMRnpHujWweuoEs1ftIBiDUEnccyrGc1qt/LIQUmELhy8zQQQyBjoGgRB6HFIrlCaVBpnUUSEliAJkbNmWookMHiVjhbtzJcEdIqk1JrrKYyFW+lfWXt/uuwlj8SJQetGXHv1CKgQOgkcbgxDxFUr7sqqu6iCKxH2ofPGhDO8tq+o8EKJdgEGgAFc4VGIgRMHMV2SODygXqyd9VXVdrs14tIGXPA8l8VIJGuNnQcqNfTTISrSSeL6zoMeNL1PFAGEVfZ4rOyMhJVKBdy6OT0iMMdGqQAt0kmKSlIxIWCijolVQgMFgQL2W8AprwFP8D4AMkPrAJmnIZEoqAi5RrIwsQ2dp1OqITpMz3VMUhaVuA93BAru2X02zY+iLEWuuR6/fo5/nuCBITQI1yaLIoOijpSIEz0yrzWy7RcMYUlWPHWYqit11k+BsjssLUqEp8hwrMhIjSeqadrNJb33E6oVFQi2K11oo8lCgjIkh90UehUsZybpES5wEryWY6C/uy+6zKxmFluTSgQ4YIxkqx7CuaG2Zp7llCyJRFMqjZ2rYmmDT7dczu38n0gn8wCGGAe0kwnryQY+RsviOpu8G2GGGCg5pIReSIni8MzQ8DB47yQv/6ePkts/KmePI2Rqf/79/D2ESEifQRc5Q5eQyIJFYKekrgdm2iU0zbdJUMagHjEjYumc/IgRslscuRWPIgn21N+3fHcb73KQtz8vviFJKzl9YIMtz0rS8X/QghSpvWwrQgcJrDj59lv/wG3dz5qRF+g4eA+Jvsi0vRw5X2TieeDGv8/yzS/zq//K7rK4s4ZzGFgqtEozRsbBehGhVFBwIV16RJWtL6yycWcFZ0Br2XbeNn/3Fd3HtgT38wA+8jpnOHM8cOsrv/O7jfO2vD7K6NiCIVZ568hz7rt6K0nDV1fP4cBhErbxwO3ZetY19e7cAguuv3cvuq/dw990PcN+XH+BD/9M/4vVvOoDQsHff9SSmzjefPsLv/bd7eOed76LdqXPombPc/YmvMBzWyUcJzkrSWoLMYwZQVkQbQqUVSjR55JET/OqvfIyf+uk3c9vb9rJ7zzZMzaANbN3SYuHcKvf8ybP82ace5OSxNaTYhNF1pBJkWY4xmlq9gXWBLMtI0xrd7ipSahqNBoPBEjWtsNaOC1Qms5mm2MDa2hqDwYDZ2Vkq29oppnilMBUApphiiimmeE2j3+/xiU/8CZ///Oe4/vr93Hrrrbzvfe/j7W97O81WA2zAh8Ds3Cx33nkHt956K//0n/xTvvnsN7nnE/fwmc98hoUL52N4a55HOxr/0q6AVxIbU6hYnWtHXQSO3qmT6OUFGt111h49xMkHHqbVtdQLCEjCRLhWCNFDP5cCKyXCKwbOk2uNF3Dh8HHOPvkcw5VVtrVn0CNP4iUtoq+4FZFIl4BQGm1E9NwPkUf01mGzHEvAC/AixGp6Nqp0fAh45/De450viVZfEpOSUHp1ByGpAo49ASlFrNqUviQHJcFqOiTskjNYX1Y7U2CtpTscYMIEyT9BPFazC2NMDCoNsRW8qhKrXilFGdZYVjsrLYn5ipFEDD4KBSZE6yLyAg0YAiEUgI2ksZAIrbAqZhqMhGN7Umfn5hbFcpeDn72XsKlFTRnWXU6jVUeblFBYeusDjAeDIV/ps/DNF1k/u8jstnnSVpOW9SwsnAYPOxpNrJQEV1BTsDhYY8v+G8ow4WrNprMGoMqDfQkCgdxaELF9G+8RUiOSFOE83kY2P6iUzAdMEHhlcKKGo8Di0CIhCEcQtrLPj/uuEmXR4UTpuwhVfwq8zKROlMy9mHwsZRTMQiAeMqUcECIhKFEQKtEqql6+qqyXpT2PFCUpT3xN8NHiSBArh7VACIkPAecLgjQ4EY9tV3Uk+BCX58M4u6A6wibrPTe273jNy8fhJZz+WEiozhlQkvdc9Hz1+7It/QIK78eBxqWJEgAqSQnBEXwkPUCikxrDbAiiiU7rKJNCiMS/VAakAiUZ5QVzczNYOw0tvBIhXaCuDLW0TkMqRM2TBMGwGFJvtnAisOIUykpSAfVagkoVadpEt1q4kWF7XZOudFldWaeVptQ3z7LUXWaYDTAjaJLQqDeoJQnKQT3VqFoNqRW1Zo0kTRgMehit0E5hVEq73qJdb9NoddDOcmZ1ke7aKn4ItWYytsWw3lFPGljA2oJWp4ZJUlS9RjAKJ8CJgCMeNxMNb1ccYrECeAVBShwBS0A2UtItc6idHVDRbc1LsMKi5tvImTpaGbz1SAdYTxgUyG6CGY3o97vUpWR4totcG6Ctx0uNlRofBLVC0DuyTPfUGazJGMg+rfZVtIeC4ugyw5MrtHa02XHbtfQ2xfsHJTReKGau2sn8/By1Vh03E8fQ0fXx9xeIInElvH7vYsLb7SV74MS9dIhZRcvLy/T7fdqtNL4vBJyXKJNgURQ24ZHHj/L//tanOXkyJ/hZnFdVNUe8XsWtC0xeDy6+Cgkho+Ve8EiVoLXC2spOxhPb1aqClQBBM+wDoYWSkNRNOfxY5S2RiBCF5SzvUhR9mo2EmU6KVgobAloIrj+wg3/xoQ+gUs3h5wZ89MP38vWvHaTb7TMcBIRqESh4+KEX+Mkfez1Gw95rthHoAy0EGgQ0GnWMrqEE5FnB7/7Xu7nnnvv4uZ//aX7877+LT//Zl/ixH/1Btsw3WF8XfOYvv8aXvvIEzz7f5a4f+jGC2MzqqsHaFC1beCw2CCg7bPEeqaItYG49Jmlz5kzOh3/r83zyUy2uu/ZqOrNN+oOMxYV1Vldzls71WV4ZImgyzHOy3OG8p9FoIJBIIcmyAdY5QjaKHQAB+oN+nFc4F238pviWGAwGLC4usmP7jpfNEJliir8rTAWAKaaYYoopXuOIRNv6+jqPP/4EBw8e5GO//zFuvvlmfuEXf4F3v/vd7NmzixBiJU+9nrJnz272XLOL9/zIezh27Bj//ff/O5/61Kc4fuwY3V73VV6bEuP5lEPrwPqJ44TFszS6q/QOHuTFL96PPrtI03l0NC/h0tqogKSQkEsJKIqgKdKE1dGQTUuLrK2vU6836BZD5uoNKDyDrBenUVV1TlmpE0p2QSNjlX0IOKIVQTUVK2wePcdDJFfD2AMlxJDQqt06BEJpT0II+FIAIARKh3SUUCBCrKIOEh1gttOhjiLknlE+woeCWpriTWwerzhPP96KG5PPIjiCj1soMQlaSoQsqdgQKVVXhvbFCmKBLlUCUfrGeg+qFAmkjPtdXK+y80IUICQy+LgcAlqAVAabaPr5kBNHjoMSXH3VVVxYWWFrvUG3N2Sm06E202S42sN5i0SRZJb83ApnTp+jMBLZSCk8nD93nlanQ0sGgglQ19TFJlaOH2N2zzUI07p4XjwFcDE1Ecr/+eAxSQKoWO1vZOlXG73m4/eqsc4igi0texICCQiHVybuE9h4jESjnWh/E8sGyw8vPXco/YgnBICXFLqPw5w3iKRQdvEg5QaJX5InUTYL5X4oxn+NbRjGYwAlS0fk4Ak+iqMIR3ABKTXBewogYCLBOH6/Hx/nCMeYbhR+ottkgpAZ+xeVlg1+wg6iWmFRjXniXFG+RopYxX85T+CXoOwoKqUDkBOLEgJcPMdQbnetU1ZWFlGdWbRKsR6CUkiTYowpvyNJYR2tdhvn3VjkmOLKwcgVeO+QSuDL87WuJczNtpFGsrYeLfFqtRqtWot6Y4bnF07SNSN233wNc1u2Yk972qbOJlUDH+jMzrG6vkhRFLgi0Ko1kFrjnMfZnCIfEZyPORYiifui9EgVs2+01tTrNYTRdLM+a8MBQgdMorHKx+BYIUEq6vUGiY6ZAnnhMHmBNilKKwLRvdsxca29wnfQ4D1aGEwQaBs74jIv8B7ytYyQRKMzpQJKB7z3WAdeZPjcxnD3AOSWMLKwntEYCmzf88zXjmBPLWNcC6SOPz7eM7SkYpQNSebb7Pmht7Hzx25HCM2Lv/cFzh0esn3bNez9yZ9AHJjDCYcUBgoPSQ2IAcEuWM4cPc56t0ut3UFrjUBgrcWrb73eVzYud04ubxgrk/7qhhKBD45er0ev14NtKQBKaJKkRvA1Bpnma48d5Td+8w9Z7SUE2oCM6dCVkHKRAFB+xCU5IOPPJRaiZFmGLcPnN8YdNkSAIAGJK0DLerwfJYwvoRJRkv8BoyymMWLP3s384A+/lfe99y6uvT6gkrjM1AiSNPClLx/lt/6/v+KZJ1eidZdqYVJTjlvx1NMnGYwCzbpg//5d1FJPXji80wjhGQ4H9EcjRjbhucNHubB0ll/5tx/ijjvfwmc/+yD/53/4MI8/9iw/+uO388SjT7HWLfi1//0/0252eOgbR/nUpz+Pp47QChccQisKX97TErt8HYE0rSElWJez1hvF3B8nePapQyijsc5RT5vkmUV6jdB1bAFKK1qt8hiQ8fra7/djDpKK1+Ner4fWBq1V6XHvpwX/3wG895w+fZqbbrppI7B6iileIUwFgCmmmGKKKa4QCLyPVdijbMBjjz3Gk4eeZM+ePdx5x5287W1v4823vplrrrmGdquNcx4lFbt37+JXf+VX+OVf/hAf//gf8+v/z69z/MTxV3dVoqdOnJwITz5Yw3WXqa2t033iIKe+fD/h5GnaWSD10ZO7qnj15WQrep5DIQVWKgIKXavTG/XItOBc1uV8vspgsIhxgXmTskmmNJUpa5QD2mgQgiDBSxGtw4VAhVhd6W20T4mBnqEkVcO4HmxjMhaXJxDRroDYRuAnCL1SHoiV+TJWUYsAwkcyTuOxPpALhcchdKBu6uTBktsBmo2KZIQoicpxGa1FhQ4AACAASURBVHEpTJTVxHYQvVwnqFRB9XkeHxxSSJQsx11yucH7SPCLKB4453De4nHlOgmECGgUMY434Dz0fcFpO2A1OEa2YHu9QWt5BUKgGGWs5yMW8gGb0gbz7To299Gr3VkUEhx4l5NnWazh1opDDz7I6xJJs52wfPQFmlqShcBgpkNzvharmKe05ctAVjX0CKlI0zhJtkCiDThXtsXXyDIXbaFchvAxDDaS0eX2FdGfv6qt3+D14zHIOCy3IrKravaN42QMUb6gIss3fHw2qvVFtNIK4y6lECv5hESoMltAeMKYjI9tCZLYceOcxwVBDAUoq/nxIDesbwIiduUIxutImOgmQEWfrrHAISbGO7ky1QjL91Z/XWIfFL+HMBF6HsruoMlqzpcPz4udDrraSuWY4/HsqQiH6qwWswLwEl1rglIMBhm0NNrUSGoGhMIHgXWeWr1RigtTXEnwAvo4Bm6Eto6ec2TdPsF76jQwJCxlA2SzgbOONZuxdOEkPZ8zEgX54ilumLuO2dkZsu4SW+e2sLq0QjsY5lUNn+Tk0iPThAJP4S1SaNYH64AEJyh0QNkh3d4avf46xWhEzWgy78hdRu49Q58z8gVJs4bRYLEIrxE+inXD3oB6vcFMa4bcuWinV1hsYSGAVqo09Lqyz/SC2HFYd4JaDkkhSEix6yOOP/YUJ1eXkElCsDlaBoyA4ciT5QE3HDBaW0d5jwkBX1j8yCLygBx5iu6IleML7OkbEhwCBy6e77xW9FVBv2O46gdfz45/9G6KfXOEk+usOksRAhYIiUBsquNFhrAQCkmRRF5aBseZY6d55pmn2b15GzvmN2PtGtZZEqUQF6fVfo/jW3ce+hwG60PWV/sQNoOQ2ABhBIWr8eWvPMvv/MHnuLCU4FWNIDxSjspl6rKDrrrT+9bE6OT1IjEJhIC1NnZ0jn3bVRQUSgGA8bm+OqL8eI1iZ9qIAzds4x//s5/kLbfvY/uOJomJL/fCIXGA4bFvHObf/eof0uvNEWRCrdlgOOxTjDKkDGihOfHiCidOjjiwv87VuzZzzTXbef75YizrnV9Y4MzpZXbu7HDgxn38mxt+GZPW+ebTJ/nsZ77Onqv3U6u16Pb7/NQ/+ClWVzR/9umv88D9T3NhuU9eOOr1hKwYAR58beJaFkhSycxsh+3bN+N8xpkzxwnCsG3LDpaWzrNt5yZ27NjBsD/i/PlFmo06wkuENGzdtpMz5xZYW+uT5QX1eoOiyPE+gBM4F20O6/XGxvYsbx+q25wpXh4hBE6ePPmqd6NP8f2JqQAwxRRTTDHFFQRRks7RyiLPc44ePcoLz7/A3X9yN9u3b2ff3n28973v5a677uKGGw8gvMQHz9zcJu644w4+/OEPv9orEWELEJBnPdZeeIH53pD86RdYeuAhwosnaWVFaXsTymqlWLHkhKDnLcEkoDUDF21Bao06QWk26w41W+CVQc/Msdrr0u/16I365GKErPzwy6VCwCKIJjeUc7tImruSrCvrpKv0gYtWQ1z0W2wIBUw0OZS/K6ONysSj+req5tkTrYkqIj+GlpaVWhPLrJq6Lx0DXGyTUE0kRfm4GmNFGYqJ9/hy7ON3luPY+G9j6qsQ4xuoOpAQ7YW2NWq057bS0oaaC8w0N0Xxpd5hzeVc6K0xkBnbmzO0RJ1hv09dJgilMB50mUuQ2MBweZVjDz3CtZ06zV3bsafPYRCc+uZT7Lu1jmltIgTzigShveZx2U0QYuW/AJMkMXw2lGS9EoRiyMymLSxmA1w+QDUKfNEjqc0QBBRBltZVNjoTVAGc4x1RlgG3ECaIihBACaI9ARuBv1Rke/lHKC21JGWgrihrfct9DlkW2Ycopjl8uQe7stoylI/jMn1JqAtRnTMqojwKbASHKzJSbaKgGFwMWixtsCqxQJQTeF/ad110oL3s4/i5G6saxi+JGSDlUMZv8OPXfOcIY92kEv6CEONzR/AxwFFLQ5YXyKSO0CnIaOHkg0Qqg05qBKERQpEXFpOkWB+mx9GVBgFOwShYhCvI19exgxHeB0w+xKQJQkvqMx2WLiwy7PYRXtHY0qE3XCbLM7SSCKUYjjKarQ4zW3aw2FuljqZhUoSCkbMMXU4nqTPKC4oiJwhJkqSM8j7tRhsz08RnfYyo0Wy1yGWg8Bnd0ZCV7jpDV1BrNHHCk7mC3FvAU+Q5bpCRNNo00xqJcwipyYZDGs0GRsTgbpxHjwW5V3vDT6Acz8V5IJWmeUnHQojddVgfu/8CkDlSBC2v2G7aOOsIPqCdYzTsY3OBlAbpU5qmBUVBwCFUijdg0KgM0k2G67buIxw8Tuh30SpFZgU1Y7AyZ9AK7PvxW9n6D99CceM8Ax1Q+YgLWZ+QiHhu9eCX1wipYO34aZrtNnLHVrxJWDq/zNNPHyS4gm3bthGsw1uLsxajTRSPhYiVDa+l7+cVh6Ce1llbXmdlyeNdHa9B6oT1os299z3Nxz9+H+cWBD604y4SLrqoTvxcjLChHo/JfZsXKCVRKor1QgiSJIk2d7Yg3tnJS5Y3IaxXox43rAmU0uzdt4c77ryF9qxDyIAtBM8/t0K/W3DbW7fgRQzVXV+NHSpIyIsCpEKJmD0VHKyvBb7y5Se44cDb6MzCG19/C0e++RCCFIRkeXnEg/c/z4037KXZrGEJnD5znsefPMiPvvcObjiwh207NjMaJTzwwNPc/fH7OX6siysaONsBRhRFaV8pDCDL7Vl2KtQ8P/Nzr+eNb7yFQMF99z1Atzvk5z9wB7/5mx/nuuuv473vfReDfs4jjxzEWUORW173+qtYW22S5wN+//fvZ3VlxHCQ41xVNKRQSuPdRrV/CDZmJpUnhWmuzrdGCIGVlRWyLJsGAU/ximMqAEwxxRRTTHFFYLIFOP4dqV5XetD3en1OnDjJ+to62mh27drFjTcdiJ7dRBGAsPH+Vw/lRCY4gs+R3VU2W4F/9kXOfunrDJ5+nvpggPJlwC4QcNGrWwqsBCsMNBp0RyMQinajiTYG6wOJh1ltGGWWWqKYa85Q37wNqSReRO9J5x2O0mIgVI8FjmjJ44mkoPNuTO7F+VclwExQ7Jf40V88UStf9ZJJsUCpSF7HQODoTx7Z/Vi9paQk0ToGIwY/rpoOAS6dIE6Sd0KIaLNQhaOGDbmgshkZk5vj95Qhxd5f5EWulIq+/2PBIJZ/p0ajlYbgqVloCYWSilE2IhuNsKMcCaRCUBNxwqSNQc5pznRXObJ6nj3NeWYaDZbWV5mtt5AhWkioALqs2h6ePseZx5/k+p3bGax2GWrF7O6dnH7+GXbd+EaEmeHiiez3J/sgLvkNRMJJqyiuJDUQ0UYKpWImYAikpoYREuctwg8RboCiQKKQogq0LvBCjr/7ctFjoUyUGRaTHxwqW63JAZbz8qqoXoTqTBD/H0n5CWlLEF/kq5yMUoQqw4Zl9c+ECQvqgPDVcVjtywIhbFkV65BGIoNDBjVel1JCoNQdLuHtLg4B3njsS5kQhPBsEIAbNkESz0Y28SR7Gb7rEsHxabuyLasUhYqELIVNIWWZSxIIQpMVDoSOMqbSaJ2C0kilUcogpR6P5fv1+LlSIREYqfBYggs0anWUVDjnkEqRZTkayWyrg8wDw+6QWVPD1DdjmoYLp85w7rnjzDjDJtMhQXP2wiIjmcVzhBR45xm5gn6wKBnIyBnmObOtTViXgdW0221EakiMIRjFar9H3+ZkzjLA0i+G2GH0tg8qkAWHUZJmrYFSKSYI7DAjqddAKTJvMVKhhUQjkL48Xq7E3XPcDRQfe6JdU9X9JKVgxjSpqZQo5FlGWQ8zM0t9xzZmtu8AY8A7qKVR+/QWCkcY5PjuCFUoijOrHD27Qv7iEgRHWsr6AzekvnuO7e9/B/7mWdblkKVTSxy5+3OcO/Qc1+o5VAj4YYZKttB94Qh/8L/9J+Y6c9z2j3+aa9/+Jubm27zxzW8gW+zTqNfBxdyW8fk7TJyzL1r3V2ojv0qoTulhowHMOYHHcOG8JS9qJGnKqPD88ace4Pf/6D5CMUPhEhj3tTDBwMNLff9fHt57lJLj7jFrLXmek6RpvE6KWPYRKK1+Jq52FxeJbMA6wb1f+Cqbtgbe/w9up16v8YXPPcyn73mQREs+9sf/hvnNAiXrGJ0SULgQMzy0jq0CeZYTCo1ptjh06CT9we3MtgRvfvPr+NNPPIwQDQb5Gt2u4GMf+yueffYMr3v9NvZc1+att9/G+9//kxAcvYHlc597ik998sscOXyWPGsg6dAf5NRqDaQIeBcQ6CjmIzautQIgp9MJfO3rX+DcuQVuvukmtm09wLatc9z21utoNGocOXKIbzz6GLe/7R00mx2azQbOe/6v3/iP3HTDu8iLHt4LnBUY08C5ApUo8jIEOM+L8bYTCLyvCgfCeL4wxeVRFAWrq6t0Op3pvccUryimAsAUU0wxxRSvcXzrsjchJLfccjNvetObeMc73sE73/lOtm/fTrvdeslrXzj6Av1+/+9wrN8JAggPxhPWB4gLi4jTFzj1pa+z8OiTdAYZypc+8wKsCAgJVoCVgkJolEnojnKUSmg2miilCMFF4xMVLUvaKl7iC++Rw3iTHgR0EAShJwgFgZCirOAVZUgu0T/cWZwrhRMRSpI8RLONUoCphJjK9zuUFibx8QRxPrH+Pviy3SAatYwJTh8g2LHfsVIeJeW4OhkuFhgqVKQoMPbuH1cgho2ehLEA4Ku/q/f78fMbAlNACEcIRfRJr95Q9jcHIQje43ygh0RpPQ4T1VKiRPRNdYgouHhPw2i2z85xrqc4NVxjpGBmpsN6f0AdSSolysdqbOVBW8fCkRfZdOgZ5t7wOgZLyySbOvRsxvrCIjM7Z773SYbvEDEf4uL9QmmDUkm0eZGS4DxKpdEKRyeYpEmSNsmKLt4O0WYEboSSjbExgCvtHWJ47QRRPCaiY+Xghs+/GPeYvFzB/KV/x6r7MEEmleoAASEq//yqXyd2tMjy89VYUKzYcF8GWm8kZQh8DMbGIUPs5RE4RIg0TLWGgolumeo4mBzn5GMBZWJx6Qw02ZfjxwIHbHTvjB27KO2TvgtsSAeTVaKhzPMolxqic1E8VwjSRpOBh0DMexBC45EgJCEItEliN5nzTA+kKwsiQOICTSFjB0eQzDbaGK1Z666DFawsrUGSsmP7dua21ClqI4QTKCFpyiY1k9C+9jpUBhbDwtIqi/kAX5esj0aMco8RhrXhOkV/RJIY8rzASVAiIytyil7AycCgGFFLm9gQ6OcjFvvrjLzFiYA2EuvtWGwq8gIlE4J11JMao6KgNxwxn2zFeY8yCqkkUsqNjAx47XUAfDcQUQDJFYwMqARcAoWK3XYygJYKKwM+VbT3XUXj+p3Ypka6EAVLIXC2YOgdNsBAZgQ3olUIBnKJJTGgDeBBCxnze0TOlv1XIbcl+MSil4c89pFP0rvnCW4azdIJgbozSGMISqCCYeuoRjh6lqVtj3LV5p20brmG1pYOdlTQHwzomAQow+DDdy9mfi+hIv4rjXuY59TSlJOnlxBylvOLS/zZn3+eP/6TB8iLVrTxfLnOxSAuuy0vV/1/OQgpMcbErIkkifdnzn1bcrU6rDwChKYoGnz8D77BZz59EOcKur0RNi9o1Ec8+JWn+Ym/dwtRenel+B3t54osA8BoTRAKIQKPP3GYkye71A90eMObtrJ5vsO5s55Ed8gtDLpDHrj/GRYWT/Hvf+SfIaXhqw9+k68+cISHHzrEhcU+IdRwtoNSBmctrU6NPB+U9+px3eR4TQJVL6tEIYPmzrfdydGjZzl96hjvfPtN3P/lb7B39076g4ybb7qR667dx4mTp8mHQ44dexEhC/7Vv/oXHD58nIMHB3S7lkRvxhUS68qCJO/JshznSsJfeFKjGOVDjEnG98riItvAKSoIEYvXzp87z+7du1/t4UzxfYapAPA9gOeee44/+qM/4vDhwxw+fJj9+/ezf/9+fv7nf54DBw682sObYorvOUyPuVcSkZqSQqF0rFi1tkApTaPR4K1vvZ33ve99/OC73sWOndtJkxppLYlEbHnTuba+zn333cc9n7iHxx9/jLNnz75aK1MiknS4HHv+PObcMoOHD7H40BO0+zm1wqHKKhohJYVwCK0Z5BZpaow89IcZQqe0mm0EAmc9siTwCQEVINhYvZ+IaE8jECAFgej9HUnCSHpLIuEtq0LDknz0QZZhvmFcYRt98ifXpwpY+87v8idq1pmsyqIkAjyxih9fRCuVMe++YRx06aRuTNxPWmpOFOd5H8acbdhYysSAIokbKLscyhJuUXVEVFXd5bZz0Rh+bCsjnMcQSX9ZVp8hwAqBCzFINXWSZq1Oa1ODI2sLHOuvsm/LdmZcnVGvS2LqgITCYoDgBNlaj+e//ghv2jpPe8cW1k6cZvuN+1lZWKC5ZRcm3Wgf3hAvvv8IicutsdEGKSXaGFwIUNgYwKlN7DJJW9Qbc/QGy3if4XyBd7bc2TRCulh5Gjaq8JGVajRp9xAqLS2escZkPBPCQDXKjb1v42UxVHgcLHzpmgUfA4JFJQRUVP3EnjzukIrjqfZjAFkuN5T761igm1zORQMVF/16WYwPn9JObCyITPxbuPj1fzMuIJ4zXxpBUAkAIXZKhDIJwDlQCSatI3yC9xZ8QAoFQiJKItakMUvDTgWAKw4iRH/2BIkxKWndM1NvIoVCz2hGWYYJimF/yPpql9lWm6X1HqO8j+kY5rfMYlDImiIYxckz51laXyZTgtQYWqJJIhz1pE4+yugPBgytjvmkSrOS9XDWYl3OaDSAzFJz8Ro7yEdY4fAqYIymkdaiOC8lTgS61uOVRyaCdqeNzgsYZTTbLXrZCK8ESEmQIv6MhepXdZP/7VB+Xx4oJGQarJYx/9V6EhS+cBTa0di+mWT3Fmxb4bTDDD15L8MNYph5XjhUkiC7BaxnhMxiRgXSA9SQ3uDRZMFjWinpVbOItKCwjuNffpT+F57mxvUZ9ocZhoMutVyCTiFVrJ3rkizDtlGHuUXwZ9YINzpUvQaJpnt+lUZnNtoYymmF88UQZSep5sXjF+gPJHf/8QPc+1eP4vJZCLHLI14gyvtGoYCL82AmMc7Tucx2NomJxHtRELRGq5jzU5HSoXz/WESTMgYFS7lR6FJ9DsQdFIeQkrxIWF4GHwwehfdDQhB86a8e44d/6BZmZ2Zjd2DwUWAOsWvUe09eFIjgsV6wvmY59NRR9u57A3Nzkl2757lwrod1ASlq6CQly9ZZvKD4rd+8j24v5+jz51lfsRS5QOhNG7k/waO1AizGyNLWMI7fleeGeC9PeaOqIRgee/QIn/rkX/LGN93EKGuyd+9NzG1SLFzo8swzx3jm2Wd56+1vp8g9c7M7eeKJJ3jwq8/wsz/zAZ58Yplzp58n+HiJ1SoBkZMkKUVhkTLekyutyPMuJjHj7tspvj0WLiyUnSzTHKIpXjlMBYArHL/927/NRz/60Yueq0jJz3zmM3zwgx/kgx/84Ks0uimm+N7D9Jh7ZSGEQkqJcxZfOIzR7L1mH+/+kXfzoX/5Ia69bh/NRgOEwLsQqz8FOOs4e/Ysn/2Lz/LR3/kohw49hbUZQiiEiJV11YTi73wCV5JhF1f8esLaGnp5lfDiGU7cez/J4iq1LMdYF11LZWlBIiWFgNBsUghFr8iRMiE1dSS6rHD3+FA5kYuNOVbFePtQlTjFp7ygatGVJZ+/YdMRxo8jx1YxhxMWSgKqmmiq13xLAu3Siv3Jv+Ql/QGVCBFK//RY5RQAWYaYXmYhUHUoTC5rYvIYqqrqi2Z8L4PJ76siSy96fRRZ4qOy8tiVb/RxTutFwAlwGpASA6Q2YHoWXVPsnJ1nzVpeOH+Gt1y1F5fnZM5hQhmb6sEIaAlB98x5Tn3jca69605czdA7fgK3OyHPMkxaw1UhsdXm+j7Dy61ykiYIFUUZnI/EsJSgE8g9wjSotzfhl44hEBTOljkMKobWlukXQVZx0pPEeFXf/tIBjGvnXzKwyeNkYocKEtCI0nIrlGT35HtCsOVOGIlBFyg7D8ocgYkPi8S+K9UugS8tegKyDPQW+CDLYO4ybED42NUyPl9VBMnlLYC8CFFYKB9HtYx4HFbBB6UScDkLIMF3satW2kcI0fZgrOz5SslE4KKFFhLnPO1OB+fK7JKqOUEplElQWhOUpl5vTCfeVzKUpLCWVCvqrSZS60hSmQQtoNFps7q2xkp3nbReZ37fLk6cfJELS+dxtcDM/ByqXufswjJLK12CdWgPidds6cwwKixJkpBlGUsBesUIJwXKSKzwaKNRQuGygnatRqvRZDAaURQW6x0q1aRJglGSVGkIkAdLKiTBll1CUqBrKYpAHhxDWyC1ppDx+mHL64gUXNFR1QLQkV+NWeNiQ3OULtCQhn42JKSS2d07EJs7OO0R/SGPff5rHPzsg9gz69RFg2KUk9br5EWOdgUiy6hnjtaiYlbMIUNCgWKAQzVT9NYZhimMspyFbxxm15JhX9hMve/BpyR9GD17gW8ee5GTn/sq9RMFezvbaZh5wtCT9Uf4WUNiErqjEaEDlLYz3vnv1LHmexLV/Vq89xLI0ory7IUev/5fPsETjz6OtTN4l8YCD2HjydwLopp2uevkJZ9RFqBcavVonUPJeD9vjKHf6wFgjKHIc4SInv4VIW2LgiRNx7ah8nK2WlLFjk+xcW0TSIRO8AgeeeQFzpxeodPukOc5LhRIHdejGqOUMZOmsJ68MBx9fpGiCAil2LVnE489skyrMcMgE2T5gFpzjrMX1jj+F4doNtqMhp5Et5EqWl4JCUqW1zvhCSGKHGMx/6J1qO4+JM4GVpZHnD/fY20Ndm7fxZ/+yZe5996/4l/+8j/hdbdcz8Nfe46vf+05bjxwB1Iajh87w13vfi/Pv3AKJeucP79Eo97CZh6lBOCQWpONhtQbdbIsj9+/dzRbTRAF1vb+ZjvT9yGGwyHW2ul9yBSvKKYCwBWMyxGRl+IjH/kIIQR+6Zd+6RUa1RRTfO9iesy98gghYIzhmmv2cNttb+WOO+7grh++iz179qCNwrsyGLL0qz9z9jwPPfQwX/jCF7j//vs5cuQwVYe21kkMrQqOV5olneSdI3focctL6NVVzn39EYZHj9EajtA+R0aTCmyIgb/CJNgAIUnpjTKEF8y0ZxHoWBcbLBVDVk3GYCMot7LWH1cGiYur4CerC6utEvWCcgLkS0/zEEWTsY3H30Y3uajaWF5C5kticf2G834IVVW7wldVzZcIAJWtz0s+asI65aLnv4UCcJFl0UZzwgYNelGFkx//e/V6VQkRInrNVwKLciCtRVvHNplCe54j+VmeW11g9+wM3YUVdNC0VYJ3BcJ5UiBoxfLRE8ztPU6nfj02URTDAedPnWDP9QdA6fE88PuQ/y+x8X0GEatm0ySNZL4QECK5LqUCnRJ8hlUNdFOBSBEiI3iHC2ULvdDRwV648ti4eKbtiV0d484AoFKOqldeusddOs74V1n9j9zItwjVPh+zAcLGEUy5UwHVcSlK64KN/TZ2FpRdOQICsZMHBDGmT8ZtVAkH4+MxjK2O/MQ6bYz44sd+4vFGeECIKcgTguKGVDIpAHz7KsFqERfXal76orKHofRJr/TOA/tv5MWuJLiywlSNEwkIwgACpWNwovPTisUrDV6AV4KVfEAdReIFvt8jzy1BCkw9ZagCA2nBO8JgjXoSyDoJw5HiwrDH2lJBf5QxLCIhWROGhjHMJQ2SLJBnBdZ6UmPY1Ongup5+KAjekdYSgvW4wlPXhlQntOo1rLVoKanpBLQkkZJUKDq1Js5aQh5IVcrIFXQHQ2ARaQxD68hkIPOOZtqOQaaUAtbENfvKO7+P5VASK1AFGBfFgODjdtce8NH2Lk1STLPFUMPwQp9n/vKvefaTD1B/scfcgqfV76G9RicFAzfE1DRF5ki1pCaapC4hOElIDYVxFMrhEsFIOLLcYjJPOzTQmWaIZZQo1r55mgu/9ecc6Z1n24rlQG+WWlBkw0AzbaJNDeMh89Dr9cjnCnR13hlXCFTn/o2z1ZX3XX2XmNwnq5UVAusla+sFDz/8DMK3CCElBAlYEJPV/oLYsvntbyYv19VodLzv+f/Ze/egSa6zzPP3nnPyUvVd+65L62apLVm2jC+yGV+wZWxhYJARCzOBAgYMi/ACwyzBLLHBws54JyAmZididv6YHWYwsRMzwa53DQZ2MGBsYYzttSXLlizrYrVk69pSt/ry3b+qysxzzrt/nMz66vu6W7Js3bueiI6q/iorK/Nk5rm87/M+T/CeYF3LwFdiCGNm+uRczViL9/6s+0PdVkJfkuG0tknyIi+JEZaXN7jzjke45k2vx7ocIRub01ubCEsqEHwk+oamMdxx58MsL69z4YXzvOktF/EXn7iXzdFy8hbKhMp78nIGsRmDuiYrMqKMiFqn4wmCRIcR15oMu3Y+szU/mTgJVAXRlAD4q098jdXVNYzO8qm/uo+lpeMMBo7/+w//lvmF2zl67Cgbm5H/8p8+gTGWJ48d5YtfuI8D553Hn//pFzl5fIBqAeKBul1nFNiuLVWJqlhrGA43sS6Oq23TWuMV/xR8R+jkSLsEQFEUL/YhTXEOYZoAeJni8OHDzxiI7PCRj3yE6667bipNMsUU3wWmz9yLh927dvORj/wB11xzDbsWd2HagLbG1sw1wH333cfHP/5xPv2pT/HAgw+wurKSJu7asWc1MX5MYkm/sFXbW6ZmKRAcqZZOkW08Rf3EYdbu/gq94QZ58El32wgNkSgRbw1r1Yi8XGAwalgZbXLB3L6kQqITevUdP7kT3m6D+WOvzC4aqYoYGQfN6LbZgY5Y1BYJpL/RLm63ZTIm3z+LRt2WANgK9W/9Ei1feTIYnyJ742/uiNmdaZmhbiqwVgAAIABJREFUnSEZnHbRn3ZZMrGp6OnbytOcq7RB/+67eWgbX8EbiE6Tn0Jds6tX8JoLL+LWxx6hLDJ6fcNoYwiSUxqHxiotrqKlXhtw6vC3WDiwl35mMINV1h65H3PRhcjMIpEt3fZnPsFXGiKWABiiWNQkbfzCCVgHCIQNyGoQh6kCwRUMbcb8gfPhgTvJm2WiREI9xGVDMHNodIhxqWJHJ4MW7esktgwlUCxBbHrONLTs9Dg27U1H3K2QDUhENKBGiCpo28mJpuBlCpJ0FTdbQfRxtqF7nbwtx34IrUa+CsZZQoikQwtI6xWQTL+7wJUZn+bW72y9TFYmyETfQNCdj3X72kWJ0odm/IEZ99GqbcWDtD4gmFb6S0BsCjTFpu1/zERmQBNzThvUKE0MFFIQEC649EoeuvcJCDnODPEMENPgTUmQPrhZGmewpcHY1E4pSDUNWrzUMMkAVtU0jhtDLZHaKKEaUURHNdgkhojJHFWtDGgY2oDGSDU4SSEbrG+sMtBNqsZhdEgdAlYcvmlwrs/ANwzLHuvDivVY05OSRZuxaEqK3m4qExk58NHiTUCNJ0SlwdMQMc4wM9snM4rNHNp4nI+4YNGoqLcY20OjYaAK0WN9SsTZEHHOYWJSI7EYLMnoeEda+iUC2dbnaJu4nzxSY2zrYxKw1qBGCQacCI5UneMdrDcVFKmyovYVTXSsnFjhG1+8h/NkgQtndzGzNKQMAac5WhtGcQYrBvXzuEbJBDKURjxGDaYaMsLShECoI70sY8++vaz5hyg1VWmIdcgg0n9wk2viDLuDZc461l1ErGUuz7BO2BytoxoZDQY00SNEXIjjaYVpM49RFRWzFdd+6V205xyTUzEDGONaE3qXKs1C02rit+Qbbb8lgdMmct8mJvuEdI+1v9/KMnXBfmsttpXmgcTO996P+5ItdJNm06bBbZtIT6SXJihWHDEW3HbXMnsvEvJyN43PCHU6rwh478nyrCWxpMq+I4+v8uSRDS69aJ7Lr9jPgQsKjhwJNF7A5oQYUtJdAkU5Q+N9evJt8uSy4tqWtakQVyOhrRJ0LsOI4pu6XdsoyccAci049mSFYnAOnnpqGe8Nzu3m2NGao0dPopIRvOHRh1eTRFLIOPyN49x791HEOqzJ05xBUnLFiCH45Gml7e+5zFE3FZm1KDElOiFNSzr50HYNtvPajVvfSFuhLONtJreNE0n6yX0+3xXcT/dbO49x53eeCSLCcDikqipmZmae2wOfYoqnwTQB8DLFRz/60We9/Yc//OHn6WimmOKVj+kz9+IhyzIOXXGIhYUFQgxpYt80LC+t8pWvfoU/+IM/4POf+zzrG+s0TY2zGdZm48mpNYYQAiE244TAJE5fCDzH2BYUU7TxmM11ZP0kq1+7jXD8CTJfYzvmsYIaxVsYaGANwwyW9eEGe2Z3gU8BxRSZTsIe49XmBPU4GXl2vzsRuNsx8T6bsPC4Tdr26ZhRz9a88xnbhHjaGnki5L+N6S+cfWJ9pqOKE/s+2+T9jPt6Vuc4pjql/U4ERU3swpzp/8FAsO1CM0ZM7ZmdLbl0cZ6nNtbZt7gIwaDNiIN5j6zSdBZRsE1g+bEnqJdWyOdK4rEn2H/JZSw/+jB7rno9xnY+DOdAxGEbFAiIKFYNtbRcfaNYMUn3HYUwTKy+tDlEoXEOs7gPXJ+8Sb4OIdaIVESZScF5Y9P2p0fAt7Azm9ZWq6Bd4B5EFdFU3RMx492lBICChhTgNgbarVJ31Rr3SkSx4+c7Pe8BVLYCbu3NJymy327YLZxbDfLYMgbVY8bH0YXlO4+QMwVlWsZrew6TDP9xWiLKRGVB2zDdc6ZgpKs5kDZAQts3jU9qvE/tAiiSzmvL5JDUtkRQS8QjmmQ4FEO0LmlnZQWRjLTUaUArwCM2h3wO6hmis4hLCbsUkDjDaU/xksHkWJ1M2g3OWUyj5C7HlgoaWVpfo8gMUQNVXSMSqYPHD0aIadh/cC+79+1Nev2DAYONTZrNGhkG1tc2me/PINbgxbC6sYFs1hxc2Mu++b0MYuBUHLDcVFQEgveAUkbACjZ3zGiPOBoxWttEm4bZ/iJZMOSuj/YKhoN1fKiwpcE7weUZuUlLcvVKbh2ZcTgEiYIR2wYlX4pIT38bChv/P30kiOk+UbxEoijRREqSjF7UyFAjpnCoj4w2N1kYDOnFGeY044LZBc4bKP2ja/SDYnwgN6S+0FrER8QrWYgYacBFahspMPSayLAKNKub9IKgszkXvOkqNi//Jqe+tsxs1kuGwVj2jIQiOHJjOSmbHJ+NHJjPcAszaaplhNFggzx3uCJDYoWLim9bIcaYkqAInjbAcq4Mx7LzrQCOJMWf+uatiq80tqXxKZy+g527bqnkkwnAM8E6hx8MsMaQ5wXduBSjEkJMGvVVhfcBl7k0/zKne0ppO2dMlXk28f+NwQj4oEQMn/ybr3H3/ctsbkasbUlGKBoDzjmGwxFF3qNuGhrvWV2J3HXXOq9/M5x/0X72Hih5/MgqUR2iBrWCxoi2HjVZZhGx6VxV23NoiLEey/4keaNULStRkpCmKmDxTSDLC3wVyGwyXK7rBoA86yMijOpEmEinnUgSGiAES1GUNKMNjCmIIZKqExVncxrv26JdIbZeCzEmgkQyXNatqcEZcKbrN/ZoOIuv1+T/d0q3vlAeHDuD/Wf6/e8kIdE0DXVdP3cHOsUU3wamCYCXKQ4fPvystn/ggQeepyOZYopzA9Nn7qUBEXjyyaPcfvtXuPXWW3nssceYm53jhhtuADr2C1vvaY25QpLROHXqFF/+8pdZWlp6wSaO2+AjcTCEYYUeX+WRO+6hWN2kbBcrhiQHEhQaEU40FZpnrMaaot+ncAWmqpNR7thp8+zM9ueCyTo5OVcFsR1DZ4KRcxb5nbNja3sz8RvaSrSoKvGsRmIvwnV7OoxLLbbD7Nykfd9dNQNoUKQOXLBrH8c3hzy17plxfYbDVXaVkcXgU5yTDFUYrK7z1Lce5uD5u9k4+hR7z7+Yk8ePs+eKmpbGPPGLUxgjbVk+MLlwsxYGQ6J1zMwvgs1QTbq9GiMaIqZlrU+yWUUmaj/MRHA7fdi+wlaWoQvCp6oAHYslp2qN9O0G1ZCqRjrGIW3iQCJbj0GrsTMReE+/lxjzSY7oLA2xRcdLAXwRQlScbQMq24iQO90Eur+nIF67m4lAj27/DU7vldIjom2FSvtPu/bTVLnUPkddglHa5IV25yXC1ifpiTKkIESX2DUiGGPIc0dd1+PUm2qn052OKssyostw1iHikmn89Jl5WUEUcq/0gsFEw5zJ0LzV3nYVi/O7MDGwyTIYQ1Slqoe40nHB+Qd43Rtex+x8n6qqqEYVg5UBjx1+lG8Nv0VeZoQadvV7jMI6cdCwvrKBNDAykeiUEANqInnmyNIRceTxx8lsRrTS+gkYrCmSwe2opjeTs3d2lkHTMLTD9JyESJ7n9PKS4XCIMZYsy3HOsWV6/8pAo6my0ZF8AGxMfUrhHE2MOIWeh7UHHmc+d+wt+rzl9a9lcPvDbOhRGjNCTU0jTTJmNQYNAWeTWIu3EXKHrR1FE5jHMlwfsfKNR5l7/1UMz3fMfe8hXv0L72ftD29j+f4TmM2AaRNJIQRWQsP6nDL7+oPMXnMQe94sZIbc5xw7coyyLCnyAg2rhBDTmGGU4AN4v31MOCcxzmw/zTbP/r5+prls0zT0yh5VXeFDug7e+/G47EcN1lqck6fdV3dk47y1pnkEIliTY4DlU0NWlx/EaPIcmUSMEWfN2G/AijAcbfCV27/Oj/7Yq+nNWC65bA+333Ycl83QQOInoFjraOoKax0hJA8Dacc5YwzWCiK2Pa4UcB+NKkSF0hVjLwaRQIwjxAYwKbjvTI4IKZFAwBgQcW3lXzdOpvn3aDSkKEt8bOWEJLWMDynB4WNsq/ZSuzSNxzlHUw8o8uTHMMXTQ9v7M/hAVVXjv8Fzs26bYoqnwzQB8DLFgw8++Ky2f+CBB7j22mufp6OZYoopdmKaAHiOIWAksUHn5xd497vfzXuuuw7rLK6V+OiMM880edIIPgS+ftfXufkXb2ZpaemFPwUF8ZFY1fj1ASdu+xrxySWKJpl4iqRFcZYVDELNSgysq4EgGKmZ78+gGrHOtSa5LXF4MkK3jTvfvTvDZPLbWqNKG8g7c6Jhx6bfMWRiMTgpBSRneLf9/y/fhbaSrp2LoKOGns3ZN7eX+5dXecJU7M4NRbVJmTtck+5f025/5MGHuOh1VyKhZvPhRyhfMwujIZK5NkbcSt6cSwHNM5HyFZwRbGbTx9pVybQB8BCICGVvFsoZwlpbah4CGjxGI8ZkLUO/NQM+7ccm3rcJg1R9ExNrn617OsW7x9lJIMkDpSB7q/OvW9z57lhhWxgeuuQAsfXYfYZgik6GzNM+xQjRx3FS77QvkEx1Uw+wXcLs9FyfjPcLIGLaHqM9ky39sfG5pnOz24oZUrc9ef5xa/87khvjyiZpP+8SBzEtol2RMxwO0v66vEwbBPY+JGNIMUneSRwxjHc2xcsEAmRemVGLUaUMQDQEVbIIPTUUGLIgWCM0UXC9GSoqQqgw0uCygErENxV5FglaYxwUvR5VbJhxJYsLBdFWSOWJUen1ejTWY4YD1HuMy0CgaTxNVdFf6IMxOFHmds1igpBjWF/ZIAwbTOYxVY1rPKZfEGJENElriELusjEzeXxHvgKY5F1fIMakRF1U8BHNlNrAuq+ZzUtslnP06DGqWct5hy5n/ztex7oI9WiDsLhKszxCxKXeKbPEpmbGOELVMFrehEGk10Q0BjIss5Vl5YHjyDdP4S6cYW0W9v7om1nYt4+n/uttbDx4lKWTS8TBkJmiRzE/T3HxLi678R2U77oKv8fhDayeWOLJR49w5SWXk1s70a9tBfPwYfsJv7LyNy8innnOZ42hqqo0RoVAUZQphRwjoQ1co4pzjhjTGLg19k0ytyeqASZZ312kX0oyV6Ia0tSgHfMb77eqVY0Zj3Signrhrq8dZnkpMr9oedO1V/OH//lLOOlhTEHAjCX0knlvOn5jDU3dkLsC1YhvPD42rZSpQaOQZSW+9hhn8aHB2ZQU86NAr98nz3KcS23jfYMyoigto6rB2YLYCBjPcDjAWYfJcoy1OOeoRxUiQlEUbG4OybIMay1106AoLsta1n9qw7zIiaFGz0remWISIsKoGrG+vp7uyWngf4oXCNMEwMsUO7XTnuvtp5hiiu04dOjQs0q8HTp06Hk8mnMLPnhEwLrUh83NJa3EjkyaqmRTH7cV7BnHoxCTdGYLUYqyIIRwhl95ftHOjxOpd2OEWd3gxD3fpLdekwdNAS5SkGvoG3xRsuIHeNej8p7FfpEYO3HrHM/wC+P327Q1v8O+v42ttYyiydezl/A+PbYr/e844vQmdpUGW0yYnfveuTh7uUIUjLaB2Tqyt5zDyhobMWLyjOFwwMGZ3fTaKgCj4BRGGwNWjjxFb9cMg0cf58Krr6FePkk+10/JIDEI9pl+/hWHCU78GILgjEnJw6gY4oRPgiR2m8thbhH/VHuTB48Ej6CtnrBJXhJjw9/22yLb7+gtjS2MRqy2AlRKy2rvkgjJhjfJ9wQsLYO9qyiIoe3UwrZ02Jh1L6Qgfhcg1y5BMOlMYdrkQgq2i2rqP4gQI5JZCGF7RcMEjLaJgvEZdokIw04zZG1D/aKdVEDaXo0dpxDTH1PbCwGUJD80/gVtncdbP4BO+ofULClD0EXUWrmDrgpAktRZQMeVSEVRMBwO6PTiMQY1yexXBazNk0cDKbmj0bC9R5ripQ5RcGKYK3oIniJYmthgNKK1T4Ezm7FrYQEkMhhtsO4rIhGDUOSOXmnJg8VqiYtCUVhs5vAhUlWeBQeFOMiFPDfMzs3hc4PrGTaWa0bDFIyzJhIaP644ao1gyG2GE8NsMUMzSrrjuXXMl32iKHUOQ2piiK08ice5QNPUiR3aSmukqcHL//6UNgFgNSUAFAi5hV0z7Nt/kNxkSFVT1Hvw8xlV4SkPLDDbfy2HrjgPOVXBoIEsI8ZAFKg3kwm0P7nCo399J6M7jmHUgQg+GAot4JE1jn7yDg5etgt31V7WisDCOy/lwn2zyJOrnDpxgmZzyExeMrdrES7ag77mQqo5GNjIjFGOPPIERGHX4i5EDMa1zGrnEJpUCaBjZ5dzFmeb4z39l7YGtzPO6toJqE68P32TJPVpraXxPgX426B9nuc0TYOzbls8ZOxh8zRzyW368yok5wqTxlJpMCax8421aTtVgrZm89ql3jPW1jf5whfv4OBlb+GKKy9mfk+P1eUBeZmnfiEviLFBrEtJCk3SRU3jqUcNWZalADxKXQVCrIFI0Stp/Brl3Axz8wUmwvpKw8ZKQPBEDaxuLBHigCuvehUXXnyAssg4/MARjh+tMaakqiMLC4sE72mitmbKgbIsqeua4XBIr+xRNzVN00qpTszNU9VuQDVS+5q6mkraPBOShJOlqipGo9GLfThTnGOYJgBeprjhhhv4xCc+8ay2n+qRTzHFd44Pf/jDzyoBMDUAfu4gIlRVzdra+o5gsG6V6cbW3HbiO5NBZFWlrhs2NzaJz1qu5rlAGzQLHtbXkOVl1h85wt5RwCQpzuRtqUJl4aSvWPMRyWdQBiwUM2zxZaU1mnv6X0wL0WQMrNqVCjzNl2QrRC90a6yJEGS37mo1WY0KaCR2AbpnXPltMaFNZJtWvjzt916haC+nKNgmMNfLuGT3Lh498QTr0mNdLI/VkVcVfXI/wmjEqWAbZfnJY1y0+Go2Ti3TnDoFg80UUD6nGnASsu1l/NfJzBuJqWZEU4DbZURxBLHMLuyhEtvK5qfgu6ELkLea/BK3PXPbEljbfCoEq4ptNfb9zkA3iramxYYA0YPp5IFi+psm49IkiWPQcUInBRi2+IVmbA08fnJl61mU8TGl5IdqbAP1iQ25XXu/3bZ97kWTtnnaecfAT8GBbZUQkliOokryIpFtv60tC1+ipmvQ3qemTSYmf5FkjN1mc1GJaZ+2Y0KbVvJs65C639CW9d+aBiDGUJQlw7pqgxQGbQOPMSqZK8iLgsY4EItgWxmH09tiipc4BPKySJ4/o4DEgFpDMFBrIOuX7LJ7GAzWWRtu4GxO0IjBoUFpqpqgNVW1SVU3jJqK2gdG3pNlJRogyxxqwfvAwFcEsTy1usTSYIWYQ683CxpYX9+AGFit15mbWQSNrKytsqu/iFcQl2EzQ9HLmdUeIY+cbDaSLIf3+FbbOyUDapq6HmtswyuiCABVxUbFtBLwag3ayygP7qO4eA+xUYxAX4RKKpayhhNuxML5BbMHLsXUKdkXVamrihACw9VVYhQ2Hob1LwpuUFPEEmtzBsFjyeitGtY/dT9PzpVc/LPvobpsEd83yOsOIFefx4IcQkNAoiaz2swwlJo6y1hfXeOuu7/Bifu+xdUXXc7i/DxNU5PHSGgabNvljvOUXUVWl7N8uV+0Z4ltY+Qzdadtu8l47tk6XYiOv6vjCjehq2Y7E2IMuCzDNw1FnrO+tk5ZloTgiTFixDwHZEgD6kjJ/IDGhjrU6b52DtP5D7XjjfqA10Dhcnys+fxn7+BH/5u38MijD9H4CpeViCSZuxC2/IJijOPKhV6vR/SxlfsZJVNg58itJeiAhV2Rn/7Z9/Du617L+Qd3sbG6yZe/cBd//idf5fFHlgmhYtfeATf99PV84Mb3sHt/SdMElk82/B8f+Rz/9U++gqGkqStUIctyvA8piWLBWouI0PgGEcFZRx2aHUSkdE3yPAfTkOXfRROfQzDG4L1P1UMtpoTdKV4ITBMAL1PcdNNNzyoBcNNNNz2PRzPFFK98TJ+5FwcihlMnT/GhD32IPMvHQf7TDJg0TaaQ0z9LbJbEpNtY3+DJJ584zbjp+Ua3uBGGmOFJNh97gGJ9k6yN2SYBEKU2wsA6lkYjNhHmrCU3QiEWiTEFCFqZjBSrjNsWmJ3MtZB0S5MMSUM0ERMdErOWSSht4H7r+GKi5aIENHTc3ZaNCxgCKTzpCOSIJrZlWqh1/MQ2MaGTC8EtbnYb6htXPDQWrIa2smGigkOEs9XPq27t70XHdzFPV7baSKLi6oaL5naxcPI4ozpgtOT+0SYLJuNC1SQPhdA0gZUjx7jkoovoxUBz5Ci9174GfI2YAuy5pzvQSsDvyEElBn8IHmsMUUjBmq7c31jEZUTJ2HPgQp5IGTisEWJTJY3+EJIpr7FjRZoUsJDTKgAm6gqwxqBN4Edu+PscOXqMe+69n8FoBKpkRrBOeNP3vBln4PZbv0g0hoBFCFgi73zHW+n3+/zFJz+N2GL7eYXA/v27ed97r+Njf/THWGuJamnqkE4QSapAIbH0NAYuv/xSXvfqQ/zNLZ9ms/FdDo/GB1KeIVVJiEkMfm2rJWZnZ/jRG2/k/vsPc/d997GxkYwBuxu/q3BAhV2Li7z3ve/lr2+5hUEVqJuAdknZ6DEC1775TfQLxxc+/wUKV1BVNSazvObq13L+BefxN5/9DNqkHm7M0px8yERAZSs5maL/rRqHpmulkfn5OVbXNnDZbkZ1JM8LaoTgIyEoYjKMdVjjUnWAnt6vTBfhL3EINAJN9GQiDKshGgIRZUCAekSW5ayONlldX2XoG4wpMOQ4U5C5giIvEJMhQWmGm2QuIysKRlWFqT2l9cxmFqwyahqaANE6ag24PCNmabxzzkFu8KFBZiwhCxixDNeG2HrIKEQG9RCHgyanig0r6ytUxuMFnMmwLieo4qzFmlSxJMbgXGItRyJWXmKVXTur885SpyCtN0f3HSOpjwkaiCZHnWGjqkAtpSgSPY2LFDFihx4bAhAgJn8gj1LVo5QkDR4Qgq/SPEZSALVRTzCCSMZCnCM7vsbSn93F5saQ+etfx3nXXonbNYsWGXUuVKpkxlA2EVN7zGDIo/fcx5dvu52wUfG2q9/Iqw5e3MrHmLbfMUTfGpC3VVzjcUBeGUmb7wZnE4IR2qSJpgquxB8JICGx5qVNCLfVZSZmoLbdZ81EuvuM7RtjJMuzFJi3rg2wpv11MpqpYmNr1D4Tkl2QTRSC1uAWGjAhVQWK4lw29p5RhRBDmqvHiLXJxyOiZHaeB79V8+hjkVtuuY3MzeLF0vgRQSOCBdFWCiZJFhnriCGZFTvnqKqKzqy+bhpmZhw//49+mJ/8h9cw00v9oeyf5fJL38FrrryMD/+z/8Dayjr/3S/dyE/85LspekkqtciVxbk+v/Kr7+WhBx7nvq+vMKoaYohkMZmSAzRNMkxO6ycZyyelZ1moqir5I5Ce8eFgCCYQgj9je05xOowxDIdDoCMyvMgHNMU5gWkC4GWKK6+8kptvvpmPfOQjz7jtzTffPGUjTzHFd4npM/diQRlVFZ/5zN8mqYeJBWcyit2aLTnbLhBiJ1fRMs5a7WdtDTBfUIbF5PpCIvgBsn6C5olHcFXVMs46RW+lEViXwAqBxpXUTc0eNwM+pAWRpJJiP2HUKZNzRiG1k2llMkwE8Un6RAQjFtShW3G7lrWbGMXBpEBDIvMqURSb+LdEQnusQqMGi4xNPUW6k5w47cmDopO7EUK3YACibDGOu/DBM1+fl84MWaQr8f72A4bafiN2bSYpGZPHyJxXLpvdzUPr6zTAskaWm5rzBSyKRMFGZbCyxuDUCm4mJ548BSurUNWQ9ZgKD7eQNgEQA0Iy9tUYILaSO2IQV6CupD+3gLbyNU4UDU3azkSQpBe/3Ry3Y3pO3ItdxZFCCJ5ennP+gb1c9+638dv//HfpZYYYPb4eUZYlv/DzP8Mn//IvaRpPCOCKPB1fqPmB738Xe/fu5VO33EI9UXXTSf9ccvBCfuqmf8inPvVJTi6vE6IFHNa5ZEY5pqOm+/KSgxfyD37ix/jSFz7P2tIpXOaQ1vhYOpa8KsH7lDyUSKyH3PD+H+V/+9f/nD/647/iN3/7f2azC7RLJLEgZRyK2b24yM/97M9w3zfu566v34O4ArE2tZMaskz4ofdfzw/+wPfzT3/9n3LbrXeysLDA8uoKb3vrtbzjXe/kc5//LMF3CdMuo5Oejwkv4PHpJcZt1z60/SMUvZKN4+uYhf0Ym+HIqFUIMdKENhAkBqwd11J0gZUpXrroqvk6hm0Q5dTaMnFYM1jZILNJOkMzy1MrS4TVwOZgE2KDs5bgFZtnOJNhcMkY0wTyrKRXprtuONpEModES8wNtTREAyPn8dEzHHi8BeMMlR+xvLKEyyyDekg0NWu6QfCRQvoEJ6yOBuzZM8vi7nlUIt/41mF6vZzK1+SzPawBZ2xKwCHYNtgHKTh0NpmulyTaJP62I94pm6ZKUEWsSRVSw4oHv/o1jgxXiSNPLyoWT+0ixium9ugooE3yS1EVagKVT6auDEf0FJoTG4SHnuKiuQwNGVobJFiiWPywZj70kGNDHvmzO7n/trvIrzrABVdfxv5XX0J+yQF0rmAjBkZPHmf1kSe55/Y7WauGfM9b38zVb78mGf9WDVEyXLZ1fTTGlHBt5zctj2KrjzrHsC1Zfbb+dEeFWurr0xikEoiqREkVbg7Tkkq6Vk1SejshImMd9RgVYw0oVFVFXuSt708kyzKqqm6lRdMRWGO3ElQT+3POUTd1y3y37byhJsRInqXxs26asfa/MckA1wPayXcBYgQfDSeXHffe+ySiM6yuVIgt6PX7YBzDQQ1I+j8wHAwAEjmg8YQQmJubw1nLcDTCGlhcmOEHrruSXWWaX1sDDQFrhbe87Xx+/df/AZ/73Jd43/vfTK/fsfZtW21ccf75Oe//wbdw55f/lH5vH03TEGNksL6BR8nz1qNEBGsc1ahiZmaG0eY6eV5gjBl7AKimtjWZpSimc9BvFyJCXdfjxMpkJfsUUzxfmCYAXsb40Ic+BPC0Acmbb755vN0UU0zx3WFTQ5tkAAAgAElEQVT6zL3w6FiZqmnKf7r++9Zyo+kMM3d8pio8E9Pn+YZA0vYejKiW19g4dqIN6qcS5y4xEY2w6YRlAlmZsToYcHDufPCjFNzStkS6Zdqlaba2mtjQapy024JiUXJMmyTwFqJ4QhtQFJWkR44nmogXIYghmiYFUrAYFBcFqylAEQioDCF6pDtuEbxJ3wXBdKXd44WeYqJiNTH0QlqbYSLY8SU050QAbrw0ku6eTu1UIGQxcuHCIo+tL9OQ9NIrafAmS9IHoTV78w2ry8vMlftYOX6C4tQKtvIwdw4aAD8NrBGCtpUy6onBt4EaQCw2K8DmuN4c2BxikyoEYivNM0nn7Jr0DEGdbakAAXGOxld86dYvccMN13P1oVfxjfvuYzgakBl429+7ltl+yVdvu525+QVWNkdg0v1vJTA/k7Mw04MQ2gdkSwZBBPLMMNvv4UybiHMZ3iuhaUBMK6mc5L8QcJllpsyRGHB5kfrRGIkxYLN8HGjvfiWzhl3793HjjR/g83/3Za644jIuv+xSlu/4Wlt9JKc1hDVCrxCcGGyWYbOcuklBB+egGg4xeC45uI9/8eHf5p/86v/Aw488gvoRvdISmiRjNU5oikmszx0mx5Os2hT7T9I+yUMAxBjyvGRzcIKZeYO1GQRL1ImgTGsAaU3qe8caz1O8ZDFZqdclAFyWJca3EbKiwIpQVxXDpsI6S2esXeYFZVGwsr6Js0UyuxRHmfcwLum2xyD0Z3LUNjQMiSFyfGOT1WFGNCYF4oww8jWSZZT9AnEGH3yqtrGgVllvVqj8AL8e6WdzzJS7uOYtb6YhEDXwjcceZGmwjhBZLOYJmhTFiTquLuIMry/XWPK2pKlJbGiPos5ircWORujSCmZ5CTOocUHRWDHQCl81GK/YtjortpWKag1eA1YM0qT270XH4qGDzBzsc+qxNfTEgGzgyH1gNs+gFnoBDlaG/tGKtRNPcvyzD/HUjGVzV8lmafAakZUBZlCRZ5Z3Xfe9XLXnCnTD4xYKpJdTo+Pko9kpxfhyvUjPJb7t9kgEkzROtX29prmi1QZL8rBpawAmkuBpBDBPs3NjTGLsG0Oe53ifqgABBsMhAmRZtp1Q1EqDTq4xFB0n4aJuEQBc6zMAkLUVOt3p+taHIKSdAMmDTIHQNNz+1ft429u/j1s+/ShN1aOuILKZvEdqZXNzEyNCWZbj48hskuwL3jMcDtNz44S9++dY2A3iNK0vTJrfGCzWwDvefTEXXTLHwnw2QbTp6EY1jbeUPSF3jqapie0awxhDmWegQt14irLAN5GyVzIYDCiLkqiRalTh2naMMRKioiES4qTPWsRsL66bYgdCCMQQx4nfKaZ4vjG9017m+NCHPsR1113HRz/6UQ4fPsyDDz7IoUOHuPLKK7npppumLOQppniOMX3mXgxMyGzomf+ePjs9KdAlD170YmxtA1SbQ6rldUanVtKqgG7RY1OZcNljfbgBzlJHz6wrCBpbLeBWJ1xozTRlXGaeAmYyZiJpVJpRBWVGledkGAqFuh7R5EqTZQybZCw7lzl6qoixNFg2VHAtw3GAJfpIbh0SFGkCWVCyGDs1DrwxDK1lPXesZ8mA1rVSBUYE7z0ZwkJVsxsLTd0ymZOp7Vgn9gx65OcOFDRgQ8ViVjCHMDc3y4wTZHOdyrnUMiFpJDsxNHVNqD2DUyvUp1bJI0iInIP+v2d8ukUhs45Gleg9qnGcMEtfMIkFL5asN4O6HKmbFNqOkeh9ukGRVkNexkFm2B6Q3HYgtNI4WB599Anuu/d+fuxHfpBv3Pll+i7JRvzEB36EO+/4KkefOo5mGeoyfAw4IkXu8KMBvk4sv63zMpguudbKE2kMyXwvBhCLMa0R4TiwkZ6p7pyEiLOGuqpQ7RacQgihNbNMWsoaAm94/Ru59JKL+KVf+cfcdNNP8f3vfjdfv/sevHbh/50JAEM9ClhrsMYQvMdmGSngkGSHRJTbbr2Vfn+G3/qt3+C3/qff5qmTnqYeUpYZ1nTHa9qjNqQ+MgUuVNimK71VBaXdRUmSLHnSMU4PgyXElCZNLFPaioeY5JNiJGwzXJ7ipYox+18EaxNjuJ8XlL05YtEQGk+ejRieHLK4sMCoHlKFNeb7JU4Mm0YxJuCcUORZa6ypxFAxNMqFFx+g8TXVZsPm2gAdJf+hRhUpHDhLrhm93gz79u5mYW6efr9Hv1cyrNYxMw39MsMMhFv/5nbWl0agGyxvrLBr/36OHn8SKXM0DGmq1izTpH5IZEtv23TjvMgzev28pNFW50hrIGTaaia1QiBiUUpxXHXexRzad5C8Add4qjBkZUYpDuylWJyj6PUxeQayFXCP3f58pFpdw68PyQeBfuwxOrrKxr1HePLz91M9so6rCtSkpE82CuwZBfblszj6hBEsrUfWRTE2p4glThTbL7hAdpHXBi37BIn4pkLyPPX9MY7no9tmLtOO5NvDVufdklUEjKdfRHbv6XH+ebs58viTnDi5RpQeQXooGaLxaYP/kMYw2wbmNSrW2GQaHSPWWGgTgzpx0aSt5kimv6l6UFtDXGnHSOPS5Cr4tnpgR0VSJ+ESY0pcRE2B8M4XIobIvfc+xI/9+LXMLZQ8+tAKmZsl7xliiFiTJT8TTfI7kMZt0/IPYkwse4BRtcmpk8dZW1V2z4EzaYzsts1cxeys4arXXIiRsOW5A6SUY4ZEwyPfeowQFJs5QpfUyDO8Rpo6IDZJ1BjjCHXA2FRR3TSeoizbhIGgaom+Ro2ik/H/icv9nXdlXeLilYlO2mnSt26KKZ5PTBMArwBceeWVU4PfKaZ4ATF95l5obC8h73B26f4zTZ5eAqxojVA1sDlCBzVGE29fNY4lL4L3ZD7StxmjALNZb2wEOMkyIoIY3ZLL2REoUAHJHMPZHs2F+xitDVk9uUSvzBlkAd2zC104Dys5D9/7dS4EIoaVrOSCN76ZA6Vw//13sfs1V3PBRZdw25du5bwLLuK1l1zKQ5/7/9g4/CCZgjeW2hUcE+WtP/mTXHjd28Bk4CfOGYXBgG/+1Sd45FN/yy6EHNuakU7iXE4AQFCPhki/yNmTZWRFj/39HhujESvNiD2uJIriYlqI+sYTGo+Rhmp5jX5IFRbnHs7+XDvnCLFpDe5iksinDZCLwVpHxJKXM4jNiJrsdtO1aJK5OFsyOejEInRHU08GpmOErCjZHA655dOf4V/9i9/go//pAN88fD/vvf563vzGK/l3//73sEXB+uo6dmFPq2EN0deUuWO2VxCaCsl7ICloIS1bOCUAA5lJlUCJcWeSae5kJKqrxCGSO2h8jYjiMouKJdQ1WTmDVz9egHrv6fcd17/vvXzj3nu57+6v89e7d/M7v/sv+b2P/D5h1Iz7q8kmMEYoS0cInrppcHkPH5KhsXHgmxEgPP7YE/z+7/8e/+H3/iO/cPMH+Z3f+V2yzDHYGLa5q5ZpqdIaIydtZDRsu9Tj6qK4XQquYzAKFmMc6pOJs7Cl9S+kCgjrhBg9qoFz0rHzZYSd1X+C4CLkaugZRyBpsc/MzFOvb1KKY352gT1ZH0fgqRPHmC0dQ61wTumXDivgnGVxcQ7VhiuvuoQLL9jL0tISx4+eIjQ5y6tDRhpxvT621yMvelx64cVcfMFBztu7j927FynzgpNLR3lq7ZvMzea4Qc79t9+LHwQWFhZZXVtlSOSue++hmOmxsb7MwsJ8a07aMf0NmUsSIsa0nhwvWmt/d0icix3BLAVCxLayYw2RoJGsyCAqVgXXBEJVoT3DrksOUF5+AbqQJFGiRqIGxCYJQ+8D68ur+NrTzAjRWjJbI6NTVFcV7HnVlRzc3+fUx76Cf3RA3+V4DC4UFN6QjwImBpTEdg7WpXvKR9Z1SJ3n9PJFKEpWRxuYmR5lkRLxY/PyLgnxdMPutFsBtjdRl+aNbVJYJJnOB7/GG77nVfzizTdyyUV7eOLxU/zLf/V7HH54haCyVeuqW+nn7v5qGk+e5VTVKI2jYylQTV4RCEVRJEJKXuCbLZ36GJVqOCTLcqw15EWWKk7aBEIX5O4SWcC2igAADXHifboptubn6ThDjDz80BEefniJD9x4Pf/xf/8Y6pWmhrLsEby25IF2jKJLHsQxyac7LyOW48eX+Oa3nuCqy19FaFKivCtW1OBxkuR+QCA0ab/iAIeoYflE5LO33EGMFkIkz3IQYXM0TDJHeZkqda2iMdX+pSRHSkQ0TdNWL6f1iJWJudIZ8DRFlM+MF+EZeqFm08lX5NuRP51iiucGU5GuKaaYYooppnghEIFRDZVHRg0mrUmSJm6IYITBcMiMWs7LZymi0rMZJpICYc8CKjBwysa+ed7y4f+RN//GP+bE7hmOZoHH8Fx+4wd4z7/917zjf/0dFt75To7ZghO9GdwbXs/3/NZv0vvet3PEFez5+z/Eef/tB6mvfSP2h69n9uafw73mKuqyTzAFgZKBlBw3Bebq16J/73s5vmc3R8uCY2XBkbLHkf4c1fe8gStu/nnK172KKnOomrMUcY/Vc18BSAuhsy2GJqECtYlU1mNFyTND1jTsF8PuvGCzqccSV2nP0DQNxIjxkeHqOqFq2kDxuYoz3DcCTe0ZjVICoNMHTnRbg7EZiiXLyySFIwJETFQIyTtg8p7cuTibTCuOfTUQjM2oqoaqavjaHXfy2COP8sGf/in27V7gx2+8ga/c9lUefOABRqMRUs4k+YEY2gRFMqvtqoZa7uC2+LTGSGg8MSRmnzUCMSQGnyQVsA4aE6OxaUKSVxDBGUPmHDQp8O+cxRghBk+RZVxy8SW88Q1v4GN/9DGquuHuu+/hxImjfPCDH6RjT7Z7H7/6psY3AY0xaZobg1HFZRnOWGyWY43FOsNjjz3Ov/m3/4bv+7538NP/6KcIsaEsM+om6SBrJ/uw85puo9luRd6SfINsBX40VQ+IGMRYrMkw1hJCSramyqmIFZNERaYSQC87CJCJwUVwUcgw2ChYr+xf3EPcHFF4mHcFMvTsn1ugXzpUK0QCReGglRnxvgFRotZ43SQrAriKhoohFZV4KuupxUMmRAs2t7jCIZISho2v2LUwRy935FapqgFF7lhcnOfyyy/nwP79XHDB+ThrWVhYIKqm59C45AUUQutVFLfLib3MA0KT52IUTEh9W5ICjFQaCFYQa9HC4WcLdP88xaUHsAs9MitkAqZqiGsD/MlVWNlkThwLZY9+nuEshNEAlynDmcjDsxs8uHtA9pYLmbtqHz73jPwmw2aIF5AsJ2BoXEGVlQTNMHVGNshwdYGTHsEVDAsHu2ZxBxYJsxnNxPC6jZDBREJSXqiw4csME4NlZJLPLagGRCoOHuzxC7/wQ1xxyNDPj3HZxZEbb3wr/V4NNKBbuvo7YcxWcHwy6RRDQBWMNTTeI8ZQjUanSYr1+zPJ0NYIPgZ8WwmAgkXIxBFrTwyaklAIsfVv6u4E1UgIntBWG5zpWOuR5TO33MV17znE3v0lZd+QuR7VKPJs5r6Cg1DyX/7zn/DQw+uoGozmmOgwKuBzTCgwIUvynQpGI6KCBMPmGvzFn93Jk0cainwmJf81MhgOcc6NkyUhbJ3L5PmEENIYb9LcIUkhtdKj47lqmwTckSTb4vNvXSdpJ1DjxAepv3hh0SZu0FaelYnrO8UUrxxMKwCmmGKKKaZ4SWP37t382q/9GgsLC4SwVVs6WS65c5HcfXby5EkOHz7MbbfdxrFjx/Dev7gLag+9KuKqQFDSYkJToDiqUGukn5WUs3OcODWiEIuEJpXVtuwjhbFh4NiINOlajNlpUYUsK1gbDHnk2JNc/qY3M/vqyzn+ta9zqp9z4D3vZEkb8rLkqh+4ns/eeS+rNvC+970L5hxfv+su6pgziAKuz7qUrI5qiA1r4vHWIERsVGwI2DJnbbDJeUsr3PnHH+Pk7V9hBos3OctZyRs/8MNc+9ar2fXqKzh5/zFiVWOioGaLR6waoJM1OsuMO2m5j//zjM0tTDJGd+7sLL/BdnmTs94v0r10TLAUhJSW2dbtKZ5WfDJZ6aDjgGQ0qXBCNOCc4eTmEtfsWqCfWVba7ZxzKSGkoD4QmoboLesrq+w7U931uQLp2GmtoStJhsdlOdVmg0oKKEeJIJZgEzXe2BKJBmdytJyHaonRaIPc9dB6SBErRtKjtSJBuyg/Scontqz87n5RSYz0ZFdpybOSpaUV/uRP/pJf/cWf4fA37uGKyw/xm//sf0nPsBryoqRaX6Pfd1QbI6QsCK7PwAs2yxPTn7o9r0gwgDU4o1jxmDiikIhvJQxiFIxzqAjRB0QyjMmxxqTKAQFCIHOWkXpMTMFPXzWtdE/F9de/j1NrQ+64+wHE9Ti5tMLH/98/55d++Zf5+J/+MSdOLDEajDC9PrGOuH6RtLmNkBdF8qpohY/jqCY4QaLBmJwmCJiMWz7zd1xw0aX88j/577n33vuoQ8QVfYb1ILXjODYQQBkzbXW8QI8YDRCSFwlBEQs2y1NwsWnSqxN0VGNshmkDj+KSeeF83sP6SIz+lZN3fIWiM5Dt+vOoQhRDdDkbVY0TQwDqYUV/dgZYYXV5jb5z9Iwj7/c5ubmJRItGpa4rZhfmcM4yGESsZFgJlMUMvqrJnSHmwly/oIpJIsSI4FSxMVUTGVGMejIRZnJL3UTERwxZ6nPE0ITI1792F2/63rfy7re9nXvvu5s7vnobWVky25tjOEiM5SZ4MpcT1CPRgGEsKYIKpuPsvQTvU1XGY2CULYkwGdcfpefOG0WMUqpi23EyqGJ9QNQmJraB/u4FbK+HIaKbQx664zCPffl+1h44imsg7+fsueICXv391zJ/cJHltWXu/vNPIksVl732Gva//iDeRdacZ+b1B3nyrm9i64Z+4zC1J6og1qVjSr04Ft+eQyTahpBBbRqijZRzM2SZInUKoKoFg0ViGrdTnxrTuUs7p0k5yJfk9Xq26ObY7dB3GjqvLojJHx4DhK1OfLyhYVujtPr2vtlE4yo3/PD7eM2V8xhZIpdILhlvesPF7N6Vs7bZoNEjZ+OuiuCbBjGpCk6jtlJhFtUk22NMkty0dnv4S1Vp2iRg8LGdyZlx4Nw3gcxC5opkKh0VJY1vPoywRIoieek0zZCiLIkhtoFwIfhAlEDZ6xGC4Z67H0dMzrve8zY+/v98jjw3WCvE9lkXSUn+qNoev2lPUTGSJHjqeoQrS+684xj//t/9Jb/+az/O7n0O1/p8oYrEiGhIiZOoSW6JGsHxhb97lP/r//w8kUWCCiazbVDfUtfJA8y21Uiqig/NeMptTTaW0AshnWOWZfh6NPZOQOLEvd9dM0UMiBWMJKN1iSYVZUbBBIvEgHiFoESNaPTtvCZVAHWePUmqaet18h8kIkAyKJb2u1tJjKhKVAgxJWFpEz/YlkNj2uB/N9do110dQz8lPsz4fWc+Pfn3sz1HZ4K1dtt+rD2XiTxTvBCYJgCmmGKKKaZ4SWNxcZGf/7mfZ+/evUmHu8XOBIAR075n7Bs5GtYYKzz22OP8yi//Cp/69KdwzuG9P9NPPX/o1kcbQ2SzwtSBcYxYUtDYx2SAWbicSgVRg7MWo3XSFDETkeT2rXSBz+5nugkqig6GuL7jyB13cvkb38gV73g79991D/mlF+P27OX2L3yFK66+mr2XXoQe2MupaoPL334tJ448yNLRJyBafC1oZalrS7NZQePxzjJUoVEoNTEojSi+rpCNTcqTx+g/+iC7gqMyJSdcxlOPPQzXHiKWJSFquzYI6RrKZCPBt7NingyhP9N2zxbfFttngpkpbF/niuxY9347mQdpi74F0EhhHY2vMRLIUiyIGCPOFi1bTiAqsQm4Qlj+/9l782DZrvLK8/ftvc+QmXd6k55m6UkCCSFGA6IxNlhlY7owLsLdhcEuR0OFK8Jd7aooR3eH3X+Uu6I6OprurnC4ytXVtotwuKLaGOMBPDGYwW6BQRgQICTxNDyh+emNd8rhnLOn/mOfczLv09MAtISEcoWuXt68mXlOnnHv9a1vrd1x30XyfcE4fJvoyQna4kgvUldYZ1MQMIIPraJLkl1I0MkHV4KGfAVlMny1i5IheIsODRUeURrxmtCGErZC/fRISGHY7cJDO3knAFoRRfOpz/y//Ny738k//cV/we133MHtdxylcR7nIYQZ2ghZdDRRCJJjKSFfwUdB48lIwZmeFLYdTfKu31hd4fijj5JnkcFwhcY6bGt146Mk4kBlaTt4j8ky/HRGVVmGQ01WGKJvABgUhhgDl152Je/+2Xfzn/7zBzl+aodiMCJ4y8c/8Qn+6X/33/KTb38b//H9v8P+Cw6wszvDlAXV7i76igvBCFlZUJYDGusZlmWaiDuL95GmaVhZWUFnA6xr+P0/+CNedO1L+al/+FP89V//Nbb2eCSRPP11PO3MTg2YzI8CIq3FAr5VGLYFOG2SjUL0RCUEJcS2g0LFtlNDkSwPEJRtMxSWeN6gt+LQBpUXNM2sDYIGjKFqGrJywNQ2RGA4WsHFhmrqQWmMyXpyyGiDoAlecBZ87ZnsTrGNRUlOpoQYQESTiSGPKTTTaIVIIEZHdAFxlmE2QOuIVxobIpuTMSrf5id/+EfZ2t7hli/8LVECtXWISR1wzreEY2yv762SuWv4UYCKz/0sgJa77B+H2MbRyHz44zUolXLNTYw0QpIHR0EFaIBQZAw21lDDAqZjvvSXn+HWj3yO4s5dLpsMWSGnsTMeMLdx8ta7ueG9b+HFr3oJxdUPc9c9X+G23/kEF73p5bziJ9/EzFmqgwXNgRx7qiKrHTpmhJbl6w1XJBAkELQnEgnaIZnGDDNUmeNCoJ40ZGi0mPmYM6brscS0/2gLAKod1zzHd9nTQzeYkfmYe+/fOaczS6DvnFt4WTz3demVmkiMlkMHBvzg66+lyGe4WUXwEaXgyJWHufzyw9z/0GPIk4zOvHM0tsEskKciul9npZ64E1Pae7mX2I7HaUnzJnX0DA3jnW2mUxgMD2BUiXOeKB6jM/Jc4eoG5yxFWbY2ekOcc9imQWuDyQzVbEZelEzHNR/72Jd5+csv4s8+krG7c5rBYB9K8rR1fEApRaYTGS9tBlGMUDcNWmlWV/Yxm2yzsno5n/rUvVx04Zf4x//4RsqRoI1K90UJtBUZdNRIljGZeR59eMxv/Ls/5pFHZ1S1QSlP1oYlK2UIPoBSlGVJ0zQMh0O2t7d7ezLbrl9sswAGgwFN0/RzkfNqcyQCHkEjMSfKgBAMBNO2hAhEDSFPJaL2/q8kINK0tmhpOyyS74vEe7ePu8cdsd5bqolJFkii02OVpWWSpYVJQZAcxLRHckC673SeY28xqH1RiOa9P+8c83xiNSB1Wjjff7cllnimsSwALLHEEkss8ZxGCAGtFUortF4cHHWTjQUi7pyxVZZpQoAjR67k9z/4Af7RP/o5PvXJTz5r634utjc3CeMx1tqkEGonG0ndmHw9syxjbBskDZXpnYDnX7fHXgJ9/pwCRjhGW5ucvuU2dn78MTZefgP+8kt49Q/9CPWZXe7/5M3Mzp7lzT/8RvyRi7hy/wGiyXnwi19geuJhYqOZ2YbaeWbW09hIsIIr19nJRxgHeQyMs5wdgZmzWG8JWUYc5ISg8EqhcsXavgExBlQUTFQUUWGiUO9JAf7+QypMscej/Ilf3AXFRYxoDBrnfbJqUYqZq1nJ86RcD5Gmrtje3sYVgZMnT+CcJWoNMTwt26HvJ6ROj8c/H0LAOotzrg/4izES24m+VgYi1NaR5TlWzYO2e4/npPVbmLzF89dwFjzKRQSdKYL3mCzn4eMn+NBH/pyf+emf5AN/+CdMG4dSGUZl2OBRSqidA6NxMXBmc5PhyogomoBKrfW9xlaYVhYbhPf9H7+GC5EQoHaeW796G//uN/4D1idVnFIGomd3POaiSy/lP/zWb+F9xOgc5yN/9pcf5fd+7wN476iahrIsePF117G7u8On/+pTFFlOVc0wKvLoIyf47d9+P9e++CVsrG6wM50RnEeXBZIXTGcNJ0+e5uzmJnXToHTOrLFkxtA4x2C4ytZ4ig2WxgaaxtNUu/zar/06eTlkPN5FmQwa2zOG89BXnrQy103Opb2ehhjTJF91NlzSX2N7b+gQ0sQ7BIKX815fl3juQkSIjSMLIFFhZzN8Y8lMhjaaRoRpUzGrpkQDtauYupp8NefgwYPs37+fPM/QWnPw0CG2trYwRpNpwXvHaLjK6a2KKkyIlUObFALsRWiCp4keFwNeAKORPKMJs0RkW4dkGUFqJvWM+x96kOtveDmSKz76iY+ytbPFmqxjZJYsNkjFC900ScFcFPMic5vv83y3AgL6ItwivLT2LDEVACgzGBZEER679wT3f/YeXhou49IRrG011GfHFFKwqwse+/IOzcvP4K7OKI+8hMMXnGT3i8fIj52Eh8+QX7RBsW8NMxogqkaJwmuFVW1xYnHdmHPZ3gd8CGlfKI1WisFgQLQB33hEKfTSNuzpIyayWIsHGpDU7dmVuLTUXPviF3HxhYeIbpKs4touu8Z7rrnqam7+3KNJJe+Tehvo8zOAPYRwbFsVYnzqfbTHCojUJRfFotWEfRuKyy7az8bqkBiHnDq5y0MPnmVqS7Qq8GIJwVNPIctzClP26oPxeIzROgV7K0mZTT4wm07ICvjszV/m5Te8h2uuupa77rq3t75pv0xrDer7DIEOWmuUKOq6QfSAyVSI+ZDf+71Pg2h+9mdfx779eRI5iE8FgKiIQeMmkROPOf63//UPefR4RTYYogqFtel4D3F+DggwnU57CyCt9ZzUVnoP+R1C6hzoxRdtV2u6iHlQFpEKCOzuWkw9Iq8FoyErI3UA7yIuRJyD4DOci/gQ8G5GU1mapqZqLNamn6ZpsNZS1zVVVfU/adyjeqGXMRneRWweyTy4AD4UhOrZ0NAAACAASURBVKAwVlFrhc5SXlQ+G1GWOc5FQpihdIWKnuAV3qUgaO99n5XUNA3Oud4qyVrLeDymrutk0XkOnuga3jQNPnhyk/eFle+H6/0Sz10sCwBLLLHEEks8p+GdZzqdsVLVe55f7ADosNghIAKZyVE6tVaORiu8+13v5gtf+ALb29vPzsrDHuIqxsjW1lZvZZTmKa11DxpPxOQF9XSG6BR0hw+kzuVkF9TbjaQ+535GPW8TTq9RmWY1Uzz22BkeueteLn79q7j6zW/gspe+BN845ORJvvXVv+PNb/lBLnvDKzl48WXMNk9x9uhR4mSbbLQfjcNX2xhlsbHmlN1h9TXXcVmZMXSeTCk2JOOeL3+ZE3VDVZRc9KY3cfBFV5DjCcpwOBty8MprCJOG2fGzFFEjuFaJnXbUU9YA4jn/Pkcg5/wm50xI9zzuJ5rnYzO7bdASkW0+gm0sJgTWiiGzepbIEkAFsNOaqTvNVI/ZWRsSXIC6JmZ5CoN9AaPb8iIkNVtrkdURxBJJ6mGVbENwjjwvsEql4Njey7aTLXbhd7H1m6ffhefNBZBA9IHoHFYCxcoGH/rwx/ja7Xdz21dvBVPgfEBpQRMJPpFKonNEaX7/Dz5EWZZEUUnJL7RatLSsY/c9yP/0L/81eZa1ZLciBDi7tYOP0reu65Z4uOuee/ml//5/TJY8LnUxZOWA+771ABFFVgxpmgrnAke/eTf/4pd+mYceOY6LIEq3vQeKP/6jj3DRxV+idp56c4ds335cYymKASdPn+X//LXf4MGHH002PG0RwiIUgyHW1Xzkzz5KZhQ+KpwXinLEQw+f4H/51+9jbWODqrIIGpA+bJCuM+YJGPq48KeeAAoBlG6JCtXeF+aEUDofUwEgeJ4WUbTE9xbn3u9FhOAcJoLRqVReNQ4tGjurqKoZ2aAkKww7rmZzdwtTZmijyIuC4XBIXihQyXYhMzlqqFgZrJDpjOl0ym61idKWKJ6U7aExWYbOc5QxiFYEJXgFXhRBEvEUlUcXBZgpATh4wQVUdU3dNDjfXmusYxyn5DrDt8ef8x5lLSrP2uuB2hvo8TyHLPz0mSkCXqVfXAQn4FRShg+Gq6yu7Gd9V4jTTfIalNeY4MkzjfFCkIxt55itr7Jy8CBrkjMKCi2KJlPsakujVXv91wSlcJI6DlIdWLoHdP6DSqu0Xk2DnU6xMw2FQbdjrM6Kcc8XW+JxmI/rAtE7nMwQmXLg4Ar79u3n1IlNbGMJccJllx1CxGObGk0gU1lbjPFcfvnlSHtPkCdohcmyvCefjTFMxmOU0nvsVHqyWus93Qh9oTkGylxo7C5XXzXi537mJn7gFVezsbqCc44Tj23zl3/5df78o19iWjtqG9O4PaYOhCzPsdZiTLbHzsWHgLUNo9EKdV1hjPDIQ1v87u98jOPHT5JlJcFHmsZS5AUhzjMNREnK+tG6zbcBkxsm0ylZXhJUzqSBnR3P+9//FxgTeffP3MjGAY33LQGPJgTh7NmG9//Wzdxyy2NMqhwMWFcj0ZCZjC7zSJQmLwpEKWazGbNpRVkO0K06PSzsAmN03/FQ0w3q58NdiYKiYPvsFu//7Q9y110nyAYXsXHgClZWNzh44CBFkSOicN4TYkjHgZuC32Gy8yC2PkPT7OKcT0WB1t4nLPy7vb3Nzs5OEnu0Cy/Lsj+vRQmiMoSS1fJlGHUgjQ20QhmDznLyfMjGvpzVtRnDYhfiNsE3eB8IPqZsCOcIrXigaZq+INAdQzs7Ozz00ENUVbXHsrY7/s6HW2+9lY2NDW666Sa01hizpGeXeGaxPMKWWGKJJZZ4TuORRx/ibT/xNvIs36OqOF878rnFgNe+9rX86q/+KpdccgkxRC655BLW1tae3QLAArIso25qlMjCIFraRvQ0+FbSDvRFkoIFkqK747/O4cE6dXn3VNcVYAEJmlWn+dyH/4L3vOE13PTWmyizAdM770OdPM5k2zKY7fDa170CrQpmdx9j62tHWWkiYRRZmU0Yjc9yERXrbkKstrn0qktYP3IleVa0nqqKO8+cQNUz6rNnOHTxlcQLLwRtyTKD8jl6Bg9+7hYe/NLXuVo0XnUTf1q676ln0M/FOfb5CP9esdw918nT+9c+nsjsSwOdsk1rnEScDxRakYlQAVZFTAzoABBwjccajesC55yDLH9mvuxzHHvIpZ6cV70iT5SkAErasD2lUK0/sHOBoiiZiCYqwccUytn553ZIZHOck879H7oiXGdLE/G+ZliW1HWNl4yTpzc5efarFHmOdTVaaZyzvUetzgqapmZSN9zzrfthOkNGJWnOrYiSThoRYXdS8eVbbyOSlIc+0KoF563wvlO6+8DZs5ucPP4gRZ4DKQh5WAyYVnWapCpFOVzBOsvxU6cZb9+HyYapYBCTZ3LEc+bMJmfObpOXA1YOX0hVWWIUGutAR758y98x2n8ItKB0IlqbWYWPSXl37133oiSQlQVZMcQ1Hq1LTp08y0Pfegg1HCCi+kLHwpnxxPtduqKo9IrpECMohUiyAEAlW6BOSd15QXvv+sLpEs9dnPdeT1JtRhPIURQrisynQGs9yKn8lBqY2Bm7422a6FgdrDFzE3YmY6Z1hSoKjNI0jUObDEHhZjWzScOJE2dwtaCiJtM5mckZ5EPK0TCJaj14n9TioS0YKp2zsrKabLVEsNYzzJMA4YILDnH67MlkYyGCEsE6S54XqSgn6bqv86wlq1LB4ftJCXpuHb8L2Awxolvv89CGmedaMVgfcsUNVxHiCXbuPYkeOqrZBO8r7EZG8YojrNxwOc1IUW9atrbPku1b5fJXvoTi4oOcHURmTUXlHD5EvLTLVCym0KZriLT5ICLEdtsnYtDglWC97wsGj7PyeI4JE54rmG+hQG4cWem44WVX8s//2T+hKEpuu+1u/v2//4/UruKKy/ZRZAIxhdU774Ckni8HA7RW2CfppOzGXTGk8WRjLaNh3v8N0rFVliWzNgRYiWCyDFq1PSHg7JgLL9T86r98Lze89AIKbdHBoCg5dHCFI1ddhNaeD/7hzawML2JWRQZFTtU0OGsxxmCMZntnQlEU+MYzGg4ZDAZUVYU2GmctuRpw29fvSRoepdHKMCgH7Ozs9DYweV6gFBiTMZ1NGQ2HzGYzJjNHVmhqN6V2DhM0ZbmPxtf83gf+msMXr/Gj/+VLGIyEiCY4YTKFD/zBl/jUZ+5la2uAtFk9sRWVpHGQQ+uMohykTASXDPnyvGjnJPNu5e7xoByws7tLNavwzhPF4a3Hu0BwafyhTckXPvdVPvxHn2Q80RSjLQ5c4Nl36Ao29ivyPCnfk3AhFQC830HcWbbPHsPVJ3F2M3VNk7z5w0IHTgiBra0tNjc39wQXQ3tqdk3UShHDCuvFwVZoACiV5imZYbCScehQZG19m9KcQfwmOEcTLSEGXEgq/87ip2mavtATYyo8jcdjTp06xWw264sR3f58IgugBx54gNOnT/OhD32Iq6666ts+z5ZY4tvFsgCwxBJLLLHEcxohRO666yixnSAuWm2ci72ErOLYsWMopfi3//bXyfOCw4cvYH19nYceeuhZW/9FZFlG0zTknZK7tSMJMg8vbQ1IEQLe2z4zLYXrxfYv6cUic/J/7/YQnE/k+wFd8Oi9x3noEzdjy0jpI1u33cUFs4ps1vDZ33g/K1ceoZlWlI9tcvCUpfSGGTNOfeJT1Ld+DTl2D7tHc267+07qEDC2DfhUSUkXjz3AttZ88u9uRsIoBS2qihAs0UYyq1gZT1ivPLPaYguDJ6DEY0IKRJZzHF5VS9ym7QSIoGI7b3+OciJxLoD6rqCVwotgo8eoAts0qSgQU/hkWljHO4RkaaNkocjwQkLH9odzNn5AqZha+s8h6NPJk+wdAoL3KfCOc+wDgvNEH5CMvoMgqq5bo936IaTMjbjQJUDASDehFeoQYbCOyQxIIPiUmxGCZTAoqGqPdR5EoUKgHK3A6irT6YTQJuJ2dQhB8EFQ+RCjFDEGnKsRozE6b1WDOoXnxZiqSlqRD0Yopairihig9gFbNag8xwUITYO3DSFGTDFIHszQFio8eT6gbmbkWUk9npGN5l7BWZbhbMVg3wGqxuKbBlUMsLNZ2mbekQ9KJM9QWphNJxQmx8VIoTNiiIz2HUjt/a0ffxeA2k+an4Rkmxd8ZF4AktQBEJXpHafT86GrOrYkgX6BnjfPb0SBRhy1nTLwwsBklIOCzBh0kbGxscHuqSmnT58iSGC0vsLOZEyQlHkhqgsOT3YOgmZzc4eTDx+nqmbYOjLbrYl1JAsG7RWhdngaZOAIdUM9mRKbmno8YXvrDLbZ4VH/MLtbNc24ptQZrm6oJzM+8Rd/yWQ2JtYWE4VmWrG+fz8rq6vs7u7igyMCJkvqf9X6V3fkEvJ0yuTPbURJlj9dGbaD8gFDRgyB2bjCbe7CoXWKA0Ouf+ur2b3sEc5sFDR3nSD3B6FQbBw5wOoPXUt42WGmccbqmTPc9cADXP6qF7PxpldzbzHDFwXN1pTq7BhCxHdq7wDJKq+7Z867S7oQUx9C20mZUQ4LMhWIjSe42FqLPd/3xjOPTuQiMeCaba570QF+/r1v4/BhizaKm256MaPBP+F3fut3MRoiDedU1ue/y+PHiHD+ecBkOmFtdbUntGMbAKu0YjqbkJkiFZtixFk7zwnAs74O//O/+nle/ooDZGaM+AbFEC2GLAeTBf7rn76Rr952B1//+jbICtNmis5MPwaYzmasrqzigyeGwM7uLmVR4HzT5o9EmioiMUdpSfdwH3CuoiiK1EEQk7o9+tRFsLG+TlVVZFmODY4QLeUgVbM0GTqkDqJTm2P+7/f/CQzewd/7sesxOfgIX/jSg3z047dy6kwgG6xjYw0xAzTEJnUZSrJV8sGjRGG9Td0wMQV693Ovhb2wOx6zsrJCVc1QuhUg6BRqrJQQyZiOKz7z15/l1NZJCCsEvcms2mIQLqYKMRVBRLX38WR5GYJH4hQfcnxUhCB44nnHAp0tUGfH04UDPw4xIiFiA0lQAej2i5vomTZjJtaRN1uouIkJM3RQKAG7ECJ87k93HC4GEz/Ra8533Ygx8sADD/Cnf/qn/OIv/iJ5/sIU8Szx7GFZAFhiiSWWWOI5jUU/88SvdW2V5x9ILfyGiHDs2DFOnzrD5VdczsrqKqurq8/sCj8JdGtHlGxIOvoWXEyT0yzP2Z3OqJ3FZAIh9JNlFdMAGEnkeOpW74oC7JkaxRCT2llrog9c4A23vP+D1EXDQALDyrIRhILI2a98nbtu+wY6avZ7xcVljq8tKkS27r6PzQcexE/HiNEcf/RhvAhZ0FilabTGi6K0FjWbUJyMkO9nrErGUpO5mlVbsRoDeciRQcmZYUQFcHUgG67itSQFu/UELUSjyH1gfTxmbVa13qLzgXPnBvK9Ft0lJdIcsvDvouro6WKR3hGl8cB0NiNkbXs0jiZ4skQ3p70eILzgCwD0DHDXAQDJ9qfMcyaTSTpXnEuTU2hDX9tJrdK4EFE6R0S3Vh8K5yMSAqn5Zt610ZHMe/Zv71WfLAZiSMR701gikiabWpLHrXegDD42ydrLp8wG7wNiUpv6dFaBVojuhumqtT5I4eCxJdF8R0ZlZer6CcneJwaPaEWMHmUUIURcAJwny5JPsbWebDCgqWtMkadvmOUEUX0IYWgzKEKMeA9a54lwyMt2fQ0xBKxPHsDWenyMSFH2NkQREKOxPhCtRQWN6BzfkvQBhbUNEiIhRKT1wF0k5XpibuH4ThPrdAYqpQi9+tL0VgmisqTOpj01FPgQ+qDIlAGgUiHjeU+vfv+iJ8FZKOIpRU1gGh1a52QhElQgBku1M6FYLRiUBUqgHJSMBgOmOzVoRTEoMVmGMhqEFGJZBb555z3c/Om/wWhN9BElJXXtkue41kTSOTkYDcjzPJFcOnXv1bMp3k7SfT0YmollmA/I1IBLDh+m0Ibt3S3wjruPHUWMYXV1FU9oyTchSLKZyNFYZ/sCxbwYBs+P47Q78/ciCKCFqFM3jhKFIqn/cx/RDuoQmB0/w/CCfegDGeGgpnzdpVx+7UWo7QZ8gELBvoLdQWSqHeXZhuNfup3dbz2KvPEqtkY5W3bMZXHIY988zuqmZeALQLU5RN14Is4b8kT6e7poTeUainJAVc1otmYM1kepcNtu/xhCe52Zj01iiF31sd0Kz4+99UxDxJOrXX70h9/A1ZcXlHqXKBMkltz4yguo3vUG9u+rMGaG4AHfb7yIo6knxOjSfXxer8F7T5ZlqbBOKuSlrr6k6Nc6a0nuiEiD1kIMKhX8RRN8es5k0gorAj/2Yy/n+hs2ENWkrhw04Imk3AKl4MorD/CT73gj37zzzxG9ios5th1feO/RbWHeO0dRFERSeK8IWOvQ2rTFCQ1RMDrDd2HgIul+qBSZSYHTyWomHW/GGMTkaJPjXI21DVFFrAuoGNGm5Fv3T/jf3/cRXBzyppuOcMc3zvJv/s0f8+D9U0Q2EOWQ1hpRYiTEmHJLUH1HXdM0/XXXO5++R6tmn8/BIM+zdn1BJCCqPR9EtedVYDKd8Mhj90OY4mKF8jVVLfi6BOcQs4bRK4jkIDnOC0o0LpIsDYNqO/XkcUQ7pEL+4g/sFYpJe26nrLhIRoPRFT7UmAyIDb4ZE+MmvoYY0jGDEnzXUfgU6JZ93sLDAs73d90es3feeSfW2mUBYIlnHMsCwBJLLLHEEs8TLKiBnubrY4wpcDeENFlvPXq/1xCSql0R2om/UPk0EHf1lMpbTJ6IuhBjUikDhqQWmodezpWyi0b6SiAvDWclcLL0hOEqo4FidSSoaGE6Yzyx4CI2eA5dcgnWRwjCJCsZiGFgMgZRQMM9x+7FZsKRV15PMRqxYYZQDGmyAqcMbrzL1r1HOXXXN3nJ615JfsXV2IHBnT7JI5//LPH4gzjrOGktr3rn36cg428/83le/+NvYXT4AqLSDHVGLDKiUYys5+wn/orNz/1tS/bs3XbPGchTPP42VjYdEwrfe54Lzntc9EimaZqaImhUVHP7qBgJhJ7AQEmbJfxCox5CT8r3XSJtS7a1FhVTMU1pFookklTiXUdNFwCMgDJJNhc9ilSc6wsA3f7p1I1JStivieo955OyLHb5D6p9Xec5nUxMcLFtrdeKjjgTc76IysU9KkQU6LjgLpU+JxVJ2+W1RdAQAlFS4ciGiKYNV8+y/juFGLqSSN9IoXRbmBCdWvPRhAix3VY9KS9ATNeojkCIrc0SQOxKZVqnLakUMSSbDe8DonV6h56T/3N1btpc53PpTy+dF39Uq5yehwAr8On5KOdMvmPE2obgM4jSFuC+12XFJZ4Me9STAjFTTHEoD9ELoZmlLhYi2aShsRV5llFmGUq1x6akAh9dQLRqPwxFNbPs7lSsr62RqQxxkoIim5QDYIoCiQE/qZhMZi3ZFLDBE70lV4HcGJRo9q3sg5gzKEZsn93i2muu4XOf/2wKlC0G2JCsKmYuFXaRpDpvnEXnWatAnxc8nnf6/ye6BbXndVcklwg6gHIRHWCAZrI15sw932Lg9mEOr6DXVghDhTsUiZkmhprZZBcVFfsaw8lb7+bRv/kGh6sStW3JfM41q5ew/eW7GX/6Tg6f8QydRpB23CWE7toZu+Mq/R4FZk1N04CXSDFaYXNygnx1QJ5l+Ma119m5snf+PZfXj/NBCBzaP+AVNxxhkFdkOgXPGmPJS+GN/8URNrfPEOMULYmUVoTurs6JE6f6brbFq3SWzTO+TFEkoYS1lEWRAlp9wKi23UsczkWKsmQ29qgsWcRJdATr0CpSDDyvfvVVjIYWrTJiEIKYfkwVQkTEUBTwxje+kt/a+Cinzk5xoSTLcxrb9CHkzloiqeCcmYysvddqpaiqight0dxSDgbYybS3ismynLzI8c5h23yiqppRliWhndM0DWRZgbczRmslQbvkoQ9oVdLUG/z6r/0V4+k7+JM//BT33VcTfYloh/RZOOlOnZkMYwxVVVHXdRoLxJiCr2Ps7Ve77pjznddKWoFSh4VuzCgOH2c4ZuncEQfk1NMcO6sw7MfEDUSvoGSEChkoRwxTnKsIvrN+TfOfRYufPcfZEwhg0nrTjlMczj2GkUj0E2bNmBBnBHZZ3bCouIqSgygpCaQCcQxP77zuigBPlAX2RDDGMBwO+6LLEks80/jesyBLLLHEEkss8UzjnDHVoqLwWV2N3mJEaPvQgYhozczVjG2Dj0IVAwNVIiomr2GSa0WEvlVXEjffW+IsUoZehJO+5vSBVa7/+Xdx5AffgDe06mQwwZDNPHf81d/wwBdu5qf/+T9DD4d40Ug5xNee3FoGjUX7wDf+83/iyI2v5fArXkJ0DSuVJTSRTHKszlFGs/GaV3Hsj/6A+190GZe9+nqCdQyai7nu8ov45u//IfrUmFloqK+4gJWNCzj2d7dw2WX7OHjoAN86eozcCy4JolivPaPtHfI2BDQ+EZnwTOwj+M6XJ/AdWwB1h2NL5oskdX+IiYv2sadV6QyjenV0a2cj6oVMQJy707rtA6H18o/dzgktOS3gQyJ+UIq4YAcTY1J5pkDZJ1/y4qQtLUIBJrFLMRUScK4l/ufnPXTEtkK1vTxRUthvCvn2rUpPIVEtHFzpFfP5djspj/NP7B4JSV2MaAieSGivQQHV9hfF4BIpimrVbpEoYUF1HOddN93v/dG4sB36b/U0irUS+lfEhf9DoKuZpM0ViU9yXHdrAvNuAaIgOgcxoAxKDEGpFDCoYn+Sp6C+8gXbOPN8hkjyybeuYaeaUjuQxuGtTeTfNFC7CpUbfPQ0syqF7Ga03voxnU5aQUi/CxqlMrJsSGlyXN2wUhTkyhJFyAYFjbeJCGyvxM5FiAElOqnDoyZ6weJR0RF06qbZ2d1lY98+vnrb15jVNeWoZFpV1DEQYkAJyeLNexbqWi1h/r3bzt8ZzsnBedJXtl8vBMRHcq0YN46H770ftXWawYEN1g4cpByNMHnOjgSyusZsN9THt7nn81/nG3/+WS68r+YSWefSMxnNlx7i9qO3sfuFO3nR/Y5L4xriNV6pVCCWQKNSJ6JqlcVAWyRMx8d1L70OLQLesXFwP+VwSJg2e9a9JxaXOAeP3+ej0Ygrr7ySLBvjQ0Nmkl1dUztWVkasrJVt3nVI94aoIGog5777HkbIcT72tzpI49mke0ie/967ZEfn0r8+eLyfADHl+SC46MhzTfQWY9K9wltP8IHB+gr71/ZBhOA9Wul0HIe4cN+DqnZcdNGICy64kFNntlJQbwjkeU4MgaZp0EqRZxl1VaGNwWiN957KefI8p8wM3nvKQcnuzg5FUfaktg+e2WyWxh4IQUKvEhcgU22R23vW19aYTqep+00bnIvMKof3NbMm8n/9xh9w5tQMazVFmYoK3nmUpBmDiGDrhnpWobUmxIBWyX6sXx/vcd4RQ0RHjRj1BOd1WPjpoPrA77QF0/UySkNgi8gpEMus2kSpEtFDlF5Dose508BZouwiuiG6+KTztqdFnoul8g8Q1SbOT2ncLiIek0GUAcgI4mLP59NHN/7oCjlPhsWu5u6Yfd3rXtcXipZY4pnEsgCwxBJLLLHE9y20VmitUaqbjT7NQeIziBha4kEEkeSzLUpRETgdk5VG5T2FSKfHbYn/dpJKN4hu9cLSPl4YGDuEaZ7RHD7Ekbf+PR47s8nH/p8PYyYVtqqR4YAfedtbWb3wAPlkytc/8CGmWtgpS97wD9/JxsYBPv37HyZ78CGUt2ydOsGFl/wE61nBzR/+C+S++ynQjCXjrNa87K03se/i/ZRHLuRR3zBwloe+cTtrWcbLLr+cQ298I8c+/lkqqznbzvhPCzyM4+zuWW699yilV/gY0Aj7as9lxx/lipCIFYmh/45dEeTpFnD6DokWc7He3uf7v7f7Zk5+PsHnwnxiKF1nxqJGe+86nMPv711m+/9EwQoSklLR+7QIF5P6LKqUAJE2oaBi8qPvCKPHCRJfwEiK8Pb8aYn0TkFGjMliR2l8jMmORmWtSr6b3CZinJjsgs67jG5HxsXrSlIZCwrEpwwCfOrhCR21n4oAoT3He+IDSCmGXYt9nwySlhEV4FtSf27/1WH+2znBxd0WWWQWW/swiYEYPEoLSiK+s1oh7FEdLx6/84/sSgwR5iWMhVcuTqPbYmdrZRT7IkEEUa2dT6f636t4frJzfVGJq5RC9Z0JClEGJVnbXZHCA3vrDwLVrA1B7rbN8sR5zqMnWQQKrSm0onGO3UlNhiBaMRGHCx6voXaeZjZFKcFGKCRLPvsmdYgomftWK2UIXjGbWupgYRZYHa5gVIYLAdc4ZrOKIAHRqRPLxuTdn5nU3UJMFiNVcATn8RhGG2t87NOf5Jprr2bXVlgV2d3dIhuMEJPItthaX4X+eF68AT2/D8x+n3Vq/5hKpH0ptC3E+ODxShiMRqxLxu7mLsfvvotvnPki1jnIDWPtMTtjiuPbhPvOEDcdF7tVrmGdfa5k/JUHuefuu6kmu1wjQy50OSpovDKA9Ory7pp1LiKw/8B+Dl15BePW/qOua2SqyIJq9/Fi7TV+F1X/70fIOT/pucOHD1MOSpzfTuRyDCCKPM8IwSE+ogzEmGwvYwiIGJpG8+ADpwmhSOMroW92TdduWrsfnYhU79M55D1aC3kb8qtihrMWrQM+NmRG8FXDoCyIWQYhMiqGrA4yVDvepA3o9dGhVVKnCJAbjfWQFxllWRCkpKprnAv9FnDeY7KsLUSEdK2JkcEgx/sUIKuU7m2MQgwoJek7xdSR113nILadeOk1RVkm3/vGUlc1SlRvP5PCw1WyLguaegYSV8iyQPB+oZsojYWMNmSlIbb2hMbkfVC5c+naln7vBCbqcfON9KVby7+uS4B0XnR2PdbNsxZoi/u5EbTyGGVxwRF91r9G0AAAIABJREFUTQwTvN8khBrXTNBMECxdjkNcWPa5/z7lYdkuPMRdalcRogWxiAaTGZRqz+VunNRef3VrGRhCmHdCLCzzifLonkxo1hUAyrJERBiNRrztbW/rl7XEEs8klgWAJZZYYoklnheYq+efPqy1FHlBkRfp96ahaZqneNczjVb5q1qur538NhrGEYxRVD7ZjiilEgv8VEz0ef7slKYRjcoGXHLJBm/8gTdgtqcMV4Y81ow5euwoD3zmZsKZE+zesonVkfHGGuU/eAfrgwGTY8fIb78D4y371kYcMJoLMTRfu5P9DzxMqTVeGyTL4MZXYA+VWCzj2YTQNLjNs3z16N0c+amforz+OsyDj3HmnqOcnFaUK7AbApMYWC0LbvqRNzOwHhFFqQz7Z54Tp8+gTp5ME74Fg45vW3H3RG94kg+SJ3i8+NZvZ8r/9Ne5VXmLoEnkgycSYuoEoCX81XmX/t20HzzP0e+QPXR3K/SOfUdHZ9cTiYjSbdhcTEG7Ws8JhvZa03k6C+ffh93kTtg7GRXRhAUSX+GR6Eji87Qv2x4OkKS6S6HXgdbPhJ5laifLKoZU8FkkzxfFwTHsbcF//MrO39MtC49WEL1vCyKJpIsSUd2CI4DqFzRfQmtR0toydDUHJbRuyV3b/Zwt6+g2IRD77SOpQNPvv3QOLF7yntJXN8wLAP2k2yeCSUnq6gghJuIxecGAUjTtZH5eFFji+QARQSHkURglST8+RmzbPSLDAsThbUVlHbPQYGIKVi91gTYGrXU65LoinErqf0FjG0eoHaUaEiXZXs2aCqyAStZVQaUQ0UgKBvciBAzoDNpSboyKqBWD9VVe9gOvYuPgBje85lX87Rc/z3B9FedCLwDoil/nkkaLXtbPp1aVzsJrUXChIpj2pyNxo4ATyDNNEzzWCCuHD7B+aA3lhbjbcPzESU4/eoLdyRifQ7HPcuGRAYduHPHoXY/w8Ofvwp+21LWFqXBFKDGSw+4MkZwmz7EosigYYnsPhfMrAKC2Fpxjbf9hogh1VWNyQ6aLPQXU70UX6XMfi0WrxxewYghY15BGdSaN7SQmh7wQSZlf7T1aDJubNWdOVcRoUpdjW8SJdOdNKgB0hDUIw8GQEDzWNdQzCxEUkcwotLFYuw3BoUKNtzlGl0QP4g1NVaEpkRBAUiaNhEh7G0nLFaGxQlXVWOcIWIzJUFqR5zl1XRND6jBLXzpSzSqyLKNpGgbDAUopqlnVdjKlEZ11juFgSFVXZCbrv9t0OmVtbS0VOoxhOpmQ58Wea8X8OuFRKiBZKyBpNCE6lE7FB4hY55Co0DpjOpuBD5jMtJ+Rfpxr5x0x7RO12HpxvvNmcXB+noF6V6zp/i4hZX/oENDBtR1ZikBNwBNDg4oNufI4SbfzVJN5ctL/ia6fe1/kSJkOYeGSqtqfeTh8v7rtGMFau/d61hZtv5vrgGnvRW9/+9u59NJLv+cCtSVeGFgWAJZYYokllvi+xXA44HU3vo6NffuIESaTCbu7u4jsDbJ6tqBEpcG0UviQ1H6dz7+VSA14A7buOE2ZK+S+DQhCScH4+DZf+fTNXPKG13PoxtegbSAIXLFS8LJ9K+gffwsf+KX/gfjISWQ6JRsNkbyA9XUykzOygXUnqGjITZb86bVGQkArQceADhFnHU0TcI1naifYepdVWzM8dZov/sVHufbvv5XB61/K5vQ429Yxs56qsTRNTXVmkzv+9guYSU2mFMZH1ivPBccf4TCpQwJJJF/4LsbGIcbFmIQnVuYsbsdFpv9Z7B5J3EnybA8xBbh65uusYiCi0CoRLMspQ4t2jtoRBF1IturUtJIIiNS5kWx3fPTJIqjzpU4zfGgLL5o553PeRcbYqhXneyEseEjpVmWv06w3Tag7Il9aIqNTnBFShxAtQS/tNYM0CRehfW/XRdB/baAjtcKeBvw9SlW6Y7gtbIR0flncgsVQW3gMrn/3nnMCWWjp72b65ypp50rI7s3S/78rXyQWsC/t7dnGc/IoduvaNxTsZRk6tXQqNiwQjta2XSAKFyLBR0xnrySSwki7Y2GJ5zTOvVZ3BYAwa9AuMtAZ2coID4xdjSfiRJg2lmlwxFzTuNAfD9qY9nwXiAqRrFe5pkyL1AlkvcWGpOSVRjGzNfmgIKqIi54m+P7e7EMqe+mYJTVsjK0NkOcbR+9k/6GD3H7PUR46+RhOwentLUblkEJ1is9OPduKUFN14vlDCHX8oDzu6fYeJegIxpOsd0jF7CDgJGIFGgU2F9TaEHVoHasDMTMcetVFXFQHpHEEHZMSufEEq7j45AR9/RXMPvgltu/aZtUWDCcWo8CrgnEm1KTlrdr5eqnYjbC6S8/8+j8e7/LQvce44Lp1/K4mP5QlAtC5ZNYW59+tDwhtL4XdFfF5stf+f8Zewr8vihMZT6bUdYMpU5ByP2ppO9nOZY+VMgiax46foWkiotrzKjzeeq5bVuosiEymk3Sua43WRaqrR493YwbGc+MPXctrX3aEIxcfZDpxnDhxgnuOPsjxx46zs30cwhrGJJudnljvdm5775tOA7NqhnMOhyUzaR12q11MZuaBsDGijSF4j/cp+Nc2qfCsje6LFyFGsixjOkt2PqG1AlNKUQ4G1E1D8J6ivX6de02cFwI8qAqRiGaIVnnK3KFmOp3QFRq1ShSgVgofkq9+mp/oNjNNt9e0x2MxFFctXJ861ftTXbNUL2rwKCxCjRDajui2PzI6PCFldMQMjcLHbkziz7uMJ12utGMUiRDdQieBgqAWxniP/4wuAPnqq6/mvvvuY2dnh9Bus3OX/XS+f78d2gJWnue8853vTAHP38b7l1jiO8WyALDEEkss8bRQsbVVUW5sUJ73z1tsscHGef+4xHeD0WjEe9/7XgaDwbf93quuuoofefOPUBYFznlOnjzF1uZmazfxbEIep94LvdomkHy5I4GIVzKfQCrOeZ+0POZ8AtU/DvPXxghNFMrhkOb0KW798z/j2F33ktUes7LBpND8xHt+imsuvoDRyoChD7gAM4kY03qjNxUDQDuLqydgGuJ6xqv+q7fjvvkAwTYYA9pozMUHsT6irCEXTbYNwzMNl84M0/se454vfoWDN7yYF914I4PRGtWs4cD6ftTUYoc5w8OHyUJMqqsQibUjM4GzWyc5pAy6HfeHfqr+FOjnkpHO6ue7HlLHhQntueK2Th2d2Od2wtVOShcnSN/JYuPcWGVJVZ4fsWdkdCL7lU/2OkrjZzOyaEGDVaCDAxsRb5DgiW4CmaXRORHFIMtxQNQBEYv4iJik8AX6faGYK81ilJ6IhtamqSUAYoAYJL2jI/pb5b4CYgxI9MToOxobkNbuB4jSKt+A/tHcP7/zq53jnIJQ//c24jd6wCMq4IIFCQTnyPJ0jVQ6I/iuoCG99ZhE9nTHd37ZSenMnuuUatc9SERCz9zvVebFPsFkzxqnj1ogg2J38ur26zhUdETvkGjTtmjPQaUURqn0yujREsmAoAZI9IgP5CFruwMcNJZQ+zQRXwhNXuK5hXP3SbK60G1RTKOVxuiUjOJDoK6aZO/gI946MmNwoUEFwEdOPXaKRx9coywLNtY3KIoSiRoXIqrQ1K4iGxiaylK5hiwGfIh4H6kbR9SKOqSA9qIoyIymrmZ4Eax2VLOG4XCNxjdcc+VlbI+3uOKaK/APeU48ehxCZFgMkme3d2SZSVZEbVEyUwZpadKEMCewnkPoxQkxkXp9fU7SFUp1FzlI16GYuiW6rove5FCktWFTBOuYbo9ZvXADP8yoM6FwEY1C8gIxgaghlpHKevxolX1vuQ69vcXJnS8Rj22xnpV4F1ORPKQxSbJkS+MrBZjQjrzEJ+V5VGiv0SqiI5w6fpzh1llGrGErmyyjdI4oQQcgJDEEWqOiQjkFgfRdBLQPcy/w5/MlJc6tXc7bhXu+wm2U1kGltWNDcXazYndcs5pZBrlHRQ1RL5jcxT0fGAJ4Lzzy8Eka50i2eK1C+xzVu0iyzlm0mIntumut8KGiHASuPHKQ/+a9b+HVr76UA2uKXHm8UxhzHVUFR+86SjlKIcQikpT/Xd5Hf3wnIUlVNVRVRZaXqJjhfUTpiDEa7xwiQp7nOOcwWhO1RolKwfNhXhgREqGu2gDj4WBAVddopVKWCem+FlqbI+9Sd6D1ljzLU0ezQPDJu1+URklJjBqPS+IGnwbQxmT9Nmsai40Ro1N2ADIXHBFT93SWZX0xIHVXPB59MUDOOTAWjvngXcoZkrbeLl3RvrP1iW1Xa9oiCtC0XZhJ9ZDGeJLEFKlIMB8RK6X6jITu9+57dgWWxWN5z8EbA7Q2o6rdv50oYHV1lRtvvJHbb7+dnZ0dlFIcOHCAM2fOnFf5/2R2P/1mWbiXaa0py5Lrr7+eF7/4xed97xJLPBNYFgCW+M5QbbFVlWws2c4lvte4/+P8+keOLjyxwXXveAdvvXLjO/u8raN85IO3cOG73sPr24/Y+ptf4V2/8jWufP2V3H/L/bzyfR/kfW9u/1gd5Xd/4T38Jq/n9dzCLfwCv/ub7+G67tR47G/4zX/163zwKFz3rl/hfb/wer7DNXvB4uCBg/zKL/8yhw9f+F2RM1mmueOOO9gdj/vnnpUW7ie0l5CFf2L7X1LXtnRhmh4sqLzTj3RC2vbtC2qqCCK6JQ0Dq+urvOEfvB1WC7a+cRS1PcXIEL82YrB/P2xvMz1xgv3TmkIJswAmRKgbiqrBzypMiJQ+8MhtX2X/lUe4/sdugjflUE1p6h22q1226hlnH3iU+OBJDm8cYuP4BMZQ7lj0oOCOr9yO2befyw7ux9QwrMYcIWflsU0uuHzE4cuP9F6hMUZy78lnO4xj8lDXsSuVJDwdl8x+E8X57888nlz7t2g18jhS60net0j+q55sCTxlOu0LBLFlpxUKjQXxONEYUYi1GFwSeklEYrIJEPJEaocpgRmNUqioKJRhCkTlidK0Wd3CwikGdJPlcyaTLRIBnToIYvvMPLkhJoI7xtaKx7cFydh/rqAfr6SV1AXSWer0vNrjtsZ5OkJaGyOJHU+f7A0Cvj2YYsfmt4UNHkc49uT/ng+XhRVYLHSlxzq2yslOEbrnnercD2vRqepSsUNaWXFPEkWPBAc0SPSp3yHJPQFFovoC6IhSAe0jSkrAIiGShQw8SLREZ4mt1YHw9INLl3h2sWjr0JN/Soi5oY4e7xxZSBSSNAE3qTCZsJIN0SNomhneVqytbeCd4+Mf/QQf/5hl/7795PmA0coag8Eqp0+dxUvEikN0ZLA6QkfV+k+ElMvSOCogG+aUWYERIVeavBxBSOtSliU+eC48fJjLLr2Uo0fv4sypUzTTGbk2ODRaNJFk6QEQQ6TICjJJalcVJXXZKWk51cDTu/M9e4jJraUfwizWxYN0T8wLp14UTqmuFJm6mSJ95k2uDN45zj54nEdPHYeL9qFXh6yMI6NdT4liO4s00ZMPcigUxaX72cmnFK+5kPzWDeyDD2Lz5OleqpzCK/K+8BDxOt1rdVBpm7a3ZAkpt0VCSPtTgxYYrowoDgyI5f/H3rsH2XXd9Z6f9dj7PPqhlhzZbcuWZTu2lRcoDwfZBGiIAZGQVHNDSOdO1aDLhUHMDKCiuFMqbgpU3KopzdyiSjBDXRWZywimIAqXC+KVKBCCAglRHnZkxw/FkW3Zsay2nt2t7nP22Xs95o+19j77dLdky3Fsyz6/stzd5+z3Xnvttb7f7+/7U5jCIjyowmFtma2hQ20D68GGMUqBR7no7/ha6EviACR2xSteOoP95WrKCEXWg9PnOqy9toVnHqrxSxjpDgLIgiwzNBsNTp46i7E5iCYexWDORn/fSZqitCbrdkGr+E5zZJ0Fmm3P+utSfu7f/zg/eu9tCLOA9xleCGQSjiRtwfe+/Yag/Bd98YZ1Dlk7vfIw825G1uvhXIpxFmc9UvXfmR4wxgRLoCwjSVPyItiPOmcZHx/HFAVZr0cjTelmGaMjI3Q6HaQMgLsQglazFYoMW0ur1aLb7QIi1jzQQUAgJEUsgpwXDiUljUZCmip6vay6pnVQXIpQnFdIgUJirME5V2UAlMdfAt3P+05cMRARUfcUMu18vI5lwt3g5kQcd0SrQR9EFJVAIHYw5XgrcAL9HdbV+N77UGS52aTRaNBsNjl9+nSwZaqNsn015il/6mo/Zbt697vfzYc+9CGOHz/O2bNnOfXsKU7NnsJ7X12b6gxexHPebAag4N3vfjdr1qwZjjuG8bLFkAC46mKOI/v3c2Su/0lzcivTM1uZfJFbnD28nwPZFDu3bSo/4fC+3ewNiCW79uyogFCY4/CuGXYd3cTWTSc4cmILew7sYWqIaA7jlYrZoxyemGb/dHwC5o5xYNc0e3YdYteWKySoju1j285jbGqeYGp6O1sB5g6yc+9m9h3ZQ3hCTnBgeicHt+xnegKO7tvJse2HOBIfguzILqb3HeXQzi2QHWbX9EGmDh7g8CScOLCdbXt3cWTnlpfu/F8HUZgiDkYLkiR90ds5duwx/vj/+2M6nc537Nv4okPIKsWzfgxVgav6+O9FHZ4ELxFOMO4lvdPP8fCffZI1b38LstFArh3BZh5pOsx/+QEWv34/ybMXaHlFYQvGu4YLn/0ivXXf5JqFDG8dSSFYv+h56pP/wOKjs+ixtUExiaUouvSyDucXLnDhyZOMPDtPY2yMi8e/RWv+Imu7i7S9ocgsZ//2MxSNhIaFrhHcaizZMyeZJSjm66hl4jwbehmTuaTlCxIERWncOyC/v3Q8X6GuS2WBVKoj4qC+pjarJg/01cI+sgzfrcG7xwe7KEocuiSEokY02koJEciiq1pt+B3GcvpFlEowT1SSl3JViUhU8A12DmOielAMPoAiKh+DerWcjJaAVq1AL4NtaeWjO0gUiApzL9VmV/qwv9i+a9l6ZYcjgnI6GBaFq1jaKL3Q9uSiDVJdlVntpvYM9Z/DF5uFtYrqzvf9ePuq23gsEYQIPsvx2GR4rq0NwAQrAKhhvNrDAaSanrBYLCpRQblato8Iyl7TGmOxV6BEA4xHaMn1k9ejU4+UnqWlDmfOdiiKWUzhMcbhnaQoPNL3SNJgudFqJCRaYREoW6C0RCqF8J7Ee5SQGDxJ0gwgmgVfGBKpuOONb+TcmbOh8KVSFFoFZTIerVToD6xFx6LEgSQsLQPjeOFFP/OvnnACrAArBwlthUAai3YSITSdbsGZZ08x+6X7MUsF/vRF5LPzyIWczFsoDGmiGX/j9Wz9X36G9W+8joutBdZMrmep+RzGQqo03obnXIh+fxZs9YjcZYAEq34r9slFUVA4gfUO70E1m1jtkdahUAiThzGbjbZNtb68nwn2eo74jvTBssd5mLvY4+FjT3PrHXcglUFg6Fv/BLK3orU9pEmTrOeYffYszmo8sUaPW10q4axlaWkp7hdkFM60RxPaIznb3reVd33frXh6eDqkWlJ3AS3vv7Ol9Z7ovx6jRU8dPM6yjCzrYUwLqRokjSQKTvr9j5ShOK/WuvJ6t9YigAvnLyCkqAoXNxtNlpaWYl2D0KaSNBQM9saTpClLSx0gzImctaRpA49H61rR4KiG7/V61ftw+dhUStW/1LH4r5ACnWiyLA/kggpEQPlercelgG8hxcAY4JKto06oxDGBk6uv40T/3+A2BpX01113He985zu544472LRpE7fddhsbNmzg+PHjfOxjH+Pxxx8fOPblcwPnVo5H3ve+9wHQ6/UwxiDbkg0bNvDUU08NzONWuy6XC+89zWaTNE0ZGxvj7rvvRmuNNRalX10k7zBemzEkAK66yDhxcJbN+3cFcJKM2cN7mZmZ5cCB6SskAeY4tHMb+9jC3OTmSADMcWjHDIenD3Dg8CTMHmL39E6yQ3uZasLcwZ3s3byPI3siWXDiANM7D7Jl//RQ1TyMVy6aE0xMxBY4sZUde7YzdeAou7ZshewEhw4c5NjcCyDLNs1w4NAEx/ZMc6L87OgR5mZ2sqm/EFMzc+w5mjE9NcvRQ1NM7+y3/ubWaaZ2HeXEzi1smpvl2PQMeyabcfM7mJo+xuzOLS+asHu9RpaFYlmXSkO9VHjvee70c3zly1/hv+z7LzzwwAOVsuYVjxLIrgaNEVQO+lVKHa0osakXfMgOjaTZyZkwBU/82d9RHPocKklJDJjcoqTA9XroXsa1hUYjUF7j5zuc+PODOClxi4u0kxTnHE2hWHOuw/nDXyGL6qiGFGhhEN5ihWPCeEZyhz/fgYtnkU6SOg+dgrWaoI7rSFqFJIniuJ61KED5QS975aFdFLScRjlwKqTVWxEAg8teVl/z+vf1Ab/rq9iqL1euv7xp1GF/YoZGUCjVQZna774Eh+PdKCdQ3uNkX7e9mna/XKskL7yAXp5jK/Airut9tJAqz+f1DfxfKpRU0YKpf/VERLXLy2WMxVoX7ByiH7ccuDuhWFzwCo/Pa/15XK6GrD50UeHv+7cnkkW+JCSqtlIHQl5o1GSZq008K/LKL1unPMqSxAq2CtYYVKJjIcaazHNQmNmv6SsGPl626z4J0LeO8APfre4l4Vf5/XkibkepeO/KgqpKxQKOARSRvn8TlAogq7ch+6J/z4YP0VUTwlNgMMpjE0HPW5x1GOkQiQLnEIVjtNkkTUaZ0G16TUWhLPf+6L3ccefNLHUu4JwnLwRLiz2+8uWjPPCNh/Fe4azDe4tuQENrvHMoLD1jaKUJxhhcUSBl4PC8dQilSdIG1jrGRsfIuz1M1uOmDRv44pEvkeU9ss4S1uRoJWg0GhjrKqKyyHqopiJVCYlUCOfxNgDLWl39bdOLlYBeKAwsUNYhjCFVsLbRhnXXsVFPoOcN84vP0bECs7AAmWUNGlP0WOhd4Jl/foA7bttG3m7QvO4aFhMdCAAhB8ZPrlIRl9RufNt6X7NaDHWGdJJwzTVvYM2114HW9BaXEE2JtT4qpsui0bI2xijBz7Jg6gsTKrw2Y/DlIFBkhebog09x93vuYHL9ON5fxJqlYEsDiAhgey/AS9LGCKdPL3Hy5Bmc0ziREDJgDKuRx9572u02vTyv1NlSSaRyNBqCH/yht9NuWXTSo9vtoGgiSVY57P47SHhBWdK+n83gSRR0Ox2ss2it8UKhdUJe5AGEj3Y0faFPLIIbySWtFK1WC+csaVT/e+lIkpJEgDRN0Imm2+ngPRSmQ7PRwPtQONYi6OU9ICj1iftRSoaC9yoIHOoWlMbYUNcoZsuBjwB/OL1e3kPrpLLTKd+pq4HjLyYGxhUE8qG81ssFOaWw5lKhtaYoCsbGxrn3x36cu+++m9tuu42xsTGOHz/O7OwsS0tLnDp1ioWFhUuC8yoSHUnSt0ey1nLTTTdx44038sgjj7BhwwY2btyIEILHH3+8IlqEECuuzeVIgPo4SGtNkiRcf/313HnnnQCx5tSQABjGdz+GBMBVGQHsLCHHiend7D48w+HZaWYmYe7oAQ4cniV7XiuUJlt3H2FbdoDp/fGjuSMczHayZ9tk8Dmf3MbOHfvYfXiOqW0THD0yx8zOPhTKpilm5vZwNJtmaugGNIxXXcxyYGYnc7v3sX1Tk7kje5jedowDh7bXAP1aNCdWElkTE8wenYUaZD87e4ITzAFNJiaOMTsH1Ypzsxz7/CyzwKaJSTYfPMCh7VvZNplx4sA+jkztGoL/VxhLS0vMzMyQ6GSg6NILWrezxMmTJ8l7OZ1u57t0hC8mSvC/D9w6QWUT4pd9d0XTSAEST8t6dCZo+x7FxQK8IPEBRI/eJ/3JN0FtmDhwFxeD2h4PSuKbCu88o7klkQJDKPybAKm1CBw94fDe0LAOLx3GSYxIEDak4qfOMRJnGaO96BGuBGM+ePEq3wcGJRGodx4hNFZ5jIy1EV7ghfBQU+NdbqFVPq5PPOqq8Hg/Blarg5lRQSaWL9Pf6GV3XIL7wRqmnCgJcuso/GCZvLKVBCC7nICEdHq8XMlivIbjUndYEArcSVE52w6A4kJInBcYa3EWhEoiELesKKd3FYgfthusYlyNUFqGkcdav8sJppLJow/MV5kF/spumai1htqxrbgyova7j+uVs/24ajmR9dYiUvDOImSyYrOrcR7175cr/peD/1XmxOWeyeUXc2DvdaKkdhQ+kKZSaLwLhVwRIthARAsOoYK9E0KglERpiZAeZw2iZjM0jKsrullGbgqcy8l7jqLbwxpLryhIlWIkbTGqU2R7DdZbnnM9rArezuuuWcPaaxoopch6jmY6zsmTz3H0wYdJdIotDNJ7EqnRUiEUaKEQQNdYWo0GWktcXiCcZWRsDIRkfmGJ0fFxuhc76DTl61+7j6986Qjn5y5gsFhX0GylNFKFVwJTuKD8lxLhPFpImklKKoO1jHCxyLi++qfstTJFQB9WFTGDQngXwFvlGEmbNLQk9XkYR/QkrqvRXcFIx+BcgUgVvdMLNJoNeqnASLAiev1TqvoD3K98zDwQDhcV3rhYg8AHaqAcXxTWILwjTTQW6Ha7tJsjCMAaE8ATIQbPRfRPShAU6K/nLkWIIHwoi8aPjKzn6Dee5tHHTjM6fhMjzSYiyfA+ePuXPHZ5HY0RLCxlnD03j/etIJkQir5F3MrodrskSULSbFIYQ5FnaAHeONatHcH7DGd6SKmq1+CAgl1Ehrv23uxbDgmItnUCuLi4WKnAtdb08mDlY60Na0nIi4I0TSvnLudCxo9UClMU1XymFa1giqJAaY0pTFDlC4I4QQR1fq/XQ0pJkiTohkbZsi6Op8gLkkhMJomuzmegLoIPhYZ7WY80bZDnhlarycXFJYQUoc6al5V1UZZlaK1J01hr4CUOt8r4oDyf5xMA5L2c2++4nf/wH/433vzWt9HpdDh06BB/8Ad/wGOPPcb58+erDIwylt/rkuSw1tLr9QIhawzr169nenqaZrPJ2NisyDJuAAAgAElEQVQYY2NjHD58mF6vV2VWrJY18EIzAJRSjI2NAaFO3YYNG0INh0jaDGMY3+24+kcTwxiI7MgeZg5sYd/ubUxkJzi4cwu7dhxjz6rofJOJCWC2voE5ZjdvGgBBJzdtZfZE8JCbmJhlEAudZfbECZirfzaMYbzMkc0xNxfbeHaCg7v2s23XIeAYs7Ob2LxpkokJmNi2m4ObZlcv4nup2LKdXXtm2LF/D7umJ5k9uJc9B4CdAJNs27WZbTN7aO7dzhaOsn/PXo6xLazbnGLHjj3csnUrP7QJTnx+M3tODe1/riw88/Pz3H///ThXKnFeeGilUToMtge2+gIHai9JXGZfLs6ALX1/S1emx1fzx3IwXJthXnqLRIgSF1Vt0nsSFyYakrLwXcRCXVhDe4lyoLzHUeClwwqJLSdmAvCOQgkMBoUHH4r3JUZG1ZKmYRxe9xBYpG+hjQ4+vyqAKdJBwwaCw3pIIrBtJDXbHRmKsyoZvFhj4S8hQDoQwfV7VQV9Bbr6ur3Sy3ivL3VM5c9KBf0C1ov/nBB4oXDxWikhUCIAFkrUJq2eaKX0epxAlIQalfJSeFlZaASJbgkix/STWIzSOo9xLpbclMu2GkFn75BeEcXyYcLqoFQixpK3ca1Schr2V1I3inhPK5Dbg3B450vq5orPuNzdZaOaSy9fUPT/CQnORKsRhxD+ct1WOFbPQFr+aoVay89XzwCoH0p9Ir3a7+VF8zWGJW4kMhVSSDwRSPAi2DyJmiVBXE+I4J8sZNnfxPq/wwyAqy4SAcoFwtQ4j3UW6xw6TdBKI7VmfmGBFoo8z7jQW8S3o3E9DqUEOhG0VQLe00hD0UudaKz3OB+8va1wpCJhfM04KtF8+9lTSCSjrRFa4ynSGJSUnD5zjkRK1o6t4Q0TCVmeYz1kUjG+8WbOnD+D0AIhw/s+t46mTkhigdCx0dFgrxeVu3VAyFqLlPqq7t77gH9Q/leUXkDM8UkgZLvekFlDYXOaLqcrDZ3EU7SicrbVQPgU1qfc8KZb6fW6aAGdxQ4942gRLFGklOAsAosXEu8dVoSRlvPh/SkJZK7wcawjQ69/7sJ51pw+zbo7rqE11or9SxiDOmtxhQngrA+1XLx18b3Qf99fzffqO4saYSvAe8HcfIe2sfzFX32WjTfPMHm9QgpPW4YxalUyglDgVSjNs7PnWOwUeEaCsAGJp7wPcU/L3ivdLAsZX0KgdUojbZD3zmMKgxIKfAK+GQUd0dansoqrNkrcaCQlxMDrwTmYm5sPIwYlQ1sTATg3xlbHo7WmyHO01hhrkUKQJKEWgNaaZquFs5bCmGhFJ+h2uzTSFKkURWHQWqGTIH6SSqGVDtZ12Eqhj/fIRoqxNmQRREDd2tAfJjohzwN50MtydFwmTROKoqA90sYaG7KaXACou90uaRoygHu9XnW9VwPsX1CL8CvH4uI7yJL53i3fy6/8yq8yPjbGgQMH+PjHP86jjz5KURRVpniSJOR5fsk5QHmNpqam2Lx5M/fccw+33347Y6NjXH/D9Tz++ON84hOf4KGHHqIoCprNJrfddhsPPfTQi86KEELQbIY+vtPp8I53vINGo4HzLhRjHsYwXoYYtrSrMuaYm5ujLAMwd2QPu2e3c2ASsqMnYPM0myYmgC1s33eIo9lLJ83fsn0Xe2Z2sH/PLqYnZzm4dw8VFjqMYbxCcWTPjiqLJTsxy9Z9R9i7pQlsYcf+KfbunGLP7Gamt29nZvpKi/BOMn3gIFsOH+LQ/mNs2rabvc3tVZtvbtnF4f1HOXjoAAebW9m+bw/80eHw5Yn97Di4nSdPzISMgxMHmN6+n62XykAYxqqhtUYAhXfomAXgSt/m5xk8Gmtw3kXyoB4v98ysBCDDxN95j6u0275yFQnwZLCT6Qt1S7j7hQNUDo8XgoyCwgefUWECcO5ShUPiuz2E1uTSYzy0vUK7qDj0jkI78kSQOElDKHrGINaPYbod5FyOtiCcpKs9C21Nc3yMzuk5lPE4JRBrxsjnC5Tx5O2U8VtvoNvNmHviNF5KxtZO0BYpF86eJfOW9vq1yESzeGEBu5hxze0bOedzUiVIzsyjLlyslNzLr0JdbT34uxtYRvS/uuSkwIv6/K//h4jA78AR1JdbfjwxRP3vehtYBvmWOK0X4f5ZPDmCeeFYShRF3tejURY+JUxifVSJPi8Y/BqNgAH3CTIRpZxJkmCNQSoBzpLIRrhOzpI20qp9OOewxuK9IJGazAWbLOsswczb4XDICBKVvv2lOlBIcC6C1FFNKmI6iK+U/jUSKP4TEYTqo+2XvoED37xAUqveDp1zFXEkCBYWPjKQSmlMXsTifyvT8esHUc9wqbf65X649f2uWg+gpuZfqfhb7W8BRJAtXlPnXAAOPVjfT+P3HpROB+xViDUApBQkOgCrvV43ekW/Th+cqyTqbagidbyn4RXjqkkucjI8TmgyctIIqOTOkve6dB3kWZfRdRPY1KATFUkuG4G1Jr0sAyxKBaBYSkGiGlgn6PUCSNdqjdNsNRAoil5BR2SMrhuh3W6xcOECiVKkSRL6C2c5c+Y0N928iR+5+0cw3vKtJx7nGw8/iBeOTqeLV5p2ux0eZwupTgLQXOvLPdGK4ypqo55Yi8PbAcBQCIH2VLYkQR3u8UqRWwcSOsKhxscYX9NE9SxqsWD8prU03rgBu1hghaZpBbazyMY33Ujj+2/FjCSI2Zwz3z5Fy4lYVDgUH1Wxw3LCrcgg9L5fDwAi3eg9KIGO3uxCq5IhDAruSBNb7wMSTBAtlBYvHkLGRhQivP5YgP54tTrz0P2SF54HHnyK3/2/Psmv/Mq/ZfK69Vh/EUWBUgLnyrFwgPiPfes4WW7jffPVtoh/+gjcOzzGWoyzCCXRSoe25RyLi12E6PLQN57g+uvfSKdjSGUoCo8o8L4/bgj/RQLfC0BjbRhHOGcR3uOwYOHM6fPVO91Gssl5T5IGWyFrQnvQWiOkREfbGOccUgSiyxMy8LRSiLic69jqnRWseFxlNaOkxJUkZ5wXWVfWsaHqu0LNAldlM/Zyg1JJUJlLHazvcCgtsSbHiwY6SYNQyoexkJShTZd2NxD6YWPMFdcit9ZSFEX5uAyQAVci0LEukB633HI7MzMzfPrTn+aBBx7g4UePcfHixUjA9IvzllkLy2uulZ8BtFotPvShD3HHHXfw2GOP8eSTT3L//ffz0Y9+lGeffZajR4/S7XZpNpts2bKFJ554onofXYoEqJ/bamRJ3WLpnnvuCZ/Jofp/GC9fDAmAqzIOsHv6SFQxz3JsYieHS///bXvYvW8X26aOMbllOzM7ptm2+SXc9eQ0Bw5u4fChQ+w/toltu/fS3D6E/4fxysbW3Qc4OBNTUI7uZeuBo2TbpmgCzc3T7No/zS4yThzZz85tR9h1eCdXpsOfYNPUDDumwl8njmRs3VJLeZncwvT2uMXsMLMf2cwmYPboIZoze/tg/6YpZpp7OJHBpqFl1gsMQVHkQLDsKIufXkm4qKx5xdDRmt1HhfRTQlwlnOuxPqStq/J74aup1JUOCx1gpUSvXcuW92zl8QceYeG5s/S85a33bOXRY9+kN3se0Wrw1ne+naeffBJzYRGWcoT3ZMbC2jVsfd8Udu4iXzj0WdKREd7+kZ9CPTvLN/77P0ARJjAdLehNruE9P7+dp7/6EI/82UHGJ9bxpm0/xLlvnuD0w8cREyPc8pM/RnP9ev7+P/7v9EzOe37mp1h48JvMLsxToBi/dSMjayd49Gtfp9vNuO373sGd73wzKMmx/X+OufAIwvvLXg9XDrjDLDxe/v59fyEUiq8vVJvAvxjVU7newCRH+BXHUJI/AUAIB+CAXIIRnsVEoXphEtbPChncR79tvT4nEQ5Rqewh3LaykJ0SAuF8yGdxFpxDKhXbSx8IKifk3tnQz9gCvA02BT4OmfviwKhYFFUz8RE7KFXp9H9ESMNXR1uncygBjsvdupcgk2UAj/KiAstL3/wSXA+++LJ+unV6pfrghba0lc+OG9xodWqXOUfh+gSaJ/700WoCvPNolQBhYi7jvScJmUpCBCsKIYI1FAJMkYN3wbM7XpzhJPzqCOGBwtH0Cgz0ujnaOppSk6YNMltgbEHXG3o4ZCrxNkd6KhFBkio8lkajibOGwuT0el3SNPTBuTF0nEdbgc0KkkYL42FkdJSs6GGdIev10ISioGk7pTnSIm2kWOvQWjE6NsI/Hv4cabPBpk2bGB8b4/Tp0yiVonSCinYk3jmKPMdaT6MZMhHKwrJSSup1Za6GkEICNqqofbBii0StLPtJEXqCrsmR1pM0mqCbTNy0HrnxOkjCQq2eh15kHhuAiiSDh0JaWm3Ncw8f59y3nuZm00RaATYAhoKQFediYlCfBCj/6L/whQjvXeccmckZmRincJalTkaDBlIo6n7/lThAhiKx/fBVl/76ijhiFeFnJXHwHpQCUqwd5b6vPcPv/M4n+Y3f+Hc0xwSoixjXwxRZyLyhgTMZTz59EucDmC/K7L3aRS1MEYrrao1OE1SRUOQ5zgSgONEaKwRrxtZx+PNf44embmO0vQ5pLNYthEMTfSLfe4sXLuxPlM9cIMq9F2XSAM7D/PwCUmmcie3GDb7j6sVc61Z4Ukm0VuR5UZFGjnIM4tFJQtbtorSm2WjgvMQaQyONCn+twRikEBSFqcRNUoa6J2GI49CNJnmvQCJD3QoBrbbGFDmFsUARgf4kkiW1dk0fIF9e5PbFFCT33mOdW7UHu6TYYJVI0xSlFB/+8E9z8OBB7rvvPowxFEXB2rVredvb3saWLVvQWnPhwgXuu+8+vvrVr5KmKcYYrLU0m03uvvtuvvCFLzA2Nsav/dqvkWUZv/zLv8yePXuYmJjgxhtvpCgKrrvuOlqtFr1ej7vuuou1a9fyxS9+cUVWY/08XwixIaUkz3MmJye57bbbKoJlGMN4uWJIAFyVsYO9h8siwHMc3D7DkdkdbN4EMMHWHfs4tAOyuWMc2jPNjqmD7Nt2BZrn2YwMKpuULJsd/H5iE1MzOwhY6AmOZFvZMrT/GcarJbZsZ9feGQ6cmGL75GF27Zhlx/4ZNtFk09ZtTE/s4sQsV9Bm5zi0YyezO/eyffMEc0f3s2v/NnZFkX92dB87Dmxiz55tTGazHNq9m2z7wUDIbdrK7P5jZDOxpkZ2jCOzm9g+BP+vKISQrBlfE5TOHrqdLtaVxYBX06JeckvfpSN8ceGhqgOMFBXw7EU5GBT9//syVdlzeflN8Ch1QtDxArH+GrLveRNz9z9KIRu49WM03r6Fjdes52uf+Ud0u8nYD7yHNYni/EPfwnYNyoEebXPaZpwyHd5w7TXkSoAWyHabc/PzdIRF4dEi6ni7PXqLXZYefwI10mLeZDTXjCFGGmRNgRSWxdOnMXNztBsJSgryxQVOnz6JlTZM5HCMtpskWlKkisVTpzj9L+cZT1LM/BzgkZWlyrLJiV8FaL/aQqzECwJYIZGoaNsUpsJCxgLR0ketXQSyhS439bqK8HTIWKahf/Yy+kp7VyrKbVDLSRlUm97jfDl5l/11PZRgg/elzQOIarJaFnGOf7uoSg8GWwhitokPE3zZ5/0qskb4QaX95QAj7/ukUdXGn+cm++WA1IodCPAyZrV4UBLnDELJgeVWYPQvaH9XGpeyAFptz37gszpwURaRdM6HDAcZewsZVMEACI9UpSIwZIMst3gYxqsrViNlhFC0VAPdHmMsadOmQZb36OHIbE6qFIVw5MriTEGz1UDK4M2ulYrq2LDdhflF0nSEJNE0morR0RZFVuB6FikFKlHBj1taOqaLl1AIR5Z3sRdzur2U3HSxS4ZrWpqF+TNkmcEqz/i6NaTtFmmzgQeybo7WCb2iACHp9TKSpIFOdCATkuAF7nwE82S/Z3ktwETlkAeobF+0VmityYqCJVfQ9JYR5XEJeOlQWkAarAvn2pKeMYwITaNrSRA89qkvcvyT/8Q1px1tO0JiBdoHS7eVhYfDVZTehmPxokqw9MRlYiFVWxRQGEbWjWF9gXfxLpSEOyKQy9TGHyUJ/7olEkvBTb0fl5FAbwZCS7R46BvP8vv/9yf5xf/xXjZen6AbHVQTJAnOj3DmguPEU6eRshluSo0AdoRdpGkKhOcFwDmLTkLNDhkJ32a7zfm5s3zxX5/gj//oCP/Dv/1+mg1HIjW2JOGrl1wYLyBjZgeeJJUUeYaK5HLcNYuLHbTSePokQP39Ub6PTFEMEMumMHg8aZKQiqQ69vIdL6UkTRshC6JUmEe1ufeevCgwRYHXOmQpJQ1ARNubKEbQiqKXk0iBt3kci/ToLi0G2zOlQsaiS3AuvAuNy6tMl9Xq9jgXshyklNjL1GG4kpBX+Iw452m3GmzceDP33nsv93z/97Np0y3cfsedrF27trIsCnZpkqIo+PVf/3U+85nPhHM0hve///187GMf46Mf/Si/9Eu/RJ7nrF27lg9/+MPccsst/NEf/RHtdptut8tb3/pWPvShD+G959prr+X3f//3r7gO3fJotVoVIfHe976XiTUTQ9HBMF72GBIAV31MML1zG1v3HWZmzxQn9s9wcNN+dk01aU5sZnp6KzsOn2Dftheod57cwraj+zg8N0XgDGY5dOAo23ZGtHTuEDt2zrJz73Y2T8xxdP8u9m/bxeHv1ukNYxhXHBNs2zHF1N7DzOydYsf0dma2HmTrzFY4fIAT2/ZxYBJmD0yzg339zIHLbW/PLg7u28nUoRNs2raT3Qe3UybWNLfsYM/cPnZPT3GMzczsPMC+qUi4bdnBvs0zTG07wNTmjMNH5ti+78AVZh8M4w1veAP/+f/8z6xdu5bz58/zG//xNzh16hQlCJSmKT/2Yz/OyMgIxhg+//nPc+7cuasADC4VaBG8pJxTCqIGCenDXCQIVl84QiW8RFqPzizzx55AeUWWe5Ke4Kl/uQ9rLGt6CucsF776EO65BZjPSG3wY3WFo50ILjx9is7FE4yrBr5reOKvPoPMctpe0fAWHcfC9nyXR//4v9E5c4F2AYV1PPh3/4DLCtLC4ec7PPF3/4j0lnYnZ0QIHj/091ycmyc1llRJTj38MHNPnUAvLDJSWM7c9yCL3jCvJM3FDtckiqXFRbROWe6Y3rfmqQGsDIKSpUKvD2hern2UOntRZWkEjFDUvi//lcViLw2WLgdj4xGt2KevthdhzgjO9nmOOnxSAihRklZ+9zoEMn1Ul4aIuvxSlV/aIwliYWhHMPMP3r3WCpwHTSAFynX7avNSub/8wtYyTETY7qD6q2qRlDZAZZrBAMReLrvKPVuuvqvHpW6xr7Xz/jrhGEV1fP3dllsTSuOdQ6o+GlZLFlh5HH75d3G/tcnsan7BZdZBUIkufy5WA/vLk60XAa4tVzKnosxiAOs8SmmkENiSOKurM2VpUeGw1hASIC5VWWQYr7YobSm8lLigcaWRpGSdLksX5yiUQ46kpK0EnUoWTVAFj7aCWlgpGRSzkQTTWqKkRkhBYTIKo/DSY6UjxyFkgpGGxdyDkaHIqCgodA/nPK7IQBic8FzozrG01MF5TbPR5plTJ3n729/FwsJFnnzyBO32CNY6sl5BbgzeGLROkSoW+dQuqmU9PtYpcSKogwd7/6svvKiqsABx5BP7WiFAWEfa0GAs86fP4jUoD7IwiMJghOfiqKSwDteD+WfnOf3Qkxz/1BdY8/Vz3FBM0nIK7QU6gvNehB64Xq9EepA+WMWV44AyGcADUine8n13MTIxgU4TFoucZivFFhZvywzD8u1P9XdZz0VIAYar+2Z9R7FyECJKEkAkKKmxzvPVLx3DdRb4n3/pA2y4qY2WGQiFo8mzp+Y5c2YJY67BC1WNjcKFDqSLtcGqS0pJu9Wu7F+MMSilMM5inEM32yxlOX9x8MucPXuW6Z96N3e88Q1ooVBCBNstH6z+QrZKeJ04aykKKHKDbKURSA/jvfm5BYxzZHmPNG0Fv31jq/akyuxDqYIdWa8Xi+yGbVgbxiSl+ltIibOWvJfTjEWBs14WFP9CYJ2r6AelNN6DMQVSKbJuF611HCumFJmg3Wzg8nM0ki533HED77rrnbRGBOfOn+Phh57g+GNnMFmCp0EhQKhQQ6e0/hm4d68SgNqYgsWlJZ566gT/5kMfwlpLmqRYD0eOHOGxxx7j29/+NqdPn6bRaPBzP/dzvP/97+eGG25gYmKCubk5rr32WhYWFrj33nv54R/+Yf76r/+aT3/607z73e9m/fr1VZbBn/zJn/CRj3yE97znPSwsLPCHf/iHzM3NVWTIi5lfeu9pt9tVnYZ77rnnddxHDOOVjCEB8FqILTPs3L09KJ5ndtKcnmLbgSm2Tcxy6OgE+/dtAY6wRxxmypeZA5eKzWzft4Ud27ZyYOtWskOHaO45xP4S7ZzYxp5dB9m3c4pDJzaxbeduDm5/KT2GhjGMK4ytuzi4rFE3t+7iSPxs0/R+jkxnzM1lNHfurDJbJmcOcvCSmzw4+JxMbGZ6136md62+/OTUDvZN7VjlmyZbdhzkyPY55jLYPTFxZQWIhwHA6Ogo9957L5OTk1yYu8B/+k//qQKRhAClNPv27WPd2rX08px3vP0dnDt37pU+7EtGHyjsg8hCyJoXbQSCX5jQd9WQwjOeNMjOzfHE575Ao+dZmzQoFrqcP/ooynrWFeAKz3P/8mWcNTR6BUlEBbW1tDK4+PXH6FkYsYD3ZA89gfee1EBiQ4a+MCC6YE6ep+1BeoXzkM3OIYHEebTzuCx4+LdMmMq5M+doyDAZF8birYVOjxaABzd3kREhaaQJ4+1RbrjjVr755S8FVVTMknAVoFn+fP50Yr/s52qxfOpaLt+fCA0SAN9p9CHNiMz6Gt0TbU6cX3lUfey1pjx8HRIAVZS3onb+Vc0QHxfwLhYADoCNdcH+R0oVQYoa0FAVD14NnF4GsNc+Eyt+72+nEuIPrHuFN+0y2S511d7AFmPfIvzgRSqfGSUVxuR9CwCCDVB96VX3eIlDX24lMHBc9UICl4sruCQB5Aei3YCQKvACZXaA7JN+UgavZO8CAfAqwTeGcYlYbrdQEjqq2aLwHVyRoxCsGRkn0ZpTc6fxRYFqSrSSOCzdoocSCqXbWOtD/YuoFFY6xXvJ+NgY1167jl7eJc97pO0G0nmkcEhvcbKHBS4uLeBkqP3R0BqXOHQzEFDNNS3WXHsNT584STraZO36a3jr934P3gnm5xd45pmTNBotuLgI+IrMEKXS3/uqKK6QQcFuX/VihucPTxRyl11sDAEIC00lESLB5T2OP/Awx88+w2KR461FdXuQZeQ+Z6ENzjhaSwLx7QXmjp3ixqUmb5I30LZNrJGxqGwgXo0EJ8FW/VoA7JWL2Yv1Z796rQvGNm4MBYKtZfFihtJjWOPQ0Ve9zOAKJL1A0O+T1es6A2D1EMKHG40PGVo08K7JAw8+zd7fO8Cv7vwIN9y4Du8N1iqOPvAter0EYxKQCqRHiDIPxpW3qYq8yCsRkMkNvSxDJIrCFeH5cg1OzXb4x3/6Joc//wV+4sffxbvvupNbb7mVa9aN0mw2aejQTjtZDyU8jUaCc0W0+9N4bxEejIGlpS6FKfA4lBQ4C2maVGPSAE4nQZnvA7BujI3v23jgnkp1H66RRIWiQEgpaaRpyCKw/Voa1OyElFJkWUaSJpjCkDZT8p4g1S2svUi7WTD9wa38+3/3I9x4UwuZQqfrubiQ8V/3HeZTf/0A5y/kGCcRSmGModFoDPS3q1oCXaZpf7ebvVKKj//Bx7nvvvu56aYbyfOCBx96mC996UucP3+excXFQOJIyebNm3nLW97CHXfcQVmUeW5ujnPnzrFu3TqMMTz44IPcddddnDx5kna7zQc/+EE+/vGPc/LkSX7v934vEEnG0Ol0qrFk+e9KozwGCJkAb37zm0MGo2RoAzSMlzWGBMBVF5PMHFyOQk4yc/BQ/H0rOw8dYWc2x1zWZOdEs/p8l78E9D85Q32Tzc3b2X9kO9ncHOzduwKwnKg81YcxjKslmkxMvILQe3OCV3L3r7mIA8z+wBQajQaNRqMaREkhsf6lSVN9qcP5ldpzUZuc4vwKuNFXXz7v1kEIhHeInkMYj0xAe8VYY4yOLfDekCBpCigc5N0OEtBCBt95FdRyTQOjef8IvIfEBfzUC7Clso6QpaA82Gj/qjyklI6wHm1dKPZHKFgrAC8JrugiLF9X1IWJuUCKkKp/+vQpRloShQ/KyCu+6i9/XFIhtApIXX0ulv25TEEtqJEQYsXCr1/g/zLhXLAA8gEdDmrNqKz13lEK/KWUtWtao1d8bPQrv6myDpwfVN5XRAPUMlJKisf2wX9fV8Gv1l4Ggf56MenV2tdypXt9myuaRpXh4INHsFSYwiFEPeNkRU+1cp9xNw6/Aiy4bAbAZcP3f5TNndWvEJWlk0BEpWgAAErVKJV1VpmJIatj8HhnkcMH51Uf9UKyZVHnrDDM9zLM4hK6Z1jTbDE+OopIBOe6F+hmGSbvIb1DRYsrF+0Dve+T73luaTQS7rnnbt78tjfhyXHesLSYUeSWRChMViCQOAFpu43FIpWk3WjQTDSp0qTNNoKEpaUu/8ee3+Hi4iJIycf/8L/iDFy3/lqE0pw7P0dhbCAkEhkLgWqazSY6CQpUoWS0BuzbgLx643kIzBre6aIavwTeZbRXo7DowjKSasZUyi03biS9cRLfSknzHNnLKEyXrnY00Mg5S/JcD/eunHNffpyF+2bRDppIlAtjDSt99P33+NhZSx9JwTjSGOjjAvdOojXdJ55ArdtAyjpGR0dQSYLJu4hEg+2v5Wr9KNU74NV8r16KEFBaIYkXIIIQDuhFtUg5Lg9gft5LeOThc/y/f/hPbP+5n2Lyhgl6RY9HH3kKSRvvyiLMkdRZVgy7AqadJ/GpS9cAACAASURBVDc51tlYN0NQ1s1wIohiknSU+XmLZj3//b89xJ//2b/S0AnXrb+WG2/YwMaNG7jltjdww42jjI+ltNst1qxpkSZNlA5kocPTKxy9niE4yDmMyTHWoIUOhXpjRqLxDhfrSggpKZwJBYqXjQF9bK9SSpSQ9PIcayxahyyCtNGgyItQjDj2ByVp6Jwj0QnWGHAeJQxJIwe3xFu/ZwPbt/8o161vIJxFK8XomCdJU37+F99L3lvkr/7q6/Q64xXZ74oCpVRV1NhFwD9k79THOKvc5oExaRSyvITkZaPRxJiCc+fP8elPfwqtQ3Hmi0tdsiyj0+kAYIzhtttu4yd/8if57Gc/y/Hjx7n33ns5ffo0a9eu5eTJk/zlX/4lN998Mz/wAz/Ab//2b3Pq1Cn+9E//FKUU1157LY1Gg06ng5SSyclJfvqnf5q//du/5ZlnnulbIVl7ReeXJElFKGzcuJH169eHbKFhDONljiEB8FqNlwBwbE5cQd2AYQxjGMN4BSIMOPsKbQ+kjfSVPKRLRFSEVcqa2uQzqrdLUXA5MRa+xCnDB0E35Kv1w/J9NRAMKiWVcDQ8iMKRSsizRYQELcELRyHDRFzLMJFzzoCQVVq+8h7pSjA+KN5Kax1H3VM3hPSUlWwRwqNd3w22PB8BuKj+9YByfQBR+upKRTjBB3DPO6RKOPnsaZRIQwZAXLiuwB4owFVtpz84Ly0Uyuj79RLB4brKqd+2VsPpaxsJ97T6YvD3gRD9z0JxRyrBfrWA71+PsHe5QiVWB4FFTIWvLGvqF/x1E8HrGYLKUHiH9wKPQkgobBYePycRoomTgFeoRorvddFGob3CeQmJYrGTgW5AlkBhEBRI4XDCU5pzhZDhwnsXfKR9UNOH+xYeBlEBTOUD7mKb9uBrRIDs/3rZM11O+sSW3v+4pkStFKpxF7LW2Hyg0QQR8LcGmSYI71HOR5BOVIDYQEOtk5V1y5zyeMqHT4jYX6wGh0n6juZ+4F9VgFi4CCCUfsxhe7IkCp1HOocrnxURwFypE6wDKRoBWJEWZ8P3UlmksAjhg+0DNhQKlUnYV/1pfFUDrq+/WF6UUkpBokFJB6kkLyxnO/OMijYFnrTRZn6hC4VAuxQpBGOj46SpRsbaFxBIojQNRXeVVqybWIMnx+O49g1NvA2SdWtiEUshEFJivAUsWkgSFeAzg8OYDK8Nuc9BS0Yn1nDXxtswPcOz3/422dIi2eICUgraSEaSJm2foL3GN1JINEmSkkgVejZRVv15NcLKPoKCochoeYyh6Geon9BoN/HK46wjcQLtg1DAKBBxbaUVeW7AO4rcMDo+yuRbb0ZvuAZaCd4UoTdVHm0cadcH/3JjIbesf9utPNX7a84/PM81S5o1BryS5NLjtAoknwcvfSAcBFhZDj4iYejDdRZesLjU4YlHjrH+5ibNc206RtG2I6Q6oTIwWkbClr8KIcNZ+dceIT+YuVVaxcWBX1nVeVUyoES6FXhJadfmRAulRyhsxpe/8jROHeLnf+FnSBtjnD0rcXaU/jsmFG4X9T462jiJ+H7qLHVoNBoYY0nSBsYZPA7pZRDWCIF3GovCeo0Qo/hC8vjThseefJLky0+TNhxJw9FuN5kYH+W6665h3bpxrr1+lMnr13HD9dfTak0w312DJ2SPFbaH91AYh4lkNEJgrEPSqshmpAuAb51zKseszmOsQUS/fxlFClJKTGHQWmNjJkC5nrcOrTVFkVeAtJAS77rk3dO8970/wk0bm6SqwLkMa1IcFinh2hua/E//6zYee/wYX/vaOZRag5aQFwYpU5wNJHqop5NiHFgXnlUX3/MDzVvEOkmrEkKiGgf0KYSyHZT/Vhcu1MM5G/39FWDwPtQl0FpX3v8AGzduZOfOnczPz/O7v/u7nDt3jptvvpksyzh27BjHjx+n0+nw93//9zz33HM89dRTCCE4d+4c69evr2x+ms0mRVHwEz/xE7z3ve/l/vvv55lnnqm+L7MAlos0LlUIWClVZW3ceeedpDHDYxjDeLljSAAMYxjDGMYwrsoIqs6AM8lKASpIkmRgmeeL73qtgIEBsYhFK+ljXqIOVA8C2BUELfrrlJBi9VFNYVsRAkAR06RTBMI5rCxwXiJ9AOFNaYnhLAIZMWYXsfUwSbHL1Ler4dr1kOWBxblvv1xxDdYX/XT84MXbnxJUS3sfQFwfvFKVSjDWgtZ4UawE5Ve5hdXxLvtM1P+ory+WQ5XPo2isqRpLUDTCsSvWHgD5a3fX1w6ougpBshinSNGTfvmxrNZkv8vN+NUcsnLVL0FkFYE6sL4I80yvQeigChQSlAKTkZgUqRRdL0ErMm9IZBucBisR3iCEraao/bsrag2vniFgKS0KAsheLt8vEOy9CXgAVMDJpW7f6n2YCL71LFfd9wsL+xKYqViucshfXqfwnRQe4wxaJCgBwhRhkl8SW9WZlH+p8sAG2lxJXFVNNZJj1ecDRy8q0q28NgPkBQLhZby8fSpPeB+yhRzRvsdGYCdeb0+wMrAgVRJqP2D7JIhweNELB+QEfTu2BO9l5Cz8cFJ+FYQQHuEcuALdkFifsrhwEVtkZFkWgGcnUL5BQ0qkkjTTFloJtFSo0kbOWYRKYmH1WMvFR5so6xE+2PM5qYIaVgpkeGNCpLFCIVmHFBZHjnEFSZqysHCRhx85xm2bbqdzscvZ2VlSlbBufJyRZpM1uk0zaaIaCYUQZN6SG1uR7XiHjJlwr7YOviQ2Q59Wf9OLgb5AN5KoHnYoL1EenPQY4RGRyC+weAmJDgW80/ER0jeM41KP1g6UZgFHx1nWqrQaiOTjkqVUM3Hvnax/7E08c/5+uicME07gJRgRRA4q9rWBWnRIPIUMz7nzfeJdANoLmlKjR0aZGBlDNVu4hsQYg5YK1GAeYhif1foLMUgkvrYjArkQgH0sfYV/LXwEeX3ZTlx8fygcGmRCYTP++V8eJjd/wQc/8EFOz1ryTIHqi1IcJdHb37sgkABSSBKd4KxH6wRbWJAw0mxzcXERLTS56yGExGuNIEHLFvNLS0jVIE1TrBAsFR5hBPNLnmefM3zj2LN4niFteBpNgdYJSZJw7nwGjKBUaUcazq2fPecCUO3CO1OEXzAuR/g4mijHAIMjbBKdDCjDvfeV8r/+GfgV8xdnLd4WTKxt8Z7vfxdSORA5SlsctiIVpbBs3DTKT334PTz0jT/DFD0azZSJiZQf+/EpbrllE0+ceIp//df7eObZOfIlT6O9DpU0yfPuyhFL9efKsYwQg2dZZXIRSPuy9lLtLFa2oeqcS4JEVmB7o9FAKUWj0SDPc37xF3+RD3zgA/zsz/4sx48fJ89zfvVXf5X169fz0Y9+lN/8zd/kkUce4W/+5m+4//77McYMWPCEeYdlbGyM66+/nrvuugutdZVhIKVkYmKC8+fPr5qhWScB6qG1Rmtd2RO1Wq3hWGMYr0gMCYBhDGMYwxjGVRlh0DgA6dZx9lftwKquPL/kMuVy1UQnDJ2FCMBDNXheBaT2BAzZiQCyhXXKiZJEOZBhOoKLYH112cp0fGozLN+fbKw4j1XC1Y67fkz1D2v4OaVXeSmSKhWE5f2zNqRCZ1mGUgqErO27b1fyaouB6yOq/10ySgBz4LNSRS1DgTZ8xBoEsaCt7/98HUfVfgbEZwIlA+FVPkvelwC5iuCvAxEsgsJElCrbIlznQTA9TNwHo8q+8QwAiMRnydefn5foNpXEZ0VHiEgwxImnx4aD8AxkBa3YCMQiyeF7qQR5UdBMSxK1fO4v4U8bVfqDx8HA75dsm6IE/pf3DLXfRT9Louw3Q39RKwgs3AAJnCQpWS8oxMusIylCoWegKhRJtDfwA9fy9f0cvVpjVburSCa7+K6XWuMEXOwsURiDSIN1SIFHaEXSSIKtRun7L4Oi2Dlf9a02EnZehDekwleApvQRtESiIqCNt0hilov3OGNo6pRCeEyvRyIV165fz3vuuYfPf+6fedtb38oj/hucfe4UvV4PWuNYLTA4cufpmJxCAIWmiFZFFdpZScy/65f7O4/q5V67dyIKCoKzEU54FBVli1CKwlmcloxfM4EaaeGt4emvHWNx9jyb3vE9XDc5wZMPPMb5f/kGN7UmGH/nHbRvvw4aKet/4J0sPHie/NsnKFSgJZwQwQ4GiYqF4IWX4N1g8XIRx1g+vG+lEMFWcs0aGBtjfI3CazCFqZ3kyvFQPQPxtR/LyeX+ffbeUqtiRPXFit/Du0rgcT4BJnjwgVnOnfkU8ws9vIrFvuvvCb/K5ghWPErpqqaLdQ5bGJzxJFKHwqtO43yo+wKQ5zmtdjuON6EwQWGvVBgxay3ROiEvcqzxZJ1wbkoJbNEItR7iMQVlfywsLT0CA8LgZRfh44i7bkvqVe0U4hgivqsLU/SvlBDIyvps8D28vC4KhONoN5q0WwWttsILh5NRZ+/KJF2PsTkezzu3vIXrr2uhdIP3feCH+Dc//SNce32KVIKss4mFhSk+9Xdf4+P/zz9y5qwHQyiuvVqfXNosxu+9W5bB9xLEauOZogjXa8OGDfzCL/wCd955Jzt27GDdunV84hOfYPfu3TzyyCPcfvvt3HDDDfzWb/0WX/3qVyuLn5JEqJMAP/iDP8j73/9+ZmdnabfbLC0tceutt3Lrrbfyuc99jjNnzlxRHQApJc1mE6UUSZJw6623kiavxmz1YbweYkgADGMYwxjGMK7KCF6+okqZ9QN+2stDRBDIveIKzwDQXXqK6IXsq2TCzDROUOsa5DiTDt48K7YhBrACT24MSZJgbYHUGqUUubV4KclsAdLT8pLElcRKbWD7ImazVwRI+/7VqJ9KPb3WOTnw2fL9XMn+qrKsYiXg7kpJfvRwrRTMcYVKwRQ2VFNd+xfk5dm3aqod82qHXi5XB6PLEKXNAn2A83n3/PoL4YmEkaf02vc+TsKFxjtf1QdAxNT6eGNrvwZ7CMrbFKpahC9kpYINBSfrfVAdtI5A/Ar8f/CvK+uRQiHFah/x2Jb3ays9+FefsAoRiDapFHmWrTJZL9crQfsBCo+yHy73WY9LFbdbWaOlRpIEBiWodgceE1/9q54lKZFCBt90IUjTFN/LUbIkCj1KSKyPcJM1iBLotXbgTIZxFYUQyERTeEfRy3HGk1tDnueAJy8KrPf0ej10Q5GgK2LOWweuX4C336sL/n/23jzYkusq8/2tvXM459yp5pJUVZJVkizJ8tAI2ZIlbGwaGyPMZKbAAQ7c79HN449HBBAB/A8REK/fi0eb6HhBAEHYDQ4CkI0bbEuNwbNsl1SSrMlSaShZQ6nmurfuvedk5t57vT92Zp48996SqiRZqpLPpyjVqTx5cty5c+/vW+tbAVOLgfGhtY3ntkSrL5EoKAmxoKdI7C8Mwmw+YHW1QEslk4Rh8Gjl+cd/+Ad++F0/zOFnn8N5x8pwFRTcqWMYsZgshSTBqWJ7KTY4XCOkt93JhUQrdw68ET9FCAbUEO2CmqGLgFew1uArhzOQzA4IieHwQ0/z5b/5DL1TFRf1tjHb30R1+DT3/f2/cuS4Y+HK3Vz5az/Bjh+5nvzyXcxefRlH/+0JShv3K5Ki6jFqsMFEYlbj0x+iRDB+9uvjUY2E4vLRo8ycOEG2PMOSBrK5PkmTOUZzah0bxwbte71R61+PaO6pAwI+KFmWIBLt97wHo+NcSG0HTt13RoPa3FItaMLqMjz6yLOoHxfGnoSs3wTj90NjhTMzM0NZFCiKNRbvA85VGGPJ0qwes5n2HRnCuMZI827xIYp71qa1xUwUy4NXhHRy76G267KWsirjmCJ1qLrYn6giWAhJ3I4qeS962jdFa5u/RZtjMTFDSZrjjNcqChSGqvIT71trLaLCyunTZNkIYyGxJoqlTVBCc34hvms3b8q48Z27ed/738/b3/Fmsp5HZIQBskTYtjnhlz/8dsDzsT+7naUlX3t/mnUvzgm7w7WtpTPObwMVOn/ObU42vlfBxzndO97xDnbv3s0dd9zBxz72MZ5//nl+9md/lptvvpn3vve93H///Xz1q1/l61//OlVVtVkEja2Scw5rLe9+97uZnZ1l79693Hnnnbz5zW9mMBiwb98+jh07xj333MPi4iKqyszMDMvLy9E+rh5/rP3TtKUm+l9VWVhYYPv27dOBxxSvGaYCwBRTTDHFFBcM8jxFoC6kVEIdDQ+TESZrB18i0O/3WV5ZJsuyNmLkfIMCaqSJKWwj94E1Yc7NuW5AEHc2pgIOCL2UFZTKBPJEMXgWyyEjA2+45mo27djMc/vuA+fbaKu43XOnls81/X1tnBisJ/a997EAWgiRfn0JxH/E+Nq1l/IM63Viq9b8vnvQMpGp8XLQEpyq7T1fOynqRlOOpYwNNrTRRX0do6Hd17ZWaxo7ipqk1jraPYnqT2MBo3Wh3y5P0VIV2twTOqpAU1I2EIv6NkfQ+bvNmlGoC/+KBtpSep37c663auNWv77gLjQiwBm2UB+3TRKqqiJNLRJqu4GznZBLs53xs9UVAzae2DfXp9OtdTbXXuvQuTY6Nh1pD19jxkUjDHofMAJVWWL6piX5YqcRYvYUirVSR2yO78n3aQGNCwIbFZKG2qYHpShLQhWi5ZNAYhJ8iM+2c440j9G2WZqSJhL9tenUjWnHCc27oWNZUTfQ8TijJp86fazW641GBYnJSK0yGo5whWNufo4dOy7mS1/+Ent27eb4yROolWgnkWcoAavE5w6hR4pvdl6/CdZHU5/faAtu05B/8ei90NY0EK0fS42CSowFV7wV1Mb7qkXFYCjsYg45fBpWlUuvuIy3XbSXi48d4eS9z7H05W9z8XtuoMyUZNscq1JRWYsJAbGKVmMLoAlhUwTVWHxFTIzcbvq8JE1ZcQ5JE7L5efJkWEeQT9Yaak5QZT3B+bqHeMCBVNi0ogolGhxVkdDP5puVap647tVf8LLUz2QYj+e1CYBZt+ZGQgJUlWuDgbwP5HlG8IGyqsiyDOdctI2r77kh+tx773HO0ev12oAiqO+jNBY/BnA0Q+LxYcWxgaiSGENVDEmswaSO2QXPZZdfzKZN8zzxxEGefuow/d5OXJkxO7uJE4unYnFhYyiKIgYsEMlianK71+vHbKF6r6rKqChascDQFASONlUhKEliWVlZ4fnnT3HxRZuiZlV3Ic0QJj5zwuxMwq//+s+wa88enFvGSoKoh0pJEYJUYAMf+MBb+dxnv8G39h3C2E3oGcJONmz7dQfQfjOxiq5d8KIQMdi6Dx0MZviJn/ppDh8+zD/8wz9w4sSJdr19+/YxGo244YYbsNZ2ruO4Px8MBrVoHIv0/s7v/A7PPfccMzMz7Nmzh36/zz333MPHPvYxVldXGY1GeO+55JJL8N6zsrLSbq/507Wkbd5dTWHlsizZsmUL27ZuO2NwxBRTfK8xFQCmmGKKKaa4YKAqzM3PMzc7AzJHYhNm52ax1tYD/xhdsbCwUA/iG5JJMNaSpAnD1WH0AdWNo2Ffc4jEABtLjDCsnWvjV4bW/EfOPKFSwBlDmcAwBTeTMbhoO5s2b+LUI0+gwxK7cxM2sTyy+Dxv3bMF7WUwGo63oeOB+atRfrC1Apog9+I/nHPMz8+zvLzc8Q7feBtns+y8Rz05i8TCGmGLzoR67c9evSM8/7COSdY6Uhdi6n0Y/91MvAKgSggelcn+oCX8QkMOx+ehlY/EYBoCWqj95rUWFrqT2rV/10JFqxvVxPM53LzIDUrnuBqyAhrbori4Tr/vbrsjTDRHlFrLcLRKls1iTIySJ+lGONL+hta4o8mG6B6+1vtqCNszW3RNnm5or0f085c1GRMx0lY2vK6AxMLjqg4xgncVxkRhQCASfB5i8V/Fmhjhrfjoh/yq9HBTvBysEwGIz1xqLL00ixkl1qPOkyUJlXfYAJkYZnt9enlOMRyhauO6HRFgcqu2JoNtaxMT7c01JtxJ/C720a72t6/bp1g0xILEM7PzuDDirnv2s337xZRFyZH778NbYaUqSHoZmqeUIWCNYo0QRNE0hsh3o5PbYPILqZE2/fEGHYAhkvKJg2DBq+IlCqPGGCQoRoU0z8n7fVgcceSpZ9gqN2DSjFWtOPTss+ycmWfxmaNQBpg32Pk+halwxpAS6z5oOe5PTIiF2xsTMcGPL6lQ9zlKVVWUpcQiw8GT5z1MmlAMh3UB0snxSTfq/4Icb7wEBAQRj5gVrnzjTj5w67uYn5vj3/7Xg9x95yP160HrrMpujR6pxYPmOjW1XmK9FowDFVRSlGT8ltqo7ct4fJcktc2PKsYIRVFSVRUipi7y7ZmZiXY/3gdC8IQQcJUjy/P6N0VbqDWiK+rXn8eKNOOXVPzeOU+awGDG8GM/cSMf/si72H15jqAMh8JDDzzD/7ztHr7+pac5cfwIWRoLFhfqSNIUF6vV41zMbrbWcHp1mSRJAcVaQ2oMNkTRQmuhIoSAek/QuhBvErOYPvf5f+WNV/8M/Z4ntfH9FzMFx1afNkm5/LLLCUEZDGaoyhgRL8ETixxXILBpfp7LL7uEfd96biI7edwnj+clZm3gijRtILYDRdAQCNKR3ifGKDYGFWxgudi2v6BcccUV7NlzKfv27WPbtm3s2bNnQgB45plnOHDgAFu2bCHP83aOCON2k6Ypv/Vbv8XS0hKf+cxnADh27BhlWXL33Xdz8cUXc+TIEUajWFum+V1VVYxGoyjCdPrqcW0Di0gzJhQEizGxYPPMzIDNWzad8dymmOJ7jakAMMUUU0wxxQWDfj/nj/7oDxmNRjUHFy0fZmYGBI0pnX/0h3/IiRMn4sSjMxez1vLY44/xZx/7M5767lOv3Um8CEpX1d7GSlAQQoy2qQMVm2hD6AQkKzT+OU0RYIfndJoy/+Zr2XHdNfQW5lg6fITFBw+QDlKu+an/iG6ax4tBTy5T3XuAHsOJCaxqqItxTg6a135ei7PKAmjndd3IueZ/kwKEqaObmvPzzrf3e0OP83py0xQNg8beZ7zjM3mYan0gZ1dAejwh1NAUYN5gu2tmr52azu3v23u59jTW7rM5lwuJDPoeY+I6ibR0g00SimIUo900CgKuJfRrQaBJvyeGp0pdJFLryHbVGFms6rFBak5L4zpN/QWti/vWJIGpb2TMLGge3LpwpGodRUyHHNN1baQ9t7XRci3nMH4+Ivm/9rk5Q+tpIpqJrKLUga82SQjqSfIeVTHCJEmMhqyj+5vIyDipbdjIRjR5qZFsSueEGBdNboTH+Dm0UdqNcNFM5ANN7QZjLaox+hG0LnQYSeJEJJIfdRtAA2KiF3jwDg1+3fM0zh6bPmjnI0RAvDLIeqRqCElgJJZQlGTGktuE5apkkPZY6M1gU8vhxVOQZu07VKRj3aZCVXlc5ehlCU7AJBYf4rPh1cWn1BhCMLhAbcMVnz0hUA0rEpQjx45zerhKMJarrr2aHTsuxjnP888+x5NPPIZag7dCJUolARcgMQ5bCwtGTOv7HU/2tbrKLw0NEaZItFGp+18rggkahZkgJHUJkWAEDVGIrEIglA5coD8/y64rLiU/9iTp0gogJPM5W35gLycee5pTaunt3gQJqK8IwcWewwghdOjGbsC4gppx/9K886MlXBwvWBNJY2OiCJDmPXykvOsNjQXbuooIqqHuH+XCE2vOGYpKgWGFzQP4jY/8FJe+YRaVkku3vZO+rHDX3QcoC4uSogRqBbYmdessOO2+Q7Qe39rOuOhM77KmbzYx0Edjlmgk9CuMtfV7LT5HIShV5TDGtuNI1RCfM2vrmgBN5DZtcND67Lnue25cuD5+Y4GCNF/l537hvfzKr76bTVsN/bTAVYF0YLjxhou4Zu/7+dQb7ubP/7//yWjUJ2gPYyylK1FjEDKsSeO7iRFJmrTCUuU8XutshE77akQNMYIxCaqeEDL273+II0few+49OXlr7Tm2sozBAgavFUGVURHt8uKmLaI22vA1gSemIEm6OcJrECMTaO0Uo6KPc4rXGZAdYCq8lHiabMh6jK7dB2bj+YO1CTMzOW9729uYn1/gkUe+w/79d3N6Zchv//Zvk+c5P//zP9/a8oQQePTRR7nm6mt43/vex4EDB3jkkUdI05QPfOADHD58mOuvv55f+IVfYH5+nv3797OyssKxY8f4+7//e1ZWVvjwhz/M7t278d7XmeexYPDhw4fbNrL+IvQIXuM1FI9IjzzbhqHPaHiY7dt3MDc3d9ZJllNM8UpjKgBMMcUUU0xxwSBNU2699cc3/K4ZqL/7h989Xha6A0nhrrvv4q/+6q++h0f4ciFUvibBTCCoYOsoRW28ShuSTMdE+9qBpApIZlkxgR0X7+KkWhYPPMOz99zLZrVoknA6lPSNUBYe4+yaAXhDbtAWOTxbnAv533yMXGijbtRRTZ2ZV5M6a2wUQtI0xYfoIT4hSrT3ezxRH2/nVchiWHOtxrYRXRGgc7yd3250dCqNB3qH7K2jmKZzhzXQLqHTEDmCL6s6Ii1gOqR/81/r9S3j6Xzj7U397IXgkRBa4ijurykorHWbbSyEurVI4jZkYr26XXSj2V/gkVkXvD/xgfH2WgFi4w0267R+HM3ZaqyF0BAhSZpQjIaIanzefNzeCxPhjShwtkJAqCP2x0RcY/BjxvTE5HmMtbyW/IfmmYt9RKijP7UVABSvHmsMtpZoRBV8jECNllAOIUxYukxxfmHjQtaCFSE1Fo+Q2pS0b/CDgoW5eZLEkpo60lzBFUUk+61BrMRME9G2zwg+cPe37uLLX/oyg16fvNcjn5vDK/TzHlXlUR+FozRJca6iKIcU1ZCyLCnLgpWTi6gPVC5w+PAxZuY2URQFh48c5rvffZrTS4sUxQgSQ+VcfLebpr6NkthIOGtNXo0jSln/kj8PECNdJxa0z7LBxCyJVgyImTZWhTQISYhigNY2fLpEygAAIABJREFUbWVZkojFVyXLR48zt3sz87u387YfvpGD9z7NiQNPwoFnSW7YzXX/+4dYvPpSdHGFzTe+BebAjjzLx46RGIvUuvy6mkG1WNN0K821bURdJfq4K+M2V4yGyMhicotNbF07Ip5sM2YR0/jIh7Y9dUWC1xuCBLKeQcuCm66/jr07B+ThJJIXDHam/MiPXMqDD99LWfaRkAOCmlCL342s27z/OiS7jjPK4mrhRS7heBwUQqizABK8j4V+Qwj4uv2lafRfn5mZYWV5mcQmeO+pakGg1+vFLeq4lk6beVMflKxt7HHPzbeolrzlLbv4jd/4EeYWAupX0SoWu27a3JbNwkd+7e0snjzOJz7xVTLp42v+2yFALFYcAxSEaDHYtTNt3uOT5LOxMVDHq6eq4paeOniSu+8+wEU730LI6kyY9tC7xx/aQIDxODWaZqmkgGFUFDx/6CjWmnZusBbj/kDaz9H+Jifr7aY/5ymrRTQcJfiSmObcrW32wnCu4tZbP0RZFnz6U59meWUZay2VV5544gk++tGPctlll/Hggw+SpinXXHMNmzdvZu8Vezl48CCPPfYYVVXxu7/7u/zKr/wKf/M3f8N73vMe9u/fzy233IL3nueff548z1lZWcE5x+HDh7npppvYsWMHhw4dwnvP5s2bmZ2d5cknn1x3jIrBhQFOe2gosTZlZmYLCwu7SJNVquIIF+3cTZ73XvR8p5jie4WpADDFFFNMMcXrAhvOjzsLdQNO6VWHOZMn9hhN0LrWkUhtcG87UH5xKIERJf0058mvfhXNZplbmOfKrVsYPblMtbzEgU/9O5VNWF6tmDUpF9d1ETYmW84NL/b7bvDzmPyLR77Rb51zdVRejgFmZ2c5evTo6yc6tyGvta6vNl48ccsbYkHUtBHf6zbEmh9936Am/tfaMcjYwkfq5RCQoBBqEcBoSw61E+Bmgt31968Lgdbz70hih9CSSjFjhlqgGUc2NscX7/GYtGjFL5QzxdWNyQidvK1N9OS6wLnuficlpiY7QGR87jEzAZBIOAb1sb548C05GQVIZVwSpCHgTXfz9fE0Ucsv3Aalo5OohHhdWrGruS7d89i4vZu6QKK1gmq0L9AQ6kKv9XZFGVOQoRUNGoKp8XXvHvPrpm95HSNGrRbRT99F8Sh4T1WUlIVSFiVlWRLwZIMUh+IJ+DoCuXnqUg30egOWl5Z59OFHmRvMEFRY9bHwZ7/fxzutiWXB+SqSW4lgLCDgg2MmSXCVQ0zCju07wVieOvgkqsJoNCLLcub6A8pixIqro5WTeiquilEgKBbBIm29G62/v5A5ZVGwCEl9btT9pNdYG6AySmotWUhYOXoCc+go/qJ5XOI5tnoav7jC0v4HGOzdTLVzBvuhG5HgWZKAUDA6epgD9z7ANumRqiJBKJzH2DTeOxGCCW0fY87Yp8Rr7L3HV45EY2BBUZZYMaTWEsnZMF65Eyne3quuYvk6xOpwyELf8Na3XQ1SABWCo6iWecMbtnDF5du5954VglogrX3ymvefR6VqJdwIGY9p2lewrr+EoaWx8T6QpglItAAKIcTsYLS2zXEkSYoqhOCpqpKyKEiShLIso5iXJhhjarsg6RSPh0an3/hd0CXKA1AxO5vwCz/348wOBK1KjNGJYZoShb5+Jvynj/4YX/vKYzx+cJWYwhKfeCPRCkkI0R+rFsplrNufGbU40B+kpGYbK8uH+cqXH+Anbv0PuKoiEUNbT2QiDdW0r76mX8RWBA0EEQIZ993/JI8+dghj5zBqaeozjO1+Nj4wxeDUIGYzWWIxsoorBzh3guAXUO2hja1gnV2o8TZPjIVFhCRJ+Lu/+7uY6eEcvZpEd6HigQce4PTp01x//fX80A/9ELt37+bQoUM89NBDXHvttTz33HOsrq5yxRVX8Gu/9mt89rOf5eGHH+Z973sfw+EQEeH9738/y8vLHDx4sL3njz/+OKrKb/zGb/CZz3yG5557jre+9a187Wtfa8XNSRhI5uktbKMqS0IQJN+K9LaTJScpS8vWrTuwNuH13kdMcf5iKgBMMcUUU0xxXqMYFXz7/m9z6NAhktS++A866HLJSZLw4IMPsryy/Aof4Tmgjk4OIYynnmt5vYb2aiaRtQigzWSkVgfaKWYTTMw41V5EyKyhqhz4Aj8URstDhn7EfIBEEmwFQwObLtnJZTsvpnzgO4irLU/OYPXzYhZAZ1sQt7taQ8Y1xRjPJB2EEK1a8jRj586LKIqSpaXFsWDxCgg74+OvY/l1HGMWr3NDbsbPZhyMxUspmFzvKn5u577ri5E28VHS3H/qH7arvZaq1nmGOrq/mT12nyOaorDa2MjEIr4SFEwTbduQO5E07lrqyFp7qvq5a6x+pLNuM2lvH9IuwT9Rf6Tr2b/hCXW+W/N5Ahtsc+KyjCf8TfRlE60qEiN2Q3CxHVsbbXFoJqkR6zOBJov/njua67rB6XS+Xy92dX+gNQFkqVxt59Te6yjERI//5p41bWFMqkwrAFyYCAIVgTLEqFecYzQaghiCekZVSeEqilAQ0n4s2S3xT/uEiOK9p/AFvvLM9GbZNLc5FpQejajKQC45YgWbRL/nEDw+OLx6NHgCARMM1lh6WYZiEDWUhQcruNLTSxL6JmW4uky5vAKVQ2xav0cMVmprHGPJk5Q0SdvCkQ0pZy5wvmiyCG99/yyMJBBSS6WBBChWVjmy/362XXEpg5XArEtwpyq+/cnPc9VMj80/fiNmU0ZIhKwAOXSSr//lpzj0zQfZE/aQeU+IPoqIlbb48ITwp9BYoKxF4+tts4x8ZgYZ9Bn5glYUZszxtxHZnf6o1TFf169lpd/P2LZtDqFAcSiBLBOSxHLllbu49+6HKMsKk4CKktu0rqVRZ22xNsZ/fU98dpdQ8M5RlGW0+fPRti+OyaI9k7UJ1ljKqsImCUmaxgwB5yiLkiRJEGPazNJxIfu4/RdCLCZcsn37gKuvXiBJBe/Mul+JQmoSrDXML1hueddbeeiRL5D2ZlEPgsH7FZI0iW+s0GS0Qe0H2pzuBleAtmB5WQa8WNTn3HvPEzz04BFuuH4HaNkOOttMDFmzDY2Wez4EEIPzKZVLue3TX+XYSQ+a4cWcU9suHYyqDK9bMHYrWZYx29+GlUbmdCAjxuOJ9e/98Rg/jtPyPBZ13rVrF1ddfS3vec97GAwG/P7v/z4f//jH+cQnPsGjjz7K29/+dn76p3+aSy65hOeff569e/eyfft2lpaW2LVrF6urq1x//fX85V/+JQB/+qd/iojQ7/ex1vLUU0/xiU98gne+85188IMf5J577uHOO+/kmWeeGR9XB6pCmm0FLgUTcJUQZBav84TgSMwsF+3Yg5HGqHKKKV59TAWAKaaYYoopzmucOHGCj370o3jvX0IW/Di6SCQWBlteXp6I2vieF20bh7LShNC2ET2dYByB1qu8nUpq9EU1Ld9Y01gynippHeE6/iyo91SrJaGXQ5ax6hWx8Ibdl1EeOUoInoUdm/mhW9+HvXg7z3zrHvyBDE6vtFkH54punQB9kdmvTsxlwsS50qQXy3gSZmt7D+89ThwHDx5ky9YtLC0trrF5eiWgbSRVl2/ppoOPP8vLGsKvpfnXN2+p24XWVkxjIcA0x0odgX5mZ9bvO2hNcrfPWahJ5jrqP/LAjRAXEBvvoojUE2LtRNs1k1FaQaBLpo8flqaugLZtuPvos8GSsX7zQq1INl5nw77wxVvjmASrNyORHI/e5nGzSWIjiaKhIzCuO/yXj0ZP6+gak6el7feTOx4TBJEYDVhrKatYKLGJlG6fzjaLo3lOOhG81M9yS/hcwAzr9xECUKinIuATITioXKBCKSWQ5RmDzOISYThcZnF1BZeAR2OxXRlngiRJAt6QSII6xReOfn9AVVQQAqlTJEQPewiI86g6UIckBpumSJKiZYX4mIFiU4upPEisUyCqJE6ZtRmDmXlGRUkhlsIreWbJkgyjQi/NyGxCaizWRBsdeZnvmfMFiuIlRvx7A95CaaHKLWITisUhhEAvyTi8eIz9n/8KvVOO3qllZoNl9bljfOOvP8PgsccJe7cyt3UTy08+w+F932bx3sfY6y/BjjyZWlwAk8S3ZpBYZDjUSqPV8IJmZc45RBLSLKNyjvL0MulsTpqkqHM0Au+4L+300a+HG/UiEI1j1V6e0OuByggo64Q0ixXlyst3kSTfIU0CQZYhcQQsBIOIBUni30zaSKmuJc43En8jmvEyKFmeU7mq9WqPgTbaFvYNIdaMMiIMh0P6/cbyR0nSWPC+qQHg3fqaMGe8FvUAXkzJ7GyPmYGNtYybYeya7agaqgqynuFNb97G1q0LnFockVjFJsry8ilKdfR7A/LeHBoSXBnbsapORMVPHEdjFVYX2w1BsKbH4qmT3Pn1h/kPb9lDmsQcqNaiqr2itRVWUJz3iBHE5igpwxXhv/4/f8v/+sK3cWxCQzL2+D/T9eggiBBEcJqiGCAlTRIG/W30U0cqKwiL9dqesSA3OYdQBV8XRxaJAUGqcNNNN/Hr/+X/YHFxkcXFRQ4ePMif/dmfcfr0aUIIHD16lGPHjnHLLbewf/9+Tpw4wdLSEm9/+9u5++67+ZM/+RNuvfVWhsMhd9xxByEEtm3b1o4DnHN885vf5L777qMoCrz3HDp0iCzL2jHk+Bi1FnT7BDcPPsGSksgMQo73i1gZsG3rxXQmclNM8apjKgBcgDh16hSLi4tUtV3DFGePNE1ZWFhg06ZXpvr69F68NLzS92GK1zec9xw+fAignjCcPbrkvohgGoPX1wrdwn4dNJ7uTdExQ3fi8BIO2Fg8CcOZGfb+2I+SXnwJed7DPXeYR/7xn0hcxc6LdnJi5TRzR4XH9t3LtuUheTgrB/8Jsn/dd+ca+nYWUY3N5MZ5hxVhdWWVNE1JkrQu4MY5CwEvVwSK9RigwxS/THQmZTW5EDoEcxutjWDEnvt1/n7AWDlryf9GUBv7xjekcC3ytIV64/UN9URb6ohbrzFQ1LY7kDXEv2J0TAhpLdNF0jqMqbt11lqTos2ZilKf+UTPrc1N+ObX2TZxS1p7549FOEGifU7L/sdI2ba+gtLZf3Ms53JM2vmzdjkT301qDnH5xLL6PIyxqDqstW1frw0p0hBz2tRtqPspCZhOlOGU/L+AIFDiKYgiQJsJYJRQDJlNDSIByRMS6TEaVvja/CcgeKg9rw3D4YheMgCNNj9WLFaFXC02Ueb6fVKbYNTW9UAUFxxeA0E8Dk/wnpnZBYKL1kRJmuOzWLizHFXM9HsszMzGdug9w3LESefRsmBhZpZeNmBldYVETHyXhU4m3iv2jnntEOvZxCwpL4ozEKzgEsEMcnpzc4QsJ3cBg2P3lj7bLnsDxw+fgksuwS6WvMEbTiwvcswrp58+yrGnD5MsrbDroku59sevYuFARfGlp0jIcMGTpymrVUUiQjB1lz9Ro2WNBF93YbEmhMe5irTuE6uqIjExIyOekLZBG7GbHIvCjUj8es0sEiBLU/I8YGyJMQHUocEikiMmYdeunVjrSNIhe/Zu5U1vuxSccP++Rzl06DRB+6hG65sJ7/+1aFMt2gXdL9vrXhSj9t5EAceQprGQs8jY1mc0GpJl+YSebq1FNbTiQZrVb/uzGBcqjUDtyHoCIoyKQJbEOjQbI+BDYOvWefp9oShh284el12+ib1XXMf8fA/nAwcfP8aD9x/m+GGPK9tyPNHAbE2foKp1mksCIQPKOHAxGZ/5zFf4xZ9/Lzt3WBCHaKyN1YgJrWufMaTWMCo9w6HhgQee4+Mfv4OvfeNhimIe1T4qtlXs152eNOP/yQukAYIGPA4rGeiA4Af0MoM1x0FXX/Q6r0WsRRD41G2f4q799/LEE0/wkY98hFtuuYXRaNQW5H7++ed57LHHeNe73sVf/MVf8PDDD/PHf/zHvPOd7yRNUz760Y9y77338qlPfYqyLNmyZQtpmk5YL1prWVlZoSiKaD3U67U1Wja4BBg1JD4FPwBNSUOfRBOMJpRFYMuWLRu059dnXzHF+YmpAHCB4dSpUwyHQy6++GKyLHutD+eCQ1mWHD9+HOBlk8/Te/HS8UrehzPhk5/8JLfddtuGRXpeK1x++eV86EMf4pd/+Zdf60O5oBAJ3lcmXdL78OqTPA3Z1ljc6Nh+oJvRGyeT8TwV6vRlHUemnuMAMct6FCbhsFHUF2wn45nHDlCFQM8kfOfeb1MdeJStW7exe9M2wslhJ+a9c611PKh/IQugceR/fUYvNHmaCJRr1pX2n/Hv7uRGMAgawKtiEsvp5dPrChCu2wl1FLBOLnlhnPn7tYJSXNZsORZZUyUWm6zXP9v21jgJxOiqLgHa+a/lR6UmKpqjbdpWaH/x/YQx/dwIJIJisVZigcba310xIAaRDBMMhBEGV9fb84hkBMkQSerUew/eIxowqog02TFSCwcgDaU4YS3T5OpAS1I0QgOxPTdHHufxuuHzot3nYs0zuX797r/X3H8ZZwlFG5Em2r0+gpoQ0GBwqogkSCiRqiIgWDEYwDeiQCtUdfdTt9kmqk0nn+cYxdzpRzoigrbXoPPUtqR9PFUjtTCq9bY11sKQWpARMW1X0lgxGV+RpCnex/tifcD4IgrBpOSpgDhIkun8+wKB9761qVCjOKOMfElwJc5XpNaQ2xRflQQNlNUQrw5MbdWhltTkiPRiVqGx9Gd6hDJQeY+xFjEGlUi4uaC40jM76DOb9dHK00szSlexPFpFU0OQwKiq2JLNoYlQVRU2ScEIR08fJwwLBjMLLPTmSExCMRqRkrJSLDEjKXNJnzzL8WWBqMe7ispXdZuMT03QuobIedROY5YVyJquqOUmG2G0FmMTjXUARAQ1QqUBNZb57Zvo796JaiBUDiuePAs4k7B15MjTHn61IAspVwaPVyEkCi5gS08iBirhyMfv5LEvP8GJPugokIdAUnkSk8S+xAiCJTTFnxn3Oab+g8aMw16a48qKmTQlmckZhYLCVeTGknjFuIBxCkEJJkYki4+isdXIab8EV8ALBmIEYwNQIgSQWKzWmAo0MEgtOc9z3Vuu4Jd/9V1cdc0eyjLlyXfdwP/73z7Oc0+vABkamqCe8Titm8vYfTc0S5p3a1DFqmnfSd77SOKbuE3vXLT18b6uE2OZnZ2NdmHEsZZNElxdCDh4HwUda2sRQcaCTwchdAoF11kPhJyq9FSVJ4TYRyEb5O5INL1BAnni2Dp/mrdf/0Z+5mffxRuvuYS5eYup287KMjz5xHE+/alv8k+f+Qb4edTnCK7uFRKon6cQlMTEzD0RF8VPSSmGnkPPez77+Qf4lQ9fB6YiTTIIlmA0CqEat2FsRuUsBx4/xr/885e5/fMP8vSziyibCJqApuNxKhvoks34taMOxHe2IpQY47D0EAyGBNFZrJSEcIzxEzgeJ6y5bBNLnfNQBy88+uijHDt2jC984Qu84x3vIE1TyrIEoCgK9u3bx+/+7u8yMzPDqVOn+PM//3O++93vEkLgnnvu4ejRoxhjmJ+fb+95d9zuvceYKCg1mSRlWa6bAzV2imW1glBgbB/nowWZsw7cIipLzM33153fFFO8mpgKABcYlpaWuOiii6aE80tElmVs3bqVQ4cOvWzieXFxcUr+v0S8kvdhI3zyk59sU/v27t37im//peKJJ57gv//3/46q8uEPf/i1PpwLBuNB1rnPfNeSr69phGc3kKkT1Q3UKdWxROUEldlEsG7AAb7o7nwgSVIuu+xydlx9LYnNWFiqOPidpyiXTrFl21YqgaRwPH3su2wphqQb7Kh2wz/r/UpL3p1LNHBnXdngcycQ0ntPkqZ1YWDbWfUM++ts/kyaxMRvXwbL0rUJOlu0+1ZBqIv7bnA4NdWJjJcSG1QjFjTFbl/HrMMZ0Fyjmi8DsRgRjDXjrCFjYrQ7Jk5kgyChxJgSsBgsRjICWZygGqmjfQPiPWjA1ER5U0pPmwj/bhZBE7FIV0rTsS2QaSa4QqQk6+f9jO1mo0a7cUOWDT4160ddqbOfjp+VSiTQjUlqIsHEaMPSRT/iOnvBRHWrs/mNegadeOa6NSsiJ9gVO8YCwOSW4pKuAGLp3F+VaBWhob6/BmNsfb09QQNiFAklueYshwohEnMSRrW4k5ImgpgKbLv1Kc5TtPZ2qu17MahHfUVwFdTtMzUWQSlGo0jMl0O88Xh1iEBmE04dW8JdCiZJCdayWlXkSUYQJUhAjbI8XOV0VZCYBJvnLCxsYnNvBuMCi8dPkmKwQfBecF4ZrVaMfMlcb0Avz0myDIeSmiXmB/P08wGuCnh1rK4UMXugcPTzlEGSY9OENLGUZYHNE5QApuln1ojy5ymExkJNEB3bs8QlkASDVYuKoGJweFCDiuJtQGZSUItapaotZQbzA0pVitmM1aBkJmdgE0wFfjjC9GYgtVSLQ4r5hFFmOJkEcgd9gcxDSryGopGMqzVDTLcWiI6Fc1c5jAh5vwd5jslzsqCU3uM0kAQwXjG1DUljN4cPkQQHgol97fkk2LyS0OAI3qGhFqo0CgAqAaMls/0BO7eVfPjnfoBr9xpEv4tJN3PlVRfz4Q9/gP/2p3/HcKVA2ncgRPK3E/jR/SDrlkbrLhTvA71exurqCtYm+BCifRagGmrBF6qqRMTgnas/S7sdU2d3+BAiwW82ztaFOGZrRIPUZPG8Q4+jR5ZYWSlr9ad5w689nyiWiHj6ecl//k/v5z3vuZE0hyQraeQPUchnYf4tm9i9+8fI+sInP/l1RLchUqGioOP31jiAJG4bIGiCLzOGw8Dnbr+bD37wTWyeU0bVKmk2BwhewYQUsQmlU2677Zt84uO388zTnpXlPsom2pNpg0u69YPGwQxtcERzw5r2L4qhRHCINBZcWl+dFMgQkigiIWhwZ2p26+5DCIFer0ee5zz44INtcGHznfeeffv2MTc3xw/8wA9w++23o6rccccd0VK0Fnoacr+J7G/fM51MgAn7x84xTC5QvFvEyxFEEoIRnEnwJhBYxGSrpJl5SXOFKaZ4pTAVAC4wlGU5JZxfJrIse0Use6qqmt6Ll4FX6j5shNtuu+28I/8B9u7dy2/+5m/ye7/3e1MB4Psca6fyQWP0uJiaaJOXJ1aIKhZDOHGaBz/7b9z3z19hc5pjT5yExVUCgWzHAmViKBV2X7QN98ABOBULJI+j2juEPrA2AyBMFDMdn9y5WOqsiyJ6EXjvyfO8jQTtDtDPBc0EBmIk2bnie2fPECdPAdAQ5Rcj2gpCBoORQGjztl/BXV+gmLwEDekUo7jE1DOtZgIXAhpi8U7V6Dkbo/htJIbbyR8t4RhqEcDUxe9i29G63WgnP2lc/0La5ycSTKEJkw3xf037MXLubfecodpG6eqa5araRtZHESCuYY3gg48Eh1GqEKLwtsEj/7LpSQlr2J414gmh1hVidkWXWGyii62N1gTxngWM0UiyBo96Hwni2guaUBdtlo0ljCnOfwjQx9JXg5qEpJ9QmRIJca5UBUepFStuBKmAhYFkuFHJP932ab74pX+nPzNgYWGWrVu2MDOY4eBTBzGpEOqMARLBEThVLOGPlRxPclIxzPVnWF5eZbFcZnZmnsRmqF9lsVjG9BIGecpKucqp5SVWQsHmrVupcsPp0WmK4YiyKMiyjJAYxAhV8HgHlfd4iUVSx/ZyNdbo5BcaVKASJSSRH01NtM8hKFp4Vo+cImQJxgLBo1ogzmI1gWJEb9DDiVJpxercgHxuBtmUMQoe50q0WMENR/TVIi6QNNHbNmZzBKIf+fjtoO1xqcaCxLbWLpPEsuo91hiGp05h8hmcDWBjhDKwvi75RriA79eLwflAMaoIPsWQYhjG7EwfEOPI8sAHf/JHePNbrgKzTKC2CdIh1//gdVxxxR4efXiZouzGe4/79RYvcA3b9zTg6jm5tRbv/ESUfhdVVcYC24ntbGf8Dh6PAWL28Ua7l1pcaLLapPaOOnl8lScfO8Ebr9wZ60XoJJEdD8fV2YaON113KW++9hrAYawnxuNTE/nx3C0l27b2+ej/9pN85zvPcfddh+KYhu7xKzZJok2Vta3VloghyTJwjieffJ679j/Je39oD3lWEVCcBJQ+p0/Dgw8+w1994h/51l0HWF7JMWYLQRLOJaCkif6XNakvhpgpQh09LxpF2iQbUfqTpHn09n+pD8zy8jLGGE6dOsXv/d7vMRqNxmP7EHjkkUd46KGHuPnmm/niF7/IaDRiNBpNHPcrVRdOJSBmkao4iE2UxF6MNSmWDO+UNK3HmUFR01Zyo+mVppji1cBUAJhiiiled3jyySfPO/K/wd69e88rW6ILBU1a5iUXX8K1b7qWPXv20O/3KYqC0XDEM88+w/79+1lcXASUmZkZrrzyKq644oqJbSwtLvGtfd9iaWnpVTpwxvOZzpiyGxzfBHBL7Rm7NkC3/e05jo3VK3lu8Ksjlk+dwrlAtrJK31WMBsJiKEg2bWZ+do4ts5s5/vjTcGq5Jde6nrZrSbLW7kcnl70UrN1Og4Z8bY6hWSUErS0WLL5y5HlOURT1GLqeTJ5RQOlOMNfSlmda/kKQjp1LwzMrhM5Avi7o0JzLiycYdAhQjRH9Rs04Q6S2PhlXke4e+wYT6O8r1NdEm4noOPocbSK7fPTXDnUh2Pb5i1GDTaHfJg08EK2VVD3aRNzVxPGE9/PEta/vYdt8mw/dZ0vHi9rfnuW9k/aH67/YsG0J40K4a76R+pJpQKS2KPMBY2wd5agIBjS0E/zxVgPjiXtXGeiuJ+MdqXaOvVlnTVHiiT1oR7xoblT3K63JftqIz1inIIxXqjNj4lEquDK2gbqpvI45utclGrLGiqEvCQOTYtIMa1NKFZz3VL5CbRR2qzptxBpDNSwZJLMIhmcPPoPNDT440ixluLpCKgkHj391AAAgAElEQVSDLMeFki1bt7Fzbh6sRXygXB2yenqZalhw+MTx+JxYRSTFmoR8IcevOoamonTLLA+HnFxdQoyQUXJ6VHB6eRl8wHmHrozo5z2Mh1Mry1BA6R35oLfuBSGdPxcyKhPwCYgBb5RUUtQrzz50gKdOHmNUlmQCWhUECSSlMCs9lo8fx7mSRb/K4A07uOFnfwy7uY9TT66G+Srh2Xue5Pj9j5M76FkhUyFUDkQIEgsPB+kMpeoPSi0CMP6+9I7Ku2h5RiwOG0KFCiTm3OpQvV6RJQnD1ZKyMAh9wGOkAhQxHtGCm256Kz6MYo0AQKgwMiTPMt761qt58NvfAE1fcsMOtTWLsSaK097havI/7m9y7BqjvKOne7SFi17yEEV+ayyVi3UAksTifawtUxRFawXUBI40RWC1zvpABEKPu/Z9h/e9700kieDi5aD9IfW/JVYhEQExBSpFjARoTfk7v1NP0BGDmR4/+mM/yP33/xPLq54g0NEw6sCGQJBxRoUSz9WKsLi0yje+8QQ/fPPVuFBikoSiUB5+9Aj/8un9/PsX7+XZQ6dQswVHgoS0zV4429vTvsnXDDOMKMGNanvMCiuBJAksrzzPzNwqaIG2wUR+3N81MTYvcgBpmlIUBarKs88+20b/x9/GbI077riDm2++mcFgMEH+r8XEvINzn9fErMTTuGpI8JAMElLbw+gcLsT5Sp5nF35nPsUFjakAMMUUU0wxxXmOwKA/x69+5Ff5rf/zt9ixcwd5lmETQ/AB7wNFUfDvX/wif/AHf8Czzz7Lf/2//m8++JM/wfz83MSW9n3rbv7zf/n1V08AeBE0Y0AToq2IqCIbWOe8pLGiAZOnbL/yDRx+4BHK5YrZTMApPkl54w0/yHW33IgYw1Nf/jrLqytsrmceE6munfFvE/Hf+HNvWAT4JUTib3SCE9H9a1apXEWeZdHwpk3dPru04c4emJyVbbT8HLeouqHwcFa1AHRM8TSJ8KoxxsxSC0QdwnJ8ZWpiV8JZhiV+v0DH4kw3g0UhpuEror6NII/ervVV1TD2gdVxcd+GuBfMBsR9bcHUmbxL/bvxsskUcpn47Tmw0Xqmdc/Qzprnuds+6k3EiDwikVF/4UJFbi1IjIK0Eq+F9zFjYnz8THwed106nrVPLGuOfSzSILHp1muMt9Wcz8SJhFqM6dYbietFki7ew5i11FhiNUJPvPchVBBcJGBMc72ms/ELDQbBBiVVoVLBeMW5CheiB3cMGoi1HVQV7zx5MqBYHtGf7UMVyPoZRXAIgYsv2slb3nwd77zxJrZt2oz3AZ9m2F5OahO8qxitDvFVxfGjx3jyiSe45667OXz4CN475gazqBeWV4Y4VSpXUaAkNmEljKicY1VLsiylElg5vUKpnizr4b3BiCGI4olFctfKgRd6C1UiCa8GpPbgt2IQ75k3PXbmmyhNxQBBpaBwI8rgGJ1eYeW5E/Ryy97LdrLrTdexfdNmnCo9zVh95BB3/tMXeeIzd7Ltcc8bdAt5iG2jchXGJIgRPDouSzKpI46PUWKPIUnCwpbNuKqkl9g6k0gBD1MBAADvPKOh4+iRRa7du4Vo4RIQE7A2IFIyN58gpmrHMuAwMsQFw/atcxijhA0yys4WUof/q2r9borvbmtNK2RLbQUIMTMoSSzGmjpeJFBVjiRJyPOc4XBInvcIwVOWFWkaLYZa0dHWtQV8JO+tre3xXBSUrZ3hwQeeYmUZ5mabikSdN5WCYDFBUONqvd4hphakJaVRpZrXkhhFQ4U1hp075hgMehQleI3+/wDOezSE2soo1gNQYr0s9T7K4ZrzzW8e5MmnT/PGKxc4cbTic/96J5/4H5/j6e8WaJjH++14k7aCGAjmHIaUTT2e9cuV4AsCHpUlvHpcKFgdPc9gISUoWKKnP4zHuefa5zXkfTc7uFl2++23c9NNN9W2US+Ml5MBIAREhxhRqvI50iTHzMwgIYAWWGtIUvPi84EppvgeYioATDHFFFNMcV5DxHLzzTfz+7//+1x66Z6JaJCGhJudneEnP/hB7rv3Poqi4Fd/9Vfo9wcTRdhEYPPmTaTpq2vdpXWEbTOabeJwm0F2KwLUn4LEQp2Njb5uPKZ+kX0KwQhlP2Hu2j38x3f9IHNk5EdOcecnPkmoRtx327/w7X/5V4Iqaem5pCg7UThrtjcRia/nfkCvIERikVfnPTZJqcoSay2uWp+uHWAi22Idzb9xwFInNpkXnIUYGa/X8p0Sl6/bYGdf68oc6OQyjIn3EOpGHjo86pj6n9j+FB204XOxWGgzna0Jgxj1XkeGh5rcF8GYWqxBwTCRyh5vYR3tp3UxYNWOi3/zjGgr4IyLFwZEQy0GhNbGJraF2COY7mG/2Nm9wHobNQXtPLey9gsf2t0aJHok12S5qaPnxCaIxIyAJEk6D5XQZDWIyIS+IGv+njiWRoQBxt3JZOFkCC35EPcQ1h8/MZo4EiV0ov6Itj82YESjrVFQCA6CJ/pVT8WyCxGtXYNA5PwMIUDhC4bDWMi+rEZgIDcJfZvhg0NdQIJjrj8gSVPmZ2ZZLVboz/R4+403cMstN3HZZZdSrA6xYphbWKAEKgXnK0gT5mbmSZKELbu285Yb3sqN73oH+/ft4+tf+RrHDh/FjwCboyKINaR5JNNW3Sg+78ZDmiFisD2LC0pC9Is3JloAUtvUhO474rV95b5iiHVEophtA6Qq4A0L+SxZPouGQE8FqpLl8jSLZcnpzQVbr9zDrst3s+Way9FNfYJRlh45zMGvPcAzn7+bU1/9Dpe7eS4Km1mwOVq6KOrWfX9Ao/hQj61gsh9prrUhdgubNm1i+9VXs6IQnOP04hLpIEOm5H8LVUFJeOqpw3DTtcAQoYxFnjVgpGyJ96a4axR+KiwVM3MpaWpwPtC1szlXbCx4t19O3OgkSVBVnPNYa+r+I1r6FqMRvX4P7x3eB9I0RUQYjUbked6uJyLtdsqiACA1cXTgvOWZZ47zzNOH2blj6xkunEVIIiG8LthkjeTXDEDVIMEQXKAqFZFZEptRuRGgpEmCKjhXxexYm7S1hnxnv489foyvff1pThxf5m//9nN8+asP4XWA11mMzOBJ8GqJXvx+4vi619m8EHktobYo6pyTAFIiMsJzFFctsbS6xLbZAGYWZC0duXG24tmgIf/XHvPDDz/M7bffzurq6saH/UoS8hprHuBPMFxJmJ+dR3sBkVF9R16G6jXFFK8ApgLAFFNMMcUU5zUGgwE/8zM/ze7du4AYzBkLwcZJQ1V6kDi4/8Vf+kVmZmbo9fr44CFEa4iYEqo479eleH6v0YzhJ4b5HWJ/bRRta2Ojkbz0RJLxXMbDMdoukozDkyc5dvwU/UronVohA1ZWh2zftY0j5ZCrrrsOVkeM9j/YWqRMWpSMjYk2qgXwakOaKO0QSLKUUVXST3pUYiYEjHYKsWZcP44ynrwpGy5/kTnBOp/ml4pO1HjoigU10WwmIqKEOKGe+oVOQCPVMyGPCDhXxsj+2i4GiUSzwceCvfGhqwtxC6rRVoDGLqiOWhdqYrkhuwOMMwLG3v8Tf5QoFrST/bBG0Nmw5OHLuQh1pOr65W0WRL2kESVjlsPk2tZYVKMHdlkWkGYxo6iOtoyClXQvc/3sTRbNi8LA+nbauAF1+5m1xxqTBMbH3fTb8Z8NgR//bSTaMXnvSJJ47CJaiwae1EDpXLynvqzFH0VdrAXRtIGmW5tG551f6GZQjd/fQjAGyTK8MRSjChc0CkJBSFXIbIo1A7xWOK2Y6w9YmJuj1JLTrmLbli184IMf4AdvvB6xUFQjsn5KmiSMylXEpnUtkICIJyBUIQqHq1XJzHyfH33/e7n2mqv44r/+O9/6xr0EhSRN8Cj9mR4uKKOixPsQ2ylgRejlOUajsObrtmzEIFbARFuS7rN0IbTJNjOwjR8GDdr2nxkG6xVcFACsj5Z+6gNYQUUonMNowPR7LOzczI5d25ndtQ0d5PjUcvKJp7nvn7/M4a8/QnjgMBedynijfwNzLse4gDVQ+UDSFoHVeqzVsS0MxL6gowZo8/wLlK5i5B0z8/NIf8DcDGgKVVO7paklUL8/ujVjxv0V6wd4ryMYY1G1PHf4OCvDVXp5STJB/Erbn8Z/2jjoFYcSyPM0Rr6/QtJWjMi3VJUjEEVtYwxpmuFcFd8TRhgMZhgOVxmNRhgTrX6sjZH+TdR/PLdoCxSj6k2sHZCmQCTarbEokFhTn4LigrI8LLnr/oe4/h3vRnxnYNeeZgC62aoKoSbdpS4gjI0NDkOCRYJlZWg49vwKw5GjKEHsuJ35ENCgiDEkdlJM0XYQnIDM8Nd//QVgxKmTK1RuG0EyKldgayU9imBRiOxakrbX+UXvxJr7KQpagTuNFCfAn6Aqj7MqqyBbUbL4m9hxd/ayfk+dq3nmvW9A/jfLDxw4wMLCAsvLyxv+dm3B35dbh03EoeEEZfEcswOPYRmoWO89+DrtJKY4bzEVAKaYYooppjivoRq47ro3Y8TgXeDQoUN8+tOf5t5772V1dZWdF+3k1ltv5T0//B6uuvIqsjxFg7K4uMjnPvc5Tp48yckTJ6gqx9FjRzl27Nire/zCOmeWrucsnb+po9ZMTYJ17S60LgR7NhDAqmXgYLBYcPA7B1g5epK8qJhdLfDOoYlh71vezI2/9EuUDz7OfY8/Qzj9fBsz1A5+wziF+bUk/htMCCkKiU0QIE0sZbVRhdIXoFg7FkPtOQrj63yW4/JXmpwZT0Si/PNSU6K/P9GwLpF81sbaR6J9TEytj1H4qEewcW2h9vmNdRcUbSPK43MYOk1JW6FoHM1eM0s1mVwzRFGxJLQCwdgSoBYVJlrf2eFMzW1sS7ThF+u3016q2N/4jh+DBo0ZESHaCyhgkmRtjOLaHa0RAM507NKSZhNuRhKte8bd4VigiV/X8bwaD14MqO+m+kf7h6Dx2ENdBDixQklV3w6HIcT7EEKd8RHJqguAY/2+xVoBQBHSXh+T/f/svWuQHdd13/tbe/fjnHlghgAfICmRIGUKkBzKkCjLlGJZsH2j0InswGW7LmxXueAvLt5UOcUq3w+0btU1Pzn4cHOLVdepYnJTCWPHCp0r2YzsRLAkW7QtSxAlkhBF0uAbBAlgQIDAYB7nnH7sve6H3d2nz5kzIAgSFAHMqgLOTE+f7t177+5e+/9f679Skqkp8rLElg5fOgyWyHk63jAbzWATQ24zenmPqakO/cUec3Nz/Pzuz/HBD9+GseAqWTDnHb7wQYrPKViDabKxPOqUyIZ8Pe8dTh3b3n8jv7j7F7hmy/X8j698Da8eMUK/t4KKIbUpuSsQDMZ71DmsD0EL1UwcvvcZRqIPr5dGnuy9bm0iva6RUj+WLELkwj1rFcSH57BTT2ksmXc4zel2Y7bc8j7MTdfgTcmqFLh+zokfHOFbf/Tn9P/+JW5+I+bm1RmuLeeIc4tqgjc5mJClZERCAEVFQNTo4bB9NIB/3fD6b8vLy/jDr3D19jnkbBcfT4U/RiaQBi0CwFTPMurMlAo4HBcvu7xMcGW45teOvo5aQ5RGoDnQBp3rSAYIKXVhuzERS0urlK5k4vvqAsyIwdVR62Ka3i/LENEf3t8R/V4PG0V0OgbnHGUZ5H5mZqYxUpJl+dCfUyVJ0yqq3pJlg0YKSIxgfFWPqXpPla4EUR578jnOLH2aLdMygQOaJFUZauwELbxhgIeoxWgMzpBa+KuvPYGQgDE4FyLtm6y5CdOtcT+q97LzlhOv+3AMOvhqzgfCv/ZFqvevmsbHqf3hEATxJjC8QDvCXdQjWiB+FSlP4UpQXQTjQeZQSkIGwLk9i/O19YB7ay1Hjx7l6quv5ujRo2ub3Xq/vH0zjV8oUlLmJykyRxSF+yPPs+G4XdbPiQ17r9oGAbBhG7ZhG7Zh72lL0y7X33A9znm8L/mDf/sH/MEf/AF5llO6kO76X/7ov/An/+1P+Omf3oUIvPDSS/zL/+1f8ld//XWAKgq1lo4peLedLi9gBTCCr9iASUmgNdbVBvonlASYbNVKI2iaC53MUy4OeHr/I5RJByswf93V+FcXEImIN8/wiV/4Zxx7/jle+d5BpCwxWjYOsPd10c9hVBucHwlwvkSBVAtp1nHa38xKV9LtdimzjCiKyIuiWaooNJkWTbsY/XmSBND4d970Gpr/hhtG5BvGuQQZ21atp0aIjRYxJKoo5cic8OOM0oaNWt2/k8axwds1RPY2GS7VgroVwRmyTeo71WMq8FlrQEO1Gp8w4wKopFRwYYhgJ6zCpbknNBxnbBE9salvlXDTybBT/cQZIZGqeedr7WRfk45Ve+vvGYtXjxHTRF4H8sIHoEWHlItIu4j5EDSYZMYMny11MV/QSqJDUfFNbQAUVCY9MdtXOOnvgeRRBfEOMdWnDxIHIjV5YIYdsmGXjEVRSp57RGNQG7LVFLpxgi2UWdtlOuqQ2IiB9DmF58yZ05Ra8L/8zM/yYzs/gqSGXHM8gZDCVlmD3mBtkH1RwLqiAhjDM9mXJZ0kBecoy5Jrrr2Wf/7zn+PIa8c5+IMncXl1V4ghSmLEK96V+IARYtVU4DHgtdKINtRxt2ZMUutyMOPBKkEiifB+8wY0NfQpyWJl05bNXHPDtcjVsxAVmNiSnOrx3F9+i0f/5C+JXz7Lh/uzXDfoMp+nRIWHUjBSUIrH47FWKMtQx8WqVBkWsoZEH0KtY6Yw6PfJen3SvKAcDIhNQpTEw11Gw9svToe9V00EayLQiIUTp+mtFsxtShHNmQxwEwh4LEpEEs/y2qsnKPJilIS5AGsivk2QqzPGDOv3AHleEEUh0waULM+IVRs9//oYi4tnmZrqkthkhADIsiwUEK+yh8PlC2VREkUxWlbvOnHYyBKns7z00nFOnFhk862dCf0wsXOAKGQCYEBt+Iclc8JyT/nKV57j2WdP4v1UKKpripFMm/X859HtwTMJ2+r3+fCdDrSkCNtO7FD2pyYk17fWe1hbP2gBmlG6AokcaRxP+G59h77zEjl5nnP27Fm2bt1KFEVNzYiLYa3VG3GkeLdKXghx2gGU5eWlxqfasA37YdgGAbBhG7ZhG7Zh72mbmZmm2+0iImRZzpNPPkm/32ucUOdKlpaX+M6BA+za9RlAeOqpp3jiiSeIohjnXANmux/2gloE56sE5QpoVmUkwltruZH6AuvI1HUXSlLvBo1DD2JDUUyPxxmlHwudG65msHiWaKkgO3Gag3/6FZ5/8RWulQ7J0ipRK4K4iSZuERLnAiQvJDugWYA04Xitq2pJNY1qIA9/KoqC6anpUADUeaY6HVZ7PcS+O1q9a4ZDgozByNqpRvnXHbuxP+hw31BuFowLS2epgFdZF/DcsGCjC+OwQB/284gEkPHUxfqiZkHmh+RUdTxhqNs/XDCHm7eRlKm+O2xDxRYozSReP+L/fLe9+XWPm0yaKzq+D00fBSJSMSpE1uK9wxAxlDoKe9UAZcibeGttNWKabzRR/00/tW/4Cf0lfmz7pM+ggOy1RNQEXWoFtKSWYgr3k2xE/l+CJgiUYEuLVwtO0DyMZzfpgCuIfETkLVNRh04npuwopwanuenmm/jET3yC0ruwEJYheeVcqPORRFGQ+3GKeg33gFGsNVgTVdHqLsiGGaGXDRDp8NP/5Gd58ZWXef31U6Rph8jGlGUZ5AhVMCqBYMAEOcM6TFekQscDKWWq51aT3cL5ZwC+V01RvAmkSK3JX1rIrKezZRNXXbOZ6fkZzHRKScbi8iJHH3+Ol772XU7+7dPMHMvZ6meYMjFZ13Ky47DFgMgJiTcYiSiLkhRDpCEDzJqhNGA7G7MhLXUIetZP9SiKMNZirSWJYkqniKui/UXCeJ0j8vqyN1XEWHwZ4XzKy6+c4NrrbiCxFvUTCICqDosiqJliMIh5+cUF1AeZmws1qaSy1GtDTtfZBzXwHSR+LKYiCJIkqXTiPZGNMLGl0+nQ6/UI9QFCTSkjhizPq8h5TxTZcF8ai3cO530gkyUGFTw5CuS55/UTPV54/gg7brktvBsn+Lajv7eBeMH5aq55KFX4m28/x7/9f7/E2RWBKMZpH8SF7AOd4EPWx6X95pywj6zdaz2rI+svyM/3niCg1cP5ggjF2i7N+mI9l2i8uW9DvlVEOHPmDEeOHFlzjPHo//b4vPVztilFDzhMVOJ8D6+CGGVx8cwFXcOGbdg7ZRsEwIZt2IZt2Ia95y2JE0SCREev16uieep02eCcnl1awnsljg0rKyv0B32KomiOMXTifogrNiHo3TLq70rrX00AhEjjIQB+7mZLA6B7Vbx4Cq8U6RTbPvohrrrlFlbwTHVSjrxwBJeX6FLGS489Q1l63siXuDYfLtzqc9fkxHD7+S0UztdqYGMkHL/ViEZOhOHlt4/uvaff6xHbqFrQJRhrm/JlF5vvaTIkqp+1Bprb19KE+0+6Ahhe2ehnPQcEQUuPhSqd+srEHN7cJgHF7eGoJ3NV/LcmVHS4Aq1koxHVIAdUDYLWQD6tUzQgUC3iAWvA/xG6oNKJbrDt+m/C+rNVL3jBO26T5kwN+gs0WSehmK8GbXxCwcO8LCoCxI/O+faxqj5uL57PhzAcRiFq00/1sdeSfhOIr5HKw6M/N5kFPtRzCHINVRFghvdS65I27BIxUSFxEdfObmGlt0w0B5qVDFZXmL9mM+VKDzLP8tlV4inD1OwUzjviqZgP3/4h4m6C7UQM/IBSPAGXDtIhRkyI/FdBbIRRMM6jZYFzDieeNE7Ji4xBnpN0YiROKDLP+7bdzD/66E4e/c53OX1qkZnpCLwhMRGRsYG7coG8jtIIEcWINMVx8VrVCpA1QOGlbk4EYw0+EgojiPWUBqaumae7bStm8zSglOLIKPn+oad46bEn2Ta7iY997nPMnlZMT/A2xscRhfEY9XQEkr6jd2iRk4+/QlEGuSFfKnGVSVEJtTSmhNo69fa2d6guyJ5ZDcexIpiqbkCLna/2Pz8A9XKz0nkMCaodXj58gk/e+QGQ3sQ56/Hkgx7J1GaiaJp/eGaBwy+dII1nyEpzwb3nXKhTY6wFBGMMZVmGwvUtMNc7h3cgRiiKsqoNEFGWjiSJybKMbrdDWZSIhOyBoiyIo4g4jlHVRi4oFC52RFEIMvHeg1hsnaGmEUVmeemFY/BPbgsFqJ0byTgYtwCue6yNUbUUmZAkEas9wx9/8RG+8Gff5eRZA/EMeeEamUppXtznek5U71OZRDy0gmze5FmjoaHn3k+FUMOAsZtNgRKlj0oBaqkU14JW/tgVrDsf3satJhIIoCNHjrzpfvVn3T8XTjx4vGbB97MWYwKRdOzYsXfMr9uwDbsQ2yAANmzDNmzDNuy9b0JT/PXt25ui6RfPjEGMVJFL69s4hvxmNpTQGFqUxvR9xubrr+aqH9vOfD+nOHEGyQq609PEOz7Ajbfdwgc/+lHk1FmeeOA/wvH+RGf3vVD8d5IZY0Ixt6kpjLGUZUGaJvTynDWriveIBXmH4W8TrQIm68gxxRFiRs1whw07pzWAe5M+M95nNREgVX+3o/7bC92Wzq62jzMJUmooyfCzVi0RPxbR3h75dymTYzK/0HyMgwEhkDLIaHjv12fhWjYJYFjPfFUYWevI/Ml7DY+1/mlH8hIaokc9ggvZGUqTZSC+elY2iN/lB7ReCSYKkYOOxJw6G7T9p9MuZb9P1h8w3Zmi041YLZfo5yWaZfjIM8gHXP++G1Cgn2cQU0X5OgQhThJ86Tl7dplcQ96V8UokQjeO6aYpeZahkWKjGIun8J48z+mkM5Ra8mMf+xjf+e7jRGmCmhD1n3Y6TEUdxAkuK8n8gJqhNMZibSAdJoH/raSwS8Amk5kqUBpCJXErlAbUKD4SulfNIrNdShQ1HokNzsNHf/wOfvRHtrMp2kRXp2ClANMBLCIe9TnYEomB5QGDP/4+5fdfQbOC1CSU6oLcS0W6jkdiA7TzvGr+UIBYbIjCdh5rkpAJJTIs317LpbXZ08vc6mvWqlCt4EEjnn/hVdQbTGRQlaqWRXivhnpXQqkFsTEsL2V85X9+gzdO9RAzGwDjd6L7WmMbCveeG7QtilArYjAYBAm4aldrTSU3qqRJJSspIWuHdWVjhvSRElGUCS++dJTVQc70dIyqb2QhJ04XtVhJcM6ysqScOZXz/Sde5M++uJ9Hn1lgWTZTllGY72KCH6jrryHa1z3ybqtqVVQfF8Ha56J576oqXsuQJaGKNvJD765Nqk80nNNr/719C52g6lDNsdYQx5ZXX331PbeW2rAryzYIgMvOMl5/6WVO561N3c3cdOO1TL3Loz1YXIT5eSYo4F0Zlr3OSy+fZnQobuLGa6cuwo03YHFxQGed/r7ix2LDLh+rg6/UMb5qCJF7IW22lvyRMY3FAJK/O4u1NSA6o/rcddTpSGsmeOWqwwWDthZW4ff2fvUKI2wtvUOB73/jGzzxyN8hpWMWmF3KKeKYN86c5I5bfgo/N8PBv3qEQX+VrpFW9H8NYr61/lovvXbS9jrbISQwnDsSabjEGl6/iODw5HnBdKfLIO8TpQnGWJzWoiTjgOvbv5b6gNr6edLYTT6njMIjE3ZKPKQAXsFIKGSLYiDolmsFblNHII5nEVx5FmaSoU6GqYGaJDIUhRIK/lZx+iKoRMSiqIAVwfoiFI70IKYCkCV8z7gS6wPkEYCkammnw8h1IXyn3hY+ak19qSS9dI1+bsCQ1t4H9R/fzrwd3sPKmhNTRcGONyZ8AbEBFE2iBJG8KqYcNdcziY8dIRDeNLJwdJGtDWIw9rdKDkja7cPjZQjAaVW/QdEQyU3QVLcCxitF6bAS3gtaET1IIGacd9UxLu+ynZeytSMxGzk/oyyZnDP5Eq+vnmZLchVRHHS+3zh9Ct20mWTTVaSbZtHc0S9y+j5n7j9kqXoAACAASURBVOp5ZuY3QcfiXEkUWWIRikzBwatHj/Pcs8/z+uunWDj1RnivKqRRzFWb5pifm+MDH7iVWz9wMyb2GGMBh7ECLiMW4cbrtpBaoeykWBNhMMx2Z+iYhEQtNoYsyljq9XEqGG8RJ4g1JERYtRgVhAqY1FYx0ffMJK3fO+3IZh37N2pqQvntxFusCzWWvXq010cKT9SNKQn3aSoxnViIr5lCJMWXglzVwYunxOOlRFWIbRKk26YNq5uVQdrnmsWSKLb0jJCI0HGCUU8vCu0yBALCV28Jj1DaUJPBeOg4oVMKeCUznsJ4YucxpaKRVLXeg38ZnouBng/dMnwf/xBDTS6KjfqbtvHDj732BqvLOZ0tUvmLQcdexeDUoAbSqYiiTPned57lO9/6B2B2iKfXbm0T8LD2nO2aMnWf2igUjy3LkjiKqnYpeR5kfEIB+Kh63lNlCEf4SjKoLIqGbMuyDFtF9asqSRJTlMN6Yc45kiShLEsiaysNecGa4BWEWVW1UbscO7rMmTOe+c1d1GTV/vV7PtT7MJLgvCBYTp7yHDr0Ot/+9j/w9A+e5+kfvEyeCT0/hYtSqEiKRhaM8H42Rip5MrtOtHqLSCT4Oq4tYXWewSRyjl+899ho2L71J/0ojd/OJnyn7HyB9YsLwFdBCNRkAmG8jSGOY1577bWQARZtwLAb9sOxjZl32dkKLzz2KEdntjJX+2T5D/j2N2f4yV/8OW6bupBjLnLo4Yc4sHUPe++crzYd4uEH9nH//sNsu+se7r1nNzsqdHlw6EHu3vsA3HknHDgAdz/IA3t3XHng88oLPPboUWa2zjEcim/zzZmf5Bd/7jYubCgO8fBDB9i6Zy/NUDxyL3vuPci2O7dx+MBhdu57iH27wh/fbCwWHnmA++5/iEPsYM+9+7i7PuiGbdh71Gosadx58z4U6DI2LMKstZWjPPp9YyJMpenZ6MK+W5EYa05TFx8dOvRrAoPq/ysZEqmWGkMipI071xuDIrd4YfPUDLfv/CirK32y1UVWFxeQvOBE1ue27bdx6/vfz9989atsS1KWpqbRs6tVZG67DW9Ne3jy0mP97edla77QWmAbi/eKUyVKErxXIhvhyqLaJ/SX1IuTSYeX0UXSebVHZHRxOh79zHCxNn6eNnHQ/D0gERiF2AsdAvCvYkOBVoYSMqaSbalZAKnaU39eiRYi7ML9X8fsi0IaGwZ9D95Vy0/Bi0WNwVRkmTWCcTlWpFqYO9AA7KiWGFcSKVgMWhXwrcek/lfPBlEX4tZVWveSTATgh9YGnyfBH2/VauKheoL4Wu/+3Fb/XVVREwppxhKAFleGooeuAeNpsrIuJGJu5Lk1LgM0diipyK8QTeirWi6KVoWI66LFgbQJkKR4xRqPVV8RAIL6AnWV/E9F4HlftiofXpn3zqVkDREgcJoeR1ZPsKw9umVM6TJMJBSFY7m/QhTHdCQFgTMrS+RTOVfNzGMTi7OKV0/poBxkdGyHA3//Hb7xV3/LyVNnMFHUzGvnPN4FOaw0Tfj7b32Pm7fdwGd++pP8yG03EwmIdxhCpsCm6Q633vw+nnr6WVypFAUsnTmLMx1s0qUclJRFiS08No4xJsIaQxQnpEmXTpQQmxihBiRb74j3lI2/4ccl0Opfaz/HYBRSD3EZCn57p5w99jqlNXRuvJbMevIiJ0WJjMepYlyO8TYQokYRW+K1CO9HYnAxuuJZWl4i7xRsMhGqhpXY4iQmUug4T24GqAvSX2rAiyIKThyliQJQnUPihLQIZG6ZGAYxzJSC+hrcHl65V8VW/ltNSIpMrLpyyduIjKYOfZn+qrJwfJHNW1K0ylNUAY/FSwKmg9iIxx99kT/+o68x6HcQP9W8kepncX08JvxcW7vQfGRDge4oso1PX+v9O+dJ4mT4Dq7GrK4X4CuJuziOqiuyFf8c6nxAyDBtnbmSFgr9MPybAwxeDerL6l1reOXIEguvO27YZsk91L6JMYHYs7aDqrBwvM9ff/0AX/na0zz7cp8zZ1aIohjv53DGY0wHXKgXEscxApRV4XFVT9SJEbHh3jKGosibZ2QzVhM6tJbzk/NkFSf5seE4ShzHFGWGbcZzneNNCCaaJE10sezdWev5BvxvreBQDeuUTqfDa6+9xtLSEt1u911oz4Zt2FrbIAAuS+ty4yc+y6e2DLcsfu9P+fK3X+G2n705bCh7LPcd2C6z50wNOMQDd93DoW0dDu/azd47AQ5y/+59zN//AI/cO8/iwQe5e8+D7Ht4L9s4yAP3HGLv/gMEDHrAgXt388DB/dyz86Jd8HvXujfyic9+iuFQLPK9P/0y337lNuqhOO+xOPQAd91ziG2dw+zavZc7ARYf5p77d/DAgX1sA+AwD+2+h4d3Psju+XOPxeCRe9n98C4efugRtnKYh/bexf33HrgCx+kUj33h/+b/+c+P8NQbOTDDzZ/Zy+d/dy93XH0++/48v/Vbv8U/3T777jf9CrRBPw/RJtZiZBh5ZiOLGNPU0vM+FPiK47jZJzjHRRXV8+45nSNWR++8JX0fzumfaxN1XJ9CELUkGjPoweunljmdDXCRsvW2W1n5h0OkixlHv/8kL7z4Equ9Hj5Nmemv0PF+bPFQn6OKnH4vpK1qHS0czBqDd45BnjM9NUWe58MCihcYQX1Rbb0Fj7aj2+qFQwVyViSMMRLWmxcMDF/Otg65U8Vmjkr6SIjXU0WlAsfrjCGpdOKhmUMBUC+hIg3DOLWla5Qab6+grhbJ0wbDtPn+8KsjaNIICH+hc1cQvA6JO5V2fOKbm6pCFWmd5zlRFJENMtT7Jqvqnbivag3+ybkJvqkHXG+avC8Nm6AVUYqAUVcVWGWEUSjLEvGhCLCxYbgv9eKqV6IJynSaIM4xnaSgnuWlRXCeufm56g4H1JHYiOk0JZMlpqamiOMYV5bVfRr8iVdeOcxf/uVfsnDsJNMz8xR5EUheDS/gKIqx1lKWjuXlZb594AClHzB/1c9z3XVb0KogsDWWCOWWW7bxzDPPoWKYnp6iWC1wUYyJLAMdkCQxnZlNqLGYyBJ3YqJuiulE2CQiiuIQzesFDCHD4D1r696Zo3t5RZzHOI/BAxGRCIunFzn04ou8nvdxUVVUPcvIfUaRl8iSQ84U2OWSThkIBHUlZaW/7iVGSyE51WfzirCadLBFhCmF1cSQRY6OOIyrii+LqciVDC8exTQyS0LIECuNQaqMBS+G0oQMAfEaaorUaWDr2OVIJ9bguaoSCuYYAhkQsXD8NB/+8M1gCjwDMDleHGo69AcdnvzuUf7jv/86pxYEdbOhcLdUBO4F9pS237utQ3ivqPe4Gtwe81uNCDZOUPUUVRaAMWZE/121Kv7dymTL85xOp4PzZagTUssLSpASNFESApEEVvunefKp5/jQzmvxarEmBoWyMKwu5zz7D0c48K3n+Pr+73L86Ap9l5BhwSQUhRJFSUUyBKlBEcX7ogpwiYk6Eeo9WdavIsuT5lnVBABUvVSbNaF+QU1ejPv651sPYM04TMou1Pqftj612X9csvTt2NuV7GnL/njv3/RY55PdSOW3+xB7gveesvRMTcWcOHGCY0ePce21127ID27YD8U2CIArxOZv2Ur3r4/yBjfTff6rfPnbp+leMwdnT3LW3sRP/vNd3DoxJH0bex7az/yhfew+XG06+Aj7d9/L/p0hWnx+517uufNOHj64l3vmD7J/127uaQLJO9y5exf3HjzMPTu3XfwLfc/bPLds7fLXR9+Am7fQeytjsW0PD+2f59C+3dRDwcEDLO65h2HPbmPXnkX2HRywe9u5x2Jx4RC79+xjayd8b8/du9h9aIF7dm69mB3wHrNj/Plv/zIPbvkd7vtPv8ftN6SQneLZr/4Bn/+FX+OX/tMX+LXt4/v+Lr//x7/H9qtTyJY59tSDfP439/LUv/sCv3N7+sO8mCvC0k7Cb/7mb/LZz36WJE6a7dZafvzHPw4SHPaPffRj/N59v8egP2j2SZKEl19+mT/5kz/h1BunfhjNH7ERt0/H/qJViFqzJJ2s9ynrxvUKhfP0I4Obn2J26/spJOfq6+ZZWThCvnyWrMhwdOlrzqCT0jG6Jvq/3bYLcrJluPga+a60F2Wj5EWzn6xduI3tDlRutghFUVA6h1hLWeR00g6Dfn8Yk3jefvZamZa6bUMIeXTxpJUkz/gwTrK14z6+Y/jdILgKrBYvTRS00E7f3rAaehqq99db6+iy4UKtidIXgpQSwylmkBD5Vy/+WxGONcmm+GGweuvLQVN+wrhU52BdrKiSD9Jhy9+xor+tuWnEBFDtLZhqJanmfOgXVUpXYm08JDUm3MPn3b6Rr2jrQ0c2DW20HoBMOqUP8lhNrYxmXILmv2hVkFFDFkcgIDZqAFyqFivMdbp4Y4i8kqYJriyxsQEnFEWOG/SI4mk2TXVYLKCTpkQ2Cu86C6gyOzvL0089zeLiWWZmN4EYnAvR5qqKNSGYIBQZzSlLx1XzV/HUD57ijjs+wtat1+BciZpAHTrn2bJlC+qVJIpRF4o/elFyV4IxREnM9NwsuVNKX1LiUVcihWKthpoEIk12ynuQyn5rplWWhHeYqnC6EYgUrtt0FaglXV3B49EiJ4oLfJ5RDHr0jp1l8NIystBnZmDpOqD05Hjy2FLGMU4s87nhejeL8QniDVMmoig8DkdhwEqEiqGspGlS50nI8GrwXvA2FCf2MfiYSlHOYHwtySTNtYQPbd4/V0gZgJZplfcW4R0sLCySFx8g7XRxlHjxOInIy4QDB17gj/7zX3H6hMHnm4AEbwCpNYBsIHvP56xt2bgKoC/LsirKG7ImxQidboeyLAMZMHqAMF5lGc5sbAjMGTu+Vt8LWYDhOZCmQQLIGINXJbK2OV5zbB+CCtQnPPr4S/yLX/00Iil5Znjl5Tc4+PiLPPHYSzz9g5c4eWKAL7sMsnkkiokjMJFtyEk8qJeqBoFUMkKhgPgwmMhircU532QmjAQgQMiUqQIK1CvIsM3jfiyE9z4yLiU02UK2RZBFUjfZx1D1ODf0j+qsg6EE0DD05ULMe9/8u1AbrwswTgaN7/dWCgPX8ydkbSj9fp+FEwthLM5dDm7DNuyi2AYBcIVYb+E0KzPb2cJx/u7RPh/+5T18pAKZj//dQ3zzB29w609smfDNDvPjqjCDAZ2toyDxtm1beWQAdOaZP7TAIlB/bXHhEH+zsABsEADQY+H0CjPbtwDHeeytjEVnnjUCPfPzLBxcAIbjsbBwmMMswo5zj8X81h08/NB+9t55F1sHh3nogQPsuvdKAv/h2Jc+z7+e/X3+8r5dNPH76dVs//n7eHD28/zTf/0ldj34S9yw7r6z3HDHb/PgF25g76/9G771jc/zqQ0O4KJamnb4jd/4DYBRDWqBqtoY3ivbd2xn+47t+LZDKvDE40/w1a99lTdOv3FBjtw7aZNhX8ZA4XM7xqHt4wBWWID0Xc6AhJtvuZH3/6MPY6TktaeeoNfrc7bf57af+gg3fvSjvHbmJDddfw0Lf/Qw7sRSc9zW0YYA5lvsp3Ap9aJZJ26XZkO1pGwvRiYAc5Mio6tyoqxmfdI0BWNQ50iimKzIAqfyllo+tBHt2UbCp3W08QNXQ6atn0f+NrKpvXN9vLW0jjRUz3pSMRvWJmea3yvwP5A3LZkeqWMXqz6tppoxZmTOiZjwnSpiTdS3IJ/6JD5EhGqIKh+dm0M6YqRdzd9G978Yz6Fw7f4tRrmHiMhwaXW0vKEsCyIbdJeRYX824MJbOMVIzHBV1yJY67j1jjAy3RvIQMM56/vSNxlMoOoqgMkF0kykKt6gFTGgzXi1nkQbdomYKPi8wKqnzHOW+33iTkrkYzJXMt3pkhLjnMcaJU0sklcgVBWxG0BHYTAYcPbsWUSEldVVkqRLnFTFO71WWS8BxCpLR1EMKEpFJef48QWyrCBN46BFbi3WRiRJSlmUiM+xGrF502a6cYdOlKJJiXee5X6PvHTkLscBURphOzGpdphrMhUhkNJrXh6XnAUS2zWkXAOgZyVb0mm2TM+HYqtZju1nmNU+ZbbEkkas9BTOJszkKVNEePUMpGTgIC9Dgd5NhWGemEFR4iq9PKsFKgUOh7MW0QTF4CXCUBI5E4r7eoMYwYmQWUEtJEZIVcALxoe8sVATIgC94ofvgXXcgMvSPDQgsqrFeXj99SWyAWBBowgkxTHL3//9szz0hb/ljVMxrphGNK3q15ZQZWtNJHPXsfauzjnEBOLeVxJAYgzeO5xzTUT3aO2msSh/AjE89EdDMEkcJyEbpPq+MaaRBLTWIGLI8wxrhwWHvfNI0P/D25SnD53ilVdLlhZP8d8f/hqPP/oqi28oeRaBT0CnUTXEaRSCPdShJYjaKtkwRBqEtgJiMCIYK5TOVRryQarMlSWlKwEhsvFwXSMQx0EGLc8GiJGRTN5239gqC8J7H67FnB85HvplffBdK+K9fje3wf/GP3sbJPz5Fu5drx7ZesV/J60Na6LhfNvbPq6rsi+cc7zwwgv8zM/8TCNbuxGEsGHvpm0QAJel5Zx9+RCHTobfVhae4dkj8OG7bgOWmZs5zTPffJLNn9jO++ZTrv/0Hn7lnTr11ru4d8dd7NnX4f69O+Hgg+y7/xDc9U6d4BKz/CwvHzpEGIoVFp55liN8mLtuA5h5+2Oxcy/37tvD3Q/u497dW1l4+H72PQTcw5uORWfX3dy97xbuvPMzbOMwf7NjH8evKPmfZ/nqg2/wW/9XC9Bv2eyu3+Mbn0xDIc432Zdtn+O3Pvev+Ytv/zaf2rUhBXQxrdbmbNu43yQtaSCi1s8KURwRRzE/PKt0cEUIJcEq0MxU0WUi1Yb1omDX2iTQTfGkiWWzhxe++D955gv/nUQcZbHKbBQzZ+fxmeXpF17hjn+6i5e//zhl6YmYEAnzNpex6znlTZRNvQgbiaZf/5w6tthu+AUjZGWJjWPSKCLr9UniGGtMVfSMZkXuz3FJI82VYf9q+1ytfepjvRP+uzbHE0KJwmZrMzW8VNhl63xag5qXNexwfma07rHQE0ZCtH9tdQaFCeF1FTgeCv5akWbRVxd5rO9UpUQpGRa9DAB+DSLUEebhHIoZC/sfjcnzDfEwPM4wQm58EXohNsoJykgfvPl3h4tSEaEsc+I4ZtDrQdoN/aY0LKzUQA41WdWmuCa3X1vSSOLra9ZR2Z+64LUOZ/VQoGkUuBfq+yBce5MpE6rCIybIvZha1snXxI2OtXjDLhUzVijLjLzMWemvBu1slNV+j36e0ZUIv9ynkCS4ArGSZxneOSKT4AlR9mVRMDc3ByjdbkqadskKR5kXIftHPHnhK4JQ6U51GWQrWGuZmQk+X/A7ygoUhdXVfiAPbCDRsjyrInqVrNcnG2QYk2KiuHrue3zpibwQo+E9IG2CrSKxLoOZqgacCdesCmmSkuRKfzUDFaZMhOsXaL8gcZZZnxD5Luog9XF4PhmHtYYOBd2yxGIovKMXGaTMybvCYlri45LuVATOI72C2VXHVKFoZKti7gZRSBwY1aAlHytWwXqIfOARnQmiQaJUROLQp2ioyzbOHLDby8rEVEV+VVBRvIY3XV4ULJ7pMciEdFNCv1CyXofHn3iZ//Af/pyVlQhfTmOMA6lIdAHEjGRPjPs1F9RG6mONvn/HTQGMNDR849s5T5KkFEWOMbaSCIK4LgBc1QapSQLngk8gIpg4CjJRIogxnDzV5//8P/4Th186zMqSoyiEqc5VeFfX9xDABG6aMBdBqvoJLR9AqaSFQmaQU8VaS5HnzbWKCEmShLWFY8R81d1e6qpj1XEbJr3uk9B2L4KXpprD257G4z6MMRf7xqgchvOcTHX9BIycN+nxllozRjAYY3j88cfJ85wkSao2XGYPiw17T9sGAXDZW87Zkytc88lf4yeuBZjlI//il7nmyYM89tdf5K9XLHM37eQzu3asjS6/IOuw895HePDgw+x/6GE6d+7lgX3wnx95Rw5+aVt+lpMr1/DJX/sJrgXembHYyu6HHmbnI/vZ/+Ahtt11H/d39nIP8GZjcfjBu3l478sc3lNVD3hoN3sfvJP9e6+QTI1Tz/HY8V3s3b7eDilpHc1/6vCb7vvB2z/JVx87zO/vuv0db+qVbtZaTp06FRy0NqDWRPKw7kKrHZRirLC8vEzpyokpne+KSb3wacUBS9sHb23XihCQoAMq1Xelip0NIGcrUnb0RIhzRL0+c2Kg8BhxIQ64cBhgOkr58U9+BkOHG3d+ku/+z2+RydBZHbaj/jx/CaDGmV1vfx22uwb+muJ6Ik0mwFsam6pfi7IgEkNnqku/1yftdlhdXUGsWZtcAcPU84lzqAVkruOgr+e2T9r/nPBNxftoa6eCUAGgxm4bkmTsIOoVdbp+f1/21o4al2pZXc8vGlA47BCA/gA2+0rmQSssW0ORPhe+IGLw6rGioHVhYMGrDB8u6kFdAPSlnk9jGrw6bCe0Ix7rue9Hxm5keNeM6bkWiusTB+3797wi7lSb/bwPhGLQvnYYa8M9Wu3jtdZyPn8b4SfqSGBtPQ9Um8GrAzSba9DhXK/boD4UI1QfCgJbI+H5qA7VEtFQ9Dkygi8DgCdisEitZL1hl5IZKL0nV48zYNOE3JU47yGy9MqcrByQCkwlgDV0Ol36qz3KPKc7N4UrHYgQpynX37CVTidlaamHiRKQAFQZE1GUBXleknZSjIGyzPC+ZHpmhq1btzI9PU2v1yOyBiVIdZw6eRKD0E07WKIgHVSUlGUZ5Op8icVivCGKLWIsTkA0kFWBbKjuh0qK5lKbpfV7tcliEPAWSgsYxRtBKh32hJhu1MEVBa4sMBLhFFxRILkjdp4Sx8AoZ2xBMR+hV8VEaUJXBO1lLC1nJP2C9w8UZ5Rs3sOPXsfMrdciLscdW2L1+bMMjqySFiXWWvK8IJIOqfN0nOC8x1WR/SlK7JVSwKUGiSQAJ9XzBgi1p1SrZ5hUj67L/T3sQUIEvycicwUnVwYsZjCbzLJ8NuI7Bw7zx//layyvTGNshJCGfquK5g6pcqjCK9YEd0yytg9lra0y1MAYizUepy4Q9xKe/+u/5wxVKkLje9Xvf1c6rA0ZQNNTUyF627sRKRcRwTuHMbYZb/U6ErRBYTj09Cm8zlY1PRyFr9cx4Z1pxCFS1a5pHLshOT7UzaeZZ9YGmSBjTFUTLUKq9ZH3wx6sMweKvKjuRWkIqybWiCFT5b1UfRlhI4J4PW8+Jm9muu49MQTFLw4APrw2bbzCdqFywrZQCKhaY9VZoO2Z9vZ6oJ0BUIP+L7/8MmfOnGFmega56ITIhm3YqG0QAJelJczdsoMdlYrMjuQkf3jwIIu3fbwClme5/iOf5nMfAcplnv+b/8H+v5tjz6evP+8zLA4GI78PBosjv2/duZu9VTT54JEF/tcdVwioPG7JHLfs2FEVAd5BcvIPOXhwkds+XkP8b38sYJ5tu/Zw967w2+EDA+5s6fhPHosFDu7vsOf+VvWAXXvo7DvMgG10LviCLz1Lxjcs/4AvPfgIx6pfb9i1l1+6Pp+874a9K3bixOvs2bOnKVxVm2kBTus5j22n00aWs2fPcuTIKxenoedpIxGylTNumnTYtus/3Lde/DdFPWvArOWYjoLCgsFgHEQ6LEYVFlyOxAgvHjzIM68eodCSzarMHVugU9MLI+m8poWkvjUbd/rXpODWC+dmIVJFM2EaEuC8zkPonToVu3AlNu6glaZ72kkZ5CGiyzdo+vBjfQJgdG6Nt6etYTppv3Gg9ZyZDQzHsCaDCqqMANWRc4yrzftG6/zKtJHo+lYf1svXuj+bCCypIzjrAsABSFZ1YQ4FeeDwsw/RZN4HoH9EIojqHqzAA6lJnDbAv+a+ad27Nfs0OiWbn9ZbNMPkudTefZRAGwUTzgf8r9PcrTEU1SFsVTy1SVuv+1Z9iGiU0bl/LmvH3NfPsRYOgzCBcKxBED+8jkrloCr8boN0AeGZahr9/zofJIyzr8AcaytpBwko5cYy/NIxEUGtoNZQoqg1eAcqUkX2CnnhQnRtYkimOvTzAf3VHlk/Z6qooDpX4g1s334bn/jEx/j61/+W1dVlpmc2oVbodBISH1GWQfqjLAtKN0CM8o//8Se55ZZt9Pt9ut0ueZ7hKxDuxMIJkjjCGkMapWSa4ZwyyHOyMhTz7MRSFaEFI7Yq9hsK0mJrsE6r+QltQOuSMK3v85a/I0FyxxlBDUglvaOl4kXRyJAXDoxDYiGyFhMbnPUUJmclVrL3zTD18W1Mf/haXFeJRLH9Ak4OWPj7Z+k+dZKkE7Hjkz/Kys/cyvHpPlHHck3ZwT/7Bqf/5nn6T55kamBxeCILvsixJqGgYMX1cH6VVAfEWmI0pvAFooZIDXiPL0rqgAXvfQU2VxdNc7mXqWkgAERQbyFJOX5mhddO9rj6xuv5xiPf579/6bssL80Hn9blGK0i3sXjawR6BGBt9dY5Oq5di6muk2Gsqe7NobxNvz8gjgLMJWYSOS0NASDN2AWrQX1jLHmRA/V7wgSCufZjIWSXrXnXCSErwFaAfMhHE2PDO6zKfhPxFSlSZ5PUtWtG5QqHEnfhWHmeE0cRqiEzoShKxNUZQsMIe60cWyvheRj8IR8yAuq5Kj4EP9RDIOH5o77KYnxHJvGwf4eftX/SXvG8gzZyyHqsaxKgbE09QTRCsIhWRZebwtTvzB1cywaVZUmv1yNNU06ePMmjjz7KTTfdtBH9v2Hvum0QAFeC3XoHHz74ZR576eP87E3P89UvPMvWX/wcH5kFolmumUvIzwaAk6xHjymmzqVjvmMnO/bt59Deu9kBwEEefnAHOx8GGHDwgbt5aNs+9t21lcHCfu67b8Deh68sbfn17NY7PszBLz/GSx//WW4tzz0WWa8HU1OcW1J+kf1338PCWKmKJQAAIABJREFUPfezd8c8iwcf5N4H7+LeR+DNxmLbnQs8eGjAnlAFmMGhAyxs23tFgf8TLdnCBz/1KbaR8ewX/hWPHP5Vfumt8DEb9o5bUeQ888zT1ABebdIiAMw6DpTXoRNtxFC6Yg1IdjGtdm0bV7JOMx0/rwhWTCU5MvyunIf/HYrgjhxs+E9rYJOKRFBEM2JVbN4jWwY/mxBvnqM4UtBh6JiH/tWL4pu/HRv369sdVM8I5z15WZAkMVmWMT3VDZF9NRDaAonH5YDWkxiS5r9hDFGzcHoHrG5TWJwZ6pkgIo2cgLQb02p3ExntPcRX9mKiPSRGITI2rOe8C9G1BPDf4CpNf99abNf35jAqTQlR7+AIdQA0yOl4WmRAnQ0QYhtr8abR6VFFKgJIOE6DdtdfXvtYaGy9zJyaGJWKPWyi6SqQoQH9q6jEcH0BEF838m4EDAkAufclnU7CYDDA+ggbRdRFkQPg4FuA3yjAP8mCpnml2d8wnlKNSS0LNiQGjLbLAA+b6StCoCYGai1o70tEIgyVDJSGIs7O5QG0qfrfSBjPK/uuuQRNQI3gTVBkEQ9RE1kMiJAB/SKj5zKmTIpqIPdWllaZvXoOKjXAPB8wMzPNP/7JT1E6OPTc85w4cRIR6PWy5l3ovWAjw/U3XMvHPraTz+z6KTbNTTEYDPDeUXolstDr9Xj11VeJopg6k8ZGER5P4XJyl+EROlG4+50qzoeo4git/JY1rOClb63C6l4CWWNkmM1YChTWU1QvPO2XpBSUvs9ScYae7VHOd7nppz+E/MRNHJ0bcEzP4hKlozGpXE30I1fR+/bLHPveM+zc0iHdOoeTnKXEsWIy0k9sJprdTnTqLO7ZJVJSTOTJEk8Z5Sx3lMGtmyk+OM/KVYaOLUhKG7TmIw+iaFHiyxL1HtpzrmWX07DVZqSmfGuRuyBVFScJy0tneP3EgD//8uP8fw99kyKfwZCg5KBBVqYhttHJ6iwXwG/VQRjOebwL2v/WGmZmZkKx3CpcQry0fL2qCDVBMx9dWzhXRIkii2pSZZj5JvL/XDZaVHd0nVJf5GhNgvbfWtHp9Qu+1W/GGKwNckPWWtR78izI89VZK5NbF67RaCjabGoCoMpsFJs1iw3TpKCOH8kOfSKlycgbrz+29nrrPpCx3985m0jABBa1vaXyqVvjrAARVrtYjbCahqysRp6ptnot9PazsJwLpNXU1BR/8Rd/wS/8wi+QJEmVsfJO0g4btmHr2wYBcEXYPLfffg1fPPg9Fm/9OJ+44wX2/9kf8oOZOWbys5x1W/nkL94MwPFH/4xv2rv4lU9NKghcH+4u9t1zL3vuvIttd27j8P5D7HpwP3fNA3TYefc+Fh+4j927DsGOPdzz0APsemf0hS59m7+d26/5Ige/t8itH7/tHGNxnEf/7JvYu36Fcw0FzHPXvnt5+IF72LX/MNvuuof7Ht5bETPnHouddz/Ajj27uOuhXewYPMKBxb088NAVVATg6m18MPmvPHcYbm8nqKQ3cPsdNwDHOPbvEz647er1923Z8ece45Mf3GAKLoaVZYjAGbd2lLq2HMDRoNHhL66B494996qJLB9bIZpxrK9y3keLy1bRKFQHaYOBw61rz1cfp4myrz8kRLZoTKGe93/oR/nQP9rBjT/+UabLnBdX/pA3Tj4W9mvj/lWKNawXkTxq7cjj9QpqjQCZFQDQvpawzJTxkOaJ55vUIqcezXPSODjWeV7Q6XQZ5Bneu3VB++GitA20thZiDZg60thmyxpyYkJbJ16FhCKPUiP9qhgsSoFgEPUhB2S97leqsX2PsTXvqtW9O3p3WBOi2FtaVqBVwUDqgrEVESBUNSOqxW0FrgeQ2kFDFgznwfi/piDuWNtGZshI0FvreBOGbySSv3UfNpJgNTnU7FsfVmsOIAAuOoxUfPMMgEAYBpAkgA3eOTrdLv1+H/UuFCpUrYrwXsiCXptLr4mWYdvWlxtr+khbv6sGgsB7SlcGXMM7MEH2x0rVB86hLowjBBLAiAyfNRuReJeQhajc2MZolKCl4AuL845YDYUvKH3QvS6dp5dlJHGH5aVVjr52nG07foSVbBmbCN0kJc8zbrrpRn75V3Zz8tQbvHT4CCdPnGR5eZmiKIgiy+zsNNdccw233LqNG27YShRF9Ps9kiShrKKRoyRhYeEkr588yUw8DRrqDqhUsj6RAW+Jo4hcg1dixYbng0LhCjwuyFdJm0h7d32Xi2FGBdEQaStqQAVb3bsKlEbJrDIQKBPQtEM8G0NkyKYM2YlFFrMVOtEy826VaZtwbTxLESmRxqRlSjIfM//R7cw5wzMH/4FNW+Daj9xI1rW8QcaZGct1H7uZ+PsLuJPP4085Vk1GNqX0opJk+7Vc988+wuL7YpamPK5cZG41ZZPdjNEUNBAArgzx1DI2QleG1b5peMcM+gOMdPkff/4t3jh1lkE/QZ1gbf2Qrt8PFbEzcRpPIgXW9uiIT8kwilxV8dV7XVXIsgGmlvAz4bPW9DdGsWKq74YMW5GYyFi8L3CEFMAiz8PoVrJAiBDZCkj3azMuh/WAdNi+kfda0/CR9tfZBiPX2+wfPstK2L8m5Iu8QMQQRTFl6RqyoV5JiAl+fFNnSBXvlCi2GKuoZiAlSoGRMnxXw/rASERZ+uBSDhsbiDrnsFGA06kChWoSxvtiJEPv3bY6QyJYPUfrfFnF00FIEXJUQ70WyxYMsxXx4aglVxUTXEVaPlVj5/McrvqIMDahmHz4XlEUTE1N8eSTT/Liiy/yoQ996G1f+4Zt2FuxDQLgsrMtfOpX1paRTW/7OX79tuqXH/059vxoSW+5j7MJs61w/+s//euTi9DeeS8P3zn8dX7XPvYfGLC4OKBz//xY1PhWdt39ALvufvtXc0nblk+xdihSbvu5X6ceivl1x+J6Pv3rk8sB33nvw9zZ3jC/g933PsjueyftfY6x6Ozk7ocPsHdxkQH3MT9/pcX+385nf2uZ//1LP+Bzv3P72kyLw9/mSz/4HL/9wfPYd/kR/uuX7uCzX7763Wj4FWgy8ef1pVXa4O3kY70XUi5HWqA1EKlo7bRKey9pAlDauOFEAqCFm68tJiogERJbBibm9p/6GSJxvPTVrzMVpbzudSi1NH6w87T1oorX2z4U5xi7EmUEkFsvYGw9c6pkeRbAnSwnAtK0i8sGOO8mfqdZPI1LFdU/1wAq7Tk0zOhoCB9pDd8YcbMujSEKWkk+aZBw0gqGjeTcCtBa66CoXoFAZhsRrsdHm/+NMVhpAfnVfVYTAc3IVcB9Dbh775sO1wZYqIFjqaLGBSMEAlLrgrJUoPZwPtVASWicDutOtGzdyK/WMZt96/Gth3rsWdAGFqQ6xprvNv0x6e4LwL8QdI6ttTjnUB8Koar3gQSoyYlJk/1NTNWPtHvkccfwutazhs6tAPxaJUVdTXSE8a1gC6gyDpwrQ1xgRRzU4P+lD69eeWatJbYxNkpDAeAkRGUXzpE7C7ak8OC9Y7XXx+BZzVc5+upRXBH0u1FPUWSoOooiRMLecONWbr7lZga9jCzLAG1kRqanu1gbMRj0ca7AGKEsC9JuF7GQ5TnPv/B8dW8arLH4UhFrwj+1YIRSPHmWYSUiSVMia8PfI1tFx7dYQqGay/YSnqSCqMH68M94AS8YL4gP2TleII+ULBFyYymiLlGU0H3fNUz92K3MLGXER4/z8ssvMff9JbbdegsfuOoqCq8sn17Gv36CwdHTvHjyDFuKmNUTK7z2V09wcy/jmg9ez3XTMctzsOWaWdjxfk4/fZx89QyDJKeIhOUoZ/MNXfwHrmJlc8lKucxqr0+WDyhczLxPSbzB5wVlWTbycDU4euUQAIBaDB7BYcQipCwcW0Y1CnJWVqAC0lF7juiF5oDV50SvdvJv1fNbNUTrOxeDgqmi5AEofEPMu7IkiWIQB9onMaBqcWUl6SQpEiliwlm8VyQyoU5EFFW3oVI6hzWG7lQX7z15VYwXHfUTVbXJ5Gw+Wu9bX/nbxgjOlSPZfCKMAOlSE4hAWTq8emIb470njhOKwuGdI47jkEGk4fvqw75GLFOdlDxfQkyONT3mr0q5edsNGAOvHllg6WyGKwy9npKkUzhfNO/ZssqsMNbSZCrUvlR98Y1b8u7eCUOJpKpRdXsoQSqpNzUIXSxXY+MUp47SOZL4OiIzQ6frwRyjEj6iEodcE3wxUqRr/Ra1/oU+yvOSTsc386Xb7SIifO9732P79u1Ya895xA3bsHfSNgiAK9YipmZn3+YxOpcdaLz87CP83Yu9kW037Pxn7LzhYp71nRiLC7fO/DiBc+XY9l/9fXb92m/z+W3/jvt+aTvNKJz6Fr//O/+G2d/9Inekb77vv/lX97H8u1/g5zfw/w07lymN/M940adaeiTo3ptKTaMVFdygY5MXQ3Xk0ZsvsTREOOUDTjzzDM998U85s3SGuaKgf/QYRiQAFpVG9qVuqlAUZVgUAeo9nU4Hnw1CKi4Xb9Ee8EVlPDY6kARjAinjDakWe+Oy/rIOKqpokJe64m1tErW1VYRaayE31J6tNlQEAFQyBzV4XqHKAfwfRhqea/nXrm8hVXFfaU5dI/+j54TJS8r1amiM/9zed3Lx3yEn1DxrzuP+NkbIi5I4rTNpgtxAWZZBcz82mOr4Q0S+PvG5jz1SCFnqeLmWTENDAFYHHeur+lRiTQD/K/m0muSpQYpAVvjqngvflLH7z/+QIhY37G2YUgF3Dp85xBmmTEocR6hA7jOsKot5RpkVEDmKPCfpJhx97ThPP/0M2z+yHbEOEU+aRrjCkaYJoJQuJ04tne5s89wty5yiyOj1VkjSBDQQSkmShExFk3DkyKscPPh94jjoC3nnEYmoZa1UPKUvKUtPbLpBck4CuG+MVEBQzSLXRCO8tytUnN/9YxSsCpEXjLfgBfGVvJcq3oBGgksNLhIK48iMZyUydOemuGrb1czdOMfWW2+k9/wRXvzKd+gdP0uiKWVf2Xym4GaZQldWOCGO2R3vx103w4nji5w5fJypk0t0pqbwH7qNeG6O/tYZHNCZmaGjBl1d5PTp10lOLpBvmsIn0DeGQVlyJu1zsxmwJYtxeUaR5xSuwPhJz1Jp+W2Xp4kKtWyM92CagroepAj/mkK77cK3o8cZe8O13iFvraZRXVy7qMH4yqwVrI0xClNTUwyKATPTKTduneLazRFlYTj1eo9jr52mdH18PEXpq/vPGPpZRpIkZHmBsZZOJyWOIsqyYGl1NWTITfDp37LpeoT8cCLVWvIIGEwgs61lMBgQ2ZgkSSiKAlvVPohiGyQQRYJEWbEKushMt+Rf/OIn+dXf+CfctG2awYD/n703D7Lkus47f3fJzPde7d1d3Y1uoBcAbOwgCAIgKdIkJZKCKJHiYi0WLcuyPJJtTcRE2PKMxFFYEV4UGnvGf4wUI8lWOELSUI5QSKZFjmSR2riJFEEKJECAJACCjaXR+1JdVa/qvcy8957542bmy1dVDTQ2djfwPkSh872Xy839nO+c8x1OnSj5yO98gj/52BfRep7hcIDWsRF3OwMh2kSx74XWMUEgBj0CRrPlcRglULQ/v4B3rrQy+lUY2Ww6XmPjVRZhPOgkllTNk6XXYLt7GXpQvkDbObRNMZ0hEpYQyatKCN0kDbSDU6LiX6j+HVV7VGPZ5IhV8nGuxBeOkHiKYU6YCczMzvKZz32O73/Pe1jYto32Na82eQ4TTPDSYRIAmGCCFtL5qzlwYNx4uITc/AQvN7Lb+Ln/9B/57X/9v3Dvr+RcdWgPWX6Mx84e4IMf/kN+7d49Fzfvz/02/9d7X9Yo0asaM9MzvOlNbyLLMpz3fO5zn6Pf71e/CsZYjDEYY8jzfMywtNayfft23v62t9Ob6rG0tMRnPv0Zls4vfUfG/mwEs9QGf7tiYZwFrv4/Eh1pm9aiRj0ONtqcWxnXNREYUEyRYpZWePJP/pwylPRDYCp3JErXiqmtMbHl9IWwZfPOZ52/ThtSG9KAW0SuGh/TxjVsPR3HW3iHTRKs1viiJE0S5pIOfT+ohRaaeS+Ug7YRW+1dU/7dHk0rU3u0HzBiZDfuVUUTqVgOn4tQVNItRiKp0PSFeAWTC88PasO/NA6pCGSdDkHOR6JNAKUrYj4SfwqPaUq1PVlqGEql7RwA0YxllEuIlRkSG2pXdeLUGvs1sa8qsr+uNoj37+gqi5r0MirRvwA2kgIXo0Fc/zvqGyAt55vW91uVt0cEHTP0g6rGqRXOObIsoywcKDsaTxgPZuiKHBp7ZrUehhsDMLWfHptZx+M8kniL6w5EGaNRqLOq84gRNazRiHgUAa1C1TPAg3cYVdOvAU3dzBlKV+AltJ4CE1zOaN8LWmvEe7x3rOV9RGUkWRcSjTWW9dWcbtbD2SH5+joLU/OsmyHeCusra3zmL/6Snbu2sX33NvKhR/di5qwI2Ko3gHMeLzEQFoIQQrQ3siwhBI/CkNo0ZjwrhVJdvvqlr3Hq+BmUN1H3PwhaexCDBI81JjbWdh6bmRjsl0jsqaCrV4NBoTHaIiEGMb/TWbUXh432Sq2VrTa8zuM967XH6UCqNEYMIVhA4XWgVAFnYhVAIvF9h8lIsCyeCbhjp1g6t8zRfJmpbVPMLnbZ/bbbSdcFKeH00TOkD5+g/9hppjod1MHdLP7dtzA4tABpoLO2jnrkKKe+9i0e+4sv0Nm2SHZwJ1d/312omS6FEfTaKuHI0/RXl5g9b+nu6nFOB/LMUojjXNnHiKW0A8I2g97TYzX0SfslminKjkW8QQ0CA1uQpAn2Mg/dXBQUVYIK8V0nVXY01RdSS8/E6kWpydf6AS1bvKMBmrrGOlBQNW2v2tXWL4aNyRLjNqkgSrCpRbsSHWIgra4MIzgEh1ae4E+w7+qMf/pPfpC7X3+AndsTvIeTJ9Z4+KHH+e9/9AkefOQk3u+gyA1aazqdDPGQ2ikQi5QKpUMscFBuZL9vcXtuHdSPNq9zDm1ik2DvXZSiE4VzPvbXqch+Y23VvywS7dYkzW0Wgx4xCBBECM7FJuISgwTeSxWABMSj1YCrrrH883/xw7ztbbfTmyoxMmAqVVy7P+Xn/vkPsLgwzUc+8lnW1hRGTceEJKXQ1ZhigEE3/oSvpZBEMDoaWaOm5fVRUBtOXBXSVLVMz3Np69fPljrBo15RqOy8rYNwNNWJkVDXypLoKTS7SXUPyPEiqBBtv/rA1pKQouLz2AuoYHB+Cu8yxAfEF0goEAagCrRygKeWXx3ZdXFcQQRXOoILhFCSD9exaYdjJ5Z45FtP8cZ7FvBBSOpCgM2u4AQTvGSYBAAmmKCFbNf13LzrUo9igu8odryen/y1T/KT+SqrBUDKzMwFWi8/n3kneMkwP7/Af/g//wM7F3eS5wXveOc7GA6HOOfodDrccOgGfvmXf5ksy/i9//p7/M7v/E6zrPeeQ685xL/5t/+aPXuu4stfup+HHvradyQA0DhMo28AWk1mR/9vNw1DRvM2qbEbDUDV8I6jNT2HkVgT1IqExINZd/SkbEamCKB0bEcgI2K+rct6URTEc2RIw2YSU7X2d/w3NdruBYjPcfd6cwBAG82wzMlsSqINbpDT63RJVSR6a3dCtljFBclWxQV0bNkcqWmtVm2cpZVZNfavAq+gQCjFo0lQo2Ly8cWq6SawcIHtv7LRIp+oA2mxmWa3m+GlbnoLtXatJqBUJAaie+gJ3pGmpiVPo0BMNV2T+60qgyaqUEkDxa3GRsGtJrejqoGaiIZRoOClx8aGwe0LYqRF23rmbF4D2oD3ITr7BLSJ2bpSHQfvHdZW3molaxT/VaNqgw0jqK/RkWxQdefVPVCqqglpSffUx81X628yqau11vupdU181L0aQuxTEDxG6aqqyUV1XyVorSh9GU/jpHrmssfGChetIjGfpIaghSEFBFjLhwSBtdU+890ZdszvQHVKpntTyFTKkXPHcGHAE48f5m/++vPc+553M9Wbo/AObSwheIaDIWliUdjquonXR6jI+LKIch3ex3skSQzWWh568GHu/9KD+FKhnCAWQLDWEgRciLJDUYZEYXUk/HwZK/+0MYgHrTRamRgAkIoo21gOdslR34WVNBEwel/XjULjc6a+a50RlBWCUQgGCToGGE3V/FeDkxI/CBCEUivKpQL9wHnCg08xXDmPee1Ott11A2bPLLZ06MKT6JRdhSf7xmlOfewLrDx9Brs34cBdezkxUzCQAZ0Fy+Ke17D9wA76f/olznzlCWavmsJev8CJtOS4GWI7c/T2HkAOn2D1ieOk+Xbmd85zVkdycOgHnA1CmXrmX7ODHabLiQcPUz58BJF1CmsIyqC9wlFgEwPqCpf2qIl0VduQ0pzR+k07krtTTW+HOpFhcxS4Za+KAiwEU22qei/U8lctg6kVbmi+F6h6SAmlcxRljrGGxCb4ECXrlI7vJm1Lrr4m45d+6ce57ead9LoebeI9dWBKc/DQzRy6tcd//L8/xufvO0uZd0iSDlortCQYnaEkoyiHeEq08ah2hnlzuJ49WB9ClCJKkqQVrAcfYuWaj2wzvhUgcKHEVpVB3rfelUqPVfaNvq+2VQX5VQBNSZJ5/uFPfj8/+IN3EMohiRqiQ0CweBRTvZT3vu9u7v/KY/S/fApXStU7beQ/aFPbR5U3UVU6oQIGT1nGhBtVXRfV05pxC7ie1tU+XGxz3XgtjvoSjBIyNkE0YGKwX8egkgsDirJPKkOwsyAW9BAoCG4VY3xlO3nqRtVBwHuDkRlSO4vuJJRe4XzOsFjBuSW8nEMpqYIITZbDaLryUrwP+FLwAVxQOG9Yzw1ffejb3Pra28kyTSBgLstg7wSvJEwCABNMMMEEANkMF83lP595J3jR0FqzuLjIVXt2s7q6ikLhfYk1CRKEbrfLu773XUgQ7rvvvk2ZINpoOp0O3c4UM7MzGHMJyZ5KfmOjY6BRjTa51gZ8dKsvfqRyASJvy0EAlTTNFkkzrygYRe0eFK5A2xQUOO+wicGUIRrtKkq/BFW7GBHh4g/qlhCJdOlGP/HZAgvxH4XWJhYEK1U5M5sJ1WY7SJxvQmSOoc4EjBh3kFVNWrfPcUVaKaViA8GaKBeaTP56TaLay9aauHX9TEWStAl+FcYCAeMYOYubM9nG7+0RsXZhbGy2vWV2XD31bOuqiZYW+RpCwCQJRVGQZfFFqLUiJh2qmP235aBGQYBRDt+Ld3RH1QStdakolyCxG3CkKSspIAkBqbqwiwSUHgUsJrj8oVrRJR88oqP8xvr6kH7Zj6QfBpcXhMKxvTPN4sI8Pi85fvIk/WKNYApS2+VvvvBlpue38ea3vBWdWLSxJEYBKaiANQk+jIJ41liMTtCZjcExozHG0O/3eeqpp/noH/0RZ8+dpZN0yLJKhkObSOR5T+kdSMBXvTSMMYiRKlPXR81vqXcv7teVJ8W3IbjfvrkqeRCP4KrKG6+EQCT/Q6rBJBA8pgzMeoVbdfRPnuHEU09z2g+5/vp7SHbOc5x1ulboCphiiMoSeMNBOrtnGH76Yc4dOc7S40fQt+5AZhJODQesp4aZW3eyY+btKNNj/dxZksNLzFy/wNpgiHVgZ+cJN3Q4841vs/jUCtuLHlM7pzk5oyiG63SBVeVZ3Zmw+6oDZNs7rJcl/VNn0IUjWI3raKaGAePZOoHjFYAx+6O5RjdkH1wgSyLGfnXzF+tOHVAQK/GkklepD95zH8AQfCVLY3A+NmkW8VgFqECaCR94/zt5/R0H8L5f0c+amOvtCcFz6KYD/MzPfJBvfONXMWVKnhdoZRHRuKIPDKJUmMTkItU081EoVdG2z5mAMQrOhxAbFxsTm4A770nTBO89aZriQ4jTSUJZ9ZxQyjzn+596HGNw3HzLAd75jtsYrDmmsoqWr4l98aACu3bP8La33cMX7/tDUN2xNYxL7GywISrbwFqL98PxN3JdjdiyceQFBzTj9aAwI5usWpfeJD+UEp2pAgg4linlBMgMidYY1UPpQAjLrA+OMj0ziNVY9bABwZLY7Vi1C8MCJRbtQJsSpdfJiyWcP0kIpyAsxUbUtKQMWygdDIuAyQ1FkZH5LkrP8uUvP8IPvKfgmp3di0rmmmCCF4tJAGCCCSaYYILLGj540iRtPhdlgYjgQ4nWGqVV1Pk2mjRNNywtjW6mUDnd+tK/+jbad7EprUKCR1sVS1CDUDeFbS9UOxkjUZGL1P9XW8w09t2IbNiqSenLBjXa1lZDfPZlt3ZIarToWrxSFN4z1evhihIRFRtHeoUX31omzl8noz2f8VzMvJE3bsmjNF1cBRHVBGa0imX1WsXmc7YqHdGy8fqppGrGGqBNAONZcdU3jBr/0jimqvpJUenDV7rbUT+3lVHfkM1N2l0rCCBjmYovBJuaTj/LbxcbBHguXGg9ImHTb1rrqulgQj4cVoSLbgiAS4FaiqCNJnFUAkrFyoD6HPpQAoKEgHOxSWUIl1t29QQbEYPjoyaZVBrMxhi0rXSuRcjSlG53muWlJVbX+hTrA4xSZEnC6XNn8UnAqRxJPS54Pv3pz1GUcMedr2fXrp2s5zndboJWMatYqmdCnfecF0WU6CCSgP3+Gg9+7Wv86Sc+wcmTS5gsRWlNkqWE0sUAQlniqustKBi6EqU11gpKawygrcVaO7aPuk4WeE5S8fJCM+Zq0Kr6LgbC470WDLhE46zgEiFPNMNUKBKDYDFBYW2G7U2zfWaRbVddzblHvo178gwzp/bi9/fIlcOKMGsyvAOGjh2zCxy45x5OlQ9w/P/7PNnZ69l117XMTmckGFxZsm3/1ZQ3nuT4nxzm5Ge/zjWde9i2bYFln7PUEULWZde115I9eJTs5JAZNUXpBaMNGY5BYjmVBPpZweL12+k8tYfQX8bmjkKEXMFC1cvp1YJ2COCCbx4Z/6ArqTydoh0XAAAgAElEQVSjS0Qtk3Y8s3PTLC31KQpLkGy00Nj1v/lmUCpmo4cQ8FXgRSuNQtAW9uzdxuted4AkofIBQrOctZa8LBHx3Pm6g/zIB76X3/0vfwNaU+QltqNRuiSIZzgo4rY6GRIErROcVxilkVBLwMQxSnu41QejDSazFEURq35UrEhsHz8fwtgtX5YuBqp1rKx5toD+VgddATYJvPbOA/Smemjtom+hYtWjYEALCk9iDG94w410OorB+tZnsjZ7oiyaq7ISBMTR6xiKvGwuhHq8wb+EN4NoFIYgmuBq+Z5WsEg2PjBVNb4cL2fAW8Q5sIsobSjzo4TiGaamBFEpgdBK/tH0ertQ/iqKvEvhNN7H6sEgM9hkBptMkQ8tuQS8DBExld82GoOgCKLIS0UWpijKaYpyBmu2s7oC9933KNu/7w6m0lafgyvpoT/BFYVLz4JMMMEEE0wwwbPAaDOWiW1trT1t8E3WTyRBI5HTNlrjtDE6ylUIVbnppYNic0a4iKArotEohZeA97EGIBIBgJamKkAaiZGRw/XcmSOqZp+pS7prSc1Ibo7ITBnL3NrEOL/0aAU3GvJuQ+KXak9ciPjf2AC1+k5EoQVy8ZjSkaUpRVmA1nTSjGGlBa6qrGBpzPewJa/5rK7MFvPXh7N2nNqBheYsVvurgqoyqasAgFZQxhHF7Na4L1EWolq/EANGkyqADRg19IXNHHUdQquLyrWOjjwhZqhZoyvS21ffSeWsjztn9T1dB3dG3z5/XDhr/+JJ/WdDm9RvyPutZxwLNKiKbK2ft7ZqBpymadQvx4zN+1KO+TnRCgKMGjcL0typVaPgqiJEa9BGNRmjE1xZiOcw6lA77wg+4CVgrKE3PUWWdsiHXQjC2vkVTi2dYeeORWa3z3N29QxBBYbDNbpzU3jv+eP/8Qm++ejjvPnNf4d7Xn8naZLiQ0GtBV3LblhrER1FUFzwPPnkk3zm05/jwQcfjE8EG7OA+4M1CAHxHhWq6hhjYjWaHmUKBwlYHfsHaGNIEttUIEXCLz7LR5JZVw7q+1BV7+vKhIlNMhFEQ0hiw1+XKvIksJ5CYeP8lur9N2053itITI54x8ojhzmZ9JF79pHummd4fsjwvGNweoWp88LZI2cpTq+yUGhm8iHH/vJ+nn7sm6z0hIXONAvZHDO79rNvfgfJNddz7L5vsnpqid4tV+OumWewcwo/m3H1jp3oxRx95DzdY6ssDC3pnKVwObPdDLUwxfkk4ey0Z8fiFKSGJA8EF8hRiGZLiZhXGjZelheURqwwsk4EhSPRAmqZm27fwY/8vXuZX5jj85/9Ch/96BcZDuOcdY+WUULHZpRliULFXmGlayrDVNVTYGFHj6v2zlOEIYkWEpuQ50O0jQHENEkQUZTO8b73vpNPfuwhjh9fo5QBCX0Wd89yxx03sWPnblZW1/nqAw/x9FNHUWoemI7b17qx7QViFUP1QY0sPUAqeZ9A8L6R8qkD7Fpr0iRhMBiQ1vvjaxumel9JLZuz8dkwMpxVS0opyWDvNV1m5xQWAyFWWihdW0EQeyUY9uztMT/fYTAIW0ZzVEOoV591JK1FIM9z5qZM0xaoUlPEe795RReNVuKFxCBI8OCcjYE/TRUU0FXAvx60Y2wHVElgFSWBYT5A3Gms75APTmLUGYQZRKVEyyH6ZEEpRGeITCG6g2iFiEakJAQBiQFfkzhUOQDVB7XCqLdBfcYVgqYMCeh5knQ3Si+SF116YYo/+8TnefMbbqOzaDBGjfZ3ggleBkwCABNMMMEEE1wBeD4SNxdYw2XiiwlsKg9VSsWspLKoSMpW41+loszBc2UWv4S24kYn7oo1Q1uJiIGYEZb7EptYjE0oiwKUwmhdaaND7aIqFR3POjdLbfSznscYnu3USWsexejYj0lVKdVk/m8aQ03+NxubYARpsr9r0lCpUGWjVndY5anWDrjWseGmhICyGq2jszlOZFdVA7VWfXNtbExFbxeTs2FauFAoaTxoobb8Tm8R6BGRJpt9oxbxVuR8vcwmqFHWbvv3JmAgUXptsL7eBADqy/Wi5AleYrTpIagDMYFafzsGiEMTAVIqdtSIQdbn17R8gu88LnR+fAgMy5JhWUaCKcTrf1AMsN2ERFL6K4FSe0gUmbaoQUCpQJal5C5HB8vs7BQPPPBVDn/7Cb75za9zw6Hr2XfNVcxum8Za02SxOufo9/ucPHGaBx54gIcffpg8LzDGULgSbbPqulOxUtEHMpti0wRrLUYEURpTkWFGG4wyeBeJwHYxkaItRsfY9JUC1fp/PaWFSO1Llbkr8RlsBDKp5LqDkBYetTygd7Jg+IVHOfLNw8xfvZvZt9/N/HXbkBmLXx+weuw8K48dZ+VrR1g/fJ4DyQKD1HB+e5dtbzzEzYd2c0atcer0ceTbx1GPP8O50w/QufYG9qVTnF/3LJ08zbFZTylLuOOadH4Kdi+xqDooHG59nW7SIR/2cQwoVnNSm7B3317O75zCSsAXBSoEkiCkoigTja1IxCvvzD039FYmx7PsaG3X1JKI0Z4KuLDO7qsU7//APRy81tDpFXzvu1/LV77yBI9+cynKtVHL8V14M51Oh/X1dQaDYWu+6h0rJTMzGUknQZshShmKIqfXyyi9x7tYTRwQlDj2H5jh4LUzHHnmEQ7dtJe/+8Pv4N7vfyM7FrMod+ehv/ouPvnJ+/jt//ezPHUkUAxLTJKiqCWNtjgGIvgQCD6gK/kwnSSx4e+G92xRFExPTzMYDMcC8fV0LAgdGZfRPpTKRmyT3nEsNhGmZ2y8t1LwRdW3SIV4iJpgQSBJYWraMka8b8IG6TxVn91qPEqaQOYmu6jqXxCnqU2o+kdCZa8HpRClq+kqUKEUPigQi9UJSaZZK85WY6gN/npfHI3VXBnagXifYgok9ClyBbJOYjyq6nhgFBglKAnRTtAB0Y4yeFwBXhROXOMdaDJMNgfFDMpOo7S9YCAsdp/qovQCqAVyl9FfF1BD/vrzf8sH33dPfRVsvYIJJngJMAkATDDBBBNMcFkjSHhJ+t/VFQLhEjTTU/X/REYGb0Uq1MZ6lBmIhKUnkGsIYWO/gJc4K+Q5yOkrHm1SXYExluADgyKnm2UYa/HORS3nSh7AIYipUxeb1TTYTMC3tE23Op4y+q5uHxudhmptTabaxrUrBsCaEpxRBFfXJYwjeKkaN6tn99depfBhXMomHitpggAjne0qR8tEKS5VaTElxlQSUaEh/GO+W6gIcmiaFobaJW+5s2P6yO3vxi+UOlt9TPFD1cuphpCP5HzMwGtfD2Na+I2sFK1lR1tqFhu7sOtsxa0fCPUxtMZQliWdbjdmOTfHt7oHZHSVP3sVw/O/SDeurtEVruRhQoh6yu1jrqpjqHSdPRhJYpGAD2WlHf1ishMneLkxCt7Fqo0Y0IpZslopjDagDRIcw3xI1u1GbW8lYA2mk6JSTTfNmJEu23ftIe1ZllbPMyxKlvsDdu3egffC/fd/mQcf/FumpzvMLcxibczK9yEwHAzpr/VZPr86Ni6UotudQllLkqSkJuX00RNoYmZ/J+ugjUGFgAuCUQYXfLM/oSIAS1eSpFmVOd/qF6TiM+VKCQLUEkBjd3pFBmoTA6xGgQoeipIkKIwHMwx4EfzQka55umfXSY/2UefX2X/LIfa95++wcmCKc9InuIKOnmP+4H78LWus7n+S8kvf5sR9jzGfbuP2974T3nqI0zMFM8axkB8iPbWKfvgE5z7/CM88/jRTyyVT0x32/IN7GVy3gJrNCCt9ziyf49TpU7hBYGewFMbiewnSsYRhQt4/z/pjjzPzzePMvfEWzPkhZXA4PFNak1CRl5fuFFymMI2doiWSzWW5zJ1338lrblwk6ayitDA3v8C9776Nbz3+MYKfITbhFoIa3QEb7wTnHAqFtQbnHFrHZrWlq4P/ScyINzHLP000eZkDUUJUJL7Xs0ShtGfftfDu2UP8Tz/9E1z3mkVElRg1QGFAK+bnNO9/353svfpqfvlX/pBHHhvgvWCMqiyE+L5qEnrqTA8Z2Qfe+2h/WtvYJHE5IYgwGA7ZrJXflvyM71klEhOIZEgI66BKkiTKifngCd5jVY5fX0Nyj1cBhW+CA4oox+SVipI+wVKWNFWmddChbd42yQiVLJGqnnWxoq6sbKJ6idBkwKu6aXiwhJCgVIcgpjqfoXViDbFHRP051j8HSUH1SKZ3ophB6YR0/SjSP0wQR8z6rzL/m7LA8WOlKGKihCoqc8hjbBqXr2y8aB8aFBkSugTdjftgXAzWiI+VKcEQyEC62M4OxJ3GVQlF0lRpAFTNiJWncCVlEGwwOJeCZBglPPjgY9x957UcvGYeeyl71U3wisckADDBBBNMMMFljdpBfrFMdTSqR9nA36mszyZ3X9cEbTsCUNF7ahQACOLwQKGiQR5X0s4WfnEkwJg8R726hjusaOm2JvYV7MXWapr1HjvvYkZPEAZ5TifNSHSCH+Z0kwR0Sr/MKZVUVRejYyTtU7EJNfnJiKAd/2ks77tFl9I+n2OhHqMZAKsScEYjDkyLaI3nMcpFhRDixifSoZsgFSlcX/f1M0CbSpZCK4J4qMi4zCZQSXEhEjN3fRmb5YUAIYDWzTms79sorRUJ8I0l8jVGZIDf9H1NZmutUWE03QQn9Ch7vW6i15YIic+O2oGOzEMkEJsjsfngqJZzfyFmhREZCaCNYZjnpCGgTCRb0iwbY+dr0mJj5uKmjW+xnVE1S00kVg0Em8w+NlVDCNLIE9WEbWwkGRCppFTq+1B81C6uJAtipY1M7pnLGO3rz3vfVL+EECVXjNaYJImZo96zttZnmOfxna+Ffj7g7OoS3gzxOud73vVW9uzbFfX485JhIRSFpygD4gXnc4piwPnl5UjSed/IAAFkWYYxljRN6XQ6TE9N052aJut1KcqSpVPn+K+/+3sMV9cpy5IsabT2CM5H+b4A4jzOBxCFtpa6z0G770+973IZvojVFlnAY7dR9S7SRqOcwvkSQ8BUcntKRapUvEMH6BiNwaK9xhQ5as2TKDiqHIOwzrRbg2QabyylEvpFSVms09nVY+7772bxtptZ0n/MuUePs1oM6XYsZ3oFa8M+HeNJ90/Tu+Ymtr/5VoZ/8Nec+eT9HLxhH+YthzjeGZIET6ISZucXWdi/iH/8GP3jZ8j278ZfvUApge5QuGpuG8unc05+8ev0zvaxSUIy10Mv9AgmHgRd0Z0TVBANolCia3ocLTC/LeWeN9xMkhZoPYjEqmhuvnWeuW0F5844RCyhMsJqe2yrI2utpSgLtNIkiY3PBwzeO06cOMfZc2vMzCVkxqK1gNSSPdK6jhWdDL7ne2/iwL4D7Nw1B+TEgDbEypVI0JtEcc/du/jQj72Bf/Mrf0wxMGhjR6E6qRMEaALsSmusHr0T614fnlomp7p+qoCnbmwXVQWu47sLquOJYBAIQ5Sc58D+Ht/7fW/l0KHr6PYsZ88s84W/+SIPffWz9M89g9WBNNG4srZBBKg19A3ew2AdVpcGlL4bZRGNIc/zUZJKXRxQjctohQslSgKpTciy9rOqlSCDJj7dEpAeVm8jsdtQEgiSgyoZyfYoaBPoAhIUhA7o7djOAQrZhkiHTm8RkwSENVCDxhaLRyfW8daGuzRmmQfxKFUJTOn4/K39M63j+VMqgzANajqOTwUEh9LSNFAWSQghQyfziJ7GhQyRlHigTLU/DpQH5VlbP4ftnwMzT5rNEJxBYTl6ZInPfeZvOfD330Vt7lyCgsoJXgWYBAAmmGCCVxwOHjzI4cOHufbaay/1UDbh8OHDHDx48FIP41WJNonwnd/4aFJv4AVV9Z3RJjqMEtAIomIprK+cZK1a5LNqrePl5gXUyNtSF1M8cZnxFHVT3QbRM8BLYFjkdJIMpRV5WZAmKVmaEsocT0DUKIjwkvjy7RSqenLE9cTvqvGpKoPQV5ISWlUZWWzIVpatyNUJgKphbTomAVRnd8VeGh6pG+5VDqAx0fEuiiJmYUloiPiaaI+naJTtHzbxx9GB3UyEy+i7KjOuPs9bNQBuE93t32uCu5b7ac83Noot1tmWAqrX0ZYUerbgaP2bqaoAjLUxmzLLLri9F4L2Pm+87S60T/Wf1rqpAmhXCMS/GCzTrQdZmqWMIrEveMgTvIzY+lqqrkWlSY1FJQonMcDXH67jg0cpwauAwzH0OS6so1KPmIC2kGUp3akeqBSlUoxNSZIEEU9R5HS7XUJVOSgyukA29ruwNsGmKTrRDIdDnlSHYxPhsqSbZoTgKUuH87ECQAGpTmOGbkX6GWtJqv5GlyPZ/3xQ33tKRdm9OviRKEvXJoi15OLoS6C0gp1OCVYjaYrBYh2YWUfnmh0MV9ZIO5AcPcczf/RXZI9dTXLXfvT2jGskZbbsYkyHU6kh272dG97+Rg4f/3Oe/syXuXXPIjfctoO8M403npNuwLczxzP7F9j+w29EmcBXH3uSGwbrmJ5lZdBn23yX0heIhukb9rJiSpamQeYt/UHOdCdlfm6aRf86hifPs/rNpzC75tn+ttvp7d/JsANeQVISSeZXqgbQ80JsMKtxUYKPKnhEwbaFjAPX7sSYlZZ55JmZmWXfNXs4fXIlFg1UNm+trL4RwQfKsiRJEwDKIsr6GJswKODpI6c4cfIc199wkOAGuOCxW2RzGKMpipy3vvlNlE0vAaos9wr1OxswWeB73nUnv/5bf8axk9X6wkajji2vAaUUwQec92g13nNHgoCuGgLX769WxVHNaUdKfZ2pbsEP/8hb+Il/fC8zc4IxYC0Et4v3vucQJ4+/gxNHDqONpyjLaL+IHlUSqNo0NgwHiuEwB+lUvyo6nU41rhCD6IzG6oPHGktiFSLDKMOkosOysWop2rAZMMNMdz+JnQM9wJXnq2PkQDuCrvqEaN+SOzJonYGeQkI36vVLSpBtpNlOsN8mlNGuGm25zt4Jje0vVSJWk/MgoxAFMGq47EfdwHT1X4PKUFfKoNEIBiUWQg8ns3jlIZlBqymMGASHV+eQ0EfckP7qMTqdKfAzFHmKG/QYupLP//UDfP+9b2LXrrmqd8yr/uExwcuASQBgggkmeMXhgx/8IL/+67/Oz/7sz15WQYDDhw/zG7/xG3zgAx+41EO5YlEWjh3bd7C6utoQPtPT09TZOcYaFncsNvMLwraFbRhzaV53TZZw67v258Y/CJGAMihUiHN4AS8SG01p6jqCxrTdyiy8KNpgK5JuU3KuGpvveeFCBOKz2LHPx8SNmTGt7N8tpjcPaTM9C+AkMHQF3SzFDwvW85xup0MnzRiUOaKiEzKWzF2fwA2H7mL2YURoqvHvFI2jMeoiF0VhYsZSPOebHN/KM44FAAomDU3HICJ0Op14XdSZtK0KHKlI4aj3I1V2sUJJbGYniQEV3T4nHu8dNqTEhPLxLLfRX/u7NpkdWr9EJ7X+vZapaWe6x+/12DrHyIimEmBrcnTz9ltb3/QMUM06L3Qc29uz1kayJUkoK/11rWmeSiN3WlpX7cU9T8bIf7WR8B/NMxYYqYJgNVHbkLO096m6v6BJq/Pexx4GkwDaFQcNJNqQWgtJgi+r6pwQmOp1We6v4kJAadDW4JWwurZOqkx8twaF9pEoK53DGIs21XNCG5IspShca4ujIFPwsXm0tVFmw1obs2SLvNLyr4Jz4sEHfOnwzuO8IMpgkwRtDMYYvPPxGdOSOLriseH5EoLHOYXzmiJ4BIdkmmTbDKEHRSYMdKBQsfIqw9LrdvBBmJrvMSeK9W7G2SefZEBBxw0pBo7B0hmSx5fpnnUY3WPVdplPZ7j5xpv51lcf4Msf+e/03nwdU9fuoDvfZef2WdKZDj4EtvXmMW+8i8dKz9nPfY29d93Erh3z9IcDgtXkzjEwgrlqETfIsas5C2kHVwaO56vsumqand99J3YlJ59NmTu4l/VM40SijFHh0GnyKpbyFuqySYWgVI6xOWkieO+QUqHEs3P3NrK0BHF18jWIJ7WWnTt3olhpclAasroxuuppRZImOOcp8hJjDUEk2m0iJLbD+fPLPPzwEd70loNkaQouj/dnC0oR+3kUJc5F8t+5Eq0UKD2qxpFmJAQc23Z0WNy5wPFTy9W1X2d9j79X6ndVdXTQSqOMwnkH1fMgzke0+VvSZ83y9bICEhzIkKnpkg/9/Tfzj3/6rUxNlZR+ndRaJAhWC9bC9dctcui6RbQSvC8ZeRIGpTUS4r0nWtFfHuCcI0kSXICiKJoKRKgCW6190lrjvMO7AptBlnUrw7WugGjZu2hEUpJkB8bsxpg5lBkwyAESROsoLSg50QKuW0AbQKNVirHTiGQgsdoiKE3QlqBsPCsqkv21ydX4WWM2+8jOFqga+gIqRF8rhKqKg+iTNZlELRupqlAICGhNCAnIDNbshe4iIrMkahatUsDjZImyOI33y7hyyPr6Efo9odu5nqJIsUqzvDTkv330f/BTP/nDpKmd5CVM8LJgEgC4wpCmKUVRkKbppR7KFYuiKEiS5EWvJ0mSybl4EXipzsNW+LEf+zFEhJ//+Z/niSeeeFm28UJw8OBBPvCBD/ChD33oUg/likWSpPzqr/4qw2HV6EvB/NxcnFTwQz/0Q7zhDW9o5hcRtm3bxo7tOy7FcBvKSbU+COMNjWsjU4tUAYCY1RMk6pX7Kju1doLaqpIbITzLj62ZVGt6bLy1oxE/VPM8T0JCMWbwbxrfFrM/H0jbIm5nTLWmL2qM1YB88OROkWYZIc8pyoI0y+iEwMCVkaatSOGxHVEtF69dnfGsg9+w/fqjijlGCl1NVye/2q9AqEqn2wuOpoMP1XHRE29hA7rdGABQ0nL4JBLwdfl//b1CSJIkygI5j1Ix07fOBpPg2azJ21pH2zfcRCq3CfnxddSSPqP5Nv5t2M5W29703fiFoFsO/MZgWR2AaH9WqiYjNq+/rgCI69VR5iTTFfE/HgQY3Rit9TzHvbJxmxsDI5tQ3Yu1tn+zj60s7faxNMagtSbP16Nms0x6AFzu2PR8Vwrx8R7WUitEK1DxWT4sckzwGBXvrf76Gk4UVgxKJSiVIGi8hzTpobTFaEuQKGujjR2FrtpBNFGNLIbWpiLtBXEuylCVJcF7NIpep0sv62KwlNphnRCUqciiEHuG6Pq5H8l/7/3FxsouW0S98NF7OYQomeIMFAZK5WKwJTPkpsRpEKsxxmKx6ELj8xJWBzxx7Dj9lTV2v2YPt73rdSyHAXnXM90xhOkcvW7Jn3iC85++n+GZPou7d2M6HdaDZ00FVs+dRUwfnnbMlkI5DCSmCzO72LPjKu44cCuPfuqvOfX4Ga55y21M7ejRWewx6KWs6oLulGX52BHC8VUWd+8hnZvlZKpZN4bOLdeQfOsIw2KIn05YdgOmmCURHcn/V3X2bksCSXmMWeH22/fx3d99D8GVfPJPP82Th59i7949JEmBECIJqwKIA/H0ur1GOROlqgrZViC3tnmISRBKa8QHghe0MtRhA60TtOrxqU/dx0/99FspdcBKNb7WKdJajZIAVL2swVTPlUYGsmUnS9CEoCgKwSgbx3HhQ0I7DT2IgJIR8V//qhXBe0IVbN/4OIhcdKwUTm3Oa1+7mx/90TcxOwVK5xgtqOCir6AUKtFIGFb7UL/vqsA/CiOxD4LzgcRq+v3V6pjWconjUazoz0RHQqGqygsLQVOWOXleRuEdUZX7YKp3cUwJEMnI0kUCMyi9gLXTGONATSN6Gk8XWCbQR5SrDJIYuDXKYs0UTlIEWyXpOAoRRE0B04CHEIMc40etPpKhsgZGtomEkfWihCYgEk3x2BC4XTUQz2EMSojyKG3wzmLsAp1uQmEULs8IoYOoBPBovYOkcxVWjlP6Z1gfnGJ5pU8nCfRSzVQ2R2Iy/uovP8vttx7iu77r9Re6kiaY4EVhEgC4wjA7O8vZs2fZvn37hHh+ASiKgrNnzzJXEYYvBnNzc5Nz8QLxUp6HC+FDH/rQhGh/BcJayz333B3tQV031oLasNu7dw/7rtnXfCcC2owyhrTSVUn6dxaN0RgklvQGHzNqfPVbEFQQDAbwKHRT8jyWbl6vhhbH/jzJgrqZF3Dh7LQxfrI1U1W+/RxbeH4D+g5gI2nY7iihBEJZ4L2nl3UIwyH52hrdbg+tNYN8GIMxGmDkBAYYOYQvYExBRvqvcZCbV1Q7KbFy4AISVu30Jn35HftLCaU03W5vJAdTZXm1JSpGOvMx8ys64wJS68rHdcXlw1iGblsWBGgCCqOs+nq6TeS3AwFbx8o2yv3U37XP/2YSv76O4nNvvOKAsfnacmgbP28cx8YqA131P6g192t94CxNq52R534mbQg4XAgjTd4L/14TsbWEUb1PQXzMQIxpmnFrlZxTYi3aKIq12AQyVog853AmuETY+Pyu32EqSCWDESXSjFJYk6CAxBoQYZD7SM5rhbYZSlkEi9YpiU3QyuBFoUlQKoWgYn8I/OjNpxQiquofEqLsg9boxGKMbQJKLhRIkmC1RkJAK0ViLEYsOjFYA14pSufJCxebFKuokU9FlNdNfzcfhHosL9thfulQZ2ZXj0dtNTpLyLsGNZeh53qoXkqSZVirCd6hSkF7SPICvexQ5wYUZ5ZYP3eK/Xfdhj64k6Nuld5MRgdHuTrAKMP2228g2XsdJ67ay9JnHmb1G09jOh32veMurvqBN7K8UyHTijDsky0PyB89ydOff4jDX/wCR86U7JvZRZfAiYeeoHjyJP2rZ1ja02XuhmvYvn2B2XSKXd2dHH30MY797ReZ27uTcO1OhjumWJ+fJ9y+j9XHn2AuOLqppaM0+EBuDRohU1tXa74aEKqEF4Pjjtv28XP/4u+RdQuCOG668Yf4jf/nv7B3T4/g17CWRjpH8NStbpUKNCWYqkX+b4D3LpK2xuBDwPUtkvwAACAASURBVDbN4KvsmZDy6CNHuP/+p3jTd12DUQac23Jd7XdhfN/Fd6mutl+H8AUFknDsmcC5MwWEBNA0uvIvBCr2wdFaN8F1bcYrO5UA4jE40qTPvfe+lp07gTDEaoUXQalKqjAAyqMrOR4ldVey0ftSpArYScC7kuGwIPjNx2LDQFEqBkyyrEOer2N1VYlRrseEFS2oDXZPHH8CoYtXKWVF5Ced3SgcqAJhlYGcIBRHYzCIeJ48xOe3ZPFPWQRHQNBmjjS7Dq/mcfkJQnEKwhmg3DRy2TCeLX5sfRBUCLEvU6jTr9T4HLXppTJMsoBSXYLTuJAgYmIQSxdoSdCqE+VeVWBQrFHky6ysPo4mJ0tfg0miPfLxj/0Jt9xyiIXtsxc4/hNM8MIxCQBcYZifnwfg+PHjTfbVBBePJEmYm5trjuOLweRcvHC8lOdhglc+RpqYkCQ25pC0SfwmG7smvsYJNmnKkKsM0UucXhelAcbdGKVihrmpUlmDGhW/jnSsY7ZO3dRWqsbAYzGQmJrznGPYIid3HGMxh9aHZ5HZaS+snscxHlP5HnM2Lma6Nc6Lyv5Xm/nEKtvHB0dBTppYggh5UZBkKZ20Q+4KCLGh5Nj2W4dmLE+7IXfHJYraqIn/cYmW2u0NSOV0BppigDrpaoujWzu6XMzpf3VAooNqTIL3UQ88SPxXKi34RAsGj6nuPyQ2GI3H3BN8GYOGEqJTrgy64fNH8jZtaaGgRk2BR8GZ0Jw4kRj1W9yxnQMH9vOVrzxACK5qVmy5/bbbeeaZI5w9ew5rotSOtbHZ7q5du7nlllu4774vMhhEJ1tbzS233sq5M2d56sjTGK1jRrKSOHat+b7vu5cyL+l2uwzznNOnT/PII48wLPKmkTBVlYOxljzPmepm3H3XXUzPzKCAsiw5dvw433rsMSASrEWeY23CMAQUAe883V4PVzpee8cdFEXB17/+dUSiPJtzkVUwxjBeWbSB4N0wFaRusNy6/tXocWesJgSPNlCURRXU0fF9EFRMEmUUjBGk0VyWALFB5Sgj8JL1iplgS7SlcZpAjwKbWkSB18LQlSijECWUwwGld+RlzmDYBxGmeh0ya7AqBvIcgBeUjtdCag2JNVibEJTgxCG+rLarKsmfJGYpo9A6AQwSFKUIWgtlCChtUCbBu4ARjVSa1Fo0ohTBC845QFWZyrGJZkJsBGmNBTRBE7NmVU34cVk922Mj40gklhpEC7ap/onyWgmBYcdzembA7FSHnW+/kez118CuGXwCLK+T+BKlwfuADD0yDIRhoBwWmOBIgkPjSCSwPeuSqAQdElKVka449HKf9TNrTGdT7L7uBr712Bk6B/ew731v49xuzbqsQQiYjkVns3Rm57jzlhs5+Sdf5uk//ltWTp1jzZTsvPUg+7/7Dtavm+fsVGDgCla+dZQTh09yaGoXu1yXw2uOo8dPcH54jmTHLOnuPVy9sJ0zvZOcWxuwXTKS87G56GAevApk9gpPEGvsz/rzxpisNA/kUZhbYma7AicDpmYLfuofvYuF2SEurCHiuXpvlx987z2sDc8gLkebjLrJryBgA5AzqiDTI6Z1bHhx+1prgsT7SasROV0HC4NKGKxP8ZHf/SvuvvsfkVlDTSy393V0k0VSvA4OR0JdYgY9Gm1SSg95YfiLP/sS588vE2S6GufoGVXHLYT4To5m2ujl1dh/YVQFOGpaLyhtNht8UvsMMQD/muuvI000VluCE2TDfqn6OG06fKrZnnceowxD5zl//nz0lS5gT4ZK4ixJMpxzDNbXSVKDK3OSjsYmScsXGV+BiEJ0TilLBOUISiNYjE0q78YhqoMph6DOE1gHKWNwQjI0M4ieik2hcYhyOBGCmUalV5Ek25FkGxTzhJU1tgoAVEd2dDCr8xHzElo11koQVSBqHVSOwsTnXnOt176lQkSjSdGiQUyVUKIqXy2uN6h4bWiZITV7ELVOOXySIltnMDzK8pohy+awxnP0+FE+/ZnP8IPvezdCrNDQE7tkgpcIkwDAFYj5+fkJcXqZYHIuJpjg5cdwOOTRRx/l/PJ56iad3oeRYR+kcSCD9022TOMYVOWrSZLw9NNPf8cDdmNJ9oqq6WidjTOaR1GRwlXqf538Gp2aivxS0eisl29RVu1NbIJiRGqN5Sa1tTmDtL5Wo59aHXBlwzJbItQhiotETMMejWPTyMeno/l94ayki9qkNGZ/dQ7iAS6LEm0hTVKKsiTkBVmWolTGwOVVyfbW62z7pqPzc5GoHN9GkqbKNK0/xiOqmvGOqkOqxVuBr1cv2s5mfVeoUXM9o2NWr4k3lvcBg6ClemaIA6qMcmsIJfgyJ8lSnKoa/aqolauD4EVHqaBasJfQVIUIKgYaQiT/al/YWkPwsTno9ddfx8/8zE/zP//Tf8ZgGMn6NEn4hz/xE3z84x/nU5/6FMO1NWwaM5Vd6cjSlP/1X/5LfvM3f5OP/dF/I00Srt67l3/2T36GX/vVXwPv0DqJgQ4RkswyPzfHL/7CL/DV+7/C0tJ5Zmdn2bd/P489/i3+j3//71k6v4yuyHljkqbvxOL2bfyrX/x5HnjgocrZT7j5llv46Ec/ykc+8pGYOa0UwZV0Uks+WGdmZpbB2ho33nADv/Dz/xszs7P86I/8KCsrKwQnWBuDMSKyofhow11fBWSaAgBRUZO3ImiaKiYNzpd0dBdXkbXnls4RJGCURsTEZbWGSvZA8PiyKvdXmsI7QD8/CbEJLgnq/hNNFY4Gj8cpYYDDaIN3rsmkN0rR6WZ4V+JDjusP6c1MIeLQ2iDG4oHpTorV8Z0XxOMlSgBFHXBFmqaIKJzzOB9I0zQ+C0QTqrakIhqlk1iJYBLEg8agg8ZoEwMDKIpQ4H0gSZOY5RsgUQlWJSOCqZbq0NUzTVo86OV0ibp4L7qqYacWQYtqbBaCZzkZsPaaLlffdgO977mB1T2dGNg428ecXaMXFJJlOKuwNiOZMTCvyLUgyxl2OnB26QwLWkiM5fxwyLB0DE4ukT9yHPPMCrKaMwiBHWuGYpiTTaWUScmqCnRUfJ4UIqz4kmFHszg7w8633clM0eOZTz9AbyFl//vfjrtpgRPTA1wKU2GGHVMzDHrzLD/4NEtPnKN39TZuevfdHHerqLKk/9QJzhfLyErO2SNneM3AoztR0skA4ZXSk6eyLyJJXcnp1VGpJgGiTq6oI1axt04Ia+zdN8fV12SIP4tVKurbS5/X3bGfM2enscqQVA3lRznjnn5/mZalxkjGZfx9UVeCGWMoiyIuHQJpkhCCq14kKYm9is9/9gmOHR1y/b4YmBl7D9WJFtW3sblrQCkdR6UE8DgPaEvuNV976AR/8Ad/xdraKlknA2yLRJYmOWkksxd7iPgQpb5q+Z9a77+2hRUxiBZtk82nROko+1jkGmN6CJqi9JWxqJsdU2rUPazZyea5UlmVIQZOotS95vzSeZLEXqhAAhDSNKXf72NtUiUpxSB/URYxAIOM+xHtg6z6lP4EXjli3WXd/BxiGpTHJrNkySzr5QpIURHqHYyZipr64kF7RAWCWLx08BrKsiAoBUkA3UOFfrXd0Njk49ZHXcvRNqrjtSYE0DnoPoo1kOl4XUhsad2c4vq6DxrxGiUlClddMy2bvVp/kITg50jMXlxYQdwK3vdZGxxjZW3AzNQ0zns++Wd/xpu+6x4Wd+4gBInV7BNM8BJgEgCYYIIJJpjgMkbgzJnTvOOd74iGltYViRaaUvl62jf63C0yWQRjLHUjOqUU5lI6ZRLwIcQx14QuFbkbwFQGuVT530qr9u5svcrW7xdjHl4oiyS0lX6qDOf4oWW5XgSis3TxeLlp63Zgo40NeUnN/wdFTgieLMtwrmRY5HTSjCxJkbLAVwEnxhyGFz3KUfabkias04xULiKc8KoPAGzEc1+FqvUXCeG4TJJmuEHMVJTgY4NQwDkXr2+l0BVT3gRlqjVueRaqoQyHAyQEOp0OiphE0O/3MdbinMcXBbOzseS72+1S2vjsqhsSHjlyhN///d/nH/z4j/OlL/4NKysrvP/9H+SJw0/y+OPfJhKR1RNFacrCYW1Kkmb85//8n3jwwYfQWnPohhv4t//u3/G/f/jD/OK/+iVc8PiyJEkyhvmQbqdTNThN+K3f+i2efPJJZmdnuemmm/jwhz/MX/z5n3Ps2LF4rKzFB48rfXzGAjfeeCNPPHGY1915J+985zv5+Mc/zmAwYCrrjDXqbTdTHG/qK2P3VsxejIHTmoRqiKBKo1jpmCW+tHQOpdNquSq+KL7ZRnAeElUFgTxra2uvjMarr0KE0lWSFhprkqib7WJj5yKPVTWZsqjUIOJw1pNmXdb6A9bWBszOZyiB5XPLTHWn2bZ9Gk/kx8oQsGkHX5ZobSkLj1aW2ekOZRmzZbWyUWtcx94tIRSIDxTrOVYnSOHRqYnkTSzxQ6KQNSYxUQqi1i6nasvZyFrFF3LTOPRylKkyVb8EpTAS0D6OP6iAMQmlzikWe1z9PXdx1WvvwC1YrMsryUOFJBaXJviZLkUvpUgThtXz1SUKzQ72JrehHj2OPH2aI9/8Bvd/+xHs4gI79l7F7O55phfm6RaK04efZvXsaUKREx5/mnNf/ia7/3/23izYsuus8/ytYQ9nuFNOSs2TLUsekDxgyzbgNm3CbUMV0HQRBRHd0a6Gfuh66CKguqodEDxUNQ90dfHSID/ZVBlcLmgMdlC4cHgQMrZlSbYlWfOUgzJvKjNv5h3POXtYa339sPbe59ybmZIsbJTC56+4ynPPPWfvvfb4re/7f///T92OWras1VtUAoeGK0yKmvNPH0MeX2e5l7P/0EHWy22UNgyXV8gRKlezVUxY25eSvfN6hof2Ef7yO4zFMbzqILUYLDDoJbzw8HOEs+vIMycZ/XdnOXDtfpw4RlZIL7sD9oPG7vEGiZHstdddjSFq1gfvcU0svjDsszAcUFU1oarRapqOrWrh5InTUXZFmRmSSPu03g1tNHVVoU30kgjeN502oesYTpOc0Sjw5S8/wI3/43t5OTMBpdruMICoN69sgkfz/PObfOxjn+XEiXMMB8t4mUoGAl1iPIbQbaUkPq9iUVGiwe4eSb7Z52M7H2iXRzv6ENn0RjTPHj3OrT9yPYai2U0KJbGYEIQmGU9XyKHroJ4prjTPVO8D29s7jb/JxUNcYyxVVWKMaQzQNVrTyQbFA6JAS9yOmaWIktjhrAJaWjLP7HljQOVYu0CSLsIoA6lAom9IkjiUqdDeI5JggsG4BBPABkfwdVPsrxtKxszxeEUBe0AoiNJEM+QxmS1IKdqujynZalqoaqN31W2PRsSSmEWCGzAZncWYijRPKcuMXp7QzzKOHj3KZz/7Wf6XX/1V7Fzec47vI+YFgDnmmGOOOS5jaLI0a1glUebBOek0MpWOury07KQ24JpJLnWJf2MaRv2rmOwJgaqqqKqKrHkrpi8UWukYTHuHSKD2NUElXcgqXcJ5d/Ls4qnsPVAv+utL4+Jzrovi1UxDvxIWfJeCVA07S0HpPXhHkqYE5yiqijRJGGR9iqqMrGEz4yXwCmLzXTJBze8igidENmkrEUSUrklMNtUC6tC2qYfYeTHPY75stIzaTl6jnccBeZ4z2QIXBN+02ccEn0NCEifsOvZ5RMTE10tNMJM0RQN1VSEiDIdD3vve91LVddczMhwOSZKEsixxzpFlGVubmywuLVEUBZ/85Ce57dZb+dmf/VkefPBB7rjjDn7nd36HyWRCnuddh1OSJNR1TVVVBO+jUW+egcATTzzBv//3/w//97/7d9x444089fTTJGnaSCbE+6z3nl4v6+QANtbXefzxxxERlpeXWV1d7djY1lqKYsJ4PObAgYN86EMf4j//6Z9y7ze/yc/+45/j7rvvxnsft6XpJvB+mi14set2199kOqnurlwdOyeQ6BEzmRQsLvXxYVogaCfqIjTrbRiH3rO1vjkvALwmoQg+3gG9C1hjEQxJaqP+vleoSlBeSBJNmg1wScrm+jaf+dPPYvOMQ1dcwaA/5MpDhxkOF1haWUH1etz+zneANVgFVuLyWzLB0089zXhcYFSUJHF1LOiDsDXaoJqMOXnsJK6qyU28V4TmHu4DuFDHglnTeeKDkCjBEGOU1CYYo3d79VyOaPJfEgndmJYJG6Lmf0VA9ROGt92AjEvWBgotFT1lkeAolKCXB1R5gu+n1InBa4XVihRN6hVu23H29Am4/1nOPPQkO+WIt7333Rx82y3YK1cIucaJwwTF/rM7cGzCzkMnef6+7/DkX/4NvUcfZeXmw8iN+ziVFBxRwnhS4k6tc+jICDlVUq4X6M0xkz/7Ejes3cE1t11FPbCMdEZpErxWHL7xarbedJb1bz3CzuNHSG9d5gwT0iv7HF58C1XIefye+xmdPQ8WCqtJEZJX+RBdDhARDh08GF8T79eJ1gTxTIoJwYM1hqIssJlG6ZignowDZ06PgBUQM5O0nqatp1B450mSJHbphGjI3T6hgyi0BNY3Nsn7Pb5531P8/IffxpX747dDCDMeMtMlt93GAMoafAAh5dy68J3vPMvHPvYFHn74OM7nkfltNK28Twi+IXS0ifzpthKgdCVTc/vQ+RGJp7ln0EiOhV2dae3z0IWAQlMF4Utf+Qbveu+VHNyXkiSe4KYFA9VJEjZ7rpUh6uLLKSNeNwWHrZ0xXhR7+/TaZdZ1vHeladIUJuPnjE7w4nY921EB713TKTmtKHjvqN3Fu7EVBqUsRqVANFkOQUh0QMIWhDWMSlGkKJWDyshkQs0YkU1UWMe7c7FwMHPOXBxqz7/TL3QduaHAyzZIiu5Sp5cwUBPpCjq7Cj/dWiR2eUkCIUXRw9WKsiiRuqaua1xdI3nK4uIif/aZP+fHfuLHufWWW7D2H0hH0RyvOuYFgDnmmGOOOS5bKKWo6hjERQO+mCTt2HGhNancqyetLho07132pf72A0GcieCdo5oUZEzZLyIKowyJiawY8VC6Gp+AKE3rbzBlQbXMoN24cGI0fb/9g3qZw52dINBMatTLyJO9dBr0lWO2e0HtYcRciun/8tCwkLRCN6SeOnhcFWJCRhtc7ennCTbrMyonlD4aOQcVZlWSXjZ2HStp/SvojGrbDpH275m14GWmQ2CWMdZ+L3BpZ+c59uLCqZ/gRciybPpOc91NzYL9zD2jPQ6yZzkXh4QoRWSsJUkSFhcX+ZVf+RWGCwvoplPppptuIoRAURRkWRYT8f0+dV2TJAnGGP7kT/6Ef/V//Et+6Zd+iY9//OM88cQTTZdTTGS0HQNax6Ki0OqOQ1XXDAYD7rv/fgbDISsrKwQJZGnGpKwjo9/FSbxznquvvhrvPUtLS/zCL/wCGxsbnDt3LhYxs4zt7W0WFxfo9Xo457njjjuw1vLwww+xubXF//AL/4RbbrmF+++/P0qraH1B8n/vfutYzzO/72JBqrDrM0ppRuMxSZpG+ZW2UCChu2d2Hg1NQkUpBT6wtb3FvHvmtQclYLRGa4N3Hi3RvNvYhJ2NLawypNkQaRihyivyhR7KJIwmE0abE8bnRlhreVY/jTKGoDXpyiLX33Ir+w8fpC7G9JOUoDzWpoxHY+65+x6eeOxJWkPNSEiIJIT4RPa4siK1KYlNqZwjT1Oq4HASDU21JsYsGnbpnkN3O4kyGopOIu8yPEUlNqdhiEbMbZeC0jHp6DNDvZgxVjV537CkLNoFJuOSUgK9fQN0v494RxaifFASLMmkRs7uICd3qJ46Q3j0efy5Mbe9960s/dg7KfZbNgZQ9AWfpljvWF5cZOnKqzl44CqWVvZTPfokT33zfp7/1mNc9dN3csXbrie94YqYWHuzZuGMozxfcvqZF9i+9zHqo2c4duyL2KtWmBzI2e4H7IEBtfWcXV5g32DAcJixes8DLOy7k+VrBxzZOoPqLbPy5qtJTx7HVh6pAz6DjNB0AFwqKvuHjEArXAjsisXb5HjoCBBRridJLO1VIKI4c2abnZ2AkhxF7JQR3TLgZ7tMY+zmfSz0GtOSY2L8pHUSi3Uocm2pqpqnnjzNsaOnuXLlQBPzTQkXs9eZ0hqroqdOHQw+aO7/1gn++I//hnvvfZ4TqyVZum8qdSOa4KN2vlIqyn1K28nT7Ifm0aRUNIeNsj+BENrn93RkewvTu+Y6CkQ0HsvX732cP/nTr/Krv/JTcby6QkKYiR8j816149vTTDEdcuwc3NkevShRSqmYiPY+rsOHgDHRkwANWltm4yLnZmOmeMzr2lGV1QxjfvZ4Ct7XlOUYpQSCQ4kjSKAqz0FZE4zCS4pIH0WO1COkGmHCGFeewxengGqGLDWdO124E6b/Kui8ttoZUKBEwjh6PKgZj4CLYBoJxnHslRWMXhAaJQqRBF8neFG4uqYsSlwV/02zhF6egdJ86lOf4rd+8zfnBYA5vm+YFwDmmGOOOeZ4TUApjWkmlkEaWQ6tYyu5SBfkeX9x4cpXXSO9iTmjEfEUXXuoBuUDRoMKMRHZpr0ECGom/08j49ks9x/i9FKzu1gRJwozv3+fOxJ2MflV3N/ex0Rqv98nUZpqXJD2ewzzPjIeUYeAmJkFfJ8OhFzwW5Miktg+PUtX7+SaxINyQPoP84T4PkIRmmrW7kRFTKILSZI2E8fGeDtECTGtbWTH1zXSGOzqhq3XMetetMNIKIoidnqEwNGjR/mN3/gNTp16Ae89g4UFfu/3fo80TRkOh0wmE7SOcgGT8Zj+YMDm+fM89thjHDlyhMXFRT796U+TpikHDhzg2LFj9Pv9qIVcR038VnO/N+hT1TUoxcbWJnfeeSfj0ZgzZ86glaKuHYkxIILRmjzPSVPDH/zBH9Dr9di/f5mzZ8/z67/+66ytrWGM6YoARVFQFAVLS4v81m/9FhsbG/ziL/4iSZpSVRUf/vCHeeihhxgXJdZGY+NLFWhftBtgtgjQvtdIqm1ubpImKYPBgNo5jE67AsCsMpxIwLQJHxHGo3F7UszxGoICEpuS2xwt2yCKsiqxeFJrSbUis5ZEK3xdUpQTTp86R9JLyUnp5zneC5lKCGXAEaWhis0JSjRKDDbJaUvaujH8HY8KNs9vYrQhsSlaa4zSWG0IzmFtgtaQDLMo+aUCyipC6fHBYbQmTdo7uDSeG41fSGg6GYN0TFK9N091uUGmHkZidSySIhgMIXhq50iMZWhSFj2MVlcpRjvYgyvUKMpyzDIpy95i6kA9GVGe30Kd3GBxw5O5hLXCIfmAfddci15ewQ+FxNboqqI3CeQ7juT0NuvPPsup+55l8cnT9HdKEgcHb7mBm+78UbjlINUgYbsqKFPB3GBR16Tc/PY3oX7ivdR/8XWOf+5uRvcdY7Js4HX7SLMMlQfOrh9lI4F9LuH8sydZ+mvhhg+9m8FVV7Be1oSVAYs3XsmCTnCTmnFf8MFhk+xlycz8w4HsYol479FKsbOz04VHoatltffwNlHctI8AiOb551/AVQbvARM/03rHfG+9MWYaNxqNtjmrqy9w3/0P8d+852dwdR3l/YJvClptIrjx4UAYFTWrqzv88af/ls/++bfY2MypfE4v7xGIMjuxK1kR8DBDUrroXmqu7SBCcK7bZ0q9NHmj7Q6I3Q2CkLAzTvhPn/4qvd4C//Sf3MlS3zS+YbuJQ34PUUE1/zOdTI/gXWBSlCBR474l1lzKH6d7EouQ93LGRclkUjBbAJiuMMSCZ1eJmKk+dBJnAaUKKrfFuFgHVTY/NUoSREaIqpiUGwQMhAwJgclkTDEuMFrhJudAdlCqQlrXs5fd+a2IrU3TEWocXk3QqiboLBozh5nxXXJRcbwtIj2n9Y4xKBJELCGA9zVFOaaqepSlIS8TUmNZGi7y8MPf5ejRo9x66xt2z3su12fCHJc95gWAOeaYY445LlvMyqQMBn3e9ra3c9ttt3LFFVdw4MCBaKAlwtraOU6unuTBBx/kwQcfxLmaEHYnlXbL5vw9joFZpjeIi9qkXglWaZQIKgipDyyJYtEpRhKolVApwRETBVYpZpuUp9OnaSfApfT9Xyvmlpfaytn9d8nvyp4/v4Ihd+dH812TWILAqJiwkPbQacKkmGCtZZj1qFzNOFRoEydXvmu5ni7j5W+GoEUIGkQrvHgMkAYhE49pWNNCZJFGSWkVvxMCEqLJaStlNEfEtB172tEiUQumYXtJxwCXZhJqkwSlDb6uEFSUxgGQmFCvXYUxacfOVTSLaCaZe+8zs/q/WZZFmR6JRnobGxv0+j2UjiaGvV6PoiioqqrTAh/t7NAfDCiKgpUDB9je3ubkyVUOHjxEVVWI0BQElijLsvmeoqpqQKG1Ic0yFhcXWVxc4rrrr+N/++f/nC995UucPHkSUHjnSNO8MR5U1FVFXXv+9b/+Vzz33HPcfvvtfPSjH6WqKiaTCUtLS+zsRIO9sqwYDAZ84AMfQCnF5z//eUaTMTZJ+Pa3v8373/9+rrjiCp565tmObbnLA+Air2fv2UI0xUZi8bf9HEinn15Xjl7ej/vXFbQJIyTKq7XM01jSaRjLSiO+8XGYXzOXPXadG1qRWIu1Jkp/VB6NopwULA4H5NqSJ5YUoUZDHVjuLRJMlLAIQTA+MMx7LCwMqRFGwbHpSkLpsMqi8bEjDBW7dxpWvjGGNE0xyhCcb3ymDWma4aoKJVA7R+0c/UFOHWqq4CJTVhtSbXEh+lFoDEaBUYpEGzJjsTSygDNn5Wy69HKByLTfLKhYnguauG8JpE7IJo7xmXXObZzi7HMncWfPMzi0jwODRdAWrQS7U8FWTVVUjF1JUUwY5AY/EJS1lDcscObEKU7f/WUOnjnG/huvoZ9Y1M6Een2T4yee58QLq5RYxlsl+1xgyQS2E8cVy4vYxRVqm7Pla8Rm9JUiHwXcs6c48a2/JT2yzmCtYmW4hFroc+1PjyZK4AAAIABJREFUvJmV97+F7SstVVJSjNbx65sUq5vIwoC1547DX3+NW3/6fWwOBUlTFg7tI19ZJNjoB2GoG0PnV/MI/X1ipsraZCklBLTtce5sRSl9ghph8Ag1qIASgzQlElExdlFKQUg4fmyD2qUECShpk7jMUrNffGuCNEzzVmbGI6KxRqFY4Gtfe4qtjxgW+ooQarQRKvF4LFrluMpQjxWnVjf48z//Gl/+8sMcO14wHvcI9KmDQnyNMZoYiQneNZ5jCpz3tCQNmD0PVFeYtsbgvW+UHdtuiUuPadaOSxGLFVoM3vU4f67irt//Avd+/Qk+8L63cPONh9l/YIX9Bxbo5Yo0F7SRRjLVYUxAJMaM1mp88GidMh55dsbgXBKLIS3XZBrC7PE0iF0DPsTOHm1M7KBsOvTaTr0QtY1AAkJFYEII68AYHWyziyqELcpqlbJ6AdQmEkpEh1hIlXjeBCYkSQ2hAl1RlCWETbwbUflAkBLwLTuGPW0O7d576ZOISBgIocRTRuKIWJDk4qdg18bbrheEuI9FFCgLYkA0QgVqRFBbhDDCe4drYqter09dlUiW0x8MmJQT7r3vPm666SayJJleB3PM8QoxLwDMMcccc8xxWcMaQ3/Q5zd+/V/yP3/kf2J5aR9ZlmGsju2yoiirirquOXLkCHfddRd/+Id/GNt26xkNyF360X9/0VMXqzWrrr2j9A4vmqAiYy4AiReWRLMscA6oCBTKUzXtznqmnXR269t24xaXSvZPW5x/sEWQv0uxoW29veD9mZ/Z92YxGxOHS3zuJUcuDWGn+Zk1Kd0qx2Q2JU2iYStB6NsUqwwb5ShO+nVkg+2a972s3S1dK7So+JvzgQTIBfqAVQ1jVAmaQGyLj+d/lMdyCGE+L9iDaGY3ZfgDBO/xjSSOECLjV0fGv1JRq18Ziy+ivJPygV6eU5YVSiuccxidNMzdEJPKrRdJ143UTn6lKRDE91r5G5skbG1t0e/32djcxNiEwWDAzs5Oo6lf0Ov1EBGyPCbmjTGUZUmapp1HQAjRNDTPe3G7TByvc43R4sICSZLw27/924zHBRD9Ae752t/yiU98gqqK90hrTByLUiiBLMs4d+48q6urnDlzhnvuuYeDBw/yy7/8yzz77LOcP3+eJIkq19tbmywtLfG+972Pj3/843zyk58kzbJooJ31WF5e5iMf+Qgf/c3f6roTrLUXFGVb2aLQ+LnMSi1F6YP4r1Ix0RIC0YS1udiSNGMyKdFKIxJisqJl6gmdVIuE5nrTrXHftJAzx+WJXQUhEbSOxbHgfUykaU+apZSTCUZbkjTFGk2oakSENElYSPqMizG1C4TGX6Of5eRpxmK/T1oXlNsbUHlCWaFNPCO0Nnjv4r2kWa+1FiXgWoNpIE1SXFmT5zkBT+VLJnURr3lRGK0xxHNSBQU2IUkSrLIo0VFH3wcSbSI5gOZxrXnxzOCrBKXoHrZeQa1iussqTSIglVCf3eD0w08y2PBcXYAeadR2wK9tMckVtVXoSuE3ixgLLWbolRV0ktG3OcrBle+4luHqOsXqec49eZIz33gUc25Edn4cE2eHFrjhA+9g/1tuRnopWgRTBvzZ85w8eoTVp5/h0OANrFyxRL054tzDT3HykWOU3z2Ce+YUw8JwtvRMMsP5/TmvO5QxvH6Fc/0J26omGS5w8OASveuEfW95I8v3P8ZT997H8W88yP4P3kmNwiwOKJcyeqmmrzSZSiK54/I7bD84dAnXaQSmyDj63Do7ZcKwl+HcBqmpYgwTLNJ09aKawq4Y6lJz9MhZIEdUIOBAdLzXMzWRvxRCEKy1eO92ScAYEyPp4FOefOI8Dz28xo/esR+lPV6XeJsQyBEMz58s+KvPfYvPfOZejh/fxvs+Su/Hi+AkFixE2yhr1xAyol59LIahdvd+tNurlQITC+5aKbQxhLqV9XmpxHT8e+Trq+bzCoVBQspoFLj36+d48IGvsLCQsLigOXRoyP6DPQ4dGnLzzddx3XXXcM01+ziw36JNfJZ6sWhjGdeKUQ3bY40PaRPHtjFwU+qThoQyUxjQDenFe0/SZha73HuUrYxyRvHNWAAa4fwZtGxgsCgUgW2cX6WqjhLYxiY1lXPNJEeDit+V4CA0MoAEMqsYGwFV4UMZ1zNzc1KK6NHbnZbfG40+nn91XIAkICngLjhW0/x/EweGZl1NcZRW+1/5OH45jfMnEdnC+Yqq0lRlgasKfJ3iqhKXpCiT89WvPcCHPviPOHxgeZ78n+PvjHkBYI455phjjssaQQI/93M/z7/4F/87w4VBJM80saj3UZojy6LZ3m233sbv/u7v8tRTT/H1r3/91d3wvVCA0Tgis7/SkGjVJaMMCovHEhO/TqIsgdOKpGkjlWkuK7YAN8m6S02I2hhctUntSyTYLxeImobUs8WAllu2SwJoz0AuNW36fpU7PMKkLiHJyLOUuihRjigp4RIKX6NQuKag81JEtdmEluqmWXFiV4VAFRwZ0DPREDFPErSvO+1cQeEUOCX44CObS8WGZ31ZH+W/X+zVTe10dDvNblAqNtRHs3BNkiRoE78XGi3d5eVlXnjhNKlOwIfGMLfZzzO6vZrQtOhf5BgI+ODJ85x7v/ENjh07SlEULCwsUtU1a2tr/P7v/z7nzp0jy7LY7n8Rg9oQAp/73Oe45557GuZ+lNqJyfNoypsk0UDw6aef5iP/7J+hjKIoSoqiYDwes7q6ysLCwsx52Gwg4INw5MgR/s2/+bccP368MxT+1Kc+xcMPP4yIdEa+dV2zuLREVVXcddddPPvscwyHQ1wI3Rjuuusu9u3bR6/XoyzLbtu6QkmYKZg0aMe+2+x8KtnUFnSttc2xEoIPbG1uMlxcQtMk+1F437LHW0mkaadGaAoLc1bdawuKKNHmfIULNXXT9ecQzm1tsKM0qQITBNMUjSopCOLo9TOctxhj2Jpsk+YZdTmidDVVXZIlhqWFIWU5pq4KenkP0dGo0yYaj6fyVbwPiI8dKi4wHo0Y9gYoa6jrisI7jFXUwZGZlASD9gqcYEUTlOBDhTWgRBNcwPZ6sQtAm66wcFmy/6F7yKnmEnJNAUB5jxYLaA7vO8iNdyzQ34ET3/gWW/UWmdXkWUrQFqMgiEPyhGSYoQ4sEvYN8IllezTBWE21tB99+7VcXaVcd2QL9+1jjB54mu1Hj/HM6nEO3H4bV//TD2KWLCY1bCfCeDzhQHYr/ScP88x93+XEnx9nubAsb9SUz5xgbfM8m4zZ98YrWb79drRJGG1sM376CEe/8zDD5R5X33ETk8WMs+WEc5SEJEEGioUffxNX9YQHv/hV7jx4EPu6a5ks99npGfZrTS5NxvEHy7W4PNHxTARtYlH19Ok1jhw5wRtv7ZFbC3gQF1n/qIZF7okJdM1oVLG6egal+ygRAtHwtuvyfIkLwRhNVVWkaYpzrokV2wA4gGjOb1T84X/4DG+943+lnyWkNmHbJZw94/nG149w1//7Hzn63BauXMTYFWySU7om/mpIN3HzG1JB2/wwG2zPnAAd+WCGEFDVNWmafk+kmU4mSCR2LzZsk8bxgLryVKVjZ6fk9JnA0SMjoCaEGuQbaO1JUrjl9ddz6y038rpbruX1t1zPoSt65APFTimMx1DXgk1fYl93XQEzbQkXGYvppI1aNn5Aq4BWWyi1hjbxme7rDSaTkxhToZv76mwk5duZjwTEh84HTGaXjcz4g81KKslMu1K7sXsGcgloaeJq5TGqjh4IF2X2NOdX14VriB0DCpSPu0ZPUFQo1imr5wnuBZCdeD5UBZMioSh69LOUylkSn5L3DnPkyA6PPn6GK963fFk9B+Z4bWJeAJhjjjnmmOOyxtLSMh/84Afp9fudlvP29ojNjc0uhltZWcFai0k0qlL8zE//DPfee++rut270UwKjGYUHCKBIYqeMgg6tvsHIQUswlLeo6pKHEKtFWlQBHQ0CKZR/2z0UGOAPBsIt9jLcpGLvN/+7UK8mFzSi01Yvl8ySzK7yS8n4r3UNr3C7WnlYGZXHhQUrgIRsjTB+4CbTBj2eqSSMakKIOAVBKRpl97NPp/t4w4dWzygAyAKpwy1QOU9faVYzDPM2Mccs5oyoyvxjNFUoiMXqd3MeSJzF6xNkJlJtyIm0H2I/g7T8kB7nIgJdJtQ2SS2biOkSdro+sai4yzbHplO/LXSjTn5RTamOS5lWYKCo0ePEuooDaK0wVrLM888A9Al8y8GrQ2rq6dYXT1FkmZ430ygfcAaS127LrGfphkPPfgQAY9NErQ2FEVBnudsb++QtPunzY+ouG6j4Tvf+Q6mkSnQWmOM4ZFHHkEpRV3X9Hq9pgtAKIoJJ06coKoqxuMx2hpsUzjY3Nxk9cQJ8uHCLjmmi8myddfd3uRCx/6Ppo3t+8YYRARXB+gRZY8a6Q3d5eBi5kgrRfBRfkk1jH8lr/gWMcergE7SS8fEsfOOEByeGhcE0UJRVqgkIU1zMqtRtaeqC2yWsrW9Q10XjMuCLO9htGGyHtn9NstJewku1Ix2tsjyBKejr1AQj7EG5x2iwYeYDBQFyggSHEprSl+ys71DFQqwMKkmZEkGIbKEM53GbhsHpfd48VgREm3Q1tBLUnppRm4TTHOeh471e3nd2j00cjdEtjtN2qthHYgSVC8Brzlx9DnODTUH3vBmVq67imRlSOgljMsJ43pEdnBIf2WBKtOMCEzchN5SxqiYkIxKejsV1XOruMfPwjPr6NMFS2bAQtrnqsNXYQc9KlWx5bcoejkmVRTOc/2V13LDW4b4B57lmQe+yaknVym2Riy/6Xre8o8+yOKdN1Fctw+vFINJ4PD5HU4de55njhwj/NnjXHvwEEtXHaC8foWwnEMvYaPcZv/bbuOW0xuc+cIDHHKW5NYrCbVH10JIFN5aFDTc5h8SdCfoNAkuAsEJf/m5L/G6G/57kjzB2lgYFh8aNngsQBuT4Jxie6vARV2tRqJtT2fji1wI0kgiJoltunbarqHZTymsXeSLX36I545sc+MNOaMq8JW/fYS/+vxDfP1rTzLa8STplQgpISQEaRLQ+ns7mjOPLyAWLTWgjaXz/rjUd3YN+EUw87xUiYkJd4neP3VQKPLYbaA1QRxV6XnqyRGPP/YtJNyLtYG8b1hYyTlw5UGefPos2uZNh/IFYfDMCmPnpFaaEFyjfNM6l81u/e5xakDjULKND6fxvsB5T11uEdwGRsd7ioR43/O79k08+OoSx+HlFVO+1ytSIThEFaCKGFgEs3taNd1Aoo9BHGmcswooh1IlSk1AdvDhFK5eBTaAGvEaL1BXFWVZUlYluU+ogmeY7WNx+TB/9pmvcOfbb2Ew/B43f4459mBeAJhjjjnmmOOyhjGGN73xTVFeJQT+6r/8Vz7+iY9z9OjR7jNvfetb+ej/+VFuvPEGennODTfcwGAwYDKZALOJpr//qZhup+5KQZKwURX4UNNzjr7KybWJkgAipFqRi+aqpf1snFml9J6x8iSiSSQm+oUQtT+VJoh00kDSinN2mKX7T8cuXbsyvJz9MStn0jLLX9So8/tVAIBu89oJSMd46l7P4FLSR0wTv/Fj3+M5oCJhSJoMqUMofI33jkRbUqWpi5Ksl9Nf3sf5rU18XaK0IqhpcWY6MGkmvDEpKRINaZ0AxElAJULhHIuJZV9/SFJuI94hQQixo5iJOEZoCmWpOqOzprjwQ5NxeGnYpie9nUhGGdoAIVxg2KtQjaSOJctz6jJD6qphz48aff4SUOBqvDHoRqdfNey3Fzv9pWHnF0WBMRrnHQZFlmWMJ9Ec2BiDd47ae7Isu2QHgHeh+3tdRzkT5xxV1UiQhEBZlliT4EMgyRLq2qF1/F5kSCZTbzyJ01yFQkKgbNiJdV13yf+iKAgh0O/36fV6jMdjlFJYaxChu98aY1BaR0mAJGEymeAbeZ+2eNAm7pWK13NnjBimyZ5OTkm1yaTQLaPdL61PgguBEEKz3IDSdnodNIUDpSD4eK3E5RhU898clz9mC0et14qoaMQuCC7UeAIqtXgCpa+iGa2rmRQjqrIgXch4553vorc4pKw9W9vblDsTNtc3mJQVg0GfGodJFc7VpElM1FlrKMuCNE/w4lDGYKwhSSx5r4dRmsV0keFgQFmXPP7MYxirMCpBfDTXVCphMR8w7PXxtefcZAtJLIO0Ry/rk6QpmGRKIm2KVqrrfrl8IEBNfA6bEPOiVsdLNbUJYVwh2jAeWE5vbWCvWuK6d70Bs9zDGIstPOWZdeqNdegZ9DAj9FK8K0mdwvQSnAscSJexx3c49fn7OX3PI3BsnfRcBVtjlhYXKRhx6ruPsfLw6+jdsowdCsmkIjtfEo6f4vTxM5y/90nM0XXc6S30BJJ8yOE7bmf/u9/C+rXCar6DSlMk92RLKfram7jpjdcg9zzJ2a98m7XRd3FvvprDb7yJ/sElDl+7ggw0b3jXOzh+30nGjx6jd3CZxPRQtVD5gE8UFvkhS7QodrecxjjHOfjuQ8e5+0sP8YGffCP5UKHVGC/jmKhuGNOaHKUSzp45TV0FfKN/pTDT+O0lw3jVFeancmF6V3goSlP7PuNxxn/9/KPceutBPv3//Re+/cgLbO/08GGZoDSTKiZ6RTwh+IaLfrFu20tV+6edAG1crLXprm1FlB1sSSG7ugdmA4mLjHf62dnPxORzwHdsfEGjREWpItEoElAJpRcUafRJcIp627M5Kjj2wglCWEB0BpeSlJTpuoML1MFhrSbq7DBth2i6EhA9LbZD88T1ICPq6gyKHYIPgCdJoma+bjoc9g4zjn26rJeLV+wBp1QTVztEJogq0CpFqXheyq7yRHwOqaZ9WaHRRsAUBDZAtnD1BqFeQ+pVkBdATVCEqC4kQl3VVGVFWVaUVU0SNKL7ZPkKjz1xkoceWeVH334VjfriHHO8IvxwPZfmmGOOOeZ4zSFJEhYXFwkBtrZ2+NjHPsZX7v4Kk8m4+8yjjz7KLa+/hV/7tV9DG42xURLiskG7KYmhUkJpYKeoWTZJ1wEggNWGNBgIikGaUbqasYbMKWxM9TdGvwpladqBW/1Q2Ks72ibR2zlZG4Tv/sSUsdMxdxotnl3sWwQfQkyevsRYLx5oz1LUX+RPqlPujPMI1XTu7vI/uHBaEveFIrZ4N99T0UixmwReav3t+poJxyyxRzGdz7TpfK8je9/7ml7eJxEoyhItgZXlZTY3NxlVBWhFIHTHN26nuqAZo/01AF4UZXAEhJVen541DPo9pIySE6qZfHlggqfE4Npij5oVE5pDRDoW7XSSrafSMt1ui8dHaY1SgmoMPdM0YzSZkGjL+vo6+/cdZLQzRlmNiMO5Gi2CTXSjNR+iH0O4SDGOabLaWhuTh2lCNSkYjycNOz9uW9Lr4b2nKIpOZ38WSZLQy3qMRiPyPMcYw3g8JssyrLXUdY1zjl6v1yTHNc45tNadf4BpJI7aTqLOIgRBa0WS5l1S3hhDVVVkWYbWOnYwEDsl2oS7tYY07eGcZzwa0RsOI1s6QJ7n9Ho9dkYjFhcXGY/H08LGLhbk1Py33TZhWrwTAaVVnGDPFDWzLIM6xGJFkkYPAd18RqKMnGoKB9IkVXVjutx1AsxrAK8ZdF0kKt6vjTEoG027g4p+HcoFREHQ8TniRaiNJ0kV173hRq57/c3k/SFJlrLYWyC4QFEU1N6x78BBBHBVTdrLqOuoJW6s4j0/9h7e8c53kOcZSRI1/PuDAVmSknjL8sISJ144wb/93f+L8+trZGmKqzw9bemnPYb9PgtqgNeeWhxOB5QTdCIsDhcIqSGEVppqiouUkl91+LawHgSlwUpzLYV4ZU5MYM3U7CwYrj18LedSRekLFkrYv1GTntuhP64ZJ5pax2KOUoqhSagrSMbC+MlnefTub3Py6eNki0PUHdeQjT39SeDsaMz2duD88WcpPvmf2X/rYfIb9rGtoFzb4fTRVXYChBPrLJ0asW8tsK9ISPYvowZ9/DCDgccUE9LKkRSORTLw0M96yJtfx+JIqJ9Y5cm//i5nvvgoyb6c63/8DpJ3vZ7JUoZ5++t44blVbjixTbKyD51E6+ZBJaCbkOxyO3A/MFw40JiE11TjnM/9xde58tA+fvTt12C0QBDQ20CNlgSpA3jDmTPnqas21jQzS33p2EYpmqJ17KgTkaZDromBlSKIwruENLuKT3ziq3i3Q9CasV+gZoB3luBdM5y6yWOrJsGtXoRjIS8ryby3gBDvZa/8JImF0PZ/SfMDtBI6qikMqGY/iEZUm5RviyMJAUMIGSI5Uau+ouuhu0inXleE7QotCpRuuiRmomjhgmUopTAqoKRq4rDGA6JhzbcdRVr2zlmm32/3WNAzz4RXihftIBaQgHdjlCmAHBUsWnQzV5ndwPhaSWT9a+NxrFP7Y0i9BtUm+E2QDWCbtsjSzuScq5kUE/IiJ6v6pDVUlac/6COqx5995iv8yI/8MjbhMnwizPFawbwAMMccc8wxx2UNay15nsVEkFacOHmiSUDtDiaPHT9KkhqU0k0iLPm+sdH/7mhYJEbjVQx1K0VkkmOIFr+CEEiVQSrHftvn1HiLMvFsKYfD0FOGXAw5BiNt8l61ihfATBK/YwS1f4ht0BdLEAvRqKsrBOiWnb47Meeb7oMLRhdnAc042+VMU/VTtfV2m2YV0mcZuBJZX23rsWo5yYqLbPauEUzbbqdSBEgsAKjGEEzPhsztblJxC3Tb6cC0XXyWNRSaLKGS+FoTCwE7dUE/yUAbaudwOyPyXk6Sp+yMx/gQtT+9hGbZGq0URhp2nIo/oSkq1EqofWRAXZ0usFgFeo1BJEHQEg0Xi8ZHotJxD0vtwBh0p7f6w4tdBZzOZ6H9PV6KTjxBAkY3SXAdMFo3jFvdJN5VnEKLUNUVtSsRPK0ghw8KdCB408gDEYsMDYMvfmqaxA4h4OoabTR1VYGKhsPGWrzzTMZjkjTpPtPr5VHDuDmH28JFWRZ4Y8jyjKIck9iEPM9QOk4g+70B44mjqgskxMSaNlECYDIekyRp3B7nabsW4oRe0MoQJOArh7WmMR/WGKM7zf92sm9a7f0Q8D6wszMiTVN6/T7eObIsRQKxo6GuGfZ7TEY72MRG+QeRxpiX7oipZh9G4ZOo+d9uX5R3kEbWQUVTyCCkNsH7mqKYMEgzNELUmVbt7SYWGZpmrOACqbWoIBgdM3QXNFDNcVlhNrkTZXGgFlBJii0cxglJ9IYk+EAQ33TJgQ7EZ2aSoZUi05pENDoEjFKUVUmW5gwXFtBKo1yIjFmrcARcW2jIUn7krXfgvIsyPoAPsSvFoMkx4ALOxwJcalNUiOfWcLDIQrZELxviRh5xwuEDhxmVIzY2t6i9R4xCWQU6FvpN+8RqipVcRrd2JZCEWJAOGmotOK1iEaD0oFMCNeNUIYcWqLVF1cL+dBH3wnnWT57mUG3o2RxXeMLZHcLIYXzAYRiNR2yf26DeKdn/ttdz/U++k4WVfaRpD+UFjcWtbVKd3kBe2GT98ac59uxJlhYTlm++jhtuvY2b7vTU/YzqzDbh6AbusVVG33qOs6vnyL71XfLr+iy863oG+QBVlvjas1acZ/PUGeq1LWRSIxsjenlF/4oB7vQG/uQGj/7F35A/+hyv/8n3cO2Nt1KsFlTPnWX4hhsIAmKaRLDMxjk/HJiJyqcxIZbE7GPt9Dp/9B+/zM72ndx55+tIsyjJZrXFKoMKKbXLOL9WUVdCTP5Phduj8W27ogsDwvb52BrMe+8JYVpQblnz0kjuKd3j/HZBCDnGWipiV22X4Z9lgcw8o3aPV3Zty94k9AWJ8z1LkaZIfelPXHS1F6Jl+9DEzwBdBNJ0DbcfbclAKNDSkEpAsIgopHHMVc2+kJlxieweozGmITaAd77bF+2U4IJG3ZmfiAA4UCF2QwjIBTe6GFNd6tDvWuZF91U8D62xjXeTjkSj4Ga2RGYWMP1RNF4LKoA4JNQgHkXdFShQ0WNGVIVhgpYtrBoTZEJdbeHdacStQtgEKYAK1ASkbtauu9GFEGIXQF1T1+CqaBgtPrCyfIBHHz/BiZPbvOH1wygd2XSDzzHH94J5AWCOOeaYY47LGkZHOQndBPTj8bgJqqdBT1VVOOfxLsRWVC4MvF9VtBQdbePLEOVInAIv8bUAXgmZNRSjguWsx1lRmDShKEq88ngVXbm0KJRYOnKZEBMX7fr0HkaKNHrzTXS8l8Mfk21CW1KIWvOhEZZp92eIvna7ST1ATIpricwqaRLdFwy/+2kD63ZStpt93CVrlYC0xYGXCnADCt8kb9u24XbW1piChbaUMLPlQpNiiftUG72rmKJE0K2sy56ZfHtISwTnSqy2UVJFKSZFQWos+/oLjMsxVR19A+Ke8QQBE+KKghJKLbgQk1qVhqL2IIHDaR9ZO4sNAat1NxkrRShUoNK6kYMySF3Hsc0nA7FQE19M9eLVTCINcL7G40kVxDbuOFnWjXB8r9fjTO1R2uAlYKxm7fwaEJOMxiRIqAku4MWASdBKR6Jge/W0EjbNtigFNjFR5qbRJnbBE6qAVopBPzL/lY7bL943UleC1qa5PgK2SbzXdYkxmiDRkFgCaK0oqwmt6W2UKLIxOeJDvKyiKy6h0fanYc/F67CV1on7LcvSbhzSbUvcr87V3S5P05TxeIy1tpPxUV3SRKKUivck1hCacbUG2CAdg8/7gEhoOgSaO4bE9yCSRsULIgprExBIk5SidgTvMFpQysfEa3Pva40TxQd8AAmBfq8f1yE0XVUXucjnuGzQFthmZaEqIEl7YANBCoxYssQwCS52aKEgQCqWYTpkw69DHUgc9DFYZTFiSJMsPmca5rpuhPtqDXUIUYscQCnqxvzbhabQrDQiscukdI5UR23o1CZUymAbWbfU5lSlYxxKqu0JmU0xpadV9g4RAAAgAElEQVQqPaI0XsHGeAcJhl46iJ0qTfFCKX3BM/XVhgKy0BRTjWKiFQ5hQPRAURJIMkM/zThzfg07yFgZKTafeZaNtTWW0x7jVKNVLCLo82PCuRHjyuFLT1CK5cPL9G8/iFseMHY1EyyGlAQLQWMXc7bXNjn97EmyncDNt7+Vw7/wE7gMqjSgeilWPPrGA6RvN9j3VxRPnqW49xmqbz7J8//hi/DFJdShBbZkjLl+P1vX9DiY9bn68JVkCwO8ivdbtV3gj29SHV1j9enjrD92iqOrf8PBn/hRru4f4vHvPszSe94EvmGhmxgTKfVDdldRzf+6jrv4VlVrjFrmxPM7/NEf3c32pOK//am3RIEfmaCMRytLXcK5tQIf7Ezyv8UMa2P23abDM/5phlrS3dcjQohG8dHTRqjjAxN0r+OfNz2eM0vXu+oA00Rxt/LveRfJrs3f+/12jNNfL+o3uwfdtkHD+J+msGOUq2fWpHbVN2Y7gNvkf1cA6DBr5Ku6brp2Kd4LnTSQ6Lb54ILxdcn6mbfjclqXk3BBCaQp20Q6hrQEn5mCMM09W6mLXmtt0UI1ky9ByNKMsvS7SE7xATAzW5l5LaFGUcfikQiKCi1CFEZ1GO1BjUn0BhJeoHZnqYpzuHoDwhawE5P+1NN1Nfu1q90Qz+Xa1XjncJXDlRX1eAfVr1heXubJF1b59oOP8bqb3o73jjTNLjLiOeZ4ccwLAHPMMcccc7xG8NqcRgVmfMOU7pJoQRNNfgXqxtzYK0i0RVeOVBkGKmE5HUDlcFWJEKi0QqymtooMTRpUE0tO9TLFT2WBQiOJIyJdYD07AYlylVOmLB3b3qJCoAv8RRrdzWkqYhqoqy7eD7s+0YbuUzXROLWYKUG0VKHm4y1bPybv/CUYPbNLj0tVCgwarVWnEaqnO36a2J9lazXbpZWezl1U+zfFrJCUNN/1QZqEIbgmoayBoq6RyYjFhUWyLMWWgYHW5EmP81XdyJdoaqKPgNeBWglVW0SIpQEmyrAZCgoCk+BQVYmyttvsoGDiPbUSVBBUgEGSYYPApIBB0uzIS++3HyboRupGz2rAhvaspWGT72alBe8ZDofRY0MbgneR4dWctiEElAq0hoPtv8YYtLKIisUz713zWdVJ7kRW4vT8j4bE8ZxquxU6iaKZz1s7Ddm7rpSZZbfLtDay3GaT9t7TFULi777T0p8tlM76fbRyRe3vodHYn5Ukmv1+KwnQygtpranrutue2c+HJonKzHdnxzR9L+z6V+lYrgveY40lSRIkCHmesb61hVIK26w7OE97XwrR/SH+HuK627GNRyPCRYwY57j8YVVk3OcmIckHbDsht4rxzia6ScLnJmOghUSEQlcUqkIpi7EpaAvG4pVqWKExeSUYFAEbFDZceCPtkoxqdyLKa0WtNV5pXIjL0tpCopjUFVvb24x0SSqGXAvbmwVV8OjUUoljZ7TF0mAfkljEaryhVR25IOn5akMUiDEg0bAzaYomRimU1aA1ynsOThRXyBJXbmrO/PUDnH3wccw1+xi853Z2FhP0IGcxH2CLmrBTUJ/foVaOfVdeweDQIjYf4EkIfUuVG8ZOMzwXmHzlIZ7/6/sYP/ECxeomg34fe9MywWpkOWGsa8ZSkCuDcYEsTdELOfk1+8nemSBOs/+Bo2x99Qhne47snVdz8AOv5+Z330xtPFU5oTCwXo1xSlgw+1G3X8t+PeCNR7bQj53lmbsf4KlvfIdrFlYI2wUyqTCioAKfsleR8YcW0hSWnWi09DlzZpNP/6e/xYeUD/zkj5D3NqjcGbRyjEvh7PktRHRD13h55/2sBIz3AT0jCzNbhDfGkKYpzrfJ3zbomw2K9yz7e3g8XE7Eo+moXmIfzsS8u9PqU7z0uKaxtpp5DbE4eqnvX8wI+RUXOy/xtc6nKAjvfvd7+Pmf+3lOnznNF77wBR555JFdHaIXIiCUoDxBErQ4kEgw0OKIJZYJ3u9QlmsU1RqT8ghF+QK+HoEUoDzg4o/ylzifmhKORGnRohxTVpuMJyl5bwlXH0KrHnk+5JHvPsc//vBbGQxypsWEOfFnjpePeQFgjjnmmGOO1ximTNQWra43zLA9LqEJ+aoG6MZibRqJyAFqFSiUx6gmsRViwlER5yTGWLQXrlxagXHBTlmx5Ryukc8w2mLRaFF4T5TnUUQtXWiz+1FMY1dr7iyTqmVGTxmQkeTUtrH7pjU3SnK0wXkb5kd+kUE37P8p+7o9DrOz4Jicb8NtodVFb/lIbWeA7FrXLkjsZgjeN/IhrXhSHKcWGvakRvkZNhjT8c8sKjKhCXH/G5kWADpPgbhfxXe/NuZ0033QavBro9kpxriQsGJz6qICKyz1BxS+ZqcqqXyNV+CNogwesSZK/7iaoBJKq5gEj0VTuhojHvGRISpApYSJjuO1QWODop9kJDqB2s+JzDMQoZF4icUXIFbjXDQB1kphVdQIDxKZ4drE5FW/1496+cERWjZ5t9yYEG+laERqlIoSOVp5RMsFn3fOdfejvQl+jYLGNLe9j7UJ6vazzrlOs75N8LefaRPswAX6/m2RoP13tsgwa6g7NSnUnRfBbOK+TZq3EkB732+LFM657nW7zhbOue71bBGk3Z729cV+2vW1yYJ2O421JEnaravtTvB42o6ithuo9YTY2tqMHjLimRQTQtht5DfH5Q8lkClDPS6Q0pMZS2osVfAkylATEOdwYqhFozWkWY+JD9QogtJobdAmJShNKzv3/7P3Xk+WXdeZ52+bY65Jn+WrUAaFgjckSBiCFEmRlLpJtVpqUmpJERPBiZiJab1MzET09PwbE9Hzogm99KiHkijKUBLRDBKg0AQJEZZwBVahUN6mz7z2uL33POxzTt7MKoAoGrAo3g9RyMxrzj3unrPWt771LcpisCht1yrdrHCiHFbq7y2u7FCTiNI+zxebkArjwFmBcN52wmmJtQYr/BwChCIxA0TZ1RMHAU5LEpPTFA6rBU5JP7sAf8m6FZXkuQScIyoEofDbrwAblt1KqWHHusFe2uDSqfOcf/lVdu3by/zD9yJum6O5s41SAWpYYAcpppcgkhRlIYxj9NQk4FDdjKlIYzaG9M8usfDcSZa/9yZXXz9D00W0ZIDaGHL5uR+S7tNMPHwH4tAcQayhNyC/tEZ3JSM5eYWV187CxQ6tNUu7J8hyAMPtR+5g8qH7GSQdkihjXeUgBGGjSdso5NqQojuk313BnlpFDhR7j9xOYz2jc/oykUhp6xCXOwolQIsbRS+/YhjRpQuv07YuJIh3st5Z5yt//gzd7oAv/OY9TE80Ec4wyB0rG0NcaY25Fe8e3BRFQVGY8vovRu4ZZXhb3kfei4z+oHAzn//z+M5vuZ+OCmJ+BkXGoth+LxV1TrEdxto6Br++k8Jt+/fuuFFcBb4r2pVioyzLOHDgAF/4whe47eBtAHzmM5/h/PnzdLvd0TXdUgbx+Q1I6zDWD6wWrrQDYoCzQ4QbkKSLDJMlhsNl8vQy1qwDhU/06sW5bYqiav1HN9thCoMpcmyRgOuR56skwyWazVmmp9qcPX2Z5cU+rcNhKbx4z90zxhjXYVwAGGOMMcYY45cGSiryfJMIqzCqyAMIg6AmwUZf45wjCALyPB/xtPyAkgEnQEharUmcUDhrSLD0ZA5CEiO90jV36ECzmPbo2pThIOPY9AH2TO5g0O+zlg9Z6m8wTIZkGLRolOr6ko4Wwvt6Ct/CKqUoSW3vbW+c9b7grgyNS7W8cLIc3lcR5danX86TGxJoNRvekgmIlPbJFgIllFf+QalkLm1ChEQ5Wb7Of5gSwgfQ5TGpj2WdJbzb8SgLOmUyV5jCFypKe4ZMOgrpifskTb0fKZAmKXnuiccsSylMUbqLVxZHXmVWAKKQtfO4FBIhlPcZL62BwBdlqn1ZdQJUZ6LDJzUmHUJeMKFjoiAALAGKmWYLnSpWBz2GWU6hJVmaUNiCQIWohmZqeoYra6vMBROsbCyzXwfek1p4i6ihswyF76FQzlsJNXSIjmI/Da1iYcYAfFEGNgsA3urDW4QIHFJ59t8hcCURrLVGAnNzc1y7mpYE93bFu8FaWVqAeBWWd9Yp7TpKIrpS3hvj/XFrQrvsyKk8sFxhaxU9UL9ejBDyFWnv3+aJe2sMDk+IK+U9+2ui3bnSAkhuIfyLoqhV/taY+jNgs6ugWpftXQnVIGA//NdvV5ZlIxY+pl5OVTCobZigLlyMFi22qje3di9sFnvL72q5XlL6z8/zvLQeCggjDZRdCKiqeX8LtxAEAf1BnyQZAniLo7rwOMYvCwSghcTlBXmaEQUxcRxDkZGtpxAogiBAqwBjCnpZRr8Y4iKF1hFaR0gdYYxDaoUrbaIMEisEUjiwams3W1kAsEgQvm2v+t0hKbDocvKrEpo4aDDZaGNkxqA3wElQsQatKTKHVoq8MAjlbeqyoqCb9Gm6SQyWsomA0i2OqhngVoADcn/VJLKgyzhDWEgFJMbQ0gHJ2QVe+7N/xEWaA489yK6P3oXcPc26ypGBwCVDspUOLHfQ/ZwAiRWW7uIS/XSAdYZ8vUuytEb37FU6P7oI17rEhEzu382uHXsIuwWdExcpljssvfojOqQ0k4PoySZifcDySyexby/gzq2jrw1obzh0ErCsFW5HizQxXFy8xo6TJ4nbgsa+CbKGIksyVk6eI3tnkehKl+LcAsFSl3A9oy8lU3M7md3IaQwzekFOVuQQOdJQ4IyhoX4Vb8Ty+l9dKUqxAkdAVoBUUwzTPt948kUGvVV+/4uPMj87yXpnjV7fAWH5zRstArx7AUAIQRAEWGu23FtGtS5VB5+xlUCmEnrcSti6fT8P66+q+87PQijjk6IgCMMt3RI3e7Vxzs9f2fo+8a5LGhUdWHOjIvyPJ/9Hl+O1TNVyBE6IcgaEP2/CMGR1dRWtNa1WC2NM3VnpyjbQ7cIxgc8DnBNYW2AZYGyIsYYi62KKDWzRxdJDyQ5KrKNIEKao40nfxgUgEdUg5uv2kocBcBZbGIoix9gMS5+sWCHP12jEk1y5sMzlyx327Z9BBzAO+se4WYwLAGOMMcYYY/zSQErJ7t27GQ6HaLV5CzPWEEURRWHQsSYMQ/bt3bflvdZYClOwurryM1G6vO91hjJvcWAtU9PT9JTGkpEDA1ugpULJAO2gEQQMHHTJWLAJDQsLaYdJlzMdSmbjmLt3TdMdJKwO+ixtpBin6yDeuooU9P/YRm5V266ARhB6UtDBTKNJ5LXITE5MEGjlCW7hUMKrEKspA8KZukwgaiK8JDAdgFdHq9LDX5Q2RLYMzqXbDIKvH4JWPVOu80jw7H94uwYVBp6sL9XZRTX3QAbIRsOrK62tl2/LtgvnLAUWY633iXaCbqdLMsywwEY+ZGDy+rW5K7BWorVGlXYwDqAsoLiRJEUKhZAKKRxrZkDHJbSJaQcBMYqG1DTbkwQCrg06bGQJ0loOTM+xc+ceUh3y5sYaEyoiKAwRglCVrrTOkONIsaTlLAblQJc/fY5TeZjeKjTRLxZe8V1aAFUdAFWzifVdH1JIb7ZtwAmNMd6f3wrHgUMHuXr1CkIoBAqE21IE8MrxrXY6/jHhZ8ZJga2KRCVxrQP/Xc2yDGcMSmvCUi1fFAZrPHGulayT1yDQZJnBmAJXWpJUiWochyilyjkoWVkE8FY9YRiS5zlpmnpyvipilAr9OA7rgoEx+Qi57u1QisLURH4YhmitSZLEk/TWzxeoHhdClM8VhGFY2h95wj1JEsDPCQBIkoQ4juuihjGbnQLWmpH9u9klICT1wGBZdg3leY4UitXVVZz031Gv8nSl8k5gEYw6DDgcrWaDpO8Jpp07d15XLB7jlwdSawZFH5MXSKXInPGDKcOQMI5RUpOmGUmWMCiGtMIJhJPYwhGKEOMEwio/zFZA1RVnETjJpg+2qP9XnquKzW63chqPw1tDWIUsQFlFQ4ToRoOkM0SHEY12k8z5+89g2Mc6MIEgkAoVBgglMabww+Od3RxOX9mV3EJyT1ve/zEWlC9POOtwCjJhaeSO/uUV1s4v8KEv/gY7vvAxlqcdMi+IjEB3E4ar63QX13CZJWqExEGMMI7+Rh95cZH08jILZ86TrXVpT06w547D8MgUBw/fThDPYc8scuHp5+gfnuXYFx5i7tPHkPt3QByQp32CPYrDd9yNMJL105e5fPw8w3Mr9M+sos6uYxe7uJZkubPC8PRJ5o7uRBYOokliK4mGGZNdy85OSPdaxsrVVQbtBnd9/BGaE5MsPPcm7J4imtXke9tksUA5R5A7T2HLW7B14+eI+jwdsXkUopz0IqiLaD5WEQwSzdNPHUcayW/9m3/FpcsZaa5wQmGdfN/GJs450jSh0WjU3WdA3bEmhEQpXziGcibWLWTX84uAc662RqxEAtuFUe/VRX3DPMqrGrY9aNk6ecyWBdRq+tlPtw1F7gUNYRDWYh8/h8jVsZkxBf1+n/m5eS5evEin02HXrl0kSUI1FPhdPgEoQBqETcmyi6TFEpnJoBggiiGODCkKJEMkuS8e1z6rhnqmhLC+0Fw+vb1M4kqxlQOywpGmjjSFNB2Q5hsMkkUazQitA157+RSPPXaoXJZBEDDGGO8X4wLAGGOMMcYYtzQ21bKOVqvJP/z9P+CcQwebpI01liiKiMIQHHzkIx/l29/+Flk2alcBr73+Ov/hP/wvvPPO6Q9s/St7GSGAdoPmZJuh9AGndeUcAGsonPTqeOtoSNirQjqF9yJeX1um2LMXrQNElhMmBbuDiNl2wN7JgEL42/lwOMRa5z3IXRVkexJO4odgRVGEFpsq4kpVqJxDleGnK0k4WQ7BElhPaJYDOmVpeUPpsypL0t86W87NcjhTDusq1V+e7PPtqnaESKmD4C2qm+pvUQfSzo0oowG0prb2wHmbTQTIDGkVQmwNcVxJChY4NA6NqAP/iakp3KRfr1w6MumHjKZZTm4KrPC/V59dFAVFbjHWkJsCY6o2X4OwEpSjwDAoDL3eBhNByHxzChk1kbagETfYEUjaWcbM1DTTrQmyQDKwBVevnGfXxBxhP6FtDLoo6nTaCAFSopXG5KbspDAESiODSjH3fl1z/+VDCOoOk5q4r/kHfx4LyiRYbKrqkZ7Impycpt2epLO+vDUxrm1lKFX9o6q3SqkOpnBbhuw+8MAD7Nixg8FgwJtvvsna6ipCCPbv38/+/ft57rnnan/+e++9l5WVFTqdDvfeey8vv/zyFq//So3/+c9/no2NDaSUfP/732c4HCKl5IknniCKItbW1nj11VdJ07QugiiliKKIz372s/T7fXq9Hi+++GL93AMPPECSppw4cYIsTQmCgCeeeKIuALz11lusrq4yNTXFY489hjGGy5cvc+rUKYIg4NixY1y+fBmlFHv27OHkyZMURcF9993HysoKly5d4ujRo/T7fS5cuABww66s0U4EymTejFgZBWHAkcO3Y5xjcWWlVDPasrujLMiUSsC6CAs0m016YYgUfthxdRUZdwHc2thK2HmiRAWaQrjy3ueJaB2HGAHDNCF1MBh0yZIhUaSxuePU8bdJk4KpHfNMzM4QNmLCRoxUiiCKcKUlH6KcO1Geh5tqYjHalFJ3wpg8JzOWztIaugCRO0RuUVKgLP6egyNJBmx0NlAyRKmgtvcRAiKl0LKyHypV/9suObcORF0gqQwCdVmMDoREOIcOQw7cdzdzD97DeiTokNFyjrYKMGmPJM+Jds8SxDHNsEmLCNHLyIMNNgZX0TtmuevAHtpz00S37cHsmUFFMfJawtr/9zSrz77BxWuL3Ps/f4kdv/tRit2CvjQY5XBRSOw0IjGEMmLm3iPMzO2Do0PyH5xkqfcGC1nC3KfvZepf34u6b55sCvok5FlCJAJuP3KQQu+gt/EWC/OauUceZ9c9dzARTHD8G89QqIy5Y7tRcyHxwR0U1lsi6UKUU5xvuYP284GrxBBlhX10s53Dlh2puGrcrkOgAU3uFP/t2ydIi3kKG5BmGudurigrpSSOY/89NKNkcxU3WqRUvnO0fPynFQLdaH7OzxJ1xyvvQbj/BKjWVWmNKa0JgzAkSZLNGT8jrRNC+Lk71QXo5tZjtINv+2Pbf39vKKkobLGlU7KCkIK77r6L6elpgiCg0+lw1513keUZZ86cqd//9a9/nWariZSSN998k36/f8PiRxU3VjOIMAZhC6zJvL2bSf1gYGERmLKRM8eT/bZU+vvfN7eTkcLAu8F/f6y1FMZhC4ctLM4MMfkKtlA0YsMPnnuR//F/+hxRA4R7rwLGGGNcj3EBYIwxxhhjjFsaQlZ+/iCkZH7HnH98JOBx22LIINBo3aY9QR3ICimYmpyqFUAfFGpNhxTQbtKcnmbBGCItaCBpCkVolO9QcA6ZQSAEs8pxv1Ck0luTrCyvEE9MMh02yZOMUGjaOiQCjPRJlYt88O5EKdlHlpvvSsUzSCtqYl5C3ZJaee47vD+6Kz3SNwcDlApc6zbfXJL99T6ug9uKSnMY53BWUjhwriqG1L0EmwnOthygCrw3A/3yPFCljYkot6vc3kqJL6tEUxRshxACzeYwVFxlqeLVaAgIEcR4QthGEU5EWOEQrUZJCoGzjsI6jLHkeYYx5dhi54scBQUJlhyLtI4QQVPHxFGIE3548IQJmWu2aYQNpIGuNrxx9gSzUxGq6NEOFBPWnyNgSwcpSSOOEAoSN8Q5yLWkPTOFnpiAijD9ic7Uf3mobAGUUvUw4IqcMKZAVAo4BEIJTCkV11pT5BlFXrB//35O9tYosk1FehhFpWK/KM+bkXkVVYdB/Q0AV7aa33333fR6PdbX1xkOh179H4Y8+NBDPPGxj/Hqq6/WZP4nP/lJnn/+eZxz/M7v/A6vvPJKrdSrfsZxzKOPPspXvvIVjh49yqc+9SmefPJJhBA88sgjvP766yRJUlv0VLDWkiQJn/vc5/gv/+W/8PnPf5433njDq+jCkN/+7d/mzNmzXDh/HlMUNJtNPvGJT/BXf/VXfOQjHyFJElZWVpidmeHAgQO88MILdDodAIo85+GHH2bQ7zM9M8NDDz3EqVOnAPjUpz7FxsYGf/EXf8GXv/xlnn76ac6eOQNic0jy9tkA1U9P1EuCwNscCSl54IEHEEikViytrhFozSBJ0GHgvwv1cqqOo3JOCa5+bGHhGnme/WxOuDF+bqiu2bWdlPTdNCLUyCgEYxj0eoRBiDGOJM1IswycI8kST1TnBQwSvvvMd2m98ipOSVpTkzQm2rSnJwnjmInJKYIgoNFo0gxCtNIoJZHCn2dKStI0xRhDXhSkScpwOCBNU5bX1jB5QW91DZcbJuM2E1GLpD8gFIoiL0h6A/IiKe+9vtsmDDRhEGCcoRGEtMOYSGq09UV7rBttQLhloF1V/BcYLAUQCLyIQUmcS1nNU+JDu1F75tAI9sRTDPvrrHXXaTQjGgd2QhwhtEag6S306F26SNy3RLftpL1jhnjXDEkoGLQijDEMXzmN+84JVr72FPFGQbMVMH9gN4QKAoHTglQBQhLkEBcSt7DB2omrXHnmNcwbV5hayFhdX2P/bz7CzJc/Q2+/ZiUcMAgzojSjlRtipzl19hTrZxfZf2w3x77wYfLJBmHUZPHJl1k8eYY7P/Uophmxka6xV0MoQRvhuyJ+hWw5Nq+1NyB862K5rV5U/lAYBFYoBDHPPPs2QRhRmADnxE3XTjbn02yzcRmxdbn1LH8+eIwS3VVcZIzZJP9hc2aScxhr/f151E/pfaM8F66bfLu9IPD+1ttsm9cjhPBdz9YyOTlJFEU88tFHuO222/jus9/ld3/3d+n3+7z44oscO3aM7z37Pf7yq39ZxxaNRoPhcICUQb0aUkqEFPU9x/kBUb5I4FKkLdC2uuLhC8V+Ggyi6nYQ5b/RwtCPKeKOHhdjDaYoMHmBKQyuSDD5KtJApFucO7/E2mqPnXuapV3p+9qFY4wBjAsAY4wxxhhj3OJwtvKCZmucKCru2fvBV+reLQMq6+KBQNpqSOcHlwDYcpWtKDvk84Td+/ZyQQVMtzQTUhFbSZiDTAowGRKLdhJROLTU5NZipELmBStLq8hJw2zcIjWFtzBxyhNbowGglFizObQQ2CTqXemxTa1V9s+XKkTpPMkvbKWysTWpaa0D661vcgVFnd8KKqueilir2lnLt/jBi9Yr2IXYTMo2W8ZHV9X5TgZXDbjyBSBZ+ilJKa4LeKXw5IxwAm1L1eaI90elGlJKIurcxvrVHslrfIeDfyxwErlFzLZZTBJKoUKFa4Q46z2c/RBmvyMLvP2LcxZtpfdGtQ4jBJm1JK5ASkUmLZnNOHHxMjpSxE4wFQRESUHTQFAeISsEOggIW01CIQmEJHeWIgxo79lB0GpCpPwg5HEyUKNSvW/+VEDlz+oLABXlrEpycdOP3jI3N8fU1BRrK2ntg29Ki62qw8Zjq+pQIJBKlpY2FiEUU5NtPvb4o7z00kucOX2K9fV1pHDcdewoJ3/0Fv/mC5/nb/7mb7ydwXCAMwUzU5M4U2DyDCkEkxMTLK8s+1kmaUKvs8Ebr7/K2soyf/RHf8R3nvo2w2TI/OwMn/n0p3j11Vd56803/HBeXEmQWrQUzM/O8NgjH2Xv7l3YImeYDPnXv/lF1tZXmZqeYPfeXdgrhk5njWYr5tO//knm5+d5+ZUXsTZHasFDH3qA++6/h29+85ssPHWVuBmhtMC4AochboQgLDqQLCxe5ejRo/xv//v/yukzp1jfWCVqhCTDIVJp8izzxEOpqvbXnbIooyLSJCUI41qRqLWms9Fl5+7dRFFImqaEYVhaTdjyfuB7Yqr7QpomvjNEezXoYDjwBYWf1wk4xs8NQpeFPS1xgcIpQVHaW5EkJOX8Cak1SEsgFVOTU1ggzTOcUywuLDA4fx6hJGEc4YBBMvb0SvYAACAASURBVEQLyaSMkcbHFUpKkH7GRTNukObebisKQnJTkKYZwXSTRrNBqAOOHDqMGWYUSUbcbBJnQ7rDPslgiHEFgZBYZwiUJApCAi0xVhAqTRyEhGV3Hsb5+5W8lSYAVLECKOeV7q6coeykQBTWX0ulpmgGXEu67C8srXXB2oULZBri+UnCnVMkzs9jaaqA4cI6K+cvERaGXbcfRN++i6wVsJ5khFLSFgLz7Bl6/88/wktnmVpPSCabdFzC2W/9d/a5DaLH7qDd0rRjhUgSFk+c5tLbF1l55worpy4xPLPETBeKLCK+fQ/zX/w1kvsmWVxaoCUUWipmiibp0hLXugvEc5M8cM89xDKkn+XsakxjXjxD96mX2RXETD50hH6ni3rrMo21hOCQoKMLhBI0Q3lLzW34RUJUQpS6O6CWgHgFM5Ab6K6uocPoJ1K7F6Wa/YMW+fxLxOhMH2u9peBP2vFg2B7je3HSzaLf7zM1PcXBgwd566236se11hRFwXf/+zNIpXn8sccRUvBn/++f8eADD/Ktb32Lp55+ij/+4z/m/IXz16n9260J4jhGlNf3PM8xhUGWYiM/R8j577K1YDbjx83NGsk7RaUCufmuEJ8TCT/LojB+Zlnh/xVZQp4OCIImSbrB8beOs3PPoz/Jx4zxK45xAWCMMcYYY4xbGp1Ohz//879gYnKiHm4p8OT+dlQKbd9oPzpE0geJ586dY31j/QNdfz9o1/uKyyBi95HbmZ6dYzZNaRWO0EAgJYacInFI45X6urTs0UicdYRK4YRh0O+hjaMZRBTOEuF9tasYUEiBRHkFuxUjSlivYqnslGork0o5X9kUOYvJCz8grPTOrIhPUfqPOwFDayjKQkJemJKwt2RF7on1WpNfaqNlSY6Xx6ZO/26Q542khrU9h6vVY5uvGM1BpBC133scx2ilR4pAfqivlAqtFVKOKJKE94kXQtaWRNXTkQxQbqSQUO5LWxiv9tHar5s1W85HISVSCKT3SELKAC0UrnQtcniP20II1rpdNgZdXygoLG00op/QMAqNt5DKcQipCcOYSIUoKZBxg0zCIFLMH9xH0Ipx5UDkMTZRKctrBWB5nLwFEGghyK0rj5PCOoc1trTmEDSbLe48dic/eitleWmJuNHwZHrpW+8V69e1r2zx1ZWlP/3i4iLLy8ssLy/XSvePf/zjLC0tcfnSZR5//HEajQYbnQ1efvllHn74YbrdLs899xxBGFDkBRudDaIwAuGvadPT03zus5/jyJEjPP300+R5zkR7gkuXLrG4uMjp06cJI3+NsNbWCrogCDh58iRPP/00f/qnf0qSJMxMz7B7925OnjjBzl07ufPOO3n75Ela7Tbr6+s888wzPPLII3S7XeI4Js8yvvnNb/Ltb30LYy1FnmOKgitXrvDEE08wMzPDK6+8Qp7nAGRZxrPPPsuuXbs4c+YMslRTS6UoigIdBBR5XtsOALVC0VF2XhhbdypcuXKF3bv20OlskGUZUexb+3NTIETZe1V2GFXzBoSzm/eRqgA5Zuh+6SDwNjNxGNKMG2ipMFlGnmTEYYCImzR0gQ40Buj2ugzyFJ0NmZmbpRg4Cutt66anp+j2eyilKIwhDAJCpZkK2wQWgiCk3WoitabIc/q9PibLkMbSakU4QjrWsrGxgVACaR0DCZ21NSIVsnt2N70sgSxFYGlojZOCpCjK65PbHNwNmCLDVNeVcriuLzbKW8qmyncxUN7GJarsIgwCTZ4VCCdozkzT7wy4/MwPGS4t0Ev73P7pjzC9cw8b60MIBA0ErrfO2vkrIGDfQ3eTTzbpiQKMf75/9irLx8/SffZNdHeN8NA06dwEnXbEZKNJLy04/8bbXPnB9+hRIBuKIFbMzc6ho5DW4Z20D+yh+ahkZtXRPLvKSneVwYuvEc0+yJFGjDaG4cY6VxYuE0y3aN+2H9OOGDhI84KpqMXiSyfo/e33Wbp4mTv/3WdZv3cnnLakz65TXFkiv38va7EhECCRNH8CovOXEXXj24991Y1hraWwFqE0lTTl/WGTaG21WuR5sWUI8K86qhilGvj7fgsrVVFcSEkUhhT5pp2q3BZTvTckzqrawtNH/gqcYrMI8P7OnmaryZe//GVWV1c5fvx4vW3VPLgobhCFEQduO4C1lv/4f/xHDtx2gMtXvB3h3XffzT/+4zcIgoCiKAiCgPvuu4977rmHPXv2AL6I1IgbhFHI0uISJ06c2FLsMNYgEMRRzNT0FIuLi37/jhQAfC4iSwGQj1WKonjfRRMfl/hjUJQdAHmeU+QFWZ4RqD7IPq/88AU+/ZlH3tcyxxhjFOMCwBhjjDHGGLc0ur0u/+n//E9bHvMqC1lbA91I1e9GiW48WVwUee1D/0GhDKNRAtCK5vw8U7NztBeWaQmLUiCMAGnIpcCYzdSnmmuLA1U4giD0FhhYuskAySbpDY44iv1ATq1AiS0alIrv7vd73s/TQZ5npW+/9W2k4AsApqBSNLtqflVJaAtRKt3xnQ2VjY90ntiPy2DclT7cfvNFSbL7jg7rNtXSN6v02q5CcviCRBWCCyEospSCtLQwgs3VqIoQngS01pMuUnnCXpRWJIEOCJSmEcQEUpW2Q8oP8AKcKMkZk9VVCOk2rZUQdnM/CYGVfhKElQIChRGQWcPy2gaLa6uedGpEaKdo5I7IScKy6JCVBYCpVpM4buCMQ1kIpKbQoCca7L37GDoO8c4Ytw5B9IvG9uF2lbpf1NcFh5QK6Uw5qQOU8LZZgVYo5ROxubl57rjjDoQQrK+teVJ/SxJcFQHKc9NJrHF114FzjjzPeeGFF9i1axf9fr8mKd58802e/8EP6Pf6vPPOO15tpwNefe1VBoMBAOfOnas5kTzLiaO4Jgy/8pWv4Jzj7NmznD59GiEESZrwrW99iziOSdMUZ72nrbHGFxODkMFwwFe/+lVOnz5NlmdIKUmShK/99ddYWV2l0WwwMztL3GgwHAz4q69+lTNnz7K4sECaZVjnuHr1KnlRMBgMaE9MYI0hjCJeffVVduzYwXA45OqVK0RhiFSK73znOyRJgnMOrXWdKFeEf1UEGLX+qf6ZokAqjbPQLIsw3W4XZ2GQJCAkUkoGgz5BadHkyqZ8XwAwpUe8qJNxKcuOoJLEHOOXB8IBhUU6gZYSoQNCFVCYBJfktIMQGcToKCR3luFggGvG9LKUhilIbUGSpeggwErITIGyBZ1el6gRI5QkaEbkg4T+sEsn7XkP8aLwczHCACska4MOOgiQjYDYwSAZ0NnYQIkAmxW0YkicxamAIG4SSVCRwjpLPhhghSPJc3CGQGsyU5DmOYUz3jdd+uY66yzqFiSTvcBBoMrrk5OOIisIAg0F7D1wG1P3ZuRvnGf9zVMc/dBd7Grswg0ErVbgv//dAStnLxOlGbNHDqLnJlgPLTEatT5k7fxVLh9/m2Klw9EnHmTiC5+mcAVu1wyi2SRaFwRvX2X90lXOvH2Cmf27OPjAfbRv30d7xyQuEojJlo+zLvdY/f5bvPPGW/QvXeP8NxZx506RmJwpoWgVgtXYct/v/Qa05lgzCVqCpOD0a29x/hvf48hin+iufYjP3se1ec3kVUkyHJB3er5jQ0hvCPKrVFyshDcj8dnW2O69z916+HyJG/m8vzv8vTfPiy3q7lsVN7V+opLB/BSf8xPMJxhdx6IofPghq5xLvCeZveU5J8BpIACkF7/UQ9Ml9QD1HwPnHI8//jh3HL2D//x//2cOHTrE0uISeZGTJAlSSh8/aE2n0yEMQg4ePMipt0/xhS/8Fu+883/RbrcJAo0tSfyDBw/SbrcZDAZ8+1vf5tidx9izZw9KKy5fvsznP/95rly9QmejU6+DEL6z8+gdR9m3bx/f/va3t8QpVU5qTWX/U+YHQmKceV/HvtrHeZGTpAlZnpHnuRdwGIPWKUIOef31V0qBybjjZYybw7gAMMYYY4wxxi0KHzgVRV7//tOhKhr8DBZ1E6g19gIII5rz8+zavQtxbYWwFrV7QixuNen1erXnr6gX4GrSSgiHkAopJZkUZNkQ6xxOQL+7gnG2piO3p19VO7rAe+HL0gJFIgidIKifr16/mZBJWap0RroGrABZx+9bk7f6w0tLHOt8W629QeJwMwlRTeRv38n4goRA1P7Ko8/XXp54FXgICOVX3ttMgRWOIstITZ8hjmRkP6ogqEnfZrNJo9EAIAojoiBC1ntOoEqzTyEsVvhBzymWQkK3v8Hi0iJrvYRQSHZOzaCdJBkMCJWmkTmkdy8h1RJjFXEjImrGSCTWOqQDZyy5dEzNzzJ79AgiDLE3uS//paOykBotAID/vlFaT8my60NAmVwFniiubQocWZazd+9+JicnOXnyJFeuXMFhaj/5TQVb2V0gpC+yMZLM5TnXrl3j4sWLOOe8gj7P/TyAwRCc4+TbJ30BD0Ecx7z1o7d8MSoIGAx9MaDdateJrjGGl1952SeX1tBsNGsv3xMnThCGIY1Gg8FwQFBul/c0VzjnOH78OI1Gg1azRa/f8+r5LEcpRZIknD9/njAM0UHA5StX0FqzvrFBGIYEQUCSJFy6dIl9+/eztrbmCw5ZxsLCgldDC+G3Rwh6vR5ZlmGtJQxDrDGkRUEQhvT7fYQQ9RBHbwFmNzu4nCOKY/K8IAxDDh06xOVLV+h2u/S6faZnZ0EIkiQhjmOyokCWcz0ccks3WNV5IUsrMmOKze6iMX6pYPMCM0xJ+0P/XTcWWViELXynlFII5wvX2gkGzjC9a5Zj999DURScOXOG5eVl0qQgbjaY2zlPPx0gtCBzBQv9DfIkrWdoaO3T5ka7wdTsLMPhkOXlZUIRolHkzqs0G1GDMGwgnGAwSLm2sebvp3GEcwVFUWCcJbcWihwkaKVAetLHBRKr/JwbKyymLKLfanYy9exJB8r6+6oVIFR5RXWwsbTK8W8+w9xr19ANzUa3T3T5MuGsooOjf2WNiYFBLPWZj2LamYLVHrFy5AvrbFxbIW8HHHn0Qeb27sIFGgfEQsKGhR8t0P3m85x95SQX15Y49tnHOPJ7nyXd12Zd9glaMQ0rEVaz9vY5jj/7MldfO8XOQxPs++gdZFrSjyRNFTC7bomfP4PpbzDx0BDVgulQc3XhAj86c5JBp88jT3wMM3OB7PYdrO+MUcOMpg7oioJcQZDDzMB66zPnfpXGAPzU+HHE8vWwVN+IyqrmJ4EbIWo3I+Abfc6t8+2rc4oboHrYld1+1dys0UHmo7hRaWZ7HOljB7U5g4XrbYCEEH7m15bHBVJooqCFpx3LimZ5NbuZ4/3xj3+cZ7/3LL/+67/Ojh07ef4HP+DK1Su8/trr5HnO7OwseZ5z7tw59u7Zy+HDh/nbv/1bvvTFLxEEAa+//jqHDx3mzJkzpGnC4sIi999/P88//zy9Xo/f/re/TbvdBuCVl19hYmLiOnFZs9lkanKKw4cPc+3atbJJS24RNYVhWMacEl12N3rBgbqpWKOaM1V1ARRFQWEyYhnRaGnOXzjLYDBgcnLifS9zjDFgXAAYY4wxxhjjloXY8vtoQLo1YN/+2vpVIz998H5zycVPDwGEgMVbs7hAoGfnEXsPkb3xDo4htmzzR0q0CNHae2HjNnU/VfOstYY8d1hReG/j0oO4stfRUmGKnMJ4or1SgwvnavV+RY6rkvysmnIDC7osNjgAZ2vrIFE+Tvl3bRvkwJmy0wK3xQV9lBatU6vK17h+jXvfVqBbZoiNWv+M/l59ntu6Lt6gQNQWP5jNvTryrCdphECrkIZWWAS5s2TWkBhDURgcgo10g43VDcB781cjwKRQNbHoynYAh8NgyZ0f5Guc7wa5bWoa6QSycChn0DJAFH5f23JfWmfQYUAjjsD5v71+HQyGVAuaO3cQzs55BbRS9faPCwGbkJTDKq1DOe/Pb7ykzR8nJcH4vS6kRpXElhTld0hphnlGo9nm/gceYs/+AywtLLC2vspgMCDLslKRb/2ZILypVmHBOVkO1BOkaQ7C2wGluQGp6fWHnpC3BiEDkJLCGDr9AVoHpHmOFRKpA8DRT1Ks8e3rw94ApbVPNlXAIE0BSDKvpE+NIev1kTrAOFDl8gdJSqhDVABZYXBZgZCKNMsZDBOEEjghCcMGaTpEKQ0YhJI4C73+kNZEC+cE7fYUl69cRSvtFZxKIZ0gywxCC9LMIKVAhxGmMCAUhbEMh2l5rUtptdokSUIyTGrf3dpLt7wepUmK1hFZmnH16jXSLKXZbDPRnCC3BikVQkqyJMU6h1ClpZmwfia4dQhTzuooCqTzM02scTjnuz7GX5lfHggBQaTQGrRwOAsNFSCCCC0Cb9eDJS+GZFhSmWGlQGjJereD0poHPvwh8qJAKkWv12Vycoqh8edSoxEThzEmL8jznCAMSIYJi4uL3HbXHczPzdPpdth16Da/LlojrWHH/Bzt9iSrK2usrqxz8kcnWFxZIAoj4ihCOFsXoq0xZblYonVEEMY4qVEqRsmwfE4g6s6lWwuqusmW9zs/ArO8QxkH/Yy1q1c4d/UCuhnCwVmiI7voNASqv06jMYEKQqQb0Gi2sL2U7tsX4GqDhf46WTpk/5FDtO8+zCCEdZXTCsH1LPpayvI3X+Lyk8+RHL+MSiWTe+Y48uGHyQ+2WG0NcY02rFjEqmPphRc4ee5N9tx1mEc+82V0NAdRiJMGnUtYS1n42jMsX7hGMuhx/Kv/jYv/kCAOzhEf2cHeB45wZO8+Lr38FtfCHnc++ihnVYdZ2SDuDNDDHCUthRxggSAP/Y651ao2Pwv4ydSbfwrvWY70BffaXRIvh/BwZcfo9mVV0S1bFNNsixVH3sDW3tZRjJL417/PvRtj/r5ws593o9dWih8JziviwYHIQVS2RSPKeCd85lArgajqavUi3XUfP1qo8NaZovxvq/jGf7aozWu2bsmWTg4p0VLiSps/Id/tyJTvHZm9hZNI0UDHtyG1wxZ9cHkZU4xs1/vA66+/znA45I3X3+BLv/clHnvsMb7y519BSMGxO47xiU98gtdee4133nmHvXv3MjM7w4MPPsievXv4gz/4A1555RU+/OEP851/+g5CSJI0IQojbjtwG/v376coCg4cOMBLL73EJz/1Sf75n/+ZvMjRWjO/Y55Op4Mxht/4zd/g0qVLvPPOO+zcuZNur0uj0cAYg1IKrTVvHX+LIAi45557+OEPf8hDDz3Ed7/73VrI8X5grSXPc/Ii90XjUhyBs0ShZjjss7y8xOTEuAAwxs1hXAAYY4wxxhjjlwLXk/c/LugW235+8BDOk+pO4FV8SNTULOLQnfTD7zKRDjfXr4zzm40Gg7wcHFrH/KJOlPwAUod0nizOkbjKu16AFn5wbMlCluRnqVR2vj29HsjmXJ1MWSDfsou9Wsin9DcilT29P9KrwPZntz9W2wJtfoJPFn7cIXq3l9wgd6g6HLaimvr7Hh9QvluWRKDILarsjGgIzSQluS5K5RKe5M0kZKpUepfkr5AStMAp4Ts23EgZygnvY55bbBnQO1PuF+dVn05QH/9Q+eSrEqTXXqNaUsQB+tBh5PxuEBqE2iROf4VRbb0UEpxDC4mWynfWCAHCz2BASoyzqMDb4ygt/HBbJVFC+bqc8AUZJQM/80JIduzczdz8ToqiIEkS1tbW6HQ6DAYDkiQhyzKvLLcGF5RfxRH1nRClJZirvkFVqcxDqcA3xgsIg8g/RrC5feUx1rHY8lg1oLjaCXKECBB28zyMlF+WrMgZBdUZqlXgC1ClQlkG0WYptSYcFP2uT2R7g4En9a0DYzYvIg4o8DvQAPnokQEhFLlxOKnpD9Oy60n6Yd7Kr7nBYMp9JFWAlIqwGWGsoz0xhdaazJiSgAKJLW2FBNbZUm0ncL6aVhYALMPekDRJsRaarQmardZNnV9jfLC4keJUSIHSgiBUNBsxZliglCMTKVGjQWJTesWQoc1IyBjIjEE3QYaajU6XNE2574H70UFIszXB6bPnOXDgAAcPHSUKQ5SUnuwqP3Pnzp1sbGzQ6XTJ0pyiMExPzdBut7l69SqNOOL8qVNEUjHs9un1BhRZRpYNca5AiAClBThNmiSkaUojbmCsRQuFlIpmc4IwjsBpnJUIJ5HO29PdFNf4AUA4vO0PYJWPbwx+bpHNCwI0OIdxFn1ojmjvYfZ97GHiO/YxOd3AkpIMNki6XcwwwwhFoz2JdpJsPSXs5kwenGfiyAGMjFHCEmiD6iesv3CWlWdOcek7LxMudtg3sxPyJrkI4PQS6sMzxLogTCWtkwVL3znOqZe+z97PHeLwY3cxaMT0U4lzOS0BMkm49tLLvPGD79GKCm6/9276JMy1Qg587GEmPnoHG82cJHGsDNYJDu2g37YYnRAWGrvcJewZlLQMwgHDZshUryT/w1/oYfo5Q1DFVkpB4TKctUiUp+mtwLqiFKgoQI3EMJ6ANrBpwWZHlecC6zZ/r3+rYlex1edfSkF9g9tSdRklo3+a7dy+kMoKp/xrU/VBNYDer0fVTbj54dKBt8XxhXVE7n/W+6V63s8H8dcgU1pvjhRMrlu3rY95C0pvhVcJHnzQIba8z73b0rZdd6scwL2bzVKVyozadCIwJgR9O7IxBd3zSLeEEmrr67eGQDfEP33nn3DOceDAAebm5vja177G+fPnMcYwNzfHqXdO8fR3nubxxx4nyzL27t3L3XfdzTe+8SRf/epfsn//AaIw8nG48LPVXnjxBWZnZzl/4TyPf+xxnnrqKS5evEiz0eTgoYM8/PDDLC0t8aUvfonvfe973HbbbfzoxI/Yu3cv99x9Dx974mM8+Y0n+eSnPsna2hpHjhwhjmP+65/9Vz7xa5/g8qXLrG+sc/ToUZ775+dg+N7buBW+gFNZ//j5TX6mVLPRYHV1lWtXrnD74SM3s9AxxhgXAMYYY4wxxhjjg0AVtotWk/m77mQp1hT9zSTaSJ+/BEFAGIZkSTLyPsosqdLku5Fg2dWFgrq9dKRttdL41PH6lkLKVp38dfG32Krm+Wk7KLYT89Ww5h//vp/uU2/2lcL5nHVL7liRHc7i8ES7wxEA2vhdbstKhQRM7slYIUXdpeAtSPyQWVsOe67XboTg8XMSHEppT0YJsWUvOQHCSZRqsv+eB2ByEgKJUHIsY96GUX9WKcquF1ep8fw/4XyiXPm3ClcluKL8LlXdQ6J+XEo/TDqKYubndzA7O0eWZQwGA/I89wPcRgZ7VpY229fN2xbYLf7Ho8/fCNVAW2BLIi6lrIceVxAleXijs+Ldlu87aK5/rpplsP29Qgg/a6Dy66+UakBadiWMDmTf+v5yH5R8gCjbL3w5TSLLYcxx3KzVdb6VvvLcrYgJPyS1UpHaEXsm5zxpUV3LlFTlnBOYnJik3W79yhfNfhnhrELpiCAySJuRZxaDRQQSW0hsIchKu51m2EROaPI8QzqDlJJXX/kh7XabJPHn7sbCIgcPHOLyuh8qHQQB1nnbqc7yMkmSYIZDLp05g0tT1tfX2b9/PxcuXCAdJuTDIRfePk273WZ2dtZbWxWGptbsmptFCEmapGRFTjsKmdu5g6uLCwhrsFmOEqCEKBv6ZD3yd3TA5K0EUVW1XXXb8VaEKtS+IqADdt1xlN/4H/az89DtMK0ZiiFWOoocljtdXAETU/PMtKcJgkkYpBTXFnFJThROIUwDvQ46MeQrVzh18g3OHr9EMAzY+eiD3LF7D3E8TfHWAovPnuDqnz2POXkGeXCStTQlP7XK+uIiU0dnOPjIh0jaAet5j5lWRMNF9BdWOPXaG7zzo9eYv38vH/p399NqxLxx8k0O3nuEPY/ew7rr0VaSYTdhkAccOXoXQk8RywiZR6xvODLZxsZthAq9deKtdah+9hCb11ffYpURBTnCWUxe+p8LQEisEzgbIsqiO1Cq3Kmv9VAVmEVtbeNK0Ux1Dd8saVc2Mm7kvl0VyW5+TsaNrGw2V+DHHMgt73Wb+2Vbl8QmsS/xA3C3M96+5O1/3VbtK/8eKZ+X+0z5T9i23dXqV6+hvhdWS6nWrd6b7wvXd2Fve16K62Z8OSDPBLiYQE2BnkDYVV9cFeKmLXHmd8xz+9Hb+fu//3ue/8Hz5HnOxMQEV65c4Q//8A9ZXFzkiSeeQErJV//yq/z13/w1v//7v8/83A6OHTvG5cuXCcIQIST3P3A/hw4d5ut/93f8zu/+Dm+//TY/+OcfMD09zUc++hGOHz/OysoKH3roQ6xvrLNz106mpqaYnp5mx/wOdnxyBz/84Q/ZuWtnGZdILl68SFEUTExO0On42QH//vf/PRcuXKhjp58ExvqBwHlusNYRhhGmKFhaWvqJlznGry7GBYAxxhhjjDHG+Hmi4hGrdt8oYu+xI7w106a3tkhsBIE3b69bpIMgoMhynDHXL87dKGDfTiz64L7KibYqcgyV+kq6H0+/3zJjB3+62sP7WviWFMltPuDYVG/7hw2uTGBVlcA6hxW2TEwtFt+pUaVaNd0pRJ2+3Wgdqs+TAqIorP3ard1UYRkhGDhFY8dedt5zHwQBNgj8sbrFlKK/eFTkQklAjxTSKtX8djJ9e6K7/XtU/awGDLtyRocxnljUOijnjciR4oMtVen1kj0hLUuC+l3I8Rtz9KJuod9OCm5RJJZ/CwFS3NiMWsh3OVHehWyM48YNFdkTExNbii1Vx0N1/nqi3239vVqG898UMVoksAZXzmKQUpImmSdF5TYSYkRFODrrwRc9K4Zyc58IIWi2mqTpoOyqEfVxutUI1jHeC6WqWAQIqclFTi4dubKsDNaJmw0aOia3GYEImJydYr23wSAd+iKgcMRxhClylLPEOiIfpPSWlnBZTiwV6bDDME0xcQz9hMIaIivAGLqLy9i84Orpc1AUtKSmtXMX6TChETeYmJigFcbMT06zvrbKTKtNkRfIwjBw/EeNBQAAIABJREFUjkhK2lFMLDXNVhNjHK7IwWpfCJAVibiJrWfzrQUf5njDOyclmRGoSNKLIi5urHDxzdOk2iDbiiQZkiUJE802oWrSHwasdwxkK/TW+mysrpAOhrBwDvXiFdw6DNaWWFq5yIE7D7Pj7k8RTMzQmNBcXN9g+aXXufTmGeLM4PopG8+soCciXJ4h04y8KZl2e3BLQGgphKawfdKVq1w8c46Gjrnr1/4VE9EEy2HAW+cvkB2+ncn9hzm70ifJE6JuzNK5Da6sWnbZSfpXLVmoWV4pOHehx8VUsWECGiJCYirx9r84bIkxAF8Mt0zNNvn8bz3C7pmYZNAjGQ7obHToD/qkuaHfcQwzQ57l5HnpZ57npHmGKXzR2BhDYcFYizEK4wS2LAoIqUqVhcYRI1yEEApnCpwFV7Vu/gz3eXVvAr9oW3awSunVOr6gbFFalUVvg3BgbIFAI4Qe6cisrOYc1uVIUapGsGUXoESIECGcJ8dV2clmrP/cUhgipUa48p6FKXv4quJBef+0ft21Kr3pRwoIwoU+LpVDcApng8176Lbtt9YipPRxzg1ykffcbyMwBgQKJVug2hgbYl22ub7vU1iUFzmrq6u8/PLLLC4skqYpYRjS6/bY6GzwJ3/yJxw6fIi//pu/ZnVllf6gjzWWOI75zGc/w9LSEl//+6/T6XRQUnHp0iXuuusufu2Tv8b58+d56qmnmJ+fRweaJ598kjAMWVpc4ty5c/zd1/+Oxx59jCzLeOGFFzg9d5rORoder8dgMOCVV15hfn6eEydOIIXk4qWLTE1NkWUZSimGwyGDweCmYwxjvPrfGi/68OIhPzDeGMvq6tpIJXaMMd4fxgWAMcYYY4wxxvh5QVArnRwOrAEt0Pt3cPTjH+H0tfOIbk5gJRqwwiucpFIEYUCeOk+ClYr/G8eO24PnirkuU/KS5N+knCvlc5lY3XAZN9qQXyDejxLrp/8Q/n/23jzKkuq+8/zcJeJtuWdlFbUBtVBQUIXYBAVISMhCG7Jsy5alHrvdsj0jqbvHxz7d9hzPf3NOt90zPac9Pe3u6WPJHsuakbWMZCG3hNRIgGRA7AWIrSgKilqy9txe5ltiuffOHzciXrzMLCjQVqjf91DkW+JF3Nhu3Pv9fX/fX3EcRE/xXVZ/9+uoigrOGZGZf2cK0j9fQGSkf/koF/UKirSDvA0ghPOZIJWQ4ly6HoltJcS1OjtufDtiw2acrvg1lr2GBvDEt1wWAHD5vSRKJHm/mt2/6F9Xrmr3djO2+CxN0/6Ctfm2rBfe+Y8yBaPLFer5Bhw4ixAquzoyRVweoxCZYNKJHhnoPM1WFDwszrffH5llLGT/Fa/PprOTxb1Vapdw9ByYyxeUf50TqHmQzGFJU+81TKbalMUtKzKC3/r9cBbjROYjnNkSOevvJ4cn/rNC5sb68yWkWxYI8+dBKdXXdTnXC24iLM5lGR0irwfgAzWBVgRBgFK+ZsrPJVP3cw+Btz3TpA4ilxARkyoL0tE1HZI4IVCKNaOjhNUqC/OzVMMAISUm9XV0ptZMcfzoNCbuMlSrESKYmFpHtVLh2PHjNCpV1q1bRxiE3hYrSeh2uiAgSRLCIMQ4QxonKAvrp9ahtCLUAfUgZG52FmksyjoqYYi2Fjs0RKVahSShpjVjQ8OkqcGaFJv6TIA8zrVcI3w+Ir/VJQaLxTpDYhyBrnLfU8/yV//5S1TkGEoKlJYZ4SsIgyrCKZzJROSpA2MRzhJIiTMJFRXCosAlXbq2TeNQRLtxnDNJitAdhmwbcWaB8XgElYLRMTLVVM4YQuMQztJOLEuPvszSwVPEAajUMCU0Lmmz2FqgMTIJSpNYi9OSpVabkZExBA+Bi6mEkrgTI6KEpblF7t57kEUiQi0ZbmvSw4uknUW2nZxlLDKI0PYE6j/jc/PjwHLrfD/2MbjsGWGdIaxKrt9zCW+5ZBjtvM9Jmib4IuyCKJLEsSNOUpIkJU0T4jgljmOS2HjrvCSm3Y5otbq0246lpZhma4nZmRnanS7tbsT8QkS7K2nOJgR6BGszS0u3coz1o0IKQWoScA4dSITzQX6tQxCQ2hStfSagtQkmjb19oPTXuBDaPydJcSRZdoDFCYeVKVKBFBolKySxRUhFmkQgLUKkSClIjQ98B2GIiQ24BGst9VoNrQPm5k5TrzeoV2vU6lWc88ddK02n26bb7bBly8UcP36MC9av48xJf81v2DyMoMr00QWSNC/KWzrnLstCdfkc5EeBABeAVUhRx4mwqE/mh2PnftaiKPL9L2Tj496YbXp6mpcPvrziNw8++CAPPvhg32fGGqanp/n85z9f/H5kZARjDFEUceDAgSIrc+bhGUZGRqjVa9xxxx3Mz81z4MAB0iQt2p4kPjgRRzGzs7NEUcSxY8dWH1ueM0QhLnEOH/ihN5YNAk1zsYmxBq0GlO4A547B1TLAAAMMMMAAP0Hkqn7pwCBBgmyEbP/ohzj4g3tpv3CMUSeppn5ZJ0FITRCE3vsxSVcfgC8XO5UU6kXmsOin7ko/9Z+J1YfeojRxzZITfm6xYv9F6V/pS5sT/eQTFtf3g/Jxd85bIdiCdu0tU66Z0N8AURxorTWVWhVrfZFIISkm0lZ4exY1tYbhW26CegOhAm9jcy71FP4bQk7+5igI5ExVLjMP39xndTUbHqzDSQof1lz1D9l5qlS8Qiv7Po5jTGqxVmBML7PA2qzo7DL/XB8YIOfJs2yAPD1/WbCgeA1S9mwECrsiXGaVIHrS/2wSaQsiv5/Qz9WJ9H3vCPoyA3qT9RxSikLR75xDZXUFRCkYQZ7BoChI/TzsKJQsJs+uiJbgi0mS2WeJNAsOgEvTUltZEbzpvbfZabOZPZC3BnJF4MeRpAnW+oJ99nVYEAxwPiFjyaXAKYeRlkQaEpkSaEFQCUniLhJJPQxwJiXtdAhqVbAWZxyjo0M0F+bQoUIYhwolsU1YaC3QiQOsMMRJwlKr6X2XGw2csKhAkCQJcwuz1Go1oiiiWqliY4exjtbSEps3bAAHnXaHbrvN3MwMWmvmFuYw1rC2XsUlCVUZECAIq1WfnYDLiMFS0O987NQFWNmzShOQlTO2CClIXYp10OyknFowVLSgLiu4KEHpOkpXmJ1NCyIrUL6EMLlgWQhaDrSSOA3VoEZAldkZQ3KyC9UaRndpBxZXGeKIrVCtOOpK4iKD7BiqQQUt63SMJWoLouMGpyUugTNRBx2CDEY52VYkaYLQgLDEccDpGYslwYouSdIhVFVGA4kyNY7vP4WTjsBYxtIqsgttYzjcXOI6C1XnECpXBJyH5+71QPgnhxVyxeceWaRDxgjVIRAWLVpIIakovOpdQC1w4CROKqwBCJGynmWmCdLUyyuEUCilUSIg12Ao4Z81qRW01TCPPH2CP/1f/oZW0+Ci7Ppb3r43vL9ZnNoZsBAGIVI4HF3ieJ5KJSQIobm0SBiGOARpCloqwkYAePEGrsbCXBsVGMYnK4xPDCFUzGKzy/QrJ1h/4SRXXb2bMKgRtQTf/c536UYRI6N1PvGp3ybQ8MzTT3Lf/ffRqA/xb/+3/5k//dM/58UX9vH2W97G7//eb9NowL59p/jLT3+aT33qV7jiiq3EMXzpi/dw443X8u///V8wNxfxB3/wXv7dn32af/lHb+fb39zLXXc9zb/4l/+Mp596hc/+38/jxAXg+otVCCHQWvuaQnnG448yEXAK0OBCBBqX2TH6MZp8XVZAK07Zj9Cusk3j2SwRTWrYvn07MzMztFqtN7yt1w0pcEKsEG84Z7BOUKlUabfb2NRSKhE1wACviUEAYIABBhhggAF+SijoNSFh81Y23fgODk/fSdpMfGFYwLhsIiw9wSjAT46cT8HNed4V051s5YWQPEuHdpn6N/ehX8Zrn3V66lZ7d45CnTc8IP8pCXFfdTNu5UTA5EQluZ1P//7Z4sBnSmuRBXMKRVpJzpnbLi3ndoSnUYQQBGHYI5od2BSs9L+LhWCpGrDu5j3ULtkKtVpxrgfoh3M5UV4+p/5vUCjQrb/n+tL9BbKk5rfGFSr/sv++L/ZrCtVYPpmUaqXdTjnj4OxeurmnvSesZZZ+Xya5yxY72ZoptP5Crli31hrrbLGefB1KKZIkQSlfz0JKWRQQXt2iqnfs8n1RihXtccXF3Tt++d/8tcF6ezPhg2m9zAxXBACsNbgssCKEQOa1SLIaDrbw6JLF+nv77rDO+CyGwrvLd4ZKqSxYk5L7NdsfWeE4wE8D+bULPpzqMFiRYkhAOqwwIC3NpRYjw0OIoRqLs/O0mvNUwgrDQZV6bQgZaAgUb7/1HXznnnvYfukOjh0/hk0MaybXoKRk+sh0ZiFhiJuOCy64gFg6Wp02p06dIgxCNm29iIWFBYxN2LDtIsaHJ7DW8uK+FwjqNWxqkIGmWm8QVmuMjY/RjiLmFuaYnVtgtDFCqAJc6ghCRSWoeDLMGKTM+onMdsSteGD8bOFJYS8i8OS/yBSqDpwhENITvYmCNCDQI0jjfOaPVaSxI9ABTjgQCV3bRqqUoCJRnhWk5gyR6RJpMHWNiVNC3UC0EsaokSRdDF1MJcQqhRGO04uzjA2F6ArMtVpIMYQKAqyL0K7lBRVBQBJUiJUBB1pVCLQmiZeQztEIhrEOEmfQocNqT4AvRpax2gjGxtQCje5E4AJcLSSyCXGgCIOAqrQ4Eq8AP0/O1xuFP8cl0YIT4DTYIFOK+H5YOUNoY4RTSNKi3orNxBBKKUw2nlHZM9k6SI0FoZBSFEXprbEY61AIpBJYkQWLnUCLiOFaRJIs4RjJxlhZ/lypf1jdUq8/iF1GLtoAWcTdpABj27zrtj1c99bLSOKE+dmIL3/1y4yOwh/94SfZt+9F/u6r3+byy7exY8flfPPOe9i4aZy3XncDX/rinTiX8t73X8f1N+7g5PEltNZ86f/7Crt2Xcq7b7ueJ/ceod2UNIZGiOMujeGEG/eM8PU7HuWf/dNfZGnxFBs3XshC8yi33fZWpo8coFF37HvhGb74hc/zR3/0h7zl6q3MzJzhT/7k6yw2I2bOLPKud11Fa+kUrcWINDYMDUlarS6/8uH3Mbmmyto1m0iiA2jlSJNX1+Bba9GrjGnOGcKiSQktRHYRS9dfF4Uo5o2hqKsk/DVTHuOUx0rQG3PJLDWxT4jhetdO+RrKfxeGIU89+RRR7Md41tnsGjXFMnntJZfNBc7Z2siRXcHZPiFwQmafpCBSEDHOppkNUE8QprWm3WqRJClh7ee62vgAP2YMAgADDDDAAAMM8BNEQdQLb6phnffxtMEo62+9ncP3Pc1S+wjSpgjr0+dVpoaROi82a3GpT7XOSa9SCbYSh2x7n7hc/p9NiErMf4knWxXLU75XUo0/Kfzkt/BacKw+GfImJmU1Tm/ysnwSYzMVtFyeVo0l5zGLrbgsQJNNdsNqBaW0n4wAWG+dYpGkQtHSinjTBi549zuRG9dDoHoXwgB9cA4CrXsksszJYksYBjhrsNZb+CAE1qTFZM5m5LGwjsQa0myytxrBABRkvTGZd32hmu9f7tUK6S0PEJwtkFYOJiz/zBhTFMuN47hQvufHIIoiqtVqofDLLY2SJPFFT631djvp2T1/V2v38onzqxUMF1nmxXI1P4jMTsFmmQz+uPrF8iKKfrleF9ZrZ3mTBQGQZSkI/D3mj4OfPOdBlgHOf+TXWBGskZDaiNh0aLUX6URdfw2HVTACiSZQBgG0WotoATU0I7oGoSKRgsmJSS7etpXRNROoRpXG0BAHXtjP1NQUl1yzi4cfeAgnJZs2b2DLjh0cPXqUnZduZ/6hB5mcXMPNv3Arrxw6xOOPP87Fl+3g8Uf2UqtUaaURM80FSA2tqEuUJIilJWrDI9SGR5hvt+gkKbXIMDYyQqAUUijCQBDZhHa7hbGGvEjmj03d/GOFD7j40YjO/opCcVCRitgIaiJAJQFah0gRoTCAIgW8LUqCFS2QLa68dic33XgD4+Pj2MTQkI4DLxzkGw/cw4WXb+KtN93MN798NyefW6DbXeKSi4b55V+9nRcOHuWOb+2lm8L6tWv4zd98L4iU//KNuzl6tE0cdRgbEnz0I7eyZv0IkdLMRSHdqMWjDz7Cc08c4b2/8C4uv+wiDh08yH33PkGr3aZaTbn1/dcztXGSgwdnefCevXQih9Q10jQllCFGKFIhiJRC6gApQEuHs4n3rX+TP5wz7Te5DZ3AIZzECp31vQaBQ1tHYIy3lBOSXt/ugwS9OjsO8MVQZRZAyovfWkSRtSqU788N9OrUCEUguoQY74+P8+Pgc/KQz+vprDwX+e99QV2JQPqQmzAEyrBhY0iz+SIP/uApFudCWs1Zdl91IWMTMVsuHmNkRNEYjhkZtTjXpVaLGB2LkKKFdY4whG9+4xvc/e0X+fjv/gp7btpBJ2ojZIySKWdOL9BtOQR10uQEaRozP9Oks2QZHR5j68UX88W//RK/+qsfY92a9Thj2L5tLb/+kV+m3epy+PA0115zFTfe/HbmznR56MEnME5QrdeotqvoQJOmcOTwHI89+iJ7briJe+9+lqgzjHM13Eo5UUFgC0D9KM9IAUIYNAtoF9FMXkHKBZwVWX1nsVKVdA7rHBoeKrKvFhYWkMqPv0SevYEsxhhCyCzwbwiDkDhJyGs7+bpCEqmktwWUikAHBDogTVN/7QlIjR8nSiFJbNI31vLZigKtdNYGnyG22rhoOSQU1j4WhUPjnAYUqI6v1SANFl/MHmuz5E4f7OhGkRczDDDA68AgADDAAAMMMMAAP0XIPGV+aISxt+xi0+3v4eBffp6KjZBpjMp8w0WmIJdKEhBghVfqWNdP0Dv8gDC3Cu/DKu+9lQyFzc9rj7ttj2wTZa3K2eBKlkGvReivMMRh9bLDP4pC99XbYJd95VORV+Y/2NLr8ud96rgfpZVKUKlVUVqXghClIrBO0laamXqFbe+5lZEb3wp5jYCyZ5Nb9vfNyz38yBCiRx7k6q5c5Z4Tyzab6Dp6JLnBExPSgcvU4ta5wi6mXAS4/N5v0xMlztoVae1COKTsLd/P4a8+ye5TPZdUbWULnHIwYHR0lIWFBa688koOHjzI5s2b6XQ6HDt2jJtuuom9e/fS6XRIkqQoUFetVonSiIs3X8iRI0dI4qRQtC1vy9nwam1arsITgJAuU7+VlXo+4OKLk9ui8LVfR95bLb83l/dgWZZBuS5DZrPkkCCszy4oMixyG4Kz7toAP2OsFuxCCGITobWkVqvRacdoV6VeHyJybeqVETrJIoIAJSVJknDBxBRKhSTC0Wm3OX7spC+qKTW1kREaI0NMz5xivtvi+uveigs0UZQwtXEjLx05wunTpznTbDJ9+gzX7LmRp/bt4+qrr+aRJ5+klcTsvvZqTJJyenaGZrtF1O6wMDNLPayTGphvLjE6NoqYmaUS1BgZW4sWEiEVUgQstOaxyhAmCUkcY0zS2+fzsCP3eQmldtmMtbWZlY8FbSBIIUwlWgY+UwONROJEiiElNS2uvv5Sfv8PfoOpNWv4/vf2sjDfYtNbruC3b78C1gjCiuUff/BqHvnqdzjdXSDqWNZs3syeD1xO/OgQ83c9xEzU4pb3vo/bf/taGlWIa47/6//8CrFwXLJ1C3tuu4lO5xQnTy5wwbqL2LptjI+8bw//5l9/mj17tnD7B3fzwktrefiJBzk+e5pdO7bw0Y/cwkUXTfDwA4d59O6HaCcKoXwNEyslqYPUJ2ogsaiMJLfC9/fn31l7fch7XCsEQviAjRASROyfc8KSJ0B64jwLteYq6L4+e7VByfL+W6x46Vx+z/vle6PQ1eQXPwoEDg0uAGlJ0g5p0mR8QvDhD7+ND3/4bdz5jZf4T//xST720fez97EH2bZ1K7t3byR1HaRKkLJJWJlEEGNsG5sKcClCWpR2xFFEWNekUcJSM+b555/n+HTHl3BCI9UQGzZs4qab381/+PMvktolbrrlMt72zisB2H3NJrrdmKNHE2Zn6sRJi4OHTnD4yBL/7+e+RhxJjI04cXqGd7//Vg69NI8OR5iZNeDW8Z27vsu3v/0U199wE2FQIzaVom9Z7Si+kWzeFf21NKT2JO34JEKcxokWVjQKgtyLnF7f+m+55RZ++Zd+mWazyXe/+10+97nPEScRw8MjLC42AeHFH0XGmOCP/vB/whjDd+/+Lvtf2E+SJH3rNcawc+dOLtt5GWma8szTz6xK4AshuGLXFQwPD/P444+ztLSElJIkTTDGEIYhWmm01kRx9Kr7YgUIp3FUcAyDGAExBDIEdzL7p3DOC32c83WTpCvdHAMM8DoxCAAMMMAAAwwwwE8ZDkhMTDjaYPsvvo8zTzzLqYcf87UAjANn/VQqG/ApKVFBgBSS1BhPYNmzadVL23FiBS8MWXAh49N+thNUgS96YPtVvivw01FA9imYS5PVTLtWmsaWFWP5Z6X1vK6tCqQUBEGAlApjDeVWGBxOKWKlOFNRDF13JTs//CGo13uRogHOCinz4rG2UOhL4SeHSkpEVmTb10/O1JpZTMUryL3lj3E9CyDokfFltX7/xDe38/Gv/TJApnKE8nerB5Hy5fNleu/zSXbP/18IH5BYWFhgdHSESiVk164r6HYjLrxwMxdeuJnDhw9x27vfzVe++hUmJyZ573vfS7PZpBt1efaZZ1kzOcmx6WkI9Kuo1nphw5X7djb43+TFtFW2Ct8H5Qp9b8NknNd1ikx9aJ31dhK23JOV75AVDrmQ/871bs6c4shrNYAr1Ho/PgJpgJ808ntOSolSAqEUteoQ1cASWghtjUA1CE2VbppS0yOMTQxTr4aodkKgNFIKku4cJI64HXHR5gvZ/9IBlhaWqAUVRmpDDFcb4ARDjQZhEKKEZM3kJNdffwObN21m04aNHJ2eJup02bxpE68cOszRQ4d51ztvZf36C5g7NYONU8ZGJxipj5CmKdXqkFd3uoAwaNDtWHS9hrOCqBuRJIYgDIp6GpAHMIueiZ/1E7sHb1WocvrQZb2UkCBV9nC04FKkNQjnsFYiRQWczxgQUmFtB6Uq7Ln+BjZumODvv/4Af/kXXySNFdt3PsU//ecfY8uFF7LYPE0agwgVLW1Ihhzz9YjjSUxLJjghmRit8LYbdnH88BmW5pvsuXoXd264n+eee4VKZYiu0Xz9m/fxrb+/i4nhi/jQh/bwkV9/LyP1Okop9j59BBk4RqdGsYdOsfmiTTQX5njkwZdIO6OorFixdAIhISZFaIVwFpVYAiPQNvM6J+DnhWbxwnlDrRYQygrCBsQmIcaQpBaXJD5R0foaNK7/h703r5V6etZru5chJjKLnlzz4P+57GEk+pcv2+SdcxcvMlsrh0BSCSsszsd84fN38fhjTzA/K7j00kvYtLlOFF/B8HCdm27aw9333M3E+AiXXbadK3fvpDkf49IqWIeJHVdecSUVtYmtW7fxX77xd1y0ZTNKVNm86WLGhhVHX3mcVjshTirc871n+bf/6xcxJuY977uRP/+Pf8v99+3liisu5aKt6zkzd4ZH9h7iO99+iN/579/PBRsv5/CxJaycohOlWBfxF5+5g4989IPs3L2Jv/jL7zA3X+e+Hxyg1R2m1Wrz9LPH0UrjRNUH11d73p9tDHCWh325XkAOiUPJhCg9SZROg1rE53W4zPXPvcpY4+yI45jH9z7Oww8/zA+f+iFbtm7h1679NTqdDt/4xjcYGxvj2LFj7Nixg/0v7Gdq7RQf+qUP8ZnPfIbf+q1/wre/9S2efOpJtm7ZSqvV4pVXXqFWrXHLLbcgpGBkZIR1a9dx3/33sWnjJrpRl+npabZt3UZzscl1172VHz71FOvXr+fkyZOMjY0xc2aGd936LqyzpGnKiRMnuOuuu1YEGvoOMQIrauDGQK4lrG5E6jU+zJUOkyYWYzo4pxDW+S7V9uRIb+TYDTDAz8eTaYABBhhggAHeBCgUsoDWAVZKwu3buOb3PsmdRw4RHzzIWmELv2uZcV1C+iJnqqIIHBiTYlKT+VFm9IBzFAXZylS16w8TiPJY3732vEjiFc2vYy8559nWuSxWLPNGggA/ijosP57QT/6vaNjqP10xRyoTt17BKoVACplZPSnSNPWZ9qUJlpWOSDnmlUXv2MJVv/kx1LYdnmT58SQf/NwiVw7mxL1SKlO9Z+ShzD3newExqZQn/UWWGeC8kj/3/s8DADl5nGcBlNVsPvOA7PJbph7L/l9YPGUn8dUUvrkdTi8DoBcc6KWy++3W61Xm5mYBR5omTE1NksQRSgomJ8ZJ05hatUKtVqHZnGd2dpZGo8HExJg/JsJhTbpqHQPfht52V6jxl2U25G1bLTwmixwX//9ifc4inM3UxRayYCdO0rvYS+sTve26MumfFz3JfyN6QQhjTKlI8GACfb5jNV9mIQUiCEhSg7MBAUOAxrQhFA3iBUN3URClIZ3IW0tNVBrUqlVmW4s4A/v3vcCJuRl27trF8UPTNIYa3LDraiphhdmjJ9EpRJ02Z6ZPsGPHJZw4cRJtYMPkWmZPnuaHj+7lzLETbNiwAYFg7fgEx6anOXr4CCTQXeowXGkwPjLO3PwCmoCZUwt0WgmKmHac4kQFIR3dtI2VhlBUqVRrqEAXlhY4m13G548VkABUZrXRi+YJn2UjFUJZrHQkIiUVCYYUKTVOSqyRXvkqwRpBGFbYtOliDh+a5967n2BxQVFVo7z09Gn+jz/5Gy7aOsrN79iNrsKmnZewWBknwbL2inHCMUWtKkibTS7aNMKNl27kqWee4Mknn+J3Pv677Np6MS89vR9pLVFXkpg6ia0xOzPP8eMniCKDUlVanYTpEycZXzPMRRdv45EHX2JsfC1Hpo+RdBaYqI8iUGin0AhiHLEwWGmpGk1ooWIlymqEcziCVfXubz5IvM2PZcOGNezY+haPmhK5AAAgAElEQVQUAXOLp0kFHDpynOmDh3FO+oytPtK/PBYsDTxL45tz1y9kg52SaKUIAjjAOpwtLVf8hmXP4Py7VbJKnUOIBCdSILN5SSXtlmPnZbtZO76FY8eWODVzks/+9f08+MDj1Gt1PnD7bRx6eZ7nJ49w/TXvYKk1x/fveRqRDiOARx86xM7dF5BEhju++j1eemmRuTPTRK1HaXcdUTekGxuckCwuSr705WfoJhXCoMEjjx1hYfYUSTzBM8/Nc+DgHNYEPPfMkzSXBP/hP32NILQ88+wJ0riKZQjEEAdfafJnf/Z3mFSDqeFcg4cefhlECCgOHTmNp59VT/9fEgy9qrL8LOfMZQOTfls9ByKl2z2NsfMoZcgrab3WZl4N1lgqlQojwyPUajUmJibYcvEWbn7bzZw4foJt27fxmU9/ho//k4/zr/71v2JxcZETJ07w9Tvu4MUXX+Sd73wn11x7DePj4wgEf/uFv+XEiRMorRgZGWFoaIjTp08zNTXFtm3b2L17N3d+606uvPJK7vqvd5EkMc3FJrd/4Ha+9a1vce111/LAAw9w+eWXg4B7772XHTt28OCDDzE7O3PW/XAIkDWQa9HhVoTeiGEEJyzVikTaFphjYLUXdOVZAK92IgYY4DUwCAAMMMAAAwwwwE8ZkmwILBW2Wmf4+qu59fc/wX1/8m9IT8zklqgrk6edH7BrXUFJi9aG1ETed9zYrB7bSu/uMh/tnOgLRKw2hOznlUtLuddmnH35qnNdPrMAcuUJw1msUF51q2fDOTDkbvmbUh2F1/h9fh6Xt8/Xeuj/sKfUliAETgqUlN4SSkq/vHMZcenJTgekErqhI5kY5i0f+RCTe26AoOEDAE7gC5kOsBryiVI5AJBbv+SkYpr5t1p6xePyAA3OYY3BGIvJlON5AEApVUx0VwYBQCmBtW7VCW6PGO8R0K9ms1vmTTLHor4sgpxkl1LgnGFkdIinfvgEnU6HiYkJxkbHOHbkKI16nReeexaF48zJEzz28EM0m0201iRJQrVaRTpLY6hGN1o9dd1vI1Pn2/6dy4/1ivflf/l3RZFIX1nDZwAUrs5ZqrvznrfGZkro/IbqBTrL9kHlYr55oMS3QxTkBFA6j64I7gySac5vLLeVEkJQqVQxVuKsRllBRQwTO4cwim60hDDDaOVYWOiwML9I44J1qChFa81FF13MXMcr/u/82t/jBHRbLTZfsIGo0+b06TM451gzNsGTDz3O6SMnuOCCC/j+f70H5xynTp1Ca81TR/Zyav1xFprzRC4h0AEy9ZkFNRUytX4NJI6qqBIvxaSdhEZQRzmNCiskie/KpQgwzpPkYVjpC8BZlz1Tz7Prc/l4wwJO+GeclRYjHalMiVVKomOUiJHaYYXCIFDaYdwSS/E8YQPOzDc5eeokQmiqlTFc2uWFp/fxystNLrt0FB3ewCd/60MsdXw8UFbmWDMs2BedpKFbvHPPLYwNKe579Ame3LePfxTCNW+/nG/f/XdgT7BhfZXf+vjtvP/9N1ILFOs3jvHc/hd59Nkfcs3brmJu/gTzCye4atdufrD+WXZefjmHjj7C6GjIkjMkWZaSNoIIR6wcTkHVgbaCaiqQ1lt1WIR/lJ9n5+z1o0eYK+UYHg0JZEhQG+GFV15GBQaEycZ6eZB2GQHcN4o9B9XJWdvhiwHngd68j3fOYVJb2L30ByFexxaEA9HBSa9QFy5E2Dpf+uJdfOVL3yTqGrQcwwmLUpq4O0Far/D//PXdOAK++fc/JAj3+WenlWhVxznNSwfaHDjwPNYJEBWcHeelhUVefvkZgrBCnARUq3UQEUla5bnnp1GqQZRYThxvU6tP4UTC4pKhGwmk0CRJ21sMGujG2T1nUnBdhAiQrpEV93U4FAiNFBo/uUiyg5T60f05jOv7D5Q9y9g+H8v0n38hEyDNhtdVkKaUeff6LwZnHZ1Oh2q1SmpSGo0Gb73urRw+fJgNL2+gWq2ydmotExMT1Oo1tNKkJiUMQ4aGh7l0x6XUa3U2btzI9LFput0uo6OjTE9P02w2OXrkKPv376dWq3HNtdcwOjrKJZdcwvD9w5w5fYbnnn+O9RvWE0cxtVqNkZERxsfG6XQ6HHjpAENDQ7z00kts27aNRqOeBQDK84rSoUTgZANV2wDqAhI77jMCRIx1I4h0HNQ8zhpyu9eyqGsgYBjgjWAQABhggAEGGGCAnwFyXZVD4CoV1t72bnYdPcazn/ksdmaeESuoJA5ZTLBlafzoENKrxwNZRWuDM8aTZVZnHtdgrcFmBH6hZc/8Ns91uC8KmrtEjvZ9v/z/eEKvbKxtXaEF61teyJK3d/nz/m30W6WUlyy9E2cPaGRMZCbIdqt8V25dr4BdPpEt647LrfXfrV4XoW854T2DfUExP0nOszpy5Nke1oEhxSqJ1ZKFIKA9sZatv3g7m2//IAyP0CvKt9rODtBDLhHMbGWk7V0neUFRY3xAJgsMOAdWen26sxZrLMZYb71lTEEkCwcq8AEcYV1GhmX+rELinM1Iu9KVkKu3fIGP4rUQcsU1vxqWE6D53+VFg51zBEFAtVoF4NjxY1RqVRDQ7nbRSqHDgIWlRaSSJCZFBJp2t4uSEpsVsHu1duRt77ufXHGr5bdkcWxXZEKU1lFkNggfEnQ4X3PBZhPdIvPBUkykhfOETRa06/URGSmU2VHkxz7v94wxmCzrw1qBsQ67vBDIAOcVzkZyGCyJSTGxwKQKa0MUGqlDqtSo1CdApSy25zBpl05T0nUGggp1USVZ7DI3P4sKJJBQNYIgcUyMTDAeVllsGxqjY0xUR2m1Whx6/mW01hhjGKkOoZRkw6Z1RFHEBUNrSZKUqBsjnGZsahKMgG6dJIFAjGJimKheQBI4pNQoLbAiwqmUoFYjdgGVahWkwBiHdcJfw8LicJ6oO0+iVJ4+9M815XwwwAqvilekBAK0MYRxSs36uzrREiEt2lj/G18qAKlCcJKG1kyNDzFzao659ChhaLjuHZei7CITY5Mks/Dp//x59r0wTWpibrxxG//oNz5AN02Y2t5g555tLKQJbRNRmxjmWHOJ9TtGuXjrBA2d0F5o8uzBlzl45CjrxsYZndxFtdpgdKIOGprNDi++8By3ve8yNuyYQowKph8/wcYNb0GGklQm5CWPlU0IJEgboq3ACkuiBM4KpFMZVQ3izf6QLt16R44cpNvpErdjEtchEZIolgShQgcBQRCs/NFqAYA32AxXeo6Wyx4VvXz5UfSaxKhc1kxXrFhiwSmkCH2AmGGsSdE6QLgQKRwSRSWoEHW6JIkiCDVISZpIXwuDrDy9AOs0oBEocJI0ibF4AUE3sgSVCu1uRBBqpJI462vYSKkIKlXiOCWNE3S1khVK1li6CCUwSQipRKhMDCK8NZdzKjs2DmSKcCY7YBJhVfbsNJlQAVQW2Pc1jyxSiiw43zvC1uZjpEzMci4nTlisSzE2wRf9Fpm0xYLLrD9fB4mdn9fHHn+MKI589uLkBHd95y6uveZannzySV488CITkxN84pOf5LHHHqPZbJKkCWfOnOH3/sffoxt1+evP/jW7d+9m06ZNhGHI9PQ0JjUcOXyE5mKTdqeNsYbmQhPnHA8/8jCnT5/m2PQxtNYcO3aMKI546OGHuOrqqzhy9AhxHHPw4EHiOKa11OK+f7iP5kLTtxsBqMwCroKnYBUQoKoXgdqEcSM4fF+IkOB09k/6IFtxEPwfmxWKfyN1Ggb4bxuDAMAAAwwwwAAD/Iwgy6Tz2Bq2fOy/I27H7Pvc5xHNiCBN0DYbKJfIYi9Xza0/JCARUiNLRUetNSRJ6n05bU9xXLbkkKVxd+ljZGlylBdfy5XNxWf571w+FRDFigQgXW+G1rcdIUo+sZ4Y7Nm39si64hiJXPnlidViPbKfDHU5sSv7B8Mi22ebEYh2+WRjmTg5VxPn6jJLL3CQaYaxrqR+FpLl05ecT3SAk6JQmPdUnb3CZy47hhKBy86TEbCYRIhGg/mRCS77xY+w6+O/AZNTEFb8hOBsGMwFCkgpkNKr661NMSZFCD+xVoEn8gryGX+tWWOyugA9pbgxDpOkPkgg/MQYBamNES6gElZ80dmsoGdqBcb59eXXsrU++CBkKQMnDwZk12eO5cR6Xpy4jDJ5Xi4O3JfdkKYAnpiRgsQadOhJGk+8+WwUP6l3qCCbFoj8vusnUso1EHq2O1lfQrmYr+8ThBC+GLKxfQru/Hjn67NFwV5AeCuJ1Gb3GdL3dQ7AZBkCAinKxynr3zLbJp+eIEp9WNbP4PswbwEExjqE0EVQboDzE6sVlfZ9ucEJR5oapAxJY4dAY63CKY2xKcoJKjZAS0m8FDEyOkxiuyzNtBBmkrWNEVLbod2eJdTQnnGoCCR1albBYkiNkHp1nLpZ8kXarUNpf83oSBMwROAUwglE4As6ajeEExqMxgpfiwShEC6gJgMQgiiaQwQK49pIYanX64QVRWosibFI5ZfzoullY4CfMRyCRChAUbXel91JRypiUtulIiroWKLaKVW0D+ypAGMF2ko0AhslKBFgdZWjR8/wjuu3c/WVOznwyn46YontV2/lk5/6KIefexmXaJIY9h84xRPPvEQnihmbXEezrVhMNesvm+TiqzYyH7e5+e03I+pVEhKmpsbZesnFzB85TZKk3P/AXr591wOMh6OYSPIL77uBqakhkm6MtFWOH5mjUg/4pY/dhqgajh0/jXxL1Y/BtMGqFCUs2lpCV0WbCjJNiIUhDrKMQOMQ2v/EFzz5+cDGTRt467V7WJxf4Jnnn2Xd5s089/zLJEsGENkYqmfv4mFXvn5Dh8R5fl706WCQDoQTOHG2zIPlko3S1/nyfc3196j/3K9TiCpIH1D2Ae7s2eoMUkFV14rVWAtCKpzIA9q+plOe4emcw6kUlRH2SgisiVBSY1NvBSjyZ6F1pCZGCIsKA3AWZwSpiZHSt0OJGsggmyN0fBDAeZsdb8iVEfXSIpxBUkMQINE+4yjLqDCpKaL3QmbjW2ERhZrfFbWT4nRllvGrwZqUJO3giH2bhPS5Ig6f5fcGVOxRFPHoo48CkCQJS4tLPPP0M8RJDMD+/fup1+t0O126URcpFX/8x3+MlJJmc5F2u8WRw0eYmpqi0+3QbrVpDDV4+JGHGR8bR0pJRMQPn/4h1UqV+++7n+Zik6gboZTiwIsHSNKE06dP8+ijj5LECcYajh87zvz8PFEccfDgwUJs4IQE6sAoiBG0GkbJGg6NFReSmjUgKpngyiFsdq15fyuEyGpViZ76P0kSlFKos9g1DjDA2TAIAAwwwAADDDDAzwh9enalCNdfwBWf+ATaSZ7/wldRZ2YZSRKUMCgrwEryvHJR+qkQ2cShJAqXUqJ14CcqpjcJ6yPOVxl3i2WfC5FPgnrEvJR9Le8RbWQ1A7JBrMzJwMyzOX/tC6v2CES3rHaBLJE9UsnSdnsD3fIyQgjP95Xa2N/+0uuMNLTGFKRrXyEylxWyy6xBDHlbXREM6AsA+HyHFccxb49f3mXZGGQKKFFMS/0yXvHshAChSbWEoRFaow12fvB2dn7qd6GhoZIRQnk28QCvin7iMFesZ1kArlcQVpSuiZxQz0lpYwzW9IoB5149zjm01lQrVZRSmChCSYUV1hft1r7eQE7er0bgQynAVvq8TOYrpfrWkX+3/LpenhFQJtuL9UpZ3JP5ssYYcqOAoj1ngRCimGy6ZfeOM6vvZ3mdZWuANE1XriM73nmx4Fyxb61FCdd3zJzzfUZRw8F5wiJfxtp+sjRvQ67gzifP1jqiKBrcT28y5H197pOfnXWsSxDSMTE1idCOuTOnGa5poqWY8fpGWksRViq0HqVR2YAjxriU8cmQiq4QRV00mmpYYbE1g40ilFbemqfms3qcgySJqVQrmNSiA4VJDEO1YbqtiEp9iE6coLRGKAcywdoUISDUIWdOzYJT1IaqRCby5LgVdDpdVL0CSRcnHFIte3adRxBADQkpEPsHkg4codLEKKwIMFLRViGLQYAIQ4ZTgzYxiZSZRU5KwzoWOx2+ede32LHrt/jHn/oAV17/FlJruejCKbZtaXDPnXezdu1mqiM+mFevh7RI6A5V6FQ1qXW84y3XMhmM87//u7/guX37iYRlYu0kf/zPP8Gll+/k3pkFlgDCkLQTo6OUpdklVE1SrdQZRhLZOjPH5hi2hlvftoNvfuUhTk6fRI6MopdA2oCOqBILgRMGS5WuDgidRSagLKQKZGDROdft5M9N3xLHMWfOzFIP6qwZv5CRxgYqwSwL6UmfWWUSfPHjEukvlr1+1WNREpKc5Vus63teWJc/P8gyxM4VK7clCsW7zEZ1tj/hRuRZZdk/kQUYlgsyREZsi5zbdkiXhyNc8Tdfpsjo9JFr8mxVEEgnsjGHLTZXLOMEkODV4SkQ++8K4Y1EiCwwicyIfwUI0riLDhXOxpg0xhjL0NAQcZLgnCUINIh87CsQKMJKhYWFBcJK7XUc57zNvQyLnMh+o1ie3VG2R0uStFim250plnDOcfLkcfJzJ4QgirtMHzuKc45arY4QgmazSb1WJ6yEuMTRdm2WlpZI07QYi6RJinUWZx3GGuI4Jk1TbzGJwdiENE1ITZptSyJcgJNrILiIIJikEowjRYgRkJghpK1ghbf19C30GRqI1GdwCIeU3gqxfElKpRD6/AkMD/DmwCAAMMAAAwwwwADnC6RCjI5x6e/8LlRrPPflL9E8doSxbsIQjgq5fU9ueZEJBJ0rSOXlREEQBKBKBHdJ7pQNhfsG0CsmRUIW359t0N4rlSsKP9HeINbPfCy5rzcgZSFmLCx0SinYvX3wyv68uFzh8S36QiCFStL2tSZHPuHIWSK/LSecH8SXJpPZXK1nHSIzFl8Lv+7SMiJLa3D4Yr7lmaLLWuEE2UTBIoTKJqiebM2tmXLlnAViJ4i1ZiZQdCYnuPKXb+eK3/wN7FiVOAyQWiCtRWZWNj6YkR+CnxOW4ceMMnEO/loKleqR/tYWxPRyQrrIALDWT+Zc2bvfBxM63Q5hEBBkGQXWSsgyTYJA+/tH9K5dtWzbRfvy9dqMjncuuxZdKbCXXctkl3xukeP8tSoQGGtLwbrsWsf5Qrp9Byb/mVdP9hdZ7bVXZLeCy+5jk6bFa+d6gYPlAQBrXdH2XlZN7mGbq/7LxZX99+VAhssCZ2ma9tVo6PkH5yjXAqC/r6A/8JAkCWmaFtkRCwsLnD59xh+MwT30poFP6jBFRptwnjC31iG0Y2g8ZOPmKY4fM1xyyRYe+IeHWThxiuGxUcJ6FZNWUFrR7s6jjMC5kCgNEcoiZEC7q6lX1+JcgtaaVqtNvV4jimLCIESLhEAFWOHQWpGKlNTF1CaGSK0jrGgcKWMTQ2zdfglpGlGrVMBqHn/kKZaaXZwVaNmgY7qknTaiZkiSCBenOJciZXbPIAri7nxCHnSTOYmJRDiHklUcIUZCIkNiEVBxisBAYCXdQJEKQWAFoXCEssHz+w7ymc9+kxuvvpYrLlpLRSoOPXOCO+94nnu+/0Pecl2FO7/3CkuLBh0FjKY10mMd9j0wzcKhFhPr1/LM94/wwv0nmWlCZFO6J5s8dO+LVOujhJUNPPLUQU6d7FIPJlFihCMnWvzgkSPMzThefnmJTsvSNcPsffwENTHMYw/sxyajHDvUotp0BMkIzmoWA+NJX+ez9RLh0EoQYHHSEgtDILKxQ/Gcf5OisFlzzMzMc2LoNN2lLvOLcxw48jLGhdkzwrKcmP1JNqlsAfQaS9N7Voi+Z5LMhm3G2Uy4kj0znB/TCWe9rSbgpPXJHJk4oHj+WS9MKZ5bkI1ls+e98GNoa032fDY4YQiVyZ53BikC4sjb7oUVSE2MVgFpIggrChUkxHGXteumkEKwsLCAlFXaSzGTk0OkJmJyzQRR3OKVQy8zOTGJkgFnTi+wbmoDc3OLCCEx1nHB+lFGRxqkpsOGDWtwOJqL80yMTwCSTtThySefYPv2LYyNjtLtxsSxIQgbTB85Tpx0MMb1gh7nchJ62p5z/83rQDnLMhcEAGgVZEEii8oysIxJUdLXBJBSragbVAkrPjOS/Px6IYYUkjiNSY0n/62x/m8WEHBZFqJSCiEdQhgyXzRAgQuR4QZcsBUZTmCoYSDLYgt6wqziODkQMca2CaXPXEV42lbK7Gq1lmql0ifIGmCAc8EgADDAAAMMMMAAPxOsrtowQqLXTXLJx3+d+uZxHv2rz5I+/zJyKULjU4ZdafLTKyjaUzTlqv38dUHCZem9y0fjniv0SrXlFjr0kohZteBsSf3fl1ZdnlDhzjphc678aTZTKBF2QvigQq+Ibn/RVfKtSIES/Qnnfo29lPScVM1b551a/XGxRSAgCybYnLCUXqW/zAolV5s5J1bZZqbsFxRWI3k2QB4QKdbhwCFJhaIpYK6qibds4vrf/k12fuB9uPUXkAZhFkDJFWpZCoDzpMubmV/4SWO5Eh5AK13Y3uRYbmnTI6YtxqSZgldgXbZO4a1ptJZUqiEA3ahDEAaMNhqQq+szoj9N0xKpLop159vsKfsz/kCIbIJpisCTKL7MlKXZtQv4rH+RB95EFqwo+e+XMw6guAatW0aeZ1g+MV7teJaP2fJMh97+SJ+2nis2S1kXkNuYkVkaCJKs/kDP77/HHpSLLPfalu9aryCkX7a/f80/z4l/KSVhGNLpdFhYWGCANx+ctQUZaJ1DKIkwAktC6iJUxZHINjt2XcjJmaM8PLOfNZvXsPWSjWAnaDRqGJqkaZfmvGFxIWF+8SWqocTFNUSqiDoaKQStzhxDo2OIVkIUtZBaElQ069at4+j0UcYm61y2exujk0MorbHOce/372Hrzs1s27aGvXuf4ODhM6RdxcLiIoIaSeKo1GvYriCOYuoNMDZBmJS8bklh9XUedvIRBhRUKjojUMGrlrUfBRiwxqESi05SnHWkQpGgsS4L1uRB/kTw6APP8sS9z3Dx1EaqssLpuRlmOvPIRsi99zzNQ/cfIF7oMuRGGBUw99g0Xz7wJWa6Z6iNN5DtGtHpKiONcSwpqgtf+8KDVOqKVtpi/0v3EDdj6nKKWFX5h0de4PH9L9M+scArBzrECBaiBl++4x/47vf3MrswQ6et+cpffZu19QlsS1FVmm7g0NISpA6swYkUK1OkcCib5QnmUdvz77S9TuSqbcuFF27m6qveStzpoCpdYulotwV3feMe/zjM7Cj7xrbl+MePIRYi6FlKCpdbAOXfrjam7o2F/XPcUK1WMEToQOFMinOmsOuzqcU5n7Fq0gRr/XdaQaWukU7QarcYGh6m04kYHRmj0+0SRylD9QbOOer1Gtu3b2V4uMahQwfZsmUrYaB5/rkXkFKw74VneM+738Hs7Cl2776KNBZ8/Wt3kyQJv/M/fJCv3fENLr98F9+/Zy+XXbKJK6++kG/e+W1uf+9V1Bt17rvvB1y6/Rq+d8/jfOj2d3L02IuMjFbZfOEmPv+FE9y45yo2b9rK33z2i+y5/ip+8OBjJImlG7V5923X4USLp374CLuv3sXevU9y2eWb2XHpDr77ne+yZdsWZubq3HjzJSwtLfHUky/zoV/8NZ7b9wp7H3+IxcUujdpE3+k9l3P2k7wN8jnLijFM2RI1U+yTBWGgPMbx/atzXtFvrUWW6jIJIdCBJrRhQfqXsxWVzgMJ2fgEHxj12R4CnELJGroyhZXrcaaKQftxkUiKOZAofp/9dSnQIQi9+t9foxKpFNY5kiRhcnISrQZ07gCvD4MrZoABBhhggAHOEzgcLhBEwqKnxrnwQ7ez5sItPPeZz2G/9wPSk6cBhZKlGVVOoGdBgB5B5l9LUZqaC9FnnVNs18uUsKJH8FH85rXTS8se/yvqCrzmTq8kH8WyAAD0+6mvsBoR9IIGKzbav/7VVGrOOUSeWp6/zxRt1lisyIIFznk/Z+ctYSALOKRZbYGcPM7IfwekxmKxXq0PRfCmIJidxVpYCAJODdWoXnUJt//hv2DyhhuAACNDrPOTCq8BtUW2eBH3GeCsyD3xyygr8PP35ddlb/rlVjXldRnj1endbhetNVNTU9RqNc6cOcP09FHm5+dptVpYa9FaF/Y5/p4qEeh4FeJyLA9elDMZtNK9gBI9EjwPlBUe/njFfZqmhZLNf+7JNx3oVfev/57pbScn0JcHAEycZIGLYtFStkTvfZ5RsbzGQP63Uq329VHW2swqIQ8K+P1bHjzxr03pWPV/lyMIAqIowhhDEHiFYL5PA7z5oGReVBJAYhy0OxGVag0RhCy2Oix2Oly0fQvPP3scdIQIujx4/w+o1UL2vG0Hmy+c4NiRJiMTQ2wf3sqWi7fQaVaoqjqBhqNHT7Hvecmt77qZAweO8P3vfQ8pFRu2TPKe91zFV79yjF1Xbmd4ssF9D9yHUpr3ve997Nh5CdVGnfnFFidPzbFh/Xa0G2Xm5LOkiSQ1FmUsDn9fWuutqIQSgMFa3/copc67BBUHGCEwWfAuL//q9QX+IecEKJlSUV1qqkMc+H5vKLWIJFtPCIGUhHhVrhOakydmEC2LqVQRchjdcZi0i9UWlxoSpSAISeM2c6dmCP9/9t4zSpLruvP8vffCpCtf7T3QbDQs0WoABGFEEEYkBZFH0ixFozOaoeac1WjPzhdpNHuW+3U1O1ojaY5GM7vDI1Ezo11qZWZJURRoAdCAAAECBNANoL03VdXlstKFe+/th4jIjMyuanRDNA0wb5/qjIx8EfHC3/e///u/NY9O21JvtvDHxiklEmkUJRSdZpPluIMuCfyzS9RUBSNcAmPorLRpN0NG1SjLSy20EWx0xug02pxsrmA9mFRVwvkWJ52QCmVqSYKIwzT7xEgcE6JshNAhUmhsV4ZM9pyA6+i8XbMJTR4EOH3qLLPnn6DiV9mwaRTjKsYmNgEqzYmzXnAAACAASURBVOPsIvGD77Ki9v/gb28dHrai52tdjSklWb9+mnKlxMzF43zo59/HU09+nbv27efb3/4W++68g4/8wodptlr8yZ/8CQ8/9Ch3330nr732OucunOajH3uUKFI88cTXuefu9/DUU0/xwQ99gKNHTvPn/+XPeezn7qNWHecb33iSW2/byMUL5/C8Ftu2lvjKl7+KNZb9+/dz8mSLBx+4he+/2ODAq09z6y13s2fPNCdPnOLRR29DyGU8t8ozT9d51433sn3LVlxhOfDyD5ienmZh9iK7Ht7Ed6VgerLC0nLCls0VtmyqsW7KZ3xMsn3nJNu3r8MS45ccwjAkigVPfOUr3Hv/zdzz3n2s3zzGI9OP8PQ3n2Lbzm088tjDzM7NUhsb4d777yQMDK+98TrPPPssYcchSSTl0kgqVfkPSPaw9Opk/TAsB83tGp26PDu2B/wXTSJQ2bjJyvS6tKI/rJQHYteWTBTpPdNlPKXrcRwfR3jEWX21rqY/GotavedCAyFKmjT7V6V1xKyFThCQJAkTUxNpzbahDe0abBgAGNrQhja0oQ3tOrCuBI1M3dOOEfhOicodd3D3p/9HLt74l5z58lepnz5NNUoo6xhHa7xMokd34cCsQGbOdhe2y2bpB87zwEFWJVWI7EP2ucV9WuODfc4c6dTXTR3evvoBqyyz2n7n3m8uLZJr9fekTDLHWwwGOLLluhopogs8pOsjCzCkP60O/meBF1OQAwKsyRiKUnTB/7wAsAVMliYsbZaxoHVaCNaCydmbkAICwnYzEbQwaAGhgA6SQHoESiJuuIGbP/go7/21X8WuX4dxFMorIWyqA6tyUmG2f4KrH/her9ang3+F36/VLi8Y2g8y54C/1ikTLP8sBgWKEkD5Mvlqi/eR7/sZq7BEuVzmjTfe4Nixo4RhUMgmyLJJTHaPiDyDJQP1IUtdL9xr2fVcgOEh1+3pNqI3b/BYDaLvvQ321tcH2Be+d6NL+W/0f1nltOQZFUWwvxiwyAOS0MsWKLZNu2qJowghJY6jMvDT6VtfHuAYvDbS7z1pNDsg71W0RqOBtbYbAIjjeGA9l9tq1+jVtM2DKmtlUbzZNoZ2uYmMCelIFyVcpNAkNr8NBJ5bJoyg07ZUqtO02gnnzi7x4EPv5+yZgziepNMOicKYlXqLkdEaX//6t4gCxcMf2E27E/Hlr36boN1CijS46zgu1UmXG27ezOzSbo4cPUIi21QmBW2zwuQmj6XlJl5phCTRPPfsS1y4cJbbb7+F3TduJWjHOLLGqWNzaAvCcZAmJjEJqJTFGsUxrpW4wqWIsb3Fx+CP1IQVuDg4Jn03gUWKFARO33EGU4baBo/te8YZr43RkOlzthKAsIrExjhS4TQa+B1BFIN1JYnV+J5D6ArsxCimJjAiRumYcgQ0Ihr1RdTUCMlImciHNhHVrR6YiPUdi9vStIMV/A0eTkmhhGXCAb/TptNOaJc9piYkbaFxbYctiY9bj1ArddpOgrepxqXGEo7s4G8qs6IM44mh1ojptBcJq5J4tIZNJOV6SBlDxYFIGIyQVOOsXtHbXp6j62RRX+rQVi1aKi2ObBxBrI9SchwgDxSYficQBr7b/vX2zRucv0pvbO8vtzcHk7P3vrREcZMPP3YXBw5atu8a5aabN/GhD9/DwvJx/ErEgTeeZceOnfziLz9MEiX8H7//P/PzP/8hbr5tK889/ywXL8xQKY9RKTtEQYsjh97g7NmzbFg/wtTUCNu3beab3444cuQgc3OpZM5NN2/DcR7l7774JcpVxdh4GenAyEiZj338owgqfOPrT4GMOX16iVOnzvD4z3+YkbEqd965DyGbPP74L/HqK68SR4pGI0IIxd5b9jA7v0CzpamvGMLjsyg1ytT0dk6fnGH/XffSWEm4+eabuTizxMuvHmLfnffhSMuluYCV5Vk+/4UvoJOEsreep556kvfedx9bNt3Ev/qXv4fn+YyOTHFqfgFhfYyRRHGC53u9Y3rVGkDZlDVYIxG2BqzDMk6iRSqZk2f7iVRS52r922t7b2ZZhYLswVokiOgMdM+k5aQD+BhRIUERyYhYtTCygdZ1ehJ0g5YWiM8DZ0IIlGNBaKxNMjKQyq7hvPCzQOa1J6xFEGPpIN20po3AgEywMsagieK0JkGtOtIlFQ1taFdrwwDA0IY2tKENbWjXiQlSFopjFY5IWW5aGthWYuN/988Y++DDnP7K1zj95a+xcOokfitgJLF4VmaFMgVKiEy0xyKxKKlQQiGkzLTqC8GAzPkVMpORyefbLBAgMvdU9qRFRDbYt8ZmKbZdmCJXEUqnux6pvXxAWLCU+Nwr4masLaS69jP915qWxSwFIfoDANmBTYcWq3OErM0DAGSM/Ky17bXPNT9zUl/304pMI16n6cM2Y6bZdB3GWmKdEJsEKwQdq2kpQ1sqlrwS/vYdvPsDH+SmX3icyVtuJXEcpOt2dT0FBpUVButGiPIgQIFtfT3bIHP+x7mOnPlujCGO4xR8lj15nvyzWCsgzxrIpaa0TsjRcWNS+ZokSQFkx1GpRq7rcPHiBQ4fPkQURV02ZHptaZTjoMkZ6nmQAXIwO7v9+rJcigCxMel6sh+zg3L5/vZuuwGAPJvXZbDlwZDi0LFwz15WM+BNzOh+Fn0hrtftcw/wzy7cXEYrDw5Ykz2nUl31TrvdZfIXdfz7B+19Gyn2oO9Y5pZLMTmO0z3vSZKgTTrIXus669/+2jaYRbFWkOBKv3X3ZhgQAHr3QvGezItjK6nwXIVwXUyoSXWeLUqV0dolCn06TcmBV07xwUdv5NZbb6MTLhMEmlq1jDAVpBnBFRMIxwU9xuTYeu57zwPEpoMl4dSpcywsLLK00uGllw7w7v1345TKdDod2oEA5fKNp77P9u07Wb9uG2OjI2zfupljx6aQJJw8cZFvf/tppPAYG91IIuoY46I8DyMiBAmxCUiiNqItKNXGcRwXJVV2nebB8J/wiSiYAPzYydTocuBXpymA0tIxAbEjueuh27jl5huY9MaJbUKzUUcaRW3zBEYa5EwbnnsDefgcS40mC8JivCrTtsbSSpvpO3Yz+dhtJFWN30xQr53ltSe+y6mwyc2/8F62fOhOFnxDUhIEKqGkBdWTdeYPnoLRCrX37aEVRoyFFv9Cg9e/8BTLl+pM77+dHffuxZnykVpgDl7i5c99BRFLdt6+G3ddjRePvMrmu25n3b5b6EiYjkpc/OornH7+Wcbv2cvkQ/ciQ4ezX/wuYu4iN+zYSKA0Bhcb2LQAtKt+0qfqH2iSFNyXeN4oiiphEKPcUqZ/n/pGFjJ5yaJPCF1Qt2/6rYH/eYsiscTSv4XLrbBNY2iszLHSWOQXPvI+/uNn/j2/8tH/BuEYPvbJj/D0099h09Z1HD52iPnZOfa8aw+O61Iql9C6w/hYmU0b7+QbX/suYr8E7TJSHuOxh29BaHCkw/HjR3ngvQ8wc2kWIT2kkqw0Dc0gwauOooXH4x/5FZ57/jUWF1d44/BX2LPnVkItqLcinv7WKzzz3eMY8z3Gp7bx+S9+jZnZGXbv3s3sfMj84hzLK4Ivffnb1Goj/O3fPonjuzz3/Ak2rN9Au+Px2T99gmaryYaNm9BaU66OsLjQREiXJ7/xPCNjFdqtJsZo2p0qYPn7v/seUObJr73cPcLWdrB2BqybHkIpcf3cL8n906uxghSPsUhRwlNbqFZuw/MrJKaO6yXZuz4GW8eKzg/dte2RKmyPnG8NApn5IqmcF8JgpYNyxnGddQi5CWyZ2OugwgW0OQtEYPOAQd9W0uNlNNgYrMXYkCBaxrII5QZKlrHGyY6rg7QOysrUaRIGQQKEmKRFqSS7YwErDFbGWBFnPqZg/br1P+SjNLSfBhsGAIY2tKENbWhDu86sp7kvsCoFw21ljMqem9m7Yye7P/rLXHriCb7z13/NyomzlBodbKwpGfCsIOVjWYwwOEJmRanSAECul9mnpS0FpgCOC5tJ7mTtchkhgcgkfmwBKIdu+d0iQC9zdPrKbnwf6z9fdg2kY81ggOyfHtxirxIBq4YAUiDfdqcvA08tGK3p6v4X2JkGgdYpm1zbVM4BssKqQhIL6BhDaMF4ikg5NASM7nkXD334I+z9Rx/FX78B6flYx0U5TjoYyWg9/RUGCvv2NqP/vxU2/2rXwdWAokXGv+d5lMtllFJorbsyOKmshu3KwRSL8+bgYhRF3fVonaCUQilFHKeFQR3HIY5jtm/fjrWWN954g6DToVTyCcMOjuNkerMmZYtld1kaG+pdb1IpHPdyl7wov6V1Ong2xnKVWHT/uugx6Hvs+7XPibnGAIBY43osSvIU5qYZA1nWQFd2SdjuFa6TCNdV2EwGBen1ttUNKA5mArz5tdGrP5AGA1zXRUpJq9nKGH29YyQL/cuDQoNBhcHrcTCYlLfpP/arZyYUgwdXkxXz0x4gcB2fOIppt0J06KF0GqD2fZfjR45w+myJanWE5QXJylLCV7/8JB//5ONEQYjv+gTNELQiDgxJFCOlQOuIixcu8exz3yfLC6LT6XQzwC5enKdef55HHrmX48dnaLWgWh1n566dHDjwA5YW5klizWOPPsb4aIUwMGzeuJ7HHnk/W7ZspdHQLM5/kYWFFayTEMctcEIcBbG1GAOO46GkjxDX+TA9i3ZbJdIsBgABOonxHQ/lwIir2TBeYtKtwKunOPqt56ju3s6m9dN0rGHx+An8izPo+iJ2ooJaN8a2PXuZjCc496VvUX39FBPjHkHJsHj+PAs/OIJz7AIbXckN4yNs3rGe7b4kSCI8meCcv8CZ1w6w3Fjh5scfJ9g1TZSEbOpYgkvLLKxzueuDj7LxZ/ezHC7he5JaS3A4eJ3KtOXu/e9hy9aNfOlrX2TnDePc9uAe2DKBTWBiwTLbPMfeHSPc8vDtBHvXEV6M0BMO0xPbmF4/Si7tgRDvAPY/PT9DJGzYOMrmDTeyMDfP+QsLpMKIdAnVq8lL/si7x7W4QgKtBXNzC9SXthK0FO2my//6b/4jn/j4x6n4m/nut1/j1VcOIIXD5NguPvmJ3+Q7zzxDfeUCnbBO2NFMjGzk85//FocPz+B5p3n6my8Thi1ePfBlFhYWmF63jjCOiHVCEIT8/u9/FmMtCwvzHD12iVKphOO4BEGAwOHAwYuEYYyUI/z133wD3yvzpb9/jnK5QhDMYC2cOfcSJd9HKQepJnntjbMZacaSmA7lcoXDRy+SJAlKCYR0OX12ASkkYTJPHBkcp0InSujMNRBCkSQg5RggMbYNIgIrwZRIb+gkA6k9wIAJQEZrv2XtavWoDL26EA5YD0dOUPa3ILxN4FRRYoJSLdPmNw2iVmugtsOP0ARpdq6MsaKCoIplFGsmkWIzjtqGUhvAlNGijYnLuMpgZEBsEqC1ykrzDIC0ThRWo3UAegaSEZzSBFJUMKaSHmtrsMLNlrNpxrC0OFkwIK2vkdWBEQqLIAhCyuUyGzdu5CpUWoc2tD67zj2LoQ1taEMb2tB+uk3koL11SKwGr4wzMsnmxz/Mrzz4Pma++wxnf3CA84ePMH9uDtFoIzohwpqM0WowJsKYOMOUTZftnwv2WwFJDuiL7oazAX2eLQAgEF2JnEz3vtjXAviejwXfLD27CJJ1df4LINngsehOD2x3tTaXbysPAFwO2vXyaEUXyOhtyWYyLpezqo1Nj4U2GXgnLEIorJVoJTCOS+I5OGM1KtOTbLrhRh6571423XM3dv168EtEiSEMm8TGMDo6igWUkyr+W2FByBSAlAwgqW8PgGE1kLQ4f3U5l8vtSu2KoH/+V9xuXrhNCEGcJIRhSJIkNJvNroZ/DvI6Tuoex3GMlBLf97oyMa7rkiQJURR1AwBaa7Zu3cq+ffs4efIErWaDen0Jx3G6cjdJklzG6u9KBNlUF39w3/oBZLK+rcV+v/ogS34s8nWvZtcKLr8Z+DO470VGfXFfc9DdGIPneURRlAZrisGK4uSaMjz9+9GtneA45BJQeX2HhYUFzp8/j8jT9bNAT95HKdP7L5+Xt1mtJsngb8Xli/3J+zS47JUkgwb3+UpB05+G4IAky86RGsc1WNMi0W2UKhNECa6o0Kgv8Y3ZeUxkuVhf5nvfPoTvO5TEGImIiRsOta2TKK1IkghPlRgfqTI9Oc7CfB0hHdyKRxAEEEuUcTl04DAbJtexf/9eHEdhQpgarXD/Pfdy9uw5xmqTbNuwieefPUiSxMikzMlT53n6ay9SX2nTCS1K+lgCUE2EE4LUCGPxS1V8r4pSHgIFtpCjc/mr6ydmVgCOILEQSYMVGlcYPCSO45EYEGGCmF+heWwWzrdoPfUG3lKIbUA9kDRNyNzhI4wYmL5zJ5P7b8bfuhU90+HCn32d5rFTLCUBB+vHiSd9PM9hvOSwZdcuRGRJXjxGvROjtk6gCVmYPcPMy6+SnF5iy/13Mz22mYtLDUbjBGeuTufUWfbev4/az+zlvK3jVAWi1ebMkfMs0ubOT3yATTft5bVnv0tlzyZ2P7APb6rG/PwlxrwRZo+exnNCtr13N6yX1OtnqIY+1u0wsmUjTkUgTIQ0DpREV6rv7W09rr3nK269/UZGyvv4s8/+DXGsQaQZkEUSxXVnFtI6BQLXKfP8cwd46fuv025Z/vOffh6TGP6vP/4LkkSjhCJJqkgheeJLz/L3X3yGlPAS4nqCJDGcN+eRYg6t4ZlnDuJ6EmtN5iOMsbRkiY3A4iKUz0I9/c2GJQw+2nokSYLjVhBIPK9EFLcAgV8eIYgSgk6AFhZjfZRUSCVoRQkCSBKL5/nYTE5PSkEYW5AuVgo0oJDEUYJyBForSqUq1oLWmfyetgiZZkthLUI6WAxSKqx1AIm1EVKmtBkpBEiFsXktnux8F+t15b5XcRyBSBn1BlLY0cWRVTx3FGM8rBzD8cZSbXsRoK3KU0mueO+slUF3pWswlw/spSKm/0khsDggSmhbQpsK5comhNhAokdItENiLJEWSOGjRBklSyTIgqBV4d/gu1cAGAhnIU6Iwgk8bxolxkDWgBqIMka45CSftKZGQlcaSeT9d7BGEIQh1WqV6XVT11Vm2NDeHjYMAAxtaEMb2tCGdh1Y12m0g2zZlESi4zhl2wmH0ClBWWCFS+3nHmPPfe9h8/mLLBw9Sev8LLNHT7Jy7jxhvU69vkQQpIz91O9NGWpF5pTBEgFa2r6iajYH4kUPqDR5cVwxsI6M7N8FxcXV8P+z5QasSJwrsluKdVKLy/W1Hxh0F1lEFlKlgkKDHHBMl+0H1Ab14wfHFjmJWiBQUiKQOMrF9UvUJiYZXzfN+MYNbNi4noktm5navInyumnCsVFOGotZXEK6HiW3hOd5SKVYWlpCuQ4qAyqFkpnUjIsSKZPq7QzuDQL1g/Ou1N6Yfl33wb/i77l2fxRFBFnBtJTp7xCGAZ1OytAvFoDNNf/zTIH+39Ll83oBOaA/NjbGzMwMJ0+eZHZ2lmaziTUpC6/RaHQDC0Wpocv2VfTfJ0VAOA9G9OoJmMuXv5rjbkw3mJet4Ir35rVeY1fqzmqBm8EAQBEIT0EN2QXohRDYvkwYRe/pkg3qr7DNQTA9P7+QBgTm5+c5ceIEUqbSMnl2Rx4sKM7LgwDFgFE+rygdlQcB8u/FDILisS22g9Wlht4sK6B4DN+s3TvJdGLxPJfSpI+XeDSW2qysNIh1HRDEcQspSlmJRIeaP8qBF4+nId3Ew1M+x16bZelCBxuWKJclpw/N49oy68e3sGXqRnzPZ3m5zvHjJ5g5sYxuWsb9SZ576kVa8xFjY6O0FwK+9eUfUB2tUC5VWTw7zw++fYpWM8BRkmOvPYfrp2CRSTykMcQ2JgjmMc4ygpiEAOEalOOiHB8lPWyX2mzT99j1dl4VWGFJVakTLFkRTSNxrIRE0Dq7xImvP0/t+CKlU222b9xJfaYB+hztdpOJsRoTD9yEc++NzI24jDQtC8+/zNKrh5mcGqe6dzfr37MbdkxQGR2lXJe4L51j/psvc+q5N5g9eBR/fRVnzMO4gh3je3GmmgRHQ+KnT1De4NM6dYYDL72Et2WM7e/fx0xZs6JjRoUiSjTu+Chb7pmmsn4d51tNzvgxt334/XQcjYljqlriNCMWz5xncvMU6o4tzFciHO3g2hAxJmFrDeMljCjQJkE7WfHQd0QQAEBw6dIC33z6u2zdtJVarUZzsZ7eSzYlmmgzKIfyI+rJVb/6Mhq5hRTQFgjrkoSGJABpqsSdtJm2AvDQQiJt+sToe0WLCnFsEEJ2iS7KVRgBkc4aKh+A2IC2XpoRmmPNqoSojGS/C4QSJNkrLQksVlWwBtqBBauQXpVIZ5lqJvUxLU7q3zqSxNjU8ZUi9dnRqRST0UilUBJc3wUsnnQwWqOUixQWrSOMDdFxgkWihI/RFkhr78Q6RDmGxNRx3DLWpJKUUkUEYRurS8gsI6/v3W5tlryaSoAKmfrb1hi0jknHHgZLTKdTpxx3UEhcfEjSWldGK8RaRXHJ/PJVfjV5jaWrMCGcdCxlFVgHIV2sKWPFOAk1wsTHyhpCVbHaRxhAxAgZYXSYTotUsqjHNOj99SRJU/JQOmmAJtgYgiWiYAYYQboTSLUOqSaQThWEixQO0sYoESPRaW2VLINC4GCsYKW+wh133Eq1WrmqfR7a0Io2DAAMbWhDG9rQhnadWY9Vkk5rLLLsIIxFGEsYdAiBUEkkHtavoSc3MH3rOJV1i0y/6zZse5kkaNLptFleXs4AyGytNnWYO50ORhs0lo7URPQyAnJrtlokRqfLGN0tNqxN6nDbzNnVmS6oMQZtLRaZlcEFw9o5qqsBmf36/gUW9xVAvWL7fIA4CA1aa7P6BgUATvY0eovgm1SZ7FEBvMu3JegNQsulMiWvnLWBkudTrlSQ1RKi7OGWS7hln1JtBDUxAWM1bKWM73igJMZRmLJAOC6edJDSQUiJVTINKkiQUvVYxdcbCHQVdnkgJbuGtF51fhHsLgL8efscpM9/z4FiY0z3r8giH2Ruu66L53ndwr1SpkGWUqnUXR5SkD8MQ4Kgg+umoLMxBtdNi+Bprel0Wrz++kXCMEwDYFldjM2bt3L69Nn0ntEJUoo+WZ3+05jV2RD9v0kpUCq/ivNjkv4+kDCwyjoHzkEXfJbddmvr0Is117Vm9oFepUP0wACbRctsN8BpuvslBCgl8TyPJNFYK6hWy7TbbcCQJBHK9QrBix5grvVg//P7dPX+Q5rF4fs+rVaLMAy5cOECJ09OolQacHFdNwu69UD/4rz8e54pkLfLgf5itsDgdPEvD0YMyg7lx3kwMDAoKbRaJs1q0+9U8zwPIcEQgzCUyhrf97k4e5FKrUqz2eDi+RVqpWlKzgie6zM2MomyPl7NJWi26TQFFxodHFFCJJLzJ5tcOPs6UglKyqfdbFPyfcIo4utnn0cKQRQJqpVpTh+6RBSdJ47TZ8bc+QWqtRgTgdEOIikRhR1KFcVK8xKRWcEpWRphg1bQwMoQ6SagNcqHWmU0Pf/CxVqJ7UufK3oFP3kTFojBtZaya0mkRFqBsBIhJUEHhHbYsXMvW+7zWWy/SPvCUeYWLqI3bWVyxwRHDp3jZx58H+L+nZwej3CEYexSyIU3XsV6bfb88sOMPPQuFrdUadqYCVPCfeEiJ19+jgsXTqL3TLLpoXfj7Z5kfOMkNW8M50LC0me+woUXXmfu5EXaE4pweZ7RdT7r33cL85WAFd1mh6rRuDSD9RzEtio14xE0lwjiDltv3UpDNvG1xcfBF5Lzp48yN3uB+3/2Z5nbUGKus0gpFOhYUlo/QuRrWu06FSYIBLjYNMHynXIPWkWrYWksXmLuXCtjfltSHDp9r6TvKoDBd8Hg9yI1ZPUA7lomBj67a7RmlXeZJRVplKlTa1TvfJjC9nMmBxJsQb4lW0ea3aAAk2W0DjqY/ftgSTNfdSbpMrgH6dqL7VOSjcmDFaI3v7uUzOelIDrCZsQXgxWpZKRyBE7ZIeh0cKWLEIIoihgdqRG0LCYyIBIqZUNlxKFUSevsSFFmYS7Cc0eI4wAh6oyMwuMffh/aCL721W/x4AP3ccttNzI2Os3Xn3iNJ598ljiOU8nKrg36+dnxF5Bq5cdYEhK7zErrDOvZiUcb1woc46TPcROhscTi8uzhHOA3Ni2Ui+2NVfrOwNVcTlYBZaCMyyRld5KSGsNT0zjuJIZxsFUslVTW0ybQfSbnEoprOUmrbc+QSiwlQAC0gTomXsDEcwgxgnBGcN0KrirjKImUDYTSCGGybDAHUCSxptFssG/fvuvkbTC0t5sNAwBDG9rQhja0H5vZK3LCLVI6WJOybIzVSCELsi0Fz5icEWOQQmbFaLNUzj7G97WxZEV3mdXdqh+ls3VZT7sMeouVGuFYlE4d/5KXcmSkEehWTNLoQCcmDmKkI6HiY7wRVKzwojLTU5NImzFnLFjbz243WCJhiYXtYyPbLks4K/pLXqzXZgOuFFiE3BGX3YWtzAZRb3LQ3iwAUNRBt4UUgLUCAMX2RaaYyK+jnG1cuKR68jDFw987Rqk8UVED3PaCDKKnKd/9XQqsq8B3kCoF+3zHo2QEylqkSeUSqtUK7kgFUS3hSB+pHYSV2RhUYGV6lSspEAWN+ust1f7NJHtWY+4DfSB+sW1xfhHQLxbuzdvkxX3z+cXltdaMj4/3yf8YkwW+jMH3/QJAqyiV/G4Ke67Jr7XG911q1SpSScIgxPd9ypUyc3NzzFycQesEz3NJ4gSEQkrB1q1bWVxcpNMJ0NpkNQhS1phYZaSaM/S7aLlIt60T3cX/bTYfewWAfq1nlywAGiZ7rti1bk9bCLaJvp6upbe8Fvuue7/ku5V9prvbfw87jku+s2kwxnbPlZRZQE5kz5VsUcd3yB9a3edbvp/588JKrE1DlylgrxDCO/1PPQAAIABJREFUksQR9foS586eZcOGadwMyPc8D8/zusGAfF4eBMgDRsVMgTwgkAcI8oBAHiTIgwDF6SLoPxgEGJyXB6XyAEEuLXX5sX7ngv99z3xECkAhkZ5CaQFGpziLMrRayyjHZXK9S9BZZDmYx1dV6ovnkNZnemI9oYYSI6msg3KQWmXZOgaV3oBIaUh0iOPK9P5VCq+k0Dai3W4iEQhP4giBjWM6nVlsYqiUK4Rxk8S0qTdaeFWLsQ3qwSKNYBkUuKVSVmAcKqUaE5MTJFkxSpMFEm03yaX/PrwezBoNwmZK8E6WDZDW8XBLAscRMF4hmaxwRjSpuy02bN/C1F030Cop2DqKt3cDM37CbNBkW20SfX6e+plz7P7A3ZTfdwOtHSWWRAcvVpS04uLrRzh98Syb9u9m7LF91N57A+G0iw47JIseR/72+zQOHmJcecxfmMOxI9x0w24i06b1xjm23X4jHWOwZy8SLs9S3rOZRjnB6cSskx5V7dB0BYESVIxkpGWotCyvv3KGyugIZlMNG3QoSQ+/4tGaXcKv+ngln0gIhHBQGrSMwUrctz3UYjNQXCGFxHV9kliSGIN1XKzWCOEgRZK17gX182d/n4aVyFHbt3gl5/6lvXze5Q1TANqmKbRI4WBtgrUabFr3B5O+S03u6yEhk3DEZO9eEgSWtI6PxkqJthIlXLQ1hXpXsrdlm3nvq+2mgL5cCVEAs6VZNdZnB97sUlgQGq8k2Ll9E64jeO3V45S8Mj/7vlu56679nDx2jPn5BR68/35cp8J/+tO/Zv7SHB/64EM8/OhtnD5zkUOH3mDvTe/mP3/27zl3Zh7PF9RqIb/927/G6bOnqVXH+PSnf53/8O8/g1QLfOrXP87f/k0LIQSu63XfS1c8ncL2jeGM7JCwiLDzSDOFY0EZF2lbaLNCWkdjlSBP9nIXkGVz2FzFFGkdhPVIZU/JGPcJl5tEWBdLDSsmcLyNOP56/Np6StURKrUJqrVRBDUMPqn0Tk+GJ80ayGWQruTzDMyDNAhA70+IBGtDLE2sdbFxiTgpIZ0SuC6uFyGlRgiJzTJ/BRCEAWEYcOutt60yMh7a0N7c3u5vpaENbWhDG9rbzNKxbMpuTjUsbTbY7TkxrnKIEo0jVRoMMLrnaGYtlVLEOkJJlbFPLcIOwl9X7xblLqrofuuxdBSSlEn0o3WzioSx3LHTVmN0hBcbbBxjgxDdaJK0W5hGG1Fvw0r6PWp30EmCMQkCDdagyNRPi8BxiuL3bdsXsq+4LUBPd1JcTu4Z7HsXITSFdbz143WtANZVtc9AwpzEtaZ+eC8C0tuXAQmg3i8GrEFo3QNqTEYYCgTCUbiuhxMmyE6HqOViqj66WoZglFJQww9qiNoEynPBVWlQRWSDPpl1liKwJ7rzftJA31oM/itJ8wz+VgT7B0H+4jJJknTbFIMAxe+Dv5VKJeI4JooiarVaWtDTJASdhDBo9x2/tYJKKgvi5H1QSjE6OpptJ0YASgoS0sG756bFRzds2MSJEyeAImN/dfBD9CJ+fQG4Yl+EkN3A1FqxzbVDQwPrQlz2DOhr3QX0beH/tQmtV45J9fM2hSDLiEiB/fQaINU1ttBud2i1OoyOjhIEIWDR8eU1FIQQCJ0ez+I11C8xlN+3vftXqZzlaQiDDjMz51mp39AH8vu+380UyaWiilkAWmtc1+3LOslrPuQFpvPPvF9KqexY2T6ZILhc+qcoi1QMRK7W5rKjPSAz9Ha3PNjRf14FVgNCoY0hDiLQFonEdStYGRHpCH8EmmaFkJBItNLC0xpaK3MIm0oquKKEsAolFb5XoVyuUFJlwrZBRxopBFJJoiTGkspHhXGE4zqUyiWiIKLVaqBsh2o1BaF0IJicHMWiWWkusdyqUx6rsHF6nHJbsrC8xNTGCWZn57BYpCPxPJ92o04YdoiiFkLprE5PXhviJ3gSBk0Avur6TWAxmIzFrBHWolBoP2Hea3F2ImbyA7ex5a79jO/cwtmDb+BPjxDVfExiWadqlGYj2i+eYjTxWPfI3SxNuTRay5QpMd2QzH//ACcOHmfrA3ez6/470LdsYK7UhChkbLnNpacPMvP0S5SsRm8YZ+sNu6ncvItqM2DhO89Rn7kEK7DsxHTaLdbv24W/t8p8JpnidDT29Vkq4zWqGyZxtKDx6inOvXSMzoVZdnz8Pi6VAkptg7YC61rCZoCIEqyQxE4ZGzuMlXwaQmOFwH1HwHNp/ys1SdX3aa8YlC4RYdFoMB20yYB/W4xw55HrnKbdRbl5q8ek6ztgu+/BtYk+BmHzd3SEkA7CGhAGnYRI4VAbG6XTaqd1fLZsZXGhSbuVYI0ijjqUygJDByktSRKyZcsUleo0R45dxIj03aXyYsjdsuFgRSaDM9j/7vt/LeJLr97NauONlKOT+vNCWnZs3cSv/eMP89rBFzhx+DSusjzwwE08+eTn+bVf/QQnT54FMc+GDTsYGQuYm1lmcqxC1Gowe2qOk4fPcs/+u1GyzegI6KTF9i2j3LN/F//nH/8xldoIn/nMv6HTqnPLTbv4f/78a7z8yssYbfHcErExGER2XlfLArQF0dFcxsjglTq0O+dIkklKXhpwScwyUXIJKdPciX5OgSUF9AXCCtInvUBamZJkTAlpE1JoUwNR5sibgaMoEbYEYgpZ3gX+NkI5gdUlHFEjsqMkuoq2fpa5EGWXbSZfZLL7WcQgVgswrGWF97uge6yEMGA1qQhrG2MlYeJgrEK6Po5wkMIHFFK5WAzL9SUmpia44853p8SOt/vjZWg/dhsGAIY2tKENbWg/Nku10h2MNSQ6wZIOEl3pZiB/WoQrTqKU4adjBAJHuSglu2w5QyqrIRCpvAYSpZxMB3J1KYqr69/g/z9eKw4LJGB1jI5jZBRCI8DUG7Try8TtNnG7RdRsY1c6EMSgYzytM+ZuuhZpBYiUJZOC2mmRqnznulCkSMFHw+WA8lUHPfLYAurN0MCrtGsNt8g3bZ9nABQWyeav1jZz0XNQe43pvvbaDASqLMQa247TwaejEJ6EpkdS6hBWA2y1jSk3MZMRlckp3NERrO+nKfbWpIMn0X8s0lN0fXj9g6z+fN4gsF/8zHX0B4H+HLQHLgPy86KtxenBAMDgPCEErVarC94HQQD0s6e7GvOD57MArkZRBNAFdKMoYmFhods21+nPteFHR0e728kLBefbfCvA7KA00pUY3qvNH1z+etCKLxYizq+NMAy7zPcoimg0Griui9a6C7oXszny2gpFEyIHwPPvhYwgkbLG89oOKbNe02g0CILgsuyS/NN13VUzWC4LRgyA9cX2eT2BJEm64D/Q/cxtteWL21jL3kmA/6AVgyH5d2stidFEUYiOEpIohiQFBCMdI5QkiiLCJEE64DsuidF02i2UdKgHK6l0G4pQp2zeilfFq7koLyLWIa2oztTYKKVSiWaziRERtbEaYRTSnJul3ehQqVaQUtAJO0yPjbPrxh3oWNNcruOULGNjoyS0qIeapfoi8y3D9OaNTHkOY+NjLNWXCcKAIAxZXl4i0glxEmMyQDXPmrm+0H8ydgIIK3AyR8IoSYIlEWmNA1cqFqMmrRLc/PC9bNq6GadW5lKzSWwCJkolRBTjW8suOUr7c88w9/nvs2t8mkl3kkuijO/V2LRsaX/+uxz4i79j7P7bueHjD7My5RDakDBM2CxqBN87wvn/90lG2hb/I/vY+IF7mbjpBuJDc5z4/f9EdSlmub3C/PePM37zDcShYt32d3FOOlxqBewVk7QOHmXx89/DhAZqFdr1NvGFJbxQMLl5gmptkkMixrea7f4YrTdO03rxCJN7dxKXnTQDwEiILKGrEUK92VF8G1iSsqllhy3bxnjk4Z8jbBqCQHFmZg7pOLz8wvcxppPJseUyOlx+za4aC7l2okffsy7zjczAszI3xzNMrvN5/MOPgTV84b/+HctLAcqJ+K1/9d+zb99mnvjSt4EaH/zgfg4euMAf/sFnSQKf6rilNgqe41Apl2i1Dbt2VdmybRsnTp0hSixCOKtud629EljMasflapbN2O/SCoRwcYTH7LlFXvreDyhXDZIQqzvoqM0/+9SvsmN7mZXlCq7nMTYqcaQE4SBQBEHImbMzxIlGqphyxbC40CJOAjpB+kxzHJ+J8XG0gQd/9kGiGL7+ta/ielOMjkwze3ERgQdkmXs2Gjjn3YEHvaCPBREiRIfELBHrBRKjcF2HJFkiipfxSmvUkrARFoHBTf+Ei0ChbAr5p76jBBGCjNZw7NNr1FWjSG8TEevQNpX5MSgsCouTMu4xhSzinu8vLJdlALyl92+PiZQSO7pZJBakBqVASay0CEci3ewdFrb5mf13Mjkx+Y5+7w/tR2fDAMDQhja0oQ3tx2IWixQSKQV33vEz7LlpD67r8IOXXubw4cMYo9m6eSt33303t9xyC75fIooijh07xvHjxzhw8CCJjimXyuzatYuH3v8QU5NT+L7PzMwsJ04c5+VXXmHm4sUUMJAyY233OGq5k2UwGX+k5zwJBBs2buTnP/QhXnjhBQ4ePHgFZtEP37qcqS6x3EKgIYzR7Q56cRE9v0S4uITudEiCmKTdQUUaaSxe5kjmgEERDhc2HzQUNKUHHUeZjuIH97gbILhasz+co3at203ZVlfRvpth0WNR90ImOXsrnTb0UritNb1lV9FOscZipSDRpNIIhSbGWIyJUnJcqJBBjHVDdDMiLkdQbmPDBNuJ8Ntt/LExRK2M8LPCv3kqfbeH14fTPwiKDoKW+XTO8i4C7VcjZbRaRkFx/mpti+3zYq9KKUqlEo1GowswF9ubNYKGRaA8Z//nIH9RliWV99HdWgTtdpsTJ04wPz/fV+egqOM+2OfVBnK5FMzg/r+V7JjBbedM6kEAfbX+XE3g4a1YUfImD6wUgXIhBOVymTAMuzJPxcDBan1/s/65rtsNJBWleIq2WrbKYJ+LAa7Be6Bfkkz0/a1VDDi3Yn8G11lcZnAbPw1WPC6Q3XcY2mFA0GwThxEmSe9Dx1O0goB2EiBdgeM5KG3QOkS5ECdt/JIC4RAlCSW/DJ5LR9dZWr5Ep9lixHcJRILFp0MT6xrwoFQWjKCIFyOW24sox2F8fJyRiSpaaFAG6Ukuzs+g5RSh1VRGRvAVHDtzggjD6MQ4nSAgjiOSJCHRCc1OG8/3kFIgus+pvCh2HtS6fs61SEyvlIdKoSup0ozJ0BiMAiPBuJLpbZtp2Sj1D2qSMOoQnzhPec9NSMdh4eBh5r7wDKoe0bINnM8/T/XevYRJk6PffY34Wy8zFQqmd21hwWmzohSlpmGTP8all49z7BsvsWHrBm77p/dTv2cnK1WFH7ZZefUl5lbmcVzL6N23sPfBB7h46ChqZoHSfMLWrZOsMyPIkwuc++ZBWi+dotqxuE4JH1hXGycC4kgx1nK4wYyRiJCxswErTx5BnJvF3bmTpsnIJ8pFOA6ONkglrs13ui5NIbAI4xBGCUsLdUwsWFpuAJb1GzewfftWolaATnLfpJgBUNTBX00TH67pms59MGMzn0L1+W/9ZkG0+e3/4TeYnHSplsvccvM/53/69P/Ozh3reeiRXXzmM3/FpblL/OY//3U++2f/hfe//0FGxzWNesg/+fVfZHzS4da9NzA3V2e0WuFzf/nnVCoC5fQyjmzfPl95b67Ke7tSoDefMJI4MQgDOlFIFKWyz/oNY7zwwkscPnyEx3/hcRCSF7//A+64/T1UqtMIuUSjrfjBq7M8+8LrbNg0gePXuPeB+1majzBacOrMUb785TP86j/+F5Qrin/7b7/Ezp3bmBjfwj/99X/B2VOLNBsJX/vKd4gjSaqnr0j17Qd3WGSBsDwX2QGTyhAaG5KYOolRmMQhSlawBBh7ebpxTstKJZo8rKxiqID1SWKBJkaoDg4ttF3C2BiIVj2GkjS4oZwakS6D9QDdHT/0xourW9EHgdUJGtkvA98H39X9V0MvCJBmigjhIUQZgYdSPlIpojgiTmLuu+9+tNEIKVBpjvcavR3a0C63YQBgaEMb2tCG9iM3i0XJVBf5nvfcw7/+1/8Ld7773bgll9/5rd/h0OFDjI6O8ulPf5pPfOITXbau5/lUKmVOnDzJb/zGf8szzz7Do48+yu/+7u+y+127aTaaxHHM6OgYURzyl3/5V/zL3/5tWu0WUqQyQWEc4jguUgh0Ykh1PHMQJR9kpw7du3a/iz/6oz/it37rt3jttdexdg0myo/uQGXMOpMC/82AuNGkszCPnZ/B1JcIGy1MmCATi6sN0vSAf0UmKyFtBuWnDByR5dIKKbqu7WAAIGfO9s+7dpDph0L+z/tzjQPDt+IEW1K986KWadd9t4XpwrrtKincVqRMfVeAMSKtZZGt0EiRFlu2BqHTNGITJdjIYMKEJAhJwpCg0aTcaZGEHUp2EmUrCM8DpfqYzNcVCDQAyhXnFUHnosTJalkDeYCgCOoWwc+iHFBxezk4P8ikhhQgztm7YZhq9+cg82p9LwYCitf7YAHWYoZDHtzI+5ckCe12m7Nnz3ZB7BzIL+7X1dogs7wITq/VdjUrFrLNwfY4jldtu1aQ4kp9v5Z9Kva3OF0MouT7OKh5X5TRWS0gsZqkTnFgniQJvu+TJAlxHFMqldixY0c38FAs2lss3jsIwBclfPLfB3X9B5cbDAKsVhQ4n5/vS3E/BgNSg8fwnWqrBaOUo7BSEBtNEIe0ojZREKGzQJE0klbYIUhCpFF4wmJNjCEisYAyGcsSXGkxIqTRCVlu5kFLQSR8Li400kCi4+C6Dsszi0hHpqC9TMA1xCagFTWYWbhIELSx2uAISWxjFht1giRipbnC5Pp1TEytY3FliUjUMYA2BqkUohAkNSaV74MMTr1eceSsVk06bUEKZAZh+cpN5cxjzfKlBfwxKNd8EpMQ6oT28jILrxzmtcUAOzJC2ImZ3LuddVObEZEkePE08y+cptPp4Cws4bQ6NEc1cSdgWkuc5YRSy3DpxBucP3yKnfv2se72LVzYVWa21GIidnHOL3D6wAHYNcX4vtuYvvUmwhU496XTVGabXHrqFdT8ZlorDcKzl5BnlhlxqnieQUiX8vgoG7ZtY2lhkUuXFlh56jVGljYRBgGNg2cxzx5l3XSNqvHpSA/tOlghsChGjJszMa6n1/U1m7ASYRSYMmdPn2fmzDdxpY/jg5Zw+OgppLaMlAyOs5pOpF1jujjvWoge+Ts7C7iIHMpafd3S6fDIY1t44olDmERR8X20DhibqFAqw9bt69mxcxMTk5JmaxHHMVhCEJJKVfP/feG/Mj7+KZ579nt89B99CMeXWKkZGSsTLYZEcfwTyvRIJYa0Fpw+Oc/4lKBam+SWW+5guX6WzRv28MUvPM3M7By33XoL3/veAd44dJ5Yl/jOs68gZYimwtx8wl//zTcplcosL7ZZXKxTrzf5d//hr9i+bTtBEHDhwiyjIyOAwApLGHZIYoO1XipXmdfaETmDvd9XNVqAdUmDACVMYogDHykdtGkTaQcTaRAaqUiff31ryLMfHKx1sYxQqm5GM4a1VcI2+GUBNmHUtmiFx2l3OiS6Q15PoP/IWaIkQsYdkEl6DYmBFqvVNLKp598JwlSCSVxOmLLZoMGay33cwV6kHyLz7fP6dSlhTSgX5Uyg5ARKyVQKVCra7RWEEtz1nrtRbibBJq7d9xraT7cNAwBvc4taLfLhm1ut4v1Ee/POtqjVInarVIcHeWhDu2bLdavf+9738rnP/QUrKyu8+uqr7L9nf/Y7bNy4kV/8pV/i9OnTfOpTn6Jer1Or1Xj/+x/m9/633+OTn/wkL774Eo8++ig37d3L7/zO7/DVr3wFrTXr1q3jD/7gD/nYxz7GH/7BH3DoyCGM1niui0ocrDZEaFRWyCzPCtA2QViBFOoyDWYhxOpjih+qrcJdEgLdaRPVG8TLLXSjTbi4jF5ewbYa6DAilwYWAkSWf2+EQJIBjcIictBL9IqKmQLIb2R/hkAOMPcVzs36cy1s/B/WWFeIa4PzRRoxuGYzxiLztAk7OFgoMMWLrHFRCHR0gwQCI0AJAUJhVC8TwgJap+C/smCEIE8g1nFMksSIKEBFEUbHRHFIoixlYXBEFSEclPJ400IMP2ZbDSQvAtb5vBysLgKsg0V+gT7WdS77UtRYH5RmycHi1SSBkiShVCrheR6bN29GKdVl8Of9zfuZM7qLmuzF/cuB6Lywa77NKIq6AYtBWaHBQMNqMkN528FjmdvgsfmHWBRFfaz1/Ptq210LYH4rYPNay6wWyMjPXX59eJ6HEALf97vyTUBfQKUorVQE0aMo6gPMi+cmL+JbrVaZmppi48aNlMtllFLdOgDFQsCO43RrAhSLAhc/8/n59Z0vV7xuigWAiwGG1YIHg4GMweyCnwbgP7fiucunXdcFQFtDbBMSqzFSo0X2DIhMWpNDScIkgTgFp5VySKzG8RVWGawUNDtNJE7vuhKgLSy1I8peGYSDDg2u1Xi+R5JYwkgTxwlapwzXSEMS1el00gCAkhLP9ah3GijPwa2WWWqsML+8iFWSMIpotJqQMfttBhTnWGIO+guRB7qur2e/BRJXYFJObjdQYREYnVCRLsRgVlosnrnA5htHSDyHydoEam6ZpUOzuJ0EMTWKe9MOtu2/g8RxGblkCJ58nUtHTzHZFFQNtEsWuXEKf0OFxecOIWdWKI1VuNjpcHj+Ijfct5+tD97JbHmFuWSZcTvK6GKD5770VcSmMu96/GHiLevwYofZL75A/fQpRCQ4f+IYshZS27yO7Xt2I0KPk2fmOTOWMP3A7ezcu5fg5CXqhw8xMtdk+esv0/rBa1RjUPMruJ0QW63RPDdP5daNqOoY2pFYDEpLEBlw93Y2kequg8ImJYK4REe7mGQFd7TM0tIytbLLaFmgHAGiB0janpBiZtciz9nPqs9NFoPceVD1Co6flC71uuHo8QMsLzQZrexAilFW6gmdAI4eOc+dd9zB0WMNfmb/g4RRjUbTYKxDGAmSpEInhHZboLXAmjJCuPzmb/4T/u/PfYUjRy/8GMYJ/WYBIRIQ/z977x5tx1XfeX723vU4j/vUw7JkW7IdCZBjbIhNQM5CIS0n2NNjplfcvVAyOLMw6SErTSaZrCFMp+kmpIEOpEPoCXSjSWISzKyxO4HVgydBMCgEESIDdoINyGCJh/y4snSvdF/nWVV77/ljV9WpU/ecq3tl2Zbs8/WS7zlVu/betatO1d7f3+/3/WkS6/H4sacITjjJqS98/kGMafP1r32fKEnQRvOdb50kSSQ6CcFWeeKpOSwtlKySdDy+/uCTGKtRnst1lsQxQkqO/2AGIQRx4jF3tunuZ2GREoTwUjlRCyJlovqS3PaQJAkWD0WV0JtCoAi9AGE83DVOZaZEmoQZQzF7cu6Pbz2sqWOYIAiuImIaQ42KAhvHdDpNhAUlfJSwDHPf0hisbiKSs6jqRPp8rbhWLLnU0lB71bDrUlgfDL9ymZGkiPReF6kxTEmCsEq1ciWV4EoqVY3yFzC2RTtqcfW127lmx7UUEyuPMMJ6MDIAXKJonvgiBz58Lw/PFby3/B3c9r++i7tunLpg7cwc+VMOPrab2+6+hW0XrNbnBrNf/Hf8xieOl7b6bH3d3fzmr/30mvs/+JyP8qn/+X0c2vdu/q+7r7tgfR5hhJcKDJZX7HoZv/d7v0ejsczv/u57ueWWW7jpJ29KyXjYtGkTGzdu4C//4i/45iPfzI9dXm7wzt96J9uv2kEYBOy4+mq6nQ73338/p049Awh+8KMf8NW//zuuf+WPs3nzZr77+PcwWH7ujW+kWq3y5JNP8qobX4Xv+xw9epRvfetR9u7dy9XXXMNTTz7JP/zDP/Dd73534Jojjxagpyv97LDCZwRy6R2L6MTYpSbx2QVap86gl1rYRhPRbSMSjUe66JFpcHZK5CsBjuIgJahTL3UhemR1tkrHeavn55gu3GU2By0UzwwAzz/hJIprgDWUPj8DgJUuQauVAmslReke+iSACscU5tzZMKc9xois39ki1f1PSoVUBm1sltcRIwUeAo2LCBCmidExcRLTQuPpBGFi5OQYwlqkCkEUXQpfeM+fIiFZ1rkvSnUMkvApEtIZyoR/WY6lbAwoly//q9Vq3HnnnTSbTb7xjW/QarX6vMyLdZa97Mv/sv5lJHVGQhbHomhQKBowMsNBMZqgHDUxyPO+PJblSIS11pP1PfterVbz6IVh9Q+6zs/W07+4rWh0LZLemd7/2NgYvu8zOTmZG1oy4tz3/fxvkVzPjDj1en2gl/3Y2BhKKcbHx9myZUseBZER9UUDQEbqF4n/8t/iv2LkQPa9SP6XowqyaIZB0kDF76tdl2HbXkwoSoiBO1/f96nWakhPIaRAC4uRzivZCIiiBCsFUnrYribRYHSCNYIoTvADn6ibIJUlCGskOsJYg/QyAyV4fgVtfRfN5SkSoei0Ypd80gvwqxWIEkeehTV8a+i2W/iBj7aGxc4yQVChJn2Wmg1io/GrFRKjC5I/PqSRKUIKpFIEgY8f+Hieuz8yCSBHEl0c19oKiIEYQybwISxINIr0ftWWq7ZfTfKKRWwjYqLr4/1gibmvfotqEvDj/9N+xGtfRmMi5Jm4Qz0M+MHff5MnD32BiarGXrGZzlhI9dptbNq+Hf3kKZa++jUWH/0WizZhcVryyrfsY8s/+Qmelg0WbJuNExuQc01mjp8gvHIjV77qelpbJtBejJg5zfd/8G22vu5atl63i9rLr8TfvoWo3eWZz3+NJx//B674yWt45b6fwHvFVZin5vnhF76FWDhFdfM0V778ZZxdaqCePonWPuHVl6G3jfPEzGk2PD3PhlfvRAYenSShqrN5ne1Ji5QilsrP0ovxdywwqSVKp0lffRItEKpK3E2ZkMhaAAAgAElEQVQwwtDptAAn74lcSQBnkaj55xUTtax8eQJeHB+R/80/CXJnnsHyQpKoXeH33vcA/+LNe0kiw5/fcxgdV3nihw0+ec83ePUNe/j8577K4tKXeePP3cbBv3qYqD0GCP76gW/z9EzMnxz4LO1ml8cfu59Ts0/h+afwvG9xZn4JBsjVPJfI5vdOect5onQT6MbuGWGMQIgKge+D0dgkoasFSaTxKxUS7XIBxImHTmWrhKggpaXTbbtna1Cj22kjPYlJNFiLUr6TIUMgUJkVAjDpNcdNpMv9FZLYCIxQCD+kNrYdKerUpyRGnEQIMFZj85PrJTtPUz27qgWAcgYIIkzcQNpxsAqjqnTsPJ2kgY3m6HbO0o1bfY/KfAkkLC6XwDw2/hF+YFFiGs9O4IlplJQoKVBCu3m6FGipMMadq7BtpGhgbMcZLfJ6Re79LzAIaRAabG4elbgkxiZ/JpjseW59hK3gJH8CfK+C70/ieVcQBtvwwzbCS9CmRau1zHW730B9vIZCorMo9Yvv0THCRYyRAeBSxOwX+dB77uE4O7jt7fu5aWsN5o5z8L77OPihf038b/4jd19XvyBNLTx2iEOH4HWXgAHAocbO1+9hR+qlH80+woMPHuA9U9v447t2ramGwed8HW/5P/+YN/sXZlxHGOGlBiUUMydn+OQnP8kTTzzJoUNf5DWveQ061mlSxpgwDDHasLS03Hdsq9Wi0+5Qq9XQ2uD7Hu1uB6N1OpECLCwtL1OpVhgbG8v17+9+61u5+TWv4djjj6O15pprrkEpj8OHv8z27dsJwwqvfOUr+a9/8V95x6/9K4zWTqpFu4TEBuMm2QYM5QSvzwbFxZAFa7FGY+IYziwTnZ4nPruAmV/GNlqIdgepExQKrFtUSuUWS1IweFGZk9A9YrzPI3ZFnwSZcFB2pBWpd+ILsDB1Dv1rb1cUSfd1NeQWGcak1g9bWL4WIgJWk0XpRy98uG/5KgClUNIWS2IteDb1fNKWuB1h7BJWaGKjwSYoCbIO1pcIL+y/tuvyqntukN1XZRmeQZ67RQzybi96hZdJ+eL38udi5EBxn9aaLVu28Ou//ussLCzQaDTyY7TWeVLYolEg+x7H8YrkwtnnYvLiQUaC4rmV+1sm27N+FI8r118+33Li5LJxZFDZYruDxrzcTvkale/7Yb+DQVEDZQmdQXI4mcTPIEJfCLGCcM9I9mxf0cM+DMMV5YpkfrHezJBQLlsm+svbMyK/SP6X+1E+r+xzWepn2LgMGttytNqLHdnzo2hcC8OAa37sWr77ve+ifM/J8miIrcvvEBtNYjVWCzzfxxqL8gKSOMmJdSskWlt0kqTcuiDR1hH60sMICybpvRONRahUhkq4ND3Sc+/kKIlIdEwQelgg6kYYLIlN6OgusUmItcEK95z0Qh+tYycLJwRWWpSvqFarBJWA8YlxKpVKfj9Y6/TOLxZklJZKfXY9MgrWzTesMQilIBDseMUujh75Jqe/9DDm+BxybpGrf/a1xDfv4tSkJEnabCHAfPOHzB3+B6aUx+W3Xo+88UqSq6epbN6GOdbi6a88gpoXTNsJGlGTK3dfwdTLr2YmbNO2TaZlleoZWHx6iUj4XHHLzXQmK8RxzMbYIz59lvGt42y96ZV0X345S4GHWFzm5MP/SOPJ4+z+udewcc8NzG+u4HmC5e8eo/PUk2zZsQF7/TXUdv84T3/+IapCsuBZNu/cytTOyzn67a+xcb7JVKVG11qMp+j4Fs/2iJbi8/NiJPqHQVgPQQIioZN0QAQIXyBInO66dGSnNnGBEO0912yB/BdFQ0DqOXFOiZT0yCG9czJAdlgJiUnG+Mrf/Iivf/VpdJIQxQYhqiQx/OV9h/O2jLH8l2Ofds4d1q31jz1+Cgg50egAgtln5rHUnFMNrTQJbY+Uf84hUt7dunOzSNy00enFGwtCKKyAToJjza1ydHMgSIwFaUiMRkgPa0F4FiHcM05JH7BoA8qvOLOK76XEfrY+EKjc6NE/QxfCIEQ61xOAkAjrgwlAWIzSRMLHD8YgJA1jTrBWUbzezqhj0qVRYc4kANlCEmG7AaFSCFGh69WxKkKFyywu/Qgdn0a6tMD9JqFsyiw6SHsWm0RES0t43hRRPEVc2YrRW5FiI1LW3bW1HkZU0VIhTYRgCckShjaiFGPgDAAGgc2ujjOW4Dmy34m+pdcxG0MFYhIlN6O8KYJgkiCoUwlrCDGNEQqDxJeKqNul1Whxy+v2MD427hxK1rVKGmEEh5EB4JLDAocP3MPxeCdv+cjvcvvmdPOuXVx3wzY+/hsf5NAffprX//EvUR/gyd48+jnuf3CG3be9jT3bAJqcOPxZPnv4CMdnN7Nz35vY/6Yb2cwMR+75HIePAhzlgXv+lAfZxuvefDvOtjDLI5+9jwcOHWN28y723bGfN924Oe/lzJE/5eDCzezbMcvnPvNZTvg3c/v+O9m7o5UeN4O/Zz9377+R3lGr1en6s/C6O9k7dZRDBxfZmfeliG28/s63cWte6QLXve9XOXDoMEfv2sV1AM0Zjhz6NIfSdvbsvYM79l5NfdVznuHh+z/HY7tv5+4926B5lM/df4SpfW+i9kjW5+u486672Luj0Knmjzj8mfv43EMz1Hfeyh17J3n44VZhHEcY4aUBg6bbifizP/szkkQTJxFRHLmlo3M/L07/nnV7PULSQwAHDhzgC1/4Am/ev58PvP/9dLsR+/fvZ2x8jMNfPsyPX//jbJje0O9NnBKrFpt+tpgVEjHPElkEJxrdadNdamLPLhKdPUu01IA4QpqEXtio8+gXwnmmO693WfA417nHzIBR6XmtF8Yo35uHVWdlRHZp0v0X6JzXiPUaHaw8v4lwz+hRiMTIyE9k/rm43aaeVz2UWpaOHRrUn2IvszqN7cWZSGHRcUx3uYEVFukJKp5CWUlQ9SDwwPcKUcQXTzTAenEuInOYYaC8fZiRoJic1xjD5s2bc+/yYk6BrN6s3CAyvGyUKJPtxWOL/S0bCwbJGWUoJ7gtRzkUt5VJ/nK/yvuK5cvHFtsuj8kg48agawCDif/i5yLRPUzypqjFP8g4UJbTyeoqk+5BEAw0JmQkfZGoL34uH1P01h+0r0zuF2Wuyh79ZfmpItYq73MpkYfPBmVicNDv6mU7d/HotiuYm52jUgtJdIwVFm01Go3JDI/WRcFpDRblNPeFwFqN1k4WSCknPREnGpTFVxIhEgyuLWFxUoHKQ+Oe40oqpJLpMyZGCYnBuvxDge+k5QA/9DDKEnUSkkQjMSjpIZUg0THVWpWJqUnq42PUxqrUajWuuupKwjDAmASlZN9vcBie73sjNILAWsf7CtIwACdHGNt0HCsSefkk265/GU9/e5YfPPYjqhNjhNu3EgUeWxYtFa2oLnY4dugfWVhYYM8v3Ebt5lfQ3iw4ZRpUbMjsdx5h9rtPsUHXaGloB1Uq1Qmqqs5WHRJ3u9iZZZ56+IcYJbjm1buhuoEk6jCOjzy7SKQN1/7kq5i4cgtNYwmWYk4efYJgrsmrX7+HyVdczey4RMUGf2aeJ777OJUbrmbiht1M7NzO3ENP0fjRSWqJYdPLr2LL665nOWngbRxj6zVXomo+MknwfY/IpveN9JClqKwX4lqdL0Q+13H/LAZIiV3AJX7N9husKM6oBtyveVinzI8Z1vI5+5ZNUHMWvtSUBasFkbHoOEmfAek7DhCqP+H6alMoWdhd7HXey2z/83BZ3Wj3N6SyKJO+XhX14bP5v828e5yTjegdReHYPichJUuRwYPyUdle3cW9VrjoZGGALt14Hr8S0o1iKjVdMG4WDxx0ISzIGIFGIkn0LCZyslOJSvDVEi09RxKfQtBConvLq0EQGkkLQ0KcLJGYZ1DLc4S1eWpjV+AFm/BVFSkrSBKkUAjaGJpIugihB9ae5QCxeBiR4PLImfQW1fm9mjlYYRWedxmevwtPTuD5NXy/ghd6CM/DyAREhDFdFuZnmZrcwGtf81pSE/Yl8xwZ4eLCyABwqaF5lCOPAa97E/s2l/bVb2T/ez/A/k1XMwUcHeDJ3po5wqFDx+F1zgBw7N7/jd852KK282Zu2HyUh+//IA8evI3f+c97OPHII5xYBJjjxCOPMMMCO3/+dmge5Z53vo9Diz61TZPUTjzE/R86wsF97+b3776OOqkX/eHDHMZncrJGa/EgB377CJ/e1GIxnmSSReYe+CDvPPEOPvKuW5jK6mzV2DRZg9lH+MyHHuLIW/4D/+H2bcACjx06xJGHHuL+xUVidvLWO9ZCok8xuQl4LPt+jHvf+R4OZn2feYgHDhzh8PF385G7/eHnnLZ/iD3OANCa4cFDhzhx+DAxNTZNxiw+dpgDv32M5u//Aa7Lf8+Hf+OjPBz7TG6apPXYp/nQgzGwk+1r6vsII7x4YKwhSroY62O0QUhJJaz0yJ2CPEa2zVqXnNVtKxICIvewLpKpwoqC53VGoiWcOXOWxx9/nDNnz3ByZgZtDd946BvMnZnj7PxZnnzyKZSSBGHoZFpkSgQh0elSXyFdNMCF9ry0uFVKrLHNDslig2juLGZxGd3qIpPEOax4Tk/WIFMvq56meg+ZT162EFg5OXUyRukEX4oV+1ZM3rP/r9Mb/0IsgtYr6SPIVzP9WANxYgVY5cj+4gLKHZd+NoURtb3QZLfws/2VgTMCrOxkyQCQ6jsXFpdCON+uJNbEy22EWsQKD88o1LSHGvMR0gOhSuNz8S4Ehi1S1kponWuRU1zEl73cM5me1Qi0Irk9iNge5uk/7POwvAbD6ijmMxhWd5nYH1R31tdipFLZcFI0FBTPsdyvQeOTndug7UWsRaamSI6XifJi+WJ0ybCIAejlBRiUYHeQrM6gfWWSfhBhX+5D+VyKZbIxKnvtl8ditX0vdpzrN5l9Lv+GtNYIJNdffz1PzzzFE0808HxJpeoTx86xIMaRfiZNyBgnJr0Wqf1USJQSVCshxlp0EqMwSCsR1pn+IUGm7J8QxhE6QiAMWKEwwhkOhDUgJXGcuMhEkUoJCYhM4owREpQHypP4gYcf+ggFkxMT1Ot1gsBnbGyMq6++mssvvxwhyBOJA0jpDXwmFg1wxfvwuYSwgLYuqb1OM9oo0MLQiLvYQOF7VZpRF08oaldvYfe/+FmuvOoqjh/9Lt955BGCRwVXNiTSC2jOLcHXj3HNZRuQz7SY/+uHmK92aegW08kG7Fd+wOamZMKr0kKD8jh7dIb4z/+Gqd2bOTM3Q+tHS+jZhA07tqKaEyzWnkLbmDg20O5C1MJetoGnjj5DzQvQi23Gnj7DtKpRrQnOnH6MBamZNIrT3z9J9UzCrhtegYh9mt88wdLXHmdjS+MZw8TWjTzTOsOJ5We46qdupH79DpqmQ7fboe75JL5AGEsszIrnDPTnLrmof/O25zjdgwQrEcLPPdKtsWAl1iqsSOloIcBKsMZ5PWfvF5udN27fIJp2yJBoYzCFednQbpvC+1hrdNIjbIVIpTJNjyDPvdaHILNxQSZHM7irz4sbxqBpbnF35sSTyukPuIDPCn3RLL1JcWpfSOfGqZXEYp3B0yQIa9DdZ7A1Q9Q1UNOF5/y5Rs6CcGS6MTHGLrnrF8UYvYTtdOm2TgANBF0siYvgWtF3gHRNiQbRATpYIQhCgVQeUaSJ2i3wJ/BUDelV8PCwNkbYFoIYIQyD8gQbBImtE4sAQxvoIkgQxL17LT0ficVagedvQAVXoOQYBkVkcHnePIsvIiwtOp15GssL/OIv/DOu2HYVF1tOmBEuLYwMAJcaWi1awPadOwYm/J3advU6KpvlxPFF2HoX733v7WwDZg9/nPuOT9Fa2MX+//R/cMM9v8j7D+3lHf/pbWTK98fu/TCHFifZl0sNNXnk47/Ohw59mM+8/k/IlXbiTfz87/8Bb9oGzYf+iH/1h0dY3PmbfOzXbqbOAoff96scePQxZriF2c98mEOLW7njA3/A/h3u8KP3/DLv/9QnObL3f2dPSpa3FmHfb/0xd9+4FvY8YuHYQT7zILB7pzOCLMDWPTdw2+5f466bXd+PfPhf8tFDRzh+99uGnvMwxJtu4wP/8RfYQe8cP3PoGLfftYtjD9zDw3H/OD30R7/KHz649is0wggvHgiMtURJ5EIW9UqPqIX5BeLYSQGFQegkMXTC5OQEtXqNdrvtEnnGCUoqwjBEKpVqWApq9VruiZtt932fOIlppwkkdbpYFUAUx4R+0NPZ1Rohnba+W5xIhDUpae4IAflcLNSMJVlu0FloEC0so5dayGaEyrQ3pUQqF2yfzarNsEUTw7Y79JFUA/YNKr/a/iGNrK3cmqpZe11D+2ct1gySb+rldHC3ou07Jv1QcPsq7S8vfLLNNlug9spnhhchZN/4CNK+ZYuptE+eACldLgHbjjALDboyxFcVKn4VEQRudXcxEwfPAQYm6h6CjDTM7vmip7vKPYDtimOKfwe1M4zIL+4vEzvl6IRB5bO+FY8ZVL5YX3bMoP1Zv4tk/6BzG7Z9mNzZsDHLsBbyv9zHtXi/D5K+KWrDDyLTyt/LnveDEuyW9xf3lcsOO8dsf3Fs1vr8PJ9jLmWUz3fQ72toro+4zZYtl/GqV92IUoJjxx5P3+cCYxzRaK3AGtDSImTkSBhrMEY7p3UpUwmuLibRSAGekghjMDbBCpxjAGnfjAEr0Ra01VgTI4VEComxhkQ7iQ0pJR5OMqjT7aTGKonve4RhhWqtgl8N8HyfSqWCFIJKpcrWrVu59tpr8Tw/TySutU4NUv0Jr4uJzMt4Pu4dIzJDuHXvvcQQ2ZjEJHRbXbTt0GlFjiTsWnQlYvz1V3LZ5ZInv/JNlr72Pc481SHSlkBV2Dxviefmeeo7X2IsUagwoe5bmm1FLfKZokoURSijmdAe9ZYl+dITLBw+BkozZgICKjAzw1NHTtD2Hfne6Wrq0qNDzHLdZ163qQYhYUczngiWDJzRj2I8gQgUC1g6nRZjtTqnf/AwVhuM1qi2RiUQBYJHf/hdnvFqXP6TryB4+eXM6AXOnjxLqDzaeCAtQRASe/6KnCCXBPFfQJYYtbcB54ginHtMkhh07KHjKpgxrO2graVaqaa/1QRDAvm7KDWKyNSbXBTfNencKbMslGAzJw0pelGig15pubNFmkDbDnECOLctIa/veSH3zxfDzkH2v5egf85R3H6u6lc6C4Aqz41E9kRIj7MWD42yGqUjIv0My0tLjI+PgZjM576DrnUPWY2pyJgQCJFgVQPQxJ0GUbtL0p1BsAwiwuntZ8cUqulrK3Oksigl0HoJQZXAq+GpEGsiYu1jO8I53BiFjZsY03b3rHVCPn1CQEYi/C1U6mPoeJGodQr0kus38UC3LKl8hAqxBAjhIZV7fgjRxoqYJFmm0ZhDSMM/+x/upBLWL5lnxwgXJ0YGgJc0NrNj5yQcvJff/pdHuGnfXvbu2c+v7V0tifAsx4+2YNN+bstd2OvcuG8vta8c5OjxWdiVhSZcx8409KC+Yzc7OAK7d+COmmLTNuCxE8zMzhIfbQGTnDj0p9yTN1UDHuWxE7AnY+Jf9zbesir5f5xP/MYv8oniJn8nb337TzMFMLWLW9/8No49eIh7/ugRHjk+w+LcmgZrILbvu5Ud2SjcvJfXcYSvLCwSDRmnG/bcDA/Onn+DI1wcmH2C44vRmosHkzvZXo7YeYlhLWRzo7FMo9Hgp37qp5ienmZxcZGaV+cNb/gZJiYmmDszRxR1OX36NNVqlTe+8Y385V/+Je1Omyu2XcENr3wlUTfi9OnTxEkMpMRBQc/fmIJ8Rkqk64wYtKY/B4B1cjqZN8uFzQHQg+1GtJcadBaX6S40qESawDqfEYtIc75arMjceVSa42DA4qiPXO5H7pGVfl6NwOrbPsiTfRVcKM+U9U5wVy1vDBiNGSrL04+cnCx9zo0AJYI/r8fikrCVF5qiF51Q7oGQqrewKrTnpytOmxiSRpsOZxGeh/U8AinxxuoIvxwFcGlhtciA1UjjQd/L5YtEbUYcZvIxwzzdV5MkKhNt5T4WF8eDyP9BnuCDyM/iuZSfN2v5TRTbGmQAGHY+a21j0DgMO35YG4Ou26DrN6xv2b5h1yu75oOI++K1L3rjFr+Xr0O5X2sZo2HHD6pvvfteLIv/YV7+RbLfWksURX3Ef5abwyTuPXjF1m2Aodtt8cwzz7C83MTzLNYIMBIrLUJYhGfSnJ0WE2uMcW9ZazWeBKucAVYJ8JSHiQXCSoSVOGtsGglg0t+xgSTRTtc/CJCeRXmGQBQMVhKCIEjvPefxGgSKMPARspeXYmJynB3br2Lnzp1UqyGtVgPPc8t0qSSeUo4cKkhSlaWmMjw/5D90pSXxAWERiSZOYjrdNrHRLLeadLsa29VILYgbHebPniYxESIMka/dipzyWPjWKZpPLeAvQ2wkum3xqSKlRzWx1BJYTiKEkFhhaSiDrzyktox1PHSlypl2E19YROosUYsF4yLAjlVZFAnKQNA0bEqq2EXYGo6xJBOqCHSrRceX+GMT6CTGb8ZUrUIaH2KfJRshpyZYTBpE45JExQQTIUsbFfUf24LdOsHjCych8YhqEr8eUvdDJqxHNayigoCg8M9au0Iy7FKCBRAGISIcg++RRIrGkuXrRx6nvXwZY3WPWq3Ghg01lArx/CqeHyOkxUrjjEVao41BekmpBdOb3w4yAqQe5rnH/rnGT4h83mYhlWiBYoDpC38F+nMnFLFWo0PxDa/SAwevEi4chvrcFPojsAhhEGiwEYI2kgiJQYq6K5lriA1tiSzqxMlPKZyWfozAoEQDT3SRchEpWiAyAddszSQLUboagUjTeykQHlinpC8ShTQGYWKkbbl7HIlFk0SQaEUSxRjTRjhNuDzqvHfuilptOyrZRtw5jel4xFqk/V7Giv68AWDRpoFlHhV6COsk1EAhJFgTEcULNFtnec1P3sSeW2655J4ZI1x8GBkALjVMTrEJePD4CSI2r4gCWDhxjNamHWyrZ3ti4lWq23XXf+EjN32Rgw8c4sjBe3jwgXvwd9/N77/7VgbzlbOcPAnsqOEXN09tYxswM7cAQ44cjrTOWp3J4ubNN7JvH+wu2iPqtYGRDz1s4vVvfxt7JqH12Kc58MBxdrzlN3s5AWa/zPveeYDHYp/J7bu54cbbCWbu49Bjq1Y6FEHfIPiub3MLLFIbOE5BrXZ+DY1wcWHzdna+xAn99aKUKqrPIxcAazk9e5qvf/3rvOFnfobvfOcoZ+fPEgYhk5OTLC0t8Vd/9Vf4vs/ffvlvuf2f3s7HPvYx3v3uf4vyXOK8er3O3/3dV3j0W4/iCQ9jDb4f4PkeYRDiyTT5o+cSPvrSJwxCfN93ZVXg9vseQRDgez5aOy8nTykSrfE9f8W5nS+MMQhr6bba6E4X0YmQUYy0FqskQigQWRI1g+mbJGf6qWWkBFZhXIFCvoD+a1DE4DmlSB2IxJpXSUKI9ckFrVrZeooOIZMBpMQalS8eB5XJowByB7Sil5DtixKwfREAxXpsgSgqSLUAiMGJl0nbzgkBkx6blpAIvCQhbrWJ5ueRgYeULleAHBtL5aEKRHRfzRc3hhH4w8jg9RAmZRI4G98yMVxERjgOInDLpHCZ3B5E7JfbGVTHoH5nKCdVLtczCEWv9UH1rMVjfz1YT33PxlO5eN3KRo5B7RS9/cse/uUIiezzIKNocSzXQshn77VBhodhWIvx48WEQYa8TNYn+1vMd9HtdvuI/ziO3b9ugjZOf398fJzdu3cDgiR5Gug4z//EkY2pdRYlFUool1zROKrRJBqlQqyyJElMYkFaiZJO7x/j0kkK4ch3g8ULApSUiCgCBH4QIDyL51PIMWAxGKJuFnlgU6OyQXoCL/Co1apMT29g69YtXHHFlfi+z9LSMgCViouErFQqKOX15AkLyahNGukIKw1k6/1tr/W3nEcfWUtinXHd6oRuFNHtdul0u0StDnEU01pqknRjbDch6bQ401xgJmnS7cRMVBVTPxZSuewy7JkOiy2BaSYQCUQnYWwhptI1mPEQ0e4i4ybUKpi4ySQBfjOhIwVmo4fSAuEJ4qhDEBl86dGiTdMHPwixqsMWUUMa0FU4Y2KMSPCnJZ2KZDlZQilFTUOQJHhWEMkOuh6y6LXpVDyiMYW3cRyDQW0eIxm3fP/p7yHHfCY2TiDbIWZZ0qnXkUEdqy0qzQ1TNAAPMgRf3KSeQFiBxKBljJtdxCm9aqgGAfMLLf783oNI0aASCoLARbZMTo4xOTXB5ZdPMjU9zvT0Ri7fcjlTExOE1RDlCzwffF/h+QpPCTwFyjMIoZHC4tQZDdoatKySqDTXgNUIvD45xnOcxurf14hhzaz5qb3a873Qp7W2UzwNZ98UZFKUojCPzWwpAtE3Dy7K+AyqWdribok1Np9vy1xfyKBFoQaRSiWlf9MnhjMeEQMxpIl6h6PYsCPFC2eJ8/I3ILpAF0kXMoK9YP2wAx12XAGR70vHy2ZnpNMcLjaXMcKCNjE2zXuRR6P01SrRUYjVkwgjCAKF1iHGnMVyEmEW0zwZ6ZkLQ2IW8OwppCeQdgxhK0gR4qkm2HmiZAklLXf94i/iKW/NQSsjjDAMIwPApYZgNzff5PPgg5/l0P6be0mAAZoPce97PsyDtdv4nf/8S/h+DTjKYyfgxtRNfeHkTOGAiObMCWbqN3PXu27lLmDmc/+Od37qHh44eit3D9S/2cHu3XDo0Uc43ryVzalz+8JjRzgO3JC5/K8LWZ2T3Pjmt+VyP82ZY8zVdrBjtYCEFZhi5+4buXEzcGON44ffw8H7P8uxW3+JXcDMkU/zWF8C5SZHPnwfh86j16tj8DjNnDgKjMT/R3hpw1Mexmq+9LdfQkrF0aNHsViWlxu8853v5I1vfCO7dr0sLz8/f5YHH/waX/ryl4i7MQY6pAsAACAASURBVJ8/eJBmo8GePbdQr9fwPI92p8MPf/ADDn7+825ya53Mz3/7f/4bkxMTzM/PIwR8//vf52Mf/Rjf+MY3kFIS65g/+8QnCIKAhYV5pBR87KMf49vf/k4aRQBYSKxLLJjosvfG+cMag2516C4vEy810I0mvtZYBYlMPQ7T0Gg3YVxf9EFxgpjJ0q/wzl21gpTITz2t1kO8XlyT05SEzzRhB550qsOfEjTCuogQtxBIFwHWyRwUK8gDAihGCaR+R7l8y9qWhTlpVNCuFeC8FxF4UmDjGJaXkBWFqPgQBCBD57JaOuOL6xoMxnruqfNBUcO9vG218mvF0KiZdW5f6/4LUc+FJprWU9+zabusk7+ec1ztuxBihaFlmDFqLQaoYTJVz9c4XQoYZODIyP4kSUiShDiOiaKo73Pxb1YuiiKXD0AIlPK55pprqVZrnDp1ijNnztJqtTCRIfAVRodoY9BJaqRBuvwAKBJrQQikHyKEQAuBCmTqLZoZnAAsQcUjrAQoJVFJL2pEm5g4SRBaEgQ+IIjjyCUGlu4+8z2PyliVSr3G2NgY09PTXH755UxPT2ON4ezZsznJ3253UEoRx7pPQsb3/b7P1to8WqBIMq8XZePVueoIhSSwkAhJLARGKkRQReJyKHVkB18q4iim0+lgAstUPSCMunQ6HeJ2hB5LWIoS0BWWEoNJNDoxiMQw0ZLUOwJtDULXQWtHPmrLnLHIxDlpmFSKQ1gBppYbWgyWRDivb8UYp4XAJYAQaOHkeRLPYiRY6SOycVPC5XtSCuFL8D2sEiQV0BUXaaACH68SsDEcRwUeYRhSqVUJgpAgDKhXalQqIZ7vHE+CIMiv2yDj5MULNw+URiBtghBdF1FjhTOSiQhtu+BLOkwimKbTBboGsax5cjYGMYu0pyGNapRCUQkCKpUKYehTrQWMjVWo1QNqVY9q1WNiwmNsLGBivMrmTRPUxyrUx2vUNldoAl1rMFYjhUoNviInuy3kEQLW2HwOm3nFP1tkEQTnN5pFUr60x4K1opcnuXRUPsEcUnOP4O/lAhN9nzIMMWQX+2Z7TjVOAkpQdDAyqUOMTCN+jZBOtgaLFLanUCmE85SXgtSlHYFyUVUmmx+7yOYe0jxnwvb/zfopnIFD4KUkvMLkHv2ZTFDRzmL6onlBpc9yA8Tp7SGR+D25q3QSLWx6tBQImQARSI17XfQ1kkYDuFximBCrp0BUqdUvI9GzRB2JNQnQcpEAwgAa3Z1DGwF2kXp1M0EwjUcVxTxWnqLTPsurX/Uq9r7+DVit0/v5Yn5mjHCxY2QAuORQZ89dd3Hw0Xv41Dv/Fx697U5u2z1Fa/YIn/3UYZ6IJ9n3jjvZBXDTHvyDhzj44T9gcv+tTC18kXsPtgp1zXH4w+/hU3M72Pf2t3PHTjh+fBbYytaUdJ/atAk4zP337ebnd0+xbfd13HTHPiYfPcSB9/0p8f6bmVx8iPvueQwm93HHTedDbtdX1Oln5+Pv5bc+8iusSfJ/BXZxx/7dHDxwkPsPv4l3753Cr00Bs5ycmaVZg5kjn+Teh/uPGnTOm1cPOxh4Tjfs24P/6BEO/OH/DT9/I5NzR7j3/pPAzvM5mRFGeNHA8xTdSPO5v/4cX/z/vogxbvFqtOV7x77Hse8fo14dy8tHcZc4jlHSIzYxc2fm+NzBg3z+81/AoKmGNbrdTu4xWMSf/Mmf4HsecRyDFXzve9/j37//37tFugES+PjHD5DYBKstCwsLvPvf/hs8eeE8/YdBJpa40SFaahK3u3hG4AmFlSKdU7rQVTfvL0+Qh8NNZtO8BSlhlSUtK+YwKG4fXpdAyowMWBs56pq4eCanPa10PdTxSqSGgcwAAKReTm7sbRoB4Dx/Btdf2uqIpUFZwlbrqxOmyhdhIl2EmHSxYY0larVIWjVkrYOsxqjAczqvIlc0XVebI4wwwggvJDK5nyLZH6Xe5FEUObI4jvPvWQRAZiDIIgeyurZu3UqlUmF8fJzFxUXm5+dptdqgVEECyjkKaJ1JDfUn04bU99OaNArPGWmdgcclCNbGoE0vSW99rI61ui9hcRAGuZd+pVKhXq8zNTXF1NQU09PThKGLQux0OnQ6Wa4A1acb76cksu/7eJ5HkiS5nAzQ1+/MmHU+UQDrkRESOP1vKyXC85BCoKRCa00lDEmq1dw4kxlqsgiO4jXMrnsxv4P7a9BWoDMDjDYI43IwWO28cW0aLZcKgziHYpu9Rx0UFpPa/aOUkJRCIKTAR+CLNLJIOukNkZGVUiKkQHoKoZQrLwW+cmOTRWAUjTGVSiXfHoZhrvdfLls0sFzc5L+DsBZJgkTjWYs2EoNME2CDTaNTtZUIfDLpFZnnpOpFr7qhlegYljpgkgRLhJANpHTtaBsjhcHzQCmLUhbPAz/08SpVosSnMS9QXoBEIa1AWlwi7lIUbMER/MKNR7GBC1MbeWJlMrp6pSNNRrqLPlmkbJ5a2JIz2CmPPbCvg+47kV6zrEeZA1LWm9RoVbCkGNI5sYiRYgkp2ighemJGNnWhSQ+3xuZJ2Z89MiOaM/bZ4tqjVH1Zbs4Z3rLoPNJ//XmdVsYL94zAQ+fZzjaBkQItPWJjENIivTF8M07UKa2jhAHaYM6gow5ts0xFbUMF4+h4HsQSgYL//r/7p2zatImoG+fG3hFGOF+M7qBLEZtv5b0fqPHxPzrAVx44wKMPuM3+ppt462/+CrfuSNny6/bzW/se4UOHHuZTH30Y/E3cdNteZg8eTivaxu3vegePve8Ahz7626kXvM/2O36Tvakj/7Z9v8Jthz/IwQc+yoce2MlbP/K73Hrd23jvOxZ434FDHPhQetTWPbzjXW/junUT5Q7BdW/jve9o8cFinZtu4u3vOl/y32Fq735uu/c9HLzvsxzb+0vs2rOffQ98kEMf+nUOpW3se/0ODn6ld8zAcz4PuZf6zXfz3rcs8J5PPcBH3/8A4LNpUw2eRc6BEUa49LByktTqtvGkopt0XYK2qIPFUgkqJBFoY2i1isZKi5ACbTSB55L6xlFEYhMEIk/w6ym1IvmqtYZWu+W8uYwlinXq2e28UQSCTreNxYW0KukRdSO6dFeEyV5QWDDdLlGrTbfVBuM0/hOhnI6/NIBXIP/7J41FOZoVY5w6Cvm+76RvshKCNI9A9t1N0k159ZBXI/JyZJ48a8HFtqDNxspk4b6DyqQMQcEAgHVRAe67ScsE5JJAhXIrarWuvVRodM3dNMb0RQDIrFsCrBQITxFrQ6vVRXe6+FFEJQwQUmKFwMjMi+siuwYjjDDCCCmKMk7DkvxmpHG3280NAJ1OJzcOZBEAWfk4jnNv6uXlZaSUXHbZZUxPT+c5hRYXl+l2IzqdtosCEAblSWxsc29PS8+DVGuDNY7od0SWRqGo18cJAg+se896vkIKQZx0cwkjYwxBEFCtVgnDkFqtxsTEBGNjY1Sr1Vy2JyPFi0RxJu0zSOqqKCWT/cvGNDMcnK9X+flIBmVtZcR2lrS4GJ1grV1xvbIxKo5XnwyUtXSlcKR96nJsrXG5N1ODTZqHtufhrHXukZuTjvSIPGvT6yxlnrjZRTfKfJ5jU4/lrJwQ0kUECEkNqNgecZ/llJFS5tetnKMhK1v+vh5jywsKC1JoKn6XimwSG01sPTTVVKucdMyzfFkuCbebP3uQy6y4+bS2ljh2Xsye56Oqzos7jmLiOEGIAOVVEJ5HbKHTdTm8JCZzkkdK8P0ppFBpsm+JsEUP+J6/eJGqlZZzOr2sBRf0allwjj4u/4g1pNIzPQ/zzJwl03m4HZDTRyrAGrKR7nmylJLRk64vBnDYMl9XWCQWRCpdZd1vwVWjETJKu+4mqO5+j1ByHk90qHoe0misUVgj8IMKk5OTzM3N9T2v+g2uhT6WpMzOOYSFd8lq+YkKR/SVGSYjmEWRlCf4q0n6uZwHEVY0XESEjEF2MTTxA0HcSXO7FbphRRcpDR4GdJdOO6JW2QR0aCyd5eqrt/Mzb/hppPAIQ+WOXsUGMcII54Jot9vPEbsxQhmVSuXCVxo1acaAX6c+jHxPy/j1+lD9/KjZxFUzpEzUpEm5jYima5z60MbXD9eXC1vnebUx8JzPqzU3Tn6d1qF/zW98yj9vo8IIIxTRSYnv5+TZsh4MdoDGaMtDDz/EW97yP3Ls+8fSHf3BqBKJkJLEOE1FicqWasgC6W3oLTCKxLzIvX16KadkaVbkPKpdgKdJvblF4b/iNiU8tE1WtONL58W3e/crOPL1I4yNjXH+cO4mrdNnaS8s0VlcQrc7yMRAopHGhZj3Btb2T/TyzTZdNKycBQqZyffQk/oR/QtNKVVO7J9TTmMdE00XfXDxzExdiLDtI9ZXoOCpLxG5DSMzALiFhXYGpjT0PJ+8DzEAGGv7Fmrnmq9nyZZN6tWYHZN59otUvqAbxwS1Kt70JOHmacanplCVCkiFyaI/+n49I4wwwggXD8qETUYIZ57hnU6HbrdLu92m2+3SbDb7IgCKMkBAbjAo5hAQQuSkspQy9zTvdru0Wi06HVd/FEW0222szQwQmdQbZFECrh5c7hUp8X0n/+P676IagTzRa+bVH4Yh1WqVIAhyT/6MJC4S9sV/vu/3GQMGRQBk7RS3FWVmisaB5+JdXIw8gH7Cblh+h0HXPUPR2JGXzdz2rU2NLzY10PdmbtZQkBERYDUuDMDx+cWeFM32bk4j0UqhpUQg8+TQpEYBl2hWpvMo99mzFi/zhR7gxV8k9wcR/IOkyC6mudIgRB1Lq6V54K+OcPzYHGcXYuYXu8yd1ZxdaDE3f8b9XjsRnU6E0RJjBNY4iRYXcaGwqVyLMRoEqCyyVDpCXwiJ0RKdXnYhFM7xRWGtQBhnWHDQkOYHwIDvV5FSoXXi1h4wcLKlnyuHnvOBdasMZ6VKJYyEINExWIsUCikz3xSTStqYfF5nU7f1jPAXqQSSWxak9Ukw2qSR0QlCugghKSDRCZ7v4Xsut4jv+y7ROMblY/AkvicJAo8g8KlXa+65Ewr8ICYIFUEQUql4VCs+1YqkEnSpBjAxJtj/Cz/LWN3p1S8snuXQ33yRv/vqV/nHf/xHfvjDH2KMYWJigk2bNlGtVnPDYSZnlj3TM+NvkiR9z4zs2Z/liGk0GiwsLLho7+IYDfgMrPh9KqUYHx/nsssuY+PGjdRqtdxYYY0zBkdxRNSNiJM4d9bRphd9phNNN4ZOdCXNaAtJ7HIG6KSJSc5CfAppFzA0sUSARckQ5Umkr/C9EIQiDCps2LCBzRunufaaHdz9y7/MLXteixIylVUi/3uxIOMjRnjuEUXRs65jFAFwqSNYA0G9hjLBKsaBvI6VG58Tkv6cfXm+2hh4zuvBAse+eC8HuZO337qNYOER7n/gBPj72DYi/0d4CcBaQ71e45qrr8l1IsuLHSkVUgriJHGTXpUmarXWEdSFuoreZplWbRbunicUFuRtZcg8/qVU6WTNIIXMJXKM0WmCSYnne+h0oln08sg8uq666qoLtmDr2ITYE1AL8XzPaU3qTFtSpeds0qiG/PRywl6QksblRWVaBrLJYubJT17WLTkERvTkEIZhvZI+F50EUOql5MZzWCGTswWyF/vghswCONLfmDQEWGQeWZlcU5n0II8AsDiPRXOOaIBMnkln8chkvligpfvtSCGx3QRRraJTKa0g0oS+ZZ3y9SOMMMIILwjORYQWvagzAjyLFCi+k6WUOdmffc6SRfu+n3ubCyFScsnNSSYmxhzZlmjiOMrf9ZkhIptruKgCyAjmjKTLSH/XriIMA6x1JFFGxGee+ECfZEN2PplHeCYfM0j6JzMWFIn/jOzPyhTHqThneT6I5TKxPcwztpxIu88jeRVvX2MtRmhSdh6EQdos6sGg89e2i5IUNkkdI+hFwUnhjPElT18BKCNTI7+k98bNXafJXc6FBSRI50E+0OliAMk/7FoMG6NBZV9oSAn1MY/9+18PWOLI0ukaOpGmG2nanZhuZDn1TINnnjnNyZOnefqp08w8fZrTp+ZZWFxmfr5NYylAyBBUSmqn0lrCilS6yUNaH2W9VE/e6cAbwBovvQcEiC7INogIhMQIDyNCAKxIciPPYE//5yymd+0YMj/WNsYSIz3jJKpSI4kzSmonACpcEvMw8JAqIUqWCUKXT6FarVDxfYIwZGysxsT4OGP1KtVKlXqtQhgKgqplYqJOvTaG50uq1QrVapV6vUa1KqgGzlmoWhVUK+B5As+XKARWSDyVJa+2jrSWIo2kSdNQpVPXwAfl9U53w8YN3PnP/zl3vOlNzM3NcfLkSY4ePcqJEydoNBqcPn2axcXFvuc39Ej+SwkCTdR5Ct2aI4ktcRJhbRNYJpPCklJiU7mnwFN4gc/U9DTbtm5jx9U7+ImfeDWvetUrufaaa9hy+eXU63UXibS+NHAjjDAUIwPACCM8V4haHP/KQzx4/AgPfiLb6LPzrW9iYH7lEUZ4kUH5ipe/4uU88P8+QBA+O7NeNmkXQzcUUN5WWNNlHGyfjcCm3mYiJdSLdRdWC9ma7YKszwRMb9mCMBp0z9sQY9IVpszifV2DxUZTL3RM4WRW9KlwTNGDv1yu4G0+vK/rPOGLzAAABU/CoZr8NicOUtq/dP11b6xySaRUNmDg+Nlee/n4rzTW9EEUbtJBN3zqtUgcQxi6qBcLwvfIcgeMMMIII1wqyIgeR4j0EtkWZYEyFHXUs1wB1tq+PABFDXmlVE7o93TxU6mZ7J2AIyIzd3Fr+yO2kjhJX79OAkamBndrnIdt0RjhyP+wz1GhLAeTScVk51308i8m9c2OzQwARWmgsoGgLD3zfOvLnyt6sEz2ryq3UTwOEFY7L/IcWcRn6j2tMsk+Rw5b6yRn8vd3PvGzBf+H9MVuUq/pbF5Hz2jgbD5933DJSJVzUlnjsJ4zj8JFRvYPgrUCP52+ay0IQvB9xXgqUekKwfUvn0KIKzEaEhfQSxzD0nLC4kKHJ59Y4plTC5w8eZLZ2TPMzDzDwsIizUaHVjOh24npdlvEsaYdGyLjoVFgVfo3QOAhRAKyiyVxUTk2RInIOf+gsanBp+96m0LUsMzcKvIzzOdSffeO7e13E60EIZPcNcTlvJAIYRDC5Em+lcx+61n+gp70k5TSJYuuOINFGAaMjdXxPIsfwNiEjx94VHyPsbExxifqhGGFMAyZGKtTq9eohAG1SoWwqqjWBNWaIPScwaBWhSBwRhur3amEAam0KgQVKDz6BqJ4R6p0iiulW26owtS4uKzIl1jWkiQaoSQ2M6oJsDpBpQbMrVu3smXLFm6++eb8WdloNJifn+f06dPMzc1x7Ngx5ufnWZhf4OQzJ/OIsCyniNaabrfbFzk2yKhcNCYMPd8h0TnudLLIpf5n6opnVd/z3iBsAyWWkKFkvO5RqQQElU3UaxNMTEwxvbHOlss2sP3KK9n1sldw1VU72HzZZi677DLGx8accUwYlAQlfTrdiEr4Akf6j/CiwkgC6HnECy7TMcILgIjZY0c48pXjtLbv5qYbb2bX+jMKjzDCQFzUEkDl7WLA5/I8fNg8rcBRrykP7XrXVGvpw3OALIRXFNV+8rj1i39heElBsHpC3gHWned9cZ7z/6V+lg0MJS9Gm94ymd6xgBUyWCOMMMIIFxuKXv2ZTnym519M9JuR/Nm2TE8+05TPjsu89zPyp1g3gDEJWfTWal7Y2edh74CB261ACC8ngopk0SDJn8yzv+jBXzQUFKMDzrW9uL/4eWhfLwVYHIu5yvzMrjg1MaDQkIMBIwymkCE1P9oOPsLJG760Qu2sSefdZf+CXItmgA/EIMeZwuZuF7pdTacd0Wx2aS53aDSWOXt2gbNnlpg90+DUUszcYoczc0vMn23RbMQ0GxHdTkIUOWmYRqONki4nhzUuf5iUKjUOyvw3kmoKAS5yx/NlLpPj+x7KE/i+ctJdQUCQyncFgU8Q+IShT1DVhFVD6PtOGseX1KoBQWDwA0u94lOrVaiEIb7n8oIEoaJarRAEmUxXQCUMCSuOB5BSEIaSai0dI2VRyg2a867vN0ENhDhHAdsj7LPi5zU9XMWPiAHb11ImwyDpsG63S7fTpdlq0m63aTVbLC0v5UnhG42G295q5fI/s7OztFqt/L2ytLSUS8cVJWqyz1lkGPQiszZv3szGjRupVCqF6KRer7N++r6Pkj2jba1ec8ZbBGFYoVKpUq3WmJgYZ3JykqmpSaamppmammJsrIbnKzxP5c/pXgPZn5UPvoGPu4sEIwmg5w8XQgJoZAB4HvGCk3QjjDDCiwojA8AQXEoGAGzJKfxcU+wRzherJRQbFH7/QhEna018li3sMgNABrfYG90/I4wwwsWNciJg6On5G2Nywr+YGLj4r+j1X0wkm9Wd1dlnAMD2bevrj9vR+8y53sQil9lzB8g+8j8jd8rkfCbXUzYAlA0HZaNA0ZhQrKdsaChHAlySsCkJVs4pMOR0nMb/SgNAzo/aLMlpr55EGIwYkFB1iAndQ6QSgS8xWGeL6Zt/FwwA69HVMcamUpdO5lMq2VePMU76KQKSxKCTBKym1TQsLmjaLcuZM22efuoZfvSjH7GwuEC3000jcAJq1SpSSqq1GlNT00xPTeKHIb7nUa/XqdUrVGvCeVf7UK8JPF/gKSd3Y7TAWEkQSJQUqHS756eJdoVAJy5CRYpeIKhS4KW2hihy/u+BL7GiN1Rxqlnle8X8Zg7uPu3RvhJcQmps4SdgVxpb1oAsignE85Yb6nx/I9ZajE5ztyiZe9hnuVyAvm3Ze8BJuiV5xFdG7hejwoA+3f5M9g2cASCKIiYmJlaQ8jbVkyrKeDojrEIpmUeHOWlWiVRplIAVqWyoyIOFs8/nCgheOTADtl1ED6KRAeD5w8gAcInhBSfpRhhhhBcVXkoGgHOWKWJkABhhAF6MBgBg4K1yyZI+I4wwwksKZaK+GBVQNAYUSf5se1EqqKjdX6yr36tfl76Dewf353Ipbh/WZyhLQvTI57JURNmDv5ykd7Xtxf3Dks2W31sXw3vsQsDatWu25wYAYfvejcL2/GdLyo84lfmVLYhSuWybxOXquXRH9Dxg0+ugQaoBbuDrNABkB7mcGZok0YU8GCnBnbHrxmIMaX4jgdXOQCBIZWlSBU3P5RrG6J4tzhqnwJgl0tXakfR5arHCRRTCpkS+cAYIkx3nOiOlcFEFQOD7COlIYWstSPIoXpPmfHL5ojQIm/5uHfFsrHVe41KBkK58JkFG5vHvOiYR6b1pe+pEnF8Og+z+z3OHlQfgOcf62yq+BzJCvygJN0hOrJi7rWgwWCv65eKKxuneeyHL/dLrR3/7WqdtC4nyRH6/vtgDh0YGgOcPoyTAI4wwwggjXLw415xvrXPCc4W4Plu8QKs5UZjsjzDCujG6dUYYYYQXAYo6ysAKz/nMGFCU9Mm+F6V+Vnr893t3lyV+iu2Xt62GYl+H6doP8swfRuoPK1Mm+ItGgHLfL2WifzjESkmeIZfIRcOV2GjbO0b0tDXy8gKBKr9Ii4SeWLn5xTjKq8GCS38wbLp6PgNiXX2e57yocxbVGnfFhXCJgRFpclkXCSJEaoSwrl3lkSbHdXUqf+gZ4Pc+pv0ufMnOTTriP48USdtFWAJfkVuUrPPiFjLrd2azcOSxEgqbV5I+g2TJwQTrDFIFZrg8lMU4FNtT2j9vXEr3bhYBVd426HN52/nmPym212/A7ZVZ7RUhhMDz+ttdpw1ihBGeF4wMACOMMMIII4wwwggjjDDCCCM85xiU9LWIjHzJyhW1moG+CIGip2ix/rL3fzEhbblsZmRYrY+DsFqOgOK+okGjSFINyhWwnnrX269LEUXa00LOwZYhcm9pXdjWq8UWjAHZXiH+f/buPiauM0/w/dfAwaYSqDhF7Eri0oS6GWoyRY+rN657h9Jd6GlWCau1pcE9wppmV0FaM5ad25Z3GNoeFNuxHbkdsXQjMg3q4NES7SUro2l7Rnh2ypFIB7qnmNlyeo471KRhoiJzy+uutKm4C9uF4YB9/6gC6v2FNxvn95GshKpTz3nOc5638zzPOSc/PMj/YFPM6Gh08NFTCnlsrEHUVfEgknb563DkDxZGSyMTcos31jyATfORD/KitotsvbhaP3wfSEwGidk2zTFE39mxMK6/cDtBsp8uzic9iH0s1UImXfhB1AD/YlCbll5KnOoG5KUnLC1MXW1K8ovcRN+7IuPSy/MYVa3iK0wmADaYGzduPOwoCCFWwXPPPfewo/DwLP8e1rULP1fSCXysPE4DJkIIsVHEr/6P/m/8IPzC3wsD9oqiJLzod2G7TC/5zTZumSS7kyDZI3lSrU5N9122Fo73cWvHFhdiL4ylRn2+ibg/0jwSj015sdtHf8WmmNHQhcet3F8INi68la/D3mAebAo/Hifh85UEmiRRI58vjp/nxW3/II8Hm+6HB87jVu9v4kHk7o/E9zmEX/od9Z6BFGdv06alAfKFUB4s3KoQLz4TJPz/g8SJgMQ9pk3ChO8WZ69Wkvuip8TW1leqjAixwcg7ANbRQ39OtxDisfLIvwPgcSa928dKsncACCGEePhSDdxH3xWQzfa5TgBA8jYhXTjJtk/1LOpkj/QROYqeAEj3jKCUkqd/qlC+cmdrYSZkvSycx+ix/Mh5jZonSFFu0p+1XMttLpb1KoTHmNxh8NUi7wBYP/IOACGEEEIIIYQQXympBtZTDfTlOsiXazirtV+Rg4SH869OWssZi1jvhEg4n0tfhO/ISDfM/vDOmuQXIcRGIRMAQgghhPhKkwEaIYR4NKV7Jn4yaz0BkCqstVxhLMRXSoriEn5J8DKDXOMyKCVcCLERyASAEEIIIYQQQogNYzmP9BFCCCGE+KqSCQAhhBBCCCGEEI+t1ZwwyDUseTyQEEIIIR42mQAQQgghhBBCQvw3RAAAIABJREFUCLFhbJTBc7lTQQghhBCPApkAEEIIIYQQQgghVtlGmagQQgghxOMt72FHQAghhBBCCCGEEEIIIYQQq0/uABBCCLEysrhNCCGEEEKIx4f074UQ4rEidwAIIYQQQgghhBBCCCGEEI8hmQAQQgghhBBCCCGEEEIIIR5DMgEghBBCCCGEEEIIIYQQQjyGZAJACCGEEEIIIYQQQgghhHgMyQSAEEIIIYQQQgghhBBCCPEYkgkAIYQQQgghhBBCCCGEEOIxVPCwIyBW7u7du8zOzqJpGnl5edy/fx9FUSgsLOSJJ5542NETQgghhBBCCCGEEEII8RDIBMAGNjc3x61bt9iyZQubN2/mySefRFEUNE1D0zTm5+e5efMmTz/9NPn5+Q87ukIIIYQQQgghhBBCCCHWkTwCaIOam5tjcnISvV5PcXExOp0ORVEAUBQFnU5HcXExer2eX//618zNzT3kGH+F3P6EH7ce4Nvf/jbN7Vf4fCbJNjc+4sef3E7y0x/z0Y21j6IQQgghhBBCCCGEEOLxJxMAG9DC4L/RaKSwsDDttoWFhTz77LNMTk4yPz+/TjH8KrvBj7/zLjOv/Vfef/993tx9h3ff/YSEOYDAx3yUZGZg5vOP+DiwLhEVQgghhBBCCCGEEEI85mQCYAO6desWTz/9dE6/efrpp/nyyy+Xv9OZf2D2l7lNIMz/cojZZKvf05j95RCzufxgOfGammJqzeZCAnxe/AqvWIoBKLZ8i7Pf+Rqbcw5nhhuffM7k5CcMvP8O77zzPlfGEu8YEEIIIYQQQgghhBBCiFRkAmCDCYVCFBUVZVz5H6+wsJAtW7Zw9+7dZe13/vMRlNs/I/tx83nm754hfyKXkXY/m251s+n62sbr7tw9tLtrNQPwLBV8wNCKH+Nzm4/f/TZ/9L1xyl9ppPGPX+bOXxzgnU9ynFERQgghhBBCCCGEEEJ8ZckEwAYzOztLXt7yTlt+fj6zszmtr4+YZ/7ORTbN/pz5bMefZ9zk3fsF+Xfd2Q/O+39K/vyH5Af8axev+bvMzcH83N0cJg1yUYzlG4W8+0eN9I4tRGqG28sat6/kz9/8FpbSYopLLXzr5B8z/j9GkPsAhBBCCCGEEEIIIYQQ2ZAJgA1G07TFl/3mSlEUNE1bxi+vkndvDB5cJO/zLIfNfSMUPADujWQ9OD97c4g8IC/00ywfA7SMeIXmmAOYm2MtbgKY+bid5s+/zV9deZPidw/wzse34ZO/oPWDyWWE9hzPFUf9WfoCL3zwMZ+vVmSFEEIIIYQQQgghhBCPtYKHHQGRm7y8vBVNAGR398A8s//cRsGX31+cIQpnlDEKbj4LNwEMPCjsQNv5KoWbgRk/s784SOHM38cG9eB7FLq/F/nDzvxTfwkVRvIBAiraZ3+Gov0CgMWHGs2/TuHPXo/88YfMPddGgVm/vHjNTxP8zR1m5h/EHeMc9wK/5l7kr7zCYrY+VRSO1wrcvvErHK+8THExfKv9LB+9+We8SSG8HLdhoYEb478CSmM+vjMb+wbgmImQmdvMlL9AMeJhmv/1KG7/Vl7+vecJl8QgXrcHf8zcmoLRaseMF7fHT+xXRqx2M/p1jLMQQgghhBBCCCGE+GqSOwA2mPv37y9zFX/47oH79+9nsWU+hb97jAf/x39nfpMhyfd25p9yMvd/RgbZATYbKbT/FbNP7Sd+qB2ATfvRyv6a/IXBfwCDDeX/+jGzuj9MEY3vMWvpjgz+LzNe+UXoDU9TXJgqq+dRWLyV0lUY/Acofu5ZPv54LPLXc3zjzT/na5+PELgdO7CPpZI9H7/LQPS7AiZdvP9+Bd8oX/jgx1xxLd0+MfPxR4y+UsELqxBPsVz3GP/0X7lfYmRpGu5JnvsdK1Zr+N+LJRrBO3k8+STw5HP8jnXhuxcp0YLcyXuSJx/eAQghhBBCCCGEEEKIr5BN09PTScdrxerbsmXLisP4zW9+Q2FhITqdLuff3r17F03TeOqpp3L40QfM/9N/jBkcn3/qM/IrSlL+RPvnVpQvz0d98p+Y/Vo7hSmXPM8z+/MGCkMfLn2U9z1mX/7PSwP5qxGv4CS3ZqInQPLY/FQp+tzep5zBJK72P6PdZeDlbxgIfPQxd77VymuBd/n4G51852tRB3TjI978s+/xybPVODaP4xp7jm+3n+RbL2wGJhn4zl8wXv45n/zqa3yNT3AFXuFs57expEoTsfZ+5ebvPAU4/t3Xk6zgn+fW6M/4B38JL//B19kWkzlvMfqzf8Bf8jJ/8PVtqzLZBHDvXvgeltWoW4QQQgghhBBCCCGysTAeIdbe8t7nGkseAbTBFBYWZrmKP9H8/Hzujw/6lSdhsDJ/5p+Z5/dTDmI+mP5p3Cf/izz/POhT/WKSTdqHsR/d/0c23frPYFy9eN2bj0+3+8zfm4fC1RqOBSjF0dyL4/+5ze1ZKPxOMeHx+h/hiN/0uW/w5vvfYOb2bWYppLk4fmS/mFe+00vzzG1uzyb7Xqyve/zLZ5M8+Vt/kGTwX+NX//Qzfn4Dnvs3L2GIzlLar/inn/2cGzzHv3nJsGqD/0IIIYQQQgghhBBCZCKPANpgdDod09PTOc/+zM7OMjMzwxNPPJHb74IXYdN/QjN+gmb5AE2xZ3ix7z+Sd2+SB8r3mbX8b2aN32d+0yQFd9ykfOfuzX8kX3uO+5v/X2a//r+ZffoY9/lr8r/wr2K8bqPNAXkKRSVbKSlSyAPm5u6mjtdKbC6muHhh8D/TpsUUpxvc35zhe7E+gp/yr3dKefG3twD/wk8/+JilVzvncV8p4bfMzzD3y5/wgcu7+H4J8u6jlPwW5mfm+OVPPsDllVlyIYQQQgghhBBCCLE+5A6ADejpp5/m5s2bGI2plscnCgQCbNu2Lbcdzahs2nScWdsrFD4BsB2e+Wtm/7mHTb55eDFxLfP8Z/8fbHUy97u/FX6p7zP/EZ79t8yO/S+Y+X3yk4xjz968ySbjFfJe3B7+ze/+KfM3v8n9679gDiMJT+hZTrxuz8PmYrbqi8LPbt+ylS1bpgneniE0D8WP4LLsYsOzDzsKYtE8n3tuoLxQQ/Kzks/zFS/zPMBLRj7+4Od8Omnm66VA/vNUvPw84a8+5oOff8qk+etxr38WQgghhBBCCCGEEGL1yTsA1tFqPqd7bm6OmzdvYjAYKCxM/RD72dlZvvzyS0pLSykokPkeIZbHy08Hxph5So8uH2CG4C0N3bYXsdnNCY8E+pef/i2BF/4Dv2+KD+df+OnfBnjhP/w+CV8tg7wDQAghHj9+ZxdD5U3sM+f42EaRJY3R3k6u1zZTm/1aGiGEEEIIEUXeAbB+5B0AX2EFBQVs27aNL7/8ki1btpCfn4+iKCiKgqZpzM7OMj8/z8zMDM888wz5+Y/gEnchNgwD5hdfYGrx7yChYB4lhifZfPtThv7xDi/+gZ3n84HQv3Bj6km2PQO3Px3iH++8yB/Ynyf81Q2mntzGMw/tONaGOjaJzRJ9T0MQr9uHzlaBMWr8KuQbxadYMDPGGBYqjArB0YsMUsPeiuRvCQ963QQMdswJX2sEvSojIyq+AjOVjl1UmFK+afyRkfJ4gl7cAQN2sz5jmqzMRks3H0M9XsxN1bGTZkEv7vFA1AdFGMosmEtXMmAawucawOmZory2ierVmKVbjslRnFdG8BVVUr+3Isk7Rx6+oE/FX2TDknArUwjfqA/FYiSkBjDYzegJ4nUv/H8czc/oGFgqjKQ8cyEfo54gpXH1ieYfXapHvG78JfaE+ERvk3mfaeKZQep6ahm8F+h0mzlcq4TjqvqYjt+myIQtXZrlImEfJRitZky6ZYSeJL4lRitmk275cQ35cA048UyVUxtfDyybQkWlgfd6nNiO16Z83ZSIE9VOxUhWpoI+Rq+6GPFOUWKuxL7LglmvEC5n4wRIrshkw8IYqi8h10cYKF8soxr+8I5j6oZoId8o/pKK1SmbmUSnQ9CL21+CPbFSimxThC9DOphCKuNJNjCU2zGTKfyFc6HhHxtmaNjLnMnKrl12LAvtZEI7uriDxHMc1XcIGquorrIkT/OMx71K9VYKq1oXJ6H5x3CrV/EEDFh32bBboo4nwzGubd9ubWlBL+rICKqvAHOlg10Vpkenb7IGbfqK4xPTDsb3T1P0a1d1nwu7/gr1FYDJUSdXRnwUVdZvyHImxHqQdwBsYPn5+TzzzDPk5eUxMzPDrVu3mJyc5NatW2iaRkFBgQz+C7Eq9Dz/0ku8tPjPwOb8JzGZt7GluJzfM4b4hfPv+MnQT/i7n3yGUm7npS1QXP57GEO/wPl3P2HoJ3/HTz5TKLe/xOO2Xn+4+zJj0R/4R+g9/w4XPdEfBnH3vYcaUghNjjM+GQJg+rqKej3VhT5MOM/jnIj/NITa1UJrrwel3IbNpDHc00pLj0poYRO1ixPO1O8ReViSHw8w4eR85Iv4NPE7T9Clrsbes0i3R04Az1VP4iDJhJPzlwZRVTXyb5j+t49wZgXnPDjUTftVI7X19dgf2oigl763+gnsqqO+1vLoXGDH0QdVut93o8V/4Rugu38ClAmc552Ec3T0/8cJqPT3qykHwQCCI728c76bfjV2bwG1n341/MsJ53m+/1YPo3ERit4m8z7TxDODlOU6Z0GG+q+xsyEyKB1Q6e9zMrKYzyP/xidXr8wm7GOQvpNHaOlyRb3nZrlhqVzpaaGla7l1TJCh7nauGmupr7ev7kC9pYEGwzDO0dUM9DEX1U7FiCtTQXcPLa09DGsmbDYbJm2Y3tYW2of8wBS+xfwxgrOvD+fIUn4ZnwwRmhxfyuuDl+Lqel/UYowAav87dF70pYjwKP3t76xS2cxCdDpMODn//bfoSayUIttkTocJ53kuDcaVfVXFN5VN+AB+nGeO0H55EpPNRrkywaXodjKhHY38800Rz+88x1t94yjlNkzaIJ1H2hkKJkmDrOK1djLWxcvuG4ZQe1o40jXIVEk5tvISpga7ONLSg7pQuYUmGU9TN2fq7z6qQmoXLa29eJRybDYT2nAPrdHHvS5Uuk44SXrm1qBNX3F8YtrBES53RvdPU/RrV+Ir31cAvH281R9gV109tZZHtfcsxMMndwA8Bp544omcX+4rhFiJ3+bfvrLw//lsrajm3790j9t3NJQni9myMOeWv5WK6n/PS/duc0dTeLJ4C4/jdNwuswfVCxZz+O/gmMqcwcC4OgY2S/hDzcO1wC52m0HPXvamCU8LBQlpCjq9LvkGk8MMTNhpbmsgskvsDhsXT5yjf7SDxoq0gRMMaaDo0CddtaIRCoZApyfZ19Fxe/QezhGOu0aK+GWdbpFwlpNGGdM3XfTDv1VSpH2CHbU0NdmiPhil90gvQ5XHqNYvBBkkHJ3MYU5PBymvqia3GyIS00ILBQmR7PgzpSvAFMESB3stpTGD/7kcx7qo2IXt/Ieomh17VHx8rmsUVR/FuGqX3H5GhjRerbczPOJGsztSlrvtBj/v9Y5ytqliXcpmxnoq8QeZ87d/hEGthmZz1Gclduqb0q9SX3G9lLCPEGpXK51OM6ejn5GTTflOCCvI4JmT9I910LjQHGQd32mmg+VUVee62jS+XCarsxRse3bSf8mNVmF/BOvzDSo4RHefRn3baeyLRcOOo0qlq7WTC+az7GtqohoAP84TXVDfFPcopr00LbRHahdXXY64uj5WYGSQ0X2NxDf9IdeHuKfBGvd5+vy3iu3bdgP+93oZPdtERcLmJqozpIM6DDtqm0h66IFM4QOjA1zSNfCDZgfhU2HHXllOV2sPg5XHqYEk7Wgyowxc0lP3Fw04lHA4tspJlFSFMlO8FuTa5uf02/R9uVwFhzrp1eppO21nKVs7sDnPcOa8m47DdhR9BXvTdW43pEmGByawN7fRsNRxxHbxBOf6R+lI2+FOJkM/aCV9yFXY/6r18RPawVF6j/TjqjkcKUM5WlbbmyyYjdVXyCk/TAUpcezFUppjbyG+z66FCFcdiWn0aF8DCpEdmQAQQojVkL+FYn3ytf35W4pJ8dVjwbrTgHPcD2YjoOG5FmBn/W4m+lS8WMKDzR4Vr7UGM5EV7RyK7SwC4dVqZxiYNmE1akz4jZQZso2FkT2HjxHUTzLU/jaXfSGmtAlaBgHba7Q1VOAfaqe93wc6BbQQmOppbq7GCKhdBxhkF/7xcVBAC4Uw7DnO8YU4hkbpO3cet2LGqg/i8WrY9x+joSLLwb9lGaWv5T3U0BQhpYUWBYy7j9Ks7+fAoI6qoIp72kTd0Waq54Zob+/HV2LBjJexKRP1zc1UZ1wyu5BuC4fZx7nzbhSzFX3Qg1ezs/9YAxW6zGkUUns42TuBoXwHXPfgK3Bw8FgDFVNOTlw0cvpQ1CCD38mJLjh0uhYjIUb7ztHtmsNkKWFqzEeB4yDHGirILXUrsJW/g2sCqm1+htrbuRQwUL4Dro8HMNQ101xtDO+704vZMIHqB/trR9lx5W0ue5fS2fZaM4b+ixhPH2Ip1pFBmkOnqcXJiXY3iqKh36HD5/FRsqcRu9qPS1eGzuchUN7EqSYbugzpunS6+2h5z01oSmOiZRCMuznabMHT3k5sto0cB36cJzrxmg1MhA+EtoZcL8aXq4JdtvN8qGrYF2cAfLiuFeE4uoorr/wqLhwcqiljauAKbs2R8uLZWNuE2dlO7+hZmtKOOmXmvdBKX+lRjtcsHYvvQiu9pUc5XjOdpp5Kdk7MWefv4JiKYt+f/WB3aJS+c9245kxYSqYY8xXgOBipl9QuTvj3xtazahcHXA5+dCjTgJ8OW8MeBk46GattxALh+vNSIFK+xwkY6hbrz/T0WO0lDE34wTSZNr4x9dqf7OLqu5fxToVQWlpQsPFas4H+dHWJ2sWBiwHK5hRKjCE8Y9PYG+rQLl8msMNIyDOGEl2vm+zs9A8yhj1h8Fgsj895hanKg1GD/xE6Gw17Bjg5OMa+xdGd1bCdneVeLg0GqaiJLjk+Bi4HsVduX1pRmqYdX3b7lq6RMtbSZHbSvlYTk8sJX2en4Q0jSk6Nq4JSFGQ6BAuVk06f8Py3HOKVps33Z+ovgN95hjMD05isRrQJP8YaKz6vdfE3064eWnrjz2NB0r7hwYL309T1C5/5cF6ZovKgPaHONtYeo62K8DHG10Vx/bTVzPUPm3HPYY4F9eC9QMtlE2cPRybnx3o5cr6Iw237wn1/zUVnq4/dbfswZugHpWpjCobaefuyb6lvhI3X2hpyrrPT9sPStKVq1wEGdVUEVTfTpjr+ZNdV3l1WfEJoUWUofNBZ5Pdlt70xB7+x+goWY5pwEvtZr/Ee77mXyrZx91FqPJ34956OnVTtOoDL8SMO2fw4T7TjVhQ0/Q50Pg++kj002lX6XTrKdD48gXKaTjVhW8wf630NKMTakAkAIYQQK6K32KB3jGCtET0eVK+VmsM2jM52FuYFRtVxym2H0obju9DJsLmZjgZz+EIi6KLzu1cpqInbsLSKOts52l8/gaWqmlcdleHnRpYaKQWqm9uoju/Q+i7QecXA/rZmLDoADW/fSc71GumIDEaM+w2c6mgLd1JD7qVVcnoN9/luArVn6XAsjJS76GztRW07hG3NloFU0NDWRo3zBBeNp1nsh6vAuJeiN9roMClACFf7JYrq2+iIjLqEXJ20DIxS3RR1SZIh3dDcnO8OUHu2g6XD7KS1V6UtsvPUaeRloG+KurNncUT6w94LrfQN+6nIdP3gHeC9MRvHf7g3coHg5UJrH8OTFdSmGWNIEhBj17djNobz0hXjQdqaI3kJLxdau3BaTlMLEBgnVHeKDnvkQCvasMSksx9nf4bdTemo+UFz+HiDg5z5bj+Bo22cNof319fSx/CkjVp9+nRdzD4VDbS1Wek64Wdv5MLPd6GVK4b9tDVbwgMPmpe+k+foNS6skAowHqrjVId93R8XVFFp4/yVqFX5XhdXixy8sarj/y6U6maM6Km0dXPFreFINQOgGKltquFMexYrT+eCBINBimI+DDEX+T9zdRVapxNfzb7IM3q9uK4aqTmrx3fh7Qz1VNw58V7IOn/7xn0YK+M+TIjr0uoz78B7jNmO88O9kXrOe4HWvmEmK2rJqegkoy+jXHExMQmW6Qt0XjFysK2ZhfcSey+00uW0JJnIjRfCOx7AWGXEO9CePr4x9RpUt1lwnoiaiPM7yVQsmTZTv3CX02gvR94Zof4HkXop5KL9vwwwWtsUGawxY97Ry3U/VMiLALIzFyIYjHv2SzDIHHpAw/dFgB1VyZ9srbda0bkmmMSy8vwZxVy7h7nuS4zVNC4OsmrqANfK6zhs7Odi+JO07Tgss31Lm/8VjLVN1JxZ/sTkXChIdHIrcXexpA2/Yg/fvtJOS8swtpoaanbZMJcq6Eujzk/8+Uy60tZCfaOBk50XKGvehznjmFeGeKVr8zMF7btA57CZ5o6GSF0UxNX5Xa4WLN3nkfI8Jusb+lPX9Ys0H18EdpA8WyvoUqVHXH326D2UMhulVNXZONf+OicsVVS/6qDSbEKnlGIsBUptWL2DeHBgA8ZGxkEDt3cfZjNo6lW81lcxa2460/WDfOnamGbaqtWYvlGCDG16pv6tL01bCjDuLeKNtg7Cp7I6c3ymvXjcbsIPJ9PwDl/CY3uNhlz7R2nTJW7Pj1FfIf1xQ2Lft402a2zZVj3J97JkCl3ND2gOd+IZPPNd+gNHaQt34vH2tdA3PImtVv+QrgGFWBsyASCEEGJljOVYA/2owWqq/Srj5TYOoUdvg96xILVGP1dVM7aGdIF4cV0toGpxwBbQO6jc+R7uhG11VDScpmO3l7Grbq70tjLmV7DsOcj+WnPSVeNe11UKqhYG/wEUzLtfxfhW+C4FgLKamqWOvM5Oja2PKx6NGrubEY+Nbx6O6rnrHFSWv4d7DGxRY+y+oR6c4wt/Gais38uavIeqrIYa00JK6XA0d+CA8K2rQT++6QJ0vuv4qYi6OEmfbop7BI/tm8QeZiXl77kZi6yDT5lGDgNGo5fLfS6MdXbMpQrmfWc5Dpmves37aDsNC7dmB/wB5kqu470Oaa9Mpjy43ZHnDGsB3M4BJsqaOGX0MnC1iKqjUXkJM9W75uhRJ6m1AUU2auwrPDHbrUsDIXor9u1jGBcf3WLGWjbN2DRo4+nTNfWqsYUyYVnK04qZ3a8aeUv1Es7MRdhq1n/wHwBLJbbupVX5XvdVDFVvrGJcfAwNK4t3FFiqKjnf7yLoqE69D2MtTTVnFleephQY5vxbV+M+1AhRThWAsZLqordx+faxzwSMDjNiqmSv4uVixnoq7pzkkL/nNAOm+DyfENel1YbmfW2Egw4RDAXwB+Youe4lU9HJjg59kQZz4fqzqOro4oU4gLl6F3M9KpO1cQMIMQMfU4wPOnFpezhuA6MtQ3xj6rVlKrMuPuKMChvl2/1L5VRnxrr9KtMaLJxAhTmCCS+zECmN9fPWW/HnKMRU0R4gwNSkAWPKcR4dBeEstbp0dnbvusRlt4bFHn7R8PDAdXY2VoAnMmWkpW/H7SyzfcsobmIyx0Mb63+L6OQ27j5Kc3V0iUsXvpHq5jYc/jHc6jD93+/FFzRgbzxMo710YQex59O4m6PN1XH1h5/hAQ9oBrrf6uW1Nxqp0AUZvTgINan6OGnila5OzDBGuNCXW6qL9Dgqd/JeVEcx9XlMUrekrOujtglMMWkwxkUtcrdppH9je62NhvhKdzXqs0eArqKB0x278Y5dxX2ll9YxP4plDwf312LWWdhl62ZYBZvNi+otZ39DiPfdPvaZTXjcXmw1FjR3Z9p+kC6XNiaZDG26lqF/W5GmLYVwnsrpVGoBPKq6OBivaUAgQICMWTxGTm3vY9RX8F5IF46N1en7bse61InHat/O2FInHrO1jOlwJz7ra0AhNgKZABBCCLFCZmxWP1c8GiafB3NkpN9YbiVw2YNm8uEx7qQubed5isCUEUtcz9hk3p5kAiBM0ZupqDFTUbMPNB8Xz53jvKGDw/bEHU0FpjDGB67XUzLlWXyhYIk+tiupN5YwORUIX/yh8l5LS1yoJdiq4j4x2cK3iwJQROla3R1aoo/p+AZH+2g/72baYKbcuB2zOeUvU6Zb/dQkqO+ReJg2Fg4zZRphpLr5LGaXk0vdl/AGFIz2OvY32DNfXGg+Brs7GfAWYSw3YTLHP7E5C4qBqqazHDLpAZXAlJ+Rt1sYjNvMuHvhQIzrMGhegF6BQBbpmlzyMqHXlzDlmQJ0QAnGh/auM0vUqnwvwyMGKk+tYmR8Lq4VWNlPZAWswYrVfzk80ZhmN9ErT/ek2mj7HpoTVu6pdB1wRf5fT1WtkZbBUfY1VjB6VaW8qhEFNYt6Ku6c5JS/pwnGvwEvaVwXgh6ku3MAb5GRcpOJ5RSd1IL4p0opN4TrT//I2+HHZkRbLFCplFBed5R6SylKNvGNq9fWRgGKEvu3fuOP0a0fa+PiHWGLIo+sACNGYwCXj+SjXEE/U7qyuFW6q8NcW0Pw7Yv47PswjV3Cqa/jrAkCC6tAs2jH16R9g9iJyZSVUnLWxjYyPoUjQ/iK0YKj1oKjFrSgm56T3+eC8Sz7wjtIPJ9xNHc/TkMjZw/ZYbSXt052UffGXgKqCo40ixxSxWsFbX7SvpzJzPaojmK685goVV0ffRxGjAEXsdm6NHy3KeFHiQST9fXWpT5bJ4oec0UN5ooa9qHhu3iOc+cNdBy2U2Er57w6BgaVa0Yb+2waRqcHPwFcnnIchyDgTN8PWn4bE5GhTc/UD8vUNsXnqYySPI9/tPcIvUM2jlVnH0xO6fIY9RXUjOGsT9+3INyJz/oaUIiNQCYAhBBCrJil0kb34CCq38DO2silkzl8a/Cg6qfEXpvhQqgEQ4kfv5+YazSf94uEa7bg6EWcczXss0WFqJjYU2vhTCD5RV6JoQTG+DELAAAgAElEQVR/fODBAIESAyWwOAmQlKGEUqxUtUU/Dz45vdmOPc3g+w7zDibGvGCL3UgLzYGyzCZZc/Pe+SB7znYsPXd5rJeBuM0ypZuhpBSsVSkHA9SMEdFjcuzjsGMfaEHUvrf5/gUjZ6uB61782JZSPxRkOpIjfBe7GdrRTMfhhW+DDKkQTLKHGCVW7PZkcS3BUGKgtvk0Se84zvo+/Ot4/WBbijTBaXK+oM+UrqklLxPBQIASQ0mOYa2NxVX5hglUYyV1qzr+f43glEb3WyNRn4bwq0Gq080ALK487UG1AVm/RySWYv8mtr4PcYfmcKs2qhohl3pq8bsc8rfRqDDs14hZ9paSj4vdQ+xo7mAp6CHUqJC/8MYOWWmhHNZee6/iMVipUyBgKMFQ25zFLfxAkRmr3Z4kOTLHNytp6pLcTeIP6ChaixHpr6gyaxm9nlGwJy6LHB1RMdjr1mZQVF/Fnh0nGVBrsQ97sL4aN4iboR1XhzPuIHn7ti/5447iLUxM9qykUsoxfN9QD15TE9VR3Q1Fb2dP1SUGAtmHHQhMUmI2he9Eq2jkjYMXaH+rk2ltB/UZqoSk8cpUJ6Yp40n7cj4vX+T2RPQYyev6aGVYy3pJmq01H+MBE5Umwi9mftwER7nonKNmny2q3CqY9tRiORNZ0W5zUN47wpDRxw7HPlA0dunP4XGZGLc6OARoGfpB3lzamGVI3w/zcWE12qYMzOUmQlPTiV9kyO8rT5eN1lfIdNzZduK/IPawNHI5rEU5XAMKsRHkPewICCGEeAxYbJSPOxlW7CyNL1uwlY/jHAa7NdMlvxnHrjmGnWNLL+zzO3FeS9xSX6rD0/sersno5zb4GXSOUWpYurAOd2gjoTt2Mee8iLoYuIb38iDTuxykGa8PU+xUWj0MOKM6nUE3XS3nGJrM9ONYpZVVGIb7uOiLinvQTU+/l8qq1PeRXvem6fCGQoQUPYbFFWgh3IMq8ZcZmdJNsVdi9QwQe5hdtJwbIuNhaqP0HOnEtXA9oegpMxURmg6BsRxL6CqD3oX9hlCdI4uTLqHpEHpj1IC2f5DhiUw7TCecl5wX1aW8pPm4eKaVvrFsn/VhpNwS4uqgl8VYq05G0s4UJbf8dE12HF4uD06zy5Ex164Ps51dgWHOX1YxVzlW9fE/rmsl1J9qo60t6l9zFVPDVzNflhtraaoJMDD8xQriUEFNpZ+B9gHGbZWLz4zPtp5akEv+NlrL8WZ+cO1CyEyH9MQGPcxi0GVWyj0jS2USP4OD2YWtTbro7HRTXleFnuT1p+/iGVr7xsj+6TkZ4puNDHVJzrRxxjUblsdmme7Dp6+uw6aep9MVW7sF3V2cV63UVa1VYivY9uzkeu9J+oK11MW/cXUl7Xi69i1r4YnJwMAwK6mVcgnfqNe41HeBsegKM6QyMAyGHOYgjDvMTLlcLHRbdOZ9HK4tITDtx+vLVAMkxittnZihjJsdu5gbdjK2VAHjTFcBJxHdNwxLVtdH01NdZ0M930lstg7i7unDX7WbJDeePh70peg8vbznmoyp6/2DTsZKDZEpHSs2s8olpx67FUDBvkvPQL+KOfxBxn5QVm3MF17iz1y20u9/mW1TLvHRfDgHvTHXKEB2+X2t295Hrq+wOuGUWcvxjLiW+ov+QbI8rFireA0oxKNA7gAQQgixCqzYzNP4y60xg4BWu5npie2UZ7EYxLTvMK+2t9NyBHQKaJRTW7Udb/yGxlqO7Q9w7uQR+nXhF1xpoRDGqualx//Y9lI3cIbXW/rR2V6jrWEff1rfxdstR+jTKaCFwFRPc3M2q/cU7Pub8Xae48igggKEQkU4Dh6jOteHZ+qrOdzsp/PcEY7odChohEIl2BvfiLzUNZGxai9lJ89wZESHafdRmuPHT/QO6mwnaT/Ric0E/vFJTPV17ByImwLImG529jd76Tx3hEEl/HLhUJGDg8fCzwO+ThpKBXX1w7zd+jqXjCYMmh/ftJWmU+GDqttv5Vz7EVoib8sz1FSxM9KXttTWcbn9JOfUckqmfEzgoP7V1I9+yoZp359S3/U2rUf6UBZPdzPNFiXrxUPmuv1Yz7VzpEUXXvloqKFq5zJe46ekT9dsjqPlSB+66OPIbtHpOjBj3zXFhx+aee1wuhGQa3QfOBDzyfa6U5y2AV9c4uSBSzHf7dz7TSZKKhNfKGxysHO6l6vBGjLdwW6sbWKP+ySuDNulY6qtQflwkMqowpl1PRWRU/627MLW/SFuzbY0oJQkfdhex6nTtdTWXab95DnU8hKmfBPgqOfVhWdh6KtpqL9Ke+sRLukUQMFaU8X2ZBGN20eBoYyq/afYt/DyTlOk/mw9Qp8SXX9ayH7cy5I+vlkxp61LchUcHmTS0bSCtcMikYXGU/vpaz/J6/268AtrtRChEjuNbzSmfzn3Spn2sNs8glpVlWQyMn07nvYOtwztW9aMtTTtcXMyh0rpWvcBDsR9tvPgjziURfiK7RDHgp20t77OwptqQyGwNhwNP+8+AFzr5kDiDvhR9ErpinoOezo5d+QIOl2kDcPKa39axdWePsaON2JJd17j4pW+TsxQxk37OPxqO+1LFTDl5eXpkjBWQt8wPNyfrK6PYWnk7GEn3W+/Tj9L/acSx0GO7ntEJuTXhJHaY/sJnDvJkejybKyi+bA9Uv8r2HeZeY9diy9EVaw7MU7DrsUPMvSDMrYxNvbWDXDm9Rb6dUvPts9ahv3n3jZliE98u11QgnVPM/sTZooy5/es297Hpq+QKZzsGnx9dQP1V9tpPXIpnG8VKzVp+mqpreI1oBCPgE3T09MPHnYkviq2bNnysKMghHiM3Lt3D3j86hYtFCSEDr0uc3dRCwUJaQo6vS5551LT0BQl6rvwS+fQ6cki+Nz3t4ZhaZqGoqTZUgsRPrTM4aXfdziNNCW7c5D9b9Ol/Ur2mS462adJ6iCyz48ZQlr+Ma7CcYhlCA5ypl2jKclzdXPLF9mfe7/zBJ3BRs5mO6ikhQiGNJRUddqq5p2V1Z9L8UkT33WLh0pXyzD2tsOP7+rdh21VzvXqW347vkbt1JqLxJuV9l1W8/gzhZWhjEfXa+4ujnhq6Eg1eJ9093F9wzR1feKuV68fuKGsYt297POOhqYppOsKL3v/yzq+lcYnNl7pjnvN295Hra+wSuGsXh/+K1z2M1gYjxBrb3Z2dsVhyATAOnrcBumEEA/X4zoBIIQQjwK/8wQ9SjPHa9bzGTF+Lp7oQms6zj6TXGKuDY3RnlYul7/BsbTvkxBCPFI0L86Lfnbtc0TuoAvh7mpl0HpqRWX54dT1Qgix8ckEwPpZjQkAeQSQEEIIIYQQMXwMDeuoOrreA0JG9jY3E9LL4P/aUaiofwOzXgb7hNhQFCPGqW5OtgxjLTcw51MZU/ZwfEUTeQ+rrhdCCCHWl9wBsI5kla4QYjXJHQBCCLFWNEIhIs+8FkII8ajQQpP4fFOUGI3oV/w4DqnrhRBiueQOgPUjjwDaYGSQTgixmmQCQAghhBBCCCGEEOtNJgDWz2pMAOStQjyEEEIIIYQQQgghhBBCCPGIkXcAPAbu3r3L7OwsmqaRl5fH/fv3URSFwsJCnnjiiYcdPSGEEEIIIYQQQgghhBAPgdwBsIHNzc1x8+ZN7t+/z+bNm9m6dSulpaVs3bqVzZs3c//+fW7evMn8/PzDjqoQQny1+J10XfCiPex4rDmN0d52nP6HHQ8hhBBiJUK4e3twTT7seAghhBBCrL78N954482HHYmvioKC1bvhYm5ujsnJSbZu3YpOp0NRFPLz8wHIz89HURQ2b96MoihMTk5SVFREXp7M96yL25/w41MneOsv/weuz5/E8vKLPBV/6m98xI8/N/C72zfH/fTHjMz/Li8Ur190xcY1NzcHrG7dshxBr5sbec+zNdWrCCbHGJ3Ss+3J/FXesY/Rz6bZuu1JFkPWJhn7aIBLgx5mtpowbt1CzF4zfZ8l31APav7LvKBP9q2XC2edPLvvD7E8Gb1vP6M//5R/vXGDG5F/d+5vRa9XlhWHmHA/vRObDssSwue6SL9zhDvbEo8t6Bvls+mtcecxn21F4/zov/v5veoXeRLx1aDhH/05n/7rUl6+cec+W/V6lJVkwslRnJf+hp98tpkXX9rGur/dJOjF/clnS8d04wY3btwif9s2ll19ZSyfIXyjPti2dW2P95GtL8WGE/Qx+vdO/mZwhM9+sxmdYStbt0RyRsr8HsTrvkHe87H5POQbRfXdZ1vM9pnqFw3/6Kfc2Zq6XIZ8o/jYlrpfkuw3rm5+6HPwx9VGFEALevn5R/+T//mTT/nNZj2Gbfr1q5NCPlwX+3GO3GHbyy8QW3Q0/GMf8beXRrh+fyvPPJ8kXgl12S1mNm9lq24lFXT6PsK6We12Il1+XlM+hnpU8hPO76Nkjdr6R0bi8d2a2czWrbpl9qdT1E0J5fEO97fq0S87ETPXgakEfaP8vfNvGBz5jN9s1mHYupW02T3oxX0jj+dzqUyTBpN4rRjyjaL677OtdKXXLyu0Fn2/BMs/Z4+6hfEIsfZWY2G3jAhvQAuD/0ajkcLCwrTbFhYW8uyzzzI5OSl3AqyLG/z4O+8y89p/5f333+fN3Xd4991PmInfLPAxH32e8Ckzn3/Ex4F1iagQq2bCeZ6333OnWO0eZLD7+/Srq5mxNbzOdlpaz/FOv8piyCGVrta3uTxpwmYrZaLvLVp7VELZfp+DgOcqnhSHFBzq59rOBmqN8T9S6e9zMqKqqJF/V3paaOlaXhxiwo1Oh2UKDnXTftVIbX099ui4a16c7S20nnsn+Xm0NNBgGMY5usIIiA0kgNrfh3NkKS+rV3poaelCXXZm9tL3Vj+BXXXU11oezoDIhJPzlwaXjklVUdVxJldSQAMq/e90ctGX4vvRftrfcTKxgl2k92jXl2JjCbp7aGntYVgzYbPZMHON/rdaaR+K3AaWsj2awHk+Pp8HGel9h/Pd/agxHYhM9UsAtf8dOlMXKvrb38GZU6Eao/8S1DXa0AEhtYuW1l48Sjk2mwltuIfWlp7s6ze1ixPLvjUuyFB3O1eNtdTX24ntSvgZPHOE9suTmGzlKJ4eWs84SdhTQl02TP/bRzizgtv1UvYR1tXqthMZ8/OaCuC56llx321trUVbvxb8OE90oeb8u8TjG7ncyZFkZSrr8PpJ6ConlMdB+k620rXsREyxn7SCuHtaaO0ZRjPZIvVaL60t7aTN7hNOzudWmaYI5nxsnex30t45jGIKT7g+VGvR90uwnHMmxOqTdwBsQLdu3eLpp5/O6TdPP/00X375Jc8888zydjrzD8xO2Cn8neynLOd/OcR8WTWFmzNvu2D2l0PwO9Wkn9aI3skUU3efoKQkh3hNTXH3iRJy+EkOAnxe/AqvWcJL+Ist3+KsZTnhzHDjk19R+OxtRj74iM8DBspf2cOrFrk1QDyiPE6Gg3Zq4q/GvE4Gr0OBPfZjLRQkpIGi06NL0vMLf6+g0+uSdAyDhEp288bxCdq7lj4d6+8lUHuK45FI2O1lFLSeZ8BnY58p8/cx+0aHfiFiWohgiBRxiednZFCjptmc/OsSO/VNtVEX9EEGz5ykf6yDRksWx66FCIYTbil+OdEIBUNoSX4/PR2kvKoaU/w5DIYo2f0Gxyfa6SIZBduenfRfcqNV2B9+R16skxLs9U0xE13BwTOc7B+jYyEzp8lviaYIljjYaynNbVAnvnymKa+Z6h0AdtTS1GRLs7t0dVMqAUYGR9nXWBH3eQjXh26mscbvJUO6hb8n3XEsepTrS7GhBIfo7tOobzuNXbfwoR17pZWu1k4umM+yL5eT7h9hSHuVevswI24NuyP6x+nql3CeDIwMMrqvkYRS5foQ9zQJpSotdRDV+k0adQCTDA9MYG9uo2GhKbc7sF08wbn+UTqiynFWdUoqKdvzaaaD5VRVmxLrQvUiF/UNtB12oAOw2ynra6F3qJJj1XFbJ9Rlo/Qe6WWo8hgLm+YS/5R9hPQHmVBXJdQZcdumby9StBPL6Rtlk58X67pc2rIkIvHLnM4r3M+ayKatT2KZ/dWsrg+S5p904aVrsxOPb7T3CP2uGg47otu1VMcSfc7SRCS+PAYHOfPWAF7bPhaqmfTHnuV+UggOddOn1dN22s5SdndQpXbR2nkB89l9LGX3qPyaJKwV1XsAfidn2sepOXoYW/QOMuSZ9OcyTdnJJi9m6PslSldWM5TjrOsDIVafTABsMKFQiKKioowr/+MVFhayZcsW7t69u6wXA89/PoJye4Z5qrO8RWue+btnyJ/4vyHrSQM/m251w/Vq2JFlvO7OcU+7yxOUZB2vu3P30O4+wdrMADxLBe8ydGMP33puJeHc5uN3v017YTM/+vNGvsENPjh1gHf+5L/xna/lMKMixDqx7jQweGmUmpgBLg335RHKK3fiXfzMz1B7O5cCBsp3wPXxAIa6ZpqrjeB3cqLTi6loHM+UgkKIEDaaTjXFdhAppcJRCv7opSSTTPhKsNdGXxKasewI4AoApkzf+3GeaMetKGj6Heh8Hnwle2i0q/S7dJTpfHgC5UniEic4hqrY2Z/1BbIeq72EoQk/mCbpO9eNa86EpWSKMV8BjoPHaKgI79A/1E57vw90CmghMNXT3FxN/EI8v/MMZ9xWjh3biymqYxka7eNct4tpnQ4IESpycPBYAxW6SYba3+ayd4qQ0kKLArbX2mhYOJWlFSQkdzyTnZ3+QcawJwzGiK8OvdVOydAEfiyUjPZx7rwbxWxFH/Tg1ezsP9ZAhQ7UrgMM6qoIqm6mTXUcffU6b7/nJjSlMdEyCMbdHK3x0Onfy+noq3K1iwMuBz86ZEPtOsDFQBlzSgnGkIexaTsNdRqXLwfYYQzhGVPYc/x45KI+Tb2TrdBouHxO68IrhENFS+VT7eLAoI6qoIp72kTd0WaqS6N+u30n5d5LDAYrYidJfQNcDtqp3B6K2k2GdGMX/vFxUEALhTDsOc7xhNuNoj3C9aXYUHzOK0xVHowaLI3Q2Who8HDJPwmmpD9Nyq+6wHGImrIpBq640RyOtJNGS/WLDdjOznIvlwaDVMQWKgYuB7FXbs/pbpUxdRzrrkNptzHuOcyx4MK+UtUpBeH21BdiSpugZRCwvUZbQ2zLmLI9nxyi/e3LeKdCKC0tKNh4ra1hsV3VjFUcrLfEDMqZrWX4VB/ETwAkqMBW/g6uCai2Ze6LmQ0TqH6wv3aUHVcS+wjW4RP4954mtoo+gMvxIw4ZnZxod6MoGvodOnweHyV7GrGr/bh0Zeh8HgLlTZxqitxxkabeWzTaR0t8O9FczVzKvpEf54lOvGYDE+EDiTkP2eXn0jR9J1C70qSBLbJ/UxHj4wrlJo3xsSmsTadoSlIxZpUGj4ilsqhHTZLG/qF22i8FMIQzFwFDHc3N1WgXWukzHo2arAqv3OfQaWqNafKk2sWBQdjlH2c83PgRMuzh+PFajKN9tLynElosM0Z2H22mutSP88w5nJix6oN4xqYw1Wff7oe0EKBfLKslFjN4x5iK7nuHVHpO9uApsVCu+JmgjLI5SLEEKJE2Hbl7Onzssdk4Kq5p9uO90Epf6dHFyXoA34VWemM+8+G8MkXlQXvCgL7O1sCegZMMju2j0RK5hhiYxmQ1ok34MZYZorZOF8/05W0pCCdn2j1UNTfjiOonpcoz4XQepe/cedxK5Fx6Nez7o/tf4bzhM5Wj83vwFUXyBhBSezjZOxEJ14OvYKn8Zpb8mNKWVb+TM+ecEPlubMpEfXMz4VM5h3fgDEc8UygKhEJgS1EfCLFWZAJgg5mdnc158H9Bfn4+MzMzy5gAmGf+zkXyZ2F+ppr8bMafZ9zk3fsF+biZ5/ezG5z3/5T8+Q8h4Icd2TTO89ydm4N5uDuf5Xj+/F3CP7nLfNaTBrkoxvKNQg78USO3/9uPaLRsBma4PbOZ4pzH7Sv58ze/RXjRv4VvnfxjvvP9EW5/7RvIfQDiUVPg2MPO/j6GghVL16D+QQaCe2iuGqM9cnup70InV4wHaWs2Ry70vVxo7cJpOU0tQGAcbf9ZOiJXZP4kK+6SmyP9G3czfQ8wha7mBzQ7dIRX5n+X/sBR2k6Hu/Levhb6hiex1ZamDsI3js9YSZot4oTwjgcwVhnxDrQzZjvOD/dG6j/vBVr7hpmsqKXUd4HOK0YOdjRjVsK/U7tO0jNo4XjUMsdJVyftbvtix3eR5uZ8t4/qUz+kJhK5oKuT1s4hzh6rprq5DYvzBBeNpzmUywKYRWbMO3q57oeKh/ZoAPGwhbzjBIxVGDU3nd0Bas924IjUByFXJ629Km2RDDbuLeKNto7FSaq2NitdJ/zsPR3Ju6on4/6mzfW0RZbojvYe4Z2Ren5wNrwyNuRq578MjFLbVJG+3onPr3MhgsHg4p/hFVoa7vPd+KpP8cOlAkRnaydDZ49RHT4git5oo8OUbAjTTO2eObovjVETdXeEOnCN8rrDGPsvRj5ycz5TuvkNnOpoi1wUu+lq7WGw8nji3VdpPSL1pdhQfF8EKPtm8hF+vb2BRgA/MBckGAxSFLNFiNinBPtRXQrVzUbQV2LrvoJbc+BIMwOwWL9E/jbX7mGu+xJjNY0slip1gGvldRw29nMx6yObZMJnwLR74e9SqupsnGt/nROWKqpfdVBpNqFTSjFGsnPaOqW5jWq1ixPxE5gLfBfovGJgf1szFh2AhrfvJOd6jXQ0VtPcZsF54iLG04eIb44VY0XCJPuoOo6prCGL4/Qydn07ZmN2fbFQ3Sk67JGKpSKxj6AOZ9jdlI6aHzQTriIGOfPdfgJH2whXEV76WvoYnrRRq09f7y1miYqGxHbCd4HWlGmpBwKMh+o41WFPeI9CVvk5Q98pswDj2kHOtoUnOsJ1didDp47FztdkqPsftUXCsWUxLo0X+qttC/3V8CB1l9PCacdOpnqvEqyuiWw7xLBSzdFs8uS4H8OpDtrCjR/urlZ6Bis5XtNAW1tNQpnRXP0Mmg/TsXAbT8hFZ+sAo44mKmISdBqvx4078kQxzTvMJY+N1xr0EHLRd6mI+raOyERRCFdnCwOj1TRVaLjP9zBdd5aOyEnTvH2cfDvFBMCUB7d7oWGdQr10EfYcx0Lk2A37aWuOTO5pXvpOnqPX2EGjJf1+zNVVaJ1OfDULK/i9uK4aqTkblcE0H18EdlCVNLvrsVp1uCYmQTdI57CZ5o6GyLkL4ur8LlcLaiBjPJPkhXjeIdr73NibjxMzD5Muz9QacJ/vJlC7dPzhc9mL2hY53+MBTKc6aIqE6b94gnO9ZXQ0Kgz0TVF39my4HoqE2zfspyK+bk7a90tyTGnLqhV3/yDmwx0sZbtOWgdGcTSVhsPS9nO2IzIR47/IiXP9jHYk3skmxFqRdwBsMJqmoSjL6wYoioKmZbyiS+IqeffG4MFF8j7P8j0CvhEKHgD3RphPfNR9UrM3h8gD8kI/ZTarX4QIv3Nkjrm7WcYrNBe+AJmbI9uf5GLm43aaP/82f3XlTYrfPcA7H9+GT/6C1g8mlxHaczwXPdJf+gIvfPAxn69WZIVYVSb27NZxxbn0TN5Rp5PS2qqoTqAX19Uiql41R13MmKneNYdbjZSRIhs1UcuxjDU1GD2eqDsI1tJ2rOaFfeux2rdTZl3qxputZUwHp9MHMadhMKUZ8Jr24nG7cbvduN2D9J07SV9wD3ttYN7Xxum9xvCtoUEfY4E5Sq57uQ54XVcpqKpZ7BiDDtuhNo7XLHVgQ2oXbw9u52BzbcJdAZp7BI+1dvECFkDveBW7/xqe5TQLSSjMEVylsMRGELlojuTnwb5znOwLsmevLZzfbN9cvDgC0DkqKb/mZizyd1lNDUnHynMQXT4rbOVst5oXV7fpzFa2T0+jZVPvRBvr56233lr8d2kM0NyMeKzUxhYgXrX7ubZQgMpqqElzQDr7bnaNX2Hx+j84zMD1ndREXfVlm27GpUCpsQXwrFYhzskq1JdiQ5ma3E665m1RYJjzUWUo/K9/MQ8DkYE/B7v0ABaqKn0Mu4JRG6SuXxbp7OzeNc6VpULF8MB1dkYXKoKMXuyhp2fh3xCJbw6YA82wOLgPoKto4HTHWRq/WcrklV5aj7xOS6cTbwiy6sukEW7PayMD1gAK5t2vYvSoOfZ1NHzOM3T7amlMtvp/yrOYfm6Xk64T7Vwt20uVMdu+2AqfsL/dylIVYcW+vYylKsKMtWya4HR29V4qmdOyCFtNssHIQFb5eeV9JwNVe21Lq651dmpsUe1G9H6WmQZrL1NZjE1jr+sqRVWvRvVXwVy9izm3yqSplhpcXI0UdZ/rGiVVu9BnU6bKaljq8uqw19gIeDwp56oVowHNfYkLqo+QBugcHO6IH/wH0Ah4lp797gloQIBAIPyb5o5D2HXhx89Mer1MF+jwXfcv9guqok6aYq5hlyE+/IgpX9Tz5b1MFyho/klCeHFdLaCqNurOHsXM7leNeFRv5v0YK6kuuoZroWIbHWbEVIk9+jgDU0wajAnXBot0BWjMJbnW0OOo3Bn5/wzxBFKXtzC/ZxhviR1bXETS5hnNzYjHxjdjCweV5ddwLxSOnbUxiznC144qXgwYjV4u97nwToZzinnf2eR3TSbr+yU5pvRlVcFo0HBfuoDqCxHOdofpaKqI5OtwWIvpZ6yhxujBsz4XuUIAcgfAhpOXl7eiCYC8vGzmfOaZ/ec2Cr78/uIMUTijjFFw81m4CWDgQWEH2s5Xw8/4n/Ez+4uDFM78fWxQD75Hoft7kT/szD/1l1BhDK+8D6hon/0ZivYLgKXn/s+/TuHPXo/88YfMPddGgVkPzDMd/A13ZuZ5EBfjuXsBfn0v8kdeIcVbn6IoH5ifJvibO8zMJ/yCe4Ffs/STYrY+VbTiOwJu3/gVjldeprgYvtV+luBvNJEAACAASURBVI/e/DPepBBejtuw0MCN8V9B3DrhO7Oxb4aJmQiZuc1M+Quy+v8h0SY/5eNPfNy6B1u2mvjayy9RGimK87d9/EIdw39HQ3nSiOXlr2PSJftdGTb7b7N1Td4/8fDpHN+k/Mgl3HsPYw8NcXm8koZGhaW3ck0RmPr/2bv7oKiufOH3X2j6hZamW7qFBumxgwi+QMIJIRm5UcnhFHryyDxJmBsr5qTC1MlozUy08oRkZmImx3hyRpNnQu480cpUPLkVrCm1JnUw3oN3xnCLCcY8MInpHBJ8AxXboNACjUBD069w/+gGmtduoEEx61OVit27996rm/1ba+211l7LQu1bL1M1Zl/90Mi7WP3oiqNaTWzPOXrmOvEhilIHz3/7u0OdeCCWtMd/xZPpOqSAu7mKP7xbQVO0njSDgZSAkf091h706VMMrffUUPbvsPa1n4/ccAew9nSQkDJ2fzX62A56rDD5XcF0RBHCzyPcpWLTHudXT6ajk4KlrgPqDvHyy2M/lMX6oX+q52GZ3ygp0lDynUBriodH2w+z9NCRkDIuTNT6WDp6rKAEYtVB1i5IYVN+N28dayZni4GGj0+ifnwvBqwMPetg7Zn+7zachvAEcViFkl8KC4def9PXyBTsUksopORfx3ZE1/He9prhV8013xC15jno7qYb0K5Zg+VEHd0bNkwQR26aG5pJ++nvxz2xk7Ipn+63jtGcswVDw8ecVD/OXgNYhx8gUqJLyyJruC9KS+yEifb4GgkDL1mpmpSMfFIy8tmCm+Zjb/LmB1p+v1M6vTxljAnL82nXdeycLfs3Dlk38tpr46cCHEeqZf1P9/Jzgxqom35dbE746gyh5HuTCf5bxqKf8IvoQ7qeg9Wdgk/cETXuMyN59ujzzPQ3mG+BZb3/nVG/cY+1B0vtW77prwLpNwNqHsiF0loL+Zvs1HylZ/1eNXA1hGtyTBmr1hPb0cOkpV/K0/zuN3VUfXyYN8ss9GjTKHy6mPxxleTxawBwtowXyk6R9essmg+X8sGZfrQpaegTUkZG91snqhfoSUlm4gWEx80xP7QGWDH2Hj3jL+NYes71hHAeNes36XnZv87Q2a/qSFtfPPqpEb0evbWGyS73bksPynui6WmaIJ4MKSScAd893BTp9FWEJok3fzIKX+Pnljd44w1GPak85TVj7aGDOg6NDw6yhoNjTF1jOA9Qs6FkLyk1J/n4Dx/TZJWiz3mc557OGf+k9kR1P/95Ar9TsFhNefp3/Kauio8Pv0mZpQdtWiFPF+f7783G/j5q1LE9nLtTbnKF7wXRAbDADAwMzPgpALfbzcDAQAiflCBb/Wu8rX+Ht+kFJINjlyvPwat5j4GMZSON9nI9spz/wHX2NaRdHxAx9pARz+E27kG6NCDd2iyk2nJcX7+MzH58gmTsw5VajGzJUGuphGi1Fll/F7dsLib6JpEyFWpN9EgxIIlGrZXR33ULm2vCPZCp1Giiw3OTqkpKxGRqgMx0IIm811/BWvxjytOsjGrsT19L4Z4DVLTsp3BorYCOGo4cyWDjkaEPlfNJzfNk5/rmDnKaqjlbUIQxLCkVpqXjv/j0TA9J2evJ0YL1whfUf6vhkexE8Jr54vNGpKse4h+MSuwX/kbN5/9FdMHfoev+llNnbqH372ep+4y/1Uh4ZF0Kitv9neZEBps2fcR7VRb03Z/Axl+NmQ44Fm2slk0lE0y7AZPUmEOlJVbXT/Okbe/BtoeJXo/0MwtuUiZ+ZDs6hTU5ORNUwJs59odTJJf8np1DG7tPUUe3/7BaLBYLk96pRuVSXNLN4dJ30f9q56h5NQG0sTpu1o3dvwNLj460yUYrTUsHFquS6OjgnxTuFtGkrMkhZ4JLUhurgzXrJ7mZCugTDOJm0+jbVbfdM/mHJxUk3wmFNhbdzTrGRZClB900Aki9vpDk3RXUbcrhs3Nr2Fg8OpcI1+8W3B2SXwoLyj1r7qHs3FnIGT9ZwdmyF/hI/2v+NaQp5Jqp+aabHvcf+LfagLftFuq6N/inRhmdv+REN/LCx5/RnZU/phFwPYXJu6mo20TOZ+dYs3FMwxdS9BkTlbmB9Gj1zTQ145tTo/ssx056yN+SFXAuKYbCTaS/YcVK2qzylFht7PjyvNuKNXayzomxOqh59y0+jn6S35RMPtqW2DXk5EzcoBWeuthNRmfRbmaSRQfL96YS7Lec6quEcj2/FrTuFOw36GfsmJDu4XJjJHWz+Q3m3uRl/URitbFoN5VMPP0VwAPrUb51iuZ7+qk1rOUJKQS9JmdY+El1WWz6aRabALelitI3PiD29ztHj46fSEoaBnsPPWcO8UF34ciULUBDWYXvHxPWCyw0XQ+lYwhAzT0p0NAfizbWwvjL2EqsNha09qDnkeb8PVmH/8oZu4czdVmsLx57rntYc08ZE1/uZ6mt05LzuJpYywTx1NzETfT4/kZTpDNE+k2v8RqjOwGmvGbcNehYw/rfjZ8SDfBdGx7faPvhP2t3Nz3D+akaQ+4WduZuAXc3dYff4p0/6dm7ZRoL1gQIHqtSdFmb+GnWJsCNpaqUNz6I5fc7Z3Y+QQg3MQXQAjPzaXymv36AJHEjkqz/xdiZcryao0gylk3QuCVBlrEXT9xzY95/BlfG3tGN/8PUyO7/Ay7l349+O3Ifrvv/OaDxP+As0Rp0i+XjLt5IuQZdYON/QLqiNToWy8ftgVyjC1vjP4A8exvPW/dRVFTC3v17KSkqobLgfZ63vsP++sC5kNIpfrsI00sbKSrZS+muYoq2nyC9tITs4bUCCpCbtlO8q5TSXcVsPWRk91PpE5xVmGvmxhaiUx8mI16BRKIgPmODr/Ef4Fozt9Rp5BjVSJGiXpWDQdrOtQ7oaLLA0qzh/ZZmr0HXe2OCx8/vHvr8QnQn36S0No3N4x5JTyH3AQ8nj9WNLM7nbubYG7s43DDbKSykrLlPS+3JMwxPItBRxclza8hZE8r2MNGvIa2pjuCzl49lp9+uRh9Qh7ZUfcbQsp36nPvwnDxGnX3k82fee5k3T41MN6BM2ULJzxKoequUU2PueqU5a1lzroKTAe931/yVMylrg98IhcLdSKM7i/R5GNQt3PkmvN7OvMfLb54i5Anx7llD2rlaRmYFsVBVNf3ICku+I81h7ZpzVIwOIP56JoW10wkgaRaF912nbPdhujc9ztgSfXa/mxvL2bNYQvpKd0h+KSwo6g2Pk1X3Ae/WjL4au8+8xwd1a3gyP8QWwuYavol9kj2/+x2/C/ivZH0Pn33VPfE+GY9TSAUfnx27QUpW4X1cL9vN4e5NPD7DanLaGi3nGv2Bp9ahPFfGoZqOUdOLWKpO0qDTog0xT/F1YI6XkvvAmPLcTdOJKvofyA2+eKi7mZNv7KYq4Wfs+ekUjf9TCk9d7J41aZyrrRnJIyxVzCSLnk2+N5vfMpTrOVjdKfhv0EPtyYDfubuGTyYoN4L9Bm57t+8JFdzYu32Nnbjt/vfuLBP9TZqPvcGuww2+dKtzWa//hrKP6khbn+O/bw/HNXmdpoDfz3LyDXYdbhqOYak+Ab3Ujj1ox7ab5pNVNOm0KO12pGrtSIO+/QxVdf7Hifz1gpNVI9ePve4Yn40dNznZWbrPcPKMEq12ou/exImqfh7ITQnxPBnkr7VQUVpBY9baCeaTV7Ph8SzqPniX0Zd7N2fe+4C6NY+zXu3/2312kobhhFg4efIb/7+DpHMa9Jte47WcM5SWnsJCkGtmwvrXGd57+U2Gb4HOVVFlGdm36cQn9DyQS4r7LP/+wrsj9UipmnsM0dj7Zz66YepYtXDyjV0cbhq+6tAn6JHa7SEsSj86trv9we2224MvySQI0yCeAFhgZDJZiKP4x/N6vdN/cqD13LhpcSTO81Mu7DvYf3rMO18SafGCerI9Oohw/3X0WwNfEHHrnyd/LNPhHfcEwIDXgRfZpOlyeMftgdfhBVk452PRkVtSRu7zNmwukO1Q4WvPf5/csR9NyuP1I3k4bTZcyCgZt0qwioIdZZQ4bdhcE20X5ovbK0WpttN6oZFrtwaIWZZG+lK1r9Kaso7/Nkm9R/d3BfzDfCb0TiDNYfPajylTb5pwQSPDlhd58r232PXCYaRScNvB8GQJJenSWT4BAOoNO3nu+pvs+sVHKJVgt0eT+7NfDzdwB9seHuk8kPUH/nrGTda0DpzOpsdPULr7TerSYulpvgq5T7LR99wtGLaw8/FSSl9+gcNK/w+X9jS/2qAb9bspU7bw653HePONN7D++tc8MTQnuTSH50qaKH3jF1QplYAde3QuP/t1zsRPKkxT92dVdOT+9A6chES4LfzX27tvvkCVVMrI9bYBHXA9lGOoN/D0k19RuusFPlZKASlr8teTMIO5UqfMd0L7QuQ8V0JT6Rv8okrpW2R4hvmHoXAzKbV1rF8/QdPdrH43K3UffQQ/zwhpVPKdkV8KC0s6xXue43Dpbn7xkdK3QKLbjj02h+LfFE8wt/bEmmq+Inbtb8Y1Xhty76O/7Cu68yfqZVKzvjCNl0+cojtjTCu/oZDNKbXUrV8/42lr1Fk5SN86RfOmLRjQs+nXz2F9czcvBH5P/XpKdvrKzKB5StYTPF7xBr94+SOUWc/yu6cDakSGLbz45Hu8FVieG56kpCT4CFFL1b/z8XUPXH+L/xF463Tfz3h/GqPHw1EXU294mie/KmXXCx/7fiPpGvLXJ0x/zaYg+V6QLzLFbxnsi4RyPU9ddwr+G2hJU1ax+4XDIJ0iHw3yG9SV/ZJjKXv41/wmPvhlHevf/zmxx3ZTpp5ipP3tMvQ32fUCh6WBf5N0f31TSs5aPYcOx/J4VuBuU1yTQZ8A0LP+iXvY/cYL1CoNbP5VCRvWP81975bywgtaDHop1mYLsYWvUTwuk7jJx7u38/Hw6yhi1xRS8lwOWmksWbtL+Zd3szBgobHDwJOP30dFv/97PPczGt/czS9OKlHixh27ifX3TXLdffMHtm8PeB2VwNriF9liAPzf/eUXDqMM/O6G0M9j2JSP9K9VrC2epBc0vZg9zx2mdPcv+Eip9E09arcTm1PMb4r9c9QbtrBzo+9ew5cQSNs0Uu8yTJnO6dFveo0S3qD0XSm/2jn1NZPzXAlN777JC1VSpIzE0YahilGaAct7L/By/9g8wMDjT37GW7t+wcd6A1q3heb+Nfx0zywGVAaJ1fVP38e7pS/wgtaAXmql2RJL4WvFqIPmR+co++UxUvb8K/lNH/DLuvW8//NYju0uQz2bJ1gFYYyI/v7+sZOjC3NEoQjPpB/t7e2o1eppjeZ3uVx0d3ezZMmSaZ3LZVqHzPEg7oRfgroVml5F6vkHXA/8D9/c/+N8ged/FyOJehV3yhbo/hOSm79FovgQb/YknQbt/8lAw7+A/H/iWf0IXNtPVOeboPqWyPsmzu1snW30eyKRRscQI3XT29uPeyAKhTaO2AlPYqOzrR9PpJTomBik7l56+90MRCnQxsXOeu7/8OugYschjPtLyLzdSRG4dPr/pbFXSqxhDau0bq41XsCqvJf8nKVjrh0vtks1fH41hpyCvxtz4+Km1fQpdfbUsE0B5HD4VrEIV94yr9x2uu2gVCvD0gA9rWPP5bkBLCf5l3e7Kd67JfhovgnT5kaqVPtuJsd/ALsv8ZNsD3oC3wgTqRL1zA4wwSHreO/lz8j5XQiPVQvfM2G43sIZr2E4lm8kpnTu8g/fWWb0u7lrjlGV8sT0bhRvd34pLExBy6qFxk3dey/zWdZeduYGTOAR7HsGjR83bql0ktiZbXkeBuHKEwlHnWI25cUsf8sQ616TpW3i38DCyX95D37+r2zShvo7z0Ed7baZ4d9kVtekG7dbyqjxjmHIq4Jd42GLgSDffcrzdFfxRqmbn45bf2WS40xVj7lt9YKpr5kJ0133Httrcnn/51lT/D5zEVch5AlzXle8Mwy1Rwhzz+VyBf9QEOIJgAUoLi6O9vZ29PrQ7/CsVivx8fHTO5GzjoiI13BlFSBbBJAAS47jOv/vRDR7IXV8s7n38new+CSe1f71AZb8EySuw9XwJTh/iGSCTgNXezsR+k+ITE3w7bP6Rbztf8/A9W/xoGdcN4fXhhc5qsVqfLP3KFisUNDfbcNp94JqgnTZvCBXsVjtnyJIsRiFop9um5NJdrntVNrE250EYdgASsPDrMvw3RTqEuWc+cs5znUv5d7hkSRe2r79DJMlhoyHxzb+2zHXnOKC28APH75b5/+fJqmSOVsDNNix5/LcAPpN/PyBf+G9PzXz2hbD9Cp+QdMmRTmrxM92/7HcnC07TM/jvxGN/8IEwnC9hTNew3AsqTLYYr/hMJPfzY3VsJ5QZ2EZOdVtzi+Fhemuuy6kZBU/Tc2/fcCZNTvJGfpus42PSRv/fecMb3k8A3dUnjib32OWv+Us615Bf4OQf+c74JoImxl+l1ldk2Ma/2d9vKFDTP33DVsMBEnrVOex1J6CDSUhPYk76+t1zvL/2cXZ5NvnIq5mmScIwm0iOgAWIIlEgk6no7W1Fa1WO+WTAC6Xi87OTpYsWYJEMs1WbnkW0vvHvilFtvrnk6ct9f8c/+aiZcjuXzbpPrLV/zz+OEuykEz2sIJEhSZufLqi1XFMtv6kRKVh/C7RqOPu1BUrdeS9vvV2J0IYFkXM4sAlneLRKOvpGZ6Uz02r6RR1PfFk599LfGCoeW1cqvmcq5JVbNhgDHFhKGGh0z9RQoldfdeP+gApGU/+hpS75oZVEBYqKXpD0AkzBEGYjDKH4l+loRTFmSAIC0ozpz5Tsv5XIvMSBGFqYgqgeRTuaTq8Xi+dnZ0oFAokEglSqXR4kWCXy4XX68XpdBIXFzf9xn9BEIY5Lpzi044kNqxbgRLwtpmoMrlZ9Y8/xIAdc83nXPDew8O5K0Y/TeJt49vPTLTFZrEhOzHsjcELegogQRAEQRAEQbhLue12UN79U4AIt5sb36X2PbzS3Ha63dK7YMqshUtMATR/wjEFkOgAmEdz1UjX19eHy+XC7XYTGRnJwMAAMpkMmUyGUinGGwvC7Nkx/+1zzt2SEqN002uXYshez73xErh0moqLXURGRRE5/HkFS3MeIelaJbUtbiKjIgO2LWbVP/4QYxhSJToABEEQBEEQBEEQBEGYb6IDYP6IDoAFRjTSCcLC5nXY6HVK7pgFfUQHgCAIgiAIgiAIgiAI8010AMwfsQiwIAjCPJIoVKhFW7sgCIIgCIIgCIIgCIKwQEQG/4ggCIIgCIIgCIIgCIIgCIIgCAuN6AAQBEEQBEEQBEEQBEEQBEEQhLuQ6AAQBEEQBEEQBEEQBEEQBEEQhLuQ6AAQBEEQBEEQBEEQBEEQBEEQhLuQ6AAQBEEQBEEQBEEQBEEQBEEQhLuQ6AAQBEEQBEEQBEEQBEEQBEEQhLuQ6AAQBEEQBEEQBEEQBEEQBEEQhLtQ1O1OgCAIgiAIc8/lctHY2IjT6bzdSZkRuVxOWloaMpnsdidFEBaEhR7zIOJeEGbqboh/EHmAIExloce5iG9BmF+iA0AQBEEQvgcuXbqEwWBArVbf7qTMSFdXF42NjWRkZNzupAjCgtDY2EhycjIajeZ2J2XGRNwLwszcDfEPIg8QhKks9DgX8S0I80tMASQIgiAI3wMOh2PBNv4DaDSaBTvCSRBuB6fTuWAbBYaIuBeEmbkb4h9EHiAIU1nocS7iWxDml+gAEARBEARBEARBEARBEARBEIS7kOgAEARBEARBEARBEARBEARBEIS7kFgD4C7Q19eHy+XC7XYTGRnJwMAAUqkUmUzGokWLbnfyBEEQhDBw2my4AGQqVPLbnRpBEOaaiHlBWICcNmy+wEU1SeCGFNv+48hUKkT4C8ICFTSOndh8HxDlvCAIc050ACxgHo+HW7duoVAokMvlxMTEIJVKcbvduN1uvF4v7e3txMXFIZFIbndyBUEQwsiDo7cfT1Q0MYqJijI3dpsDFCqU0uBH66jYwaY9tWPejSHjiVfYu2sjSbNNbn0pD/zk6Jg317L75H4KdQAdmMpepeSAiV6e4sOvSsgc+pizgSM7t/OOqdf/hoy0zXt5+/W82adLEO4GHge9/W4iF0S811P6wE8YuxXgqQ+/oiQTcNaz/yfbOdToGk7bhlfK2FtkFA2BgjDMV84PSCerB4w253GPk4YjO9n+jomh0jom+0Xef3cr6UOBG0p57mzgyEs7OVBr9XUSxGTzfOlvKc7WzTqFgnCncNttOAakRMcoxjVITbVteiYub2XatTz/9l62ZqpmdXSADlMZr5YcwNQbUIZDSHHcUr2XXa8f42wv+PKCV9j7SiFGUdALgjBHRAfAAuXxeOjo6CAuLg6ZTDZqm1QqRSr13QHL5XLa2tpYsmQJUVHizz0vbPWU7ztAudlGYvaz7Hh+4/iCvKWacms2RWMqHrb6ckzaIvJEq56wgDSfN9HmiCDC/3pwcJCoRQksX5lMzMyOyHlTG46IiJG3pBpSMlPQAJ6OJi58dws3EcAgSBfzg1Up6PxZXO/1i1y+2cdARAQMDhK5KIHUkNKSyNonCkjzh6WrtZbyY6+yPclIRXH6jL7JEKfNOe74kDScN9SXbmL7URkyGeAK3NNG9Z6f8I5JxoYX36U4U0VLdSl7Dr3EDuNhymeZrqFzmE9XUn1BxtpthaQDDRUH+dwqY7jr2PAwxfmpOM1VHD/dhVxmx2koYEtugv8DHlpOn+CCYTP5xtFljf1yFcc/b8arUiGz2XBplpNXsA6DEqCDmj9V0qrSsDzrUZKb/8RfzEq06dk8miUywjtXJ5fqrtIzEBj3kcgXJ7MyRTf9ymVXE/VNXbgD3hocVBCfvRpD83lMbQ5GZwcpZKb4Fr3rvX6Ry212IqRSBl0uImKSWZ6ecAfHu5bsZ58lsObWajpE5dlEtDIAJ6bS7RxqTGTzK7soSnNiOvgSB/bt4GhGBWEJeftlqo5/ToskGvq9JD38GPmpSrq+KOf4Bdvwx7wuGWlPbGWdroO643+hARVem4zsokdJV/o/ZDvPn6tt5BY+xKhlCG9+wfHKC3TJVKhcNmyyeB7c+Cir/R9yXv4z5SYvmoQ01q2VcPqjL3Fpk1i1Lo/02bfJCHNhbCwODjIYtYiE5StJnklhf/0iX7fZA94YZDAylnuyVhAXSj3gehdeiZQItwuvTEvKSiOaoJnP3MW9rXoPP3nHROLmV9hblIa8sZy9+97hJ3uS+GRvHqqQyvMOPnnpJ7xTm8iGF19kq7GXigOlHNj+Eqr/LKMonMVix2mOfK7hsccyGQrn0XmDC+2Dj/HoahUg8oDvpzCX9QCeDpouXKfLK0Ea4cblVRCfthpDTJBtQfKEKWUU8Gx2ov+FjbPlx3jnJ6+j/bSUjbO51upL2bT9qL8tJrDyHjyOnfX72fHSMVoznmL3tjxkjQfZd2APW2VJfLorOyyd/TbzaSqrLyBbu43CdCYt+3GaqTp+mi65DLvTQMGWXIZr9y2nOXHBwOZ84+i/t4hvQViQRIvwAjTU+K/X64N+ViaTkZiYiMViYcmSJeJJgDnXQvmOgzhfeZsj6SpsDeXsO1jP7h2Zowtyq4lqc8a4DgCnuRoTogNAWHiil9zPaoP/hcfGtYuXuNqkJjNlBrW8LiduSSzGrBXEjdvYzpXrNhSGe8lcIgXctDec4/qVdnTpS8BxDXPbAIvT7mOZKmo4LeZrOjKWKYKc2EjBth3+EfkAxWQ4H+HVg5XUF6f7RuR3mCg/VE6lyQzGtTzxbDEbQ6jJ2qytExw/8NTP8v7JIlr2/IhRAxRtJiorXcie2M/erb4bgszM/WAek67ZuFzHeW0GxpjG4be8JPJwsa8zYEQXJpOH7GeKSMVJ/fHjfGHbwkMqO83VFdRI1lE0pvGfm6c5/qWMvH8qJsm/ydNymvKKGvK35KLruIBZmc3WR9OBLmqqlWRvLWT1bL+TMA8kxBqzWDEUpO52Gs59x2WLjpXBqyejaVLIvD/gdXsDdTcVLAG6nG4ksUayVozPDXzx7mHxinuH49184RLXr2tZmRysinu74j2JvB07yBt+3UBZ4SEqM4opSAew0dLqgoytbCvKJgnI3FbEgdqjmBo7KE6f7ShgJ/WVXyLLL+aZBIAWqv9YSb3hMTIfKqL4IQB/TMvyWKcDLn9JQ2IhWx7SQEs1R06bSd9ohK56jv/ZTFph4egGGPt5KirbSHusmNVDP5ftPBUVf0ZW9CipcjBf6MKQv9V//D/TZcxn67oEhDtc9BLuHynssV27yKWrTagzU5h2aZ+8kvuT/f/uvc7Fyx2gS/SV+0HrAT3IlmaS7q8H3Gw4xzVzN5pUdZCTzlXcO6mvqcTFE5S8UkSur7Bml/kE249WYnoljzxCKM9bajlW6yLtxVJKtxoByM6MwfbIq5RVNlAUlh5An8smM9qsZ0Ya/3FSX1mLJK+YZ5IAbnL6SCV1hiKyboo84PsrjGU90H7lOj2KZO5d4etA6L12lsarTWgyU3BMsU01ZZ4QROZT7NgRUFsuSKLw6QOcqOlg40YdYKPhkwrKK09wtjWRjCJf+Ru8tDXy7PsnKWrZw48CK+8hxPHZykNcYzPvvl/iyy9y38dIIU8fKKd2RzZ5s24kv0zdeS0Zxhh8tfvJy36DyYQn+xmKUsFZf5zjX9jY8pAKe3M1FTUS1hWNafwX8S0IC5boAFiAbt26RVzc9Iq+uLg4Ojs7WbJkycxO6vwbrqs5yFaG3oHgvXgK7z0bkE2jC9ve0wOxsQGV0WAn6aGnbxGxsdNIV08PfYtimcYu02DFrCrgWf+Ngiq9iL0zqqs7aalvRZZoo7ayGrNVS1pBYUgND4Jw20WpWKZWYLJ1ASrovU7D1Q56XV6IkCBXJWJcMcUI3YFBBqNkxE60rbOLfomalUuG5vmQsiQpFsuVLjpZQlx7H65Fh1KFsQAAIABJREFUWl9j4FBadEq+7mwHDBMdcQoqdEmAyz+qx1bNrh+9RKUsg4ICIy2njvJq5VFOvf0Je0OqqSeidTVgMvVCTCIZ6UnDHYOZRTuADlrG7uK0YQOyM5cFdCKqSApM12ylruNROjhdN/RGB1YbxAMep5Mo+dCZJSjpp98OKPuxOeWoZAGN/+uSxlUqzHVmtA8+M9z4DxCVtI5szR8xnZPQe6aRXlcjZWW+GyevywVlZXzpf+JAWECkS1iy6Abf2TpBH0uH+SI3Op14BiEiKhrtsjSWBR+eC3i4bu1Dpl6OArAPDhIlmzA3gPY+nAo1GQHxnhwr42x/F4Rw6z7a/MV7IKepnIOtsOH5Av8UICqSEmVQW8FR01q2pUF9RQ2QSHZaeKYAic9Yh3H4PjyJRI2dNhv4Emin4c/HOavNZ8tD/g/J5fgCX4PHbge5bFTD3+oxP4etvh572sbR76tWs255PZ/U2aC3nM9bXXCijCsAXhcu2ii7omLVY0U8FHQ4p3BniEK1TI3CZKMLUE23rPfzdJm52NSNdGkq6Qn+T09VD+jqxsEiDAH1gATtIlotXXhQT/PmNlxxLyd311d8tWuibTacTt//g5bnNistQJIq4BkhmQot0GoNU5kP0PUFpq40NhpHp7PLriFxeBBSAqsMTr68CVkiDxCGjCrr4/B0mLl4oxOnr7AnWruMtGWaSeLQhiNyEVr9yNMDMcN5iA0m3QaqqfKE6VJpfeWtP6Qayop5+kAr2rWb2ZBoonLfdo4deZ7D5cVMeRufWcQOoGNs5T1oHNuwWQFUyAMqBnKVyrfNCdPvUR0rlXWPQsdI5X7Sst+ohH5f5Z5+mxO5ShbQ+L9uVB0eRHwLwkImOgAWGLvdTnR09Lhpf4KRyWQoFAr6+vpmtDCw11yL1ObEywZCazf34u17A8nVhyHkToN+XC4ng3ZQhtgD4O3z4HD3sYjYkNPV53Hg7lvE3PQAJJLBQU61FM7yMV0bpoNbKZWV8P4rxeTRQuWe7ezf9iE7MsXEgMKdz+H1EhEpBRxcM7fhjk0je1kMuDtpumjGfE099Yj8QQfms9/Q4/IikcWiN6aSEANERhDhdWMHhvd2e/EG7up14WGkgPO4Bxic9jdw0tFwgrJyYEMGRgCziUoXPLG/jF3ZwK56juyqxOq04mTqRfp6XVaglp0/Ojb8nizjeT58v3hkbuA7ipUv//gnLmiisLV5MBQUkmdQkZWfxp8rjlDvlZDwYD6G2skb/6GDZqsGw8bxR0/QyDD1rmbLZhdHauPZWuib+uD0kVrit4598kBYKNwDA0ikUmi/wvUuOcn3ZqCL8mCzXOGK+QrKrHSCDkNw3KDLrkSTOnJFDTrMnP2mB5dXgixWjzF18kbFqMhIvO7+aab8dsW7jeojx3DJnmDrcOOinOyi51l27B2Obv/RyNzFBW9TFJbAkJOQGtgZ2kJrlxKt//RdX/yFz9u8yKzVVGkLfdMDGNaSa67kyBE7KJeT97B10oY/gJY2F0kPjr/D1yRocDVYSd1YjNd+hLa1/tGBDRUcaVvL1nVijvMFx+HFGxGJdKZlfWcTF8y3cEtiiIkcHFV2T1oPGBgcX6ZHAh4XPTCN0cHhjftxR68vZe9RYG0B2TqgI4SdjJmslcGxsjJqskvITXJRf/Qgx4LvOS0tdVdQZhWhoYvzX9zE8FD6pO2NXi8iDxBGGS7raefK9S7kyfeSoYvCY7Nw5YqZK8os0ics7FUYVoy5YHq9eCMkyFCRMOk2v8nyhOlwtlBTVoaJRJ5P8wVmo+kaZLzCh/uLSAK2fVLKwUYZvR1MfywBhBDHKtKyM6CynLLyzaQVpSMzf8LBskZg7QxOGIrJy35VVj5pf67gSL0XScKD5BtqJ238BxHfgrCQiQ6ABcblck278X+IRCLB6XTOoAPAi7f3GBIXeJ0bkIRS+3WeIdLxLRLO4OWHoTXO9zvxDAyCqx+U0SGlq8/jAS/0eUNsz/f24dulD2/InQbToSI9T8b2Hxdj+/B9itPlgNM3UnbajXxreeX1Iv88eekU7X6KHe/UYsvMm/2gAEEIswGvDZsNwEmf1Up75wCxRj3gAGDQ68DujkEpjSNlpRJHxBQNAnYvXreHqB+sIFMTSff1y3zXeJHBe1ei1+iJkzXS3GBBkqJD3tfBteYevENjghLjie38jovmaFKT1Qx03aCpvR8UoURNLXs2PcCewLdka9ldstEXc8ZsCmRHObY9j8aCQgo3bCZvdwlJIcR24toSdj/bgLaoiNwkMFe8xNY9B9hVnkf5VmPwA8wrHZkPPkxaaqpvDlD7eSrKa2l+Jh+DZjWPblnN8BQhknU8arzCiT9W4tSsIjf/If/c/sF5vd7gHxLuaAMuf9x77XR1WrH2KdCuVoENYABPrwOPRoFKv5yVmkGCTcIF0H29C8+iJIZm8LF7vbg9UfxgRSaayG6uX/6OxouD3LtSP8tK7B0Q7x3VnDgFic8XkT18XBvVhw5wjWVseHEbW40uqg/u42hlKQefWktJOAcB2JuprjiNc+1jDB1W81AR//wQ4Gmm6qh/aiC5EsO6x9gKAaN+18LpP1FmjcKQnU/+6tCG9Hm9nvClX5h/A15svsIeZ58Va3snA7FG9MA1plnWA8TGoV8ah0Jio6X1Eue6jdyXGjd1PWBWX2Du4j5QR81etu88xrVlT/Du7sLQ2xDl2ZS8/xSmnxwd6UCMiSEGhhcWnjVnPV82J/FgnhywYW1rI57JOwB8RB7wfTZpWe+v4w94enF4NChUepav1DAYSmEP4G7n0hUraFIZNznM2G1T5QnBKgNHf8IDY1YCXvbUhzyVDqAjLXsZHNjHjzdWs/nZAjbmbmPXbBYHCCGOk4r2srv6x+zZ9zSP7AOQERMzszaeaRtX9mtY/egWVsPIyP9HjVw58UcqnRpW5ebzUIiVexHfgnBnEx0AC4zb7Z7RCH7wLQ7c2zuT6uNXRDoaYPAYkeadkB5Cs3lzLVGDgKMWr/OHIXUaOJweBgA8TvqJJngXgB2PB8CDJ9QeALsH3y6e0DsNpsFpKqXEvJX/+ERL5evb2b91PztkB9llfpb9E078PZUkkgLrHjojxspKzHvzZj/ntyCEUVs/0N9Io3X0+66rJkxX/S+c17hw69q0jmu9dgHr8C5Obnxj4sbw1htc/vZGwKd7uGoycXVkZ84Fpqe/jeBTAKXx1G9LyNOBs76Mlw7Usnb3bgqHnuZR5bH3k/9gc+URyssrKa08ikuWxrPvB38yR56UTeGO7OHXxsISSo7+mH219XRsNc5ogNFc0qQGTL+jXE2apg5zBxh0ENj4X/Sglb/8RUX+M8VEt1RTftrMluE5BXQkarq43gKrxzwRdbPLhTZdPAO8UJmGAvtGI41jtrWdM9Hm//eNK+e4wUx8h8n0XcBrK9cuWBnJDm7wjWnoyP2YTG2jd6efhRDvLafKqSWDVwoChvb71/3giRL2bs1FDmRnymh55FWOVjZSkhmmGoDtPH8+Xo8q/0k2TjTEL8pAWtJpGgOzzsD5vk3lXMgsotjQz/mKKr4wPMZD/jpLglbChTYnJIz+nbpudhGtFXMAL1QmX2FP4/jCHpPJ/+8ZlPXjjzVckk9ZDxhV5ge8F5edzeTmLu6H0mguf4mt+2oh43kOz+ApP3lmCeWfFlHfaMVFDIkZvRz9P7ZzNPiuIWmprcOb9o+obDZs9OL1eum1O9GF0r4n8oDvlVDLem5c4dzMCnufW5dH8pAg2ybKE/RTxjyw4UXe35oOtPDJ3j0c632W10tG1udLLy7nZHYFR4+eoPrgHo69s4eYDb/lSOlGZvpAf/A4TqJw/6dkN5yltRdk2jS09bv40Z4pDhoOU5T9I9P+PIj1L39Blf8MxdEtVJefxrxlI0O1exHfgrBwiQ6ABSYyMhKpVBr8gxOQSqVERkaG8EkvrvO/I6rzHYY+7btQGohqT4R2AC2Dst/jvm+jb45/pwXXtz9D5vzfow81uA/ZmX3+Fzl4Nf83ZOh9I++dNm7Z+nEPjDn9gAtbW5tvACGRREWriFPJAS/93V30Or3jHv31OKy0OfwvImWoFmuIlgDefrq7enF6x+2Bw9rGyC4qFmuiZ/1EgK2lldyCbFQqKCrdS/XrL/E6MhhbL5FpaWlsZexzhb5pA0aMmu3TacOZZhSj/28LL7bmb6lrsNDrlhKjTyfrXgMqCeC9wbdfXBs1MkuqX0NOim8hOnfHBUz1zdxygGLxPWTlrGDxXbYWd3w02FTZw4sA95rrabRrWL3aMG7Er9veQfOV7+hbtGLyBYLdduwoUQZkdR2X6miVriTTOMGwIlsT9Ve8LJ1sYTDLRb7uDKXjVEtadrbvUf3sGLZV1HLgwAkaNvrnAHV2YDbbMG7eRWnRLrCZKN26nUMHK3lq/1Qj/GyYa6qpaDWyrch/w+G00mAGjEGmFJCrUAHV9Y04C3X+z3ZgNgMzfBosKE8DFR+1kr01z3fjYz9PY1cCWWMb/9clEdVlxqsy+PKlpHiUJvuoQ6Wujufz6tPc3LpuZHTXzdN8aTVSYCS0KRGEO0529j1cqvsOfjC0MKCHmw1naY38wfjFej0OujquYW4ZRH//1KN3Pdcv8m1XNKszlg3nHW67b17Akeygg0t1rUhXZmJsP4/JpiJ79Uhjv+faWc66QhkjfLvjvYHKsrOw4bcUBLYwOJ2++o9cPq3pRqbl5heUV7WSVriFzIB+uJs1f+bK8kfJTQDooqVDQsyD/o1j5vu+bJeg1UYBKrQasNoZnrNYs3o5zuOVNCwvJH2oUdHewOlGJVlPilrMQpUdHz063nrN1Dfa0axejWFM0RxSWT9OM+dNNlTZqzFMVQ/QXOcb8yCGwDK/4xJ1FhkZGcuCnGOu4h7Ahmn/dnYcakS2YTdHSgtHNx5OpzxXGcnM9je3tZRTDyRqw1Pmq5Zns8rWRnOzL802p42bLV0kpmrQKG203YT0BICbXGiWEJ/l31HkAd870yrr8eDo6uCauYVB/f1TLhDsW/eji6j4VFYmx4S2bYo8IaikTLKzM4Fs0nbUcuKlQ5R9UkzpRhXgxNZi5poqjx17C9kBtJTv4Ef7XuVo/UZKZtPnHjSO5SSlZ/vzCSemIyYgbwazBoRokrIfGDPnfxdmrwqDr3JPvNJEYO1exLcgLFyiA2CBGRgYwO12z6gTwO12MzAwtrV9IhJkq3+Nt/Xv8Da9gGRwzEgfcvBq3mMgY9nInHxyPbKc/8B19jWkXR8QMfaQEc/hNu5BujQg3XIVi+UybJ02+j0TpCsyiugYNSrFUGuphGi1Fll/F7dsLib6JpEyFWpN9EhDgSQatVZGf9ctbK4J90CmUqOJnlmnyliqpERMpgbITAeSyHv9FazFP6Y8zcqoxv70tRTuOUBFy/6RUUcdNRw5ksHGI0MfKueTmufJzvXVApymas4WFHGnTRbyfeBoquHzywpWPfQPGJV2zHVfU9ekYd0KFdyyYHHH8lDWSANUpNxfYXVcoOYLC4tz1pOjBUvdZ9R8IWVTrnEOpp+6c8Qkx7PorIXr3QZS1Te5VGeB5DWs0EUhVerQRt+gx+uedH/Pze+4eEtGyqoUNFFAbzNtNgmLlisAD7brZqwKI0ZdFOCmvaUHb/RSf0OAm3bzNZy6VJJjAI+Nax12ZKrpRk46Rds2cODVAxz8pIjSjSqcZw+ydfsxEje/wuvbCtBa6zFbQbY2yXfPW3+ErftOsPmVI2wddcOgwtlYxqEDrZjMr7AtT0bjwX0ccy3j2afWTt2pp1pL0RMyKo+9xHb5K2zL09JaUcq+Wlj2fMHcPA0UlU7+g9c5XnYEZbwSe5sT4z9uwQB4Gqr5MnDOf00Wq5zH+VOFBrnNhjZ/y+hjGTfymK2CirIjqOI1yFxdtNkTeLgw/4576kGYjSgSlmpoa2zjuicOzfWzXLarSF29jJgoBRrdIhQtPUwe9QAObnTZUWpSAzoOPdz87iK3ZCmsSvEtKtjb3IZNsojlCmDJIuTt3VyzJfoW/vZ0cLXLhUI73adL5j/eRxb/zR2dB+hyKSqQUXt0L68bSyg02qg/uI9TyHgiL22a32sil/nz//MNVokM0/EyTP40r3qsiIcyDXx5/I+Ua7RIbFa8ywsoUgHcpKaqedR836nZ8fzpeDktKg9dkiweCxz0p3mIwvxqKj76I2e1WqLpx9oFafn//Q5d80SYkZhk4hedxXK9G0OqY9plfeelOr4jmYwVvkU/e69145ApfWXNVPUAtRoFN2hvdxO3RAr00txmI0KxfJo3tjOI+45qXt95ELa9y+t5gaWYDVNpMduPXgNtNgVGM+X79/u3JZFXXERmqOW5s4GyPUdRbS4iTWWmcl8pZ1nG82vDszqOyrCa1cOvOrBecbE8NQE5kJmXSUWFyAOEyYwu65MdZs5etqNKXc2ymCgUGh2LFC30TFHYu9svcf47O4rkgEW/Q9g29b1B6FR5z7ItsZIDB8r9HX9WKnc9zb7GDJ59+3WeSoP6hhYgA6MWoIPq13dykG28+3pe6HXXEOK4pfp1DtSv5am8JGz1Zew65kJWUED2nLShT1H2xzRQ/WXgnP8aslY5Of6nCjRyGzZtPqNq9yK+BWHBEh0AC4xUKp1xB8B01w+QJG6E2P+F97/+aVRjpVdzFEnGRPPnS5Bl7MV9HqSdHwS8/wyujL3I1BOdRY4qLorIzk76PIGj9KNQLo4jZoJWUkm0Bl1UNx23nKM6ASLlGnTqib6fhGiNjqjuDm45R+2BXKNjwl1mSJ69jeerX6KoSEt2nhZrtYneovd53voO++vfDXh8OJ3it4t4/aWNlCVuIFfeSE1DEltLdwfMA1yA3LSd4hOZZFJPjbWAve+KpTHnXzeNTf3E378OoxpAjTHnkdEdMZFy1OoJLvBeO87YZO6N91VOl95r4PKnVm5x5035ElZRCSzVtNHYeh2POplE3S0uX/uGbyzRSAZdON0y4tPi8I32syK9Z2hkkX/35GSW9l3hyjdfExEBEIkyPhXfQxVRKORgu/4tda1SItwuvNLF/GDV0GpjESiiPNxo/BqrVMqgywWLEkidahHCSag2buP5A6c4cNB/k5BdwocvXmP7O/v4yQnfk02ytM3sLc72jeRztdLY2EjrBMdKL97P2+aX2HV0DzuPArI0Nr/9dghTCsjJLjnCbtcu9g3tSwzZz7/Pb4vDmR/oWLe1cPiVMjWfralO7DYvMpVyuLIQlf7omIVIlaQ/uhWj3YZXpkI5Qa1Ck1nIM5ke7LZ+vJJoVIEf0q1j5LSj0yAsMEONgeZuko16Yi98R0NdD3JZBN5+J6iXkYqv0e+qWztq1D4A3dfp8iwiKTnwIooiOXkpfVeu8M3XEb7BBZFK4lNTUAMolmGMv8jlxm+wRkTA4CCSmGSWJ0+/eju/8T7R4r/DKSFv94e8aN3OO/t2cgL//rv3UpIdjjvrVB7dljrJtkwKn8nEOS6eE8gtenT0RxNy2fKkHZtLgko5Pl1KQx5bisFpt+FCNu4z6YVbRxb7Ti9kq6jeLEBDjYGtXPesnKKsh+bzJqzSe0aNGo67J5muC9f59mvfdF+DKIhPS/E1tE9ZD1jC8mQbF777lq+bI4BBkGlJMU54ozGl6ce9jdbGRmS2sUdy0mL2z0tiNXHiUOB8JmsxPlVEpiq08tzWWEttzQlMlSfwJ4DNb79NWIv8YTrWFa4beanJpPCZVdht/RAt8gBhAoFlfWoy+tgLfNdQR49cRoS3HydqlvkKe+quutFmrw6YkK8T840ePETQd6ORr4enDVISf388/ZNuW0nylHnCdKRT9PwGDrx6kEPVRezNS6Jo79vUv7SLQzt/zCHflyT7xb1sTgJwYWttpHF80E8paBw7W6ivbqT6xAkqfSclJvtFPtwd3rX+dOu24qtZT1X2p/Po6Mo9yvRH2Wq0Y/PKRtfbh7aL+BaEBSmiv79/7NwowhxRKKbfADWW3W5nYGCAmJjpLnkPPT09SCSS6a0hcPn/Asu+0e9F/yfe7MkX9nWZ1iHrbwh4Jx3PkmqiJl07wEFXRw+jB+hHIlPp0Ey2EICtk7b+MYvMRCnQxk2+sK+ts43xu2iJC/dCAABOGzYXyFRBpvcAnDZ/wTnqeb8OKnYcwri/hEynDZtr7HZh/nRgqrxA7COrkF64Sos9En3KGpbFK3zX2o0z/KUpmqzF/VztgdhlaaQvVfueQnFc4FSVhcUPPcy9i73cqPuMb51pFITpCQCHwzeJVTjylrnnxm5z4I2QEh2jCK332W3H5hhAGh2DYtwOvuMNSKOJGb8RPA56+91EKlSjHhcODyc2mwvGxW0ou4aeN4R1X8BkMpEdbJ7UO9zd8B2+TzyOXvrdg0jCEIduuw3HwCT5x90Y72HY/26Jl7vle3w/TL+snzK2Z1MPmJVZxH1Ihw8W20PnF/EPd9d3uSv5y+BBiQJV+Avh0abME2bHd08+izJ7/BGDx7E/L5hpXnM3xMbd8B2+z4baI4S553K5gn8oCPEEwAKjVCppb29HJpNNazS/y+XC6XSyZMmS4B8O3K/7GLKIZ3An/BLUrdD0KtIpF/b9gkhHB4PSd3CnbIHuPyG5+Vuies/gZZJOA4cDzwBESOTExCrB3kOv04vH2Q/RE/cA2NweIBJpdAwxUje9vf24p1zY14ZvFynRMTFI3b309rvxePrwMnmnwYzJVSHP3ycPVsmYxrGEudJD46f1xKeuJE3bxeVvP6V5aS4bVqnB6cDT1c21pWtYo+2n8WINn1qyyc+OR6JIIzXezNe1ldyIAo9HTvJaw109/c/kpChV07wpkCqZfJcgx4tSEKOaq44R+cwbBGYTzyIvEBaYKEUM4QpDqVLFpBF/N8Z7OPYXhHk3/bJ+ytieTT1gVmYR9yEdPlhsz/H5BSGc5rQMHmPKPGF2gt6TT/+IweNYlPOCIMwj0QGwAMXFxdHe3o5eH8oidz5Wq5X4+PjpnchZR0TEa7iyCpAtAkiAJcdxnf93Ipq9kDq+GdN7+TtYfBLPav/6AEv+CRLX4Wr4EibpNHA4B5BExxKr8o+oVmuROWz02F04iB63iCheG17kqBar8U3dr2CxQkF/tw2n3YtvZdaxu3h9aw6o/esDKBajUPTTbXMyyS63nUqbeLuTIAyLRLtqPTkGCZCITgunqs5hXpWLMWUdjy7zIpH4LqKceDlnKs9xwRFPxq2v+fZWPA89mk28BLxtJqrOfE3rP+Yg/rrCfJPL5XR3d088XdUC0NXVhVwu7pIEIVRyuZyuri40mumuiXDnEHEvCDNzN8Q/iDxAEKay0ONcxLcgzC8xBdA8Cuc0HR6Ph/b2drRa7ZRPArhcLjo7O9HpdERFif4eQZi+DkyV9cjXP0LGcAi3YapsILZgHSu8DhwDChTDo1EcnP30M5yZBSxrruTrgfspyNYFHOscykc2sCoMo1cW1hRAwu3mcrm4dOnSgn1UUy6Xs2LFCnGjIAghcjqdXLp0CafTebuTMmMi7gVhZu6G+AeRBwjCVBZ6nIv4XvgW6n3lQiSmAPoei4qKIj4+ns7OThQKBRKJBKlUOrxIsMvlwuv1Dk/7MzQ6WRCE6dKRtNhN/bk2VmXHIwHslxpoky4mFXA0fsGnHUlsWLcCJeBtO0eLezGZOtD1xuC+asGODiWA3UKPW4p2jqfHFISJyGQy1qxZc7uTIQjCPJHL5WRkZNzuZAiCcBuI+BeEu5+Ic0EQpkM8ATCP5mqUbl9fHy6XC7fbTWRkJAMDA8NrBCiVyjk5pyB8r3jb+PYzE81uJTFSO73uxax5+IcYfa36mP/2OeeskSiVbuwOBYbs9dwbLxnZdktKjNJLb+8A2jUP80NjeOJSPAEgCIIgCIIgCIIgCMJ8E08AzJ9wPAEgOgDmkWikE4SFzW3vxu6VEzO0XkUAr8NGr1OCUq0ct5idbxvIY1QowvgwjugAEARBEARBEARBEARhvokOgPkjpgASBEGYR1KlmsmWT5UoVKgnaYefapsgCIIgCIIgCIIgCIIgzJXI250AQRAEQRAEQRAEQRAEQRAEQRDCT3QACIIgCMK88dBx6Rvqm7rCfNwOLn/zDZc6PGE+riAIs9bbzPlvLmJxhvvAIu4F4c40F2W9iHdBuKOFoax3Np+n7nwzveFLlSAIwjAxBZAgCIIQZtdwXQTZymWh7+L8G66rOchWhr5IgvfiKbz3bEAmn8N0eXvo6VtEbGyYFm/ovMoN+yIM92kA8NgsmG/YkC9dgUHl/4y7k2tXbnDL7gapksVLl7MsbmhlCQ82i5lrN3tweSXIYhNYZtSjitJhXHqLc63f0a1LmXSqKkGYMzOIYdfFU7ByA7KQ95ifvMXe0wOxsYRpuXaav7NC3Er0cgA3ndeucOOWHTdSlIsNpC7TEAV4bjbRaA2cS1WKyrACA81carbhDjysVIVhhUHEvXBbzUcMT7+sn0m67PjCPjxRP7asx2PDYr6BTb6UFf7C3t15jSs3buEr6hdjSF2GxpcR0NRoZVROoDKwwiDKeeEOcKfW12eSrp4e+hbFEp4q/piyftI49sW/x2bBfO0mPS4vElksemMqCTEgN/yAxWcvc92SyEq9aKoTBCG8xBMAgiAIQnhZviSq8zTTWabGa65Favscb+h74O17A8nV0PeYUbr6PDjcfdNI11Q8XG/rQ641EgdgaeDslXb6HX04hlv2Orl83oxNkcjKe+9lZaIC2w0zHf6tjuZGLt30ojNmcn+mEZ23neZW3zihKN09aKU2LO1hSawgTMv0Y9hCxK0/EHF9GieZl7ylH5fLidM+jZNMpfs6ne4Ylhp8C8F0N13EbFOQuPJe7l2pR9LVRGOzr4mgp6eHAaUBg2Hov0SWRAPRS0g0jLy/VDmAwxtBNCLuhdtpPmJ4BmX9TNLV78LldBKesB/Be33aAAANI0lEQVRT1mOh4ewV2vsd9A0V9t1NXDTbUCSu5N57V6KXdNHU2OxrLOzpoWdAGZAPGEhcEg2IeBduvzu2vj6DdPV5HLj7wlPDH1vWTxXHeCxcvnQTr85I5v2ZGHVeLJcbuOkBiGGZIQZ3xw3E0qqCIISb6AAQBEEQwsp18/8jcuAzIiyh7uHF23uMCNfXeEN9bNZ5hkjHt0j6zoRc2Z9Juvo8HvB6CM/9QQe9jmgWJ/tH9MQksTwjE03gEEVLGz3SJaw06lBERaHQGcnIXIEOABstXS5UhnT0ailI1ejTM1ltiPHvHEWyRk6/NeQvKAhhMoMYtpxG4v0rkmlcr/OSt/Q78QwM4nX1h5yuqdis/USqk/2jdbtot4FmmRGdIoooxRJW6BfhsI205kVKVKhUQ//FoIgCohTEDL8npavXwyJtsv8xXhH3wm0yHzE8g7J+Junqd3oYGPQSnrAfU9YTQ9LyDDIDCvsuX0aAUacgKkrBkhV6FjlsDOcEkZKAfEBFjGLoWCLehdvpzq2vzyRdvip+eAb5jC7r/SaL444uHEoty/VqpEhR65cTJ+vj1tBoH3UCiwZ7aLGFIWGCIAgBRAeAIAiCEEY3iXAcB44juRlqzf0rIh0NMHiMSHOI1fDmWqIGAUdtiJX9maTLjscD4METjh6ADhsOmZKEodcxKlRjn+51DxApjaa//RqXLp6nwXyT7uGnA9x4vTIUqk4sTQ2cv3iJ5g4Ho2YD1kUT5ewl3CsMCMLUph/DrvZTRAKR9lBH+c1P3uJwehgABjxOZt8W6KHTPkC0xj8iEA2p92WS8v+3dy+xbVxXAIZ/DjnUkNKID9O2ZFl+25IlBVIMON0HaLLJopsuGjTwogGCLrppuwi66ipZpA3aVYAUWQQNnBatiy5bBygMFF0kgV3ZlBnLUhy5pC1Zoh4MJXM4L3ahByWKosSHKNo5H6AFRzPUgeFzz517Z+7Vy59tuYAzx9R4gsT4FE8y1vaTMimWnA66Dm86JnkvDkBTcrjqWl9LXAZ52wVc7HwDZgBKaz0d6CXFPnxumBcqNwTMTY2TSIwz9SSzdfkvyXdxYFq1v15bXKtd/EY85FNa66mcx5YL3uCmtbh9tKsK7sYJOp2agyFJLoTYxZUrV3b8KceTy+UKTY7xO0vTtN1PEkKIPTKM1ZdDD7ptMR98gm/65yiVqon3XcwLP8F/CMDBTLyHb+H9CrPQhyj4f4c1/OrqmqH5Gcw7P8Wf/0+FP3IZJ/wRDHXhbUBcsxfGyl+j+NEjYQLVrhmaTDBqdDFyPlpyeBSja4Tz0dVzbs0ZKFqU7mMdFNIzzCyrdA/1cdS3wMToFFlU2g91c9S/wszMInb4NEMn1585SjNxO40+3E9XleEJsXc15PD8KNbkL1GtOxW+9wfYx97Dd2b1/3NT2pa1uBZPX63wRxR8AZ2oXsUi5AAsMDE6gzYyQG+5X1tzTCSSWNEBBno1kombzFrtHOnpIZB7zPScgXZikPOx4jDB3PgoM+rZksFDyXvRBM3I4RpqfT1xpc/vUOcBFB8BPUrVab9Drd/xOBZzEwmSVpSBgV60ZIKbsxbtR3roCeR4PD2HoZ1g8HxsbcBQ8l00y7PRX681rnL9fMWvEwkHqK6LX6bWV8rjMm3BwsQoM9oIA2tfYD8c4yvn5M4ThUK0iPXxCLH/TLP8Yw3lBvs//vjjsufKGwBCCCHq4j/zY5T+69jeY2V+eww3eB3z0nqnHcCLf+BtCmf/iOM5VOaayzjhf2C/9Gpxw7C2LvyX/4oZfpOy9weeN7FO/x3v+oDAvsS1dmMQq2HwvwoFNcq5gVMcDcfoOjdETyDH7P+K7wG3d1+krzdG+OhJ+vsiMD9N8RkpBXAp89ywEA1UQw4fGkH93jXM4A92+Mp3Mfs+2Biggya1LWtxBXw7dIkVH4HOSA2D/7tYTnHvbpJ86AwX1tYM7h0YZniwn96YTqy3j4s9GivTqeI6wHaK+RUfncdKBwQk70UTNCOHa6j19cS1c9oH6IzUMPhftWVS9+6SzIc4c6EXDaB3gOHhQfp7Y+ixXvou9qCtTJPaaAgk30WzPKv99RriQsGvR4hVPfi/g13zuDKfouC6DdqfQAjxXCsd7N9p8B9kAkAIIUQjHBrBd+nP2CVVpRD8E4VLI8UO+Cbe7lfxjvx+29qbTvhTvEMnUbdfgX/oHezomyXH38Acege1Z/sV9cRVWiCVtjCxcKBMXHsUUMFa2fU0jz9Ax6bPEc2H46zf6qu0hTYtJaC106ZsGgiws+QLKu21xihEFarP4RD+Sx9gBl/eelh5d/Xm/nCZ2+6mtC0h9GiEdp+n5LiPYCSKrtU6HNCJ32eRL3mN384+JDGZhtgFhk6FN5YBsA2bwqb09oXa8DrWxsakxqMlngbD9JS+9CV5L5qmGTlcQ62vMa5opJ3taR8kEtWpOe33WOuxszxMTJImxoWhU4SLDQH21oaANq+D9bR4neS7aKZW76/XH5dCWzhGOFBrD79Mrd8lj1136xSe5bpbPqcNE7UtXGM8QojvmvVB/0qD/yATAEIIIRrl23GUrf1XPPl45c21pu9ue9LGm09UvKaQ+3fJkS9QZipcUWNcJZfgOkZ9G4WFNfzmU55UOudwO/6VeZLLa5/tNN8smWh6FIgSDjhkkumNdf+Xk7NkvRobtwjzBramU7rAgBD7puocTuOx/rX1kPs5nsUKf6MpbYuF5ZY+F+hi720R8R340NsK5JaKj/zZ6Qd89fUSas8g/cc3T/UZPJpMMFFMftLJDE4gvJbPGVJLmzf/3UTyXjRVc3K46lpfS1yWxfa0t/e4d8AO9lLr7TQPvvqaJbWHwf7jWyb9jUeTJCaSFLsBSTJOgPB6gku+i4PQwv31+uNycYx6evjba33FPA5rqLklnqzPAVgpFldUtI3OvMGy4d30WQghdrfb4D/IBIAQQogGMWeuo/AyTvRLrBe/xGx7GZzP8FTYw8vM/A08b2B1xbH6rmOpl3fZKOxzFCNNQX0fs+8RZtf7OJ40vuUvd+zs1xwXCmqgk0hnAFWh/o3CfN10agZLT+ydz9FOcuqIwvz9UeJjY9y+k8LQT3BubaHfw2ePoxsp7tweYyw+yv15hSOnz7C6IIhNajGH1hGrI0ghqlN1Ds99jtc6htv2CeaLjzCjb+PustlfU9oWw8B2weNtQ49E0Nu8eBqwKWj0SAdkZ9YGARb4JrWI6Thkk3Fu3bq1+nMvBWicPHUEZf4+t27HiY/eIWXoHD+7tttvZo4VSjb/BSTvRdM1JYerr/W1xGUYNi4evG06kYhOm9cDrk1dab+HWr/wTYpF08HJJomvtwO37pECtJOnOKLMc//WbeLxUe6kDPTjZ1lNfcl3cTBaur9eY1yBzgidAZXVLv5KXQ/5bK31u+SxfoLesMV0fJT4WJzRO7O4h0+zsdx/JkXGDXBIlv8XQjSYbALcRAe9UacQ4vnSKpsAr3qC+d/P4PiPNr1q72BOfopifh/fwNHtl+RHse7OUuh7Bf/Gu+wWZuIPePxvoZ7b/v69M/kXCuZLFAY2vdq78hBz/AsY/GGZV4Rrj8t+4RWKbwNb5DJZ8kqIsF7H6qALE9x+5OXUC2cIVTrPNljOWSiaTrDMG8nW0yyGqxLo0IpPAy9McjtZoHf4vDwZKJqjhhw2Ex/h8b+Gcu7oxlN7ztwobmqWwouv4N92RXPaFiOzQE4J0qlrxbiMLN8+dQlEQ9TeyhokE/dYiQ7R37Xt2f0ybIzlHJaioZdL/lKS96LJmpHD1df62uLKLPhRgp2blvlyMLLf8tQNEA3V0bfaa62vwDaWyVkKmh4s/htIvouD0OL99brjsnJksnmUUJjau/jla33ZPC7+kuWcjS/Qgebb+j1ZvZ+B3la4vxOiMtkEuHl22gS4GjIB0ET7NUi3srKCaZpYloWiKLiui6qq+P1+2ttlhUghnletNQEg9sbmyfgYM+pphs/UOixQToYH8Smc7kHOx/YyyCiEaJrlKeKTBocv9tPV0E1FJe+FaE37Uesl34VoaQ2o9fmZe9xbaOfsQO+WpcGEaFUyAdA8MgHwjGn0IJ1t2ywuLqJpGl6vF1VVUVUVy7KwLAvHcTAMg2g0itfbkP3shRAtRCYAnlG2je3zbV/Hu1W/VwhRN9u28fn2ITsl74VoTfuRm5LvQrS0+mu9jW372I/ughD7QSYAmqcREwCyB8AzyrZt0uk0oVAIXdcJBoOo6uqLZaqqEgwG0XWdUCjE7Owstl1hzWnRWNk41371Fq+//jq/+O0/mSq3BuHjG1yLZ8tceo0bj/c/RCHEAdqvm3cZFBCiZe3L4P/qF0veC9GK9iM3Jd+FaGn113oZ/BdC7B+ZAHgGrQ/+d3V14fdvX9FyM7/fT3d3N+l0GsepZ2sbsTePufazD8lf+Q1Xr17l168t8+GHcbbNAczf5EaZmYH81A1uzjclUCGEEEIIIYQQQgghxHPu/7gKiE3Y2ITkAAAAAElFTkSuQmCC&#xD;
</Text>
      </RunInfo>
      <RunInfo computerName="USE2DEVP00496" outcome="Warning" timestamp="2022-08-03T19:37:01.5155472+05:30">
        <Text>path is: C:\BDDPracticeFramework\SnapDealTestProject&#xD;
Given I Open SnapDeal site&#xD;
-&gt; done: SnapDealStepDefinitions.GivenIOpenSnapDealSite() (4.3s)&#xD;
Then I verify search bar is displayed&#xD;
-&gt; done: SnapDealStepDefinitions.ThenIVerifySearchBarIsDisplayed() (1.2s)&#xD;
When I search for 'Perfumes'&#xD;
-&gt; done: SnapDealStepDefinitions.WhenISearchFor("Perfumes") (9.1s)&#xD;
Then I verify menu icon displayed&#xD;
-&gt; done: SnapDealStepDefinitions.ThenIVerifyMenuIconDisplayed() (0.1s)&#xD;
When I apply 'Price High To Low' SortBy filter&#xD;
-&gt; done: SnapDealStepDefinitions.WhenIApplySortByFilter(PriceHighToLow) (1.2s)&#xD;
Then I verify 'Price High To Low' SortBy filter is applied&#xD;
-&gt; done: SnapDealStepDefinitions.ThenIVerifySortByFilterIsApplied(PriceHighToLow) (0.0s)&#xD;
</Text>
      </RunInfo>
    </RunInfos>
  </ResultSummary>
</TestRun>