<?xml version="1.0" encoding="utf-8"?>
<TestRun id="c6d6cdfa-e99e-4885-a810-04fd9bb0f5c6" name="C278249@USE2DEVP00496 2022-07-27 11:58:39" runUser="EAD\C278249" xmlns="http://microsoft.com/schemas/VisualStudio/TeamTest/2010">
  <Times creation="2022-07-27T11:58:39.9743490+05:30" queuing="2022-07-27T11:58:39.9743490+05:30" start="2022-07-27T11:58:04.9569773+05:30" finish="2022-07-27T11:58:53.8615208+05:30" />
  <TestSettings name="default" id="433e563c-8a20-421f-bada-b879a737cfb8">
    <Deployment runDeploymentRoot="C278249_USE2DEVP00496_2022-07-27_11_58_39" />
  </TestSettings>
  <Results>
    <UnitTestResult executionId="050a07fe-60b7-4c48-a9a6-cb057788740f" testId="2a1227ee-0a5c-a262-1ccf-c7088f61db43" testName="Verify sort by filter options" computerName="USE2DEVP00496" duration="00:00:33.0243072" startTime="2022-07-27T11:58:06.9250401+05:30" endTime="2022-07-27T11:58:39.9493473+05:30" testType="13cdc9d9-ddb5-4fa4-a97d-d965ccfc6d4b" outcome="Passed" testListId="8c84fa94-04c1-424b-9868-57a2d4851a1d" relativeResultsDirectory="050a07fe-60b7-4c48-a9a6-cb057788740f">
      <Output>
        <StdOut>-&gt; -&gt; Loading plugin C:\BDDPracticeFramework\SnapDealTestProject\bin\Debug\net48\LivingDoc.SpecFlowPlugin.dll&#xD;
-&gt; -&gt; Loading plugin C:\BDDPracticeFramework\SnapDealTestProject\bin\Debug\net48\ReportPortal.SpecFlowPlugin.dll&#xD;
-&gt; -&gt; Loading plugin C:\BDDPracticeFramework\SnapDealTestProject\bin\Debug\net48\SpecRun.Runtime.SpecFlowPlugin.dll&#xD;
-&gt; -&gt; Loading plugin C:\BDDPracticeFramework\SnapDealTestProject\bin\Debug\net48\SnapDealTestProject.dll&#xD;
-&gt; -&gt; Using default config&#xD;
&#xD;
&#xD;
-&gt; path is: C:\BDDPracticeFramework\SnapDealTestProject&#xD;
&#xD;
Given I Open SnapDeal site&#xD;
-&gt; done: SnapDealStepDefinitions.GivenIOpenSnapDealSite() (5.5s)&#xD;
&#xD;
Then I verify search bar is displayed&#xD;
-&gt; done: SnapDealStepDefinitions.ThenIVerifySearchBarIsDisplayed() (0.4s)&#xD;
&#xD;
When I search for 'Perfumes'&#xD;
-&gt; done: SnapDealStepDefinitions.WhenISearchFor("Perfumes") (8.4s)&#xD;
&#xD;
Then I verify menu icon displayed&#xD;
-&gt; done: SnapDealStepDefinitions.ThenIVerifyMenuIconDisplayed() (0.1s)&#xD;
&#xD;
When I apply 'Price Low To High' SortBy filter&#xD;
-&gt; done: SnapDealStepDefinitions.WhenIApplySortByFilter(PriceLowToHigh) (0.6s)&#xD;
&#xD;
Then I verify 'Price Low To High' SortBy filter is applied&#xD;
-&gt; done: SnapDealStepDefinitions.ThenIVerifySortByFilterIsApplied(PriceLowToHigh) (0.0s)</StdOut>
      </Output>
    </UnitTestResult>
    <UnitTestResult executionId="1b2c89fe-822c-4e22-9827-ba176dce4036" testId="5aa3b06b-e2be-7749-d3da-14f08b01673d" testName="Verify SnapDeal home page has all neceesary icons" computerName="USE2DEVP00496" duration="00:00:11.1526132" startTime="2022-07-27T11:58:39.9523505+05:30" endTime="2022-07-27T11:58:51.1049637+05:30" testType="13cdc9d9-ddb5-4fa4-a97d-d965ccfc6d4b" outcome="Passed" testListId="8c84fa94-04c1-424b-9868-57a2d4851a1d" relativeResultsDirectory="1b2c89fe-822c-4e22-9827-ba176dce4036">
      <Output>
        <StdOut>-&gt; path is: C:\BDDPracticeFramework\SnapDealTestProject&#xD;
&#xD;
Given I Open SnapDeal site&#xD;
-&gt; done: SnapDealStepDefinitions.GivenIOpenSnapDealSite() (4.8s)&#xD;
&#xD;
Then I verify the icons displayed on the home page&#xD;
-&gt; done: SnapDealStepDefinitions.ThenIVerifyTheIconsDisplayedOnTheHomePage() (1.5s)</StdOut>
      </Output>
    </UnitTestResult>
  </Results>
  <TestDefinitions>
    <UnitTest name="Verify sort by filter options in SnapDeal" storage="c:\bddpracticeframework\snapdealtestproject\bin\debug\net48\snapdealtestproject.dll" id="2a1227ee-0a5c-a262-1ccf-c7088f61db43">
      <Execution id="050a07fe-60b7-4c48-a9a6-cb057788740f" />
      <TestMethod codeBase="C:\BDDPracticeFramework\SnapDealTestProject\bin\Debug\net48\SnapDealTestProject.dll" adapterTypeName="executor://specrun/executorV3.9.31" className="SnapDealTestProject.SnapDeal" name="#()::TestAssembly:SnapDealTestProject/Feature:SnapDeal/Scenario:Verify+sort+by+filter+options" />
    </UnitTest>
    <UnitTest name="Verify SnapDeal home page has all neceesary icons in SnapDeal" storage="c:\bddpracticeframework\snapdealtestproject\bin\debug\net48\snapdealtestproject.dll" id="5aa3b06b-e2be-7749-d3da-14f08b01673d">
      <Execution id="1b2c89fe-822c-4e22-9827-ba176dce4036" />
      <TestMethod codeBase="C:\BDDPracticeFramework\SnapDealTestProject\bin\Debug\net48\SnapDealTestProject.dll" adapterTypeName="executor://specrun/executorV3.9.31" className="SnapDealTestProject.SnapDeal" name="#()::TestAssembly:SnapDealTestProject/Feature:SnapDeal/Scenario:Verify+SnapDeal+home+page+has+all+neceesary+icons" />
    </UnitTest>
  </TestDefinitions>
  <TestEntries>
    <TestEntry testId="2a1227ee-0a5c-a262-1ccf-c7088f61db43" executionId="050a07fe-60b7-4c48-a9a6-cb057788740f" testListId="8c84fa94-04c1-424b-9868-57a2d4851a1d" />
    <TestEntry testId="5aa3b06b-e2be-7749-d3da-14f08b01673d" executionId="1b2c89fe-822c-4e22-9827-ba176dce4036" testListId="8c84fa94-04c1-424b-9868-57a2d4851a1d" />
  </TestEntries>
  <TestLists>
    <TestList name="Results Not in a List" id="8c84fa94-04c1-424b-9868-57a2d4851a1d" />
    <TestList name="All Loaded Results" id="19431567-8539-422a-85d7-44ee4e166bda" />
  </TestLists>
  <ResultSummary outcome="Completed">
    <Counters total="2" executed="2" passed="2" failed="0" error="0" timeout="0" aborted="0" inconclusive="0" passedButRunAborted="0" notRunnable="0" notExecuted="0" disconnected="0" warning="0" completed="0" inProgress="0" pending="0" />
    <Output>
      <StdOut>SpecFlow+Runner execution started&#xD;
SpecFlow+Runner 3.9.31 in Framework clr40 in x86 mode execution started&#xD;
TestAdapter Location: C:\BDDPracticeFramework\SnapDealTestProject\bin\Debug\net48\TechTalk.SpecRun.VisualStudio.TestAdapter.dll&#xD;
Current UserName: 'C278249', MachineName: 'USE2DEVP00496'&#xD;
SpecRun: running tests in C:\BDDPracticeFramework\SnapDealTestProject\bin\Debug\net48\SnapDealTestProject.dll&#xD;
Output folder configured to "C:\BDDPracticeFramework\SnapDealTestProject\TestResults" (default)&#xD;
Profile: &#xD;
Log file path: C:\BDDPracticeFramework\SnapDealTestProject\TestResults\Unnamed project__2022-07-27T115805.log&#xD;
Checking activation&#xD;
Activation check completed&#xD;
Starting test run&#xD;
Discovering target: Default&#xD;
Discovering tests from assembly: C:\BDDPracticeFramework\SnapDealTestProject\bin\Debug\net48\SnapDealTestProject.dll&#xD;
Discovered tests from assembly: C:\BDDPracticeFramework\SnapDealTestProject\bin\Debug\net48\SnapDealTestProject.dll&#xD;
Scenario: Verify sort by filter options in SnapDeal -&gt; Succeeded on thread #0&#xD;
Scenario: Verify SnapDeal home page has all neceesary icons in SnapDeal -&gt; Succeeded on thread #0&#xD;
test run finished&#xD;
publishing test results&#xD;
test results published&#xD;
generating reports&#xD;
Starting external report generation process&#xD;
Successfully generated reports.&#xD;
Successfully generated reports&#xD;
Result: all tests passed&#xD;
  Total: 2&#xD;
  Succeeded: 2&#xD;
  Ignored: 0&#xD;
  Pending: 0&#xD;
  Skipped: 0&#xD;
  Failed: 0&#xD;
&#xD;
  Execution Time: 00:00:45.4400234&#xD;
Report file: file:///C:/BDDPracticeFramework/SnapDealTestProject/TestResults/Unnamed%20project__2022-07-27T115805.html&#xD;
Adding attachments to VSTest&#xD;
adding Test Execution Report 'C:\BDDPracticeFramework\SnapDealTestProject\TestResults\Unnamed project__2022-07-27T115805.html'&#xD;
Log file: file:///C:/BDDPracticeFramework/SnapDealTestProject/TestResults/Unnamed%20project__2022-07-27T115805.log&#xD;
SpecFlow+Runner execution finished&#xD;
</StdOut>
    </Output>
    <ResultFiles>
      <ResultFile path="USE2DEVP00496\Unnamed project__2022-07-27T115805.log" />
      <ResultFile path="USE2DEVP00496\Unnamed project__2022-07-27T115805.html" />
    </ResultFiles>
  </ResultSummary>
</TestRun>