<?xml version="1.0" encoding="utf-8"?>
<TestRun id="2e8fd3d4-b4f2-480e-9db5-756c611ebdfd" name="USE2DEVP00496$@USE2DEVP00496 2022-08-03 19:05:18" runUser="NT AUTHORITY\SYSTEM" xmlns="http://microsoft.com/schemas/VisualStudio/TeamTest/2010">
  <Times creation="2022-08-03T19:05:18.6039866+05:30" queuing="2022-08-03T19:05:18.6039866+05:30" start="2022-08-03T19:05:17.9411584+05:30" finish="2022-08-03T19:05:18.6059846+05:30" />
  <TestSettings name="default" id="e7f0f94c-286d-4f11-846a-d4a6a9d7d6b4">
    <Deployment runDeploymentRoot="USE2DEVP00496$_USE2DEVP00496_2022-08-03_19_05_18" />
  </TestSettings>
  <TestLists>
    <TestList name="Results Not in a List" id="8c84fa94-04c1-424b-9868-57a2d4851a1d" />
    <TestList name="All Loaded Results" id="19431567-8539-422a-85d7-44ee4e166bda" />
  </TestLists>
  <ResultSummary outcome="Completed">
    <Counters total="0" executed="0" passed="0" failed="0" error="0" timeout="0" aborted="0" inconclusive="0" passedButRunAborted="0" notRunnable="0" notExecuted="0" disconnected="0" warning="0" completed="0" inProgress="0" pending="0" />
    <RunInfos>
      <RunInfo computerName="USE2DEVP00496" outcome="Warning" timestamp="2022-08-03T19:05:18.5889822+05:30">
        <Text>No test is available in C:\ProgramData\Jenkins\.jenkins\workspace\BDDSpecFlowFramework\.\SnapDealTestProject\bin\Debug\net48\SnapDealTestProject.dll. Make sure that test discoverer &amp; executors are registered and platform &amp; framework version settings are appropriate and try again.</Text>
      </RunInfo>
    </RunInfos>
  </ResultSummary>
</TestRun>